#
# A fatal error has been detected by the Java Runtime Environment:
#
#  SIGSEGV (0xb) at pc=0x00007fd9da634c27, pid=18405, tid=18411
#
# JRE version: OpenJDK Runtime Environment (11.0.7+10) (build 11.0.7+10-post-Ubuntu-2ubuntu218.04)
# Java VM: OpenJDK 64-Bit Server VM (11.0.7+10-post-Ubuntu-2ubuntu218.04, mixed mode, sharing, tiered, compressed oops, g1 gc, linux-amd64)
# Problematic frame:
# C  [libtesseract.so.4+0xa1c27]  tesseract::Tesseract::recog_all_words(PAGE_RES*, ETEXT_DESC*, TBOX const*, char const*, int)+0x437
#
# Core dump will be written. Default location: Core dumps may be processed with "/usr/share/apport/apport %p %s %c %d %P %E" (or dumping to /home/nakul/eclipse-workspace/selenium/core.18405)
#
# If you would like to submit a bug report, please visit:
#   https://bugs.launchpad.net/ubuntu/+source/openjdk-lts
# The crash happened outside the Java Virtual Machine in native code.
# See problematic frame for where to report the bug.
#

---------------  S U M M A R Y ------------

Command Line: -Dfile.encoding=UTF-8 selenium.NSP

Host: Intel(R) Core(TM) i5-2520M CPU @ 2.50GHz, 4 cores, 3G, Ubuntu 18.04.3 LTS
Time: Fri May 15 09:45:19 2020 IST elapsed time: 15 seconds (0d 0h 0m 15s)

---------------  T H R E A D  ---------------

Current thread (0x00007fda5c016800):  JavaThread "main" [_thread_in_native, id=18411, stack(0x00007fda6418f000,0x00007fda64290000)]

Stack: [0x00007fda6418f000,0x00007fda64290000],  sp=0x00007fda6428d660,  free space=1017k
Native frames: (J=compiled Java code, A=aot compiled Java code, j=interpreted, Vv=VM code, C=native code)
C  [libtesseract.so.4+0xa1c27]  tesseract::Tesseract::recog_all_words(PAGE_RES*, ETEXT_DESC*, TBOX const*, char const*, int)+0x437

Java frames: (J=compiled Java code, j=interpreted, Vv=VM code)
j  com.sun.jna.Native.invokePointer(JI[Ljava/lang/Object;)J+0
j  com.sun.jna.Function.invokePointer(I[Ljava/lang/Object;)Lcom/sun/jna/Pointer;+6
j  com.sun.jna.Function.invoke([Ljava/lang/Object;Ljava/lang/Class;Z)Ljava/lang/Object;+426
j  com.sun.jna.Function.invoke(Ljava/lang/Class;[Ljava/lang/Object;Ljava/util/Map;)Ljava/lang/Object;+262
j  com.sun.jna.Library$Handler.invoke(Ljava/lang/Object;Ljava/lang/reflect/Method;[Ljava/lang/Object;)Ljava/lang/Object;+316
j  com.sun.proxy.$Proxy0.TessBaseAPIGetUTF8Text(Lnet/sourceforge/tess4j/ITessAPI$TessBaseAPI;)Lcom/sun/jna/Pointer;+16
j  net.sourceforge.tess4j.Tesseract.getOCRText(Ljava/lang/String;I)Ljava/lang/String;+62
j  net.sourceforge.tess4j.Tesseract.doOCR(Ljava/util/List;Ljava/lang/String;Ljava/awt/Rectangle;)Ljava/lang/String;+62
j  net.sourceforge.tess4j.Tesseract.doOCR(Ljava/io/File;Ljava/awt/Rectangle;)Ljava/lang/String;+10
j  net.sourceforge.tess4j.Tesseract.doOCR(Ljava/io/File;)Ljava/lang/String;+3
j  selenium.NSP.enterinput()V+145
j  selenium.NSP.main([Ljava/lang/String;)V+13
v  ~StubRoutines::call_stub

siginfo: si_signo: 11 (SIGSEGV), si_code: 1 (SEGV_MAPERR), si_addr: 0x000000000000000c

Register to memory mapping:

RAX=0x0 is NULL
RBX=0x00007fda5c7d1c80 points into unknown readable memory: 88 0b aa da d9 7f 00 00
RCX=0x0 is NULL
RDX=0x00007fda5c7f3878 points into unknown readable memory: 00 00 00 00 00 00 00 00
RSP=0x00007fda6428d660 is pointing into the stack for thread: 0x00007fda5c016800
RBP=0x00007fda6428d6b0 is pointing into the stack for thread: 0x00007fda5c016800
RSI=0x0000000000000001 is an unknown value
RDI=0x00007fda6428d700 is pointing into the stack for thread: 0x00007fda5c016800
R8 =0x0 is NULL
R9 =0x0 is NULL
R10=0x00007fda5c0008d0 points into unknown readable memory: 00 00 00 01 03 00 02 06
R11=0x0 is NULL
R12=0x00007fda5c841640 points into unknown readable memory: 00 00 00 00 00 00 00 00
R13=0x0 is NULL
R14=0x0 is NULL
R15=0x00007fda5c841640 points into unknown readable memory: 00 00 00 00 00 00 00 00


Registers:
RAX=0x0000000000000000, RBX=0x00007fda5c7d1c80, RCX=0x0000000000000000, RDX=0x00007fda5c7f3878
RSP=0x00007fda6428d660, RBP=0x00007fda6428d6b0, RSI=0x0000000000000001, RDI=0x00007fda6428d700
R8 =0x0000000000000000, R9 =0x0000000000000000, R10=0x00007fda5c0008d0, R11=0x0000000000000000
R12=0x00007fda5c841640, R13=0x0000000000000000, R14=0x0000000000000000, R15=0x00007fda5c841640
RIP=0x00007fd9da634c27, EFLAGS=0x0000000000010246, CSGSFS=0x002b000000000033, ERR=0x0000000000000004
  TRAPNO=0x000000000000000e

Top of Stack: (sp=0x00007fda6428d660)
0x00007fda6428d660:   0000000000000000 0000000000000000
0x00007fda6428d670:   0000000000000000 00007fda5c846400
0x00007fda6428d680:   00007fda5c849390 00007fda5c840eb0
0x00007fda6428d690:   0000000000000001 00007fda6428d6c0 

Instructions: (pc=0x00007fd9da634c27)
0x00007fd9da634b27:   89 e6 48 89 df e8 af 87 ff ff 4c 89 e6 48 89 df
0x00007fd9da634b37:   e8 b4 8b ff ff 4c 89 e6 48 89 df e8 f9 72 ff ff
0x00007fd9da634b47:   4c 89 e6 48 89 df e8 7e 74 ff ff e9 a9 fd ff ff
0x00007fd9da634b57:   66 0f 1f 84 00 00 00 00 00 48 8b 40 10 7e 2a 8b
0x00007fd9da634b67:   38 85 ff 75 4c 48 83 c0 04 83 ea 01 48 8d 14 90
0x00007fd9da634b77:   eb 12 0f 1f 80 00 00 00 00 48 83 c0 04 8b 70 fc
0x00007fd9da634b87:   85 f6 75 2d 48 39 c2 75 f0 48 85 c9 74 1b 8b 41
0x00007fd9da634b97:   10 8d 50 ff 83 fa 02 76 10 83 e8 05 83 f8 03 77
0x00007fd9da634ba7:   10 0f 1f 84 00 00 00 00 00 48 89 ef e8 e8 2d 19
0x00007fd9da634bb7:   00 31 d2 31 f6 48 89 ef e8 2c f6 18 00 48 8b 44
0x00007fd9da634bc7:   24 70 48 85 c0 0f 84 8e fd ff ff 48 8b 94 24 80
0x00007fd9da634bd7:   00 00 00 31 c9 48 8b 52 08 48 85 d2 74 04 48 8b
0x00007fd9da634be7:   4a 08 48 8b 80 e8 00 00 00 48 85 c0 74 bb 8b 50
0x00007fd9da634bf7:   34 83 fa 00 74 b3 e9 5e ff ff ff 66 0f 1f 44 00
0x00007fd9da634c07:   00 31 f6 48 89 ef e8 ce f9 18 00 8b 83 a0 15 00
0x00007fd9da634c17:   00 85 c0 0f 8f c0 00 00 00 48 8b 83 40 0a 00 00
0x00007fd9da634c27:   80 78 0c 00 0f 85 a7 02 00 00 8b 83 58 47 02 00
0x00007fd9da634c37:   85 c0 0f 8e b1 00 00 00 31 d2 45 31 ff eb 2c 66
0x00007fd9da634c47:   2e 0f 1f 84 00 00 00 00 00 48 8b 8f 40 0a 00 00
0x00007fd9da634c57:   80 79 0c 00 0f 85 ff 01 00 00 41 83 c7 01 48 83
0x00007fd9da634c67:   c2 08 44 3b bb 58 47 02 00 7d 7e 48 8b 8b 60 47
0x00007fd9da634c77:   02 00 48 8b 3c 11 8b 87 a0 15 00 00 85 c0 7e c9
0x00007fd9da634c87:   48 89 54 24 10 e8 8f 46 0f 00 48 8b 54 24 10 eb
0x00007fd9da634c97:   c9 0f 1f 84 00 00 00 00 00 80 bb 72 30 02 00 00
0x00007fd9da634ca7:   0f 85 73 fc ff ff 8b b3 04 1d 02 00 4c 89 e2 4c
0x00007fd9da634cb7:   89 ff e8 32 d4 0b 00 31 f6 48 89 ef e8 18 f9 18
0x00007fd9da634cc7:   00 48 8b 44 24 70 48 85 c0 0f 85 fc fe ff ff e9
0x00007fd9da634cd7:   94 fc ff ff 0f 1f 44 00 00 48 89 df e8 38 46 0f
0x00007fd9da634ce7:   00 e9 44 ff ff ff 0f 1f 00 4c 8d 7c 24 30 be 04
0x00007fd9da634cf7:   00 00 00 48 c7 44 24 30 00 00 00 00 48 c7 44 24
0x00007fd9da634d07:   38 00 00 00 00 48 c7 44 24 40 00 00 00 00 4c 89
0x00007fd9da634d17:   ff 48 c7 44 24 48 00 00 00 00 e8 3a 19 00 00 48 


Stack slot to memory mapping:
stack at sp + 0 slots: 0x0 is NULL
stack at sp + 1 slots: 0x0 is NULL
stack at sp + 2 slots: 0x0 is NULL
stack at sp + 3 slots: 0x00007fda5c846400 points into unknown readable memory: 00 64 84 5c da 7f 00 00
stack at sp + 4 slots: 0x00007fda5c849390 points into unknown readable memory: 90 93 84 5c da 7f 00 00
stack at sp + 5 slots: 0x00007fda5c840eb0 points into unknown readable memory: b0 0e 84 5c da 7f 00 00
stack at sp + 6 slots: 0x0000000000000001 is an unknown value
stack at sp + 7 slots: 0x00007fda6428d6c0 is pointing into the stack for thread: 0x00007fda5c016800


---------------  P R O C E S S  ---------------

Threads class SMR info:
_java_thread_list=0x00007fda5c588b80, length=17, elements={
0x00007fda5c016800, 0x00007fda5c0be000, 0x00007fda5c0c0000, 0x00007fda5c0c5800,
0x00007fda5c0c8000, 0x00007fda5c0ca000, 0x00007fda5c0cc000, 0x00007fda5c0fb000,
0x00007fda5c0ff800, 0x00007fda5c3e8000, 0x00007fd9ec00d000, 0x00007fd9ec010800,
0x00007fd9ec011800, 0x00007fda5c44e800, 0x00007fda5c4b1800, 0x00007fda5c4b3000,
0x00007fda5c588000
}

Java Threads: ( => current thread )
=>0x00007fda5c016800 JavaThread "main" [_thread_in_native, id=18411, stack(0x00007fda6418f000,0x00007fda64290000)]
  0x00007fda5c0be000 JavaThread "Reference Handler" daemon [_thread_blocked, id=18420, stack(0x00007fda36f74000,0x00007fda37075000)]
  0x00007fda5c0c0000 JavaThread "Finalizer" daemon [_thread_blocked, id=18421, stack(0x00007fda36e73000,0x00007fda36f74000)]
  0x00007fda5c0c5800 JavaThread "Signal Dispatcher" daemon [_thread_blocked, id=18422, stack(0x00007fda363a3000,0x00007fda364a4000)]
  0x00007fda5c0c8000 JavaThread "C2 CompilerThread0" daemon [_thread_blocked, id=18423, stack(0x00007fda362a2000,0x00007fda363a3000)]
  0x00007fda5c0ca000 JavaThread "C1 CompilerThread0" daemon [_thread_blocked, id=18424, stack(0x00007fda361a1000,0x00007fda362a2000)]
  0x00007fda5c0cc000 JavaThread "Sweeper thread" daemon [_thread_blocked, id=18425, stack(0x00007fda360a0000,0x00007fda361a1000)]
  0x00007fda5c0fb000 JavaThread "Service Thread" daemon [_thread_blocked, id=18426, stack(0x00007fda35f9f000,0x00007fda360a0000)]
  0x00007fda5c0ff800 JavaThread "Common-Cleaner" daemon [_thread_blocked, id=18428, stack(0x00007fda35d9c000,0x00007fda35e9d000)]
  0x00007fda5c3e8000 JavaThread "Exec Default Executor" daemon [_thread_blocked, id=18432, stack(0x00007fda3513c000,0x00007fda3523d000)]
  0x00007fd9ec00d000 JavaThread "process reaper" daemon [_thread_in_native, id=18441, stack(0x00007fda4404e000,0x00007fda44070000)]
  0x00007fd9ec010800 JavaThread "Exec Stream Pumper" daemon [_thread_in_native, id=18442, stack(0x00007fda3503b000,0x00007fda3513c000)]
  0x00007fd9ec011800 JavaThread "Exec Stream Pumper" daemon [_thread_in_native, id=18443, stack(0x00007fda34f3a000,0x00007fda3503b000)]
  0x00007fda5c44e800 JavaThread "ForkJoinPool.commonPool-worker-3" daemon [_thread_blocked, id=18444, stack(0x00007fda34e39000,0x00007fda34f3a000)]
  0x00007fda5c4b1800 JavaThread "OkHttp ConnectionPool" daemon [_thread_blocked, id=18445, stack(0x00007fda34b38000,0x00007fda34c39000)]
  0x00007fda5c4b3000 JavaThread "Okio Watchdog" daemon [_thread_blocked, id=18446, stack(0x00007fda34a37000,0x00007fda34b38000)]
  0x00007fda5c588000 JavaThread "Java2D Disposer" daemon [_thread_blocked, id=18718, stack(0x00007fda35873000,0x00007fda35974000)]

Other Threads:
  0x00007fda5c0bb000 VMThread "VM Thread" [stack: 0x00007fda37077000,0x00007fda37177000] [id=18419]
  0x00007fda5c0fd000 WatcherThread [stack: 0x00007fda35e9f000,0x00007fda35f9f000] [id=18427]
  0x00007fda5c02f000 GCTaskThread "GC Thread#0" [stack: 0x00007fda6017a000,0x00007fda6027a000] [id=18413]
  0x00007fda28001000 GCTaskThread "GC Thread#1" [stack: 0x00007fda35341000,0x00007fda35441000] [id=18430]
  0x00007fda5c049800 ConcurrentGCThread "G1 Main Marker" [stack: 0x00007fda3e120000,0x00007fda3e220000] [id=18414]
  0x00007fda5c04b800 ConcurrentGCThread "G1 Conc#0" [stack: 0x00007fda3e01e000,0x00007fda3e11e000] [id=18415]
  0x00007fda5c08d000 ConcurrentGCThread "G1 Refine#0" [stack: 0x00007fda37afc000,0x00007fda37bfc000] [id=18417]
  0x00007fda2c001000 ConcurrentGCThread "G1 Refine#1" [stack: 0x00007fda3523f000,0x00007fda3533f000] [id=18431]
  0x00007fda5c08f000 ConcurrentGCThread "G1 Young RemSet Sampling" [stack: 0x00007fda379fa000,0x00007fda37afa000] [id=18418]

Threads with active compile tasks:

VM state:not at safepoint (normal execution)

VM Mutex/Monitor currently owned by a thread: None

Heap address: 0x00000000c4400000, size: 956 MB, Compressed Oops mode: 32-bit
Narrow klass base: 0x0000000800000000, Narrow klass shift: 3
Compressed class space size: 1073741824 Address: 0x0000000840000000

Heap:
 garbage-first heap   total 63488K, used 9212K [0x00000000c4400000, 0x0000000100000000)
  region size 1024K, 6 young (6144K), 3 survivors (3072K)
 Metaspace       used 14392K, capacity 14962K, committed 15104K, reserved 1062912K
  class space    used 1788K, capacity 2020K, committed 2048K, reserved 1048576K
Heap Regions: E=young(eden), S=young(survivor), O=old, HS=humongous(starts), HC=humongous(continues), CS=collection set, F=free, A=archive, TAMS=top-at-mark-start (previous, next)
|   0|0x00000000c4400000, 0x00000000c4500000, 0x00000000c4500000|100%| O|  |TAMS 0x00000000c4400000, 0x00000000c4400000| Untracked 
|   1|0x00000000c4500000, 0x00000000c4600000, 0x00000000c4600000|100%| O|  |TAMS 0x00000000c4500000, 0x00000000c4500000| Untracked 
|   2|0x00000000c4600000, 0x00000000c4700000, 0x00000000c4700000|100%| O|  |TAMS 0x00000000c4600000, 0x00000000c4600000| Untracked 
|   3|0x00000000c4700000, 0x00000000c4800000, 0x00000000c4800000|100%| O|  |TAMS 0x00000000c4700000, 0x00000000c4700000| Untracked 
|   4|0x00000000c4800000, 0x00000000c4800000, 0x00000000c4900000|  0%| F|  |TAMS 0x00000000c4800000, 0x00000000c4800000| Untracked 
|   5|0x00000000c4900000, 0x00000000c4900000, 0x00000000c4a00000|  0%| F|  |TAMS 0x00000000c4900000, 0x00000000c4900000| Untracked 
|   6|0x00000000c4a00000, 0x00000000c4a00000, 0x00000000c4b00000|  0%| F|  |TAMS 0x00000000c4a00000, 0x00000000c4a00000| Untracked 
|   7|0x00000000c4b00000, 0x00000000c4b00000, 0x00000000c4c00000|  0%| F|  |TAMS 0x00000000c4b00000, 0x00000000c4b00000| Untracked 
|   8|0x00000000c4c00000, 0x00000000c4c00000, 0x00000000c4d00000|  0%| F|  |TAMS 0x00000000c4c00000, 0x00000000c4c00000| Untracked 
|   9|0x00000000c4d00000, 0x00000000c4d00000, 0x00000000c4e00000|  0%| F|  |TAMS 0x00000000c4d00000, 0x00000000c4d00000| Untracked 
|  10|0x00000000c4e00000, 0x00000000c4e00000, 0x00000000c4f00000|  0%| F|  |TAMS 0x00000000c4e00000, 0x00000000c4e00000| Untracked 
|  11|0x00000000c4f00000, 0x00000000c4f00000, 0x00000000c5000000|  0%| F|  |TAMS 0x00000000c4f00000, 0x00000000c4f00000| Untracked 
|  12|0x00000000c5000000, 0x00000000c5000000, 0x00000000c5100000|  0%| F|  |TAMS 0x00000000c5000000, 0x00000000c5000000| Untracked 
|  13|0x00000000c5100000, 0x00000000c5100000, 0x00000000c5200000|  0%| F|  |TAMS 0x00000000c5100000, 0x00000000c5100000| Untracked 
|  14|0x00000000c5200000, 0x00000000c5200000, 0x00000000c5300000|  0%| F|  |TAMS 0x00000000c5200000, 0x00000000c5200000| Untracked 
|  15|0x00000000c5300000, 0x00000000c5300000, 0x00000000c5400000|  0%| F|  |TAMS 0x00000000c5300000, 0x00000000c5300000| Untracked 
|  16|0x00000000c5400000, 0x00000000c5400000, 0x00000000c5500000|  0%| F|  |TAMS 0x00000000c5400000, 0x00000000c5400000| Untracked 
|  17|0x00000000c5500000, 0x00000000c5500000, 0x00000000c5600000|  0%| F|  |TAMS 0x00000000c5500000, 0x00000000c5500000| Untracked 
|  18|0x00000000c5600000, 0x00000000c5600000, 0x00000000c5700000|  0%| F|  |TAMS 0x00000000c5600000, 0x00000000c5600000| Untracked 
|  19|0x00000000c5700000, 0x00000000c5700000, 0x00000000c5800000|  0%| F|  |TAMS 0x00000000c5700000, 0x00000000c5700000| Untracked 
|  20|0x00000000c5800000, 0x00000000c5800000, 0x00000000c5900000|  0%| F|  |TAMS 0x00000000c5800000, 0x00000000c5800000| Untracked 
|  21|0x00000000c5900000, 0x00000000c5900000, 0x00000000c5a00000|  0%| F|  |TAMS 0x00000000c5900000, 0x00000000c5900000| Untracked 
|  22|0x00000000c5a00000, 0x00000000c5a00000, 0x00000000c5b00000|  0%| F|  |TAMS 0x00000000c5a00000, 0x00000000c5a00000| Untracked 
|  23|0x00000000c5b00000, 0x00000000c5b00000, 0x00000000c5c00000|  0%| F|  |TAMS 0x00000000c5b00000, 0x00000000c5b00000| Untracked 
|  24|0x00000000c5c00000, 0x00000000c5c00000, 0x00000000c5d00000|  0%| F|  |TAMS 0x00000000c5c00000, 0x00000000c5c00000| Untracked 
|  25|0x00000000c5d00000, 0x00000000c5d00000, 0x00000000c5e00000|  0%| F|  |TAMS 0x00000000c5d00000, 0x00000000c5d00000| Untracked 
|  26|0x00000000c5e00000, 0x00000000c5e00000, 0x00000000c5f00000|  0%| F|  |TAMS 0x00000000c5e00000, 0x00000000c5e00000| Untracked 
|  27|0x00000000c5f00000, 0x00000000c5f00000, 0x00000000c6000000|  0%| F|  |TAMS 0x00000000c5f00000, 0x00000000c5f00000| Untracked 
|  28|0x00000000c6000000, 0x00000000c6000000, 0x00000000c6100000|  0%| F|  |TAMS 0x00000000c6000000, 0x00000000c6000000| Untracked 
|  29|0x00000000c6100000, 0x00000000c6100000, 0x00000000c6200000|  0%| F|  |TAMS 0x00000000c6100000, 0x00000000c6100000| Untracked 
|  30|0x00000000c6200000, 0x00000000c6200000, 0x00000000c6300000|  0%| F|  |TAMS 0x00000000c6200000, 0x00000000c6200000| Untracked 
|  31|0x00000000c6300000, 0x00000000c6300000, 0x00000000c6400000|  0%| F|  |TAMS 0x00000000c6300000, 0x00000000c6300000| Untracked 
|  32|0x00000000c6400000, 0x00000000c6400000, 0x00000000c6500000|  0%| F|  |TAMS 0x00000000c6400000, 0x00000000c6400000| Untracked 
|  33|0x00000000c6500000, 0x00000000c6500000, 0x00000000c6600000|  0%| F|  |TAMS 0x00000000c6500000, 0x00000000c6500000| Untracked 
|  34|0x00000000c6600000, 0x00000000c6600000, 0x00000000c6700000|  0%| F|  |TAMS 0x00000000c6600000, 0x00000000c6600000| Untracked 
|  35|0x00000000c6700000, 0x00000000c6700000, 0x00000000c6800000|  0%| F|  |TAMS 0x00000000c6700000, 0x00000000c6700000| Untracked 
|  36|0x00000000c6800000, 0x00000000c6800000, 0x00000000c6900000|  0%| F|  |TAMS 0x00000000c6800000, 0x00000000c6800000| Untracked 
|  37|0x00000000c6900000, 0x00000000c694e3e0, 0x00000000c6a00000| 30%| S|CS|TAMS 0x00000000c6900000, 0x00000000c6900000| Complete 
|  38|0x00000000c6a00000, 0x00000000c6b00000, 0x00000000c6b00000|100%| S|CS|TAMS 0x00000000c6a00000, 0x00000000c6a00000| Complete 
|  39|0x00000000c6b00000, 0x00000000c6c00000, 0x00000000c6c00000|100%| S|CS|TAMS 0x00000000c6b00000, 0x00000000c6b00000| Complete 
|  40|0x00000000c6c00000, 0x00000000c6c00000, 0x00000000c6d00000|  0%| F|  |TAMS 0x00000000c6c00000, 0x00000000c6c00000| Untracked 
|  41|0x00000000c6d00000, 0x00000000c6d00000, 0x00000000c6e00000|  0%| F|  |TAMS 0x00000000c6d00000, 0x00000000c6d00000| Untracked 
|  42|0x00000000c6e00000, 0x00000000c6e00000, 0x00000000c6f00000|  0%| F|  |TAMS 0x00000000c6e00000, 0x00000000c6e00000| Untracked 
|  43|0x00000000c6f00000, 0x00000000c6f00000, 0x00000000c7000000|  0%| F|  |TAMS 0x00000000c6f00000, 0x00000000c6f00000| Untracked 
|  44|0x00000000c7000000, 0x00000000c7000000, 0x00000000c7100000|  0%| F|  |TAMS 0x00000000c7000000, 0x00000000c7000000| Untracked 
|  45|0x00000000c7100000, 0x00000000c7100000, 0x00000000c7200000|  0%| F|  |TAMS 0x00000000c7100000, 0x00000000c7100000| Untracked 
|  46|0x00000000c7200000, 0x00000000c7200000, 0x00000000c7300000|  0%| F|  |TAMS 0x00000000c7200000, 0x00000000c7200000| Untracked 
|  47|0x00000000c7300000, 0x00000000c7300000, 0x00000000c7400000|  0%| F|  |TAMS 0x00000000c7300000, 0x00000000c7300000| Untracked 
|  48|0x00000000c7400000, 0x00000000c7400000, 0x00000000c7500000|  0%| F|  |TAMS 0x00000000c7400000, 0x00000000c7400000| Untracked 
|  49|0x00000000c7500000, 0x00000000c7500000, 0x00000000c7600000|  0%| F|  |TAMS 0x00000000c7500000, 0x00000000c7500000| Untracked 
|  50|0x00000000c7600000, 0x00000000c7600000, 0x00000000c7700000|  0%| F|  |TAMS 0x00000000c7600000, 0x00000000c7600000| Untracked 
|  51|0x00000000c7700000, 0x00000000c7700000, 0x00000000c7800000|  0%| F|  |TAMS 0x00000000c7700000, 0x00000000c7700000| Untracked 
|  52|0x00000000c7800000, 0x00000000c7800000, 0x00000000c7900000|  0%| F|  |TAMS 0x00000000c7800000, 0x00000000c7800000| Untracked 
|  53|0x00000000c7900000, 0x00000000c7900000, 0x00000000c7a00000|  0%| F|  |TAMS 0x00000000c7900000, 0x00000000c7900000| Untracked 
|  54|0x00000000c7a00000, 0x00000000c7a00000, 0x00000000c7b00000|  0%| F|  |TAMS 0x00000000c7a00000, 0x00000000c7a00000| Untracked 
|  55|0x00000000c7b00000, 0x00000000c7b00000, 0x00000000c7c00000|  0%| F|  |TAMS 0x00000000c7b00000, 0x00000000c7b00000| Untracked 
|  56|0x00000000c7c00000, 0x00000000c7c00000, 0x00000000c7d00000|  0%| F|  |TAMS 0x00000000c7c00000, 0x00000000c7c00000| Untracked 
|  57|0x00000000c7d00000, 0x00000000c7ddbc48, 0x00000000c7e00000| 85%| E|  |TAMS 0x00000000c7d00000, 0x00000000c7d00000| Complete 
|  58|0x00000000c7e00000, 0x00000000c7f00000, 0x00000000c7f00000|100%| E|CS|TAMS 0x00000000c7e00000, 0x00000000c7e00000| Complete 
|  59|0x00000000c7f00000, 0x00000000c8000000, 0x00000000c8000000|100%| E|CS|TAMS 0x00000000c7f00000, 0x00000000c7f00000| Complete 
| 954|0x00000000ffe00000, 0x00000000ffe47000, 0x00000000fff00000| 27%|OA|  |TAMS 0x00000000ffe00000, 0x00000000ffe00000| Untracked 
| 955|0x00000000fff00000, 0x00000000fff6a000, 0x0000000100000000| 41%|CA|  |TAMS 0x00000000fff00000, 0x00000000fff00000| Untracked 

Card table byte_map: [0x00007fda4424e000,0x00007fda4442c000] _byte_map_base: 0x00007fda43c2c000

Marking Bits (Prev, Next): (CMBitMap*) 0x00007fda5c045008, (CMBitMap*) 0x00007fda5c045040
 Prev Bits: [0x00007fda3f110000, 0x00007fda40000000)
 Next Bits: [0x00007fda3e220000, 0x00007fda3f110000)

Polling page: 0x00007fda642af000

Metaspace:

Usage:
  Non-class:     12.64 MB capacity,    12.31 MB ( 97%) used,   284.36 KB (  2%) free+waste,    53.25 KB ( <1%) overhead. 
      Class:      1.97 MB capacity,     1.75 MB ( 89%) used,   203.69 KB ( 10%) free+waste,    27.94 KB (  1%) overhead. 
       Both:     14.61 MB capacity,    14.06 MB ( 96%) used,   488.05 KB (  3%) free+waste,    81.19 KB ( <1%) overhead. 

Virtual space:
  Non-class space:       14.00 MB reserved,      12.75 MB ( 91%) committed 
      Class space:        1.00 GB reserved,       2.00 MB ( <1%) committed 
             Both:        1.01 GB reserved,      14.75 MB (  1%) committed 

Chunk freelists:
   Non-Class:  94.00 KB
       Class:  28.00 KB
        Both:  122.00 KB

MaxMetaspaceSize: unlimited
CompressedClassSpaceSize: 1.00 GB

CodeHeap 'non-profiled nmethods': size=120032Kb used=598Kb max_used=598Kb free=119433Kb
 bounds [0x00007fda4c3d5000, 0x00007fda4c645000, 0x00007fda5390d000]
CodeHeap 'profiled nmethods': size=120032Kb used=3671Kb max_used=3671Kb free=116361Kb
 bounds [0x00007fda44e9d000, 0x00007fda4523d000, 0x00007fda4c3d5000]
CodeHeap 'non-nmethods': size=5696Kb used=1168Kb max_used=1184Kb free=4527Kb
 bounds [0x00007fda4490d000, 0x00007fda44b7d000, 0x00007fda44e9d000]
 total_blobs=2778 nmethods=1831 adapters=426
 compilation: enabled
              stopped_count=0, restarted_count=0
 full_count=0

Compilation events (20 events):
Event: 14.607 Thread 0x00007fda5c0ca000 nmethod 1821 0x00007fda4522fa90 code [0x00007fda4522fc60, 0x00007fda4522fef0]
Event: 14.607 Thread 0x00007fda5c0ca000 1823       3       java.lang.Integer::compare (20 bytes)
Event: 14.607 Thread 0x00007fda5c0ca000 nmethod 1823 0x00007fda45230010 code [0x00007fda452301c0, 0x00007fda452303b0]
Event: 14.612 Thread 0x00007fda5c0ca000 1824       3       javax.imageio.stream.ImageInputStreamImpl::checkClosed (18 bytes)
Event: 14.613 Thread 0x00007fda5c0ca000 nmethod 1824 0x00007fda45230410 code [0x00007fda452305e0, 0x00007fda45230868]
Event: 14.618 Thread 0x00007fda5c0c8000 nmethod 1819 0x00007fda4c469410 code [0x00007fda4c4695e0, 0x00007fda4c469cb8]
Event: 14.636 Thread 0x00007fda5c0ca000 1825       1       javax.imageio.plugins.tiff.TIFFTag::getNumber (5 bytes)
Event: 14.636 Thread 0x00007fda5c0ca000 nmethod 1825 0x00007fda4c46a110 code [0x00007fda4c46a2c0, 0x00007fda4c46a3f0]
Event: 14.637 Thread 0x00007fda5c0ca000 1826       1       javax.imageio.plugins.tiff.TIFFTag::getName (5 bytes)
Event: 14.637 Thread 0x00007fda5c0ca000 nmethod 1826 0x00007fda4c46a490 code [0x00007fda4c46a640, 0x00007fda4c46a770]
Event: 14.675 Thread 0x00007fda5c0ca000 1827       1       java.awt.image.SampleModel::getNumBands (5 bytes)
Event: 14.675 Thread 0x00007fda5c0ca000 nmethod 1827 0x00007fda4c46a810 code [0x00007fda4c46a9c0, 0x00007fda4c46aaf0]
Event: 14.688 Thread 0x00007fda5c0ca000 1828       3       java.lang.Math::max (12 bytes)
Event: 14.688 Thread 0x00007fda5c0ca000 nmethod 1828 0x00007fda45230910 code [0x00007fda45230ac0, 0x00007fda45230c50]
Event: 14.688 Thread 0x00007fda5c0ca000 1829       3       java.lang.Math::min (12 bytes)
Event: 14.688 Thread 0x00007fda5c0ca000 nmethod 1829 0x00007fda45230d10 code [0x00007fda45230ec0, 0x00007fda45231050]
Event: 14.690 Thread 0x00007fda5c0ca000 1830       3       java.lang.PublicMethods$MethodList::filter (104 bytes)
Event: 14.692 Thread 0x00007fda5c0ca000 nmethod 1830 0x00007fda45231110 code [0x00007fda45231380, 0x00007fda45231f78]
Event: 14.692 Thread 0x00007fda5c0ca000 1831       3       java.lang.reflect.Method::copy (84 bytes)
Event: 14.692 Thread 0x00007fda5c0ca000 nmethod 1831 0x00007fda45232490 code [0x00007fda45232660, 0x00007fda45232ad8]

GC Heap History (6 events):
Event: 0.723 GC heap before
{Heap before GC invocations=0 (full 0):
 garbage-first heap   total 63488K, used 14020K [0x00000000c4400000, 0x0000000100000000)
  region size 1024K, 14 young (14336K), 0 survivors (0K)
 Metaspace       used 5344K, capacity 6087K, committed 6400K, reserved 1056768K
  class space    used 601K, capacity 691K, committed 768K, reserved 1048576K
}
Event: 0.739 GC heap after
{Heap after GC invocations=1 (full 0):
 garbage-first heap   total 63488K, used 4672K [0x00000000c4400000, 0x0000000100000000)
  region size 1024K, 2 young (2048K), 2 survivors (2048K)
 Metaspace       used 5344K, capacity 6087K, committed 6400K, reserved 1056768K
  class space    used 601K, capacity 691K, committed 768K, reserved 1048576K
}
Event: 0.955 GC heap before
{Heap before GC invocations=1 (full 0):
 garbage-first heap   total 63488K, used 11840K [0x00000000c4400000, 0x0000000100000000)
  region size 1024K, 9 young (9216K), 2 survivors (2048K)
 Metaspace       used 7396K, capacity 7760K, committed 7936K, reserved 1056768K
  class space    used 881K, capacity 1016K, committed 1024K, reserved 1048576K
}
Event: 0.965 GC heap after
{Heap after GC invocations=2 (full 0):
 garbage-first heap   total 63488K, used 5532K [0x00000000c4400000, 0x0000000100000000)
  region size 1024K, 1 young (1024K), 1 survivors (1024K)
 Metaspace       used 7396K, capacity 7760K, committed 7936K, reserved 1056768K
  class space    used 881K, capacity 1016K, committed 1024K, reserved 1048576K
}
Event: 14.458 GC heap before
{Heap before GC invocations=2 (full 0):
 garbage-first heap   total 63488K, used 24988K [0x00000000c4400000, 0x0000000100000000)
  region size 1024K, 20 young (20480K), 1 survivors (1024K)
 Metaspace       used 13262K, capacity 13891K, committed 14080K, reserved 1060864K
  class space    used 1570K, capacity 1792K, committed 1792K, reserved 1048576K
}
Event: 14.466 GC heap after
{Heap after GC invocations=3 (full 0):
 garbage-first heap   total 63488K, used 7164K [0x00000000c4400000, 0x0000000100000000)
  region size 1024K, 3 young (3072K), 3 survivors (3072K)
 Metaspace       used 13262K, capacity 13891K, committed 14080K, reserved 1060864K
  class space    used 1570K, capacity 1792K, committed 1792K, reserved 1048576K
}

Deoptimization events (20 events):
Event: 14.455 Thread 0x00007fda5c016800 Uncommon trap: trap_request=0xffffffde fr.pc=0x00007fda4c4121a0 relative=0x0000000000000d80
Event: 14.455 Thread 0x00007fda5c016800 Uncommon trap: reason=class_check action=maybe_recompile pc=0x00007fda4c4121a0 method=java.util.HashMap.putVal(ILjava/lang/Object;Ljava/lang/Object;ZZ)Ljava/lang/Object; @ 91 c2
Event: 14.455 Thread 0x00007fda5c016800 DEOPT PACKING pc=0x00007fda4c4121a0 sp=0x00007fda6428d590
Event: 14.455 Thread 0x00007fda5c016800 DEOPT UNPACKING pc=0x00007fda449359a5 sp=0x00007fda6428d530 mode 2
Event: 14.455 Thread 0x00007fda5c016800 Uncommon trap: trap_request=0xffffffde fr.pc=0x00007fda4c4121a0 relative=0x0000000000000d80
Event: 14.455 Thread 0x00007fda5c016800 Uncommon trap: reason=class_check action=maybe_recompile pc=0x00007fda4c4121a0 method=java.util.HashMap.putVal(ILjava/lang/Object;Ljava/lang/Object;ZZ)Ljava/lang/Object; @ 91 c2
Event: 14.455 Thread 0x00007fda5c016800 DEOPT PACKING pc=0x00007fda4c4121a0 sp=0x00007fda6428d580
Event: 14.455 Thread 0x00007fda5c016800 DEOPT UNPACKING pc=0x00007fda449359a5 sp=0x00007fda6428d520 mode 2
Event: 14.456 Thread 0x00007fda5c016800 Uncommon trap: trap_request=0xffffffde fr.pc=0x00007fda4c4121a0 relative=0x0000000000000d80
Event: 14.456 Thread 0x00007fda5c016800 Uncommon trap: reason=class_check action=maybe_recompile pc=0x00007fda4c4121a0 method=java.util.HashMap.putVal(ILjava/lang/Object;Ljava/lang/Object;ZZ)Ljava/lang/Object; @ 91 c2
Event: 14.456 Thread 0x00007fda5c016800 DEOPT PACKING pc=0x00007fda4c4121a0 sp=0x00007fda6428d5a0
Event: 14.456 Thread 0x00007fda5c016800 DEOPT UNPACKING pc=0x00007fda449359a5 sp=0x00007fda6428d540 mode 2
Event: 14.456 Thread 0x00007fda5c016800 Uncommon trap: trap_request=0xffffffde fr.pc=0x00007fda4c4121a0 relative=0x0000000000000d80
Event: 14.456 Thread 0x00007fda5c016800 Uncommon trap: reason=class_check action=maybe_recompile pc=0x00007fda4c4121a0 method=java.util.HashMap.putVal(ILjava/lang/Object;Ljava/lang/Object;ZZ)Ljava/lang/Object; @ 91 c2
Event: 14.456 Thread 0x00007fda5c016800 DEOPT PACKING pc=0x00007fda4c4121a0 sp=0x00007fda6428d5a0
Event: 14.456 Thread 0x00007fda5c016800 DEOPT UNPACKING pc=0x00007fda449359a5 sp=0x00007fda6428d540 mode 2
Event: 14.535 Thread 0x00007fda5c016800 DEOPT PACKING pc=0x00007fda452165a0 sp=0x00007fda6428b560
Event: 14.535 Thread 0x00007fda5c016800 DEOPT UNPACKING pc=0x00007fda449357ba sp=0x00007fda6428aa98 mode 0
Event: 14.598 Thread 0x00007fda5c016800 DEOPT PACKING pc=0x00007fda452165a0 sp=0x00007fda6428d780
Event: 14.598 Thread 0x00007fda5c016800 DEOPT UNPACKING pc=0x00007fda449357ba sp=0x00007fda6428ccb8 mode 0

Classes redefined (0 events):
No events

Internal exceptions (20 events):
Event: 13.761 Thread 0x00007fda5c016800 Exception <a 'java/net/SocketTimeoutException'{0x00000000c76a3640}: Read timed out> (0x00000000c76a3640) thrown at [./src/hotspot/share/prims/jni.cpp, line 636]
Event: 13.800 Thread 0x00007fda5c016800 Exception <a 'java/net/SocketTimeoutException'{0x00000000c75c3868}: Read timed out> (0x00000000c75c3868) thrown at [./src/hotspot/share/prims/jni.cpp, line 636]
Event: 13.817 Thread 0x00007fda5c016800 Exception <a 'java/net/SocketTimeoutException'{0x00000000c75d9f50}: Read timed out> (0x00000000c75d9f50) thrown at [./src/hotspot/share/prims/jni.cpp, line 636]
Event: 13.843 Thread 0x00007fda5c016800 Exception <a 'java/net/SocketTimeoutException'{0x00000000c7427378}: Read timed out> (0x00000000c7427378) thrown at [./src/hotspot/share/prims/jni.cpp, line 636]
Event: 14.073 Thread 0x00007fda5c016800 Exception <a 'java/net/SocketTimeoutException'{0x00000000c7437e50}: Read timed out> (0x00000000c7437e50) thrown at [./src/hotspot/share/prims/jni.cpp, line 636]
Event: 14.087 Thread 0x00007fda5c016800 Exception <a 'java/net/SocketTimeoutException'{0x00000000c74640c0}: Read timed out> (0x00000000c74640c0) thrown at [./src/hotspot/share/prims/jni.cpp, line 636]
Event: 14.117 Thread 0x00007fda5c016800 Exception <a 'java/net/SocketTimeoutException'{0x00000000c7474910}: Read timed out> (0x00000000c7474910) thrown at [./src/hotspot/share/prims/jni.cpp, line 636]
Event: 14.128 Thread 0x00007fda5c016800 Exception <a 'java/net/SocketTimeoutException'{0x00000000c748e698}: Read timed out> (0x00000000c748e698) thrown at [./src/hotspot/share/prims/jni.cpp, line 636]
Event: 14.155 Thread 0x00007fda5c016800 Exception <a 'java/net/SocketTimeoutException'{0x00000000c749f060}: Read timed out> (0x00000000c749f060) thrown at [./src/hotspot/share/prims/jni.cpp, line 636]
Event: 14.240 Thread 0x00007fda5c016800 Exception <a 'java/lang/ClassNotFoundException'{0x00000000c7259840}: javax/smartcardio/CardPermission> (0x00000000c7259840) thrown at [./src/hotspot/share/classfile/systemDictionary.cpp, line 231]
Event: 14.243 Thread 0x00007fda5c016800 Exception <a 'java/io/FileNotFoundException'{0x00000000c7286410}> (0x00000000c7286410) thrown at [./src/hotspot/share/prims/jni.cpp, line 615]
Event: 14.299 Thread 0x00007fda5c016800 Exception <a 'java/lang/ClassNotFoundException'{0x00000000c71e6218}: sun/awt/resources/spi/awtProvider> (0x00000000c71e6218) thrown at [./src/hotspot/share/classfile/systemDictionary.cpp, line 231]
Event: 14.313 Thread 0x00007fda5c016800 Exception <a 'java/io/FileNotFoundException'{0x00000000c702b758}> (0x00000000c702b758) thrown at [./src/hotspot/share/prims/jni.cpp, line 615]
Event: 14.325 Thread 0x00007fda5c016800 Exception <a 'java/lang/NoSuchMethodError'{0x00000000c70862b0}: 'java.lang.Object java.lang.invoke.DirectMethodHandle$Holder.invokeStatic(java.lang.Object, java.lang.Object, java.lang.Object, java.lang.Object, java.lang.Object, java.lang.Object, java.lang.Object, java.lang.Object, java.lang.Object, java.lang.Object, java.lang.Object, java.lang.Object, java.lang.Object, java.lang.Object, java.lang.Object)'> (0x00000000c70862b0) thrown at [./src/hotspot/share/interpreter/linkResolver.cpp, line 773]
Event: 14.327 Thread 0x00007fda5c016800 Exception <a 'java/lang/NoSuchMethodError'{0x00000000c7093e60}: 'java.lang.Object java.lang.invoke.DirectMethodHandle$Holder.invokeStatic(java.lang.Object, java.lang.Object, java.lang.Object, java.lang.Object, java.lang.Object, java.lang.Object, java.lang.Object, java.lang.Object, java.lang.Object, java.lang.Object, java.lang.Object, java.lang.Object, java.lang.Object, java.lang.Object, java.lang.Object, java.lang.Object)'> (0x00000000c7093e60) thrown at [./src/hotspot/share/interpreter/linkResolver.cpp, l
Event: 14.329 Thread 0x00007fda5c016800 Exception <a 'java/lang/NoSuchMethodError'{0x00000000c70a1ad0}: 'java.lang.Object java.lang.invoke.DirectMethodHandle$Holder.invokeSpecial(java.lang.Object, java.lang.Object, int, int, java.lang.Object, java.lang.Object, java.lang.Object)'> (0x00000000c70a1ad0) thrown at [./src/hotspot/share/interpreter/linkResolver.cpp, line 773]
Event: 14.330 Thread 0x00007fda5c016800 Exception <a 'java/lang/NoSuchMethodError'{0x00000000c70a5060}: 'java.lang.Object java.lang.invoke.DelegatingMethodHandle$Holder.reinvoke_L(java.lang.Object, int, int, java.lang.Object, java.lang.Object, java.lang.Object)'> (0x00000000c70a5060) thrown at [./src/hotspot/share/interpreter/linkResolver.cpp, line 773]
Event: 14.330 Thread 0x00007fda5c016800 Exception <a 'java/lang/NoSuchMethodError'{0x00000000c70a9038}: 'java.lang.Object java.lang.invoke.DirectMethodHandle$Holder.invokeStatic(java.lang.Object, java.lang.Object, java.lang.Object, java.lang.Object, int)'> (0x00000000c70a9038) thrown at [./src/hotspot/share/interpreter/linkResolver.cpp, line 773]
Event: 14.427 Thread 0x00007fda5c016800 Exception <a 'java/lang/UnsatisfiedLinkError'{0x00000000c6ddf3b8}: libtesseract.so: cannot open shared object file: No such file or directory> (0x00000000c6ddf3b8) thrown at [./src/hotspot/share/prims/jni.cpp, line 636]
Event: 14.427 Thread 0x00007fda5c016800 Exception <a 'java/lang/UnsatisfiedLinkError'{0x00000000c6ddfec8}: libtesseract.so: cannot open shared object file: No such file or directory> (0x00000000c6ddfec8) thrown at [./src/hotspot/share/prims/jni.cpp, line 636]

Events (20 events):
Event: 14.653 loading class com/sun/imageio/plugins/tiff/TIFFIFD
Event: 14.655 loading class javax/imageio/plugins/tiff/TIFFDirectory
Event: 14.655 loading class javax/imageio/plugins/tiff/TIFFDirectory done
Event: 14.655 loading class com/sun/imageio/plugins/tiff/TIFFIFD done
Event: 14.655 loading class javax/imageio/plugins/tiff/TIFFField
Event: 14.655 loading class javax/imageio/plugins/tiff/TIFFField done
Event: 14.656 loading class com/sun/imageio/plugins/tiff/TIFFIFD$TIFFIFDEntry
Event: 14.656 loading class com/sun/imageio/plugins/tiff/TIFFIFD$TIFFIFDEntry done
Event: 14.656 loading class com/sun/imageio/plugins/tiff/TIFFDecompressor
Event: 14.666 loading class com/sun/imageio/plugins/tiff/TIFFDecompressor done
Event: 14.666 loading class com/sun/imageio/plugins/common/ImageUtil
Event: 14.675 loading class com/sun/imageio/plugins/common/ImageUtil done
Event: 14.675 loading class com/sun/imageio/plugins/tiff/TIFFNullDecompressor
Event: 14.684 loading class com/sun/imageio/plugins/tiff/TIFFNullDecompressor done
Event: 14.684 loading class com/sun/imageio/plugins/tiff/TIFFImageWriter
Event: 14.687 loading class com/sun/imageio/plugins/tiff/TIFFImageWriter done
Event: 14.688 loading class java/lang/StrictMath
Event: 14.688 loading class java/lang/StrictMath done
Event: 14.689 loading class com/sun/jna/Native$Buffers
Event: 14.689 loading class com/sun/jna/Native$Buffers done


Dynamic libraries:
c4400000-c8000000 rw-p 00000000 00:00 0 
c8000000-ffe00000 ---p 00000000 00:00 0 
ffe00000-ffe47000 rw-p 0110b000 08:01 12456481                           /usr/lib/jvm/java-11-openjdk-amd64/lib/server/classes.jsa
ffe47000-fff00000 rw-p 00000000 00:00 0 
fff00000-fff6a000 rw-p 010a1000 08:01 12456481                           /usr/lib/jvm/java-11-openjdk-amd64/lib/server/classes.jsa
fff6a000-100000000 rw-p 00000000 00:00 0 
800000000-800002000 rwxp 00001000 08:01 12456481                         /usr/lib/jvm/java-11-openjdk-amd64/lib/server/classes.jsa
800002000-8003b8000 rw-p 00003000 08:01 12456481                         /usr/lib/jvm/java-11-openjdk-amd64/lib/server/classes.jsa
8003b8000-800a93000 r--p 003b9000 08:01 12456481                         /usr/lib/jvm/java-11-openjdk-amd64/lib/server/classes.jsa
800a93000-800a94000 rw-p 00a94000 08:01 12456481                         /usr/lib/jvm/java-11-openjdk-amd64/lib/server/classes.jsa
800a94000-8010a0000 r--p 00a95000 08:01 12456481                         /usr/lib/jvm/java-11-openjdk-amd64/lib/server/classes.jsa
840000000-840200000 rw-p 00000000 00:00 0 
840200000-880000000 ---p 00000000 00:00 0 
557f32b1d000-557f32b1e000 r-xp 00000000 08:01 12455190                   /usr/lib/jvm/java-11-openjdk-amd64/bin/java
557f32d1e000-557f32d1f000 r--p 00001000 08:01 12455190                   /usr/lib/jvm/java-11-openjdk-amd64/bin/java
557f32d1f000-557f32d20000 rw-p 00002000 08:01 12455190                   /usr/lib/jvm/java-11-openjdk-amd64/bin/java
557f347ea000-557f3480b000 rw-p 00000000 00:00 0                          [heap]
7fd9d4000000-7fd9d4021000 rw-p 00000000 00:00 0 
7fd9d4021000-7fd9d8000000 ---p 00000000 00:00 0 
7fd9d8af5000-7fd9d8bb5000 rw-p 00000000 00:00 0 
7fd9d8bb5000-7fd9d8cf5000 ---p 00000000 00:00 0 
7fd9d8cf5000-7fd9d8d00000 r-xp 00000000 08:01 6562053                    /usr/lib/x86_64-linux-gnu/libjbig.so.0
7fd9d8d00000-7fd9d8eff000 ---p 0000b000 08:01 6562053                    /usr/lib/x86_64-linux-gnu/libjbig.so.0
7fd9d8eff000-7fd9d8f00000 r--p 0000a000 08:01 6562053                    /usr/lib/x86_64-linux-gnu/libjbig.so.0
7fd9d8f00000-7fd9d8f03000 rw-p 0000b000 08:01 6562053                    /usr/lib/x86_64-linux-gnu/libjbig.so.0
7fd9d8f03000-7fd9d8f27000 r-xp 00000000 08:01 9966594                    /lib/x86_64-linux-gnu/liblzma.so.5.2.2
7fd9d8f27000-7fd9d9127000 ---p 00024000 08:01 9966594                    /lib/x86_64-linux-gnu/liblzma.so.5.2.2
7fd9d9127000-7fd9d9128000 r--p 00024000 08:01 9966594                    /lib/x86_64-linux-gnu/liblzma.so.5.2.2
7fd9d9128000-7fd9d9129000 rw-p 00025000 08:01 9966594                    /lib/x86_64-linux-gnu/liblzma.so.5.2.2
7fd9d9129000-7fd9d917d000 r-xp 00000000 08:01 6555779                    /usr/lib/x86_64-linux-gnu/libopenjp2.so.2.3.0
7fd9d917d000-7fd9d937d000 ---p 00054000 08:01 6555779                    /usr/lib/x86_64-linux-gnu/libopenjp2.so.2.3.0
7fd9d937d000-7fd9d937e000 r--p 00054000 08:01 6555779                    /usr/lib/x86_64-linux-gnu/libopenjp2.so.2.3.0
7fd9d937e000-7fd9d937f000 rw-p 00055000 08:01 6555779                    /usr/lib/x86_64-linux-gnu/libopenjp2.so.2.3.0
7fd9d937f000-7fd9d93e5000 r-xp 00000000 08:01 6562528                    /usr/lib/x86_64-linux-gnu/libwebp.so.6.0.2
7fd9d93e5000-7fd9d95e4000 ---p 00066000 08:01 6562528                    /usr/lib/x86_64-linux-gnu/libwebp.so.6.0.2
7fd9d95e4000-7fd9d95e5000 r--p 00065000 08:01 6562528                    /usr/lib/x86_64-linux-gnu/libwebp.so.6.0.2
7fd9d95e5000-7fd9d95e6000 rw-p 00066000 08:01 6562528                    /usr/lib/x86_64-linux-gnu/libwebp.so.6.0.2
7fd9d95e6000-7fd9d95e8000 rw-p 00000000 00:00 0 
7fd9d95e8000-7fd9d965b000 r-xp 00000000 08:01 6554686                    /usr/lib/x86_64-linux-gnu/libtiff.so.5.3.0
7fd9d965b000-7fd9d985a000 ---p 00073000 08:01 6554686                    /usr/lib/x86_64-linux-gnu/libtiff.so.5.3.0
7fd9d985a000-7fd9d985e000 r--p 00072000 08:01 6554686                    /usr/lib/x86_64-linux-gnu/libtiff.so.5.3.0
7fd9d985e000-7fd9d985f000 rw-p 00076000 08:01 6554686                    /usr/lib/x86_64-linux-gnu/libtiff.so.5.3.0
7fd9d985f000-7fd9d9867000 r-xp 00000000 08:01 6562893                    /usr/lib/x86_64-linux-gnu/libgif.so.7.0.0
7fd9d9867000-7fd9d9a66000 ---p 00008000 08:01 6562893                    /usr/lib/x86_64-linux-gnu/libgif.so.7.0.0
7fd9d9a66000-7fd9d9a67000 r--p 00007000 08:01 6562893                    /usr/lib/x86_64-linux-gnu/libgif.so.7.0.0
7fd9d9a67000-7fd9d9a68000 rw-p 00008000 08:01 6562893                    /usr/lib/x86_64-linux-gnu/libgif.so.7.0.0
7fd9d9a68000-7fd9d9acf000 r-xp 00000000 08:01 6554613                    /usr/lib/x86_64-linux-gnu/libjpeg.so.8.1.2
7fd9d9acf000-7fd9d9cce000 ---p 00067000 08:01 6554613                    /usr/lib/x86_64-linux-gnu/libjpeg.so.8.1.2
7fd9d9cce000-7fd9d9ccf000 r--p 00066000 08:01 6554613                    /usr/lib/x86_64-linux-gnu/libjpeg.so.8.1.2
7fd9d9ccf000-7fd9d9cd0000 rw-p 00067000 08:01 6554613                    /usr/lib/x86_64-linux-gnu/libjpeg.so.8.1.2
7fd9d9cd0000-7fd9d9d01000 r-xp 00000000 08:01 6562256                    /usr/lib/x86_64-linux-gnu/libpng16.so.16.34.0
7fd9d9d01000-7fd9d9f00000 ---p 00031000 08:01 6562256                    /usr/lib/x86_64-linux-gnu/libpng16.so.16.34.0
7fd9d9f00000-7fd9d9f01000 r--p 00030000 08:01 6562256                    /usr/lib/x86_64-linux-gnu/libpng16.so.16.34.0
7fd9d9f01000-7fd9d9f02000 rw-p 00031000 08:01 6562256                    /usr/lib/x86_64-linux-gnu/libpng16.so.16.34.0
7fd9d9f02000-7fd9d9f30000 r-xp 00000000 08:01 6555237                    /usr/lib/x86_64-linux-gnu/libgomp.so.1.0.0
7fd9d9f30000-7fd9da12f000 ---p 0002e000 08:01 6555237                    /usr/lib/x86_64-linux-gnu/libgomp.so.1.0.0
7fd9da12f000-7fd9da130000 r--p 0002d000 08:01 6555237                    /usr/lib/x86_64-linux-gnu/libgomp.so.1.0.0
7fd9da130000-7fd9da131000 rw-p 0002e000 08:01 6555237                    /usr/lib/x86_64-linux-gnu/libgomp.so.1.0.0
7fd9da131000-7fd9da38d000 r-xp 00000000 08:01 6556067                    /usr/lib/x86_64-linux-gnu/liblept.so.5.0.2
7fd9da38d000-7fd9da58c000 ---p 0025c000 08:01 6556067                    /usr/lib/x86_64-linux-gnu/liblept.so.5.0.2
7fd9da58c000-7fd9da58d000 r--p 0025b000 08:01 6556067                    /usr/lib/x86_64-linux-gnu/liblept.so.5.0.2
7fd9da58d000-7fd9da593000 rw-p 0025c000 08:01 6556067                    /usr/lib/x86_64-linux-gnu/liblept.so.5.0.2
7fd9da593000-7fd9da8a0000 r-xp 00000000 08:01 6556069                    /usr/lib/x86_64-linux-gnu/libtesseract.so.4.0.0
7fd9da8a0000-7fd9daa9f000 ---p 0030d000 08:01 6556069                    /usr/lib/x86_64-linux-gnu/libtesseract.so.4.0.0
7fd9daa9f000-7fd9daaa4000 r--p 0030c000 08:01 6556069                    /usr/lib/x86_64-linux-gnu/libtesseract.so.4.0.0
7fd9daaa4000-7fd9daaa5000 rw-p 00311000 08:01 6556069                    /usr/lib/x86_64-linux-gnu/libtesseract.so.4.0.0
7fd9daaa5000-7fd9dad49000 rw-p 00000000 00:00 0 
7fd9dad49000-7fd9dad60000 r-xp 00000000 08:01 19017325                   /tmp/jna-104583599/jna2796981286813307548.tmp (deleted)
7fd9dad60000-7fd9dae5f000 ---p 00017000 08:01 19017325                   /tmp/jna-104583599/jna2796981286813307548.tmp (deleted)
7fd9dae5f000-7fd9dae61000 rw-p 00016000 08:01 19017325                   /tmp/jna-104583599/jna2796981286813307548.tmp (deleted)
7fd9dae61000-7fd9dae74000 r-xp 00000000 08:01 9961655                    /lib/x86_64-linux-gnu/libbsd.so.0.8.7
7fd9dae74000-7fd9db073000 ---p 00013000 08:01 9961655                    /lib/x86_64-linux-gnu/libbsd.so.0.8.7
7fd9db073000-7fd9db074000 r--p 00012000 08:01 9961655                    /lib/x86_64-linux-gnu/libbsd.so.0.8.7
7fd9db074000-7fd9db075000 rw-p 00013000 08:01 9961655                    /lib/x86_64-linux-gnu/libbsd.so.0.8.7
7fd9db075000-7fd9db076000 rw-p 00000000 00:00 0 
7fd9db076000-7fd9db07b000 r-xp 00000000 08:01 6561397                    /usr/lib/x86_64-linux-gnu/libXdmcp.so.6.0.0
7fd9db07b000-7fd9db27a000 ---p 00005000 08:01 6561397                    /usr/lib/x86_64-linux-gnu/libXdmcp.so.6.0.0
7fd9db27a000-7fd9db27b000 r--p 00004000 08:01 6561397                    /usr/lib/x86_64-linux-gnu/libXdmcp.so.6.0.0
7fd9db27b000-7fd9db27c000 rw-p 00005000 08:01 6561397                    /usr/lib/x86_64-linux-gnu/libXdmcp.so.6.0.0
7fd9db27c000-7fd9db27e000 r-xp 00000000 08:01 6561386                    /usr/lib/x86_64-linux-gnu/libXau.so.6.0.0
7fd9db27e000-7fd9db47e000 ---p 00002000 08:01 6561386                    /usr/lib/x86_64-linux-gnu/libXau.so.6.0.0
7fd9db47e000-7fd9db47f000 r--p 00002000 08:01 6561386                    /usr/lib/x86_64-linux-gnu/libXau.so.6.0.0
7fd9db47f000-7fd9db480000 rw-p 00003000 08:01 6561386                    /usr/lib/x86_64-linux-gnu/libXau.so.6.0.0
7fd9db480000-7fd9db4a6000 r-xp 00000000 08:01 6562599                    /usr/lib/x86_64-linux-gnu/libxcb.so.1.1.0
7fd9db4a6000-7fd9db6a6000 ---p 00026000 08:01 6562599                    /usr/lib/x86_64-linux-gnu/libxcb.so.1.1.0
7fd9db6a6000-7fd9db6a7000 r--p 00026000 08:01 6562599                    /usr/lib/x86_64-linux-gnu/libxcb.so.1.1.0
7fd9db6a7000-7fd9db6a8000 rw-p 00027000 08:01 6562599                    /usr/lib/x86_64-linux-gnu/libxcb.so.1.1.0
7fd9db6a8000-7fd9db6b7000 r-xp 00000000 08:01 6561407                    /usr/lib/x86_64-linux-gnu/libXi.so.6.1.0
7fd9db6b7000-7fd9db8b6000 ---p 0000f000 08:01 6561407                    /usr/lib/x86_64-linux-gnu/libXi.so.6.1.0
7fd9db8b6000-7fd9db8b7000 r--p 0000e000 08:01 6561407                    /usr/lib/x86_64-linux-gnu/libXi.so.6.1.0
7fd9db8b7000-7fd9db8b8000 rw-p 0000f000 08:01 6561407                    /usr/lib/x86_64-linux-gnu/libXi.so.6.1.0
7fd9db8b8000-7fd9db8bd000 r-xp 00000000 08:01 6561425                    /usr/lib/x86_64-linux-gnu/libXtst.so.6.1.0
7fd9db8bd000-7fd9dbabc000 ---p 00005000 08:01 6561425                    /usr/lib/x86_64-linux-gnu/libXtst.so.6.1.0
7fd9dbabc000-7fd9dbabd000 r--p 00004000 08:01 6561425                    /usr/lib/x86_64-linux-gnu/libXtst.so.6.1.0
7fd9dbabd000-7fd9dbabe000 rw-p 00005000 08:01 6561425                    /usr/lib/x86_64-linux-gnu/libXtst.so.6.1.0
7fd9dbabe000-7fd9dbac7000 r-xp 00000000 08:01 6561419                    /usr/lib/x86_64-linux-gnu/libXrender.so.1.3.0
7fd9dbac7000-7fd9dbcc6000 ---p 00009000 08:01 6561419                    /usr/lib/x86_64-linux-gnu/libXrender.so.1.3.0
7fd9dbcc6000-7fd9dbcc7000 r--p 00008000 08:01 6561419                    /usr/lib/x86_64-linux-gnu/libXrender.so.1.3.0
7fd9dbcc7000-7fd9dbcc8000 rw-p 00009000 08:01 6561419                    /usr/lib/x86_64-linux-gnu/libXrender.so.1.3.0
7fd9dbcc8000-7fd9dbdfb000 r-xp 00000000 08:01 6561382                    /usr/lib/x86_64-linux-gnu/libX11.so.6.3.0
7fd9dbdfb000-7fd9dbffb000 ---p 00133000 08:01 6561382                    /usr/lib/x86_64-linux-gnu/libX11.so.6.3.0
7fd9dbffb000-7fd9dbffc000 r--p 00133000 08:01 6561382                    /usr/lib/x86_64-linux-gnu/libX11.so.6.3.0
7fd9dbffc000-7fd9dc000000 rw-p 00134000 08:01 6561382                    /usr/lib/x86_64-linux-gnu/libX11.so.6.3.0
7fd9dc000000-7fd9dc021000 rw-p 00000000 00:00 0 
7fd9dc021000-7fd9e0000000 ---p 00000000 00:00 0 
7fd9e0000000-7fd9e0021000 rw-p 00000000 00:00 0 
7fd9e0021000-7fd9e4000000 ---p 00000000 00:00 0 
7fd9e4000000-7fd9e4021000 rw-p 00000000 00:00 0 
7fd9e4021000-7fd9e8000000 ---p 00000000 00:00 0 
7fd9e8000000-7fd9e8021000 rw-p 00000000 00:00 0 
7fd9e8021000-7fd9ec000000 ---p 00000000 00:00 0 
7fd9ec000000-7fd9ec021000 rw-p 00000000 00:00 0 
7fd9ec021000-7fd9f0000000 ---p 00000000 00:00 0 
7fd9f0000000-7fd9f0021000 rw-p 00000000 00:00 0 
7fd9f0021000-7fd9f4000000 ---p 00000000 00:00 0 
7fd9f4000000-7fd9f4021000 rw-p 00000000 00:00 0 
7fd9f4021000-7fd9f8000000 ---p 00000000 00:00 0 
7fd9f8000000-7fd9f8021000 rw-p 00000000 00:00 0 
7fd9f8021000-7fd9fc000000 ---p 00000000 00:00 0 
7fd9fc000000-7fd9fc021000 rw-p 00000000 00:00 0 
7fd9fc021000-7fda00000000 ---p 00000000 00:00 0 
7fda00000000-7fda002bd000 rw-p 00000000 00:00 0 
7fda002bd000-7fda04000000 ---p 00000000 00:00 0 
7fda04000000-7fda04021000 rw-p 00000000 00:00 0 
7fda04021000-7fda08000000 ---p 00000000 00:00 0 
7fda08000000-7fda08021000 rw-p 00000000 00:00 0 
7fda08021000-7fda0c000000 ---p 00000000 00:00 0 
7fda0c000000-7fda0c443000 rw-p 00000000 00:00 0 
7fda0c443000-7fda10000000 ---p 00000000 00:00 0 
7fda10000000-7fda10021000 rw-p 00000000 00:00 0 
7fda10021000-7fda14000000 ---p 00000000 00:00 0 
7fda14000000-7fda14021000 rw-p 00000000 00:00 0 
7fda14021000-7fda18000000 ---p 00000000 00:00 0 
7fda18000000-7fda18326000 rw-p 00000000 00:00 0 
7fda18326000-7fda1c000000 ---p 00000000 00:00 0 
7fda1c000000-7fda1c021000 rw-p 00000000 00:00 0 
7fda1c021000-7fda20000000 ---p 00000000 00:00 0 
7fda20000000-7fda20021000 rw-p 00000000 00:00 0 
7fda20021000-7fda24000000 ---p 00000000 00:00 0 
7fda24000000-7fda24021000 rw-p 00000000 00:00 0 
7fda24021000-7fda28000000 ---p 00000000 00:00 0 
7fda28000000-7fda28021000 rw-p 00000000 00:00 0 
7fda28021000-7fda2c000000 ---p 00000000 00:00 0 
7fda2c000000-7fda2c021000 rw-p 00000000 00:00 0 
7fda2c021000-7fda30000000 ---p 00000000 00:00 0 
7fda30000000-7fda30021000 rw-p 00000000 00:00 0 
7fda30021000-7fda34000000 ---p 00000000 00:00 0 
7fda340f2000-7fda34103000 r-xp 00000000 08:01 6561399                    /usr/lib/x86_64-linux-gnu/libXext.so.6.4.0
7fda34103000-7fda34302000 ---p 00011000 08:01 6561399                    /usr/lib/x86_64-linux-gnu/libXext.so.6.4.0
7fda34302000-7fda34303000 r--p 00010000 08:01 6561399                    /usr/lib/x86_64-linux-gnu/libXext.so.6.4.0
7fda34303000-7fda34304000 rw-p 00011000 08:01 6561399                    /usr/lib/x86_64-linux-gnu/libXext.so.6.4.0
7fda34304000-7fda34363000 r-xp 00000000 08:01 12455373                   /usr/lib/jvm/java-11-openjdk-amd64/lib/libawt_xawt.so
7fda34363000-7fda34562000 ---p 0005f000 08:01 12455373                   /usr/lib/jvm/java-11-openjdk-amd64/lib/libawt_xawt.so
7fda34562000-7fda34563000 r--p 0005e000 08:01 12455373                   /usr/lib/jvm/java-11-openjdk-amd64/lib/libawt_xawt.so
7fda34563000-7fda34566000 rw-p 0005f000 08:01 12455373                   /usr/lib/jvm/java-11-openjdk-amd64/lib/libawt_xawt.so
7fda34566000-7fda34768000 rw-p 00000000 00:00 0 
7fda34768000-7fda34806000 r-xp 00000000 08:01 12455371                   /usr/lib/jvm/java-11-openjdk-amd64/lib/libawt.so
7fda34806000-7fda34a06000 ---p 0009e000 08:01 12455371                   /usr/lib/jvm/java-11-openjdk-amd64/lib/libawt.so
7fda34a06000-7fda34a07000 r--p 0009e000 08:01 12455371                   /usr/lib/jvm/java-11-openjdk-amd64/lib/libawt.so
7fda34a07000-7fda34a12000 rw-p 0009f000 08:01 12455371                   /usr/lib/jvm/java-11-openjdk-amd64/lib/libawt.so
7fda34a12000-7fda34a37000 rw-p 00000000 00:00 0 
7fda34a37000-7fda34a3b000 ---p 00000000 00:00 0 
7fda34a3b000-7fda34b38000 rw-p 00000000 00:00 0 
7fda34b38000-7fda34b3c000 ---p 00000000 00:00 0 
7fda34b3c000-7fda34e39000 rw-p 00000000 00:00 0 
7fda34e39000-7fda34e3d000 ---p 00000000 00:00 0 
7fda34e3d000-7fda34f3a000 rw-p 00000000 00:00 0 
7fda34f3a000-7fda34f3e000 ---p 00000000 00:00 0 
7fda34f3e000-7fda3503b000 rw-p 00000000 00:00 0 
7fda3503b000-7fda3503f000 ---p 00000000 00:00 0 
7fda3503f000-7fda3513c000 rw-p 00000000 00:00 0 
7fda3513c000-7fda35140000 ---p 00000000 00:00 0 
7fda35140000-7fda3523d000 rw-p 00000000 00:00 0 
7fda3523d000-7fda3523e000 ---p 00000000 00:00 0 
7fda3523e000-7fda3533f000 rw-p 00000000 00:00 0 
7fda3533f000-7fda35340000 ---p 00000000 00:00 0 
7fda35340000-7fda35441000 rw-p 00000000 00:00 0 
7fda35441000-7fda3546b000 r-xp 00000000 08:01 12455404                   /usr/lib/jvm/java-11-openjdk-amd64/lib/libsunec.so
7fda3546b000-7fda3566a000 ---p 0002a000 08:01 12455404                   /usr/lib/jvm/java-11-openjdk-amd64/lib/libsunec.so
7fda3566a000-7fda3566e000 r--p 00029000 08:01 12455404                   /usr/lib/jvm/java-11-openjdk-amd64/lib/libsunec.so
7fda3566e000-7fda35670000 rw-p 0002d000 08:01 12455404                   /usr/lib/jvm/java-11-openjdk-amd64/lib/libsunec.so
7fda35670000-7fda35672000 r-xp 00000000 08:01 12455375                   /usr/lib/jvm/java-11-openjdk-amd64/lib/libextnet.so
7fda35672000-7fda35871000 ---p 00002000 08:01 12455375                   /usr/lib/jvm/java-11-openjdk-amd64/lib/libextnet.so
7fda35871000-7fda35872000 r--p 00001000 08:01 12455375                   /usr/lib/jvm/java-11-openjdk-amd64/lib/libextnet.so
7fda35872000-7fda35873000 rw-p 00002000 08:01 12455375                   /usr/lib/jvm/java-11-openjdk-amd64/lib/libextnet.so
7fda35873000-7fda35877000 ---p 00000000 00:00 0 
7fda35877000-7fda35974000 rw-p 00000000 00:00 0 
7fda35974000-7fda3598a000 r-xp 00000000 08:01 12455398                   /usr/lib/jvm/java-11-openjdk-amd64/lib/libnet.so
7fda3598a000-7fda35b89000 ---p 00016000 08:01 12455398                   /usr/lib/jvm/java-11-openjdk-amd64/lib/libnet.so
7fda35b89000-7fda35b8a000 r--p 00015000 08:01 12455398                   /usr/lib/jvm/java-11-openjdk-amd64/lib/libnet.so
7fda35b8a000-7fda35b8b000 rw-p 00016000 08:01 12455398                   /usr/lib/jvm/java-11-openjdk-amd64/lib/libnet.so
7fda35b8b000-7fda35b9b000 r-xp 00000000 08:01 12455399                   /usr/lib/jvm/java-11-openjdk-amd64/lib/libnio.so
7fda35b9b000-7fda35d9a000 ---p 00010000 08:01 12455399                   /usr/lib/jvm/java-11-openjdk-amd64/lib/libnio.so
7fda35d9a000-7fda35d9b000 r--p 0000f000 08:01 12455399                   /usr/lib/jvm/java-11-openjdk-amd64/lib/libnio.so
7fda35d9b000-7fda35d9c000 rw-p 00010000 08:01 12455399                   /usr/lib/jvm/java-11-openjdk-amd64/lib/libnio.so
7fda35d9c000-7fda35da0000 ---p 00000000 00:00 0 
7fda35da0000-7fda35e9d000 rw-p 00000000 00:00 0 
7fda35e9d000-7fda35e9e000 ---p 00000000 00:00 0 
7fda35e9e000-7fda35f9f000 rw-p 00000000 00:00 0 
7fda35f9f000-7fda35fa3000 ---p 00000000 00:00 0 
7fda35fa3000-7fda360a0000 rw-p 00000000 00:00 0 
7fda360a0000-7fda360a4000 ---p 00000000 00:00 0 
7fda360a4000-7fda361a1000 rw-p 00000000 00:00 0 
7fda361a1000-7fda361a5000 ---p 00000000 00:00 0 
7fda361a5000-7fda362a2000 rw-p 00000000 00:00 0 
7fda362a2000-7fda362a6000 ---p 00000000 00:00 0 
7fda362a6000-7fda363a3000 rw-p 00000000 00:00 0 
7fda363a3000-7fda363a7000 ---p 00000000 00:00 0 
7fda363a7000-7fda364a4000 rw-p 00000000 00:00 0 
7fda364a4000-7fda36e73000 r--p 00000000 08:01 6560357                    /usr/lib/locale/locale-archive
7fda36e73000-7fda36e77000 ---p 00000000 00:00 0 
7fda36e77000-7fda36f74000 rw-p 00000000 00:00 0 
7fda36f74000-7fda36f78000 ---p 00000000 00:00 0 
7fda36f78000-7fda37075000 rw-p 00000000 00:00 0 
7fda37075000-7fda37076000 ---p 00000000 00:00 0 
7fda37076000-7fda379f8000 rw-p 00000000 00:00 0 
7fda379f8000-7fda379f9000 ---p 00000000 00:00 0 
7fda379f9000-7fda37afa000 rw-p 00000000 00:00 0 
7fda37afa000-7fda37afb000 ---p 00000000 00:00 0 
7fda37afb000-7fda38000000 rw-p 00000000 00:00 0 
7fda38000000-7fda38021000 rw-p 00000000 00:00 0 
7fda38021000-7fda3c000000 ---p 00000000 00:00 0 
7fda3c01c000-7fda3e01c000 rw-p 00000000 00:00 0 
7fda3e01c000-7fda3e01d000 ---p 00000000 00:00 0 
7fda3e01d000-7fda3e11e000 rw-p 00000000 00:00 0 
7fda3e11e000-7fda3e11f000 ---p 00000000 00:00 0 
7fda3e11f000-7fda3e310000 rw-p 00000000 00:00 0 
7fda3e310000-7fda3f108000 ---p 00000000 00:00 0 
7fda3f108000-7fda3f200000 rw-p 00000000 00:00 0 
7fda3f200000-7fda3fff8000 ---p 00000000 00:00 0 
7fda3fff8000-7fda40000000 rw-p 00000000 00:00 0 
7fda40000000-7fda40021000 rw-p 00000000 00:00 0 
7fda40021000-7fda44000000 ---p 00000000 00:00 0 
7fda4404e000-7fda44052000 ---p 00000000 00:00 0 
7fda44052000-7fda4408e000 rw-p 00000000 00:00 0 
7fda4408e000-7fda4424d000 ---p 00000000 00:00 0 
7fda4424d000-7fda4426c000 rw-p 00000000 00:00 0 
7fda4426c000-7fda4442b000 ---p 00000000 00:00 0 
7fda4442b000-7fda4444a000 rw-p 00000000 00:00 0 
7fda4444a000-7fda44609000 ---p 00000000 00:00 0 
7fda44609000-7fda4490d000 rw-p 00000000 00:00 0 
7fda4490d000-7fda44b7d000 rwxp 00000000 00:00 0 
7fda44b7d000-7fda44e9d000 ---p 00000000 00:00 0 
7fda44e9d000-7fda4523d000 rwxp 00000000 00:00 0 
7fda4523d000-7fda4c3d5000 ---p 00000000 00:00 0 
7fda4c3d5000-7fda4c645000 rwxp 00000000 00:00 0 
7fda4c645000-7fda5390d000 ---p 00000000 00:00 0 
7fda5390d000-7fda5c000000 r--s 00000000 08:01 12455408                   /usr/lib/jvm/java-11-openjdk-amd64/lib/modules
7fda5c000000-7fda5c850000 rw-p 00000000 00:00 0 
7fda5c850000-7fda60000000 ---p 00000000 00:00 0 
7fda6001c000-7fda60178000 rw-p 00000000 00:00 0 
7fda60178000-7fda60179000 ---p 00000000 00:00 0 
7fda60179000-7fda6027f000 rw-p 00000000 00:00 0 
7fda6027f000-7fda60365000 ---p 00000000 00:00 0 
7fda60365000-7fda6036d000 rw-p 00000000 00:00 0 
7fda6036d000-7fda60450000 ---p 00000000 00:00 0 
7fda60450000-7fda60455000 r-xp 00000000 08:01 12455386                   /usr/lib/jvm/java-11-openjdk-amd64/lib/libjimage.so
7fda60455000-7fda60654000 ---p 00005000 08:01 12455386                   /usr/lib/jvm/java-11-openjdk-amd64/lib/libjimage.so
7fda60654000-7fda60655000 r--p 00004000 08:01 12455386                   /usr/lib/jvm/java-11-openjdk-amd64/lib/libjimage.so
7fda60655000-7fda60656000 rw-p 00005000 08:01 12455386                   /usr/lib/jvm/java-11-openjdk-amd64/lib/libjimage.so
7fda60656000-7fda6065d000 r-xp 00000000 08:01 12455407                   /usr/lib/jvm/java-11-openjdk-amd64/lib/libzip.so
7fda6065d000-7fda6085c000 ---p 00007000 08:01 12455407                   /usr/lib/jvm/java-11-openjdk-amd64/lib/libzip.so
7fda6085c000-7fda6085d000 r--p 00006000 08:01 12455407                   /usr/lib/jvm/java-11-openjdk-amd64/lib/libzip.so
7fda6085d000-7fda6085e000 rw-p 00007000 08:01 12455407                   /usr/lib/jvm/java-11-openjdk-amd64/lib/libzip.so
7fda6085e000-7fda60869000 r-xp 00000000 08:01 9966624                    /lib/x86_64-linux-gnu/libnss_files-2.27.so
7fda60869000-7fda60a68000 ---p 0000b000 08:01 9966624                    /lib/x86_64-linux-gnu/libnss_files-2.27.so
7fda60a68000-7fda60a69000 r--p 0000a000 08:01 9966624                    /lib/x86_64-linux-gnu/libnss_files-2.27.so
7fda60a69000-7fda60a6a000 rw-p 0000b000 08:01 9966624                    /lib/x86_64-linux-gnu/libnss_files-2.27.so
7fda60a6a000-7fda60a70000 rw-p 00000000 00:00 0 
7fda60a70000-7fda60a87000 r-xp 00000000 08:01 9966618                    /lib/x86_64-linux-gnu/libnsl-2.27.so
7fda60a87000-7fda60c86000 ---p 00017000 08:01 9966618                    /lib/x86_64-linux-gnu/libnsl-2.27.so
7fda60c86000-7fda60c87000 r--p 00016000 08:01 9966618                    /lib/x86_64-linux-gnu/libnsl-2.27.so
7fda60c87000-7fda60c88000 rw-p 00017000 08:01 9966618                    /lib/x86_64-linux-gnu/libnsl-2.27.so
7fda60c88000-7fda60c8a000 rw-p 00000000 00:00 0 
7fda60c8a000-7fda60c95000 r-xp 00000000 08:01 9966635                    /lib/x86_64-linux-gnu/libnss_nis-2.27.so
7fda60c95000-7fda60e94000 ---p 0000b000 08:01 9966635                    /lib/x86_64-linux-gnu/libnss_nis-2.27.so
7fda60e94000-7fda60e95000 r--p 0000a000 08:01 9966635                    /lib/x86_64-linux-gnu/libnss_nis-2.27.so
7fda60e95000-7fda60e96000 rw-p 0000b000 08:01 9966635                    /lib/x86_64-linux-gnu/libnss_nis-2.27.so
7fda60e96000-7fda60e9e000 r-xp 00000000 08:01 9966620                    /lib/x86_64-linux-gnu/libnss_compat-2.27.so
7fda60e9e000-7fda6109e000 ---p 00008000 08:01 9966620                    /lib/x86_64-linux-gnu/libnss_compat-2.27.so
7fda6109e000-7fda6109f000 r--p 00008000 08:01 9966620                    /lib/x86_64-linux-gnu/libnss_compat-2.27.so
7fda6109f000-7fda610a0000 rw-p 00009000 08:01 9966620                    /lib/x86_64-linux-gnu/libnss_compat-2.27.so
7fda610a0000-7fda610c9000 r-xp 00000000 08:01 12455382                   /usr/lib/jvm/java-11-openjdk-amd64/lib/libjava.so
7fda610c9000-7fda612c8000 ---p 00029000 08:01 12455382                   /usr/lib/jvm/java-11-openjdk-amd64/lib/libjava.so
7fda612c8000-7fda612c9000 r--p 00028000 08:01 12455382                   /usr/lib/jvm/java-11-openjdk-amd64/lib/libjava.so
7fda612c9000-7fda612cb000 rw-p 00029000 08:01 12455382                   /usr/lib/jvm/java-11-openjdk-amd64/lib/libjava.so
7fda612cb000-7fda612d8000 r-xp 00000000 08:01 12455406                   /usr/lib/jvm/java-11-openjdk-amd64/lib/libverify.so
7fda612d8000-7fda614d7000 ---p 0000d000 08:01 12455406                   /usr/lib/jvm/java-11-openjdk-amd64/lib/libverify.so
7fda614d7000-7fda614d9000 r--p 0000c000 08:01 12455406                   /usr/lib/jvm/java-11-openjdk-amd64/lib/libverify.so
7fda614d9000-7fda614da000 rw-p 0000e000 08:01 12455406                   /usr/lib/jvm/java-11-openjdk-amd64/lib/libverify.so
7fda614da000-7fda614e1000 r-xp 00000000 08:01 9966675                    /lib/x86_64-linux-gnu/librt-2.27.so
7fda614e1000-7fda616e0000 ---p 00007000 08:01 9966675                    /lib/x86_64-linux-gnu/librt-2.27.so
7fda616e0000-7fda616e1000 r--p 00006000 08:01 9966675                    /lib/x86_64-linux-gnu/librt-2.27.so
7fda616e1000-7fda616e2000 rw-p 00007000 08:01 9966675                    /lib/x86_64-linux-gnu/librt-2.27.so
7fda616e2000-7fda616f9000 r-xp 00000000 08:01 9961786                    /lib/x86_64-linux-gnu/libgcc_s.so.1
7fda616f9000-7fda618f8000 ---p 00017000 08:01 9961786                    /lib/x86_64-linux-gnu/libgcc_s.so.1
7fda618f8000-7fda618f9000 r--p 00016000 08:01 9961786                    /lib/x86_64-linux-gnu/libgcc_s.so.1
7fda618f9000-7fda618fa000 rw-p 00017000 08:01 9961786                    /lib/x86_64-linux-gnu/libgcc_s.so.1
7fda618fa000-7fda61a97000 r-xp 00000000 08:01 9966597                    /lib/x86_64-linux-gnu/libm-2.27.so
7fda61a97000-7fda61c96000 ---p 0019d000 08:01 9966597                    /lib/x86_64-linux-gnu/libm-2.27.so
7fda61c96000-7fda61c97000 r--p 0019c000 08:01 9966597                    /lib/x86_64-linux-gnu/libm-2.27.so
7fda61c97000-7fda61c98000 rw-p 0019d000 08:01 9966597                    /lib/x86_64-linux-gnu/libm-2.27.so
7fda61c98000-7fda61e11000 r-xp 00000000 08:01 6555233                    /usr/lib/x86_64-linux-gnu/libstdc++.so.6.0.25
7fda61e11000-7fda62011000 ---p 00179000 08:01 6555233                    /usr/lib/x86_64-linux-gnu/libstdc++.so.6.0.25
7fda62011000-7fda6201b000 r--p 00179000 08:01 6555233                    /usr/lib/x86_64-linux-gnu/libstdc++.so.6.0.25
7fda6201b000-7fda6201d000 rw-p 00183000 08:01 6555233                    /usr/lib/x86_64-linux-gnu/libstdc++.so.6.0.25
7fda6201d000-7fda62021000 rw-p 00000000 00:00 0 
7fda62021000-7fda630fe000 r-xp 00000000 08:01 12455413                   /usr/lib/jvm/java-11-openjdk-amd64/lib/server/libjvm.so
7fda630fe000-7fda632fd000 ---p 010dd000 08:01 12455413                   /usr/lib/jvm/java-11-openjdk-amd64/lib/server/libjvm.so
7fda632fd000-7fda633ba000 r--p 010dc000 08:01 12455413                   /usr/lib/jvm/java-11-openjdk-amd64/lib/server/libjvm.so
7fda633ba000-7fda633f4000 rw-p 01199000 08:01 12455413                   /usr/lib/jvm/java-11-openjdk-amd64/lib/server/libjvm.so
7fda633f4000-7fda6344a000 rw-p 00000000 00:00 0 
7fda6344a000-7fda63464000 r-xp 00000000 08:01 9966667                    /lib/x86_64-linux-gnu/libpthread-2.27.so
7fda63464000-7fda63663000 ---p 0001a000 08:01 9966667                    /lib/x86_64-linux-gnu/libpthread-2.27.so
7fda63663000-7fda63664000 r--p 00019000 08:01 9966667                    /lib/x86_64-linux-gnu/libpthread-2.27.so
7fda63664000-7fda63665000 rw-p 0001a000 08:01 9966667                    /lib/x86_64-linux-gnu/libpthread-2.27.so
7fda63665000-7fda63669000 rw-p 00000000 00:00 0 
7fda63669000-7fda6366c000 r-xp 00000000 08:01 9966557                    /lib/x86_64-linux-gnu/libdl-2.27.so
7fda6366c000-7fda6386b000 ---p 00003000 08:01 9966557                    /lib/x86_64-linux-gnu/libdl-2.27.so
7fda6386b000-7fda6386c000 r--p 00002000 08:01 9966557                    /lib/x86_64-linux-gnu/libdl-2.27.so
7fda6386c000-7fda6386d000 rw-p 00003000 08:01 9966557                    /lib/x86_64-linux-gnu/libdl-2.27.so
7fda6386d000-7fda63889000 r-xp 00000000 08:01 9966706                    /lib/x86_64-linux-gnu/libz.so.1.2.11
7fda63889000-7fda63a88000 ---p 0001c000 08:01 9966706                    /lib/x86_64-linux-gnu/libz.so.1.2.11
7fda63a88000-7fda63a89000 r--p 0001b000 08:01 9966706                    /lib/x86_64-linux-gnu/libz.so.1.2.11
7fda63a89000-7fda63a8a000 rw-p 0001c000 08:01 9966706                    /lib/x86_64-linux-gnu/libz.so.1.2.11
7fda63a8a000-7fda63c71000 r-xp 00000000 08:01 9966534                    /lib/x86_64-linux-gnu/libc-2.27.so
7fda63c71000-7fda63e71000 ---p 001e7000 08:01 9966534                    /lib/x86_64-linux-gnu/libc-2.27.so
7fda63e71000-7fda63e75000 r--p 001e7000 08:01 9966534                    /lib/x86_64-linux-gnu/libc-2.27.so
7fda63e75000-7fda63e77000 rw-p 001eb000 08:01 9966534                    /lib/x86_64-linux-gnu/libc-2.27.so
7fda63e77000-7fda63e7b000 rw-p 00000000 00:00 0 
7fda63e7b000-7fda63e8b000 r-xp 00000000 08:01 12455366                   /usr/lib/jvm/java-11-openjdk-amd64/lib/jli/libjli.so
7fda63e8b000-7fda6408a000 ---p 00010000 08:01 12455366                   /usr/lib/jvm/java-11-openjdk-amd64/lib/jli/libjli.so
7fda6408a000-7fda6408b000 r--p 0000f000 08:01 12455366                   /usr/lib/jvm/java-11-openjdk-amd64/lib/jli/libjli.so
7fda6408b000-7fda6408c000 rw-p 00010000 08:01 12455366                   /usr/lib/jvm/java-11-openjdk-amd64/lib/jli/libjli.so
7fda6408c000-7fda640b3000 r-xp 00000000 08:01 9966506                    /lib/x86_64-linux-gnu/ld-2.27.so
7fda640d4000-7fda6418f000 rw-p 00000000 00:00 0 
7fda6418f000-7fda64193000 ---p 00000000 00:00 0 
7fda64193000-7fda64292000 rw-p 00000000 00:00 0 
7fda64299000-7fda6429e000 rw-p 00000000 00:00 0 
7fda6429e000-7fda642a5000 ---p 00000000 00:00 0 
7fda642a5000-7fda642a7000 r--s 00007000 08:01 6951047                    /usr/share/java/java-atk-wrapper.jar
7fda642a7000-7fda642af000 rw-s 00000000 08:01 19017230                   /tmp/hsperfdata_nakul/18405
7fda642af000-7fda642b0000 ---p 00000000 00:00 0 
7fda642b0000-7fda642b1000 r--p 00000000 00:00 0 
7fda642b1000-7fda642b3000 rw-p 00000000 00:00 0 
7fda642b3000-7fda642b4000 r--p 00027000 08:01 9966506                    /lib/x86_64-linux-gnu/ld-2.27.so
7fda642b4000-7fda642b5000 rw-p 00028000 08:01 9966506                    /lib/x86_64-linux-gnu/ld-2.27.so
7fda642b5000-7fda642b6000 rw-p 00000000 00:00 0 
7ffc4160a000-7ffc4162b000 rw-p 00000000 00:00 0                          [stack]
7ffc4166f000-7ffc41672000 r--p 00000000 00:00 0                          [vvar]
7ffc41672000-7ffc41673000 r-xp 00000000 00:00 0                          [vdso]
ffffffffff600000-ffffffffff601000 --xp 00000000 00:00 0                  [vsyscall]


VM Arguments:
jvm_args: -Dfile.encoding=UTF-8 
java_command: selenium.NSP
java_class_path (initial): /home/nakul/eclipse-workspace/selenium/bin:/home/nakul/selenium/selenium-java-3.141.59/libs/byte-buddy-1.8.15.jar:/home/nakul/selenium/selenium-java-3.141.59/libs/commons-exec-1.3.jar:/home/nakul/selenium/selenium-java-3.141.59/libs/guava-25.0-jre.jar:/home/nakul/selenium/selenium-java-3.141.59/libs/okhttp-3.11.0.jar:/home/nakul/selenium/selenium-java-3.141.59/libs/okio-1.14.0.jar:/home/nakul/selenium/selenium-java-3.141.59/client-combined-3.141.59.jar:/home/nakul/selenium/selenium-java-3.141.59/client-combined-3.141.59-sources.jar:/home/nakul/eclipse-workspace/Tess4J/lib/commons-beanutils-1.9.2.jar:/home/nakul/eclipse-workspace/Tess4J/lib/commons-io-2.6.jar:/home/nakul/eclipse-workspace/Tess4J/lib/commons-logging-1.2.jar:/home/nakul/eclipse-workspace/Tess4J/lib/fontbox-2.0.9.jar:/home/nakul/eclipse-workspace/Tess4J/lib/ghost4j-1.0.1.jar:/home/nakul/eclipse-workspace/Tess4J/lib/hamcrest-core-1.3.jar:/home/nakul/eclipse-workspace/Tess4J/lib/itext-2.1.7.jar:/home/nakul/eclipse-workspace/Tess4J/lib/jai-imageio-core-1.4.0.jar:/home/nakul/eclipse-workspace/Tess4J/lib/jbig2-imageio-3.0.0.jar:/home/nakul/eclipse-workspace/Tess4J/lib/jboss-vfs-3.2.12.Final.jar:/home/nakul/eclipse-workspace/Tess4J/lib/jcl-over-slf4j-1.7.25.jar:/home/nakul/eclipse-workspace/Tess4J/lib/jna-4.1.0.jar:/home/nakul/eclipse-workspace/Tess4J/lib/jul-to-slf4j-1.7.25.jar:/home/nakul/eclipse-workspace/Tess4J/lib/junit-4.12.jar:/home/nakul/eclipse-workspace/Tess4J/lib/lept4j-1.6.4.jar:/home/nakul/eclipse-workspace/Tess4J/lib/log4j-1.2.17.jar:/home/nakul/eclipse-workspace/Tess4J/lib/log4j-over-slf4j-1.7.25.jar:/home/nakul/eclipse-workspace/Tess4J/lib/logback-classic-1.2.3.jar:/home/nakul/eclipse-workspace/Tess4J/lib/logback-core-1.2.3.jar:/home/nakul/eclipse-workspace/Tess4J/lib/pdfbox-2.0.9.jar:/home/nakul/eclipse-workspace/Tess4J/lib/pdfbox-tools-2.0.9.jar:/home/nakul/eclipse-workspace/Tess4J/lib/slf4j-api-1.7.25.jar:/home/nakul/eclipse-workspace/Tess4J/lib/xmlgraphics-comm
Launcher Type: SUN_STANDARD

[Global flags]
     intx CICompilerCount                          = 3                                         {product} {ergonomic}
     uint ConcGCThreads                            = 1                                         {product} {ergonomic}
     uint G1ConcRefinementThreads                  = 4                                         {product} {ergonomic}
   size_t G1HeapRegionSize                         = 1048576                                   {product} {ergonomic}
    uintx GCDrainStackTargetSize                   = 64                                        {product} {ergonomic}
   size_t InitialHeapSize                          = 62914560                                  {product} {ergonomic}
   size_t MarkStackSize                            = 4194304                                   {product} {ergonomic}
   size_t MaxHeapSize                              = 1002438656                                {product} {ergonomic}
   size_t MaxNewSize                               = 600834048                                 {product} {ergonomic}
   size_t MinHeapDeltaBytes                        = 1048576                                   {product} {ergonomic}
    uintx NonNMethodCodeHeapSize                   = 5830732                                {pd product} {ergonomic}
    uintx NonProfiledCodeHeapSize                  = 122913754                              {pd product} {ergonomic}
    uintx ProfiledCodeHeapSize                     = 122913754                              {pd product} {ergonomic}
    uintx ReservedCodeCacheSize                    = 251658240                              {pd product} {ergonomic}
     bool SegmentedCodeCache                       = true                                      {product} {ergonomic}
     bool UseCompressedClassPointers               = true                                 {lp64_product} {ergonomic}
     bool UseCompressedOops                        = true                                 {lp64_product} {ergonomic}
     bool UseG1GC                                  = true                                      {product} {ergonomic}

Logging:
Log output configuration:
 #0: stdout all=warning uptime,level,tags
 #1: stderr all=off uptime,level,tags

Environment Variables:
PATH=/usr/local/sbin:/usr/local/bin:/usr/sbin:/usr/bin:/sbin:/bin:/usr/games:/usr/local/games:/snap/bin
SHELL=/bin/bash
DISPLAY=:0

Signal Handlers:
SIGSEGV: [libjvm.so+0xdf8d00], sa_mask[0]=11111111011111111101111111111110, sa_flags=SA_RESTART|SA_SIGINFO
SIGBUS: [libjvm.so+0xdf8d00], sa_mask[0]=11111111011111111101111111111110, sa_flags=SA_RESTART|SA_SIGINFO
SIGFPE: [libjvm.so+0xdf8d00], sa_mask[0]=11111111011111111101111111111110, sa_flags=SA_RESTART|SA_SIGINFO
SIGPIPE: [libjvm.so+0xbcbc30], sa_mask[0]=11111111011111111101111111111110, sa_flags=SA_RESTART|SA_SIGINFO
SIGXFSZ: [libjvm.so+0xbcbc30], sa_mask[0]=11111111011111111101111111111110, sa_flags=SA_RESTART|SA_SIGINFO
SIGILL: [libjvm.so+0xdf8d00], sa_mask[0]=11111111011111111101111111111110, sa_flags=SA_RESTART|SA_SIGINFO
SIGUSR2: [libjvm.so+0xbcbad0], sa_mask[0]=00100000000000000000000000000000, sa_flags=SA_RESTART|SA_SIGINFO
SIGHUP: [libjvm.so+0xbcbe30], sa_mask[0]=11111111011111111101111111111110, sa_flags=SA_RESTART|SA_SIGINFO
SIGINT: [libjvm.so+0xbcbe30], sa_mask[0]=11111111011111111101111111111110, sa_flags=SA_RESTART|SA_SIGINFO
SIGTERM: [libjvm.so+0xbcbe30], sa_mask[0]=11111111011111111101111111111110, sa_flags=SA_RESTART|SA_SIGINFO
SIGQUIT: [libjvm.so+0xbcbe30], sa_mask[0]=11111111011111111101111111111110, sa_flags=SA_RESTART|SA_SIGINFO


---------------  S Y S T E M  ---------------

OS:DISTRIB_ID=Ubuntu
DISTRIB_RELEASE=18.04
DISTRIB_CODENAME=bionic
DISTRIB_DESCRIPTION="Ubuntu 18.04.3 LTS"
uname:Linux 5.3.0-42-generic #34~18.04.1-Ubuntu SMP Fri Feb 28 13:42:26 UTC 2020 x86_64
OS uptime: 0 days 2:23 hours
libc:glibc 2.27 NPTL 2.27 
rlimit: STACK 8192k, CORE 0k, NPROC 15078, NOFILE 4096, AS infinity, CPU infinity, DATA infinity, FSIZE infinity
load average:1.83 1.39 1.14

/proc/meminfo:
MemTotal:        3907988 kB
MemFree:          171236 kB
MemAvailable:     727084 kB
Buffers:           53832 kB
Cached:           966904 kB
SwapCached:         6596 kB
Active:          2479924 kB
Inactive:         885500 kB
Active(anon):    2035856 kB
Inactive(anon):   611160 kB
Active(file):     444068 kB
Inactive(file):   274340 kB
Unevictable:       32472 kB
Mlocked:              64 kB
SwapTotal:       2097148 kB
SwapFree:        1917180 kB
Dirty:              2600 kB
Writeback:             0 kB
AnonPages:       2373528 kB
Mapped:           508348 kB
Shmem:            302052 kB
KReclaimable:      83864 kB
Slab:             194716 kB
SReclaimable:      83864 kB
SUnreclaim:       110852 kB
KernelStack:       18736 kB
PageTables:        67612 kB
NFS_Unstable:          0 kB
Bounce:                0 kB
WritebackTmp:          0 kB
CommitLimit:     4051140 kB
Committed_AS:   10156284 kB
VmallocTotal:   34359738367 kB
VmallocUsed:       34136 kB
VmallocChunk:          0 kB
Percpu:             2944 kB
HardwareCorrupted:     0 kB
AnonHugePages:         0 kB
ShmemHugePages:        0 kB
ShmemPmdMapped:        0 kB
CmaTotal:              0 kB
CmaFree:               0 kB
HugePages_Total:       0
HugePages_Free:        0
HugePages_Rsvd:        0
HugePages_Surp:        0
Hugepagesize:       2048 kB
Hugetlb:               0 kB
DirectMap4k:      298044 kB
DirectMap2M:     3774464 kB


/proc/sys/kernel/threads-max (system-wide limit on the number of threads):
30157


/proc/sys/vm/max_map_count (maximum number of memory map areas a process may have):
65530


/proc/sys/kernel/pid_max (system-wide limit on number of process identifiers):
32768



container (cgroup) information:
container_type: cgroupv1
cpu_cpuset_cpus: 0-3
cpu_memory_nodes: 0
active_processor_count: 4
cpu_quota: -1
cpu_period: 100000
cpu_shares: -1
memory_limit_in_bytes: -1
memory_and_swap_limit_in_bytes: -2
memory_soft_limit_in_bytes: -1
memory_usage_in_bytes: 3367694336
memory_max_usage_in_bytes: 3529879552

Steal ticks since vm start: 0
Steal ticks percentage since vm start:  0.000

CPU:total 4 (initial active 4) (2 cores per cpu, 2 threads per core) family 6 model 42 stepping 7, cmov, cx8, fxsr, mmx, sse, sse2, sse3, ssse3, sse4.1, sse4.2, popcnt, avx, aes, clmul, ht, tsc, tscinvbit
CPU Model and flags from /proc/cpuinfo:
model name	: Intel(R) Core(TM) i5-2520M CPU @ 2.50GHz
flags		: fpu vme de pse tsc msr pae mce cx8 apic sep mtrr pge mca cmov pat pse36 clflush dts acpi mmx fxsr sse sse2 ht tm pbe syscall nx rdtscp lm constant_tsc arch_perfmon pebs bts rep_good nopl xtopology nonstop_tsc cpuid aperfmperf pni pclmulqdq dtes64 monitor ds_cpl vmx smx est tm2 ssse3 cx16 xtpr pdcm pcid sse4_1 sse4_2 x2apic popcnt tsc_deadline_timer aes xsave avx lahf_lm epb pti tpr_shadow vnmi flexpriority ept vpid xsaveopt dtherm ida arat pln pts

Memory: 4k page, physical 3907988k(171236k free), swap 2097148k(1917180k free)

vm_info: OpenJDK 64-Bit Server VM (11.0.7+10-post-Ubuntu-2ubuntu218.04) for linux-amd64 JRE (11.0.7+10-post-Ubuntu-2ubuntu218.04), built on Apr 15 2020 21:12:54 by "unknown" with gcc 7.5.0

END.
