#
# A fatal error has been detected by the Java Runtime Environment:
#
#  SIGSEGV (0xb) at pc=0x00007fd694eb4c27, pid=9798, tid=9807
#
# JRE version: OpenJDK Runtime Environment (11.0.7+10) (build 11.0.7+10-post-Ubuntu-2ubuntu218.04)
# Java VM: OpenJDK 64-Bit Server VM (11.0.7+10-post-Ubuntu-2ubuntu218.04, mixed mode, sharing, tiered, compressed oops, g1 gc, linux-amd64)
# Problematic frame:
# C  [libtesseract.so.4+0xa1c27]  tesseract::Tesseract::recog_all_words(PAGE_RES*, ETEXT_DESC*, TBOX const*, char const*, int)+0x437
#
# Core dump will be written. Default location: Core dumps may be processed with "/usr/share/apport/apport %p %s %c %d %P %E" (or dumping to /home/nakul/eclipse-workspace/selenium/core.9798)
#
# If you would like to submit a bug report, please visit:
#   https://bugs.launchpad.net/ubuntu/+source/openjdk-lts
# The crash happened outside the Java Virtual Machine in native code.
# See problematic frame for where to report the bug.
#

---------------  S U M M A R Y ------------

Command Line: -Dfile.encoding=UTF-8 selenium.NSP

Host: Intel(R) Core(TM) i5-2520M CPU @ 2.50GHz, 4 cores, 3G, Ubuntu 18.04.3 LTS
Time: Fri May 15 08:03:43 2020 IST elapsed time: 13 seconds (0d 0h 0m 13s)

---------------  T H R E A D  ---------------

Current thread (0x00007fd6ec016800):  JavaThread "main" [_thread_in_native, id=9807, stack(0x00007fd6f6a71000,0x00007fd6f6b72000)]

Stack: [0x00007fd6f6a71000,0x00007fd6f6b72000],  sp=0x00007fd6f6b6f660,  free space=1017k
Native frames: (J=compiled Java code, A=aot compiled Java code, j=interpreted, Vv=VM code, C=native code)
C  [libtesseract.so.4+0xa1c27]  tesseract::Tesseract::recog_all_words(PAGE_RES*, ETEXT_DESC*, TBOX const*, char const*, int)+0x437

Java frames: (J=compiled Java code, j=interpreted, Vv=VM code)
j  com.sun.jna.Native.invokePointer(JI[Ljava/lang/Object;)J+0
j  com.sun.jna.Function.invokePointer(I[Ljava/lang/Object;)Lcom/sun/jna/Pointer;+6
j  com.sun.jna.Function.invoke([Ljava/lang/Object;Ljava/lang/Class;Z)Ljava/lang/Object;+426
j  com.sun.jna.Function.invoke(Ljava/lang/Class;[Ljava/lang/Object;Ljava/util/Map;)Ljava/lang/Object;+262
j  com.sun.jna.Library$Handler.invoke(Ljava/lang/Object;Ljava/lang/reflect/Method;[Ljava/lang/Object;)Ljava/lang/Object;+316
j  com.sun.proxy.$Proxy0.TessBaseAPIGetUTF8Text(Lnet/sourceforge/tess4j/ITessAPI$TessBaseAPI;)Lcom/sun/jna/Pointer;+16
j  net.sourceforge.tess4j.Tesseract.getOCRText(Ljava/lang/String;I)Ljava/lang/String;+62
j  net.sourceforge.tess4j.Tesseract.doOCR(Ljava/util/List;Ljava/lang/String;Ljava/awt/Rectangle;)Ljava/lang/String;+62
j  net.sourceforge.tess4j.Tesseract.doOCR(Ljava/io/File;Ljava/awt/Rectangle;)Ljava/lang/String;+10
j  net.sourceforge.tess4j.Tesseract.doOCR(Ljava/io/File;)Ljava/lang/String;+3
j  selenium.NSP.enterinput()V+145
j  selenium.NSP.main([Ljava/lang/String;)V+13
v  ~StubRoutines::call_stub

siginfo: si_signo: 11 (SIGSEGV), si_code: 1 (SEGV_MAPERR), si_addr: 0x000000000000000c

Register to memory mapping:

RAX=0x0 is NULL
RBX=0x00007fd6ec80a080 points into unknown readable memory: 88 0b 32 95 d6 7f 00 00
RCX=0x0 is NULL
RDX=0x00007fd6ec82bc78 points into unknown readable memory: 00 00 00 00 00 00 00 00
RSP=0x00007fd6f6b6f660 is pointing into the stack for thread: 0x00007fd6ec016800
RBP=0x00007fd6f6b6f6b0 is pointing into the stack for thread: 0x00007fd6ec016800
RSI=0x0 is NULL
RDI=0x00007fd6f6b6f770 is pointing into the stack for thread: 0x00007fd6ec016800
R8 =0x0 is NULL
R9 =0x0 is NULL
R10=0x0 is NULL
R11=0x00007fd6ec87a9e0 points into unknown readable memory: 20 a3 87 ec d6 7f 00 00
R12=0x00007fd6ec87a250 points into unknown readable memory: 00 00 00 00 00 00 00 00
R13=0x0 is NULL
R14=0x0 is NULL
R15=0x00007fd6ec87a250 points into unknown readable memory: 00 00 00 00 00 00 00 00


Registers:
RAX=0x0000000000000000, RBX=0x00007fd6ec80a080, RCX=0x0000000000000000, RDX=0x00007fd6ec82bc78
RSP=0x00007fd6f6b6f660, RBP=0x00007fd6f6b6f6b0, RSI=0x0000000000000000, RDI=0x00007fd6f6b6f770
R8 =0x0000000000000000, R9 =0x0000000000000000, R10=0x0000000000000000, R11=0x00007fd6ec87a9e0
R12=0x00007fd6ec87a250, R13=0x0000000000000000, R14=0x0000000000000000, R15=0x00007fd6ec87a250
RIP=0x00007fd694eb4c27, EFLAGS=0x0000000000010246, CSGSFS=0x002b000000000033, ERR=0x0000000000000004
  TRAPNO=0x000000000000000e

Top of Stack: (sp=0x00007fd6f6b6f660)
0x00007fd6f6b6f660:   0000000000000000 0000000000000000
0x00007fd6f6b6f670:   0000000000000000 00007fd6ec87f410
0x00007fd6f6b6f680:   00007fd6ec87b4d0 00007fd6ec882590
0x00007fd6f6b6f690:   0000000000000001 00007fd6f6b6f6c0 

Instructions: (pc=0x00007fd694eb4c27)
0x00007fd694eb4b27:   89 e6 48 89 df e8 af 87 ff ff 4c 89 e6 48 89 df
0x00007fd694eb4b37:   e8 b4 8b ff ff 4c 89 e6 48 89 df e8 f9 72 ff ff
0x00007fd694eb4b47:   4c 89 e6 48 89 df e8 7e 74 ff ff e9 a9 fd ff ff
0x00007fd694eb4b57:   66 0f 1f 84 00 00 00 00 00 48 8b 40 10 7e 2a 8b
0x00007fd694eb4b67:   38 85 ff 75 4c 48 83 c0 04 83 ea 01 48 8d 14 90
0x00007fd694eb4b77:   eb 12 0f 1f 80 00 00 00 00 48 83 c0 04 8b 70 fc
0x00007fd694eb4b87:   85 f6 75 2d 48 39 c2 75 f0 48 85 c9 74 1b 8b 41
0x00007fd694eb4b97:   10 8d 50 ff 83 fa 02 76 10 83 e8 05 83 f8 03 77
0x00007fd694eb4ba7:   10 0f 1f 84 00 00 00 00 00 48 89 ef e8 e8 2d 19
0x00007fd694eb4bb7:   00 31 d2 31 f6 48 89 ef e8 2c f6 18 00 48 8b 44
0x00007fd694eb4bc7:   24 70 48 85 c0 0f 84 8e fd ff ff 48 8b 94 24 80
0x00007fd694eb4bd7:   00 00 00 31 c9 48 8b 52 08 48 85 d2 74 04 48 8b
0x00007fd694eb4be7:   4a 08 48 8b 80 e8 00 00 00 48 85 c0 74 bb 8b 50
0x00007fd694eb4bf7:   34 83 fa 00 74 b3 e9 5e ff ff ff 66 0f 1f 44 00
0x00007fd694eb4c07:   00 31 f6 48 89 ef e8 ce f9 18 00 8b 83 a0 15 00
0x00007fd694eb4c17:   00 85 c0 0f 8f c0 00 00 00 48 8b 83 40 0a 00 00
0x00007fd694eb4c27:   80 78 0c 00 0f 85 a7 02 00 00 8b 83 58 47 02 00
0x00007fd694eb4c37:   85 c0 0f 8e b1 00 00 00 31 d2 45 31 ff eb 2c 66
0x00007fd694eb4c47:   2e 0f 1f 84 00 00 00 00 00 48 8b 8f 40 0a 00 00
0x00007fd694eb4c57:   80 79 0c 00 0f 85 ff 01 00 00 41 83 c7 01 48 83
0x00007fd694eb4c67:   c2 08 44 3b bb 58 47 02 00 7d 7e 48 8b 8b 60 47
0x00007fd694eb4c77:   02 00 48 8b 3c 11 8b 87 a0 15 00 00 85 c0 7e c9
0x00007fd694eb4c87:   48 89 54 24 10 e8 8f 46 0f 00 48 8b 54 24 10 eb
0x00007fd694eb4c97:   c9 0f 1f 84 00 00 00 00 00 80 bb 72 30 02 00 00
0x00007fd694eb4ca7:   0f 85 73 fc ff ff 8b b3 04 1d 02 00 4c 89 e2 4c
0x00007fd694eb4cb7:   89 ff e8 32 d4 0b 00 31 f6 48 89 ef e8 18 f9 18
0x00007fd694eb4cc7:   00 48 8b 44 24 70 48 85 c0 0f 85 fc fe ff ff e9
0x00007fd694eb4cd7:   94 fc ff ff 0f 1f 44 00 00 48 89 df e8 38 46 0f
0x00007fd694eb4ce7:   00 e9 44 ff ff ff 0f 1f 00 4c 8d 7c 24 30 be 04
0x00007fd694eb4cf7:   00 00 00 48 c7 44 24 30 00 00 00 00 48 c7 44 24
0x00007fd694eb4d07:   38 00 00 00 00 48 c7 44 24 40 00 00 00 00 4c 89
0x00007fd694eb4d17:   ff 48 c7 44 24 48 00 00 00 00 e8 3a 19 00 00 48 


Stack slot to memory mapping:
stack at sp + 0 slots: 0x0 is NULL
stack at sp + 1 slots: 0x0 is NULL
stack at sp + 2 slots: 0x0 is NULL
stack at sp + 3 slots: 0x00007fd6ec87f410 points into unknown readable memory: 90 30 88 ec d6 7f 00 00
stack at sp + 4 slots: 0x00007fd6ec87b4d0 points into unknown readable memory: 40 a4 87 ec d6 7f 00 00
stack at sp + 5 slots: 0x00007fd6ec882590 points into unknown readable memory: 90 25 88 ec d6 7f 00 00
stack at sp + 6 slots: 0x0000000000000001 is an unknown value
stack at sp + 7 slots: 0x00007fd6f6b6f6c0 is pointing into the stack for thread: 0x00007fd6ec016800


---------------  P R O C E S S  ---------------

Threads class SMR info:
_java_thread_list=0x00007fd6ec5c1670, length=17, elements={
0x00007fd6ec016800, 0x00007fd6ec0be000, 0x00007fd6ec0c8000, 0x00007fd6ec0cd800,
0x00007fd6ec0d0000, 0x00007fd6ec0d2000, 0x00007fd6ec0d4000, 0x00007fd6ec102800,
0x00007fd6ec107800, 0x00007fd6ec479000, 0x00007fd68800c800, 0x00007fd68800f800,
0x00007fd688011000, 0x00007fd6ec4df000, 0x00007fd6ec542000, 0x00007fd6ec544000,
0x00007fd6ec5c0800
}

Java Threads: ( => current thread )
=>0x00007fd6ec016800 JavaThread "main" [_thread_in_native, id=9807, stack(0x00007fd6f6a71000,0x00007fd6f6b72000)]
  0x00007fd6ec0be000 JavaThread "Reference Handler" daemon [_thread_blocked, id=9814, stack(0x00007fd6d4081000,0x00007fd6d4182000)]
  0x00007fd6ec0c8000 JavaThread "Finalizer" daemon [_thread_blocked, id=9815, stack(0x00007fd6c56ff000,0x00007fd6c5800000)]
  0x00007fd6ec0cd800 JavaThread "Signal Dispatcher" daemon [_thread_blocked, id=9816, stack(0x00007fd6c4c2f000,0x00007fd6c4d30000)]
  0x00007fd6ec0d0000 JavaThread "C2 CompilerThread0" daemon [_thread_blocked, id=9817, stack(0x00007fd6c4b2e000,0x00007fd6c4c2f000)]
  0x00007fd6ec0d2000 JavaThread "C1 CompilerThread0" daemon [_thread_blocked, id=9818, stack(0x00007fd6c4a2d000,0x00007fd6c4b2e000)]
  0x00007fd6ec0d4000 JavaThread "Sweeper thread" daemon [_thread_blocked, id=9819, stack(0x00007fd6c492c000,0x00007fd6c4a2d000)]
  0x00007fd6ec102800 JavaThread "Service Thread" daemon [_thread_blocked, id=9820, stack(0x00007fd6c482b000,0x00007fd6c492c000)]
  0x00007fd6ec107800 JavaThread "Common-Cleaner" daemon [_thread_blocked, id=9822, stack(0x00007fd6c4628000,0x00007fd6c4729000)]
  0x00007fd6ec479000 JavaThread "Exec Default Executor" daemon [_thread_blocked, id=9825, stack(0x00007fd6979cb000,0x00007fd697acc000)]
  0x00007fd68800c800 JavaThread "process reaper" daemon [_thread_in_native, id=9834, stack(0x00007fd6f005b000,0x00007fd6f007d000)]
  0x00007fd68800f800 JavaThread "Exec Stream Pumper" daemon [_thread_in_native, id=9835, stack(0x00007fd6978ca000,0x00007fd6979cb000)]
  0x00007fd688011000 JavaThread "Exec Stream Pumper" daemon [_thread_in_native, id=9836, stack(0x00007fd6977c9000,0x00007fd6978ca000)]
  0x00007fd6ec4df000 JavaThread "ForkJoinPool.commonPool-worker-3" daemon [_thread_blocked, id=9837, stack(0x00007fd6976c8000,0x00007fd6977c9000)]
  0x00007fd6ec542000 JavaThread "OkHttp ConnectionPool" daemon [_thread_blocked, id=9838, stack(0x00007fd6973c7000,0x00007fd6974c8000)]
  0x00007fd6ec544000 JavaThread "Okio Watchdog" daemon [_thread_blocked, id=9839, stack(0x00007fd6972c6000,0x00007fd6973c7000)]
  0x00007fd6ec5c0800 JavaThread "Java2D Disposer" daemon [_thread_blocked, id=10084, stack(0x00007fd6956e1000,0x00007fd6957e2000)]

Other Threads:
  0x00007fd6ec0bb000 VMThread "VM Thread" [stack: 0x00007fd6d4184000,0x00007fd6d4284000] [id=9813]
  0x00007fd6ec105000 WatcherThread [stack: 0x00007fd6c472b000,0x00007fd6c482b000] [id=9821]
  0x00007fd6ec02f000 GCTaskThread "GC Thread#0" [stack: 0x00007fd6f2a5c000,0x00007fd6f2b5c000] [id=9808]
  0x00007fd6bc001000 GCTaskThread "GC Thread#1" [stack: 0x00007fd6c4100000,0x00007fd6c4200000] [id=9823]
  0x00007fd6ec049800 ConcurrentGCThread "G1 Main Marker" [stack: 0x00007fd6f01dc000,0x00007fd6f02dc000] [id=9809]
  0x00007fd6ec04b800 ConcurrentGCThread "G1 Conc#0" [stack: 0x00007fd6f00da000,0x00007fd6f01da000] [id=9810]
  0x00007fd6ec08d000 ConcurrentGCThread "G1 Refine#0" [stack: 0x00007fd6d4409000,0x00007fd6d4509000] [id=9811]
  0x00007fd6c0001000 ConcurrentGCThread "G1 Refine#1" [stack: 0x00007fd697ace000,0x00007fd697bce000] [id=9824]
  0x00007fd6ec08f000 ConcurrentGCThread "G1 Young RemSet Sampling" [stack: 0x00007fd6d4307000,0x00007fd6d4407000] [id=9812]

Threads with active compile tasks:

VM state:not at safepoint (normal execution)

VM Mutex/Monitor currently owned by a thread: None

Heap address: 0x00000000c4400000, size: 956 MB, Compressed Oops mode: 32-bit
Narrow klass base: 0x0000000800000000, Narrow klass shift: 3
Compressed class space size: 1073741824 Address: 0x0000000840000000

Heap:
 garbage-first heap   total 63488K, used 7167K [0x00000000c4400000, 0x0000000100000000)
  region size 1024K, 4 young (4096K), 3 survivors (3072K)
 Metaspace       used 14437K, capacity 15026K, committed 15360K, reserved 1062912K
  class space    used 1790K, capacity 2020K, committed 2048K, reserved 1048576K
Heap Regions: E=young(eden), S=young(survivor), O=old, HS=humongous(starts), HC=humongous(continues), CS=collection set, F=free, A=archive, TAMS=top-at-mark-start (previous, next)
|   0|0x00000000c4400000, 0x00000000c4500000, 0x00000000c4500000|100%| O|  |TAMS 0x00000000c4400000, 0x00000000c4400000| Untracked 
|   1|0x00000000c4500000, 0x00000000c4600000, 0x00000000c4600000|100%| O|  |TAMS 0x00000000c4500000, 0x00000000c4500000| Untracked 
|   2|0x00000000c4600000, 0x00000000c4700000, 0x00000000c4700000|100%| O|  |TAMS 0x00000000c4600000, 0x00000000c4600000| Untracked 
|   3|0x00000000c4700000, 0x00000000c47dca00, 0x00000000c4800000| 86%| O|  |TAMS 0x00000000c4700000, 0x00000000c4700000| Untracked 
|   4|0x00000000c4800000, 0x00000000c4800000, 0x00000000c4900000|  0%| F|  |TAMS 0x00000000c4800000, 0x00000000c4800000| Untracked 
|   5|0x00000000c4900000, 0x00000000c4900000, 0x00000000c4a00000|  0%| F|  |TAMS 0x00000000c4900000, 0x00000000c4900000| Untracked 
|   6|0x00000000c4a00000, 0x00000000c4a00000, 0x00000000c4b00000|  0%| F|  |TAMS 0x00000000c4a00000, 0x00000000c4a00000| Untracked 
|   7|0x00000000c4b00000, 0x00000000c4b00000, 0x00000000c4c00000|  0%| F|  |TAMS 0x00000000c4b00000, 0x00000000c4b00000| Untracked 
|   8|0x00000000c4c00000, 0x00000000c4c00000, 0x00000000c4d00000|  0%| F|  |TAMS 0x00000000c4c00000, 0x00000000c4c00000| Untracked 
|   9|0x00000000c4d00000, 0x00000000c4d00000, 0x00000000c4e00000|  0%| F|  |TAMS 0x00000000c4d00000, 0x00000000c4d00000| Untracked 
|  10|0x00000000c4e00000, 0x00000000c4e00000, 0x00000000c4f00000|  0%| F|  |TAMS 0x00000000c4e00000, 0x00000000c4e00000| Untracked 
|  11|0x00000000c4f00000, 0x00000000c4f00000, 0x00000000c5000000|  0%| F|  |TAMS 0x00000000c4f00000, 0x00000000c4f00000| Untracked 
|  12|0x00000000c5000000, 0x00000000c5000000, 0x00000000c5100000|  0%| F|  |TAMS 0x00000000c5000000, 0x00000000c5000000| Untracked 
|  13|0x00000000c5100000, 0x00000000c5100000, 0x00000000c5200000|  0%| F|  |TAMS 0x00000000c5100000, 0x00000000c5100000| Untracked 
|  14|0x00000000c5200000, 0x00000000c5200000, 0x00000000c5300000|  0%| F|  |TAMS 0x00000000c5200000, 0x00000000c5200000| Untracked 
|  15|0x00000000c5300000, 0x00000000c5300000, 0x00000000c5400000|  0%| F|  |TAMS 0x00000000c5300000, 0x00000000c5300000| Untracked 
|  16|0x00000000c5400000, 0x00000000c5400000, 0x00000000c5500000|  0%| F|  |TAMS 0x00000000c5400000, 0x00000000c5400000| Untracked 
|  17|0x00000000c5500000, 0x00000000c5500000, 0x00000000c5600000|  0%| F|  |TAMS 0x00000000c5500000, 0x00000000c5500000| Untracked 
|  18|0x00000000c5600000, 0x00000000c5600000, 0x00000000c5700000|  0%| F|  |TAMS 0x00000000c5600000, 0x00000000c5600000| Untracked 
|  19|0x00000000c5700000, 0x00000000c5700000, 0x00000000c5800000|  0%| F|  |TAMS 0x00000000c5700000, 0x00000000c5700000| Untracked 
|  20|0x00000000c5800000, 0x00000000c5800000, 0x00000000c5900000|  0%| F|  |TAMS 0x00000000c5800000, 0x00000000c5800000| Untracked 
|  21|0x00000000c5900000, 0x00000000c5900000, 0x00000000c5a00000|  0%| F|  |TAMS 0x00000000c5900000, 0x00000000c5900000| Untracked 
|  22|0x00000000c5a00000, 0x00000000c5a00000, 0x00000000c5b00000|  0%| F|  |TAMS 0x00000000c5a00000, 0x00000000c5a00000| Untracked 
|  23|0x00000000c5b00000, 0x00000000c5b00000, 0x00000000c5c00000|  0%| F|  |TAMS 0x00000000c5b00000, 0x00000000c5b00000| Untracked 
|  24|0x00000000c5c00000, 0x00000000c5c00000, 0x00000000c5d00000|  0%| F|  |TAMS 0x00000000c5c00000, 0x00000000c5c00000| Untracked 
|  25|0x00000000c5d00000, 0x00000000c5d00000, 0x00000000c5e00000|  0%| F|  |TAMS 0x00000000c5d00000, 0x00000000c5d00000| Untracked 
|  26|0x00000000c5e00000, 0x00000000c5e00000, 0x00000000c5f00000|  0%| F|  |TAMS 0x00000000c5e00000, 0x00000000c5e00000| Untracked 
|  27|0x00000000c5f00000, 0x00000000c5f00000, 0x00000000c6000000|  0%| F|  |TAMS 0x00000000c5f00000, 0x00000000c5f00000| Untracked 
|  28|0x00000000c6000000, 0x00000000c6000000, 0x00000000c6100000|  0%| F|  |TAMS 0x00000000c6000000, 0x00000000c6000000| Untracked 
|  29|0x00000000c6100000, 0x00000000c6100000, 0x00000000c6200000|  0%| F|  |TAMS 0x00000000c6100000, 0x00000000c6100000| Untracked 
|  30|0x00000000c6200000, 0x00000000c6200000, 0x00000000c6300000|  0%| F|  |TAMS 0x00000000c6200000, 0x00000000c6200000| Untracked 
|  31|0x00000000c6300000, 0x00000000c6300000, 0x00000000c6400000|  0%| F|  |TAMS 0x00000000c6300000, 0x00000000c6300000| Untracked 
|  32|0x00000000c6400000, 0x00000000c6400000, 0x00000000c6500000|  0%| F|  |TAMS 0x00000000c6400000, 0x00000000c6400000| Untracked 
|  33|0x00000000c6500000, 0x00000000c6500000, 0x00000000c6600000|  0%| F|  |TAMS 0x00000000c6500000, 0x00000000c6500000| Untracked 
|  34|0x00000000c6600000, 0x00000000c6600000, 0x00000000c6700000|  0%| F|  |TAMS 0x00000000c6600000, 0x00000000c6600000| Untracked 
|  35|0x00000000c6700000, 0x00000000c6772320, 0x00000000c6800000| 44%| S|CS|TAMS 0x00000000c6700000, 0x00000000c6700000| Complete 
|  36|0x00000000c6800000, 0x00000000c6900000, 0x00000000c6900000|100%| S|CS|TAMS 0x00000000c6800000, 0x00000000c6800000| Complete 
|  37|0x00000000c6900000, 0x00000000c6a00000, 0x00000000c6a00000|100%| S|CS|TAMS 0x00000000c6900000, 0x00000000c6900000| Complete 
|  38|0x00000000c6a00000, 0x00000000c6a00000, 0x00000000c6b00000|  0%| F|  |TAMS 0x00000000c6a00000, 0x00000000c6a00000| Untracked 
|  39|0x00000000c6b00000, 0x00000000c6b00000, 0x00000000c6c00000|  0%| F|  |TAMS 0x00000000c6b00000, 0x00000000c6b00000| Untracked 
|  40|0x00000000c6c00000, 0x00000000c6c00000, 0x00000000c6d00000|  0%| F|  |TAMS 0x00000000c6c00000, 0x00000000c6c00000| Untracked 
|  41|0x00000000c6d00000, 0x00000000c6d00000, 0x00000000c6e00000|  0%| F|  |TAMS 0x00000000c6d00000, 0x00000000c6d00000| Untracked 
|  42|0x00000000c6e00000, 0x00000000c6e00000, 0x00000000c6f00000|  0%| F|  |TAMS 0x00000000c6e00000, 0x00000000c6e00000| Untracked 
|  43|0x00000000c6f00000, 0x00000000c6f00000, 0x00000000c7000000|  0%| F|  |TAMS 0x00000000c6f00000, 0x00000000c6f00000| Untracked 
|  44|0x00000000c7000000, 0x00000000c7000000, 0x00000000c7100000|  0%| F|  |TAMS 0x00000000c7000000, 0x00000000c7000000| Untracked 
|  45|0x00000000c7100000, 0x00000000c7100000, 0x00000000c7200000|  0%| F|  |TAMS 0x00000000c7100000, 0x00000000c7100000| Untracked 
|  46|0x00000000c7200000, 0x00000000c7200000, 0x00000000c7300000|  0%| F|  |TAMS 0x00000000c7200000, 0x00000000c7200000| Untracked 
|  47|0x00000000c7300000, 0x00000000c7300000, 0x00000000c7400000|  0%| F|  |TAMS 0x00000000c7300000, 0x00000000c7300000| Untracked 
|  48|0x00000000c7400000, 0x00000000c7400000, 0x00000000c7500000|  0%| F|  |TAMS 0x00000000c7400000, 0x00000000c7400000| Untracked 
|  49|0x00000000c7500000, 0x00000000c7500000, 0x00000000c7600000|  0%| F|  |TAMS 0x00000000c7500000, 0x00000000c7500000| Untracked 
|  50|0x00000000c7600000, 0x00000000c7600000, 0x00000000c7700000|  0%| F|  |TAMS 0x00000000c7600000, 0x00000000c7600000| Untracked 
|  51|0x00000000c7700000, 0x00000000c7700000, 0x00000000c7800000|  0%| F|  |TAMS 0x00000000c7700000, 0x00000000c7700000| Untracked 
|  52|0x00000000c7800000, 0x00000000c7800000, 0x00000000c7900000|  0%| F|  |TAMS 0x00000000c7800000, 0x00000000c7800000| Untracked 
|  53|0x00000000c7900000, 0x00000000c7900000, 0x00000000c7a00000|  0%| F|  |TAMS 0x00000000c7900000, 0x00000000c7900000| Untracked 
|  54|0x00000000c7a00000, 0x00000000c7a00000, 0x00000000c7b00000|  0%| F|  |TAMS 0x00000000c7a00000, 0x00000000c7a00000| Untracked 
|  55|0x00000000c7b00000, 0x00000000c7b00000, 0x00000000c7c00000|  0%| F|  |TAMS 0x00000000c7b00000, 0x00000000c7b00000| Untracked 
|  56|0x00000000c7c00000, 0x00000000c7c00000, 0x00000000c7d00000|  0%| F|  |TAMS 0x00000000c7c00000, 0x00000000c7c00000| Untracked 
|  57|0x00000000c7d00000, 0x00000000c7d00000, 0x00000000c7e00000|  0%| F|  |TAMS 0x00000000c7d00000, 0x00000000c7d00000| Untracked 
|  58|0x00000000c7e00000, 0x00000000c7e00000, 0x00000000c7f00000|  0%| F|  |TAMS 0x00000000c7e00000, 0x00000000c7e00000| Untracked 
|  59|0x00000000c7f00000, 0x00000000c8000000, 0x00000000c8000000|100%| E|  |TAMS 0x00000000c7f00000, 0x00000000c7f00000| Complete 
| 954|0x00000000ffe00000, 0x00000000ffe47000, 0x00000000fff00000| 27%|OA|  |TAMS 0x00000000ffe00000, 0x00000000ffe00000| Untracked 
| 955|0x00000000fff00000, 0x00000000fff6a000, 0x0000000100000000| 41%|CA|  |TAMS 0x00000000fff00000, 0x00000000fff00000| Untracked 

Card table byte_map: [0x00007fd6f229a000,0x00007fd6f2478000] _byte_map_base: 0x00007fd6f1c78000

Marking Bits (Prev, Next): (CMBitMap*) 0x00007fd6ec045008, (CMBitMap*) 0x00007fd6ec045040
 Prev Bits: [0x00007fd6f11cc000, 0x00007fd6f20bc000)
 Next Bits: [0x00007fd6f02dc000, 0x00007fd6f11cc000)

Polling page: 0x00007fd6f6b91000

Metaspace:

Usage:
  Non-class:     12.70 MB capacity,    12.35 MB ( 97%) used,   305.50 KB (  2%) free+waste,    53.31 KB ( <1%) overhead. 
      Class:      1.97 MB capacity,     1.75 MB ( 89%) used,   201.34 KB ( 10%) free+waste,    27.94 KB (  1%) overhead. 
       Both:     14.67 MB capacity,    14.10 MB ( 96%) used,   506.84 KB (  3%) free+waste,    81.25 KB ( <1%) overhead. 

Virtual space:
  Non-class space:       14.00 MB reserved,      13.00 MB ( 93%) committed 
      Class space:        1.00 GB reserved,       2.00 MB ( <1%) committed 
             Both:        1.01 GB reserved,      15.00 MB (  1%) committed 

Chunk freelists:
   Non-Class:  90.00 KB
       Class:  28.00 KB
        Both:  118.00 KB

MaxMetaspaceSize: unlimited
CompressedClassSpaceSize: 1.00 GB

CodeHeap 'non-profiled nmethods': size=120032Kb used=603Kb max_used=603Kb free=119428Kb
 bounds [0x00007fd6dc3d5000, 0x00007fd6dc645000, 0x00007fd6e390d000]
CodeHeap 'profiled nmethods': size=120032Kb used=3770Kb max_used=3770Kb free=116261Kb
 bounds [0x00007fd6d4e9d000, 0x00007fd6d524d000, 0x00007fd6dc3d5000]
CodeHeap 'non-nmethods': size=5696Kb used=1169Kb max_used=1185Kb free=4526Kb
 bounds [0x00007fd6d490d000, 0x00007fd6d4b7d000, 0x00007fd6d4e9d000]
 total_blobs=2817 nmethods=1866 adapters=426
 compilation: enabled
              stopped_count=0, restarted_count=0
 full_count=0

Compilation events (20 events):
Event: 13.267 Thread 0x00007fd6ec0d2000 1858       3       java.lang.Integer::compare (20 bytes)
Event: 13.267 Thread 0x00007fd6ec0d2000 nmethod 1858 0x00007fd6d5248d10 code [0x00007fd6d5248ec0, 0x00007fd6d52490b0]
Event: 13.267 Thread 0x00007fd6ec0d2000 1857       3       java.util.TreeMap::rotateLeft (96 bytes)
Event: 13.268 Thread 0x00007fd6ec0d2000 nmethod 1857 0x00007fd6d5249110 code [0x00007fd6d5249300, 0x00007fd6d5249890]
Event: 13.272 Thread 0x00007fd6ec0d2000 1859  s    3       java.util.Vector::elementAt (48 bytes)
Event: 13.273 Thread 0x00007fd6ec0d2000 nmethod 1859 0x00007fd6d5249990 code [0x00007fd6d5249c20, 0x00007fd6d524a8a8]
Event: 13.274 Thread 0x00007fd6ec0d2000 1860       3       javax.imageio.stream.ImageInputStreamImpl::checkClosed (18 bytes)
Event: 13.274 Thread 0x00007fd6ec0d2000 nmethod 1860 0x00007fd6d524ac90 code [0x00007fd6d524ae60, 0x00007fd6d524b0e8]
Event: 13.286 Thread 0x00007fd6ec0d2000 1861       1       javax.imageio.plugins.tiff.TIFFTag::getNumber (5 bytes)
Event: 13.286 Thread 0x00007fd6ec0d2000 nmethod 1861 0x00007fd6dc468010 code [0x00007fd6dc4681c0, 0x00007fd6dc4682f0]
Event: 13.286 Thread 0x00007fd6ec0d2000 1862       1       javax.imageio.plugins.tiff.TIFFTag::getName (5 bytes)
Event: 13.286 Thread 0x00007fd6ec0d2000 nmethod 1862 0x00007fd6dc468390 code [0x00007fd6dc468540, 0x00007fd6dc468670]
Event: 13.289 Thread 0x00007fd6ec0d0000 nmethod 1845 0x00007fd6dc468710 code [0x00007fd6dc468a40, 0x00007fd6dc469ed8]
Event: 13.290 Thread 0x00007fd6ec0d0000 1848       4       java.util.ArrayList::add (25 bytes)
Event: 13.291 Thread 0x00007fd6ec0d2000 1863       1       java.awt.image.SampleModel::getNumBands (5 bytes)
Event: 13.291 Thread 0x00007fd6ec0d2000 nmethod 1863 0x00007fd6dc46a890 code [0x00007fd6dc46aa40, 0x00007fd6dc46ab70]
Event: 13.293 Thread 0x00007fd6ec0d2000 1864       3       java.lang.Math::max (12 bytes)
Event: 13.293 Thread 0x00007fd6ec0d2000 nmethod 1864 0x00007fd6d524b190 code [0x00007fd6d524b340, 0x00007fd6d524b4d0]
Event: 13.294 Thread 0x00007fd6ec0d2000 1865       3       java.lang.Math::min (12 bytes)
Event: 13.295 Thread 0x00007fd6ec0d2000 nmethod 1865 0x00007fd6d524b590 code [0x00007fd6d524b740, 0x00007fd6d524b8d0]

GC Heap History (6 events):
Event: 0.567 GC heap before
{Heap before GC invocations=0 (full 0):
 garbage-first heap   total 63488K, used 15044K [0x00000000c4400000, 0x0000000100000000)
  region size 1024K, 14 young (14336K), 0 survivors (0K)
 Metaspace       used 5150K, capacity 5983K, committed 6144K, reserved 1056768K
  class space    used 572K, capacity 651K, committed 768K, reserved 1048576K
}
Event: 0.581 GC heap after
{Heap after GC invocations=1 (full 0):
 garbage-first heap   total 63488K, used 4590K [0x00000000c4400000, 0x0000000100000000)
  region size 1024K, 2 young (2048K), 2 survivors (2048K)
 Metaspace       used 5150K, capacity 5983K, committed 6144K, reserved 1056768K
  class space    used 572K, capacity 651K, committed 768K, reserved 1048576K
}
Event: 0.820 GC heap before
{Heap before GC invocations=1 (full 0):
 garbage-first heap   total 63488K, used 11758K [0x00000000c4400000, 0x0000000100000000)
  region size 1024K, 9 young (9216K), 2 survivors (2048K)
 Metaspace       used 7396K, capacity 7757K, committed 7936K, reserved 1056768K
  class space    used 880K, capacity 1015K, committed 1024K, reserved 1048576K
}
Event: 0.831 GC heap after
{Heap after GC invocations=2 (full 0):
 garbage-first heap   total 63488K, used 5416K [0x00000000c4400000, 0x0000000100000000)
  region size 1024K, 1 young (1024K), 1 survivors (1024K)
 Metaspace       used 7396K, capacity 7757K, committed 7936K, reserved 1056768K
  class space    used 880K, capacity 1015K, committed 1024K, reserved 1048576K
}
Event: 13.239 GC heap before
{Heap before GC invocations=2 (full 0):
 garbage-first heap   total 63488K, used 26920K [0x00000000c4400000, 0x0000000100000000)
  region size 1024K, 22 young (22528K), 1 survivors (1024K)
 Metaspace       used 13736K, capacity 14348K, committed 14720K, reserved 1062912K
  class space    used 1644K, capacity 1859K, committed 1920K, reserved 1048576K
}
Event: 13.247 GC heap after
{Heap after GC invocations=3 (full 0):
 garbage-first heap   total 63488K, used 7167K [0x00000000c4400000, 0x0000000100000000)
  region size 1024K, 3 young (3072K), 3 survivors (3072K)
 Metaspace       used 13736K, capacity 14348K, committed 14720K, reserved 1062912K
  class space    used 1644K, capacity 1859K, committed 1920K, reserved 1048576K
}

Deoptimization events (20 events):
Event: 13.148 Thread 0x00007fd6ec016800 Uncommon trap: trap_request=0xffffff4d fr.pc=0x00007fd6dc43998c relative=0x000000000000022c
Event: 13.148 Thread 0x00007fd6ec016800 Uncommon trap: reason=unstable_if action=reinterpret pc=0x00007fd6dc43998c method=java.util.HashMap.getNode(ILjava/lang/Object;)Ljava/util/HashMap$Node; @ 62 c2
Event: 13.148 Thread 0x00007fd6ec016800 DEOPT PACKING pc=0x00007fd6dc43998c sp=0x00007fd6f6b6f600
Event: 13.148 Thread 0x00007fd6ec016800 DEOPT UNPACKING pc=0x00007fd6d49359a5 sp=0x00007fd6f6b6f5a8 mode 2
Event: 13.148 Thread 0x00007fd6ec016800 Uncommon trap: trap_request=0xffffffde fr.pc=0x00007fd6dc4114a0 relative=0x0000000000000d80
Event: 13.148 Thread 0x00007fd6ec016800 Uncommon trap: reason=class_check action=maybe_recompile pc=0x00007fd6dc4114a0 method=java.util.HashMap.putVal(ILjava/lang/Object;Ljava/lang/Object;ZZ)Ljava/lang/Object; @ 91 c2
Event: 13.148 Thread 0x00007fd6ec016800 DEOPT PACKING pc=0x00007fd6dc4114a0 sp=0x00007fd6f6b6f5f0
Event: 13.148 Thread 0x00007fd6ec016800 DEOPT UNPACKING pc=0x00007fd6d49359a5 sp=0x00007fd6f6b6f590 mode 2
Event: 13.148 Thread 0x00007fd6ec016800 Uncommon trap: trap_request=0xffffffde fr.pc=0x00007fd6dc4114a0 relative=0x0000000000000d80
Event: 13.148 Thread 0x00007fd6ec016800 Uncommon trap: reason=class_check action=maybe_recompile pc=0x00007fd6dc4114a0 method=java.util.HashMap.putVal(ILjava/lang/Object;Ljava/lang/Object;ZZ)Ljava/lang/Object; @ 91 c2
Event: 13.148 Thread 0x00007fd6ec016800 DEOPT PACKING pc=0x00007fd6dc4114a0 sp=0x00007fd6f6b6f580
Event: 13.148 Thread 0x00007fd6ec016800 DEOPT UNPACKING pc=0x00007fd6d49359a5 sp=0x00007fd6f6b6f520 mode 2
Event: 13.149 Thread 0x00007fd6ec016800 Uncommon trap: trap_request=0xffffffde fr.pc=0x00007fd6dc4114a0 relative=0x0000000000000d80
Event: 13.149 Thread 0x00007fd6ec016800 Uncommon trap: reason=class_check action=maybe_recompile pc=0x00007fd6dc4114a0 method=java.util.HashMap.putVal(ILjava/lang/Object;Ljava/lang/Object;ZZ)Ljava/lang/Object; @ 91 c2
Event: 13.149 Thread 0x00007fd6ec016800 DEOPT PACKING pc=0x00007fd6dc4114a0 sp=0x00007fd6f6b6f5a0
Event: 13.149 Thread 0x00007fd6ec016800 DEOPT UNPACKING pc=0x00007fd6d49359a5 sp=0x00007fd6f6b6f540 mode 2
Event: 13.199 Thread 0x00007fd6ec016800 DEOPT PACKING pc=0x00007fd6d521f1a0 sp=0x00007fd6f6b6c000
Event: 13.199 Thread 0x00007fd6ec016800 DEOPT UNPACKING pc=0x00007fd6d49357ba sp=0x00007fd6f6b6b538 mode 0
Event: 13.238 Thread 0x00007fd6ec016800 DEOPT PACKING pc=0x00007fd6d521f1a0 sp=0x00007fd6f6b6f790
Event: 13.238 Thread 0x00007fd6ec016800 DEOPT UNPACKING pc=0x00007fd6d49357ba sp=0x00007fd6f6b6ecc8 mode 0

Classes redefined (0 events):
No events

Internal exceptions (20 events):
Event: 12.420 Thread 0x00007fd6ec016800 Exception <a 'java/net/SocketTimeoutException'{0x00000000c76db9f0}: Read timed out> (0x00000000c76db9f0) thrown at [./src/hotspot/share/prims/jni.cpp, line 636]
Event: 12.457 Thread 0x00007fd6ec016800 Exception <a 'java/net/SocketTimeoutException'{0x00000000c75fb9b0}: Read timed out> (0x00000000c75fb9b0) thrown at [./src/hotspot/share/prims/jni.cpp, line 636]
Event: 12.474 Thread 0x00007fd6ec016800 Exception <a 'java/net/SocketTimeoutException'{0x00000000c7412530}: Read timed out> (0x00000000c7412530) thrown at [./src/hotspot/share/prims/jni.cpp, line 636]
Event: 12.499 Thread 0x00007fd6ec016800 Exception <a 'java/net/SocketTimeoutException'{0x00000000c745c020}: Read timed out> (0x00000000c745c020) thrown at [./src/hotspot/share/prims/jni.cpp, line 636]
Event: 12.729 Thread 0x00007fd6ec016800 Exception <a 'java/net/SocketTimeoutException'{0x00000000c746cdc8}: Read timed out> (0x00000000c746cdc8) thrown at [./src/hotspot/share/prims/jni.cpp, line 636]
Event: 12.749 Thread 0x00007fd6ec016800 Exception <a 'java/net/SocketTimeoutException'{0x00000000c749bdf0}: Read timed out> (0x00000000c749bdf0) thrown at [./src/hotspot/share/prims/jni.cpp, line 636]
Event: 12.780 Thread 0x00007fd6ec016800 Exception <a 'java/net/SocketTimeoutException'{0x00000000c74ac640}: Read timed out> (0x00000000c74ac640) thrown at [./src/hotspot/share/prims/jni.cpp, line 636]
Event: 12.792 Thread 0x00007fd6ec016800 Exception <a 'java/net/SocketTimeoutException'{0x00000000c74c63c8}: Read timed out> (0x00000000c74c63c8) thrown at [./src/hotspot/share/prims/jni.cpp, line 636]
Event: 12.823 Thread 0x00007fd6ec016800 Exception <a 'java/net/SocketTimeoutException'{0x00000000c74d6fd0}: Read timed out> (0x00000000c74d6fd0) thrown at [./src/hotspot/share/prims/jni.cpp, line 636]
Event: 12.908 Thread 0x00007fd6ec016800 Exception <a 'java/lang/ClassNotFoundException'{0x00000000c7293bd0}: javax/smartcardio/CardPermission> (0x00000000c7293bd0) thrown at [./src/hotspot/share/classfile/systemDictionary.cpp, line 231]
Event: 12.911 Thread 0x00007fd6ec016800 Exception <a 'java/io/FileNotFoundException'{0x00000000c72a0ae8}> (0x00000000c72a0ae8) thrown at [./src/hotspot/share/prims/jni.cpp, line 615]
Event: 12.961 Thread 0x00007fd6ec016800 Exception <a 'java/lang/ClassNotFoundException'{0x00000000c7000508}: sun/awt/resources/spi/awtProvider> (0x00000000c7000508) thrown at [./src/hotspot/share/classfile/systemDictionary.cpp, line 231]
Event: 12.970 Thread 0x00007fd6ec016800 Exception <a 'java/io/FileNotFoundException'{0x00000000c70457e0}> (0x00000000c70457e0) thrown at [./src/hotspot/share/prims/jni.cpp, line 615]
Event: 12.979 Thread 0x00007fd6ec016800 Exception <a 'java/lang/NoSuchMethodError'{0x00000000c70a0418}: 'java.lang.Object java.lang.invoke.DirectMethodHandle$Holder.invokeStatic(java.lang.Object, java.lang.Object, java.lang.Object, java.lang.Object, java.lang.Object, java.lang.Object, java.lang.Object, java.lang.Object, java.lang.Object, java.lang.Object, java.lang.Object, java.lang.Object, java.lang.Object, java.lang.Object, java.lang.Object)'> (0x00000000c70a0418) thrown at [./src/hotspot/share/interpreter/linkResolver.cpp, line 773]
Event: 12.981 Thread 0x00007fd6ec016800 Exception <a 'java/lang/NoSuchMethodError'{0x00000000c70adfc8}: 'java.lang.Object java.lang.invoke.DirectMethodHandle$Holder.invokeStatic(java.lang.Object, java.lang.Object, java.lang.Object, java.lang.Object, java.lang.Object, java.lang.Object, java.lang.Object, java.lang.Object, java.lang.Object, java.lang.Object, java.lang.Object, java.lang.Object, java.lang.Object, java.lang.Object, java.lang.Object, java.lang.Object)'> (0x00000000c70adfc8) thrown at [./src/hotspot/share/interpreter/linkResolver.cpp, l
Event: 12.982 Thread 0x00007fd6ec016800 Exception <a 'java/lang/NoSuchMethodError'{0x00000000c70bbc38}: 'java.lang.Object java.lang.invoke.DirectMethodHandle$Holder.invokeSpecial(java.lang.Object, java.lang.Object, int, int, java.lang.Object, java.lang.Object, java.lang.Object)'> (0x00000000c70bbc38) thrown at [./src/hotspot/share/interpreter/linkResolver.cpp, line 773]
Event: 12.982 Thread 0x00007fd6ec016800 Exception <a 'java/lang/NoSuchMethodError'{0x00000000c70bf1c8}: 'java.lang.Object java.lang.invoke.DelegatingMethodHandle$Holder.reinvoke_L(java.lang.Object, int, int, java.lang.Object, java.lang.Object, java.lang.Object)'> (0x00000000c70bf1c8) thrown at [./src/hotspot/share/interpreter/linkResolver.cpp, line 773]
Event: 12.983 Thread 0x00007fd6ec016800 Exception <a 'java/lang/NoSuchMethodError'{0x00000000c70c31a0}: 'java.lang.Object java.lang.invoke.DirectMethodHandle$Holder.invokeStatic(java.lang.Object, java.lang.Object, java.lang.Object, java.lang.Object, int)'> (0x00000000c70c31a0) thrown at [./src/hotspot/share/interpreter/linkResolver.cpp, line 773]
Event: 13.069 Thread 0x00007fd6ec016800 Exception <a 'java/lang/UnsatisfiedLinkError'{0x00000000c6df89e0}: libtesseract.so: cannot open shared object file: No such file or directory> (0x00000000c6df89e0) thrown at [./src/hotspot/share/prims/jni.cpp, line 636]
Event: 13.069 Thread 0x00007fd6ec016800 Exception <a 'java/lang/UnsatisfiedLinkError'{0x00000000c6df94f0}: libtesseract.so: cannot open shared object file: No such file or directory> (0x00000000c6df94f0) thrown at [./src/hotspot/share/prims/jni.cpp, line 636]

Events (20 events):
Event: 13.289 loading class com/sun/imageio/plugins/tiff/TIFFIFD
Event: 13.289 loading class javax/imageio/plugins/tiff/TIFFDirectory
Event: 13.289 loading class javax/imageio/plugins/tiff/TIFFDirectory done
Event: 13.289 loading class com/sun/imageio/plugins/tiff/TIFFIFD done
Event: 13.289 loading class javax/imageio/plugins/tiff/TIFFField
Event: 13.290 loading class javax/imageio/plugins/tiff/TIFFField done
Event: 13.290 loading class com/sun/imageio/plugins/tiff/TIFFIFD$TIFFIFDEntry
Event: 13.290 loading class com/sun/imageio/plugins/tiff/TIFFIFD$TIFFIFDEntry done
Event: 13.290 loading class com/sun/imageio/plugins/tiff/TIFFDecompressor
Event: 13.291 loading class com/sun/imageio/plugins/tiff/TIFFDecompressor done
Event: 13.291 loading class com/sun/imageio/plugins/common/ImageUtil
Event: 13.291 loading class com/sun/imageio/plugins/common/ImageUtil done
Event: 13.291 loading class com/sun/imageio/plugins/tiff/TIFFNullDecompressor
Event: 13.292 loading class com/sun/imageio/plugins/tiff/TIFFNullDecompressor done
Event: 13.292 loading class com/sun/imageio/plugins/tiff/TIFFImageWriter
Event: 13.292 loading class com/sun/imageio/plugins/tiff/TIFFImageWriter done
Event: 13.294 loading class java/lang/StrictMath
Event: 13.294 loading class java/lang/StrictMath done
Event: 13.295 loading class com/sun/jna/Native$Buffers
Event: 13.295 loading class com/sun/jna/Native$Buffers done


Dynamic libraries:
c4400000-c8000000 rw-p 00000000 00:00 0 
c8000000-ffe00000 ---p 00000000 00:00 0 
ffe00000-ffe47000 rw-p 0110b000 08:01 12456481                           /usr/lib/jvm/java-11-openjdk-amd64/lib/server/classes.jsa
ffe47000-fff00000 rw-p 00000000 00:00 0 
fff00000-fff6a000 rw-p 010a1000 08:01 12456481                           /usr/lib/jvm/java-11-openjdk-amd64/lib/server/classes.jsa
fff6a000-100000000 rw-p 00000000 00:00 0 
800000000-800002000 rwxp 00001000 08:01 12456481                         /usr/lib/jvm/java-11-openjdk-amd64/lib/server/classes.jsa
800002000-8003b8000 rw-p 00003000 08:01 12456481                         /usr/lib/jvm/java-11-openjdk-amd64/lib/server/classes.jsa
8003b8000-800a93000 r--p 003b9000 08:01 12456481                         /usr/lib/jvm/java-11-openjdk-amd64/lib/server/classes.jsa
800a93000-800a94000 rw-p 00a94000 08:01 12456481                         /usr/lib/jvm/java-11-openjdk-amd64/lib/server/classes.jsa
800a94000-8010a0000 r--p 00a95000 08:01 12456481                         /usr/lib/jvm/java-11-openjdk-amd64/lib/server/classes.jsa
840000000-840200000 rw-p 00000000 00:00 0 
840200000-880000000 ---p 00000000 00:00 0 
55d0c7a99000-55d0c7a9a000 r-xp 00000000 08:01 12455190                   /usr/lib/jvm/java-11-openjdk-amd64/bin/java
55d0c7c9a000-55d0c7c9b000 r--p 00001000 08:01 12455190                   /usr/lib/jvm/java-11-openjdk-amd64/bin/java
55d0c7c9b000-55d0c7c9c000 rw-p 00002000 08:01 12455190                   /usr/lib/jvm/java-11-openjdk-amd64/bin/java
55d0c93aa000-55d0c93cb000 rw-p 00000000 00:00 0                          [heap]
7fd664000000-7fd664021000 rw-p 00000000 00:00 0 
7fd664021000-7fd668000000 ---p 00000000 00:00 0 
7fd66b296000-7fd66b396000 rw-p 00000000 00:00 0 
7fd66b396000-7fd66b496000 ---p 00000000 00:00 0 
7fd66b496000-7fd66b4a1000 r-xp 00000000 08:01 6562053                    /usr/lib/x86_64-linux-gnu/libjbig.so.0
7fd66b4a1000-7fd66b6a0000 ---p 0000b000 08:01 6562053                    /usr/lib/x86_64-linux-gnu/libjbig.so.0
7fd66b6a0000-7fd66b6a1000 r--p 0000a000 08:01 6562053                    /usr/lib/x86_64-linux-gnu/libjbig.so.0
7fd66b6a1000-7fd66b6a4000 rw-p 0000b000 08:01 6562053                    /usr/lib/x86_64-linux-gnu/libjbig.so.0
7fd66b6a4000-7fd66b6c8000 r-xp 00000000 08:01 9966594                    /lib/x86_64-linux-gnu/liblzma.so.5.2.2
7fd66b6c8000-7fd66b8c8000 ---p 00024000 08:01 9966594                    /lib/x86_64-linux-gnu/liblzma.so.5.2.2
7fd66b8c8000-7fd66b8c9000 r--p 00024000 08:01 9966594                    /lib/x86_64-linux-gnu/liblzma.so.5.2.2
7fd66b8c9000-7fd66b8ca000 rw-p 00025000 08:01 9966594                    /lib/x86_64-linux-gnu/liblzma.so.5.2.2
7fd66b8ca000-7fd66b91e000 r-xp 00000000 08:01 6555779                    /usr/lib/x86_64-linux-gnu/libopenjp2.so.2.3.0
7fd66b91e000-7fd66bb1e000 ---p 00054000 08:01 6555779                    /usr/lib/x86_64-linux-gnu/libopenjp2.so.2.3.0
7fd66bb1e000-7fd66bb1f000 r--p 00054000 08:01 6555779                    /usr/lib/x86_64-linux-gnu/libopenjp2.so.2.3.0
7fd66bb1f000-7fd66bb20000 rw-p 00055000 08:01 6555779                    /usr/lib/x86_64-linux-gnu/libopenjp2.so.2.3.0
7fd66bb20000-7fd66bb86000 r-xp 00000000 08:01 6562528                    /usr/lib/x86_64-linux-gnu/libwebp.so.6.0.2
7fd66bb86000-7fd66bd85000 ---p 00066000 08:01 6562528                    /usr/lib/x86_64-linux-gnu/libwebp.so.6.0.2
7fd66bd85000-7fd66bd86000 r--p 00065000 08:01 6562528                    /usr/lib/x86_64-linux-gnu/libwebp.so.6.0.2
7fd66bd86000-7fd66bd87000 rw-p 00066000 08:01 6562528                    /usr/lib/x86_64-linux-gnu/libwebp.so.6.0.2
7fd66bd87000-7fd66bd89000 rw-p 00000000 00:00 0 
7fd66bd89000-7fd66bdfc000 r-xp 00000000 08:01 6554686                    /usr/lib/x86_64-linux-gnu/libtiff.so.5.3.0
7fd66bdfc000-7fd66bffb000 ---p 00073000 08:01 6554686                    /usr/lib/x86_64-linux-gnu/libtiff.so.5.3.0
7fd66bffb000-7fd66bfff000 r--p 00072000 08:01 6554686                    /usr/lib/x86_64-linux-gnu/libtiff.so.5.3.0
7fd66bfff000-7fd66c000000 rw-p 00076000 08:01 6554686                    /usr/lib/x86_64-linux-gnu/libtiff.so.5.3.0
7fd66c000000-7fd66c021000 rw-p 00000000 00:00 0 
7fd66c021000-7fd670000000 ---p 00000000 00:00 0 
7fd670000000-7fd670021000 rw-p 00000000 00:00 0 
7fd670021000-7fd674000000 ---p 00000000 00:00 0 
7fd674000000-7fd674021000 rw-p 00000000 00:00 0 
7fd674021000-7fd678000000 ---p 00000000 00:00 0 
7fd678000000-7fd678021000 rw-p 00000000 00:00 0 
7fd678021000-7fd67c000000 ---p 00000000 00:00 0 
7fd67c000000-7fd67c021000 rw-p 00000000 00:00 0 
7fd67c021000-7fd680000000 ---p 00000000 00:00 0 
7fd680000000-7fd680021000 rw-p 00000000 00:00 0 
7fd680021000-7fd684000000 ---p 00000000 00:00 0 
7fd684000000-7fd684021000 rw-p 00000000 00:00 0 
7fd684021000-7fd688000000 ---p 00000000 00:00 0 
7fd688000000-7fd688021000 rw-p 00000000 00:00 0 
7fd688021000-7fd68c000000 ---p 00000000 00:00 0 
7fd68c000000-7fd68c021000 rw-p 00000000 00:00 0 
7fd68c021000-7fd690000000 ---p 00000000 00:00 0 
7fd690000000-7fd690021000 rw-p 00000000 00:00 0 
7fd690021000-7fd694000000 ---p 00000000 00:00 0 
7fd6940df000-7fd6940e7000 r-xp 00000000 08:01 6562893                    /usr/lib/x86_64-linux-gnu/libgif.so.7.0.0
7fd6940e7000-7fd6942e6000 ---p 00008000 08:01 6562893                    /usr/lib/x86_64-linux-gnu/libgif.so.7.0.0
7fd6942e6000-7fd6942e7000 r--p 00007000 08:01 6562893                    /usr/lib/x86_64-linux-gnu/libgif.so.7.0.0
7fd6942e7000-7fd6942e8000 rw-p 00008000 08:01 6562893                    /usr/lib/x86_64-linux-gnu/libgif.so.7.0.0
7fd6942e8000-7fd69434f000 r-xp 00000000 08:01 6554613                    /usr/lib/x86_64-linux-gnu/libjpeg.so.8.1.2
7fd69434f000-7fd69454e000 ---p 00067000 08:01 6554613                    /usr/lib/x86_64-linux-gnu/libjpeg.so.8.1.2
7fd69454e000-7fd69454f000 r--p 00066000 08:01 6554613                    /usr/lib/x86_64-linux-gnu/libjpeg.so.8.1.2
7fd69454f000-7fd694550000 rw-p 00067000 08:01 6554613                    /usr/lib/x86_64-linux-gnu/libjpeg.so.8.1.2
7fd694550000-7fd694581000 r-xp 00000000 08:01 6562256                    /usr/lib/x86_64-linux-gnu/libpng16.so.16.34.0
7fd694581000-7fd694780000 ---p 00031000 08:01 6562256                    /usr/lib/x86_64-linux-gnu/libpng16.so.16.34.0
7fd694780000-7fd694781000 r--p 00030000 08:01 6562256                    /usr/lib/x86_64-linux-gnu/libpng16.so.16.34.0
7fd694781000-7fd694782000 rw-p 00031000 08:01 6562256                    /usr/lib/x86_64-linux-gnu/libpng16.so.16.34.0
7fd694782000-7fd6947b0000 r-xp 00000000 08:01 6555237                    /usr/lib/x86_64-linux-gnu/libgomp.so.1.0.0
7fd6947b0000-7fd6949af000 ---p 0002e000 08:01 6555237                    /usr/lib/x86_64-linux-gnu/libgomp.so.1.0.0
7fd6949af000-7fd6949b0000 r--p 0002d000 08:01 6555237                    /usr/lib/x86_64-linux-gnu/libgomp.so.1.0.0
7fd6949b0000-7fd6949b1000 rw-p 0002e000 08:01 6555237                    /usr/lib/x86_64-linux-gnu/libgomp.so.1.0.0
7fd6949b1000-7fd694c0d000 r-xp 00000000 08:01 6556067                    /usr/lib/x86_64-linux-gnu/liblept.so.5.0.2
7fd694c0d000-7fd694e0c000 ---p 0025c000 08:01 6556067                    /usr/lib/x86_64-linux-gnu/liblept.so.5.0.2
7fd694e0c000-7fd694e0d000 r--p 0025b000 08:01 6556067                    /usr/lib/x86_64-linux-gnu/liblept.so.5.0.2
7fd694e0d000-7fd694e13000 rw-p 0025c000 08:01 6556067                    /usr/lib/x86_64-linux-gnu/liblept.so.5.0.2
7fd694e13000-7fd695120000 r-xp 00000000 08:01 6556069                    /usr/lib/x86_64-linux-gnu/libtesseract.so.4.0.0
7fd695120000-7fd69531f000 ---p 0030d000 08:01 6556069                    /usr/lib/x86_64-linux-gnu/libtesseract.so.4.0.0
7fd69531f000-7fd695324000 r--p 0030c000 08:01 6556069                    /usr/lib/x86_64-linux-gnu/libtesseract.so.4.0.0
7fd695324000-7fd695325000 rw-p 00311000 08:01 6556069                    /usr/lib/x86_64-linux-gnu/libtesseract.so.4.0.0
7fd695325000-7fd6955c9000 rw-p 00000000 00:00 0 
7fd6955c9000-7fd6955e0000 r-xp 00000000 08:01 19017213                   /tmp/jna-104583599/jna7793199844273057937.tmp (deleted)
7fd6955e0000-7fd6956df000 ---p 00017000 08:01 19017213                   /tmp/jna-104583599/jna7793199844273057937.tmp (deleted)
7fd6956df000-7fd6956e1000 rw-p 00016000 08:01 19017213                   /tmp/jna-104583599/jna7793199844273057937.tmp (deleted)
7fd6956e1000-7fd6956e5000 ---p 00000000 00:00 0 
7fd6956e5000-7fd6957e2000 rw-p 00000000 00:00 0 
7fd6957e2000-7fd6957f5000 r-xp 00000000 08:01 9961655                    /lib/x86_64-linux-gnu/libbsd.so.0.8.7
7fd6957f5000-7fd6959f4000 ---p 00013000 08:01 9961655                    /lib/x86_64-linux-gnu/libbsd.so.0.8.7
7fd6959f4000-7fd6959f5000 r--p 00012000 08:01 9961655                    /lib/x86_64-linux-gnu/libbsd.so.0.8.7
7fd6959f5000-7fd6959f6000 rw-p 00013000 08:01 9961655                    /lib/x86_64-linux-gnu/libbsd.so.0.8.7
7fd6959f6000-7fd6959f7000 rw-p 00000000 00:00 0 
7fd6959f7000-7fd6959fc000 r-xp 00000000 08:01 6561397                    /usr/lib/x86_64-linux-gnu/libXdmcp.so.6.0.0
7fd6959fc000-7fd695bfb000 ---p 00005000 08:01 6561397                    /usr/lib/x86_64-linux-gnu/libXdmcp.so.6.0.0
7fd695bfb000-7fd695bfc000 r--p 00004000 08:01 6561397                    /usr/lib/x86_64-linux-gnu/libXdmcp.so.6.0.0
7fd695bfc000-7fd695bfd000 rw-p 00005000 08:01 6561397                    /usr/lib/x86_64-linux-gnu/libXdmcp.so.6.0.0
7fd695bfd000-7fd695bff000 r-xp 00000000 08:01 6561386                    /usr/lib/x86_64-linux-gnu/libXau.so.6.0.0
7fd695bff000-7fd695dff000 ---p 00002000 08:01 6561386                    /usr/lib/x86_64-linux-gnu/libXau.so.6.0.0
7fd695dff000-7fd695e00000 r--p 00002000 08:01 6561386                    /usr/lib/x86_64-linux-gnu/libXau.so.6.0.0
7fd695e00000-7fd695e01000 rw-p 00003000 08:01 6561386                    /usr/lib/x86_64-linux-gnu/libXau.so.6.0.0
7fd695e01000-7fd695e27000 r-xp 00000000 08:01 6562599                    /usr/lib/x86_64-linux-gnu/libxcb.so.1.1.0
7fd695e27000-7fd696027000 ---p 00026000 08:01 6562599                    /usr/lib/x86_64-linux-gnu/libxcb.so.1.1.0
7fd696027000-7fd696028000 r--p 00026000 08:01 6562599                    /usr/lib/x86_64-linux-gnu/libxcb.so.1.1.0
7fd696028000-7fd696029000 rw-p 00027000 08:01 6562599                    /usr/lib/x86_64-linux-gnu/libxcb.so.1.1.0
7fd696029000-7fd696038000 r-xp 00000000 08:01 6561407                    /usr/lib/x86_64-linux-gnu/libXi.so.6.1.0
7fd696038000-7fd696237000 ---p 0000f000 08:01 6561407                    /usr/lib/x86_64-linux-gnu/libXi.so.6.1.0
7fd696237000-7fd696238000 r--p 0000e000 08:01 6561407                    /usr/lib/x86_64-linux-gnu/libXi.so.6.1.0
7fd696238000-7fd696239000 rw-p 0000f000 08:01 6561407                    /usr/lib/x86_64-linux-gnu/libXi.so.6.1.0
7fd696239000-7fd69623e000 r-xp 00000000 08:01 6561425                    /usr/lib/x86_64-linux-gnu/libXtst.so.6.1.0
7fd69623e000-7fd69643d000 ---p 00005000 08:01 6561425                    /usr/lib/x86_64-linux-gnu/libXtst.so.6.1.0
7fd69643d000-7fd69643e000 r--p 00004000 08:01 6561425                    /usr/lib/x86_64-linux-gnu/libXtst.so.6.1.0
7fd69643e000-7fd69643f000 rw-p 00005000 08:01 6561425                    /usr/lib/x86_64-linux-gnu/libXtst.so.6.1.0
7fd69643f000-7fd696448000 r-xp 00000000 08:01 6561419                    /usr/lib/x86_64-linux-gnu/libXrender.so.1.3.0
7fd696448000-7fd696647000 ---p 00009000 08:01 6561419                    /usr/lib/x86_64-linux-gnu/libXrender.so.1.3.0
7fd696647000-7fd696648000 r--p 00008000 08:01 6561419                    /usr/lib/x86_64-linux-gnu/libXrender.so.1.3.0
7fd696648000-7fd696649000 rw-p 00009000 08:01 6561419                    /usr/lib/x86_64-linux-gnu/libXrender.so.1.3.0
7fd696649000-7fd69677c000 r-xp 00000000 08:01 6561382                    /usr/lib/x86_64-linux-gnu/libX11.so.6.3.0
7fd69677c000-7fd69697c000 ---p 00133000 08:01 6561382                    /usr/lib/x86_64-linux-gnu/libX11.so.6.3.0
7fd69697c000-7fd69697d000 r--p 00133000 08:01 6561382                    /usr/lib/x86_64-linux-gnu/libX11.so.6.3.0
7fd69697d000-7fd696981000 rw-p 00134000 08:01 6561382                    /usr/lib/x86_64-linux-gnu/libX11.so.6.3.0
7fd696981000-7fd696992000 r-xp 00000000 08:01 6561399                    /usr/lib/x86_64-linux-gnu/libXext.so.6.4.0
7fd696992000-7fd696b91000 ---p 00011000 08:01 6561399                    /usr/lib/x86_64-linux-gnu/libXext.so.6.4.0
7fd696b91000-7fd696b92000 r--p 00010000 08:01 6561399                    /usr/lib/x86_64-linux-gnu/libXext.so.6.4.0
7fd696b92000-7fd696b93000 rw-p 00011000 08:01 6561399                    /usr/lib/x86_64-linux-gnu/libXext.so.6.4.0
7fd696b93000-7fd696bf2000 r-xp 00000000 08:01 12455373                   /usr/lib/jvm/java-11-openjdk-amd64/lib/libawt_xawt.so
7fd696bf2000-7fd696df1000 ---p 0005f000 08:01 12455373                   /usr/lib/jvm/java-11-openjdk-amd64/lib/libawt_xawt.so
7fd696df1000-7fd696df2000 r--p 0005e000 08:01 12455373                   /usr/lib/jvm/java-11-openjdk-amd64/lib/libawt_xawt.so
7fd696df2000-7fd696df5000 rw-p 0005f000 08:01 12455373                   /usr/lib/jvm/java-11-openjdk-amd64/lib/libawt_xawt.so
7fd696df5000-7fd696df7000 rw-p 00000000 00:00 0 
7fd696df7000-7fd696e95000 r-xp 00000000 08:01 12455371                   /usr/lib/jvm/java-11-openjdk-amd64/lib/libawt.so
7fd696e95000-7fd697095000 ---p 0009e000 08:01 12455371                   /usr/lib/jvm/java-11-openjdk-amd64/lib/libawt.so
7fd697095000-7fd697096000 r--p 0009e000 08:01 12455371                   /usr/lib/jvm/java-11-openjdk-amd64/lib/libawt.so
7fd697096000-7fd6970a1000 rw-p 0009f000 08:01 12455371                   /usr/lib/jvm/java-11-openjdk-amd64/lib/libawt.so
7fd6970a1000-7fd6972c6000 rw-p 00000000 00:00 0 
7fd6972c6000-7fd6972ca000 ---p 00000000 00:00 0 
7fd6972ca000-7fd6973c7000 rw-p 00000000 00:00 0 
7fd6973c7000-7fd6973cb000 ---p 00000000 00:00 0 
7fd6973cb000-7fd6976c8000 rw-p 00000000 00:00 0 
7fd6976c8000-7fd6976cc000 ---p 00000000 00:00 0 
7fd6976cc000-7fd6977c9000 rw-p 00000000 00:00 0 
7fd6977c9000-7fd6977cd000 ---p 00000000 00:00 0 
7fd6977cd000-7fd6978ca000 rw-p 00000000 00:00 0 
7fd6978ca000-7fd6978ce000 ---p 00000000 00:00 0 
7fd6978ce000-7fd6979cb000 rw-p 00000000 00:00 0 
7fd6979cb000-7fd6979cf000 ---p 00000000 00:00 0 
7fd6979cf000-7fd697acc000 rw-p 00000000 00:00 0 
7fd697acc000-7fd697acd000 ---p 00000000 00:00 0 
7fd697acd000-7fd697bce000 rw-p 00000000 00:00 0 
7fd697bce000-7fd697bf8000 r-xp 00000000 08:01 12455404                   /usr/lib/jvm/java-11-openjdk-amd64/lib/libsunec.so
7fd697bf8000-7fd697df7000 ---p 0002a000 08:01 12455404                   /usr/lib/jvm/java-11-openjdk-amd64/lib/libsunec.so
7fd697df7000-7fd697dfb000 r--p 00029000 08:01 12455404                   /usr/lib/jvm/java-11-openjdk-amd64/lib/libsunec.so
7fd697dfb000-7fd697dfd000 rw-p 0002d000 08:01 12455404                   /usr/lib/jvm/java-11-openjdk-amd64/lib/libsunec.so
7fd697dfd000-7fd697dff000 r-xp 00000000 08:01 12455375                   /usr/lib/jvm/java-11-openjdk-amd64/lib/libextnet.so
7fd697dff000-7fd697ffe000 ---p 00002000 08:01 12455375                   /usr/lib/jvm/java-11-openjdk-amd64/lib/libextnet.so
7fd697ffe000-7fd697fff000 r--p 00001000 08:01 12455375                   /usr/lib/jvm/java-11-openjdk-amd64/lib/libextnet.so
7fd697fff000-7fd698000000 rw-p 00002000 08:01 12455375                   /usr/lib/jvm/java-11-openjdk-amd64/lib/libextnet.so
7fd698000000-7fd698021000 rw-p 00000000 00:00 0 
7fd698021000-7fd69c000000 ---p 00000000 00:00 0 
7fd69c000000-7fd69c021000 rw-p 00000000 00:00 0 
7fd69c021000-7fd6a0000000 ---p 00000000 00:00 0 
7fd6a0000000-7fd6a041e000 rw-p 00000000 00:00 0 
7fd6a041e000-7fd6a4000000 ---p 00000000 00:00 0 
7fd6a4000000-7fd6a4021000 rw-p 00000000 00:00 0 
7fd6a4021000-7fd6a8000000 ---p 00000000 00:00 0 
7fd6a8000000-7fd6a8021000 rw-p 00000000 00:00 0 
7fd6a8021000-7fd6ac000000 ---p 00000000 00:00 0 
7fd6ac000000-7fd6ac455000 rw-p 00000000 00:00 0 
7fd6ac455000-7fd6b0000000 ---p 00000000 00:00 0 
7fd6b0000000-7fd6b0021000 rw-p 00000000 00:00 0 
7fd6b0021000-7fd6b4000000 ---p 00000000 00:00 0 
7fd6b4000000-7fd6b4021000 rw-p 00000000 00:00 0 
7fd6b4021000-7fd6b8000000 ---p 00000000 00:00 0 
7fd6b8000000-7fd6b8021000 rw-p 00000000 00:00 0 
7fd6b8021000-7fd6bc000000 ---p 00000000 00:00 0 
7fd6bc000000-7fd6bc021000 rw-p 00000000 00:00 0 
7fd6bc021000-7fd6c0000000 ---p 00000000 00:00 0 
7fd6c0000000-7fd6c0021000 rw-p 00000000 00:00 0 
7fd6c0021000-7fd6c4000000 ---p 00000000 00:00 0 
7fd6c40fe000-7fd6c40ff000 ---p 00000000 00:00 0 
7fd6c40ff000-7fd6c4200000 rw-p 00000000 00:00 0 
7fd6c4200000-7fd6c4216000 r-xp 00000000 08:01 12455398                   /usr/lib/jvm/java-11-openjdk-amd64/lib/libnet.so
7fd6c4216000-7fd6c4415000 ---p 00016000 08:01 12455398                   /usr/lib/jvm/java-11-openjdk-amd64/lib/libnet.so
7fd6c4415000-7fd6c4416000 r--p 00015000 08:01 12455398                   /usr/lib/jvm/java-11-openjdk-amd64/lib/libnet.so
7fd6c4416000-7fd6c4417000 rw-p 00016000 08:01 12455398                   /usr/lib/jvm/java-11-openjdk-amd64/lib/libnet.so
7fd6c4417000-7fd6c4427000 r-xp 00000000 08:01 12455399                   /usr/lib/jvm/java-11-openjdk-amd64/lib/libnio.so
7fd6c4427000-7fd6c4626000 ---p 00010000 08:01 12455399                   /usr/lib/jvm/java-11-openjdk-amd64/lib/libnio.so
7fd6c4626000-7fd6c4627000 r--p 0000f000 08:01 12455399                   /usr/lib/jvm/java-11-openjdk-amd64/lib/libnio.so
7fd6c4627000-7fd6c4628000 rw-p 00010000 08:01 12455399                   /usr/lib/jvm/java-11-openjdk-amd64/lib/libnio.so
7fd6c4628000-7fd6c462c000 ---p 00000000 00:00 0 
7fd6c462c000-7fd6c4729000 rw-p 00000000 00:00 0 
7fd6c4729000-7fd6c472a000 ---p 00000000 00:00 0 
7fd6c472a000-7fd6c482b000 rw-p 00000000 00:00 0 
7fd6c482b000-7fd6c482f000 ---p 00000000 00:00 0 
7fd6c482f000-7fd6c492c000 rw-p 00000000 00:00 0 
7fd6c492c000-7fd6c4930000 ---p 00000000 00:00 0 
7fd6c4930000-7fd6c4a2d000 rw-p 00000000 00:00 0 
7fd6c4a2d000-7fd6c4a31000 ---p 00000000 00:00 0 
7fd6c4a31000-7fd6c4b2e000 rw-p 00000000 00:00 0 
7fd6c4b2e000-7fd6c4b32000 ---p 00000000 00:00 0 
7fd6c4b32000-7fd6c4c2f000 rw-p 00000000 00:00 0 
7fd6c4c2f000-7fd6c4c33000 ---p 00000000 00:00 0 
7fd6c4c33000-7fd6c4d30000 rw-p 00000000 00:00 0 
7fd6c4d30000-7fd6c56ff000 r--p 00000000 08:01 6560357                    /usr/lib/locale/locale-archive
7fd6c56ff000-7fd6c5703000 ---p 00000000 00:00 0 
7fd6c5703000-7fd6c8000000 rw-p 00000000 00:00 0 
7fd6c8000000-7fd6c8021000 rw-p 00000000 00:00 0 
7fd6c8021000-7fd6cc000000 ---p 00000000 00:00 0 
7fd6cc000000-7fd6cc021000 rw-p 00000000 00:00 0 
7fd6cc021000-7fd6d0000000 ---p 00000000 00:00 0 
7fd6d0000000-7fd6d0021000 rw-p 00000000 00:00 0 
7fd6d0021000-7fd6d4000000 ---p 00000000 00:00 0 
7fd6d4081000-7fd6d4085000 ---p 00000000 00:00 0 
7fd6d4085000-7fd6d4182000 rw-p 00000000 00:00 0 
7fd6d4182000-7fd6d4183000 ---p 00000000 00:00 0 
7fd6d4183000-7fd6d4305000 rw-p 00000000 00:00 0 
7fd6d4305000-7fd6d4306000 ---p 00000000 00:00 0 
7fd6d4306000-7fd6d4407000 rw-p 00000000 00:00 0 
7fd6d4407000-7fd6d4408000 ---p 00000000 00:00 0 
7fd6d4408000-7fd6d490d000 rw-p 00000000 00:00 0 
7fd6d490d000-7fd6d4b7d000 rwxp 00000000 00:00 0 
7fd6d4b7d000-7fd6d4e9d000 ---p 00000000 00:00 0 
7fd6d4e9d000-7fd6d524d000 rwxp 00000000 00:00 0 
7fd6d524d000-7fd6dc3d5000 ---p 00000000 00:00 0 
7fd6dc3d5000-7fd6dc645000 rwxp 00000000 00:00 0 
7fd6dc645000-7fd6e390d000 ---p 00000000 00:00 0 
7fd6e390d000-7fd6ec000000 r--s 00000000 08:01 12455408                   /usr/lib/jvm/java-11-openjdk-amd64/lib/modules
7fd6ec000000-7fd6ec889000 rw-p 00000000 00:00 0 
7fd6ec889000-7fd6f0000000 ---p 00000000 00:00 0 
7fd6f005b000-7fd6f005f000 ---p 00000000 00:00 0 
7fd6f005f000-7fd6f00d8000 rw-p 00000000 00:00 0 
7fd6f00d8000-7fd6f00d9000 ---p 00000000 00:00 0 
7fd6f00d9000-7fd6f01da000 rw-p 00000000 00:00 0 
7fd6f01da000-7fd6f01db000 ---p 00000000 00:00 0 
7fd6f01db000-7fd6f03cc000 rw-p 00000000 00:00 0 
7fd6f03cc000-7fd6f11c4000 ---p 00000000 00:00 0 
7fd6f11c4000-7fd6f12bc000 rw-p 00000000 00:00 0 
7fd6f12bc000-7fd6f20b4000 ---p 00000000 00:00 0 
7fd6f20b4000-7fd6f20da000 rw-p 00000000 00:00 0 
7fd6f20da000-7fd6f2299000 ---p 00000000 00:00 0 
7fd6f2299000-7fd6f22b8000 rw-p 00000000 00:00 0 
7fd6f22b8000-7fd6f2477000 ---p 00000000 00:00 0 
7fd6f2477000-7fd6f2496000 rw-p 00000000 00:00 0 
7fd6f2496000-7fd6f2655000 ---p 00000000 00:00 0 
7fd6f2655000-7fd6f2a5a000 rw-p 00000000 00:00 0 
7fd6f2a5a000-7fd6f2a5b000 ---p 00000000 00:00 0 
7fd6f2a5b000-7fd6f2b61000 rw-p 00000000 00:00 0 
7fd6f2b61000-7fd6f2c47000 ---p 00000000 00:00 0 
7fd6f2c47000-7fd6f2c4f000 rw-p 00000000 00:00 0 
7fd6f2c4f000-7fd6f2d32000 ---p 00000000 00:00 0 
7fd6f2d32000-7fd6f2d37000 r-xp 00000000 08:01 12455386                   /usr/lib/jvm/java-11-openjdk-amd64/lib/libjimage.so
7fd6f2d37000-7fd6f2f36000 ---p 00005000 08:01 12455386                   /usr/lib/jvm/java-11-openjdk-amd64/lib/libjimage.so
7fd6f2f36000-7fd6f2f37000 r--p 00004000 08:01 12455386                   /usr/lib/jvm/java-11-openjdk-amd64/lib/libjimage.so
7fd6f2f37000-7fd6f2f38000 rw-p 00005000 08:01 12455386                   /usr/lib/jvm/java-11-openjdk-amd64/lib/libjimage.so
7fd6f2f38000-7fd6f2f3f000 r-xp 00000000 08:01 12455407                   /usr/lib/jvm/java-11-openjdk-amd64/lib/libzip.so
7fd6f2f3f000-7fd6f313e000 ---p 00007000 08:01 12455407                   /usr/lib/jvm/java-11-openjdk-amd64/lib/libzip.so
7fd6f313e000-7fd6f313f000 r--p 00006000 08:01 12455407                   /usr/lib/jvm/java-11-openjdk-amd64/lib/libzip.so
7fd6f313f000-7fd6f3140000 rw-p 00007000 08:01 12455407                   /usr/lib/jvm/java-11-openjdk-amd64/lib/libzip.so
7fd6f3140000-7fd6f314b000 r-xp 00000000 08:01 9966624                    /lib/x86_64-linux-gnu/libnss_files-2.27.so
7fd6f314b000-7fd6f334a000 ---p 0000b000 08:01 9966624                    /lib/x86_64-linux-gnu/libnss_files-2.27.so
7fd6f334a000-7fd6f334b000 r--p 0000a000 08:01 9966624                    /lib/x86_64-linux-gnu/libnss_files-2.27.so
7fd6f334b000-7fd6f334c000 rw-p 0000b000 08:01 9966624                    /lib/x86_64-linux-gnu/libnss_files-2.27.so
7fd6f334c000-7fd6f3352000 rw-p 00000000 00:00 0 
7fd6f3352000-7fd6f3369000 r-xp 00000000 08:01 9966618                    /lib/x86_64-linux-gnu/libnsl-2.27.so
7fd6f3369000-7fd6f3568000 ---p 00017000 08:01 9966618                    /lib/x86_64-linux-gnu/libnsl-2.27.so
7fd6f3568000-7fd6f3569000 r--p 00016000 08:01 9966618                    /lib/x86_64-linux-gnu/libnsl-2.27.so
7fd6f3569000-7fd6f356a000 rw-p 00017000 08:01 9966618                    /lib/x86_64-linux-gnu/libnsl-2.27.so
7fd6f356a000-7fd6f356c000 rw-p 00000000 00:00 0 
7fd6f356c000-7fd6f3577000 r-xp 00000000 08:01 9966635                    /lib/x86_64-linux-gnu/libnss_nis-2.27.so
7fd6f3577000-7fd6f3776000 ---p 0000b000 08:01 9966635                    /lib/x86_64-linux-gnu/libnss_nis-2.27.so
7fd6f3776000-7fd6f3777000 r--p 0000a000 08:01 9966635                    /lib/x86_64-linux-gnu/libnss_nis-2.27.so
7fd6f3777000-7fd6f3778000 rw-p 0000b000 08:01 9966635                    /lib/x86_64-linux-gnu/libnss_nis-2.27.so
7fd6f3778000-7fd6f3780000 r-xp 00000000 08:01 9966620                    /lib/x86_64-linux-gnu/libnss_compat-2.27.so
7fd6f3780000-7fd6f3980000 ---p 00008000 08:01 9966620                    /lib/x86_64-linux-gnu/libnss_compat-2.27.so
7fd6f3980000-7fd6f3981000 r--p 00008000 08:01 9966620                    /lib/x86_64-linux-gnu/libnss_compat-2.27.so
7fd6f3981000-7fd6f3982000 rw-p 00009000 08:01 9966620                    /lib/x86_64-linux-gnu/libnss_compat-2.27.so
7fd6f3982000-7fd6f39ab000 r-xp 00000000 08:01 12455382                   /usr/lib/jvm/java-11-openjdk-amd64/lib/libjava.so
7fd6f39ab000-7fd6f3baa000 ---p 00029000 08:01 12455382                   /usr/lib/jvm/java-11-openjdk-amd64/lib/libjava.so
7fd6f3baa000-7fd6f3bab000 r--p 00028000 08:01 12455382                   /usr/lib/jvm/java-11-openjdk-amd64/lib/libjava.so
7fd6f3bab000-7fd6f3bad000 rw-p 00029000 08:01 12455382                   /usr/lib/jvm/java-11-openjdk-amd64/lib/libjava.so
7fd6f3bad000-7fd6f3bba000 r-xp 00000000 08:01 12455406                   /usr/lib/jvm/java-11-openjdk-amd64/lib/libverify.so
7fd6f3bba000-7fd6f3db9000 ---p 0000d000 08:01 12455406                   /usr/lib/jvm/java-11-openjdk-amd64/lib/libverify.so
7fd6f3db9000-7fd6f3dbb000 r--p 0000c000 08:01 12455406                   /usr/lib/jvm/java-11-openjdk-amd64/lib/libverify.so
7fd6f3dbb000-7fd6f3dbc000 rw-p 0000e000 08:01 12455406                   /usr/lib/jvm/java-11-openjdk-amd64/lib/libverify.so
7fd6f3dbc000-7fd6f3dc3000 r-xp 00000000 08:01 9966675                    /lib/x86_64-linux-gnu/librt-2.27.so
7fd6f3dc3000-7fd6f3fc2000 ---p 00007000 08:01 9966675                    /lib/x86_64-linux-gnu/librt-2.27.so
7fd6f3fc2000-7fd6f3fc3000 r--p 00006000 08:01 9966675                    /lib/x86_64-linux-gnu/librt-2.27.so
7fd6f3fc3000-7fd6f3fc4000 rw-p 00007000 08:01 9966675                    /lib/x86_64-linux-gnu/librt-2.27.so
7fd6f3fc4000-7fd6f3fdb000 r-xp 00000000 08:01 9961786                    /lib/x86_64-linux-gnu/libgcc_s.so.1
7fd6f3fdb000-7fd6f41da000 ---p 00017000 08:01 9961786                    /lib/x86_64-linux-gnu/libgcc_s.so.1
7fd6f41da000-7fd6f41db000 r--p 00016000 08:01 9961786                    /lib/x86_64-linux-gnu/libgcc_s.so.1
7fd6f41db000-7fd6f41dc000 rw-p 00017000 08:01 9961786                    /lib/x86_64-linux-gnu/libgcc_s.so.1
7fd6f41dc000-7fd6f4379000 r-xp 00000000 08:01 9966597                    /lib/x86_64-linux-gnu/libm-2.27.so
7fd6f4379000-7fd6f4578000 ---p 0019d000 08:01 9966597                    /lib/x86_64-linux-gnu/libm-2.27.so
7fd6f4578000-7fd6f4579000 r--p 0019c000 08:01 9966597                    /lib/x86_64-linux-gnu/libm-2.27.so
7fd6f4579000-7fd6f457a000 rw-p 0019d000 08:01 9966597                    /lib/x86_64-linux-gnu/libm-2.27.so
7fd6f457a000-7fd6f46f3000 r-xp 00000000 08:01 6555233                    /usr/lib/x86_64-linux-gnu/libstdc++.so.6.0.25
7fd6f46f3000-7fd6f48f3000 ---p 00179000 08:01 6555233                    /usr/lib/x86_64-linux-gnu/libstdc++.so.6.0.25
7fd6f48f3000-7fd6f48fd000 r--p 00179000 08:01 6555233                    /usr/lib/x86_64-linux-gnu/libstdc++.so.6.0.25
7fd6f48fd000-7fd6f48ff000 rw-p 00183000 08:01 6555233                    /usr/lib/x86_64-linux-gnu/libstdc++.so.6.0.25
7fd6f48ff000-7fd6f4903000 rw-p 00000000 00:00 0 
7fd6f4903000-7fd6f59e0000 r-xp 00000000 08:01 12455413                   /usr/lib/jvm/java-11-openjdk-amd64/lib/server/libjvm.so
7fd6f59e0000-7fd6f5bdf000 ---p 010dd000 08:01 12455413                   /usr/lib/jvm/java-11-openjdk-amd64/lib/server/libjvm.so
7fd6f5bdf000-7fd6f5c9c000 r--p 010dc000 08:01 12455413                   /usr/lib/jvm/java-11-openjdk-amd64/lib/server/libjvm.so
7fd6f5c9c000-7fd6f5cd6000 rw-p 01199000 08:01 12455413                   /usr/lib/jvm/java-11-openjdk-amd64/lib/server/libjvm.so
7fd6f5cd6000-7fd6f5d2c000 rw-p 00000000 00:00 0 
7fd6f5d2c000-7fd6f5d46000 r-xp 00000000 08:01 9966667                    /lib/x86_64-linux-gnu/libpthread-2.27.so
7fd6f5d46000-7fd6f5f45000 ---p 0001a000 08:01 9966667                    /lib/x86_64-linux-gnu/libpthread-2.27.so
7fd6f5f45000-7fd6f5f46000 r--p 00019000 08:01 9966667                    /lib/x86_64-linux-gnu/libpthread-2.27.so
7fd6f5f46000-7fd6f5f47000 rw-p 0001a000 08:01 9966667                    /lib/x86_64-linux-gnu/libpthread-2.27.so
7fd6f5f47000-7fd6f5f4b000 rw-p 00000000 00:00 0 
7fd6f5f4b000-7fd6f5f4e000 r-xp 00000000 08:01 9966557                    /lib/x86_64-linux-gnu/libdl-2.27.so
7fd6f5f4e000-7fd6f614d000 ---p 00003000 08:01 9966557                    /lib/x86_64-linux-gnu/libdl-2.27.so
7fd6f614d000-7fd6f614e000 r--p 00002000 08:01 9966557                    /lib/x86_64-linux-gnu/libdl-2.27.so
7fd6f614e000-7fd6f614f000 rw-p 00003000 08:01 9966557                    /lib/x86_64-linux-gnu/libdl-2.27.so
7fd6f614f000-7fd6f616b000 r-xp 00000000 08:01 9966706                    /lib/x86_64-linux-gnu/libz.so.1.2.11
7fd6f616b000-7fd6f636a000 ---p 0001c000 08:01 9966706                    /lib/x86_64-linux-gnu/libz.so.1.2.11
7fd6f636a000-7fd6f636b000 r--p 0001b000 08:01 9966706                    /lib/x86_64-linux-gnu/libz.so.1.2.11
7fd6f636b000-7fd6f636c000 rw-p 0001c000 08:01 9966706                    /lib/x86_64-linux-gnu/libz.so.1.2.11
7fd6f636c000-7fd6f6553000 r-xp 00000000 08:01 9966534                    /lib/x86_64-linux-gnu/libc-2.27.so
7fd6f6553000-7fd6f6753000 ---p 001e7000 08:01 9966534                    /lib/x86_64-linux-gnu/libc-2.27.so
7fd6f6753000-7fd6f6757000 r--p 001e7000 08:01 9966534                    /lib/x86_64-linux-gnu/libc-2.27.so
7fd6f6757000-7fd6f6759000 rw-p 001eb000 08:01 9966534                    /lib/x86_64-linux-gnu/libc-2.27.so
7fd6f6759000-7fd6f675d000 rw-p 00000000 00:00 0 
7fd6f675d000-7fd6f676d000 r-xp 00000000 08:01 12455366                   /usr/lib/jvm/java-11-openjdk-amd64/lib/jli/libjli.so
7fd6f676d000-7fd6f696c000 ---p 00010000 08:01 12455366                   /usr/lib/jvm/java-11-openjdk-amd64/lib/jli/libjli.so
7fd6f696c000-7fd6f696d000 r--p 0000f000 08:01 12455366                   /usr/lib/jvm/java-11-openjdk-amd64/lib/jli/libjli.so
7fd6f696d000-7fd6f696e000 rw-p 00010000 08:01 12455366                   /usr/lib/jvm/java-11-openjdk-amd64/lib/jli/libjli.so
7fd6f696e000-7fd6f6995000 r-xp 00000000 08:01 9966506                    /lib/x86_64-linux-gnu/ld-2.27.so
7fd6f69b6000-7fd6f6a71000 rw-p 00000000 00:00 0 
7fd6f6a71000-7fd6f6a75000 ---p 00000000 00:00 0 
7fd6f6a75000-7fd6f6b74000 rw-p 00000000 00:00 0 
7fd6f6b7b000-7fd6f6b80000 rw-p 00000000 00:00 0 
7fd6f6b80000-7fd6f6b87000 ---p 00000000 00:00 0 
7fd6f6b87000-7fd6f6b89000 r--s 00007000 08:01 6951047                    /usr/share/java/java-atk-wrapper.jar
7fd6f6b89000-7fd6f6b91000 rw-s 00000000 08:01 19017146                   /tmp/hsperfdata_nakul/9798
7fd6f6b91000-7fd6f6b92000 ---p 00000000 00:00 0 
7fd6f6b92000-7fd6f6b93000 r--p 00000000 00:00 0 
7fd6f6b93000-7fd6f6b95000 rw-p 00000000 00:00 0 
7fd6f6b95000-7fd6f6b96000 r--p 00027000 08:01 9966506                    /lib/x86_64-linux-gnu/ld-2.27.so
7fd6f6b96000-7fd6f6b97000 rw-p 00028000 08:01 9966506                    /lib/x86_64-linux-gnu/ld-2.27.so
7fd6f6b97000-7fd6f6b98000 rw-p 00000000 00:00 0 
7ffe1864b000-7ffe1866c000 rw-p 00000000 00:00 0                          [stack]
7ffe18786000-7ffe18789000 r--p 00000000 00:00 0                          [vvar]
7ffe18789000-7ffe1878a000 r-xp 00000000 00:00 0                          [vdso]
ffffffffff600000-ffffffffff601000 --xp 00000000 00:00 0                  [vsyscall]


VM Arguments:
jvm_args: -Dfile.encoding=UTF-8 
java_command: selenium.NSP
java_class_path (initial): /home/nakul/eclipse-workspace/selenium/bin:/home/nakul/selenium/selenium-java-3.141.59/libs/byte-buddy-1.8.15.jar:/home/nakul/selenium/selenium-java-3.141.59/libs/commons-exec-1.3.jar:/home/nakul/selenium/selenium-java-3.141.59/libs/guava-25.0-jre.jar:/home/nakul/selenium/selenium-java-3.141.59/libs/okhttp-3.11.0.jar:/home/nakul/selenium/selenium-java-3.141.59/libs/okio-1.14.0.jar:/home/nakul/selenium/selenium-java-3.141.59/client-combined-3.141.59.jar:/home/nakul/selenium/selenium-java-3.141.59/client-combined-3.141.59-sources.jar:/home/nakul/eclipse-workspace/Tess4J/lib/commons-beanutils-1.9.2.jar:/home/nakul/eclipse-workspace/Tess4J/lib/commons-io-2.6.jar:/home/nakul/eclipse-workspace/Tess4J/lib/commons-logging-1.2.jar:/home/nakul/eclipse-workspace/Tess4J/lib/fontbox-2.0.9.jar:/home/nakul/eclipse-workspace/Tess4J/lib/ghost4j-1.0.1.jar:/home/nakul/eclipse-workspace/Tess4J/lib/hamcrest-core-1.3.jar:/home/nakul/eclipse-workspace/Tess4J/lib/itext-2.1.7.jar:/home/nakul/eclipse-workspace/Tess4J/lib/jai-imageio-core-1.4.0.jar:/home/nakul/eclipse-workspace/Tess4J/lib/jbig2-imageio-3.0.0.jar:/home/nakul/eclipse-workspace/Tess4J/lib/jboss-vfs-3.2.12.Final.jar:/home/nakul/eclipse-workspace/Tess4J/lib/jcl-over-slf4j-1.7.25.jar:/home/nakul/eclipse-workspace/Tess4J/lib/jna-4.1.0.jar:/home/nakul/eclipse-workspace/Tess4J/lib/jul-to-slf4j-1.7.25.jar:/home/nakul/eclipse-workspace/Tess4J/lib/junit-4.12.jar:/home/nakul/eclipse-workspace/Tess4J/lib/lept4j-1.6.4.jar:/home/nakul/eclipse-workspace/Tess4J/lib/log4j-1.2.17.jar:/home/nakul/eclipse-workspace/Tess4J/lib/log4j-over-slf4j-1.7.25.jar:/home/nakul/eclipse-workspace/Tess4J/lib/logback-classic-1.2.3.jar:/home/nakul/eclipse-workspace/Tess4J/lib/logback-core-1.2.3.jar:/home/nakul/eclipse-workspace/Tess4J/lib/pdfbox-2.0.9.jar:/home/nakul/eclipse-workspace/Tess4J/lib/pdfbox-tools-2.0.9.jar:/home/nakul/eclipse-workspace/Tess4J/lib/slf4j-api-1.7.25.jar:/home/nakul/eclipse-workspace/Tess4J/lib/xmlgraphics-comm
Launcher Type: SUN_STANDARD

[Global flags]
     intx CICompilerCount                          = 3                                         {product} {ergonomic}
     uint ConcGCThreads                            = 1                                         {product} {ergonomic}
     uint G1ConcRefinementThreads                  = 4                                         {product} {ergonomic}
   size_t G1HeapRegionSize                         = 1048576                                   {product} {ergonomic}
    uintx GCDrainStackTargetSize                   = 64                                        {product} {ergonomic}
   size_t InitialHeapSize                          = 62914560                                  {product} {ergonomic}
   size_t MarkStackSize                            = 4194304                                   {product} {ergonomic}
   size_t MaxHeapSize                              = 1002438656                                {product} {ergonomic}
   size_t MaxNewSize                               = 600834048                                 {product} {ergonomic}
   size_t MinHeapDeltaBytes                        = 1048576                                   {product} {ergonomic}
    uintx NonNMethodCodeHeapSize                   = 5830732                                {pd product} {ergonomic}
    uintx NonProfiledCodeHeapSize                  = 122913754                              {pd product} {ergonomic}
    uintx ProfiledCodeHeapSize                     = 122913754                              {pd product} {ergonomic}
    uintx ReservedCodeCacheSize                    = 251658240                              {pd product} {ergonomic}
     bool SegmentedCodeCache                       = true                                      {product} {ergonomic}
     bool UseCompressedClassPointers               = true                                 {lp64_product} {ergonomic}
     bool UseCompressedOops                        = true                                 {lp64_product} {ergonomic}
     bool UseG1GC                                  = true                                      {product} {ergonomic}

Logging:
Log output configuration:
 #0: stdout all=warning uptime,level,tags
 #1: stderr all=off uptime,level,tags

Environment Variables:
PATH=/usr/local/sbin:/usr/local/bin:/usr/sbin:/usr/bin:/sbin:/bin:/usr/games:/usr/local/games:/snap/bin
SHELL=/bin/bash
DISPLAY=:0

Signal Handlers:
SIGSEGV: [libjvm.so+0xdf8d00], sa_mask[0]=11111111011111111101111111111110, sa_flags=SA_RESTART|SA_SIGINFO
SIGBUS: [libjvm.so+0xdf8d00], sa_mask[0]=11111111011111111101111111111110, sa_flags=SA_RESTART|SA_SIGINFO
SIGFPE: [libjvm.so+0xdf8d00], sa_mask[0]=11111111011111111101111111111110, sa_flags=SA_RESTART|SA_SIGINFO
SIGPIPE: [libjvm.so+0xbcbc30], sa_mask[0]=11111111011111111101111111111110, sa_flags=SA_RESTART|SA_SIGINFO
SIGXFSZ: [libjvm.so+0xbcbc30], sa_mask[0]=11111111011111111101111111111110, sa_flags=SA_RESTART|SA_SIGINFO
SIGILL: [libjvm.so+0xdf8d00], sa_mask[0]=11111111011111111101111111111110, sa_flags=SA_RESTART|SA_SIGINFO
SIGUSR2: [libjvm.so+0xbcbad0], sa_mask[0]=00100000000000000000000000000000, sa_flags=SA_RESTART|SA_SIGINFO
SIGHUP: [libjvm.so+0xbcbe30], sa_mask[0]=11111111011111111101111111111110, sa_flags=SA_RESTART|SA_SIGINFO
SIGINT: [libjvm.so+0xbcbe30], sa_mask[0]=11111111011111111101111111111110, sa_flags=SA_RESTART|SA_SIGINFO
SIGTERM: [libjvm.so+0xbcbe30], sa_mask[0]=11111111011111111101111111111110, sa_flags=SA_RESTART|SA_SIGINFO
SIGQUIT: [libjvm.so+0xbcbe30], sa_mask[0]=11111111011111111101111111111110, sa_flags=SA_RESTART|SA_SIGINFO


---------------  S Y S T E M  ---------------

OS:DISTRIB_ID=Ubuntu
DISTRIB_RELEASE=18.04
DISTRIB_CODENAME=bionic
DISTRIB_DESCRIPTION="Ubuntu 18.04.3 LTS"
uname:Linux 5.3.0-42-generic #34~18.04.1-Ubuntu SMP Fri Feb 28 13:42:26 UTC 2020 x86_64
OS uptime: 0 days 0:41 hours
libc:glibc 2.27 NPTL 2.27 
rlimit: STACK 8192k, CORE 0k, NPROC 15078, NOFILE 4096, AS infinity, CPU infinity, DATA infinity, FSIZE infinity
load average:1.23 0.62 0.93

/proc/meminfo:
MemTotal:        3907988 kB
MemFree:          151228 kB
MemAvailable:     873140 kB
Buffers:          124800 kB
Cached:          1007420 kB
SwapCached:        18228 kB
Active:          2396420 kB
Inactive:         985264 kB
Active(anon):    1915952 kB
Inactive(anon):   590984 kB
Active(file):     480468 kB
Inactive(file):   394280 kB
Unevictable:       37788 kB
Mlocked:              96 kB
SwapTotal:       2097148 kB
SwapFree:        2009504 kB
Dirty:              1852 kB
Writeback:             0 kB
AnonPages:       2270392 kB
Mapped:           590804 kB
Shmem:            257548 kB
KReclaimable:      99216 kB
Slab:             205260 kB
SReclaimable:      99216 kB
SUnreclaim:       106044 kB
KernelStack:       16768 kB
PageTables:        62056 kB
NFS_Unstable:          0 kB
Bounce:                0 kB
WritebackTmp:          0 kB
CommitLimit:     4051140 kB
Committed_AS:    9018448 kB
VmallocTotal:   34359738367 kB
VmallocUsed:       32104 kB
VmallocChunk:          0 kB
Percpu:             2944 kB
HardwareCorrupted:     0 kB
AnonHugePages:         0 kB
ShmemHugePages:        0 kB
ShmemPmdMapped:        0 kB
CmaTotal:              0 kB
CmaFree:               0 kB
HugePages_Total:       0
HugePages_Free:        0
HugePages_Rsvd:        0
HugePages_Surp:        0
Hugepagesize:       2048 kB
Hugetlb:               0 kB
DirectMap4k:      281660 kB
DirectMap2M:     3790848 kB


/proc/sys/kernel/threads-max (system-wide limit on the number of threads):
30157


/proc/sys/vm/max_map_count (maximum number of memory map areas a process may have):
65530


/proc/sys/kernel/pid_max (system-wide limit on number of process identifiers):
32768



container (cgroup) information:
container_type: cgroupv1
cpu_cpuset_cpus: 0-3
cpu_memory_nodes: 0
active_processor_count: 4
cpu_quota: -1
cpu_period: 100000
cpu_shares: -1
memory_limit_in_bytes: -1
memory_and_swap_limit_in_bytes: -2
memory_soft_limit_in_bytes: -1
memory_usage_in_bytes: 3107692544
memory_max_usage_in_bytes: 3155312640

Steal ticks since vm start: 0
Steal ticks percentage since vm start:  0.000

CPU:total 4 (initial active 4) (2 cores per cpu, 2 threads per core) family 6 model 42 stepping 7, cmov, cx8, fxsr, mmx, sse, sse2, sse3, ssse3, sse4.1, sse4.2, popcnt, avx, aes, clmul, ht, tsc, tscinvbit
CPU Model and flags from /proc/cpuinfo:
model name	: Intel(R) Core(TM) i5-2520M CPU @ 2.50GHz
flags		: fpu vme de pse tsc msr pae mce cx8 apic sep mtrr pge mca cmov pat pse36 clflush dts acpi mmx fxsr sse sse2 ht tm pbe syscall nx rdtscp lm constant_tsc arch_perfmon pebs bts rep_good nopl xtopology nonstop_tsc cpuid aperfmperf pni pclmulqdq dtes64 monitor ds_cpl vmx smx est tm2 ssse3 cx16 xtpr pdcm pcid sse4_1 sse4_2 x2apic popcnt tsc_deadline_timer aes xsave avx lahf_lm epb pti tpr_shadow vnmi flexpriority ept vpid xsaveopt dtherm ida arat pln pts

Memory: 4k page, physical 3907988k(151228k free), swap 2097148k(2009504k free)

vm_info: OpenJDK 64-Bit Server VM (11.0.7+10-post-Ubuntu-2ubuntu218.04) for linux-amd64 JRE (11.0.7+10-post-Ubuntu-2ubuntu218.04), built on Apr 15 2020 21:12:54 by "unknown" with gcc 7.5.0

END.
