#
# A fatal error has been detected by the Java Runtime Environment:
#
#  SIGSEGV (0xb) at pc=0x00007f6a895eac27, pid=13402, tid=13409
#
# JRE version: OpenJDK Runtime Environment (11.0.7+10) (build 11.0.7+10-post-Ubuntu-2ubuntu218.04)
# Java VM: OpenJDK 64-Bit Server VM (11.0.7+10-post-Ubuntu-2ubuntu218.04, mixed mode, sharing, tiered, compressed oops, g1 gc, linux-amd64)
# Problematic frame:
# C  [libtesseract.so.4+0xa1c27]  tesseract::Tesseract::recog_all_words(PAGE_RES*, ETEXT_DESC*, TBOX const*, char const*, int)+0x437
#
# Core dump will be written. Default location: Core dumps may be processed with "/usr/share/apport/apport %p %s %c %d %P %E" (or dumping to /home/nakul/eclipse-workspace/selenium/core.13402)
#
# If you would like to submit a bug report, please visit:
#   https://bugs.launchpad.net/ubuntu/+source/openjdk-lts
# The crash happened outside the Java Virtual Machine in native code.
# See problematic frame for where to report the bug.
#

---------------  S U M M A R Y ------------

Command Line: -Dfile.encoding=UTF-8 selenium.NSP

Host: Intel(R) Core(TM) i5-2520M CPU @ 2.50GHz, 4 cores, 3G, Ubuntu 18.04.3 LTS
Time: Fri May 15 13:00:18 2020 IST elapsed time: 89 seconds (0d 0h 1m 29s)

---------------  T H R E A D  ---------------

Current thread (0x00007f6af4016800):  JavaThread "main" [_thread_in_native, id=13409, stack(0x00007f6afaf3c000,0x00007f6afb03d000)]

Stack: [0x00007f6afaf3c000,0x00007f6afb03d000],  sp=0x00007f6afb03a660,  free space=1017k
Native frames: (J=compiled Java code, A=aot compiled Java code, j=interpreted, Vv=VM code, C=native code)
C  [libtesseract.so.4+0xa1c27]  tesseract::Tesseract::recog_all_words(PAGE_RES*, ETEXT_DESC*, TBOX const*, char const*, int)+0x437

Java frames: (J=compiled Java code, j=interpreted, Vv=VM code)
j  com.sun.jna.Native.invokePointer(JI[Ljava/lang/Object;)J+0
j  com.sun.jna.Function.invokePointer(I[Ljava/lang/Object;)Lcom/sun/jna/Pointer;+6
j  com.sun.jna.Function.invoke([Ljava/lang/Object;Ljava/lang/Class;Z)Ljava/lang/Object;+426
j  com.sun.jna.Function.invoke(Ljava/lang/Class;[Ljava/lang/Object;Ljava/util/Map;)Ljava/lang/Object;+262
j  com.sun.jna.Library$Handler.invoke(Ljava/lang/Object;Ljava/lang/reflect/Method;[Ljava/lang/Object;)Ljava/lang/Object;+316
j  com.sun.proxy.$Proxy0.TessBaseAPIGetUTF8Text(Lnet/sourceforge/tess4j/ITessAPI$TessBaseAPI;)Lcom/sun/jna/Pointer;+16
j  net.sourceforge.tess4j.Tesseract.getOCRText(Ljava/lang/String;I)Ljava/lang/String;+62
j  net.sourceforge.tess4j.Tesseract.doOCR(Ljava/util/List;Ljava/lang/String;Ljava/awt/Rectangle;)Ljava/lang/String;+62
j  net.sourceforge.tess4j.Tesseract.doOCR(Ljava/io/File;Ljava/awt/Rectangle;)Ljava/lang/String;+10
j  net.sourceforge.tess4j.Tesseract.doOCR(Ljava/io/File;)Ljava/lang/String;+3
j  selenium.NSP.enterinput()V+145
j  selenium.NSP.main([Ljava/lang/String;)V+13
v  ~StubRoutines::call_stub

siginfo: si_signo: 11 (SIGSEGV), si_code: 1 (SEGV_MAPERR), si_addr: 0x000000000000000c

Register to memory mapping:

RAX=0x0 is NULL
RBX=0x00007f6af47d1c60 points into unknown readable memory: 88 6b a5 89 6a 7f 00 00
RCX=0x0 is NULL
RDX=0x00007f6af47f3858 points into unknown readable memory: 00 00 00 00 00 00 00 00
RSP=0x00007f6afb03a660 is pointing into the stack for thread: 0x00007f6af4016800
RBP=0x00007f6afb03a6b0 is pointing into the stack for thread: 0x00007f6af4016800
RSI=0x0000000000000001 is an unknown value
RDI=0x00007f6afb03a700 is pointing into the stack for thread: 0x00007f6af4016800
R8 =0x0 is NULL
R9 =0x0 is NULL
R10=0x00007f6af40008d0 points into unknown readable memory: 00 00 00 06 01 01 00 06
R11=0x0 is NULL
R12=0x00007f6af48426b0 points into unknown readable memory: 00 00 00 00 00 00 00 00
R13=0x0 is NULL
R14=0x0 is NULL
R15=0x00007f6af48426b0 points into unknown readable memory: 00 00 00 00 00 00 00 00


Registers:
RAX=0x0000000000000000, RBX=0x00007f6af47d1c60, RCX=0x0000000000000000, RDX=0x00007f6af47f3858
RSP=0x00007f6afb03a660, RBP=0x00007f6afb03a6b0, RSI=0x0000000000000001, RDI=0x00007f6afb03a700
R8 =0x0000000000000000, R9 =0x0000000000000000, R10=0x00007f6af40008d0, R11=0x0000000000000000
R12=0x00007f6af48426b0, R13=0x0000000000000000, R14=0x0000000000000000, R15=0x00007f6af48426b0
RIP=0x00007f6a895eac27, EFLAGS=0x0000000000010246, CSGSFS=0x002b000000000033, ERR=0x0000000000000004
  TRAPNO=0x000000000000000e

Top of Stack: (sp=0x00007f6afb03a660)
0x00007f6afb03a660:   0000000000000000 0000000000000000
0x00007f6afb03a670:   0000000000000000 00007f6af4847ac0
0x00007f6afb03a680:   00007f6af484b0c0 00007f6af4844110
0x00007f6afb03a690:   0000000000000001 00007f6afb03a6c0 

Instructions: (pc=0x00007f6a895eac27)
0x00007f6a895eab27:   89 e6 48 89 df e8 af 87 ff ff 4c 89 e6 48 89 df
0x00007f6a895eab37:   e8 b4 8b ff ff 4c 89 e6 48 89 df e8 f9 72 ff ff
0x00007f6a895eab47:   4c 89 e6 48 89 df e8 7e 74 ff ff e9 a9 fd ff ff
0x00007f6a895eab57:   66 0f 1f 84 00 00 00 00 00 48 8b 40 10 7e 2a 8b
0x00007f6a895eab67:   38 85 ff 75 4c 48 83 c0 04 83 ea 01 48 8d 14 90
0x00007f6a895eab77:   eb 12 0f 1f 80 00 00 00 00 48 83 c0 04 8b 70 fc
0x00007f6a895eab87:   85 f6 75 2d 48 39 c2 75 f0 48 85 c9 74 1b 8b 41
0x00007f6a895eab97:   10 8d 50 ff 83 fa 02 76 10 83 e8 05 83 f8 03 77
0x00007f6a895eaba7:   10 0f 1f 84 00 00 00 00 00 48 89 ef e8 e8 2d 19
0x00007f6a895eabb7:   00 31 d2 31 f6 48 89 ef e8 2c f6 18 00 48 8b 44
0x00007f6a895eabc7:   24 70 48 85 c0 0f 84 8e fd ff ff 48 8b 94 24 80
0x00007f6a895eabd7:   00 00 00 31 c9 48 8b 52 08 48 85 d2 74 04 48 8b
0x00007f6a895eabe7:   4a 08 48 8b 80 e8 00 00 00 48 85 c0 74 bb 8b 50
0x00007f6a895eabf7:   34 83 fa 00 74 b3 e9 5e ff ff ff 66 0f 1f 44 00
0x00007f6a895eac07:   00 31 f6 48 89 ef e8 ce f9 18 00 8b 83 a0 15 00
0x00007f6a895eac17:   00 85 c0 0f 8f c0 00 00 00 48 8b 83 40 0a 00 00
0x00007f6a895eac27:   80 78 0c 00 0f 85 a7 02 00 00 8b 83 58 47 02 00
0x00007f6a895eac37:   85 c0 0f 8e b1 00 00 00 31 d2 45 31 ff eb 2c 66
0x00007f6a895eac47:   2e 0f 1f 84 00 00 00 00 00 48 8b 8f 40 0a 00 00
0x00007f6a895eac57:   80 79 0c 00 0f 85 ff 01 00 00 41 83 c7 01 48 83
0x00007f6a895eac67:   c2 08 44 3b bb 58 47 02 00 7d 7e 48 8b 8b 60 47
0x00007f6a895eac77:   02 00 48 8b 3c 11 8b 87 a0 15 00 00 85 c0 7e c9
0x00007f6a895eac87:   48 89 54 24 10 e8 8f 46 0f 00 48 8b 54 24 10 eb
0x00007f6a895eac97:   c9 0f 1f 84 00 00 00 00 00 80 bb 72 30 02 00 00
0x00007f6a895eaca7:   0f 85 73 fc ff ff 8b b3 04 1d 02 00 4c 89 e2 4c
0x00007f6a895eacb7:   89 ff e8 32 d4 0b 00 31 f6 48 89 ef e8 18 f9 18
0x00007f6a895eacc7:   00 48 8b 44 24 70 48 85 c0 0f 85 fc fe ff ff e9
0x00007f6a895eacd7:   94 fc ff ff 0f 1f 44 00 00 48 89 df e8 38 46 0f
0x00007f6a895eace7:   00 e9 44 ff ff ff 0f 1f 00 4c 8d 7c 24 30 be 04
0x00007f6a895eacf7:   00 00 00 48 c7 44 24 30 00 00 00 00 48 c7 44 24
0x00007f6a895ead07:   38 00 00 00 00 48 c7 44 24 40 00 00 00 00 4c 89
0x00007f6a895ead17:   ff 48 c7 44 24 48 00 00 00 00 e8 3a 19 00 00 48 


Stack slot to memory mapping:
stack at sp + 0 slots: 0x0 is NULL
stack at sp + 1 slots: 0x0 is NULL
stack at sp + 2 slots: 0x0 is NULL
stack at sp + 3 slots: 0x00007f6af4847ac0 points into unknown readable memory: c0 7a 84 f4 6a 7f 00 00
stack at sp + 4 slots: 0x00007f6af484b0c0 points into unknown readable memory: c0 b0 84 f4 6a 7f 00 00
stack at sp + 5 slots: 0x00007f6af4844110 points into unknown readable memory: 10 41 84 f4 6a 7f 00 00
stack at sp + 6 slots: 0x0000000000000001 is an unknown value
stack at sp + 7 slots: 0x00007f6afb03a6c0 is pointing into the stack for thread: 0x00007f6af4016800


---------------  P R O C E S S  ---------------

Threads class SMR info:
_java_thread_list=0x00007f6af458fbe0, length=17, elements={
0x00007f6af4016800, 0x00007f6af40be000, 0x00007f6af40c0000, 0x00007f6af40c5800,
0x00007f6af40c8000, 0x00007f6af40ca000, 0x00007f6af40cc000, 0x00007f6af40fb000,
0x00007f6af40ff800, 0x00007f6af4459800, 0x00007f6a8c00c800, 0x00007f6a8c010000,
0x00007f6a8c011000, 0x00007f6af44be000, 0x00007f6af4521000, 0x00007f6af4522800,
0x00007f6af458e800
}

Java Threads: ( => current thread )
=>0x00007f6af4016800 JavaThread "main" [_thread_in_native, id=13409, stack(0x00007f6afaf3c000,0x00007f6afb03d000)]
  0x00007f6af40be000 JavaThread "Reference Handler" daemon [_thread_blocked, id=13416, stack(0x00007f6ac9d7c000,0x00007f6ac9e7d000)]
  0x00007f6af40c0000 JavaThread "Finalizer" daemon [_thread_blocked, id=13417, stack(0x00007f6ac9c7b000,0x00007f6ac9d7c000)]
  0x00007f6af40c5800 JavaThread "Signal Dispatcher" daemon [_thread_blocked, id=13418, stack(0x00007f6ac91ab000,0x00007f6ac92ac000)]
  0x00007f6af40c8000 JavaThread "C2 CompilerThread0" daemon [_thread_blocked, id=13419, stack(0x00007f6ac90aa000,0x00007f6ac91ab000)]
  0x00007f6af40ca000 JavaThread "C1 CompilerThread0" daemon [_thread_blocked, id=13420, stack(0x00007f6ac8fa9000,0x00007f6ac90aa000)]
  0x00007f6af40cc000 JavaThread "Sweeper thread" daemon [_thread_blocked, id=13421, stack(0x00007f6ac8ea8000,0x00007f6ac8fa9000)]
  0x00007f6af40fb000 JavaThread "Service Thread" daemon [_thread_blocked, id=13422, stack(0x00007f6ac8da7000,0x00007f6ac8ea8000)]
  0x00007f6af40ff800 JavaThread "Common-Cleaner" daemon [_thread_blocked, id=13424, stack(0x00007f6ac8ba4000,0x00007f6ac8ca5000)]
  0x00007f6af4459800 JavaThread "Exec Default Executor" daemon [_thread_blocked, id=13426, stack(0x00007f6ac8147000,0x00007f6ac8248000)]
  0x00007f6a8c00c800 JavaThread "process reaper" daemon [_thread_in_native, id=13434, stack(0x00007f6ad800e000,0x00007f6ad8030000)]
  0x00007f6a8c010000 JavaThread "Exec Stream Pumper" daemon [_thread_in_native, id=13435, stack(0x00007f6ac8046000,0x00007f6ac8147000)]
  0x00007f6a8c011000 JavaThread "Exec Stream Pumper" daemon [_thread_in_native, id=13436, stack(0x00007f6a8beff000,0x00007f6a8c000000)]
  0x00007f6af44be000 JavaThread "ForkJoinPool.commonPool-worker-3" daemon [_thread_blocked, id=13437, stack(0x00007f6a8bdfe000,0x00007f6a8beff000)]
  0x00007f6af4521000 JavaThread "OkHttp ConnectionPool" daemon [_thread_blocked, id=13440, stack(0x00007f6a8bafd000,0x00007f6a8bbfe000)]
  0x00007f6af4522800 JavaThread "Okio Watchdog" daemon [_thread_blocked, id=13441, stack(0x00007f6a8b9fc000,0x00007f6a8bafd000)]
  0x00007f6af458e800 JavaThread "Java2D Disposer" daemon [_thread_blocked, id=13722, stack(0x00007f6a89e17000,0x00007f6a89f18000)]

Other Threads:
  0x00007f6af40bb000 VMThread "VM Thread" [stack: 0x00007f6ac9e7f000,0x00007f6ac9f7f000] [id=13415]
  0x00007f6af40fd800 WatcherThread [stack: 0x00007f6ac8ca7000,0x00007f6ac8da7000] [id=13423]
  0x00007f6af402f000 GCTaskThread "GC Thread#0" [stack: 0x00007f6adb7bc000,0x00007f6adb8bc000] [id=13410]
  0x00007f6ac0001000 GCTaskThread "GC Thread#1" [stack: 0x00007f6ac824a000,0x00007f6ac834a000] [id=13425]
  0x00007f6af4049800 ConcurrentGCThread "G1 Main Marker" [stack: 0x00007f6ad8f3c000,0x00007f6ad903c000] [id=13411]
  0x00007f6af404b800 ConcurrentGCThread "G1 Conc#0" [stack: 0x00007f6ad8e3a000,0x00007f6ad8f3a000] [id=13412]
  0x00007f6af408d000 ConcurrentGCThread "G1 Refine#0" [stack: 0x00007f6ad8934000,0x00007f6ad8a34000] [id=13413]
  0x00007f6af408f000 ConcurrentGCThread "G1 Young RemSet Sampling" [stack: 0x00007f6ad8832000,0x00007f6ad8932000] [id=13414]

Threads with active compile tasks:

VM state:not at safepoint (normal execution)

VM Mutex/Monitor currently owned by a thread: None

Heap address: 0x00000000c4400000, size: 956 MB, Compressed Oops mode: 32-bit
Narrow klass base: 0x0000000800000000, Narrow klass shift: 3
Compressed class space size: 1073741824 Address: 0x0000000840000000

Heap:
 garbage-first heap   total 63488K, used 26215K [0x00000000c4400000, 0x0000000100000000)
  region size 1024K, 22 young (22528K), 1 survivors (1024K)
 Metaspace       used 14416K, capacity 14959K, committed 15104K, reserved 1062912K
  class space    used 1790K, capacity 2019K, committed 2048K, reserved 1048576K
Heap Regions: E=young(eden), S=young(survivor), O=old, HS=humongous(starts), HC=humongous(continues), CS=collection set, F=free, A=archive, TAMS=top-at-mark-start (previous, next)
|   0|0x00000000c4400000, 0x00000000c4500000, 0x00000000c4500000|100%| O|  |TAMS 0x00000000c4400000, 0x00000000c4400000| Untracked 
|   1|0x00000000c4500000, 0x00000000c4600000, 0x00000000c4600000|100%| O|  |TAMS 0x00000000c4500000, 0x00000000c4500000| Untracked 
|   2|0x00000000c4600000, 0x00000000c4700000, 0x00000000c4700000|100%| O|  |TAMS 0x00000000c4600000, 0x00000000c4600000| Untracked 
|   3|0x00000000c4700000, 0x00000000c4800000, 0x00000000c4800000|100%| O|  |TAMS 0x00000000c4700000, 0x00000000c4700000| Untracked 
|   4|0x00000000c4800000, 0x00000000c4800000, 0x00000000c4900000|  0%| F|  |TAMS 0x00000000c4800000, 0x00000000c4800000| Untracked 
|   5|0x00000000c4900000, 0x00000000c4900000, 0x00000000c4a00000|  0%| F|  |TAMS 0x00000000c4900000, 0x00000000c4900000| Untracked 
|   6|0x00000000c4a00000, 0x00000000c4a00000, 0x00000000c4b00000|  0%| F|  |TAMS 0x00000000c4a00000, 0x00000000c4a00000| Untracked 
|   7|0x00000000c4b00000, 0x00000000c4b00000, 0x00000000c4c00000|  0%| F|  |TAMS 0x00000000c4b00000, 0x00000000c4b00000| Untracked 
|   8|0x00000000c4c00000, 0x00000000c4c00000, 0x00000000c4d00000|  0%| F|  |TAMS 0x00000000c4c00000, 0x00000000c4c00000| Untracked 
|   9|0x00000000c4d00000, 0x00000000c4d00000, 0x00000000c4e00000|  0%| F|  |TAMS 0x00000000c4d00000, 0x00000000c4d00000| Untracked 
|  10|0x00000000c4e00000, 0x00000000c4e00000, 0x00000000c4f00000|  0%| F|  |TAMS 0x00000000c4e00000, 0x00000000c4e00000| Untracked 
|  11|0x00000000c4f00000, 0x00000000c4f00000, 0x00000000c5000000|  0%| F|  |TAMS 0x00000000c4f00000, 0x00000000c4f00000| Untracked 
|  12|0x00000000c5000000, 0x00000000c5000000, 0x00000000c5100000|  0%| F|  |TAMS 0x00000000c5000000, 0x00000000c5000000| Untracked 
|  13|0x00000000c5100000, 0x00000000c5100000, 0x00000000c5200000|  0%| F|  |TAMS 0x00000000c5100000, 0x00000000c5100000| Untracked 
|  14|0x00000000c5200000, 0x00000000c5200000, 0x00000000c5300000|  0%| F|  |TAMS 0x00000000c5200000, 0x00000000c5200000| Untracked 
|  15|0x00000000c5300000, 0x00000000c5300000, 0x00000000c5400000|  0%| F|  |TAMS 0x00000000c5300000, 0x00000000c5300000| Untracked 
|  16|0x00000000c5400000, 0x00000000c5400000, 0x00000000c5500000|  0%| F|  |TAMS 0x00000000c5400000, 0x00000000c5400000| Untracked 
|  17|0x00000000c5500000, 0x00000000c5500000, 0x00000000c5600000|  0%| F|  |TAMS 0x00000000c5500000, 0x00000000c5500000| Untracked 
|  18|0x00000000c5600000, 0x00000000c5600000, 0x00000000c5700000|  0%| F|  |TAMS 0x00000000c5600000, 0x00000000c5600000| Untracked 
|  19|0x00000000c5700000, 0x00000000c5700000, 0x00000000c5800000|  0%| F|  |TAMS 0x00000000c5700000, 0x00000000c5700000| Untracked 
|  20|0x00000000c5800000, 0x00000000c5800000, 0x00000000c5900000|  0%| F|  |TAMS 0x00000000c5800000, 0x00000000c5800000| Untracked 
|  21|0x00000000c5900000, 0x00000000c5900000, 0x00000000c5a00000|  0%| F|  |TAMS 0x00000000c5900000, 0x00000000c5900000| Untracked 
|  22|0x00000000c5a00000, 0x00000000c5a00000, 0x00000000c5b00000|  0%| F|  |TAMS 0x00000000c5a00000, 0x00000000c5a00000| Untracked 
|  23|0x00000000c5b00000, 0x00000000c5b00000, 0x00000000c5c00000|  0%| F|  |TAMS 0x00000000c5b00000, 0x00000000c5b00000| Untracked 
|  24|0x00000000c5c00000, 0x00000000c5c00000, 0x00000000c5d00000|  0%| F|  |TAMS 0x00000000c5c00000, 0x00000000c5c00000| Untracked 
|  25|0x00000000c5d00000, 0x00000000c5d00000, 0x00000000c5e00000|  0%| F|  |TAMS 0x00000000c5d00000, 0x00000000c5d00000| Untracked 
|  26|0x00000000c5e00000, 0x00000000c5e00000, 0x00000000c5f00000|  0%| F|  |TAMS 0x00000000c5e00000, 0x00000000c5e00000| Untracked 
|  27|0x00000000c5f00000, 0x00000000c5f00000, 0x00000000c6000000|  0%| F|  |TAMS 0x00000000c5f00000, 0x00000000c5f00000| Untracked 
|  28|0x00000000c6000000, 0x00000000c6000000, 0x00000000c6100000|  0%| F|  |TAMS 0x00000000c6000000, 0x00000000c6000000| Untracked 
|  29|0x00000000c6100000, 0x00000000c6100000, 0x00000000c6200000|  0%| F|  |TAMS 0x00000000c6100000, 0x00000000c6100000| Untracked 
|  30|0x00000000c6200000, 0x00000000c6200000, 0x00000000c6300000|  0%| F|  |TAMS 0x00000000c6200000, 0x00000000c6200000| Untracked 
|  31|0x00000000c6300000, 0x00000000c6300000, 0x00000000c6400000|  0%| F|  |TAMS 0x00000000c6300000, 0x00000000c6300000| Untracked 
|  32|0x00000000c6400000, 0x00000000c6400000, 0x00000000c6500000|  0%| F|  |TAMS 0x00000000c6400000, 0x00000000c6400000| Untracked 
|  33|0x00000000c6500000, 0x00000000c6500000, 0x00000000c6600000|  0%| F|  |TAMS 0x00000000c6500000, 0x00000000c6500000| Untracked 
|  34|0x00000000c6600000, 0x00000000c6600000, 0x00000000c6700000|  0%| F|  |TAMS 0x00000000c6600000, 0x00000000c6600000| Untracked 
|  35|0x00000000c6700000, 0x00000000c6700000, 0x00000000c6800000|  0%| F|  |TAMS 0x00000000c6700000, 0x00000000c6700000| Untracked 
|  36|0x00000000c6800000, 0x00000000c6800000, 0x00000000c6900000|  0%| F|  |TAMS 0x00000000c6800000, 0x00000000c6800000| Untracked 
|  37|0x00000000c6900000, 0x00000000c6900000, 0x00000000c6a00000|  0%| F|  |TAMS 0x00000000c6900000, 0x00000000c6900000| Untracked 
|  38|0x00000000c6a00000, 0x00000000c6a6b870, 0x00000000c6b00000| 42%| E|  |TAMS 0x00000000c6a00000, 0x00000000c6a00000| Complete 
|  39|0x00000000c6b00000, 0x00000000c6c00000, 0x00000000c6c00000|100%| E|CS|TAMS 0x00000000c6b00000, 0x00000000c6b00000| Complete 
|  40|0x00000000c6c00000, 0x00000000c6d00000, 0x00000000c6d00000|100%| E|CS|TAMS 0x00000000c6c00000, 0x00000000c6c00000| Complete 
|  41|0x00000000c6d00000, 0x00000000c6e00000, 0x00000000c6e00000|100%| E|CS|TAMS 0x00000000c6d00000, 0x00000000c6d00000| Complete 
|  42|0x00000000c6e00000, 0x00000000c6f00000, 0x00000000c6f00000|100%| E|CS|TAMS 0x00000000c6e00000, 0x00000000c6e00000| Complete 
|  43|0x00000000c6f00000, 0x00000000c7000000, 0x00000000c7000000|100%| E|CS|TAMS 0x00000000c6f00000, 0x00000000c6f00000| Complete 
|  44|0x00000000c7000000, 0x00000000c7100000, 0x00000000c7100000|100%| E|CS|TAMS 0x00000000c7000000, 0x00000000c7000000| Complete 
|  45|0x00000000c7100000, 0x00000000c7200000, 0x00000000c7200000|100%| E|CS|TAMS 0x00000000c7100000, 0x00000000c7100000| Complete 
|  46|0x00000000c7200000, 0x00000000c7300000, 0x00000000c7300000|100%| E|CS|TAMS 0x00000000c7200000, 0x00000000c7200000| Complete 
|  47|0x00000000c7300000, 0x00000000c7400000, 0x00000000c7400000|100%| E|CS|TAMS 0x00000000c7300000, 0x00000000c7300000| Complete 
|  48|0x00000000c7400000, 0x00000000c7500000, 0x00000000c7500000|100%| E|CS|TAMS 0x00000000c7400000, 0x00000000c7400000| Complete 
|  49|0x00000000c7500000, 0x00000000c7600000, 0x00000000c7600000|100%| E|CS|TAMS 0x00000000c7500000, 0x00000000c7500000| Complete 
|  50|0x00000000c7600000, 0x00000000c76e8f98, 0x00000000c7700000| 91%| S|CS|TAMS 0x00000000c7600000, 0x00000000c7600000| Complete 
|  51|0x00000000c7700000, 0x00000000c7800000, 0x00000000c7800000|100%| E|CS|TAMS 0x00000000c7700000, 0x00000000c7700000| Complete 
|  52|0x00000000c7800000, 0x00000000c7900000, 0x00000000c7900000|100%| E|CS|TAMS 0x00000000c7800000, 0x00000000c7800000| Complete 
|  53|0x00000000c7900000, 0x00000000c7a00000, 0x00000000c7a00000|100%| E|CS|TAMS 0x00000000c7900000, 0x00000000c7900000| Complete 
|  54|0x00000000c7a00000, 0x00000000c7b00000, 0x00000000c7b00000|100%| E|CS|TAMS 0x00000000c7a00000, 0x00000000c7a00000| Complete 
|  55|0x00000000c7b00000, 0x00000000c7c00000, 0x00000000c7c00000|100%| E|CS|TAMS 0x00000000c7b00000, 0x00000000c7b00000| Complete 
|  56|0x00000000c7c00000, 0x00000000c7d00000, 0x00000000c7d00000|100%| E|CS|TAMS 0x00000000c7c00000, 0x00000000c7c00000| Complete 
|  57|0x00000000c7d00000, 0x00000000c7e00000, 0x00000000c7e00000|100%| E|CS|TAMS 0x00000000c7d00000, 0x00000000c7d00000| Complete 
|  58|0x00000000c7e00000, 0x00000000c7f00000, 0x00000000c7f00000|100%| E|CS|TAMS 0x00000000c7e00000, 0x00000000c7e00000| Complete 
|  59|0x00000000c7f00000, 0x00000000c8000000, 0x00000000c8000000|100%| E|CS|TAMS 0x00000000c7f00000, 0x00000000c7f00000| Complete 
| 954|0x00000000ffe00000, 0x00000000ffe47000, 0x00000000fff00000| 27%|OA|  |TAMS 0x00000000ffe00000, 0x00000000ffe00000| Untracked 
| 955|0x00000000fff00000, 0x00000000fff6a000, 0x0000000100000000| 41%|CA|  |TAMS 0x00000000fff00000, 0x00000000fff00000| Untracked 

Card table byte_map: [0x00007f6adaffa000,0x00007f6adb1d8000] _byte_map_base: 0x00007f6ada9d8000

Marking Bits (Prev, Next): (CMBitMap*) 0x00007f6af4045008, (CMBitMap*) 0x00007f6af4045040
 Prev Bits: [0x00007f6ad9f2c000, 0x00007f6adae1c000)
 Next Bits: [0x00007f6ad903c000, 0x00007f6ad9f2c000)

Polling page: 0x00007f6afb05c000

Metaspace:

Usage:
  Non-class:     12.64 MB capacity,    12.33 MB ( 98%) used,   260.69 KB (  2%) free+waste,    53.12 KB ( <1%) overhead. 
      Class:      1.97 MB capacity,     1.75 MB ( 89%) used,   200.78 KB ( 10%) free+waste,    27.88 KB (  1%) overhead. 
       Both:     14.61 MB capacity,    14.08 MB ( 96%) used,   461.47 KB (  3%) free+waste,    81.00 KB ( <1%) overhead. 

Virtual space:
  Non-class space:       14.00 MB reserved,      12.75 MB ( 91%) committed 
      Class space:        1.00 GB reserved,       2.00 MB ( <1%) committed 
             Both:        1.01 GB reserved,      14.75 MB (  1%) committed 

Chunk freelists:
   Non-Class:  68.00 KB
       Class:  29.00 KB
        Both:  97.00 KB

MaxMetaspaceSize: unlimited
CompressedClassSpaceSize: 1.00 GB

CodeHeap 'non-profiled nmethods': size=120032Kb used=592Kb max_used=592Kb free=119439Kb
 bounds [0x00007f6ae355a000, 0x00007f6ae37ca000, 0x00007f6aeaa92000]
CodeHeap 'profiled nmethods': size=120032Kb used=3640Kb max_used=3640Kb free=116391Kb
 bounds [0x00007f6adc022000, 0x00007f6adc3b2000, 0x00007f6ae355a000]
CodeHeap 'non-nmethods': size=5696Kb used=1168Kb max_used=1184Kb free=4527Kb
 bounds [0x00007f6adba92000, 0x00007f6adbd02000, 0x00007f6adc022000]
 total_blobs=2736 nmethods=1803 adapters=426
 compilation: enabled
              stopped_count=0, restarted_count=0
 full_count=0

Compilation events (20 events):
Event: 89.465 Thread 0x00007f6af40ca000 1794       3       java.util.TreeMap::rotateLeft (96 bytes)
Event: 89.466 Thread 0x00007f6af40ca000 nmethod 1794 0x00007f6adc3adb10 code [0x00007f6adc3add00, 0x00007f6adc3ae290]
Event: 89.466 Thread 0x00007f6af40ca000 1797       3       java.lang.Integer::compare (20 bytes)
Event: 89.466 Thread 0x00007f6af40ca000 nmethod 1797 0x00007f6adc3ae390 code [0x00007f6adc3ae540, 0x00007f6adc3ae730]
Event: 89.466 Thread 0x00007f6af40ca000 1795       3       java.lang.Integer::compareTo (9 bytes)
Event: 89.466 Thread 0x00007f6af40ca000 nmethod 1795 0x00007f6adc3ae790 code [0x00007f6adc3ae960, 0x00007f6adc3aed70]
Event: 89.466 Thread 0x00007f6af40ca000 1796       3       java.lang.Integer::compareTo (12 bytes)
Event: 89.466 Thread 0x00007f6af40ca000 nmethod 1796 0x00007f6adc3aee90 code [0x00007f6adc3af060, 0x00007f6adc3af2f0]
Event: 89.471 Thread 0x00007f6af40ca000 1798       3       javax.imageio.stream.ImageInputStreamImpl::checkClosed (18 bytes)
Event: 89.471 Thread 0x00007f6af40ca000 nmethod 1798 0x00007f6adc3af410 code [0x00007f6adc3af5e0, 0x00007f6adc3af868]
Event: 89.522 Thread 0x00007f6af40ca000 1799       1       javax.imageio.plugins.tiff.TIFFTag::getNumber (5 bytes)
Event: 89.522 Thread 0x00007f6af40ca000 nmethod 1799 0x00007f6ae35ed890 code [0x00007f6ae35eda40, 0x00007f6ae35edb70]
Event: 89.522 Thread 0x00007f6af40ca000 1800       1       javax.imageio.plugins.tiff.TIFFTag::getName (5 bytes)
Event: 89.523 Thread 0x00007f6af40ca000 nmethod 1800 0x00007f6ae35edc10 code [0x00007f6ae35eddc0, 0x00007f6ae35edef0]
Event: 89.527 Thread 0x00007f6af40ca000 1801       3       java.lang.Math::max (12 bytes)
Event: 89.527 Thread 0x00007f6af40ca000 nmethod 1801 0x00007f6adc3af910 code [0x00007f6adc3afac0, 0x00007f6adc3afc50]
Event: 89.528 Thread 0x00007f6af40ca000 1802       1       java.awt.image.SampleModel::getNumBands (5 bytes)
Event: 89.528 Thread 0x00007f6af40ca000 nmethod 1802 0x00007f6ae35edf90 code [0x00007f6ae35ee140, 0x00007f6ae35ee270]
Event: 89.529 Thread 0x00007f6af40ca000 1803       3       java.lang.Math::min (12 bytes)
Event: 89.529 Thread 0x00007f6af40ca000 nmethod 1803 0x00007f6adc3afd10 code [0x00007f6adc3afec0, 0x00007f6adc3b0050]

GC Heap History (4 events):
Event: 0.510 GC heap before
{Heap before GC invocations=0 (full 0):
 garbage-first heap   total 63488K, used 15044K [0x00000000c4400000, 0x0000000100000000)
  region size 1024K, 14 young (14336K), 0 survivors (0K)
 Metaspace       used 5095K, capacity 5982K, committed 6144K, reserved 1056768K
  class space    used 572K, capacity 651K, committed 768K, reserved 1048576K
}
Event: 0.521 GC heap after
{Heap after GC invocations=1 (full 0):
 garbage-first heap   total 63488K, used 4575K [0x00000000c4400000, 0x0000000100000000)
  region size 1024K, 2 young (2048K), 2 survivors (2048K)
 Metaspace       used 5095K, capacity 5982K, committed 6144K, reserved 1056768K
  class space    used 572K, capacity 651K, committed 768K, reserved 1048576K
}
Event: 0.815 GC heap before
{Heap before GC invocations=1 (full 0):
 garbage-first heap   total 63488K, used 13791K [0x00000000c4400000, 0x0000000100000000)
  region size 1024K, 11 young (11264K), 2 survivors (2048K)
 Metaspace       used 7840K, capacity 8265K, committed 8320K, reserved 1056768K
  class space    used 954K, capacity 1104K, committed 1152K, reserved 1048576K
}
Event: 0.827 GC heap after
{Heap after GC invocations=2 (full 0):
 garbage-first heap   total 63488K, used 5735K [0x00000000c4400000, 0x0000000100000000)
  region size 1024K, 1 young (1024K), 1 survivors (1024K)
 Metaspace       used 7840K, capacity 8265K, committed 8320K, reserved 1056768K
  class space    used 954K, capacity 1104K, committed 1152K, reserved 1048576K
}

Deoptimization events (20 events):
Event: 89.340 Thread 0x00007f6af4016800 Uncommon trap: trap_request=0xffffffc6 fr.pc=0x00007f6ae359bc84 relative=0x0000000000000224
Event: 89.340 Thread 0x00007f6af4016800 Uncommon trap: reason=bimorphic_or_optimized_type_check action=maybe_recompile pc=0x00007f6ae359bc84 method=java.util.HashMap.getNode(ILjava/lang/Object;)Ljava/util/HashMap$Node; @ 126 c2
Event: 89.340 Thread 0x00007f6af4016800 DEOPT PACKING pc=0x00007f6ae359bc84 sp=0x00007f6afb03a5a0
Event: 89.340 Thread 0x00007f6af4016800 DEOPT UNPACKING pc=0x00007f6adbaba9a5 sp=0x00007f6afb03a540 mode 2
Event: 89.340 Thread 0x00007f6af4016800 Uncommon trap: trap_request=0xffffff4d fr.pc=0x00007f6ae359bc5c relative=0x00000000000001fc
Event: 89.340 Thread 0x00007f6af4016800 Uncommon trap: reason=unstable_if action=reinterpret pc=0x00007f6ae359bc5c method=java.util.HashMap.getNode(ILjava/lang/Object;)Ljava/util/HashMap$Node; @ 62 c2
Event: 89.340 Thread 0x00007f6af4016800 DEOPT PACKING pc=0x00007f6ae359bc5c sp=0x00007f6afb03a590
Event: 89.340 Thread 0x00007f6af4016800 DEOPT UNPACKING pc=0x00007f6adbaba9a5 sp=0x00007f6afb03a538 mode 2
Event: 89.340 Thread 0x00007f6af4016800 Uncommon trap: trap_request=0xffffffde fr.pc=0x00007f6ae359719c relative=0x0000000000000d7c
Event: 89.340 Thread 0x00007f6af4016800 Uncommon trap: reason=class_check action=maybe_recompile pc=0x00007f6ae359719c method=java.util.HashMap.putVal(ILjava/lang/Object;Ljava/lang/Object;ZZ)Ljava/lang/Object; @ 91 c2
Event: 89.340 Thread 0x00007f6af4016800 DEOPT PACKING pc=0x00007f6ae359719c sp=0x00007f6afb03a580
Event: 89.340 Thread 0x00007f6af4016800 DEOPT UNPACKING pc=0x00007f6adbaba9a5 sp=0x00007f6afb03a520 mode 2
Event: 89.341 Thread 0x00007f6af4016800 Uncommon trap: trap_request=0xffffffde fr.pc=0x00007f6ae359719c relative=0x0000000000000d7c
Event: 89.341 Thread 0x00007f6af4016800 Uncommon trap: reason=class_check action=maybe_recompile pc=0x00007f6ae359719c method=java.util.HashMap.putVal(ILjava/lang/Object;Ljava/lang/Object;ZZ)Ljava/lang/Object; @ 91 c2
Event: 89.341 Thread 0x00007f6af4016800 DEOPT PACKING pc=0x00007f6ae359719c sp=0x00007f6afb03a5a0
Event: 89.341 Thread 0x00007f6af4016800 DEOPT UNPACKING pc=0x00007f6adbaba9a5 sp=0x00007f6afb03a540 mode 2
Event: 89.341 Thread 0x00007f6af4016800 Uncommon trap: trap_request=0xffffffde fr.pc=0x00007f6ae359719c relative=0x0000000000000d7c
Event: 89.341 Thread 0x00007f6af4016800 Uncommon trap: reason=class_check action=maybe_recompile pc=0x00007f6ae359719c method=java.util.HashMap.putVal(ILjava/lang/Object;Ljava/lang/Object;ZZ)Ljava/lang/Object; @ 91 c2
Event: 89.341 Thread 0x00007f6af4016800 DEOPT PACKING pc=0x00007f6ae359719c sp=0x00007f6afb03a5a0
Event: 89.341 Thread 0x00007f6af4016800 DEOPT UNPACKING pc=0x00007f6adbaba9a5 sp=0x00007f6afb03a540 mode 2

Classes redefined (0 events):
No events

Internal exceptions (20 events):
Event: 88.599 Thread 0x00007f6af4016800 Exception <a 'java/net/SocketTimeoutException'{0x00000000c7800cf8}: Read timed out> (0x00000000c7800cf8) thrown at [./src/hotspot/share/prims/jni.cpp, line 636]
Event: 88.643 Thread 0x00007f6af4016800 Exception <a 'java/net/SocketTimeoutException'{0x00000000c7720df0}: Read timed out> (0x00000000c7720df0) thrown at [./src/hotspot/share/prims/jni.cpp, line 636]
Event: 88.661 Thread 0x00007f6af4016800 Exception <a 'java/net/SocketTimeoutException'{0x00000000c77374d8}: Read timed out> (0x00000000c77374d8) thrown at [./src/hotspot/share/prims/jni.cpp, line 636]
Event: 88.688 Thread 0x00007f6af4016800 Exception <a 'java/net/SocketTimeoutException'{0x00000000c7781228}: Read timed out> (0x00000000c7781228) thrown at [./src/hotspot/share/prims/jni.cpp, line 636]
Event: 88.921 Thread 0x00007f6af4016800 Exception <a 'java/net/SocketTimeoutException'{0x00000000c7791d00}: Read timed out> (0x00000000c7791d00) thrown at [./src/hotspot/share/prims/jni.cpp, line 636]
Event: 88.937 Thread 0x00007f6af4016800 Exception <a 'java/net/SocketTimeoutException'{0x00000000c77c0d28}: Read timed out> (0x00000000c77c0d28) thrown at [./src/hotspot/share/prims/jni.cpp, line 636]
Event: 88.964 Thread 0x00007f6af4016800 Exception <a 'java/net/SocketTimeoutException'{0x00000000c77d1578}: Read timed out> (0x00000000c77d1578) thrown at [./src/hotspot/share/prims/jni.cpp, line 636]
Event: 88.976 Thread 0x00007f6af4016800 Exception <a 'java/net/SocketTimeoutException'{0x00000000c77eb548}: Read timed out> (0x00000000c77eb548) thrown at [./src/hotspot/share/prims/jni.cpp, line 636]
Event: 89.005 Thread 0x00007f6af4016800 Exception <a 'java/net/SocketTimeoutException'{0x00000000c77fbf10}: Read timed out> (0x00000000c77fbf10) thrown at [./src/hotspot/share/prims/jni.cpp, line 636]
Event: 89.062 Thread 0x00007f6af4016800 Exception <a 'java/lang/ClassNotFoundException'{0x00000000c74b5250}: javax/smartcardio/CardPermission> (0x00000000c74b5250) thrown at [./src/hotspot/share/classfile/systemDictionary.cpp, line 231]
Event: 89.067 Thread 0x00007f6af4016800 Exception <a 'java/io/FileNotFoundException'{0x00000000c74c2168}> (0x00000000c74c2168) thrown at [./src/hotspot/share/prims/jni.cpp, line 615]
Event: 89.112 Thread 0x00007f6af4016800 Exception <a 'java/lang/ClassNotFoundException'{0x00000000c7246748}: sun/awt/resources/spi/awtProvider> (0x00000000c7246748) thrown at [./src/hotspot/share/classfile/systemDictionary.cpp, line 231]
Event: 89.165 Thread 0x00007f6af4016800 Exception <a 'java/io/FileNotFoundException'{0x00000000c728b970}> (0x00000000c728b970) thrown at [./src/hotspot/share/prims/jni.cpp, line 615]
Event: 89.179 Thread 0x00007f6af4016800 Exception <a 'java/lang/NoSuchMethodError'{0x00000000c72e64c0}: 'java.lang.Object java.lang.invoke.DirectMethodHandle$Holder.invokeStatic(java.lang.Object, java.lang.Object, java.lang.Object, java.lang.Object, java.lang.Object, java.lang.Object, java.lang.Object, java.lang.Object, java.lang.Object, java.lang.Object, java.lang.Object, java.lang.Object, java.lang.Object, java.lang.Object, java.lang.Object)'> (0x00000000c72e64c0) thrown at [./src/hotspot/share/interpreter/linkResolver.cpp, line 773]
Event: 89.181 Thread 0x00007f6af4016800 Exception <a 'java/lang/NoSuchMethodError'{0x00000000c72f4070}: 'java.lang.Object java.lang.invoke.DirectMethodHandle$Holder.invokeStatic(java.lang.Object, java.lang.Object, java.lang.Object, java.lang.Object, java.lang.Object, java.lang.Object, java.lang.Object, java.lang.Object, java.lang.Object, java.lang.Object, java.lang.Object, java.lang.Object, java.lang.Object, java.lang.Object, java.lang.Object, java.lang.Object)'> (0x00000000c72f4070) thrown at [./src/hotspot/share/interpreter/linkResolver.cpp, l
Event: 89.182 Thread 0x00007f6af4016800 Exception <a 'java/lang/NoSuchMethodError'{0x00000000c7102280}: 'java.lang.Object java.lang.invoke.DirectMethodHandle$Holder.invokeSpecial(java.lang.Object, java.lang.Object, int, int, java.lang.Object, java.lang.Object, java.lang.Object)'> (0x00000000c7102280) thrown at [./src/hotspot/share/interpreter/linkResolver.cpp, line 773]
Event: 89.183 Thread 0x00007f6af4016800 Exception <a 'java/lang/NoSuchMethodError'{0x00000000c7105810}: 'java.lang.Object java.lang.invoke.DelegatingMethodHandle$Holder.reinvoke_L(java.lang.Object, int, int, java.lang.Object, java.lang.Object, java.lang.Object)'> (0x00000000c7105810) thrown at [./src/hotspot/share/interpreter/linkResolver.cpp, line 773]
Event: 89.184 Thread 0x00007f6af4016800 Exception <a 'java/lang/NoSuchMethodError'{0x00000000c71097e8}: 'java.lang.Object java.lang.invoke.DirectMethodHandle$Holder.invokeStatic(java.lang.Object, java.lang.Object, java.lang.Object, java.lang.Object, int)'> (0x00000000c71097e8) thrown at [./src/hotspot/share/interpreter/linkResolver.cpp, line 773]
Event: 89.269 Thread 0x00007f6af4016800 Exception <a 'java/lang/UnsatisfiedLinkError'{0x00000000c6e3fc10}: libtesseract.so: cannot open shared object file: No such file or directory> (0x00000000c6e3fc10) thrown at [./src/hotspot/share/prims/jni.cpp, line 636]
Event: 89.269 Thread 0x00007f6af4016800 Exception <a 'java/lang/UnsatisfiedLinkError'{0x00000000c6e40720}: libtesseract.so: cannot open shared object file: No such file or directory> (0x00000000c6e40720) thrown at [./src/hotspot/share/prims/jni.cpp, line 636]

Events (20 events):
Event: 89.526 loading class com/sun/imageio/plugins/tiff/TIFFIFD
Event: 89.526 loading class javax/imageio/plugins/tiff/TIFFDirectory
Event: 89.526 loading class javax/imageio/plugins/tiff/TIFFDirectory done
Event: 89.526 loading class com/sun/imageio/plugins/tiff/TIFFIFD done
Event: 89.526 loading class javax/imageio/plugins/tiff/TIFFField
Event: 89.526 loading class javax/imageio/plugins/tiff/TIFFField done
Event: 89.526 loading class com/sun/imageio/plugins/tiff/TIFFIFD$TIFFIFDEntry
Event: 89.526 loading class com/sun/imageio/plugins/tiff/TIFFIFD$TIFFIFDEntry done
Event: 89.527 loading class com/sun/imageio/plugins/tiff/TIFFDecompressor
Event: 89.527 loading class com/sun/imageio/plugins/tiff/TIFFDecompressor done
Event: 89.527 loading class com/sun/imageio/plugins/common/ImageUtil
Event: 89.527 loading class com/sun/imageio/plugins/common/ImageUtil done
Event: 89.528 loading class com/sun/imageio/plugins/tiff/TIFFNullDecompressor
Event: 89.528 loading class com/sun/imageio/plugins/tiff/TIFFNullDecompressor done
Event: 89.528 loading class com/sun/imageio/plugins/tiff/TIFFImageWriter
Event: 89.528 loading class com/sun/imageio/plugins/tiff/TIFFImageWriter done
Event: 89.529 loading class java/lang/StrictMath
Event: 89.529 loading class java/lang/StrictMath done
Event: 89.529 loading class com/sun/jna/Native$Buffers
Event: 89.529 loading class com/sun/jna/Native$Buffers done


Dynamic libraries:
c4400000-c8000000 rw-p 00000000 00:00 0 
c8000000-ffe00000 ---p 00000000 00:00 0 
ffe00000-ffe47000 rw-p 0110b000 08:01 12456481                           /usr/lib/jvm/java-11-openjdk-amd64/lib/server/classes.jsa
ffe47000-fff00000 rw-p 00000000 00:00 0 
fff00000-fff6a000 rw-p 010a1000 08:01 12456481                           /usr/lib/jvm/java-11-openjdk-amd64/lib/server/classes.jsa
fff6a000-100000000 rw-p 00000000 00:00 0 
800000000-800002000 rwxp 00001000 08:01 12456481                         /usr/lib/jvm/java-11-openjdk-amd64/lib/server/classes.jsa
800002000-8003b8000 rw-p 00003000 08:01 12456481                         /usr/lib/jvm/java-11-openjdk-amd64/lib/server/classes.jsa
8003b8000-800a93000 r--p 003b9000 08:01 12456481                         /usr/lib/jvm/java-11-openjdk-amd64/lib/server/classes.jsa
800a93000-800a94000 rw-p 00a94000 08:01 12456481                         /usr/lib/jvm/java-11-openjdk-amd64/lib/server/classes.jsa
800a94000-8010a0000 r--p 00a95000 08:01 12456481                         /usr/lib/jvm/java-11-openjdk-amd64/lib/server/classes.jsa
840000000-840200000 rw-p 00000000 00:00 0 
840200000-880000000 ---p 00000000 00:00 0 
56452955e000-56452955f000 r-xp 00000000 08:01 12455190                   /usr/lib/jvm/java-11-openjdk-amd64/bin/java
56452975f000-564529760000 r--p 00001000 08:01 12455190                   /usr/lib/jvm/java-11-openjdk-amd64/bin/java
564529760000-564529761000 rw-p 00002000 08:01 12455190                   /usr/lib/jvm/java-11-openjdk-amd64/bin/java
56452a47c000-56452a49d000 rw-p 00000000 00:00 0                          [heap]
7f6a6f9cc000-7f6a6fa8c000 rw-p 00000000 00:00 0 
7f6a6fa8c000-7f6a6fbcc000 ---p 00000000 00:00 0 
7f6a6fbcc000-7f6a6fbd7000 r-xp 00000000 08:01 6562053                    /usr/lib/x86_64-linux-gnu/libjbig.so.0
7f6a6fbd7000-7f6a6fdd6000 ---p 0000b000 08:01 6562053                    /usr/lib/x86_64-linux-gnu/libjbig.so.0
7f6a6fdd6000-7f6a6fdd7000 r--p 0000a000 08:01 6562053                    /usr/lib/x86_64-linux-gnu/libjbig.so.0
7f6a6fdd7000-7f6a6fdda000 rw-p 0000b000 08:01 6562053                    /usr/lib/x86_64-linux-gnu/libjbig.so.0
7f6a6fdda000-7f6a6fdfe000 r-xp 00000000 08:01 9966594                    /lib/x86_64-linux-gnu/liblzma.so.5.2.2
7f6a6fdfe000-7f6a6fffe000 ---p 00024000 08:01 9966594                    /lib/x86_64-linux-gnu/liblzma.so.5.2.2
7f6a6fffe000-7f6a6ffff000 r--p 00024000 08:01 9966594                    /lib/x86_64-linux-gnu/liblzma.so.5.2.2
7f6a6ffff000-7f6a70000000 rw-p 00025000 08:01 9966594                    /lib/x86_64-linux-gnu/liblzma.so.5.2.2
7f6a70000000-7f6a70021000 rw-p 00000000 00:00 0 
7f6a70021000-7f6a74000000 ---p 00000000 00:00 0 
7f6a74000000-7f6a74021000 rw-p 00000000 00:00 0 
7f6a74021000-7f6a78000000 ---p 00000000 00:00 0 
7f6a78000000-7f6a78021000 rw-p 00000000 00:00 0 
7f6a78021000-7f6a7c000000 ---p 00000000 00:00 0 
7f6a7c000000-7f6a7c021000 rw-p 00000000 00:00 0 
7f6a7c021000-7f6a80000000 ---p 00000000 00:00 0 
7f6a80000000-7f6a80021000 rw-p 00000000 00:00 0 
7f6a80021000-7f6a84000000 ---p 00000000 00:00 0 
7f6a84000000-7f6a84021000 rw-p 00000000 00:00 0 
7f6a84021000-7f6a88000000 ---p 00000000 00:00 0 
7f6a880df000-7f6a88133000 r-xp 00000000 08:01 6555779                    /usr/lib/x86_64-linux-gnu/libopenjp2.so.2.3.0
7f6a88133000-7f6a88333000 ---p 00054000 08:01 6555779                    /usr/lib/x86_64-linux-gnu/libopenjp2.so.2.3.0
7f6a88333000-7f6a88334000 r--p 00054000 08:01 6555779                    /usr/lib/x86_64-linux-gnu/libopenjp2.so.2.3.0
7f6a88334000-7f6a88335000 rw-p 00055000 08:01 6555779                    /usr/lib/x86_64-linux-gnu/libopenjp2.so.2.3.0
7f6a88335000-7f6a8839b000 r-xp 00000000 08:01 6562528                    /usr/lib/x86_64-linux-gnu/libwebp.so.6.0.2
7f6a8839b000-7f6a8859a000 ---p 00066000 08:01 6562528                    /usr/lib/x86_64-linux-gnu/libwebp.so.6.0.2
7f6a8859a000-7f6a8859b000 r--p 00065000 08:01 6562528                    /usr/lib/x86_64-linux-gnu/libwebp.so.6.0.2
7f6a8859b000-7f6a8859c000 rw-p 00066000 08:01 6562528                    /usr/lib/x86_64-linux-gnu/libwebp.so.6.0.2
7f6a8859c000-7f6a8859e000 rw-p 00000000 00:00 0 
7f6a8859e000-7f6a88611000 r-xp 00000000 08:01 6554686                    /usr/lib/x86_64-linux-gnu/libtiff.so.5.3.0
7f6a88611000-7f6a88810000 ---p 00073000 08:01 6554686                    /usr/lib/x86_64-linux-gnu/libtiff.so.5.3.0
7f6a88810000-7f6a88814000 r--p 00072000 08:01 6554686                    /usr/lib/x86_64-linux-gnu/libtiff.so.5.3.0
7f6a88814000-7f6a88815000 rw-p 00076000 08:01 6554686                    /usr/lib/x86_64-linux-gnu/libtiff.so.5.3.0
7f6a88815000-7f6a8881d000 r-xp 00000000 08:01 6562893                    /usr/lib/x86_64-linux-gnu/libgif.so.7.0.0
7f6a8881d000-7f6a88a1c000 ---p 00008000 08:01 6562893                    /usr/lib/x86_64-linux-gnu/libgif.so.7.0.0
7f6a88a1c000-7f6a88a1d000 r--p 00007000 08:01 6562893                    /usr/lib/x86_64-linux-gnu/libgif.so.7.0.0
7f6a88a1d000-7f6a88a1e000 rw-p 00008000 08:01 6562893                    /usr/lib/x86_64-linux-gnu/libgif.so.7.0.0
7f6a88a1e000-7f6a88a85000 r-xp 00000000 08:01 6554613                    /usr/lib/x86_64-linux-gnu/libjpeg.so.8.1.2
7f6a88a85000-7f6a88c84000 ---p 00067000 08:01 6554613                    /usr/lib/x86_64-linux-gnu/libjpeg.so.8.1.2
7f6a88c84000-7f6a88c85000 r--p 00066000 08:01 6554613                    /usr/lib/x86_64-linux-gnu/libjpeg.so.8.1.2
7f6a88c85000-7f6a88c86000 rw-p 00067000 08:01 6554613                    /usr/lib/x86_64-linux-gnu/libjpeg.so.8.1.2
7f6a88c86000-7f6a88cb7000 r-xp 00000000 08:01 6562256                    /usr/lib/x86_64-linux-gnu/libpng16.so.16.34.0
7f6a88cb7000-7f6a88eb6000 ---p 00031000 08:01 6562256                    /usr/lib/x86_64-linux-gnu/libpng16.so.16.34.0
7f6a88eb6000-7f6a88eb7000 r--p 00030000 08:01 6562256                    /usr/lib/x86_64-linux-gnu/libpng16.so.16.34.0
7f6a88eb7000-7f6a88eb8000 rw-p 00031000 08:01 6562256                    /usr/lib/x86_64-linux-gnu/libpng16.so.16.34.0
7f6a88eb8000-7f6a88ee6000 r-xp 00000000 08:01 6555237                    /usr/lib/x86_64-linux-gnu/libgomp.so.1.0.0
7f6a88ee6000-7f6a890e5000 ---p 0002e000 08:01 6555237                    /usr/lib/x86_64-linux-gnu/libgomp.so.1.0.0
7f6a890e5000-7f6a890e6000 r--p 0002d000 08:01 6555237                    /usr/lib/x86_64-linux-gnu/libgomp.so.1.0.0
7f6a890e6000-7f6a890e7000 rw-p 0002e000 08:01 6555237                    /usr/lib/x86_64-linux-gnu/libgomp.so.1.0.0
7f6a890e7000-7f6a89343000 r-xp 00000000 08:01 6556067                    /usr/lib/x86_64-linux-gnu/liblept.so.5.0.2
7f6a89343000-7f6a89542000 ---p 0025c000 08:01 6556067                    /usr/lib/x86_64-linux-gnu/liblept.so.5.0.2
7f6a89542000-7f6a89543000 r--p 0025b000 08:01 6556067                    /usr/lib/x86_64-linux-gnu/liblept.so.5.0.2
7f6a89543000-7f6a89549000 rw-p 0025c000 08:01 6556067                    /usr/lib/x86_64-linux-gnu/liblept.so.5.0.2
7f6a89549000-7f6a89856000 r-xp 00000000 08:01 6556069                    /usr/lib/x86_64-linux-gnu/libtesseract.so.4.0.0
7f6a89856000-7f6a89a55000 ---p 0030d000 08:01 6556069                    /usr/lib/x86_64-linux-gnu/libtesseract.so.4.0.0
7f6a89a55000-7f6a89a5a000 r--p 0030c000 08:01 6556069                    /usr/lib/x86_64-linux-gnu/libtesseract.so.4.0.0
7f6a89a5a000-7f6a89a5b000 rw-p 00311000 08:01 6556069                    /usr/lib/x86_64-linux-gnu/libtesseract.so.4.0.0
7f6a89a5b000-7f6a89cff000 rw-p 00000000 00:00 0 
7f6a89cff000-7f6a89d16000 r-xp 00000000 08:01 19149868                   /tmp/jna-104583599/jna16437851018052751005.tmp (deleted)
7f6a89d16000-7f6a89e15000 ---p 00017000 08:01 19149868                   /tmp/jna-104583599/jna16437851018052751005.tmp (deleted)
7f6a89e15000-7f6a89e17000 rw-p 00016000 08:01 19149868                   /tmp/jna-104583599/jna16437851018052751005.tmp (deleted)
7f6a89e17000-7f6a89e1b000 ---p 00000000 00:00 0 
7f6a89e1b000-7f6a89f18000 rw-p 00000000 00:00 0 
7f6a89f18000-7f6a89f2b000 r-xp 00000000 08:01 9961655                    /lib/x86_64-linux-gnu/libbsd.so.0.8.7
7f6a89f2b000-7f6a8a12a000 ---p 00013000 08:01 9961655                    /lib/x86_64-linux-gnu/libbsd.so.0.8.7
7f6a8a12a000-7f6a8a12b000 r--p 00012000 08:01 9961655                    /lib/x86_64-linux-gnu/libbsd.so.0.8.7
7f6a8a12b000-7f6a8a12c000 rw-p 00013000 08:01 9961655                    /lib/x86_64-linux-gnu/libbsd.so.0.8.7
7f6a8a12c000-7f6a8a12d000 rw-p 00000000 00:00 0 
7f6a8a12d000-7f6a8a132000 r-xp 00000000 08:01 6561397                    /usr/lib/x86_64-linux-gnu/libXdmcp.so.6.0.0
7f6a8a132000-7f6a8a331000 ---p 00005000 08:01 6561397                    /usr/lib/x86_64-linux-gnu/libXdmcp.so.6.0.0
7f6a8a331000-7f6a8a332000 r--p 00004000 08:01 6561397                    /usr/lib/x86_64-linux-gnu/libXdmcp.so.6.0.0
7f6a8a332000-7f6a8a333000 rw-p 00005000 08:01 6561397                    /usr/lib/x86_64-linux-gnu/libXdmcp.so.6.0.0
7f6a8a333000-7f6a8a335000 r-xp 00000000 08:01 6561386                    /usr/lib/x86_64-linux-gnu/libXau.so.6.0.0
7f6a8a335000-7f6a8a535000 ---p 00002000 08:01 6561386                    /usr/lib/x86_64-linux-gnu/libXau.so.6.0.0
7f6a8a535000-7f6a8a536000 r--p 00002000 08:01 6561386                    /usr/lib/x86_64-linux-gnu/libXau.so.6.0.0
7f6a8a536000-7f6a8a537000 rw-p 00003000 08:01 6561386                    /usr/lib/x86_64-linux-gnu/libXau.so.6.0.0
7f6a8a537000-7f6a8a55d000 r-xp 00000000 08:01 6562599                    /usr/lib/x86_64-linux-gnu/libxcb.so.1.1.0
7f6a8a55d000-7f6a8a75d000 ---p 00026000 08:01 6562599                    /usr/lib/x86_64-linux-gnu/libxcb.so.1.1.0
7f6a8a75d000-7f6a8a75e000 r--p 00026000 08:01 6562599                    /usr/lib/x86_64-linux-gnu/libxcb.so.1.1.0
7f6a8a75e000-7f6a8a75f000 rw-p 00027000 08:01 6562599                    /usr/lib/x86_64-linux-gnu/libxcb.so.1.1.0
7f6a8a75f000-7f6a8a76e000 r-xp 00000000 08:01 6561407                    /usr/lib/x86_64-linux-gnu/libXi.so.6.1.0
7f6a8a76e000-7f6a8a96d000 ---p 0000f000 08:01 6561407                    /usr/lib/x86_64-linux-gnu/libXi.so.6.1.0
7f6a8a96d000-7f6a8a96e000 r--p 0000e000 08:01 6561407                    /usr/lib/x86_64-linux-gnu/libXi.so.6.1.0
7f6a8a96e000-7f6a8a96f000 rw-p 0000f000 08:01 6561407                    /usr/lib/x86_64-linux-gnu/libXi.so.6.1.0
7f6a8a96f000-7f6a8a974000 r-xp 00000000 08:01 6561425                    /usr/lib/x86_64-linux-gnu/libXtst.so.6.1.0
7f6a8a974000-7f6a8ab73000 ---p 00005000 08:01 6561425                    /usr/lib/x86_64-linux-gnu/libXtst.so.6.1.0
7f6a8ab73000-7f6a8ab74000 r--p 00004000 08:01 6561425                    /usr/lib/x86_64-linux-gnu/libXtst.so.6.1.0
7f6a8ab74000-7f6a8ab75000 rw-p 00005000 08:01 6561425                    /usr/lib/x86_64-linux-gnu/libXtst.so.6.1.0
7f6a8ab75000-7f6a8ab7e000 r-xp 00000000 08:01 6561419                    /usr/lib/x86_64-linux-gnu/libXrender.so.1.3.0
7f6a8ab7e000-7f6a8ad7d000 ---p 00009000 08:01 6561419                    /usr/lib/x86_64-linux-gnu/libXrender.so.1.3.0
7f6a8ad7d000-7f6a8ad7e000 r--p 00008000 08:01 6561419                    /usr/lib/x86_64-linux-gnu/libXrender.so.1.3.0
7f6a8ad7e000-7f6a8ad7f000 rw-p 00009000 08:01 6561419                    /usr/lib/x86_64-linux-gnu/libXrender.so.1.3.0
7f6a8ad7f000-7f6a8aeb2000 r-xp 00000000 08:01 6561382                    /usr/lib/x86_64-linux-gnu/libX11.so.6.3.0
7f6a8aeb2000-7f6a8b0b2000 ---p 00133000 08:01 6561382                    /usr/lib/x86_64-linux-gnu/libX11.so.6.3.0
7f6a8b0b2000-7f6a8b0b3000 r--p 00133000 08:01 6561382                    /usr/lib/x86_64-linux-gnu/libX11.so.6.3.0
7f6a8b0b3000-7f6a8b0b7000 rw-p 00134000 08:01 6561382                    /usr/lib/x86_64-linux-gnu/libX11.so.6.3.0
7f6a8b0b7000-7f6a8b0c8000 r-xp 00000000 08:01 6561399                    /usr/lib/x86_64-linux-gnu/libXext.so.6.4.0
7f6a8b0c8000-7f6a8b2c7000 ---p 00011000 08:01 6561399                    /usr/lib/x86_64-linux-gnu/libXext.so.6.4.0
7f6a8b2c7000-7f6a8b2c8000 r--p 00010000 08:01 6561399                    /usr/lib/x86_64-linux-gnu/libXext.so.6.4.0
7f6a8b2c8000-7f6a8b2c9000 rw-p 00011000 08:01 6561399                    /usr/lib/x86_64-linux-gnu/libXext.so.6.4.0
7f6a8b2c9000-7f6a8b328000 r-xp 00000000 08:01 12455373                   /usr/lib/jvm/java-11-openjdk-amd64/lib/libawt_xawt.so
7f6a8b328000-7f6a8b527000 ---p 0005f000 08:01 12455373                   /usr/lib/jvm/java-11-openjdk-amd64/lib/libawt_xawt.so
7f6a8b527000-7f6a8b528000 r--p 0005e000 08:01 12455373                   /usr/lib/jvm/java-11-openjdk-amd64/lib/libawt_xawt.so
7f6a8b528000-7f6a8b52b000 rw-p 0005f000 08:01 12455373                   /usr/lib/jvm/java-11-openjdk-amd64/lib/libawt_xawt.so
7f6a8b52b000-7f6a8b52d000 rw-p 00000000 00:00 0 
7f6a8b52d000-7f6a8b5cb000 r-xp 00000000 08:01 12455371                   /usr/lib/jvm/java-11-openjdk-amd64/lib/libawt.so
7f6a8b5cb000-7f6a8b7cb000 ---p 0009e000 08:01 12455371                   /usr/lib/jvm/java-11-openjdk-amd64/lib/libawt.so
7f6a8b7cb000-7f6a8b7cc000 r--p 0009e000 08:01 12455371                   /usr/lib/jvm/java-11-openjdk-amd64/lib/libawt.so
7f6a8b7cc000-7f6a8b7d7000 rw-p 0009f000 08:01 12455371                   /usr/lib/jvm/java-11-openjdk-amd64/lib/libawt.so
7f6a8b7d7000-7f6a8b9fc000 rw-p 00000000 00:00 0 
7f6a8b9fc000-7f6a8ba00000 ---p 00000000 00:00 0 
7f6a8ba00000-7f6a8bafd000 rw-p 00000000 00:00 0 
7f6a8bafd000-7f6a8bb01000 ---p 00000000 00:00 0 
7f6a8bb01000-7f6a8bdfe000 rw-p 00000000 00:00 0 
7f6a8bdfe000-7f6a8be02000 ---p 00000000 00:00 0 
7f6a8be02000-7f6a8beff000 rw-p 00000000 00:00 0 
7f6a8beff000-7f6a8bf03000 ---p 00000000 00:00 0 
7f6a8bf03000-7f6a8c000000 rw-p 00000000 00:00 0 
7f6a8c000000-7f6a8c021000 rw-p 00000000 00:00 0 
7f6a8c021000-7f6a90000000 ---p 00000000 00:00 0 
7f6a90000000-7f6a90021000 rw-p 00000000 00:00 0 
7f6a90021000-7f6a94000000 ---p 00000000 00:00 0 
7f6a94000000-7f6a94021000 rw-p 00000000 00:00 0 
7f6a94021000-7f6a98000000 ---p 00000000 00:00 0 
7f6a98000000-7f6a98021000 rw-p 00000000 00:00 0 
7f6a98021000-7f6a9c000000 ---p 00000000 00:00 0 
7f6a9c000000-7f6a9c021000 rw-p 00000000 00:00 0 
7f6a9c021000-7f6aa0000000 ---p 00000000 00:00 0 
7f6aa0000000-7f6aa0021000 rw-p 00000000 00:00 0 
7f6aa0021000-7f6aa4000000 ---p 00000000 00:00 0 
7f6aa4000000-7f6aa4427000 rw-p 00000000 00:00 0 
7f6aa4427000-7f6aa8000000 ---p 00000000 00:00 0 
7f6aa8000000-7f6aa8021000 rw-p 00000000 00:00 0 
7f6aa8021000-7f6aac000000 ---p 00000000 00:00 0 
7f6aac000000-7f6aac021000 rw-p 00000000 00:00 0 
7f6aac021000-7f6ab0000000 ---p 00000000 00:00 0 
7f6ab0000000-7f6ab035a000 rw-p 00000000 00:00 0 
7f6ab035a000-7f6ab4000000 ---p 00000000 00:00 0 
7f6ab4000000-7f6ab4021000 rw-p 00000000 00:00 0 
7f6ab4021000-7f6ab8000000 ---p 00000000 00:00 0 
7f6ab8000000-7f6ab8021000 rw-p 00000000 00:00 0 
7f6ab8021000-7f6abc000000 ---p 00000000 00:00 0 
7f6abc000000-7f6abc021000 rw-p 00000000 00:00 0 
7f6abc021000-7f6ac0000000 ---p 00000000 00:00 0 
7f6ac0000000-7f6ac0021000 rw-p 00000000 00:00 0 
7f6ac0021000-7f6ac4000000 ---p 00000000 00:00 0 
7f6ac4000000-7f6ac4021000 rw-p 00000000 00:00 0 
7f6ac4021000-7f6ac8000000 ---p 00000000 00:00 0 
7f6ac8046000-7f6ac804a000 ---p 00000000 00:00 0 
7f6ac804a000-7f6ac8147000 rw-p 00000000 00:00 0 
7f6ac8147000-7f6ac814b000 ---p 00000000 00:00 0 
7f6ac814b000-7f6ac8248000 rw-p 00000000 00:00 0 
7f6ac8248000-7f6ac8249000 ---p 00000000 00:00 0 
7f6ac8249000-7f6ac834a000 rw-p 00000000 00:00 0 
7f6ac834a000-7f6ac8374000 r-xp 00000000 08:01 12455404                   /usr/lib/jvm/java-11-openjdk-amd64/lib/libsunec.so
7f6ac8374000-7f6ac8573000 ---p 0002a000 08:01 12455404                   /usr/lib/jvm/java-11-openjdk-amd64/lib/libsunec.so
7f6ac8573000-7f6ac8577000 r--p 00029000 08:01 12455404                   /usr/lib/jvm/java-11-openjdk-amd64/lib/libsunec.so
7f6ac8577000-7f6ac8579000 rw-p 0002d000 08:01 12455404                   /usr/lib/jvm/java-11-openjdk-amd64/lib/libsunec.so
7f6ac8579000-7f6ac857b000 r-xp 00000000 08:01 12455375                   /usr/lib/jvm/java-11-openjdk-amd64/lib/libextnet.so
7f6ac857b000-7f6ac877a000 ---p 00002000 08:01 12455375                   /usr/lib/jvm/java-11-openjdk-amd64/lib/libextnet.so
7f6ac877a000-7f6ac877b000 r--p 00001000 08:01 12455375                   /usr/lib/jvm/java-11-openjdk-amd64/lib/libextnet.so
7f6ac877b000-7f6ac877c000 rw-p 00002000 08:01 12455375                   /usr/lib/jvm/java-11-openjdk-amd64/lib/libextnet.so
7f6ac877c000-7f6ac8792000 r-xp 00000000 08:01 12455398                   /usr/lib/jvm/java-11-openjdk-amd64/lib/libnet.so
7f6ac8792000-7f6ac8991000 ---p 00016000 08:01 12455398                   /usr/lib/jvm/java-11-openjdk-amd64/lib/libnet.so
7f6ac8991000-7f6ac8992000 r--p 00015000 08:01 12455398                   /usr/lib/jvm/java-11-openjdk-amd64/lib/libnet.so
7f6ac8992000-7f6ac8993000 rw-p 00016000 08:01 12455398                   /usr/lib/jvm/java-11-openjdk-amd64/lib/libnet.so
7f6ac8993000-7f6ac89a3000 r-xp 00000000 08:01 12455399                   /usr/lib/jvm/java-11-openjdk-amd64/lib/libnio.so
7f6ac89a3000-7f6ac8ba2000 ---p 00010000 08:01 12455399                   /usr/lib/jvm/java-11-openjdk-amd64/lib/libnio.so
7f6ac8ba2000-7f6ac8ba3000 r--p 0000f000 08:01 12455399                   /usr/lib/jvm/java-11-openjdk-amd64/lib/libnio.so
7f6ac8ba3000-7f6ac8ba4000 rw-p 00010000 08:01 12455399                   /usr/lib/jvm/java-11-openjdk-amd64/lib/libnio.so
7f6ac8ba4000-7f6ac8ba8000 ---p 00000000 00:00 0 
7f6ac8ba8000-7f6ac8ca5000 rw-p 00000000 00:00 0 
7f6ac8ca5000-7f6ac8ca6000 ---p 00000000 00:00 0 
7f6ac8ca6000-7f6ac8da7000 rw-p 00000000 00:00 0 
7f6ac8da7000-7f6ac8dab000 ---p 00000000 00:00 0 
7f6ac8dab000-7f6ac8ea8000 rw-p 00000000 00:00 0 
7f6ac8ea8000-7f6ac8eac000 ---p 00000000 00:00 0 
7f6ac8eac000-7f6ac8fa9000 rw-p 00000000 00:00 0 
7f6ac8fa9000-7f6ac8fad000 ---p 00000000 00:00 0 
7f6ac8fad000-7f6ac90aa000 rw-p 00000000 00:00 0 
7f6ac90aa000-7f6ac90ae000 ---p 00000000 00:00 0 
7f6ac90ae000-7f6ac91ab000 rw-p 00000000 00:00 0 
7f6ac91ab000-7f6ac91af000 ---p 00000000 00:00 0 
7f6ac91af000-7f6ac92ac000 rw-p 00000000 00:00 0 
7f6ac92ac000-7f6ac9c7b000 r--p 00000000 08:01 6560357                    /usr/lib/locale/locale-archive
7f6ac9c7b000-7f6ac9c7f000 ---p 00000000 00:00 0 
7f6ac9c7f000-7f6ac9d7c000 rw-p 00000000 00:00 0 
7f6ac9d7c000-7f6ac9d80000 ---p 00000000 00:00 0 
7f6ac9d80000-7f6ac9e7d000 rw-p 00000000 00:00 0 
7f6ac9e7d000-7f6ac9e7e000 ---p 00000000 00:00 0 
7f6ac9e7e000-7f6acc000000 rw-p 00000000 00:00 0 
7f6acc000000-7f6acc021000 rw-p 00000000 00:00 0 
7f6acc021000-7f6ad0000000 ---p 00000000 00:00 0 
7f6ad0000000-7f6ad0021000 rw-p 00000000 00:00 0 
7f6ad0021000-7f6ad4000000 ---p 00000000 00:00 0 
7f6ad4000000-7f6ad4021000 rw-p 00000000 00:00 0 
7f6ad4021000-7f6ad8000000 ---p 00000000 00:00 0 
7f6ad800e000-7f6ad8012000 ---p 00000000 00:00 0 
7f6ad8012000-7f6ad8830000 rw-p 00000000 00:00 0 
7f6ad8830000-7f6ad8831000 ---p 00000000 00:00 0 
7f6ad8831000-7f6ad8932000 rw-p 00000000 00:00 0 
7f6ad8932000-7f6ad8933000 ---p 00000000 00:00 0 
7f6ad8933000-7f6ad8e38000 rw-p 00000000 00:00 0 
7f6ad8e38000-7f6ad8e39000 ---p 00000000 00:00 0 
7f6ad8e39000-7f6ad8f3a000 rw-p 00000000 00:00 0 
7f6ad8f3a000-7f6ad8f3b000 ---p 00000000 00:00 0 
7f6ad8f3b000-7f6ad912c000 rw-p 00000000 00:00 0 
7f6ad912c000-7f6ad9f24000 ---p 00000000 00:00 0 
7f6ad9f24000-7f6ada01c000 rw-p 00000000 00:00 0 
7f6ada01c000-7f6adae14000 ---p 00000000 00:00 0 
7f6adae14000-7f6adae3a000 rw-p 00000000 00:00 0 
7f6adae3a000-7f6adaff9000 ---p 00000000 00:00 0 
7f6adaff9000-7f6adb018000 rw-p 00000000 00:00 0 
7f6adb018000-7f6adb1d7000 ---p 00000000 00:00 0 
7f6adb1d7000-7f6adb1f6000 rw-p 00000000 00:00 0 
7f6adb1f6000-7f6adb3b5000 ---p 00000000 00:00 0 
7f6adb3b5000-7f6adb7ba000 rw-p 00000000 00:00 0 
7f6adb7ba000-7f6adb7bb000 ---p 00000000 00:00 0 
7f6adb7bb000-7f6adb8c1000 rw-p 00000000 00:00 0 
7f6adb8c1000-7f6adb9a7000 ---p 00000000 00:00 0 
7f6adb9a7000-7f6adb9af000 rw-p 00000000 00:00 0 
7f6adb9af000-7f6adba92000 ---p 00000000 00:00 0 
7f6adba92000-7f6adbd02000 rwxp 00000000 00:00 0 
7f6adbd02000-7f6adc022000 ---p 00000000 00:00 0 
7f6adc022000-7f6adc3b2000 rwxp 00000000 00:00 0 
7f6adc3b2000-7f6ae355a000 ---p 00000000 00:00 0 
7f6ae355a000-7f6ae37ca000 rwxp 00000000 00:00 0 
7f6ae37ca000-7f6aeaa92000 ---p 00000000 00:00 0 
7f6aeaa92000-7f6af3185000 r--s 00000000 08:01 12455408                   /usr/lib/jvm/java-11-openjdk-amd64/lib/modules
7f6af3185000-7f6af318a000 r-xp 00000000 08:01 12455386                   /usr/lib/jvm/java-11-openjdk-amd64/lib/libjimage.so
7f6af318a000-7f6af3389000 ---p 00005000 08:01 12455386                   /usr/lib/jvm/java-11-openjdk-amd64/lib/libjimage.so
7f6af3389000-7f6af338a000 r--p 00004000 08:01 12455386                   /usr/lib/jvm/java-11-openjdk-amd64/lib/libjimage.so
7f6af338a000-7f6af338b000 rw-p 00005000 08:01 12455386                   /usr/lib/jvm/java-11-openjdk-amd64/lib/libjimage.so
7f6af338b000-7f6af3392000 r-xp 00000000 08:01 12455407                   /usr/lib/jvm/java-11-openjdk-amd64/lib/libzip.so
7f6af3392000-7f6af3591000 ---p 00007000 08:01 12455407                   /usr/lib/jvm/java-11-openjdk-amd64/lib/libzip.so
7f6af3591000-7f6af3592000 r--p 00006000 08:01 12455407                   /usr/lib/jvm/java-11-openjdk-amd64/lib/libzip.so
7f6af3592000-7f6af3593000 rw-p 00007000 08:01 12455407                   /usr/lib/jvm/java-11-openjdk-amd64/lib/libzip.so
7f6af3593000-7f6af359e000 r-xp 00000000 08:01 9966624                    /lib/x86_64-linux-gnu/libnss_files-2.27.so
7f6af359e000-7f6af379d000 ---p 0000b000 08:01 9966624                    /lib/x86_64-linux-gnu/libnss_files-2.27.so
7f6af379d000-7f6af379e000 r--p 0000a000 08:01 9966624                    /lib/x86_64-linux-gnu/libnss_files-2.27.so
7f6af379e000-7f6af379f000 rw-p 0000b000 08:01 9966624                    /lib/x86_64-linux-gnu/libnss_files-2.27.so
7f6af379f000-7f6af37a5000 rw-p 00000000 00:00 0 
7f6af37a5000-7f6af37bc000 r-xp 00000000 08:01 9966618                    /lib/x86_64-linux-gnu/libnsl-2.27.so
7f6af37bc000-7f6af39bb000 ---p 00017000 08:01 9966618                    /lib/x86_64-linux-gnu/libnsl-2.27.so
7f6af39bb000-7f6af39bc000 r--p 00016000 08:01 9966618                    /lib/x86_64-linux-gnu/libnsl-2.27.so
7f6af39bc000-7f6af39bd000 rw-p 00017000 08:01 9966618                    /lib/x86_64-linux-gnu/libnsl-2.27.so
7f6af39bd000-7f6af39bf000 rw-p 00000000 00:00 0 
7f6af39bf000-7f6af39ca000 r-xp 00000000 08:01 9966635                    /lib/x86_64-linux-gnu/libnss_nis-2.27.so
7f6af39ca000-7f6af3bc9000 ---p 0000b000 08:01 9966635                    /lib/x86_64-linux-gnu/libnss_nis-2.27.so
7f6af3bc9000-7f6af3bca000 r--p 0000a000 08:01 9966635                    /lib/x86_64-linux-gnu/libnss_nis-2.27.so
7f6af3bca000-7f6af3bcb000 rw-p 0000b000 08:01 9966635                    /lib/x86_64-linux-gnu/libnss_nis-2.27.so
7f6af3bcb000-7f6af3bd3000 r-xp 00000000 08:01 9966620                    /lib/x86_64-linux-gnu/libnss_compat-2.27.so
7f6af3bd3000-7f6af3dd3000 ---p 00008000 08:01 9966620                    /lib/x86_64-linux-gnu/libnss_compat-2.27.so
7f6af3dd3000-7f6af3dd4000 r--p 00008000 08:01 9966620                    /lib/x86_64-linux-gnu/libnss_compat-2.27.so
7f6af3dd4000-7f6af3dd5000 rw-p 00009000 08:01 9966620                    /lib/x86_64-linux-gnu/libnss_compat-2.27.so
7f6af3dd5000-7f6af3dfe000 r-xp 00000000 08:01 12455382                   /usr/lib/jvm/java-11-openjdk-amd64/lib/libjava.so
7f6af3dfe000-7f6af3ffd000 ---p 00029000 08:01 12455382                   /usr/lib/jvm/java-11-openjdk-amd64/lib/libjava.so
7f6af3ffd000-7f6af3ffe000 r--p 00028000 08:01 12455382                   /usr/lib/jvm/java-11-openjdk-amd64/lib/libjava.so
7f6af3ffe000-7f6af4000000 rw-p 00029000 08:01 12455382                   /usr/lib/jvm/java-11-openjdk-amd64/lib/libjava.so
7f6af4000000-7f6af4851000 rw-p 00000000 00:00 0 
7f6af4851000-7f6af8000000 ---p 00000000 00:00 0 
7f6af801d000-7f6af8078000 rw-p 00000000 00:00 0 
7f6af8078000-7f6af8085000 r-xp 00000000 08:01 12455406                   /usr/lib/jvm/java-11-openjdk-amd64/lib/libverify.so
7f6af8085000-7f6af8284000 ---p 0000d000 08:01 12455406                   /usr/lib/jvm/java-11-openjdk-amd64/lib/libverify.so
7f6af8284000-7f6af8286000 r--p 0000c000 08:01 12455406                   /usr/lib/jvm/java-11-openjdk-amd64/lib/libverify.so
7f6af8286000-7f6af8287000 rw-p 0000e000 08:01 12455406                   /usr/lib/jvm/java-11-openjdk-amd64/lib/libverify.so
7f6af8287000-7f6af828e000 r-xp 00000000 08:01 9966675                    /lib/x86_64-linux-gnu/librt-2.27.so
7f6af828e000-7f6af848d000 ---p 00007000 08:01 9966675                    /lib/x86_64-linux-gnu/librt-2.27.so
7f6af848d000-7f6af848e000 r--p 00006000 08:01 9966675                    /lib/x86_64-linux-gnu/librt-2.27.so
7f6af848e000-7f6af848f000 rw-p 00007000 08:01 9966675                    /lib/x86_64-linux-gnu/librt-2.27.so
7f6af848f000-7f6af84a6000 r-xp 00000000 08:01 9961786                    /lib/x86_64-linux-gnu/libgcc_s.so.1
7f6af84a6000-7f6af86a5000 ---p 00017000 08:01 9961786                    /lib/x86_64-linux-gnu/libgcc_s.so.1
7f6af86a5000-7f6af86a6000 r--p 00016000 08:01 9961786                    /lib/x86_64-linux-gnu/libgcc_s.so.1
7f6af86a6000-7f6af86a7000 rw-p 00017000 08:01 9961786                    /lib/x86_64-linux-gnu/libgcc_s.so.1
7f6af86a7000-7f6af8844000 r-xp 00000000 08:01 9966597                    /lib/x86_64-linux-gnu/libm-2.27.so
7f6af8844000-7f6af8a43000 ---p 0019d000 08:01 9966597                    /lib/x86_64-linux-gnu/libm-2.27.so
7f6af8a43000-7f6af8a44000 r--p 0019c000 08:01 9966597                    /lib/x86_64-linux-gnu/libm-2.27.so
7f6af8a44000-7f6af8a45000 rw-p 0019d000 08:01 9966597                    /lib/x86_64-linux-gnu/libm-2.27.so
7f6af8a45000-7f6af8bbe000 r-xp 00000000 08:01 6555233                    /usr/lib/x86_64-linux-gnu/libstdc++.so.6.0.25
7f6af8bbe000-7f6af8dbe000 ---p 00179000 08:01 6555233                    /usr/lib/x86_64-linux-gnu/libstdc++.so.6.0.25
7f6af8dbe000-7f6af8dc8000 r--p 00179000 08:01 6555233                    /usr/lib/x86_64-linux-gnu/libstdc++.so.6.0.25
7f6af8dc8000-7f6af8dca000 rw-p 00183000 08:01 6555233                    /usr/lib/x86_64-linux-gnu/libstdc++.so.6.0.25
7f6af8dca000-7f6af8dce000 rw-p 00000000 00:00 0 
7f6af8dce000-7f6af9eab000 r-xp 00000000 08:01 12455413                   /usr/lib/jvm/java-11-openjdk-amd64/lib/server/libjvm.so
7f6af9eab000-7f6afa0aa000 ---p 010dd000 08:01 12455413                   /usr/lib/jvm/java-11-openjdk-amd64/lib/server/libjvm.so
7f6afa0aa000-7f6afa167000 r--p 010dc000 08:01 12455413                   /usr/lib/jvm/java-11-openjdk-amd64/lib/server/libjvm.so
7f6afa167000-7f6afa1a1000 rw-p 01199000 08:01 12455413                   /usr/lib/jvm/java-11-openjdk-amd64/lib/server/libjvm.so
7f6afa1a1000-7f6afa1f7000 rw-p 00000000 00:00 0 
7f6afa1f7000-7f6afa211000 r-xp 00000000 08:01 9966667                    /lib/x86_64-linux-gnu/libpthread-2.27.so
7f6afa211000-7f6afa410000 ---p 0001a000 08:01 9966667                    /lib/x86_64-linux-gnu/libpthread-2.27.so
7f6afa410000-7f6afa411000 r--p 00019000 08:01 9966667                    /lib/x86_64-linux-gnu/libpthread-2.27.so
7f6afa411000-7f6afa412000 rw-p 0001a000 08:01 9966667                    /lib/x86_64-linux-gnu/libpthread-2.27.so
7f6afa412000-7f6afa416000 rw-p 00000000 00:00 0 
7f6afa416000-7f6afa419000 r-xp 00000000 08:01 9966557                    /lib/x86_64-linux-gnu/libdl-2.27.so
7f6afa419000-7f6afa618000 ---p 00003000 08:01 9966557                    /lib/x86_64-linux-gnu/libdl-2.27.so
7f6afa618000-7f6afa619000 r--p 00002000 08:01 9966557                    /lib/x86_64-linux-gnu/libdl-2.27.so
7f6afa619000-7f6afa61a000 rw-p 00003000 08:01 9966557                    /lib/x86_64-linux-gnu/libdl-2.27.so
7f6afa61a000-7f6afa636000 r-xp 00000000 08:01 9966706                    /lib/x86_64-linux-gnu/libz.so.1.2.11
7f6afa636000-7f6afa835000 ---p 0001c000 08:01 9966706                    /lib/x86_64-linux-gnu/libz.so.1.2.11
7f6afa835000-7f6afa836000 r--p 0001b000 08:01 9966706                    /lib/x86_64-linux-gnu/libz.so.1.2.11
7f6afa836000-7f6afa837000 rw-p 0001c000 08:01 9966706                    /lib/x86_64-linux-gnu/libz.so.1.2.11
7f6afa837000-7f6afaa1e000 r-xp 00000000 08:01 9966534                    /lib/x86_64-linux-gnu/libc-2.27.so
7f6afaa1e000-7f6afac1e000 ---p 001e7000 08:01 9966534                    /lib/x86_64-linux-gnu/libc-2.27.so
7f6afac1e000-7f6afac22000 r--p 001e7000 08:01 9966534                    /lib/x86_64-linux-gnu/libc-2.27.so
7f6afac22000-7f6afac24000 rw-p 001eb000 08:01 9966534                    /lib/x86_64-linux-gnu/libc-2.27.so
7f6afac24000-7f6afac28000 rw-p 00000000 00:00 0 
7f6afac28000-7f6afac38000 r-xp 00000000 08:01 12455366                   /usr/lib/jvm/java-11-openjdk-amd64/lib/jli/libjli.so
7f6afac38000-7f6afae37000 ---p 00010000 08:01 12455366                   /usr/lib/jvm/java-11-openjdk-amd64/lib/jli/libjli.so
7f6afae37000-7f6afae38000 r--p 0000f000 08:01 12455366                   /usr/lib/jvm/java-11-openjdk-amd64/lib/jli/libjli.so
7f6afae38000-7f6afae39000 rw-p 00010000 08:01 12455366                   /usr/lib/jvm/java-11-openjdk-amd64/lib/jli/libjli.so
7f6afae39000-7f6afae60000 r-xp 00000000 08:01 9966506                    /lib/x86_64-linux-gnu/ld-2.27.so
7f6afae81000-7f6afaf3c000 rw-p 00000000 00:00 0 
7f6afaf3c000-7f6afaf40000 ---p 00000000 00:00 0 
7f6afaf40000-7f6afb03f000 rw-p 00000000 00:00 0 
7f6afb046000-7f6afb04b000 rw-p 00000000 00:00 0 
7f6afb04b000-7f6afb052000 ---p 00000000 00:00 0 
7f6afb052000-7f6afb054000 r--s 00007000 08:01 6951047                    /usr/share/java/java-atk-wrapper.jar
7f6afb054000-7f6afb05c000 rw-s 00000000 08:01 19017163                   /tmp/hsperfdata_nakul/13402
7f6afb05c000-7f6afb05d000 ---p 00000000 00:00 0 
7f6afb05d000-7f6afb05e000 r--p 00000000 00:00 0 
7f6afb05e000-7f6afb060000 rw-p 00000000 00:00 0 
7f6afb060000-7f6afb061000 r--p 00027000 08:01 9966506                    /lib/x86_64-linux-gnu/ld-2.27.so
7f6afb061000-7f6afb062000 rw-p 00028000 08:01 9966506                    /lib/x86_64-linux-gnu/ld-2.27.so
7f6afb062000-7f6afb063000 rw-p 00000000 00:00 0 
7ffd825e0000-7ffd82601000 rw-p 00000000 00:00 0                          [stack]
7ffd8263f000-7ffd82642000 r--p 00000000 00:00 0                          [vvar]
7ffd82642000-7ffd82643000 r-xp 00000000 00:00 0                          [vdso]
ffffffffff600000-ffffffffff601000 --xp 00000000 00:00 0                  [vsyscall]


VM Arguments:
jvm_args: -Dfile.encoding=UTF-8 
java_command: selenium.NSP
java_class_path (initial): /home/nakul/eclipse-workspace/selenium/bin:/home/nakul/selenium/selenium-java-3.141.59/libs/byte-buddy-1.8.15.jar:/home/nakul/selenium/selenium-java-3.141.59/libs/commons-exec-1.3.jar:/home/nakul/selenium/selenium-java-3.141.59/libs/guava-25.0-jre.jar:/home/nakul/selenium/selenium-java-3.141.59/libs/okhttp-3.11.0.jar:/home/nakul/selenium/selenium-java-3.141.59/libs/okio-1.14.0.jar:/home/nakul/selenium/selenium-java-3.141.59/client-combined-3.141.59.jar:/home/nakul/selenium/selenium-java-3.141.59/client-combined-3.141.59-sources.jar:/home/nakul/eclipse-workspace/Tess4J/lib/commons-beanutils-1.9.2.jar:/home/nakul/eclipse-workspace/Tess4J/lib/commons-io-2.6.jar:/home/nakul/eclipse-workspace/Tess4J/lib/commons-logging-1.2.jar:/home/nakul/eclipse-workspace/Tess4J/lib/fontbox-2.0.9.jar:/home/nakul/eclipse-workspace/Tess4J/lib/ghost4j-1.0.1.jar:/home/nakul/eclipse-workspace/Tess4J/lib/hamcrest-core-1.3.jar:/home/nakul/eclipse-workspace/Tess4J/lib/itext-2.1.7.jar:/home/nakul/eclipse-workspace/Tess4J/lib/jai-imageio-core-1.4.0.jar:/home/nakul/eclipse-workspace/Tess4J/lib/jbig2-imageio-3.0.0.jar:/home/nakul/eclipse-workspace/Tess4J/lib/jboss-vfs-3.2.12.Final.jar:/home/nakul/eclipse-workspace/Tess4J/lib/jcl-over-slf4j-1.7.25.jar:/home/nakul/eclipse-workspace/Tess4J/lib/jna-4.1.0.jar:/home/nakul/eclipse-workspace/Tess4J/lib/jul-to-slf4j-1.7.25.jar:/home/nakul/eclipse-workspace/Tess4J/lib/junit-4.12.jar:/home/nakul/eclipse-workspace/Tess4J/lib/lept4j-1.6.4.jar:/home/nakul/eclipse-workspace/Tess4J/lib/log4j-1.2.17.jar:/home/nakul/eclipse-workspace/Tess4J/lib/log4j-over-slf4j-1.7.25.jar:/home/nakul/eclipse-workspace/Tess4J/lib/logback-classic-1.2.3.jar:/home/nakul/eclipse-workspace/Tess4J/lib/logback-core-1.2.3.jar:/home/nakul/eclipse-workspace/Tess4J/lib/pdfbox-2.0.9.jar:/home/nakul/eclipse-workspace/Tess4J/lib/pdfbox-tools-2.0.9.jar:/home/nakul/eclipse-workspace/Tess4J/lib/slf4j-api-1.7.25.jar:/home/nakul/eclipse-workspace/Tess4J/lib/xmlgraphics-comm
Launcher Type: SUN_STANDARD

[Global flags]
     intx CICompilerCount                          = 3                                         {product} {ergonomic}
     uint ConcGCThreads                            = 1                                         {product} {ergonomic}
     uint G1ConcRefinementThreads                  = 4                                         {product} {ergonomic}
   size_t G1HeapRegionSize                         = 1048576                                   {product} {ergonomic}
    uintx GCDrainStackTargetSize                   = 64                                        {product} {ergonomic}
   size_t InitialHeapSize                          = 62914560                                  {product} {ergonomic}
   size_t MarkStackSize                            = 4194304                                   {product} {ergonomic}
   size_t MaxHeapSize                              = 1002438656                                {product} {ergonomic}
   size_t MaxNewSize                               = 600834048                                 {product} {ergonomic}
   size_t MinHeapDeltaBytes                        = 1048576                                   {product} {ergonomic}
    uintx NonNMethodCodeHeapSize                   = 5830732                                {pd product} {ergonomic}
    uintx NonProfiledCodeHeapSize                  = 122913754                              {pd product} {ergonomic}
    uintx ProfiledCodeHeapSize                     = 122913754                              {pd product} {ergonomic}
    uintx ReservedCodeCacheSize                    = 251658240                              {pd product} {ergonomic}
     bool SegmentedCodeCache                       = true                                      {product} {ergonomic}
     bool UseCompressedClassPointers               = true                                 {lp64_product} {ergonomic}
     bool UseCompressedOops                        = true                                 {lp64_product} {ergonomic}
     bool UseG1GC                                  = true                                      {product} {ergonomic}

Logging:
Log output configuration:
 #0: stdout all=warning uptime,level,tags
 #1: stderr all=off uptime,level,tags

Environment Variables:
PATH=/usr/local/sbin:/usr/local/bin:/usr/sbin:/usr/bin:/sbin:/bin:/usr/games:/usr/local/games:/snap/bin
SHELL=/bin/bash
DISPLAY=:0

Signal Handlers:
SIGSEGV: [libjvm.so+0xdf8d00], sa_mask[0]=11111111011111111101111111111110, sa_flags=SA_RESTART|SA_SIGINFO
SIGBUS: [libjvm.so+0xdf8d00], sa_mask[0]=11111111011111111101111111111110, sa_flags=SA_RESTART|SA_SIGINFO
SIGFPE: [libjvm.so+0xdf8d00], sa_mask[0]=11111111011111111101111111111110, sa_flags=SA_RESTART|SA_SIGINFO
SIGPIPE: [libjvm.so+0xbcbc30], sa_mask[0]=11111111011111111101111111111110, sa_flags=SA_RESTART|SA_SIGINFO
SIGXFSZ: [libjvm.so+0xbcbc30], sa_mask[0]=11111111011111111101111111111110, sa_flags=SA_RESTART|SA_SIGINFO
SIGILL: [libjvm.so+0xdf8d00], sa_mask[0]=11111111011111111101111111111110, sa_flags=SA_RESTART|SA_SIGINFO
SIGUSR2: [libjvm.so+0xbcbad0], sa_mask[0]=00100000000000000000000000000000, sa_flags=SA_RESTART|SA_SIGINFO
SIGHUP: [libjvm.so+0xbcbe30], sa_mask[0]=11111111011111111101111111111110, sa_flags=SA_RESTART|SA_SIGINFO
SIGINT: [libjvm.so+0xbcbe30], sa_mask[0]=11111111011111111101111111111110, sa_flags=SA_RESTART|SA_SIGINFO
SIGTERM: [libjvm.so+0xbcbe30], sa_mask[0]=11111111011111111101111111111110, sa_flags=SA_RESTART|SA_SIGINFO
SIGQUIT: [libjvm.so+0xbcbe30], sa_mask[0]=11111111011111111101111111111110, sa_flags=SA_RESTART|SA_SIGINFO


---------------  S Y S T E M  ---------------

OS:DISTRIB_ID=Ubuntu
DISTRIB_RELEASE=18.04
DISTRIB_CODENAME=bionic
DISTRIB_DESCRIPTION="Ubuntu 18.04.3 LTS"
uname:Linux 5.3.0-42-generic #34~18.04.1-Ubuntu SMP Fri Feb 28 13:42:26 UTC 2020 x86_64
OS uptime: 0 days 2:51 hours
libc:glibc 2.27 NPTL 2.27 
rlimit: STACK 8192k, CORE 0k, NPROC 15078, NOFILE 4096, AS infinity, CPU infinity, DATA infinity, FSIZE infinity
load average:1.41 0.98 0.82

/proc/meminfo:
MemTotal:        3907988 kB
MemFree:          152716 kB
MemAvailable:     549096 kB
Buffers:           54860 kB
Cached:           861748 kB
SwapCached:        18324 kB
Active:          2591544 kB
Inactive:         823400 kB
Active(anon):    2230020 kB
Inactive(anon):   618604 kB
Active(file):     361524 kB
Inactive(file):   204796 kB
Unevictable:       25508 kB
Mlocked:             112 kB
SwapTotal:       2097148 kB
SwapFree:        1841552 kB
Dirty:              1192 kB
Writeback:           100 kB
AnonPages:       2507488 kB
Mapped:           576592 kB
Shmem:            350144 kB
KReclaimable:      65008 kB
Slab:             173920 kB
SReclaimable:      65008 kB
SUnreclaim:       108912 kB
KernelStack:       17792 kB
PageTables:        67796 kB
NFS_Unstable:          0 kB
Bounce:                0 kB
WritebackTmp:          0 kB
CommitLimit:     4051140 kB
Committed_AS:   10158432 kB
VmallocTotal:   34359738367 kB
VmallocUsed:       33144 kB
VmallocChunk:          0 kB
Percpu:             2992 kB
HardwareCorrupted:     0 kB
AnonHugePages:         0 kB
ShmemHugePages:        0 kB
ShmemPmdMapped:        0 kB
CmaTotal:              0 kB
CmaFree:               0 kB
HugePages_Total:       0
HugePages_Free:        0
HugePages_Rsvd:        0
HugePages_Surp:        0
Hugepagesize:       2048 kB
Hugetlb:               0 kB
DirectMap4k:      281660 kB
DirectMap2M:     3790848 kB


/proc/sys/kernel/threads-max (system-wide limit on the number of threads):
30157


/proc/sys/vm/max_map_count (maximum number of memory map areas a process may have):
65530


/proc/sys/kernel/pid_max (system-wide limit on number of process identifiers):
32768



container (cgroup) information:
container_type: cgroupv1
cpu_cpuset_cpus: 0-3
cpu_memory_nodes: 0
active_processor_count: 4
cpu_quota: -1
cpu_period: 100000
cpu_shares: -1
memory_limit_in_bytes: -1
memory_and_swap_limit_in_bytes: -2
memory_soft_limit_in_bytes: -1
memory_usage_in_bytes: 3297443840
memory_max_usage_in_bytes: 3393150976

Steal ticks since vm start: 0
Steal ticks percentage since vm start:  0.000

CPU:total 4 (initial active 4) (2 cores per cpu, 2 threads per core) family 6 model 42 stepping 7, cmov, cx8, fxsr, mmx, sse, sse2, sse3, ssse3, sse4.1, sse4.2, popcnt, avx, aes, clmul, ht, tsc, tscinvbit
CPU Model and flags from /proc/cpuinfo:
model name	: Intel(R) Core(TM) i5-2520M CPU @ 2.50GHz
flags		: fpu vme de pse tsc msr pae mce cx8 apic sep mtrr pge mca cmov pat pse36 clflush dts acpi mmx fxsr sse sse2 ht tm pbe syscall nx rdtscp lm constant_tsc arch_perfmon pebs bts rep_good nopl xtopology nonstop_tsc cpuid aperfmperf pni pclmulqdq dtes64 monitor ds_cpl vmx smx est tm2 ssse3 cx16 xtpr pdcm pcid sse4_1 sse4_2 x2apic popcnt tsc_deadline_timer aes xsave avx lahf_lm epb pti tpr_shadow vnmi flexpriority ept vpid xsaveopt dtherm ida arat pln pts

Memory: 4k page, physical 3907988k(152716k free), swap 2097148k(1841552k free)

vm_info: OpenJDK 64-Bit Server VM (11.0.7+10-post-Ubuntu-2ubuntu218.04) for linux-amd64 JRE (11.0.7+10-post-Ubuntu-2ubuntu218.04), built on Apr 15 2020 21:12:54 by "unknown" with gcc 7.5.0

END.
