#
# A fatal error has been detected by the Java Runtime Environment:
#
#  SIGSEGV (0xb) at pc=0x00007f8b5dcefc27, pid=21573, tid=21581
#
# JRE version: OpenJDK Runtime Environment (11.0.7+10) (build 11.0.7+10-post-Ubuntu-2ubuntu218.04)
# Java VM: OpenJDK 64-Bit Server VM (11.0.7+10-post-Ubuntu-2ubuntu218.04, mixed mode, sharing, tiered, compressed oops, g1 gc, linux-amd64)
# Problematic frame:
# C  [libtesseract.so.4+0xa1c27]  tesseract::Tesseract::recog_all_words(PAGE_RES*, ETEXT_DESC*, TBOX const*, char const*, int)+0x437
#
# Core dump will be written. Default location: Core dumps may be processed with "/usr/share/apport/apport %p %s %c %d %P %E" (or dumping to /home/nakul/eclipse-workspace/selenium/core.21573)
#
# If you would like to submit a bug report, please visit:
#   https://bugs.launchpad.net/ubuntu/+source/openjdk-lts
# The crash happened outside the Java Virtual Machine in native code.
# See problematic frame for where to report the bug.
#

---------------  S U M M A R Y ------------

Command Line: -Dfile.encoding=UTF-8 selenium.NSP

Host: Intel(R) Core(TM) i5-2520M CPU @ 2.50GHz, 4 cores, 3G, Ubuntu 18.04.3 LTS
Time: Fri May 15 10:04:41 2020 IST elapsed time: 18 seconds (0d 0h 0m 18s)

---------------  T H R E A D  ---------------

Current thread (0x00007f8be0016800):  JavaThread "main" [_thread_in_native, id=21581, stack(0x00007f8be76eb000,0x00007f8be77ec000)]

Stack: [0x00007f8be76eb000,0x00007f8be77ec000],  sp=0x00007f8be77e9660,  free space=1017k
Native frames: (J=compiled Java code, A=aot compiled Java code, j=interpreted, Vv=VM code, C=native code)
C  [libtesseract.so.4+0xa1c27]  tesseract::Tesseract::recog_all_words(PAGE_RES*, ETEXT_DESC*, TBOX const*, char const*, int)+0x437

Java frames: (J=compiled Java code, j=interpreted, Vv=VM code)
j  com.sun.jna.Native.invokePointer(JI[Ljava/lang/Object;)J+0
j  com.sun.jna.Function.invokePointer(I[Ljava/lang/Object;)Lcom/sun/jna/Pointer;+6
j  com.sun.jna.Function.invoke([Ljava/lang/Object;Ljava/lang/Class;Z)Ljava/lang/Object;+426
j  com.sun.jna.Function.invoke(Ljava/lang/Class;[Ljava/lang/Object;Ljava/util/Map;)Ljava/lang/Object;+262
j  com.sun.jna.Library$Handler.invoke(Ljava/lang/Object;Ljava/lang/reflect/Method;[Ljava/lang/Object;)Ljava/lang/Object;+316
j  com.sun.proxy.$Proxy0.TessBaseAPIGetUTF8Text(Lnet/sourceforge/tess4j/ITessAPI$TessBaseAPI;)Lcom/sun/jna/Pointer;+16
j  net.sourceforge.tess4j.Tesseract.getOCRText(Ljava/lang/String;I)Ljava/lang/String;+62
j  net.sourceforge.tess4j.Tesseract.doOCR(Ljava/util/List;Ljava/lang/String;Ljava/awt/Rectangle;)Ljava/lang/String;+62
j  net.sourceforge.tess4j.Tesseract.doOCR(Ljava/io/File;Ljava/awt/Rectangle;)Ljava/lang/String;+10
j  net.sourceforge.tess4j.Tesseract.doOCR(Ljava/io/File;)Ljava/lang/String;+3
j  selenium.NSP.enterinput()V+145
j  selenium.NSP.main([Ljava/lang/String;)V+13
v  ~StubRoutines::call_stub

siginfo: si_signo: 11 (SIGSEGV), si_code: 1 (SEGV_MAPERR), si_addr: 0x000000000000000c

Register to memory mapping:

RAX=0x0 is NULL
RBX=0x00007f8be080fe20 points into unknown readable memory: 88 bb 15 5e 8b 7f 00 00
RCX=0x0 is NULL
RDX=0x00007f8be0831a18 points into unknown readable memory: 00 00 00 00 00 00 00 00
RSP=0x00007f8be77e9660 is pointing into the stack for thread: 0x00007f8be0016800
RBP=0x00007f8be77e96b0 is pointing into the stack for thread: 0x00007f8be0016800
RSI=0x0000000000000001 is an unknown value
RDI=0x00007f8be77e9700 is pointing into the stack for thread: 0x00007f8be0016800
R8 =0x0 is NULL
R9 =0x0 is NULL
R10=0x00007f8be00008d0 points into unknown readable memory: 00 00 00 06 01 00 03 06
R11=0x0 is NULL
R12=0x00007f8be0884fc0 points into unknown readable memory: 00 00 00 00 00 00 00 00
R13=0x0 is NULL
R14=0x0 is NULL
R15=0x00007f8be0884fc0 points into unknown readable memory: 00 00 00 00 00 00 00 00


Registers:
RAX=0x0000000000000000, RBX=0x00007f8be080fe20, RCX=0x0000000000000000, RDX=0x00007f8be0831a18
RSP=0x00007f8be77e9660, RBP=0x00007f8be77e96b0, RSI=0x0000000000000001, RDI=0x00007f8be77e9700
R8 =0x0000000000000000, R9 =0x0000000000000000, R10=0x00007f8be00008d0, R11=0x0000000000000000
R12=0x00007f8be0884fc0, R13=0x0000000000000000, R14=0x0000000000000000, R15=0x00007f8be0884fc0
RIP=0x00007f8b5dcefc27, EFLAGS=0x0000000000010246, CSGSFS=0x002b000000000033, ERR=0x0000000000000004
  TRAPNO=0x000000000000000e

Top of Stack: (sp=0x00007f8be77e9660)
0x00007f8be77e9660:   0000000000000000 0000000000000000
0x00007f8be77e9670:   0000000000000000 00007f8be0884d90
0x00007f8be77e9680:   00007f8be08887d0 00007f8be08886f0
0x00007f8be77e9690:   0000000000000001 00007f8be77e96c0 

Instructions: (pc=0x00007f8b5dcefc27)
0x00007f8b5dcefb27:   89 e6 48 89 df e8 af 87 ff ff 4c 89 e6 48 89 df
0x00007f8b5dcefb37:   e8 b4 8b ff ff 4c 89 e6 48 89 df e8 f9 72 ff ff
0x00007f8b5dcefb47:   4c 89 e6 48 89 df e8 7e 74 ff ff e9 a9 fd ff ff
0x00007f8b5dcefb57:   66 0f 1f 84 00 00 00 00 00 48 8b 40 10 7e 2a 8b
0x00007f8b5dcefb67:   38 85 ff 75 4c 48 83 c0 04 83 ea 01 48 8d 14 90
0x00007f8b5dcefb77:   eb 12 0f 1f 80 00 00 00 00 48 83 c0 04 8b 70 fc
0x00007f8b5dcefb87:   85 f6 75 2d 48 39 c2 75 f0 48 85 c9 74 1b 8b 41
0x00007f8b5dcefb97:   10 8d 50 ff 83 fa 02 76 10 83 e8 05 83 f8 03 77
0x00007f8b5dcefba7:   10 0f 1f 84 00 00 00 00 00 48 89 ef e8 e8 2d 19
0x00007f8b5dcefbb7:   00 31 d2 31 f6 48 89 ef e8 2c f6 18 00 48 8b 44
0x00007f8b5dcefbc7:   24 70 48 85 c0 0f 84 8e fd ff ff 48 8b 94 24 80
0x00007f8b5dcefbd7:   00 00 00 31 c9 48 8b 52 08 48 85 d2 74 04 48 8b
0x00007f8b5dcefbe7:   4a 08 48 8b 80 e8 00 00 00 48 85 c0 74 bb 8b 50
0x00007f8b5dcefbf7:   34 83 fa 00 74 b3 e9 5e ff ff ff 66 0f 1f 44 00
0x00007f8b5dcefc07:   00 31 f6 48 89 ef e8 ce f9 18 00 8b 83 a0 15 00
0x00007f8b5dcefc17:   00 85 c0 0f 8f c0 00 00 00 48 8b 83 40 0a 00 00
0x00007f8b5dcefc27:   80 78 0c 00 0f 85 a7 02 00 00 8b 83 58 47 02 00
0x00007f8b5dcefc37:   85 c0 0f 8e b1 00 00 00 31 d2 45 31 ff eb 2c 66
0x00007f8b5dcefc47:   2e 0f 1f 84 00 00 00 00 00 48 8b 8f 40 0a 00 00
0x00007f8b5dcefc57:   80 79 0c 00 0f 85 ff 01 00 00 41 83 c7 01 48 83
0x00007f8b5dcefc67:   c2 08 44 3b bb 58 47 02 00 7d 7e 48 8b 8b 60 47
0x00007f8b5dcefc77:   02 00 48 8b 3c 11 8b 87 a0 15 00 00 85 c0 7e c9
0x00007f8b5dcefc87:   48 89 54 24 10 e8 8f 46 0f 00 48 8b 54 24 10 eb
0x00007f8b5dcefc97:   c9 0f 1f 84 00 00 00 00 00 80 bb 72 30 02 00 00
0x00007f8b5dcefca7:   0f 85 73 fc ff ff 8b b3 04 1d 02 00 4c 89 e2 4c
0x00007f8b5dcefcb7:   89 ff e8 32 d4 0b 00 31 f6 48 89 ef e8 18 f9 18
0x00007f8b5dcefcc7:   00 48 8b 44 24 70 48 85 c0 0f 85 fc fe ff ff e9
0x00007f8b5dcefcd7:   94 fc ff ff 0f 1f 44 00 00 48 89 df e8 38 46 0f
0x00007f8b5dcefce7:   00 e9 44 ff ff ff 0f 1f 00 4c 8d 7c 24 30 be 04
0x00007f8b5dcefcf7:   00 00 00 48 c7 44 24 30 00 00 00 00 48 c7 44 24
0x00007f8b5dcefd07:   38 00 00 00 00 48 c7 44 24 40 00 00 00 00 4c 89
0x00007f8b5dcefd17:   ff 48 c7 44 24 48 00 00 00 00 e8 3a 19 00 00 48 


Stack slot to memory mapping:
stack at sp + 0 slots: 0x0 is NULL
stack at sp + 1 slots: 0x0 is NULL
stack at sp + 2 slots: 0x0 is NULL
stack at sp + 3 slots: 0x00007f8be0884d90 points into unknown readable memory: 90 4d 88 e0 8b 7f 00 00
stack at sp + 4 slots: 0x00007f8be08887d0 points into unknown readable memory: d0 87 88 e0 8b 7f 00 00
stack at sp + 5 slots: 0x00007f8be08886f0 points into unknown readable memory: f0 86 88 e0 8b 7f 00 00
stack at sp + 6 slots: 0x0000000000000001 is an unknown value
stack at sp + 7 slots: 0x00007f8be77e96c0 is pointing into the stack for thread: 0x00007f8be0016800


---------------  P R O C E S S  ---------------

Threads class SMR info:
_java_thread_list=0x00007f8be05c7db0, length=17, elements={
0x00007f8be0016800, 0x00007f8be00be000, 0x00007f8be00c8000, 0x00007f8be00cd800,
0x00007f8be00d0000, 0x00007f8be00d2000, 0x00007f8be00d4000, 0x00007f8be0103000,
0x00007f8be0107800, 0x00007f8be0490800, 0x00007f8b7c00c800, 0x00007f8b7c00f800,
0x00007f8b7c010800, 0x00007f8be04f5000, 0x00007f8be0558000, 0x00007f8be055a000,
0x00007f8be05c7000
}

Java Threads: ( => current thread )
=>0x00007f8be0016800 JavaThread "main" [_thread_in_native, id=21581, stack(0x00007f8be76eb000,0x00007f8be77ec000)]
  0x00007f8be00be000 JavaThread "Reference Handler" daemon [_thread_blocked, id=21588, stack(0x00007f8bc4568000,0x00007f8bc4669000)]
  0x00007f8be00c8000 JavaThread "Finalizer" daemon [_thread_blocked, id=21589, stack(0x00007f8bc4467000,0x00007f8bc4568000)]
  0x00007f8be00cd800 JavaThread "Signal Dispatcher" daemon [_thread_blocked, id=21590, stack(0x00007f8bc4366000,0x00007f8bc4467000)]
  0x00007f8be00d0000 JavaThread "C2 CompilerThread0" daemon [_thread_blocked, id=21591, stack(0x00007f8bc4265000,0x00007f8bc4366000)]
  0x00007f8be00d2000 JavaThread "C1 CompilerThread0" daemon [_thread_blocked, id=21592, stack(0x00007f8bc4164000,0x00007f8bc4265000)]
  0x00007f8be00d4000 JavaThread "Sweeper thread" daemon [_thread_blocked, id=21593, stack(0x00007f8bc4063000,0x00007f8bc4164000)]
  0x00007f8be0103000 JavaThread "Service Thread" daemon [_thread_blocked, id=21594, stack(0x00007f8bb5530000,0x00007f8bb5631000)]
  0x00007f8be0107800 JavaThread "Common-Cleaner" daemon [_thread_blocked, id=21596, stack(0x00007f8bb532d000,0x00007f8bb542e000)]
  0x00007f8be0490800 JavaThread "Exec Default Executor" daemon [_thread_blocked, id=21599, stack(0x00007f8bb47cf000,0x00007f8bb48d0000)]
  0x00007f8b7c00c800 JavaThread "process reaper" daemon [_thread_in_native, id=21608, stack(0x00007f8bc4041000,0x00007f8bc4063000)]
  0x00007f8b7c00f800 JavaThread "Exec Stream Pumper" daemon [_thread_in_native, id=21609, stack(0x00007f8bb46ce000,0x00007f8bb47cf000)]
  0x00007f8b7c010800 JavaThread "Exec Stream Pumper" daemon [_thread_in_native, id=21610, stack(0x00007f8bb45cd000,0x00007f8bb46ce000)]
  0x00007f8be04f5000 JavaThread "ForkJoinPool.commonPool-worker-3" daemon [_thread_blocked, id=21611, stack(0x00007f8bb44cc000,0x00007f8bb45cd000)]
  0x00007f8be0558000 JavaThread "OkHttp ConnectionPool" daemon [_thread_blocked, id=21612, stack(0x00007f8bb41cb000,0x00007f8bb42cc000)]
  0x00007f8be055a000 JavaThread "Okio Watchdog" daemon [_thread_blocked, id=21613, stack(0x00007f8bb40ca000,0x00007f8bb41cb000)]
  0x00007f8be05c7000 JavaThread "Java2D Disposer" daemon [_thread_blocked, id=21876, stack(0x00007f8bb48d0000,0x00007f8bb49d1000)]

Other Threads:
  0x00007f8be00bb000 VMThread "VM Thread" [stack: 0x00007f8bc466b000,0x00007f8bc476b000] [id=21587]
  0x00007f8be0105000 WatcherThread [stack: 0x00007f8bb5430000,0x00007f8bb5530000] [id=21595]
  0x00007f8be002f000 GCTaskThread "GC Thread#0" [stack: 0x00007f8bc7fd3000,0x00007f8bc80d3000] [id=21582]
  0x00007f8bac001000 GCTaskThread "GC Thread#1" [stack: 0x00007f8bb49d3000,0x00007f8bb4ad3000] [id=21597]
  0x00007f8be0049800 ConcurrentGCThread "G1 Main Marker" [stack: 0x00007f8bc5753000,0x00007f8bc5853000] [id=21583]
  0x00007f8be004b800 ConcurrentGCThread "G1 Conc#0" [stack: 0x00007f8bc5651000,0x00007f8bc5751000] [id=21584]
  0x00007f8be008d000 ConcurrentGCThread "G1 Refine#0" [stack: 0x00007f8bc514b000,0x00007f8bc524b000] [id=21585]
  0x00007f8be008f000 ConcurrentGCThread "G1 Young RemSet Sampling" [stack: 0x00007f8bc5049000,0x00007f8bc5149000] [id=21586]

Threads with active compile tasks:

VM state:not at safepoint (normal execution)

VM Mutex/Monitor currently owned by a thread: None

Heap address: 0x00000000c4400000, size: 956 MB, Compressed Oops mode: 32-bit
Narrow klass base: 0x0000000800000000, Narrow klass shift: 3
Compressed class space size: 1073741824 Address: 0x0000000840000000

Heap:
 garbage-first heap   total 63488K, used 8129K [0x00000000c4400000, 0x0000000100000000)
  region size 1024K, 5 young (5120K), 3 survivors (3072K)
 Metaspace       used 14434K, capacity 15010K, committed 15104K, reserved 1062912K
  class space    used 1788K, capacity 2020K, committed 2048K, reserved 1048576K
Heap Regions: E=young(eden), S=young(survivor), O=old, HS=humongous(starts), HC=humongous(continues), CS=collection set, F=free, A=archive, TAMS=top-at-mark-start (previous, next)
|   0|0x00000000c4400000, 0x00000000c4500000, 0x00000000c4500000|100%| O|  |TAMS 0x00000000c4400000, 0x00000000c4400000| Untracked 
|   1|0x00000000c4500000, 0x00000000c4600000, 0x00000000c4600000|100%| O|  |TAMS 0x00000000c4500000, 0x00000000c4500000| Untracked 
|   2|0x00000000c4600000, 0x00000000c4700000, 0x00000000c4700000|100%| O|  |TAMS 0x00000000c4600000, 0x00000000c4600000| Untracked 
|   3|0x00000000c4700000, 0x00000000c47dde00, 0x00000000c4800000| 86%| O|  |TAMS 0x00000000c4700000, 0x00000000c4700000| Untracked 
|   4|0x00000000c4800000, 0x00000000c4800000, 0x00000000c4900000|  0%| F|  |TAMS 0x00000000c4800000, 0x00000000c4800000| Untracked 
|   5|0x00000000c4900000, 0x00000000c4900000, 0x00000000c4a00000|  0%| F|  |TAMS 0x00000000c4900000, 0x00000000c4900000| Untracked 
|   6|0x00000000c4a00000, 0x00000000c4a00000, 0x00000000c4b00000|  0%| F|  |TAMS 0x00000000c4a00000, 0x00000000c4a00000| Untracked 
|   7|0x00000000c4b00000, 0x00000000c4b00000, 0x00000000c4c00000|  0%| F|  |TAMS 0x00000000c4b00000, 0x00000000c4b00000| Untracked 
|   8|0x00000000c4c00000, 0x00000000c4c00000, 0x00000000c4d00000|  0%| F|  |TAMS 0x00000000c4c00000, 0x00000000c4c00000| Untracked 
|   9|0x00000000c4d00000, 0x00000000c4d00000, 0x00000000c4e00000|  0%| F|  |TAMS 0x00000000c4d00000, 0x00000000c4d00000| Untracked 
|  10|0x00000000c4e00000, 0x00000000c4e00000, 0x00000000c4f00000|  0%| F|  |TAMS 0x00000000c4e00000, 0x00000000c4e00000| Untracked 
|  11|0x00000000c4f00000, 0x00000000c4f00000, 0x00000000c5000000|  0%| F|  |TAMS 0x00000000c4f00000, 0x00000000c4f00000| Untracked 
|  12|0x00000000c5000000, 0x00000000c5000000, 0x00000000c5100000|  0%| F|  |TAMS 0x00000000c5000000, 0x00000000c5000000| Untracked 
|  13|0x00000000c5100000, 0x00000000c5100000, 0x00000000c5200000|  0%| F|  |TAMS 0x00000000c5100000, 0x00000000c5100000| Untracked 
|  14|0x00000000c5200000, 0x00000000c5200000, 0x00000000c5300000|  0%| F|  |TAMS 0x00000000c5200000, 0x00000000c5200000| Untracked 
|  15|0x00000000c5300000, 0x00000000c5300000, 0x00000000c5400000|  0%| F|  |TAMS 0x00000000c5300000, 0x00000000c5300000| Untracked 
|  16|0x00000000c5400000, 0x00000000c5400000, 0x00000000c5500000|  0%| F|  |TAMS 0x00000000c5400000, 0x00000000c5400000| Untracked 
|  17|0x00000000c5500000, 0x00000000c5500000, 0x00000000c5600000|  0%| F|  |TAMS 0x00000000c5500000, 0x00000000c5500000| Untracked 
|  18|0x00000000c5600000, 0x00000000c5600000, 0x00000000c5700000|  0%| F|  |TAMS 0x00000000c5600000, 0x00000000c5600000| Untracked 
|  19|0x00000000c5700000, 0x00000000c5700000, 0x00000000c5800000|  0%| F|  |TAMS 0x00000000c5700000, 0x00000000c5700000| Untracked 
|  20|0x00000000c5800000, 0x00000000c5800000, 0x00000000c5900000|  0%| F|  |TAMS 0x00000000c5800000, 0x00000000c5800000| Untracked 
|  21|0x00000000c5900000, 0x00000000c5900000, 0x00000000c5a00000|  0%| F|  |TAMS 0x00000000c5900000, 0x00000000c5900000| Untracked 
|  22|0x00000000c5a00000, 0x00000000c5a00000, 0x00000000c5b00000|  0%| F|  |TAMS 0x00000000c5a00000, 0x00000000c5a00000| Untracked 
|  23|0x00000000c5b00000, 0x00000000c5b00000, 0x00000000c5c00000|  0%| F|  |TAMS 0x00000000c5b00000, 0x00000000c5b00000| Untracked 
|  24|0x00000000c5c00000, 0x00000000c5c00000, 0x00000000c5d00000|  0%| F|  |TAMS 0x00000000c5c00000, 0x00000000c5c00000| Untracked 
|  25|0x00000000c5d00000, 0x00000000c5d00000, 0x00000000c5e00000|  0%| F|  |TAMS 0x00000000c5d00000, 0x00000000c5d00000| Untracked 
|  26|0x00000000c5e00000, 0x00000000c5e00000, 0x00000000c5f00000|  0%| F|  |TAMS 0x00000000c5e00000, 0x00000000c5e00000| Untracked 
|  27|0x00000000c5f00000, 0x00000000c5f00000, 0x00000000c6000000|  0%| F|  |TAMS 0x00000000c5f00000, 0x00000000c5f00000| Untracked 
|  28|0x00000000c6000000, 0x00000000c6000000, 0x00000000c6100000|  0%| F|  |TAMS 0x00000000c6000000, 0x00000000c6000000| Untracked 
|  29|0x00000000c6100000, 0x00000000c6100000, 0x00000000c6200000|  0%| F|  |TAMS 0x00000000c6100000, 0x00000000c6100000| Untracked 
|  30|0x00000000c6200000, 0x00000000c6200000, 0x00000000c6300000|  0%| F|  |TAMS 0x00000000c6200000, 0x00000000c6200000| Untracked 
|  31|0x00000000c6300000, 0x00000000c6300000, 0x00000000c6400000|  0%| F|  |TAMS 0x00000000c6300000, 0x00000000c6300000| Untracked 
|  32|0x00000000c6400000, 0x00000000c6400000, 0x00000000c6500000|  0%| F|  |TAMS 0x00000000c6400000, 0x00000000c6400000| Untracked 
|  33|0x00000000c6500000, 0x00000000c6500000, 0x00000000c6600000|  0%| F|  |TAMS 0x00000000c6500000, 0x00000000c6500000| Untracked 
|  34|0x00000000c6600000, 0x00000000c6600000, 0x00000000c6700000|  0%| F|  |TAMS 0x00000000c6600000, 0x00000000c6600000| Untracked 
|  35|0x00000000c6700000, 0x00000000c6761800, 0x00000000c6800000| 38%| S|CS|TAMS 0x00000000c6700000, 0x00000000c6700000| Complete 
|  36|0x00000000c6800000, 0x00000000c6900000, 0x00000000c6900000|100%| S|CS|TAMS 0x00000000c6800000, 0x00000000c6800000| Complete 
|  37|0x00000000c6900000, 0x00000000c6a00000, 0x00000000c6a00000|100%| S|CS|TAMS 0x00000000c6900000, 0x00000000c6900000| Complete 
|  38|0x00000000c6a00000, 0x00000000c6a00000, 0x00000000c6b00000|  0%| F|  |TAMS 0x00000000c6a00000, 0x00000000c6a00000| Untracked 
|  39|0x00000000c6b00000, 0x00000000c6b00000, 0x00000000c6c00000|  0%| F|  |TAMS 0x00000000c6b00000, 0x00000000c6b00000| Untracked 
|  40|0x00000000c6c00000, 0x00000000c6c00000, 0x00000000c6d00000|  0%| F|  |TAMS 0x00000000c6c00000, 0x00000000c6c00000| Untracked 
|  41|0x00000000c6d00000, 0x00000000c6d00000, 0x00000000c6e00000|  0%| F|  |TAMS 0x00000000c6d00000, 0x00000000c6d00000| Untracked 
|  42|0x00000000c6e00000, 0x00000000c6e00000, 0x00000000c6f00000|  0%| F|  |TAMS 0x00000000c6e00000, 0x00000000c6e00000| Untracked 
|  43|0x00000000c6f00000, 0x00000000c6f00000, 0x00000000c7000000|  0%| F|  |TAMS 0x00000000c6f00000, 0x00000000c6f00000| Untracked 
|  44|0x00000000c7000000, 0x00000000c7000000, 0x00000000c7100000|  0%| F|  |TAMS 0x00000000c7000000, 0x00000000c7000000| Untracked 
|  45|0x00000000c7100000, 0x00000000c7100000, 0x00000000c7200000|  0%| F|  |TAMS 0x00000000c7100000, 0x00000000c7100000| Untracked 
|  46|0x00000000c7200000, 0x00000000c7200000, 0x00000000c7300000|  0%| F|  |TAMS 0x00000000c7200000, 0x00000000c7200000| Untracked 
|  47|0x00000000c7300000, 0x00000000c7300000, 0x00000000c7400000|  0%| F|  |TAMS 0x00000000c7300000, 0x00000000c7300000| Untracked 
|  48|0x00000000c7400000, 0x00000000c7400000, 0x00000000c7500000|  0%| F|  |TAMS 0x00000000c7400000, 0x00000000c7400000| Untracked 
|  49|0x00000000c7500000, 0x00000000c7500000, 0x00000000c7600000|  0%| F|  |TAMS 0x00000000c7500000, 0x00000000c7500000| Untracked 
|  50|0x00000000c7600000, 0x00000000c7600000, 0x00000000c7700000|  0%| F|  |TAMS 0x00000000c7600000, 0x00000000c7600000| Untracked 
|  51|0x00000000c7700000, 0x00000000c7700000, 0x00000000c7800000|  0%| F|  |TAMS 0x00000000c7700000, 0x00000000c7700000| Untracked 
|  52|0x00000000c7800000, 0x00000000c7800000, 0x00000000c7900000|  0%| F|  |TAMS 0x00000000c7800000, 0x00000000c7800000| Untracked 
|  53|0x00000000c7900000, 0x00000000c7900000, 0x00000000c7a00000|  0%| F|  |TAMS 0x00000000c7900000, 0x00000000c7900000| Untracked 
|  54|0x00000000c7a00000, 0x00000000c7a00000, 0x00000000c7b00000|  0%| F|  |TAMS 0x00000000c7a00000, 0x00000000c7a00000| Untracked 
|  55|0x00000000c7b00000, 0x00000000c7b00000, 0x00000000c7c00000|  0%| F|  |TAMS 0x00000000c7b00000, 0x00000000c7b00000| Untracked 
|  56|0x00000000c7c00000, 0x00000000c7c00000, 0x00000000c7d00000|  0%| F|  |TAMS 0x00000000c7c00000, 0x00000000c7c00000| Untracked 
|  57|0x00000000c7d00000, 0x00000000c7d00000, 0x00000000c7e00000|  0%| F|  |TAMS 0x00000000c7d00000, 0x00000000c7d00000| Untracked 
|  58|0x00000000c7e00000, 0x00000000c7f00000, 0x00000000c7f00000|100%| E|  |TAMS 0x00000000c7e00000, 0x00000000c7e00000| Complete 
|  59|0x00000000c7f00000, 0x00000000c8000000, 0x00000000c8000000|100%| E|CS|TAMS 0x00000000c7f00000, 0x00000000c7f00000| Complete 
| 954|0x00000000ffe00000, 0x00000000ffe47000, 0x00000000fff00000| 27%|OA|  |TAMS 0x00000000ffe00000, 0x00000000ffe00000| Untracked 
| 955|0x00000000fff00000, 0x00000000fff6a000, 0x0000000100000000| 41%|CA|  |TAMS 0x00000000fff00000, 0x00000000fff00000| Untracked 

Card table byte_map: [0x00007f8bc7811000,0x00007f8bc79ef000] _byte_map_base: 0x00007f8bc71ef000

Marking Bits (Prev, Next): (CMBitMap*) 0x00007f8be0045008, (CMBitMap*) 0x00007f8be0045040
 Prev Bits: [0x00007f8bc6743000, 0x00007f8bc7633000)
 Next Bits: [0x00007f8bc5853000, 0x00007f8bc6743000)

Polling page: 0x00007f8be780b000

Metaspace:

Usage:
  Non-class:     12.69 MB capacity,    12.35 MB ( 97%) used,   291.04 KB (  2%) free+waste,    53.06 KB ( <1%) overhead. 
      Class:      1.97 MB capacity,     1.75 MB ( 89%) used,   203.14 KB ( 10%) free+waste,    27.94 KB (  1%) overhead. 
       Both:     14.66 MB capacity,    14.10 MB ( 96%) used,   494.18 KB (  3%) free+waste,    81.00 KB ( <1%) overhead. 

Virtual space:
  Non-class space:       14.00 MB reserved,      12.75 MB ( 91%) committed 
      Class space:        1.00 GB reserved,       2.00 MB ( <1%) committed 
             Both:        1.01 GB reserved,      14.75 MB (  1%) committed 

Chunk freelists:
   Non-Class:  2.00 KB
       Class:  28.00 KB
        Both:  30.00 KB

MaxMetaspaceSize: unlimited
CompressedClassSpaceSize: 1.00 GB

CodeHeap 'non-profiled nmethods': size=120032Kb used=610Kb max_used=610Kb free=119421Kb
 bounds [0x00007f8bcfb9b000, 0x00007f8bcfe0b000, 0x00007f8bd70d3000]
CodeHeap 'profiled nmethods': size=120032Kb used=3826Kb max_used=3826Kb free=116205Kb
 bounds [0x00007f8bc8663000, 0x00007f8bc8a23000, 0x00007f8bcfb9b000]
CodeHeap 'non-nmethods': size=5696Kb used=1168Kb max_used=1184Kb free=4527Kb
 bounds [0x00007f8bc80d3000, 0x00007f8bc8343000, 0x00007f8bc8663000]
 total_blobs=2798 nmethods=1855 adapters=426
 compilation: enabled
              stopped_count=0, restarted_count=0
 full_count=0

Compilation events (20 events):
Event: 18.859 Thread 0x00007f8be00d2000 1845       3       java.lang.Integer::compareTo (12 bytes)
Event: 18.860 Thread 0x00007f8be00d2000 nmethod 1845 0x00007f8bc8a1e290 code [0x00007f8bc8a1e460, 0x00007f8bc8a1e6f0]
Event: 18.863 Thread 0x00007f8be00d0000 1847       4       java.lang.String::lastIndexOf (29 bytes)
Event: 18.864 Thread 0x00007f8be00d2000 1848       3       javax.imageio.stream.ImageInputStreamImpl::checkClosed (18 bytes)
Event: 18.864 Thread 0x00007f8be00d2000 nmethod 1848 0x00007f8bc8a1e810 code [0x00007f8bc8a1e9e0, 0x00007f8bc8a1ec68]
Event: 18.867 Thread 0x00007f8be00d0000 nmethod 1847 0x00007f8bcfc32910 code [0x00007f8bcfc32aa0, 0x00007f8bcfc32cd8]
Event: 18.873 Thread 0x00007f8be00d2000 1849       1       javax.imageio.plugins.tiff.TIFFTag::getNumber (5 bytes)
Event: 18.873 Thread 0x00007f8be00d2000 nmethod 1849 0x00007f8bcfc32e10 code [0x00007f8bcfc32fc0, 0x00007f8bcfc330f0]
Event: 18.873 Thread 0x00007f8be00d2000 1850       1       javax.imageio.plugins.tiff.TIFFTag::getName (5 bytes)
Event: 18.873 Thread 0x00007f8be00d2000 nmethod 1850 0x00007f8bcfc33190 code [0x00007f8bcfc33340, 0x00007f8bcfc33470]
Event: 18.874 Thread 0x00007f8be00d2000 1851       3       java.util.TreeMap::<init> (20 bytes)
Event: 18.874 Thread 0x00007f8be00d2000 nmethod 1851 0x00007f8bc8a1ed10 code [0x00007f8bc8a1eee0, 0x00007f8bc8a1f150]
Event: 18.876 Thread 0x00007f8be00d0000 1852       4       java.lang.Integer::valueOf (32 bytes)
Event: 18.877 Thread 0x00007f8be00d0000 nmethod 1852 0x00007f8bcfc33510 code [0x00007f8bcfc336a0, 0x00007f8bcfc33778]
Event: 18.877 Thread 0x00007f8be00d2000 1853       1       java.awt.image.SampleModel::getNumBands (5 bytes)
Event: 18.877 Thread 0x00007f8be00d2000 nmethod 1853 0x00007f8bcfc33810 code [0x00007f8bcfc339c0, 0x00007f8bcfc33af0]
Event: 18.878 Thread 0x00007f8be00d2000 1854       3       java.lang.Math::max (12 bytes)
Event: 18.878 Thread 0x00007f8be00d2000 nmethod 1854 0x00007f8bc8a1f210 code [0x00007f8bc8a1f3c0, 0x00007f8bc8a1f550]
Event: 18.878 Thread 0x00007f8be00d2000 1855       3       java.lang.Math::min (12 bytes)
Event: 18.878 Thread 0x00007f8be00d2000 nmethod 1855 0x00007f8bc8a1f610 code [0x00007f8bc8a1f7c0, 0x00007f8bc8a1f950]

GC Heap History (6 events):
Event: 0.498 GC heap before
{Heap before GC invocations=0 (full 0):
 garbage-first heap   total 63488K, used 15044K [0x00000000c4400000, 0x0000000100000000)
  region size 1024K, 14 young (14336K), 0 survivors (0K)
 Metaspace       used 5178K, capacity 5982K, committed 6144K, reserved 1056768K
  class space    used 572K, capacity 651K, committed 768K, reserved 1048576K
}
Event: 0.508 GC heap after
{Heap after GC invocations=1 (full 0):
 garbage-first heap   total 63488K, used 4574K [0x00000000c4400000, 0x0000000100000000)
  region size 1024K, 2 young (2048K), 2 survivors (2048K)
 Metaspace       used 5178K, capacity 5982K, committed 6144K, reserved 1056768K
  class space    used 572K, capacity 651K, committed 768K, reserved 1048576K
}
Event: 0.708 GC heap before
{Heap before GC invocations=1 (full 0):
 garbage-first heap   total 63488K, used 10718K [0x00000000c4400000, 0x0000000100000000)
  region size 1024K, 8 young (8192K), 2 survivors (2048K)
 Metaspace       used 7087K, capacity 7337K, committed 7680K, reserved 1056768K
  class space    used 827K, capacity 901K, committed 1024K, reserved 1048576K
}
Event: 0.716 GC heap after
{Heap after GC invocations=2 (full 0):
 garbage-first heap   total 63488K, used 5344K [0x00000000c4400000, 0x0000000100000000)
  region size 1024K, 1 young (1024K), 1 survivors (1024K)
 Metaspace       used 7087K, capacity 7337K, committed 7680K, reserved 1056768K
  class space    used 827K, capacity 901K, committed 1024K, reserved 1048576K
}
Event: 18.826 GC heap before
{Heap before GC invocations=2 (full 0):
 garbage-first heap   total 63488K, used 26848K [0x00000000c4400000, 0x0000000100000000)
  region size 1024K, 22 young (22528K), 1 survivors (1024K)
 Metaspace       used 13443K, capacity 14038K, committed 14208K, reserved 1060864K
  class space    used 1584K, capacity 1825K, committed 1920K, reserved 1048576K
}
Event: 18.832 GC heap after
{Heap after GC invocations=3 (full 0):
 garbage-first heap   total 63488K, used 7105K [0x00000000c4400000, 0x0000000100000000)
  region size 1024K, 3 young (3072K), 3 survivors (3072K)
 Metaspace       used 13443K, capacity 14038K, committed 14208K, reserved 1060864K
  class space    used 1584K, capacity 1825K, committed 1920K, reserved 1048576K
}

Deoptimization events (20 events):
Event: 18.783 Thread 0x00007f8be0016800 Uncommon trap: trap_request=0xffffffde fr.pc=0x00007f8bcfbd881c relative=0x0000000000000d7c
Event: 18.783 Thread 0x00007f8be0016800 Uncommon trap: reason=class_check action=maybe_recompile pc=0x00007f8bcfbd881c method=java.util.HashMap.putVal(ILjava/lang/Object;Ljava/lang/Object;ZZ)Ljava/lang/Object; @ 91 c2
Event: 18.783 Thread 0x00007f8be0016800 DEOPT PACKING pc=0x00007f8bcfbd881c sp=0x00007f8be77e9590
Event: 18.783 Thread 0x00007f8be0016800 DEOPT UNPACKING pc=0x00007f8bc80fb9a5 sp=0x00007f8be77e9530 mode 2
Event: 18.784 Thread 0x00007f8be0016800 Uncommon trap: trap_request=0xffffffde fr.pc=0x00007f8bcfbd881c relative=0x0000000000000d7c
Event: 18.784 Thread 0x00007f8be0016800 Uncommon trap: reason=class_check action=maybe_recompile pc=0x00007f8bcfbd881c method=java.util.HashMap.putVal(ILjava/lang/Object;Ljava/lang/Object;ZZ)Ljava/lang/Object; @ 91 c2
Event: 18.784 Thread 0x00007f8be0016800 DEOPT PACKING pc=0x00007f8bcfbd881c sp=0x00007f8be77e9580
Event: 18.784 Thread 0x00007f8be0016800 DEOPT UNPACKING pc=0x00007f8bc80fb9a5 sp=0x00007f8be77e9520 mode 2
Event: 18.784 Thread 0x00007f8be0016800 Uncommon trap: trap_request=0xffffffde fr.pc=0x00007f8bcfbd881c relative=0x0000000000000d7c
Event: 18.784 Thread 0x00007f8be0016800 Uncommon trap: reason=class_check action=maybe_recompile pc=0x00007f8bcfbd881c method=java.util.HashMap.putVal(ILjava/lang/Object;Ljava/lang/Object;ZZ)Ljava/lang/Object; @ 91 c2
Event: 18.784 Thread 0x00007f8be0016800 DEOPT PACKING pc=0x00007f8bcfbd881c sp=0x00007f8be77e95a0
Event: 18.784 Thread 0x00007f8be0016800 DEOPT UNPACKING pc=0x00007f8bc80fb9a5 sp=0x00007f8be77e9540 mode 2
Event: 18.784 Thread 0x00007f8be0016800 Uncommon trap: trap_request=0xffffffde fr.pc=0x00007f8bcfbd881c relative=0x0000000000000d7c
Event: 18.784 Thread 0x00007f8be0016800 Uncommon trap: reason=class_check action=maybe_recompile pc=0x00007f8bcfbd881c method=java.util.HashMap.putVal(ILjava/lang/Object;Ljava/lang/Object;ZZ)Ljava/lang/Object; @ 91 c2
Event: 18.784 Thread 0x00007f8be0016800 DEOPT PACKING pc=0x00007f8bcfbd881c sp=0x00007f8be77e95a0
Event: 18.784 Thread 0x00007f8be0016800 DEOPT UNPACKING pc=0x00007f8bc80fb9a5 sp=0x00007f8be77e9540 mode 2
Event: 18.793 Thread 0x00007f8be0016800 Uncommon trap: trap_request=0xffffff4d fr.pc=0x00007f8bcfc2d0d4 relative=0x0000000000000194
Event: 18.793 Thread 0x00007f8be0016800 Uncommon trap: reason=unstable_if action=reinterpret pc=0x00007f8bcfc2d0d4 method=java.util.HashMap.getNode(ILjava/lang/Object;)Ljava/util/HashMap$Node; @ 129 c2
Event: 18.793 Thread 0x00007f8be0016800 DEOPT PACKING pc=0x00007f8bcfc2d0d4 sp=0x00007f8be77e94f0
Event: 18.793 Thread 0x00007f8be0016800 DEOPT UNPACKING pc=0x00007f8bc80fb9a5 sp=0x00007f8be77e9410 mode 2

Classes redefined (0 events):
No events

Internal exceptions (20 events):
Event: 18.121 Thread 0x00007f8be0016800 Exception <a 'java/net/SocketTimeoutException'{0x00000000c75fd6a0}: Read timed out> (0x00000000c75fd6a0) thrown at [./src/hotspot/share/prims/jni.cpp, line 636]
Event: 18.161 Thread 0x00007f8be0016800 Exception <a 'java/net/SocketTimeoutException'{0x00000000c731dd70}: Read timed out> (0x00000000c731dd70) thrown at [./src/hotspot/share/prims/jni.cpp, line 636]
Event: 18.178 Thread 0x00007f8be0016800 Exception <a 'java/net/SocketTimeoutException'{0x00000000c73343f8}: Read timed out> (0x00000000c73343f8) thrown at [./src/hotspot/share/prims/jni.cpp, line 636]
Event: 18.204 Thread 0x00007f8be0016800 Exception <a 'java/net/SocketTimeoutException'{0x00000000c73811a8}: Read timed out> (0x00000000c73811a8) thrown at [./src/hotspot/share/prims/jni.cpp, line 636]
Event: 18.470 Thread 0x00007f8be0016800 Exception <a 'java/net/SocketTimeoutException'{0x00000000c7391c40}: Read timed out> (0x00000000c7391c40) thrown at [./src/hotspot/share/prims/jni.cpp, line 636]
Event: 18.484 Thread 0x00007f8be0016800 Exception <a 'java/net/SocketTimeoutException'{0x00000000c73bdc18}: Read timed out> (0x00000000c73bdc18) thrown at [./src/hotspot/share/prims/jni.cpp, line 636]
Event: 18.521 Thread 0x00007f8be0016800 Exception <a 'java/net/SocketTimeoutException'{0x00000000c73ce428}: Read timed out> (0x00000000c73ce428) thrown at [./src/hotspot/share/prims/jni.cpp, line 636]
Event: 18.532 Thread 0x00007f8be0016800 Exception <a 'java/net/SocketTimeoutException'{0x00000000c73e83e0}: Read timed out> (0x00000000c73e83e0) thrown at [./src/hotspot/share/prims/jni.cpp, line 636]
Event: 18.566 Thread 0x00007f8be0016800 Exception <a 'java/net/SocketTimeoutException'{0x00000000c73f8d68}: Read timed out> (0x00000000c73f8d68) thrown at [./src/hotspot/share/prims/jni.cpp, line 636]
Event: 18.625 Thread 0x00007f8be0016800 Exception <a 'java/lang/ClassNotFoundException'{0x00000000c71abec0}: javax/smartcardio/CardPermission> (0x00000000c71abec0) thrown at [./src/hotspot/share/classfile/systemDictionary.cpp, line 231]
Event: 18.627 Thread 0x00007f8be0016800 Exception <a 'java/io/FileNotFoundException'{0x00000000c71b8dd8}> (0x00000000c71b8dd8) thrown at [./src/hotspot/share/prims/jni.cpp, line 615]
Event: 18.668 Thread 0x00007f8be0016800 Exception <a 'java/lang/ClassNotFoundException'{0x00000000c6f18c58}: sun/awt/resources/spi/awtProvider> (0x00000000c6f18c58) thrown at [./src/hotspot/share/classfile/systemDictionary.cpp, line 231]
Event: 18.677 Thread 0x00007f8be0016800 Exception <a 'java/io/FileNotFoundException'{0x00000000c6f5dcd8}> (0x00000000c6f5dcd8) thrown at [./src/hotspot/share/prims/jni.cpp, line 615]
Event: 18.689 Thread 0x00007f8be0016800 Exception <a 'java/lang/NoSuchMethodError'{0x00000000c6fb8928}: 'java.lang.Object java.lang.invoke.DirectMethodHandle$Holder.invokeStatic(java.lang.Object, java.lang.Object, java.lang.Object, java.lang.Object, java.lang.Object, java.lang.Object, java.lang.Object, java.lang.Object, java.lang.Object, java.lang.Object, java.lang.Object, java.lang.Object, java.lang.Object, java.lang.Object, java.lang.Object)'> (0x00000000c6fb8928) thrown at [./src/hotspot/share/interpreter/linkResolver.cpp, line 773]
Event: 18.690 Thread 0x00007f8be0016800 Exception <a 'java/lang/NoSuchMethodError'{0x00000000c6fc64d8}: 'java.lang.Object java.lang.invoke.DirectMethodHandle$Holder.invokeStatic(java.lang.Object, java.lang.Object, java.lang.Object, java.lang.Object, java.lang.Object, java.lang.Object, java.lang.Object, java.lang.Object, java.lang.Object, java.lang.Object, java.lang.Object, java.lang.Object, java.lang.Object, java.lang.Object, java.lang.Object, java.lang.Object)'> (0x00000000c6fc64d8) thrown at [./src/hotspot/share/interpreter/linkResolver.cpp, l
Event: 18.691 Thread 0x00007f8be0016800 Exception <a 'java/lang/NoSuchMethodError'{0x00000000c6fd43a0}: 'java.lang.Object java.lang.invoke.DirectMethodHandle$Holder.invokeSpecial(java.lang.Object, java.lang.Object, int, int, java.lang.Object, java.lang.Object, java.lang.Object)'> (0x00000000c6fd43a0) thrown at [./src/hotspot/share/interpreter/linkResolver.cpp, line 773]
Event: 18.692 Thread 0x00007f8be0016800 Exception <a 'java/lang/NoSuchMethodError'{0x00000000c6fd7930}: 'java.lang.Object java.lang.invoke.DelegatingMethodHandle$Holder.reinvoke_L(java.lang.Object, int, int, java.lang.Object, java.lang.Object, java.lang.Object)'> (0x00000000c6fd7930) thrown at [./src/hotspot/share/interpreter/linkResolver.cpp, line 773]
Event: 18.692 Thread 0x00007f8be0016800 Exception <a 'java/lang/NoSuchMethodError'{0x00000000c6fdb908}: 'java.lang.Object java.lang.invoke.DirectMethodHandle$Holder.invokeStatic(java.lang.Object, java.lang.Object, java.lang.Object, java.lang.Object, int)'> (0x00000000c6fdb908) thrown at [./src/hotspot/share/interpreter/linkResolver.cpp, line 773]
Event: 18.763 Thread 0x00007f8be0016800 Exception <a 'java/lang/UnsatisfiedLinkError'{0x00000000c6b116e8}: libtesseract.so: cannot open shared object file: No such file or directory> (0x00000000c6b116e8) thrown at [./src/hotspot/share/prims/jni.cpp, line 636]
Event: 18.764 Thread 0x00007f8be0016800 Exception <a 'java/lang/UnsatisfiedLinkError'{0x00000000c6b121f8}: libtesseract.so: cannot open shared object file: No such file or directory> (0x00000000c6b121f8) thrown at [./src/hotspot/share/prims/jni.cpp, line 636]

Events (20 events):
Event: 18.875 loading class com/sun/imageio/plugins/tiff/TIFFIFD
Event: 18.875 loading class javax/imageio/plugins/tiff/TIFFDirectory
Event: 18.875 loading class javax/imageio/plugins/tiff/TIFFDirectory done
Event: 18.875 loading class com/sun/imageio/plugins/tiff/TIFFIFD done
Event: 18.875 loading class javax/imageio/plugins/tiff/TIFFField
Event: 18.876 loading class javax/imageio/plugins/tiff/TIFFField done
Event: 18.876 loading class com/sun/imageio/plugins/tiff/TIFFIFD$TIFFIFDEntry
Event: 18.876 loading class com/sun/imageio/plugins/tiff/TIFFIFD$TIFFIFDEntry done
Event: 18.876 loading class com/sun/imageio/plugins/tiff/TIFFDecompressor
Event: 18.876 loading class com/sun/imageio/plugins/tiff/TIFFDecompressor done
Event: 18.877 loading class com/sun/imageio/plugins/common/ImageUtil
Event: 18.877 loading class com/sun/imageio/plugins/common/ImageUtil done
Event: 18.877 loading class com/sun/imageio/plugins/tiff/TIFFNullDecompressor
Event: 18.877 loading class com/sun/imageio/plugins/tiff/TIFFNullDecompressor done
Event: 18.877 loading class com/sun/imageio/plugins/tiff/TIFFImageWriter
Event: 18.878 loading class com/sun/imageio/plugins/tiff/TIFFImageWriter done
Event: 18.879 loading class java/lang/StrictMath
Event: 18.879 loading class java/lang/StrictMath done
Event: 18.879 loading class com/sun/jna/Native$Buffers
Event: 18.879 loading class com/sun/jna/Native$Buffers done


Dynamic libraries:
c4400000-c8000000 rw-p 00000000 00:00 0 
c8000000-ffe00000 ---p 00000000 00:00 0 
ffe00000-ffe47000 rw-p 0110b000 08:01 12456481                           /usr/lib/jvm/java-11-openjdk-amd64/lib/server/classes.jsa
ffe47000-fff00000 rw-p 00000000 00:00 0 
fff00000-fff6a000 rw-p 010a1000 08:01 12456481                           /usr/lib/jvm/java-11-openjdk-amd64/lib/server/classes.jsa
fff6a000-100000000 rw-p 00000000 00:00 0 
800000000-800002000 rwxp 00001000 08:01 12456481                         /usr/lib/jvm/java-11-openjdk-amd64/lib/server/classes.jsa
800002000-8003b8000 rw-p 00003000 08:01 12456481                         /usr/lib/jvm/java-11-openjdk-amd64/lib/server/classes.jsa
8003b8000-800a93000 r--p 003b9000 08:01 12456481                         /usr/lib/jvm/java-11-openjdk-amd64/lib/server/classes.jsa
800a93000-800a94000 rw-p 00a94000 08:01 12456481                         /usr/lib/jvm/java-11-openjdk-amd64/lib/server/classes.jsa
800a94000-8010a0000 r--p 00a95000 08:01 12456481                         /usr/lib/jvm/java-11-openjdk-amd64/lib/server/classes.jsa
840000000-840200000 rw-p 00000000 00:00 0 
840200000-880000000 ---p 00000000 00:00 0 
55b0ffc06000-55b0ffc07000 r-xp 00000000 08:01 12455190                   /usr/lib/jvm/java-11-openjdk-amd64/bin/java
55b0ffe07000-55b0ffe08000 r--p 00001000 08:01 12455190                   /usr/lib/jvm/java-11-openjdk-amd64/bin/java
55b0ffe08000-55b0ffe09000 rw-p 00002000 08:01 12455190                   /usr/lib/jvm/java-11-openjdk-amd64/bin/java
55b10053d000-55b10055e000 rw-p 00000000 00:00 0                          [heap]
7f8b5c1b0000-7f8b5c270000 rw-p 00000000 00:00 0 
7f8b5c270000-7f8b5c3b0000 ---p 00000000 00:00 0 
7f8b5c3b0000-7f8b5c3bb000 r-xp 00000000 08:01 6562053                    /usr/lib/x86_64-linux-gnu/libjbig.so.0
7f8b5c3bb000-7f8b5c5ba000 ---p 0000b000 08:01 6562053                    /usr/lib/x86_64-linux-gnu/libjbig.so.0
7f8b5c5ba000-7f8b5c5bb000 r--p 0000a000 08:01 6562053                    /usr/lib/x86_64-linux-gnu/libjbig.so.0
7f8b5c5bb000-7f8b5c5be000 rw-p 0000b000 08:01 6562053                    /usr/lib/x86_64-linux-gnu/libjbig.so.0
7f8b5c5be000-7f8b5c5e2000 r-xp 00000000 08:01 9966594                    /lib/x86_64-linux-gnu/liblzma.so.5.2.2
7f8b5c5e2000-7f8b5c7e2000 ---p 00024000 08:01 9966594                    /lib/x86_64-linux-gnu/liblzma.so.5.2.2
7f8b5c7e2000-7f8b5c7e3000 r--p 00024000 08:01 9966594                    /lib/x86_64-linux-gnu/liblzma.so.5.2.2
7f8b5c7e3000-7f8b5c7e4000 rw-p 00025000 08:01 9966594                    /lib/x86_64-linux-gnu/liblzma.so.5.2.2
7f8b5c7e4000-7f8b5c838000 r-xp 00000000 08:01 6555779                    /usr/lib/x86_64-linux-gnu/libopenjp2.so.2.3.0
7f8b5c838000-7f8b5ca38000 ---p 00054000 08:01 6555779                    /usr/lib/x86_64-linux-gnu/libopenjp2.so.2.3.0
7f8b5ca38000-7f8b5ca39000 r--p 00054000 08:01 6555779                    /usr/lib/x86_64-linux-gnu/libopenjp2.so.2.3.0
7f8b5ca39000-7f8b5ca3a000 rw-p 00055000 08:01 6555779                    /usr/lib/x86_64-linux-gnu/libopenjp2.so.2.3.0
7f8b5ca3a000-7f8b5caa0000 r-xp 00000000 08:01 6562528                    /usr/lib/x86_64-linux-gnu/libwebp.so.6.0.2
7f8b5caa0000-7f8b5cc9f000 ---p 00066000 08:01 6562528                    /usr/lib/x86_64-linux-gnu/libwebp.so.6.0.2
7f8b5cc9f000-7f8b5cca0000 r--p 00065000 08:01 6562528                    /usr/lib/x86_64-linux-gnu/libwebp.so.6.0.2
7f8b5cca0000-7f8b5cca1000 rw-p 00066000 08:01 6562528                    /usr/lib/x86_64-linux-gnu/libwebp.so.6.0.2
7f8b5cca1000-7f8b5cca3000 rw-p 00000000 00:00 0 
7f8b5cca3000-7f8b5cd16000 r-xp 00000000 08:01 6554686                    /usr/lib/x86_64-linux-gnu/libtiff.so.5.3.0
7f8b5cd16000-7f8b5cf15000 ---p 00073000 08:01 6554686                    /usr/lib/x86_64-linux-gnu/libtiff.so.5.3.0
7f8b5cf15000-7f8b5cf19000 r--p 00072000 08:01 6554686                    /usr/lib/x86_64-linux-gnu/libtiff.so.5.3.0
7f8b5cf19000-7f8b5cf1a000 rw-p 00076000 08:01 6554686                    /usr/lib/x86_64-linux-gnu/libtiff.so.5.3.0
7f8b5cf1a000-7f8b5cf22000 r-xp 00000000 08:01 6562893                    /usr/lib/x86_64-linux-gnu/libgif.so.7.0.0
7f8b5cf22000-7f8b5d121000 ---p 00008000 08:01 6562893                    /usr/lib/x86_64-linux-gnu/libgif.so.7.0.0
7f8b5d121000-7f8b5d122000 r--p 00007000 08:01 6562893                    /usr/lib/x86_64-linux-gnu/libgif.so.7.0.0
7f8b5d122000-7f8b5d123000 rw-p 00008000 08:01 6562893                    /usr/lib/x86_64-linux-gnu/libgif.so.7.0.0
7f8b5d123000-7f8b5d18a000 r-xp 00000000 08:01 6554613                    /usr/lib/x86_64-linux-gnu/libjpeg.so.8.1.2
7f8b5d18a000-7f8b5d389000 ---p 00067000 08:01 6554613                    /usr/lib/x86_64-linux-gnu/libjpeg.so.8.1.2
7f8b5d389000-7f8b5d38a000 r--p 00066000 08:01 6554613                    /usr/lib/x86_64-linux-gnu/libjpeg.so.8.1.2
7f8b5d38a000-7f8b5d38b000 rw-p 00067000 08:01 6554613                    /usr/lib/x86_64-linux-gnu/libjpeg.so.8.1.2
7f8b5d38b000-7f8b5d3bc000 r-xp 00000000 08:01 6562256                    /usr/lib/x86_64-linux-gnu/libpng16.so.16.34.0
7f8b5d3bc000-7f8b5d5bb000 ---p 00031000 08:01 6562256                    /usr/lib/x86_64-linux-gnu/libpng16.so.16.34.0
7f8b5d5bb000-7f8b5d5bc000 r--p 00030000 08:01 6562256                    /usr/lib/x86_64-linux-gnu/libpng16.so.16.34.0
7f8b5d5bc000-7f8b5d5bd000 rw-p 00031000 08:01 6562256                    /usr/lib/x86_64-linux-gnu/libpng16.so.16.34.0
7f8b5d5bd000-7f8b5d5eb000 r-xp 00000000 08:01 6555237                    /usr/lib/x86_64-linux-gnu/libgomp.so.1.0.0
7f8b5d5eb000-7f8b5d7ea000 ---p 0002e000 08:01 6555237                    /usr/lib/x86_64-linux-gnu/libgomp.so.1.0.0
7f8b5d7ea000-7f8b5d7eb000 r--p 0002d000 08:01 6555237                    /usr/lib/x86_64-linux-gnu/libgomp.so.1.0.0
7f8b5d7eb000-7f8b5d7ec000 rw-p 0002e000 08:01 6555237                    /usr/lib/x86_64-linux-gnu/libgomp.so.1.0.0
7f8b5d7ec000-7f8b5da48000 r-xp 00000000 08:01 6556067                    /usr/lib/x86_64-linux-gnu/liblept.so.5.0.2
7f8b5da48000-7f8b5dc47000 ---p 0025c000 08:01 6556067                    /usr/lib/x86_64-linux-gnu/liblept.so.5.0.2
7f8b5dc47000-7f8b5dc48000 r--p 0025b000 08:01 6556067                    /usr/lib/x86_64-linux-gnu/liblept.so.5.0.2
7f8b5dc48000-7f8b5dc4e000 rw-p 0025c000 08:01 6556067                    /usr/lib/x86_64-linux-gnu/liblept.so.5.0.2
7f8b5dc4e000-7f8b5df5b000 r-xp 00000000 08:01 6556069                    /usr/lib/x86_64-linux-gnu/libtesseract.so.4.0.0
7f8b5df5b000-7f8b5e15a000 ---p 0030d000 08:01 6556069                    /usr/lib/x86_64-linux-gnu/libtesseract.so.4.0.0
7f8b5e15a000-7f8b5e15f000 r--p 0030c000 08:01 6556069                    /usr/lib/x86_64-linux-gnu/libtesseract.so.4.0.0
7f8b5e15f000-7f8b5e160000 rw-p 00311000 08:01 6556069                    /usr/lib/x86_64-linux-gnu/libtesseract.so.4.0.0
7f8b5e160000-7f8b5e404000 rw-p 00000000 00:00 0 
7f8b5e404000-7f8b5e41b000 r-xp 00000000 08:01 19017328                   /tmp/jna-104583599/jna12181860233421613014.tmp (deleted)
7f8b5e41b000-7f8b5e51a000 ---p 00017000 08:01 19017328                   /tmp/jna-104583599/jna12181860233421613014.tmp (deleted)
7f8b5e51a000-7f8b5e51c000 rw-p 00016000 08:01 19017328                   /tmp/jna-104583599/jna12181860233421613014.tmp (deleted)
7f8b5e51c000-7f8b5e52f000 r-xp 00000000 08:01 9961655                    /lib/x86_64-linux-gnu/libbsd.so.0.8.7
7f8b5e52f000-7f8b5e72e000 ---p 00013000 08:01 9961655                    /lib/x86_64-linux-gnu/libbsd.so.0.8.7
7f8b5e72e000-7f8b5e72f000 r--p 00012000 08:01 9961655                    /lib/x86_64-linux-gnu/libbsd.so.0.8.7
7f8b5e72f000-7f8b5e730000 rw-p 00013000 08:01 9961655                    /lib/x86_64-linux-gnu/libbsd.so.0.8.7
7f8b5e730000-7f8b5e731000 rw-p 00000000 00:00 0 
7f8b5e731000-7f8b5e736000 r-xp 00000000 08:01 6561397                    /usr/lib/x86_64-linux-gnu/libXdmcp.so.6.0.0
7f8b5e736000-7f8b5e935000 ---p 00005000 08:01 6561397                    /usr/lib/x86_64-linux-gnu/libXdmcp.so.6.0.0
7f8b5e935000-7f8b5e936000 r--p 00004000 08:01 6561397                    /usr/lib/x86_64-linux-gnu/libXdmcp.so.6.0.0
7f8b5e936000-7f8b5e937000 rw-p 00005000 08:01 6561397                    /usr/lib/x86_64-linux-gnu/libXdmcp.so.6.0.0
7f8b5e937000-7f8b5e939000 r-xp 00000000 08:01 6561386                    /usr/lib/x86_64-linux-gnu/libXau.so.6.0.0
7f8b5e939000-7f8b5eb39000 ---p 00002000 08:01 6561386                    /usr/lib/x86_64-linux-gnu/libXau.so.6.0.0
7f8b5eb39000-7f8b5eb3a000 r--p 00002000 08:01 6561386                    /usr/lib/x86_64-linux-gnu/libXau.so.6.0.0
7f8b5eb3a000-7f8b5eb3b000 rw-p 00003000 08:01 6561386                    /usr/lib/x86_64-linux-gnu/libXau.so.6.0.0
7f8b5eb3b000-7f8b5eb61000 r-xp 00000000 08:01 6562599                    /usr/lib/x86_64-linux-gnu/libxcb.so.1.1.0
7f8b5eb61000-7f8b5ed61000 ---p 00026000 08:01 6562599                    /usr/lib/x86_64-linux-gnu/libxcb.so.1.1.0
7f8b5ed61000-7f8b5ed62000 r--p 00026000 08:01 6562599                    /usr/lib/x86_64-linux-gnu/libxcb.so.1.1.0
7f8b5ed62000-7f8b5ed63000 rw-p 00027000 08:01 6562599                    /usr/lib/x86_64-linux-gnu/libxcb.so.1.1.0
7f8b5ed63000-7f8b5ed72000 r-xp 00000000 08:01 6561407                    /usr/lib/x86_64-linux-gnu/libXi.so.6.1.0
7f8b5ed72000-7f8b5ef71000 ---p 0000f000 08:01 6561407                    /usr/lib/x86_64-linux-gnu/libXi.so.6.1.0
7f8b5ef71000-7f8b5ef72000 r--p 0000e000 08:01 6561407                    /usr/lib/x86_64-linux-gnu/libXi.so.6.1.0
7f8b5ef72000-7f8b5ef73000 rw-p 0000f000 08:01 6561407                    /usr/lib/x86_64-linux-gnu/libXi.so.6.1.0
7f8b5ef73000-7f8b5ef78000 r-xp 00000000 08:01 6561425                    /usr/lib/x86_64-linux-gnu/libXtst.so.6.1.0
7f8b5ef78000-7f8b5f177000 ---p 00005000 08:01 6561425                    /usr/lib/x86_64-linux-gnu/libXtst.so.6.1.0
7f8b5f177000-7f8b5f178000 r--p 00004000 08:01 6561425                    /usr/lib/x86_64-linux-gnu/libXtst.so.6.1.0
7f8b5f178000-7f8b5f179000 rw-p 00005000 08:01 6561425                    /usr/lib/x86_64-linux-gnu/libXtst.so.6.1.0
7f8b5f179000-7f8b5f182000 r-xp 00000000 08:01 6561419                    /usr/lib/x86_64-linux-gnu/libXrender.so.1.3.0
7f8b5f182000-7f8b5f381000 ---p 00009000 08:01 6561419                    /usr/lib/x86_64-linux-gnu/libXrender.so.1.3.0
7f8b5f381000-7f8b5f382000 r--p 00008000 08:01 6561419                    /usr/lib/x86_64-linux-gnu/libXrender.so.1.3.0
7f8b5f382000-7f8b5f383000 rw-p 00009000 08:01 6561419                    /usr/lib/x86_64-linux-gnu/libXrender.so.1.3.0
7f8b5f383000-7f8b5f4b6000 r-xp 00000000 08:01 6561382                    /usr/lib/x86_64-linux-gnu/libX11.so.6.3.0
7f8b5f4b6000-7f8b5f6b6000 ---p 00133000 08:01 6561382                    /usr/lib/x86_64-linux-gnu/libX11.so.6.3.0
7f8b5f6b6000-7f8b5f6b7000 r--p 00133000 08:01 6561382                    /usr/lib/x86_64-linux-gnu/libX11.so.6.3.0
7f8b5f6b7000-7f8b5f6bb000 rw-p 00134000 08:01 6561382                    /usr/lib/x86_64-linux-gnu/libX11.so.6.3.0
7f8b5f6bb000-7f8b5f6cc000 r-xp 00000000 08:01 6561399                    /usr/lib/x86_64-linux-gnu/libXext.so.6.4.0
7f8b5f6cc000-7f8b5f8cb000 ---p 00011000 08:01 6561399                    /usr/lib/x86_64-linux-gnu/libXext.so.6.4.0
7f8b5f8cb000-7f8b5f8cc000 r--p 00010000 08:01 6561399                    /usr/lib/x86_64-linux-gnu/libXext.so.6.4.0
7f8b5f8cc000-7f8b5f8cd000 rw-p 00011000 08:01 6561399                    /usr/lib/x86_64-linux-gnu/libXext.so.6.4.0
7f8b5f8cd000-7f8b5f92c000 r-xp 00000000 08:01 12455373                   /usr/lib/jvm/java-11-openjdk-amd64/lib/libawt_xawt.so
7f8b5f92c000-7f8b5fb2b000 ---p 0005f000 08:01 12455373                   /usr/lib/jvm/java-11-openjdk-amd64/lib/libawt_xawt.so
7f8b5fb2b000-7f8b5fb2c000 r--p 0005e000 08:01 12455373                   /usr/lib/jvm/java-11-openjdk-amd64/lib/libawt_xawt.so
7f8b5fb2c000-7f8b5fb2f000 rw-p 0005f000 08:01 12455373                   /usr/lib/jvm/java-11-openjdk-amd64/lib/libawt_xawt.so
7f8b5fb2f000-7f8b5fb31000 rw-p 00000000 00:00 0 
7f8b5fb31000-7f8b5fbcf000 r-xp 00000000 08:01 12455371                   /usr/lib/jvm/java-11-openjdk-amd64/lib/libawt.so
7f8b5fbcf000-7f8b5fdcf000 ---p 0009e000 08:01 12455371                   /usr/lib/jvm/java-11-openjdk-amd64/lib/libawt.so
7f8b5fdcf000-7f8b5fdd0000 r--p 0009e000 08:01 12455371                   /usr/lib/jvm/java-11-openjdk-amd64/lib/libawt.so
7f8b5fdd0000-7f8b5fddb000 rw-p 0009f000 08:01 12455371                   /usr/lib/jvm/java-11-openjdk-amd64/lib/libawt.so
7f8b5fddb000-7f8b60000000 rw-p 00000000 00:00 0 
7f8b60000000-7f8b60021000 rw-p 00000000 00:00 0 
7f8b60021000-7f8b64000000 ---p 00000000 00:00 0 
7f8b64000000-7f8b64021000 rw-p 00000000 00:00 0 
7f8b64021000-7f8b68000000 ---p 00000000 00:00 0 
7f8b68000000-7f8b68021000 rw-p 00000000 00:00 0 
7f8b68021000-7f8b6c000000 ---p 00000000 00:00 0 
7f8b6c000000-7f8b6c021000 rw-p 00000000 00:00 0 
7f8b6c021000-7f8b70000000 ---p 00000000 00:00 0 
7f8b70000000-7f8b70021000 rw-p 00000000 00:00 0 
7f8b70021000-7f8b74000000 ---p 00000000 00:00 0 
7f8b74000000-7f8b74021000 rw-p 00000000 00:00 0 
7f8b74021000-7f8b78000000 ---p 00000000 00:00 0 
7f8b78000000-7f8b78089000 rw-p 00000000 00:00 0 
7f8b78089000-7f8b7c000000 ---p 00000000 00:00 0 
7f8b7c000000-7f8b7c021000 rw-p 00000000 00:00 0 
7f8b7c021000-7f8b80000000 ---p 00000000 00:00 0 
7f8b80000000-7f8b80021000 rw-p 00000000 00:00 0 
7f8b80021000-7f8b84000000 ---p 00000000 00:00 0 
7f8b84000000-7f8b84021000 rw-p 00000000 00:00 0 
7f8b84021000-7f8b88000000 ---p 00000000 00:00 0 
7f8b88000000-7f8b88021000 rw-p 00000000 00:00 0 
7f8b88021000-7f8b8c000000 ---p 00000000 00:00 0 
7f8b8c000000-7f8b8c021000 rw-p 00000000 00:00 0 
7f8b8c021000-7f8b90000000 ---p 00000000 00:00 0 
7f8b90000000-7f8b90471000 rw-p 00000000 00:00 0 
7f8b90471000-7f8b94000000 ---p 00000000 00:00 0 
7f8b94000000-7f8b94021000 rw-p 00000000 00:00 0 
7f8b94021000-7f8b98000000 ---p 00000000 00:00 0 
7f8b98000000-7f8b98021000 rw-p 00000000 00:00 0 
7f8b98021000-7f8b9c000000 ---p 00000000 00:00 0 
7f8b9c000000-7f8b9c464000 rw-p 00000000 00:00 0 
7f8b9c464000-7f8ba0000000 ---p 00000000 00:00 0 
7f8ba0000000-7f8ba0021000 rw-p 00000000 00:00 0 
7f8ba0021000-7f8ba4000000 ---p 00000000 00:00 0 
7f8ba4000000-7f8ba4021000 rw-p 00000000 00:00 0 
7f8ba4021000-7f8ba8000000 ---p 00000000 00:00 0 
7f8ba8000000-7f8ba8021000 rw-p 00000000 00:00 0 
7f8ba8021000-7f8bac000000 ---p 00000000 00:00 0 
7f8bac000000-7f8bac021000 rw-p 00000000 00:00 0 
7f8bac021000-7f8bb0000000 ---p 00000000 00:00 0 
7f8bb0000000-7f8bb0021000 rw-p 00000000 00:00 0 
7f8bb0021000-7f8bb4000000 ---p 00000000 00:00 0 
7f8bb40ca000-7f8bb40ce000 ---p 00000000 00:00 0 
7f8bb40ce000-7f8bb41cb000 rw-p 00000000 00:00 0 
7f8bb41cb000-7f8bb41cf000 ---p 00000000 00:00 0 
7f8bb41cf000-7f8bb44cc000 rw-p 00000000 00:00 0 
7f8bb44cc000-7f8bb44d0000 ---p 00000000 00:00 0 
7f8bb44d0000-7f8bb45cd000 rw-p 00000000 00:00 0 
7f8bb45cd000-7f8bb45d1000 ---p 00000000 00:00 0 
7f8bb45d1000-7f8bb46ce000 rw-p 00000000 00:00 0 
7f8bb46ce000-7f8bb46d2000 ---p 00000000 00:00 0 
7f8bb46d2000-7f8bb47cf000 rw-p 00000000 00:00 0 
7f8bb47cf000-7f8bb47d3000 ---p 00000000 00:00 0 
7f8bb47d3000-7f8bb48d0000 rw-p 00000000 00:00 0 
7f8bb48d0000-7f8bb48d4000 ---p 00000000 00:00 0 
7f8bb48d4000-7f8bb49d1000 rw-p 00000000 00:00 0 
7f8bb49d1000-7f8bb49d2000 ---p 00000000 00:00 0 
7f8bb49d2000-7f8bb4ad3000 rw-p 00000000 00:00 0 
7f8bb4ad3000-7f8bb4afd000 r-xp 00000000 08:01 12455404                   /usr/lib/jvm/java-11-openjdk-amd64/lib/libsunec.so
7f8bb4afd000-7f8bb4cfc000 ---p 0002a000 08:01 12455404                   /usr/lib/jvm/java-11-openjdk-amd64/lib/libsunec.so
7f8bb4cfc000-7f8bb4d00000 r--p 00029000 08:01 12455404                   /usr/lib/jvm/java-11-openjdk-amd64/lib/libsunec.so
7f8bb4d00000-7f8bb4d02000 rw-p 0002d000 08:01 12455404                   /usr/lib/jvm/java-11-openjdk-amd64/lib/libsunec.so
7f8bb4d02000-7f8bb4d04000 r-xp 00000000 08:01 12455375                   /usr/lib/jvm/java-11-openjdk-amd64/lib/libextnet.so
7f8bb4d04000-7f8bb4f03000 ---p 00002000 08:01 12455375                   /usr/lib/jvm/java-11-openjdk-amd64/lib/libextnet.so
7f8bb4f03000-7f8bb4f04000 r--p 00001000 08:01 12455375                   /usr/lib/jvm/java-11-openjdk-amd64/lib/libextnet.so
7f8bb4f04000-7f8bb4f05000 rw-p 00002000 08:01 12455375                   /usr/lib/jvm/java-11-openjdk-amd64/lib/libextnet.so
7f8bb4f05000-7f8bb4f1b000 r-xp 00000000 08:01 12455398                   /usr/lib/jvm/java-11-openjdk-amd64/lib/libnet.so
7f8bb4f1b000-7f8bb511a000 ---p 00016000 08:01 12455398                   /usr/lib/jvm/java-11-openjdk-amd64/lib/libnet.so
7f8bb511a000-7f8bb511b000 r--p 00015000 08:01 12455398                   /usr/lib/jvm/java-11-openjdk-amd64/lib/libnet.so
7f8bb511b000-7f8bb511c000 rw-p 00016000 08:01 12455398                   /usr/lib/jvm/java-11-openjdk-amd64/lib/libnet.so
7f8bb511c000-7f8bb512c000 r-xp 00000000 08:01 12455399                   /usr/lib/jvm/java-11-openjdk-amd64/lib/libnio.so
7f8bb512c000-7f8bb532b000 ---p 00010000 08:01 12455399                   /usr/lib/jvm/java-11-openjdk-amd64/lib/libnio.so
7f8bb532b000-7f8bb532c000 r--p 0000f000 08:01 12455399                   /usr/lib/jvm/java-11-openjdk-amd64/lib/libnio.so
7f8bb532c000-7f8bb532d000 rw-p 00010000 08:01 12455399                   /usr/lib/jvm/java-11-openjdk-amd64/lib/libnio.so
7f8bb532d000-7f8bb5331000 ---p 00000000 00:00 0 
7f8bb5331000-7f8bb542e000 rw-p 00000000 00:00 0 
7f8bb542e000-7f8bb542f000 ---p 00000000 00:00 0 
7f8bb542f000-7f8bb5530000 rw-p 00000000 00:00 0 
7f8bb5530000-7f8bb5534000 ---p 00000000 00:00 0 
7f8bb5534000-7f8bb5631000 rw-p 00000000 00:00 0 
7f8bb5631000-7f8bb6000000 r--p 00000000 08:01 6560357                    /usr/lib/locale/locale-archive
7f8bb6000000-7f8bb8000000 rw-p 00000000 00:00 0 
7f8bb8000000-7f8bb8021000 rw-p 00000000 00:00 0 
7f8bb8021000-7f8bbc000000 ---p 00000000 00:00 0 
7f8bbc000000-7f8bbc021000 rw-p 00000000 00:00 0 
7f8bbc021000-7f8bc0000000 ---p 00000000 00:00 0 
7f8bc0000000-7f8bc0021000 rw-p 00000000 00:00 0 
7f8bc0021000-7f8bc4000000 ---p 00000000 00:00 0 
7f8bc4041000-7f8bc4045000 ---p 00000000 00:00 0 
7f8bc4045000-7f8bc4063000 rw-p 00000000 00:00 0 
7f8bc4063000-7f8bc4067000 ---p 00000000 00:00 0 
7f8bc4067000-7f8bc4164000 rw-p 00000000 00:00 0 
7f8bc4164000-7f8bc4168000 ---p 00000000 00:00 0 
7f8bc4168000-7f8bc4265000 rw-p 00000000 00:00 0 
7f8bc4265000-7f8bc4269000 ---p 00000000 00:00 0 
7f8bc4269000-7f8bc4366000 rw-p 00000000 00:00 0 
7f8bc4366000-7f8bc436a000 ---p 00000000 00:00 0 
7f8bc436a000-7f8bc4467000 rw-p 00000000 00:00 0 
7f8bc4467000-7f8bc446b000 ---p 00000000 00:00 0 
7f8bc446b000-7f8bc4568000 rw-p 00000000 00:00 0 
7f8bc4568000-7f8bc456c000 ---p 00000000 00:00 0 
7f8bc456c000-7f8bc4669000 rw-p 00000000 00:00 0 
7f8bc4669000-7f8bc466a000 ---p 00000000 00:00 0 
7f8bc466a000-7f8bc5047000 rw-p 00000000 00:00 0 
7f8bc5047000-7f8bc5048000 ---p 00000000 00:00 0 
7f8bc5048000-7f8bc5149000 rw-p 00000000 00:00 0 
7f8bc5149000-7f8bc514a000 ---p 00000000 00:00 0 
7f8bc514a000-7f8bc564f000 rw-p 00000000 00:00 0 
7f8bc564f000-7f8bc5650000 ---p 00000000 00:00 0 
7f8bc5650000-7f8bc5751000 rw-p 00000000 00:00 0 
7f8bc5751000-7f8bc5752000 ---p 00000000 00:00 0 
7f8bc5752000-7f8bc5943000 rw-p 00000000 00:00 0 
7f8bc5943000-7f8bc673b000 ---p 00000000 00:00 0 
7f8bc673b000-7f8bc6833000 rw-p 00000000 00:00 0 
7f8bc6833000-7f8bc762b000 ---p 00000000 00:00 0 
7f8bc762b000-7f8bc7651000 rw-p 00000000 00:00 0 
7f8bc7651000-7f8bc7810000 ---p 00000000 00:00 0 
7f8bc7810000-7f8bc782f000 rw-p 00000000 00:00 0 
7f8bc782f000-7f8bc79ee000 ---p 00000000 00:00 0 
7f8bc79ee000-7f8bc7a0d000 rw-p 00000000 00:00 0 
7f8bc7a0d000-7f8bc7bcc000 ---p 00000000 00:00 0 
7f8bc7bcc000-7f8bc7fd1000 rw-p 00000000 00:00 0 
7f8bc7fd1000-7f8bc7fd2000 ---p 00000000 00:00 0 
7f8bc7fd2000-7f8bc80d3000 rw-p 00000000 00:00 0 
7f8bc80d3000-7f8bc8343000 rwxp 00000000 00:00 0 
7f8bc8343000-7f8bc8663000 ---p 00000000 00:00 0 
7f8bc8663000-7f8bc8a23000 rwxp 00000000 00:00 0 
7f8bc8a23000-7f8bcfb9b000 ---p 00000000 00:00 0 
7f8bcfb9b000-7f8bcfe0b000 rwxp 00000000 00:00 0 
7f8bcfe0b000-7f8bd70d3000 ---p 00000000 00:00 0 
7f8bd70d3000-7f8bdf7c6000 r--s 00000000 08:01 12455408                   /usr/lib/jvm/java-11-openjdk-amd64/lib/modules
7f8bdf7c6000-7f8bdf7cb000 r-xp 00000000 08:01 12455386                   /usr/lib/jvm/java-11-openjdk-amd64/lib/libjimage.so
7f8bdf7cb000-7f8bdf9ca000 ---p 00005000 08:01 12455386                   /usr/lib/jvm/java-11-openjdk-amd64/lib/libjimage.so
7f8bdf9ca000-7f8bdf9cb000 r--p 00004000 08:01 12455386                   /usr/lib/jvm/java-11-openjdk-amd64/lib/libjimage.so
7f8bdf9cb000-7f8bdf9cc000 rw-p 00005000 08:01 12455386                   /usr/lib/jvm/java-11-openjdk-amd64/lib/libjimage.so
7f8bdf9cc000-7f8bdf9d3000 r-xp 00000000 08:01 12455407                   /usr/lib/jvm/java-11-openjdk-amd64/lib/libzip.so
7f8bdf9d3000-7f8bdfbd2000 ---p 00007000 08:01 12455407                   /usr/lib/jvm/java-11-openjdk-amd64/lib/libzip.so
7f8bdfbd2000-7f8bdfbd3000 r--p 00006000 08:01 12455407                   /usr/lib/jvm/java-11-openjdk-amd64/lib/libzip.so
7f8bdfbd3000-7f8bdfbd4000 rw-p 00007000 08:01 12455407                   /usr/lib/jvm/java-11-openjdk-amd64/lib/libzip.so
7f8bdfbd4000-7f8bdfbdf000 r-xp 00000000 08:01 9966624                    /lib/x86_64-linux-gnu/libnss_files-2.27.so
7f8bdfbdf000-7f8bdfdde000 ---p 0000b000 08:01 9966624                    /lib/x86_64-linux-gnu/libnss_files-2.27.so
7f8bdfdde000-7f8bdfddf000 r--p 0000a000 08:01 9966624                    /lib/x86_64-linux-gnu/libnss_files-2.27.so
7f8bdfddf000-7f8bdfde0000 rw-p 0000b000 08:01 9966624                    /lib/x86_64-linux-gnu/libnss_files-2.27.so
7f8bdfde0000-7f8bdfde6000 rw-p 00000000 00:00 0 
7f8bdfde6000-7f8bdfdfd000 r-xp 00000000 08:01 9966618                    /lib/x86_64-linux-gnu/libnsl-2.27.so
7f8bdfdfd000-7f8bdfffc000 ---p 00017000 08:01 9966618                    /lib/x86_64-linux-gnu/libnsl-2.27.so
7f8bdfffc000-7f8bdfffd000 r--p 00016000 08:01 9966618                    /lib/x86_64-linux-gnu/libnsl-2.27.so
7f8bdfffd000-7f8bdfffe000 rw-p 00017000 08:01 9966618                    /lib/x86_64-linux-gnu/libnsl-2.27.so
7f8bdfffe000-7f8be0000000 rw-p 00000000 00:00 0 
7f8be0000000-7f8be088e000 rw-p 00000000 00:00 0 
7f8be088e000-7f8be4000000 ---p 00000000 00:00 0 
7f8be4010000-7f8be4015000 rw-p 00000000 00:00 0 
7f8be4015000-7f8be40fb000 ---p 00000000 00:00 0 
7f8be40fb000-7f8be4103000 rw-p 00000000 00:00 0 
7f8be4103000-7f8be41e6000 ---p 00000000 00:00 0 
7f8be41e6000-7f8be41f1000 r-xp 00000000 08:01 9966635                    /lib/x86_64-linux-gnu/libnss_nis-2.27.so
7f8be41f1000-7f8be43f0000 ---p 0000b000 08:01 9966635                    /lib/x86_64-linux-gnu/libnss_nis-2.27.so
7f8be43f0000-7f8be43f1000 r--p 0000a000 08:01 9966635                    /lib/x86_64-linux-gnu/libnss_nis-2.27.so
7f8be43f1000-7f8be43f2000 rw-p 0000b000 08:01 9966635                    /lib/x86_64-linux-gnu/libnss_nis-2.27.so
7f8be43f2000-7f8be43fa000 r-xp 00000000 08:01 9966620                    /lib/x86_64-linux-gnu/libnss_compat-2.27.so
7f8be43fa000-7f8be45fa000 ---p 00008000 08:01 9966620                    /lib/x86_64-linux-gnu/libnss_compat-2.27.so
7f8be45fa000-7f8be45fb000 r--p 00008000 08:01 9966620                    /lib/x86_64-linux-gnu/libnss_compat-2.27.so
7f8be45fb000-7f8be45fc000 rw-p 00009000 08:01 9966620                    /lib/x86_64-linux-gnu/libnss_compat-2.27.so
7f8be45fc000-7f8be4625000 r-xp 00000000 08:01 12455382                   /usr/lib/jvm/java-11-openjdk-amd64/lib/libjava.so
7f8be4625000-7f8be4824000 ---p 00029000 08:01 12455382                   /usr/lib/jvm/java-11-openjdk-amd64/lib/libjava.so
7f8be4824000-7f8be4825000 r--p 00028000 08:01 12455382                   /usr/lib/jvm/java-11-openjdk-amd64/lib/libjava.so
7f8be4825000-7f8be4827000 rw-p 00029000 08:01 12455382                   /usr/lib/jvm/java-11-openjdk-amd64/lib/libjava.so
7f8be4827000-7f8be4834000 r-xp 00000000 08:01 12455406                   /usr/lib/jvm/java-11-openjdk-amd64/lib/libverify.so
7f8be4834000-7f8be4a33000 ---p 0000d000 08:01 12455406                   /usr/lib/jvm/java-11-openjdk-amd64/lib/libverify.so
7f8be4a33000-7f8be4a35000 r--p 0000c000 08:01 12455406                   /usr/lib/jvm/java-11-openjdk-amd64/lib/libverify.so
7f8be4a35000-7f8be4a36000 rw-p 0000e000 08:01 12455406                   /usr/lib/jvm/java-11-openjdk-amd64/lib/libverify.so
7f8be4a36000-7f8be4a3d000 r-xp 00000000 08:01 9966675                    /lib/x86_64-linux-gnu/librt-2.27.so
7f8be4a3d000-7f8be4c3c000 ---p 00007000 08:01 9966675                    /lib/x86_64-linux-gnu/librt-2.27.so
7f8be4c3c000-7f8be4c3d000 r--p 00006000 08:01 9966675                    /lib/x86_64-linux-gnu/librt-2.27.so
7f8be4c3d000-7f8be4c3e000 rw-p 00007000 08:01 9966675                    /lib/x86_64-linux-gnu/librt-2.27.so
7f8be4c3e000-7f8be4c55000 r-xp 00000000 08:01 9961786                    /lib/x86_64-linux-gnu/libgcc_s.so.1
7f8be4c55000-7f8be4e54000 ---p 00017000 08:01 9961786                    /lib/x86_64-linux-gnu/libgcc_s.so.1
7f8be4e54000-7f8be4e55000 r--p 00016000 08:01 9961786                    /lib/x86_64-linux-gnu/libgcc_s.so.1
7f8be4e55000-7f8be4e56000 rw-p 00017000 08:01 9961786                    /lib/x86_64-linux-gnu/libgcc_s.so.1
7f8be4e56000-7f8be4ff3000 r-xp 00000000 08:01 9966597                    /lib/x86_64-linux-gnu/libm-2.27.so
7f8be4ff3000-7f8be51f2000 ---p 0019d000 08:01 9966597                    /lib/x86_64-linux-gnu/libm-2.27.so
7f8be51f2000-7f8be51f3000 r--p 0019c000 08:01 9966597                    /lib/x86_64-linux-gnu/libm-2.27.so
7f8be51f3000-7f8be51f4000 rw-p 0019d000 08:01 9966597                    /lib/x86_64-linux-gnu/libm-2.27.so
7f8be51f4000-7f8be536d000 r-xp 00000000 08:01 6555233                    /usr/lib/x86_64-linux-gnu/libstdc++.so.6.0.25
7f8be536d000-7f8be556d000 ---p 00179000 08:01 6555233                    /usr/lib/x86_64-linux-gnu/libstdc++.so.6.0.25
7f8be556d000-7f8be5577000 r--p 00179000 08:01 6555233                    /usr/lib/x86_64-linux-gnu/libstdc++.so.6.0.25
7f8be5577000-7f8be5579000 rw-p 00183000 08:01 6555233                    /usr/lib/x86_64-linux-gnu/libstdc++.so.6.0.25
7f8be5579000-7f8be557d000 rw-p 00000000 00:00 0 
7f8be557d000-7f8be665a000 r-xp 00000000 08:01 12455413                   /usr/lib/jvm/java-11-openjdk-amd64/lib/server/libjvm.so
7f8be665a000-7f8be6859000 ---p 010dd000 08:01 12455413                   /usr/lib/jvm/java-11-openjdk-amd64/lib/server/libjvm.so
7f8be6859000-7f8be6916000 r--p 010dc000 08:01 12455413                   /usr/lib/jvm/java-11-openjdk-amd64/lib/server/libjvm.so
7f8be6916000-7f8be6950000 rw-p 01199000 08:01 12455413                   /usr/lib/jvm/java-11-openjdk-amd64/lib/server/libjvm.so
7f8be6950000-7f8be69a6000 rw-p 00000000 00:00 0 
7f8be69a6000-7f8be69c0000 r-xp 00000000 08:01 9966667                    /lib/x86_64-linux-gnu/libpthread-2.27.so
7f8be69c0000-7f8be6bbf000 ---p 0001a000 08:01 9966667                    /lib/x86_64-linux-gnu/libpthread-2.27.so
7f8be6bbf000-7f8be6bc0000 r--p 00019000 08:01 9966667                    /lib/x86_64-linux-gnu/libpthread-2.27.so
7f8be6bc0000-7f8be6bc1000 rw-p 0001a000 08:01 9966667                    /lib/x86_64-linux-gnu/libpthread-2.27.so
7f8be6bc1000-7f8be6bc5000 rw-p 00000000 00:00 0 
7f8be6bc5000-7f8be6bc8000 r-xp 00000000 08:01 9966557                    /lib/x86_64-linux-gnu/libdl-2.27.so
7f8be6bc8000-7f8be6dc7000 ---p 00003000 08:01 9966557                    /lib/x86_64-linux-gnu/libdl-2.27.so
7f8be6dc7000-7f8be6dc8000 r--p 00002000 08:01 9966557                    /lib/x86_64-linux-gnu/libdl-2.27.so
7f8be6dc8000-7f8be6dc9000 rw-p 00003000 08:01 9966557                    /lib/x86_64-linux-gnu/libdl-2.27.so
7f8be6dc9000-7f8be6de5000 r-xp 00000000 08:01 9966706                    /lib/x86_64-linux-gnu/libz.so.1.2.11
7f8be6de5000-7f8be6fe4000 ---p 0001c000 08:01 9966706                    /lib/x86_64-linux-gnu/libz.so.1.2.11
7f8be6fe4000-7f8be6fe5000 r--p 0001b000 08:01 9966706                    /lib/x86_64-linux-gnu/libz.so.1.2.11
7f8be6fe5000-7f8be6fe6000 rw-p 0001c000 08:01 9966706                    /lib/x86_64-linux-gnu/libz.so.1.2.11
7f8be6fe6000-7f8be71cd000 r-xp 00000000 08:01 9966534                    /lib/x86_64-linux-gnu/libc-2.27.so
7f8be71cd000-7f8be73cd000 ---p 001e7000 08:01 9966534                    /lib/x86_64-linux-gnu/libc-2.27.so
7f8be73cd000-7f8be73d1000 r--p 001e7000 08:01 9966534                    /lib/x86_64-linux-gnu/libc-2.27.so
7f8be73d1000-7f8be73d3000 rw-p 001eb000 08:01 9966534                    /lib/x86_64-linux-gnu/libc-2.27.so
7f8be73d3000-7f8be73d7000 rw-p 00000000 00:00 0 
7f8be73d7000-7f8be73e7000 r-xp 00000000 08:01 12455366                   /usr/lib/jvm/java-11-openjdk-amd64/lib/jli/libjli.so
7f8be73e7000-7f8be75e6000 ---p 00010000 08:01 12455366                   /usr/lib/jvm/java-11-openjdk-amd64/lib/jli/libjli.so
7f8be75e6000-7f8be75e7000 r--p 0000f000 08:01 12455366                   /usr/lib/jvm/java-11-openjdk-amd64/lib/jli/libjli.so
7f8be75e7000-7f8be75e8000 rw-p 00010000 08:01 12455366                   /usr/lib/jvm/java-11-openjdk-amd64/lib/jli/libjli.so
7f8be75e8000-7f8be760f000 r-xp 00000000 08:01 9966506                    /lib/x86_64-linux-gnu/ld-2.27.so
7f8be7630000-7f8be76eb000 rw-p 00000000 00:00 0 
7f8be76eb000-7f8be76ef000 ---p 00000000 00:00 0 
7f8be76ef000-7f8be77ee000 rw-p 00000000 00:00 0 
7f8be77f5000-7f8be77fa000 rw-p 00000000 00:00 0 
7f8be77fa000-7f8be7801000 ---p 00000000 00:00 0 
7f8be7801000-7f8be7803000 r--s 00007000 08:01 6951047                    /usr/share/java/java-atk-wrapper.jar
7f8be7803000-7f8be780b000 rw-s 00000000 08:01 19017298                   /tmp/hsperfdata_nakul/21573
7f8be780b000-7f8be780c000 ---p 00000000 00:00 0 
7f8be780c000-7f8be780d000 r--p 00000000 00:00 0 
7f8be780d000-7f8be780f000 rw-p 00000000 00:00 0 
7f8be780f000-7f8be7810000 r--p 00027000 08:01 9966506                    /lib/x86_64-linux-gnu/ld-2.27.so
7f8be7810000-7f8be7811000 rw-p 00028000 08:01 9966506                    /lib/x86_64-linux-gnu/ld-2.27.so
7f8be7811000-7f8be7812000 rw-p 00000000 00:00 0 
7ffd88c02000-7ffd88c23000 rw-p 00000000 00:00 0                          [stack]
7ffd88d59000-7ffd88d5c000 r--p 00000000 00:00 0                          [vvar]
7ffd88d5c000-7ffd88d5d000 r-xp 00000000 00:00 0                          [vdso]
ffffffffff600000-ffffffffff601000 --xp 00000000 00:00 0                  [vsyscall]


VM Arguments:
jvm_args: -Dfile.encoding=UTF-8 
java_command: selenium.NSP
java_class_path (initial): /home/nakul/eclipse-workspace/selenium/bin:/home/nakul/selenium/selenium-java-3.141.59/libs/byte-buddy-1.8.15.jar:/home/nakul/selenium/selenium-java-3.141.59/libs/commons-exec-1.3.jar:/home/nakul/selenium/selenium-java-3.141.59/libs/guava-25.0-jre.jar:/home/nakul/selenium/selenium-java-3.141.59/libs/okhttp-3.11.0.jar:/home/nakul/selenium/selenium-java-3.141.59/libs/okio-1.14.0.jar:/home/nakul/selenium/selenium-java-3.141.59/client-combined-3.141.59.jar:/home/nakul/selenium/selenium-java-3.141.59/client-combined-3.141.59-sources.jar:/home/nakul/eclipse-workspace/Tess4J/lib/commons-beanutils-1.9.2.jar:/home/nakul/eclipse-workspace/Tess4J/lib/commons-io-2.6.jar:/home/nakul/eclipse-workspace/Tess4J/lib/commons-logging-1.2.jar:/home/nakul/eclipse-workspace/Tess4J/lib/fontbox-2.0.9.jar:/home/nakul/eclipse-workspace/Tess4J/lib/ghost4j-1.0.1.jar:/home/nakul/eclipse-workspace/Tess4J/lib/hamcrest-core-1.3.jar:/home/nakul/eclipse-workspace/Tess4J/lib/itext-2.1.7.jar:/home/nakul/eclipse-workspace/Tess4J/lib/jai-imageio-core-1.4.0.jar:/home/nakul/eclipse-workspace/Tess4J/lib/jbig2-imageio-3.0.0.jar:/home/nakul/eclipse-workspace/Tess4J/lib/jboss-vfs-3.2.12.Final.jar:/home/nakul/eclipse-workspace/Tess4J/lib/jcl-over-slf4j-1.7.25.jar:/home/nakul/eclipse-workspace/Tess4J/lib/jna-4.1.0.jar:/home/nakul/eclipse-workspace/Tess4J/lib/jul-to-slf4j-1.7.25.jar:/home/nakul/eclipse-workspace/Tess4J/lib/junit-4.12.jar:/home/nakul/eclipse-workspace/Tess4J/lib/lept4j-1.6.4.jar:/home/nakul/eclipse-workspace/Tess4J/lib/log4j-1.2.17.jar:/home/nakul/eclipse-workspace/Tess4J/lib/log4j-over-slf4j-1.7.25.jar:/home/nakul/eclipse-workspace/Tess4J/lib/logback-classic-1.2.3.jar:/home/nakul/eclipse-workspace/Tess4J/lib/logback-core-1.2.3.jar:/home/nakul/eclipse-workspace/Tess4J/lib/pdfbox-2.0.9.jar:/home/nakul/eclipse-workspace/Tess4J/lib/pdfbox-tools-2.0.9.jar:/home/nakul/eclipse-workspace/Tess4J/lib/slf4j-api-1.7.25.jar:/home/nakul/eclipse-workspace/Tess4J/lib/xmlgraphics-comm
Launcher Type: SUN_STANDARD

[Global flags]
     intx CICompilerCount                          = 3                                         {product} {ergonomic}
     uint ConcGCThreads                            = 1                                         {product} {ergonomic}
     uint G1ConcRefinementThreads                  = 4                                         {product} {ergonomic}
   size_t G1HeapRegionSize                         = 1048576                                   {product} {ergonomic}
    uintx GCDrainStackTargetSize                   = 64                                        {product} {ergonomic}
   size_t InitialHeapSize                          = 62914560                                  {product} {ergonomic}
   size_t MarkStackSize                            = 4194304                                   {product} {ergonomic}
   size_t MaxHeapSize                              = 1002438656                                {product} {ergonomic}
   size_t MaxNewSize                               = 600834048                                 {product} {ergonomic}
   size_t MinHeapDeltaBytes                        = 1048576                                   {product} {ergonomic}
    uintx NonNMethodCodeHeapSize                   = 5830732                                {pd product} {ergonomic}
    uintx NonProfiledCodeHeapSize                  = 122913754                              {pd product} {ergonomic}
    uintx ProfiledCodeHeapSize                     = 122913754                              {pd product} {ergonomic}
    uintx ReservedCodeCacheSize                    = 251658240                              {pd product} {ergonomic}
     bool SegmentedCodeCache                       = true                                      {product} {ergonomic}
     bool UseCompressedClassPointers               = true                                 {lp64_product} {ergonomic}
     bool UseCompressedOops                        = true                                 {lp64_product} {ergonomic}
     bool UseG1GC                                  = true                                      {product} {ergonomic}

Logging:
Log output configuration:
 #0: stdout all=warning uptime,level,tags
 #1: stderr all=off uptime,level,tags

Environment Variables:
PATH=/usr/local/sbin:/usr/local/bin:/usr/sbin:/usr/bin:/sbin:/bin:/usr/games:/usr/local/games:/snap/bin
SHELL=/bin/bash
DISPLAY=:0

Signal Handlers:
SIGSEGV: [libjvm.so+0xdf8d00], sa_mask[0]=11111111011111111101111111111110, sa_flags=SA_RESTART|SA_SIGINFO
SIGBUS: [libjvm.so+0xdf8d00], sa_mask[0]=11111111011111111101111111111110, sa_flags=SA_RESTART|SA_SIGINFO
SIGFPE: [libjvm.so+0xdf8d00], sa_mask[0]=11111111011111111101111111111110, sa_flags=SA_RESTART|SA_SIGINFO
SIGPIPE: [libjvm.so+0xbcbc30], sa_mask[0]=11111111011111111101111111111110, sa_flags=SA_RESTART|SA_SIGINFO
SIGXFSZ: [libjvm.so+0xbcbc30], sa_mask[0]=11111111011111111101111111111110, sa_flags=SA_RESTART|SA_SIGINFO
SIGILL: [libjvm.so+0xdf8d00], sa_mask[0]=11111111011111111101111111111110, sa_flags=SA_RESTART|SA_SIGINFO
SIGUSR2: [libjvm.so+0xbcbad0], sa_mask[0]=00100000000000000000000000000000, sa_flags=SA_RESTART|SA_SIGINFO
SIGHUP: [libjvm.so+0xbcbe30], sa_mask[0]=11111111011111111101111111111110, sa_flags=SA_RESTART|SA_SIGINFO
SIGINT: [libjvm.so+0xbcbe30], sa_mask[0]=11111111011111111101111111111110, sa_flags=SA_RESTART|SA_SIGINFO
SIGTERM: [libjvm.so+0xbcbe30], sa_mask[0]=11111111011111111101111111111110, sa_flags=SA_RESTART|SA_SIGINFO
SIGQUIT: [libjvm.so+0xbcbe30], sa_mask[0]=11111111011111111101111111111110, sa_flags=SA_RESTART|SA_SIGINFO


---------------  S Y S T E M  ---------------

OS:DISTRIB_ID=Ubuntu
DISTRIB_RELEASE=18.04
DISTRIB_CODENAME=bionic
DISTRIB_DESCRIPTION="Ubuntu 18.04.3 LTS"
uname:Linux 5.3.0-42-generic #34~18.04.1-Ubuntu SMP Fri Feb 28 13:42:26 UTC 2020 x86_64
OS uptime: 0 days 2:42 hours
libc:glibc 2.27 NPTL 2.27 
rlimit: STACK 8192k, CORE 0k, NPROC 15078, NOFILE 4096, AS infinity, CPU infinity, DATA infinity, FSIZE infinity
load average:1.12 0.92 0.99

/proc/meminfo:
MemTotal:        3907988 kB
MemFree:          188736 kB
MemAvailable:     668248 kB
Buffers:           61860 kB
Cached:           872476 kB
SwapCached:        11924 kB
Active:          2583900 kB
Inactive:         781600 kB
Active(anon):    2118860 kB
Inactive(anon):   598068 kB
Active(file):     465040 kB
Inactive(file):   183532 kB
Unevictable:       14640 kB
Mlocked:              64 kB
SwapTotal:       2097148 kB
SwapFree:        1881084 kB
Dirty:             10248 kB
Writeback:             0 kB
AnonPages:       2436572 kB
Mapped:           519020 kB
Shmem:            285764 kB
KReclaimable:      83152 kB
Slab:             194500 kB
SReclaimable:      83152 kB
SUnreclaim:       111348 kB
KernelStack:       19344 kB
PageTables:        67892 kB
NFS_Unstable:          0 kB
Bounce:                0 kB
WritebackTmp:          0 kB
CommitLimit:     4051140 kB
Committed_AS:   10216128 kB
VmallocTotal:   34359738367 kB
VmallocUsed:       34776 kB
VmallocChunk:          0 kB
Percpu:             2944 kB
HardwareCorrupted:     0 kB
AnonHugePages:         0 kB
ShmemHugePages:        0 kB
ShmemPmdMapped:        0 kB
CmaTotal:              0 kB
CmaFree:               0 kB
HugePages_Total:       0
HugePages_Free:        0
HugePages_Rsvd:        0
HugePages_Surp:        0
Hugepagesize:       2048 kB
Hugetlb:               0 kB
DirectMap4k:      298044 kB
DirectMap2M:     3774464 kB


/proc/sys/kernel/threads-max (system-wide limit on the number of threads):
30157


/proc/sys/vm/max_map_count (maximum number of memory map areas a process may have):
65530


/proc/sys/kernel/pid_max (system-wide limit on number of process identifiers):
32768



container (cgroup) information:
container_type: cgroupv1
cpu_cpuset_cpus: 0-3
cpu_memory_nodes: 0
active_processor_count: 4
cpu_quota: -1
cpu_period: 100000
cpu_shares: -1
memory_limit_in_bytes: -1
memory_and_swap_limit_in_bytes: -2
memory_soft_limit_in_bytes: -1
memory_usage_in_bytes: 3348045824
memory_max_usage_in_bytes: 3529879552

Steal ticks since vm start: 0
Steal ticks percentage since vm start:  0.000

CPU:total 4 (initial active 4) (2 cores per cpu, 2 threads per core) family 6 model 42 stepping 7, cmov, cx8, fxsr, mmx, sse, sse2, sse3, ssse3, sse4.1, sse4.2, popcnt, avx, aes, clmul, ht, tsc, tscinvbit
CPU Model and flags from /proc/cpuinfo:
model name	: Intel(R) Core(TM) i5-2520M CPU @ 2.50GHz
flags		: fpu vme de pse tsc msr pae mce cx8 apic sep mtrr pge mca cmov pat pse36 clflush dts acpi mmx fxsr sse sse2 ht tm pbe syscall nx rdtscp lm constant_tsc arch_perfmon pebs bts rep_good nopl xtopology nonstop_tsc cpuid aperfmperf pni pclmulqdq dtes64 monitor ds_cpl vmx smx est tm2 ssse3 cx16 xtpr pdcm pcid sse4_1 sse4_2 x2apic popcnt tsc_deadline_timer aes xsave avx lahf_lm epb pti tpr_shadow vnmi flexpriority ept vpid xsaveopt dtherm ida arat pln pts

Memory: 4k page, physical 3907988k(188736k free), swap 2097148k(1881084k free)

vm_info: OpenJDK 64-Bit Server VM (11.0.7+10-post-Ubuntu-2ubuntu218.04) for linux-amd64 JRE (11.0.7+10-post-Ubuntu-2ubuntu218.04), built on Apr 15 2020 21:12:54 by "unknown" with gcc 7.5.0

END.
