#
# A fatal error has been detected by the Java Runtime Environment:
#
#  SIGSEGV (0xb) at pc=0x00007f86e58edc27, pid=15883, tid=15891
#
# JRE version: OpenJDK Runtime Environment (11.0.7+10) (build 11.0.7+10-post-Ubuntu-2ubuntu218.04)
# Java VM: OpenJDK 64-Bit Server VM (11.0.7+10-post-Ubuntu-2ubuntu218.04, mixed mode, sharing, tiered, compressed oops, g1 gc, linux-amd64)
# Problematic frame:
# C  [libtesseract.so.4+0xa1c27]  tesseract::Tesseract::recog_all_words(PAGE_RES*, ETEXT_DESC*, TBOX const*, char const*, int)+0x437
#
# Core dump will be written. Default location: Core dumps may be processed with "/usr/share/apport/apport %p %s %c %d %P %E" (or dumping to /home/nakul/eclipse-workspace/selenium/core.15883)
#
# If you would like to submit a bug report, please visit:
#   https://bugs.launchpad.net/ubuntu/+source/openjdk-lts
# The crash happened outside the Java Virtual Machine in native code.
# See problematic frame for where to report the bug.
#

---------------  S U M M A R Y ------------

Command Line: -Dfile.encoding=UTF-8 selenium.NSP

Host: Intel(R) Core(TM) i5-2520M CPU @ 2.50GHz, 4 cores, 3G, Ubuntu 18.04.3 LTS
Time: Fri May 15 09:32:10 2020 IST elapsed time: 41 seconds (0d 0h 0m 41s)

---------------  T H R E A D  ---------------

Current thread (0x00007f8758016800):  JavaThread "main" [_thread_in_native, id=15891, stack(0x00007f875f38e000,0x00007f875f48f000)]

Stack: [0x00007f875f38e000,0x00007f875f48f000],  sp=0x00007f875f48c660,  free space=1017k
Native frames: (J=compiled Java code, A=aot compiled Java code, j=interpreted, Vv=VM code, C=native code)
C  [libtesseract.so.4+0xa1c27]  tesseract::Tesseract::recog_all_words(PAGE_RES*, ETEXT_DESC*, TBOX const*, char const*, int)+0x437

Java frames: (J=compiled Java code, j=interpreted, Vv=VM code)
j  com.sun.jna.Native.invokePointer(JI[Ljava/lang/Object;)J+0
j  com.sun.jna.Function.invokePointer(I[Ljava/lang/Object;)Lcom/sun/jna/Pointer;+6
j  com.sun.jna.Function.invoke([Ljava/lang/Object;Ljava/lang/Class;Z)Ljava/lang/Object;+426
j  com.sun.jna.Function.invoke(Ljava/lang/Class;[Ljava/lang/Object;Ljava/util/Map;)Ljava/lang/Object;+262
j  com.sun.jna.Library$Handler.invoke(Ljava/lang/Object;Ljava/lang/reflect/Method;[Ljava/lang/Object;)Ljava/lang/Object;+316
j  com.sun.proxy.$Proxy0.TessBaseAPIGetUTF8Text(Lnet/sourceforge/tess4j/ITessAPI$TessBaseAPI;)Lcom/sun/jna/Pointer;+16
j  net.sourceforge.tess4j.Tesseract.getOCRText(Ljava/lang/String;I)Ljava/lang/String;+62
j  net.sourceforge.tess4j.Tesseract.doOCR(Ljava/util/List;Ljava/lang/String;Ljava/awt/Rectangle;)Ljava/lang/String;+62
j  net.sourceforge.tess4j.Tesseract.doOCR(Ljava/io/File;Ljava/awt/Rectangle;)Ljava/lang/String;+10
j  net.sourceforge.tess4j.Tesseract.doOCR(Ljava/io/File;)Ljava/lang/String;+3
j  selenium.NSP.enterinput()V+145
j  selenium.NSP.main([Ljava/lang/String;)V+13
v  ~StubRoutines::call_stub

siginfo: si_signo: 11 (SIGSEGV), si_code: 1 (SEGV_MAPERR), si_addr: 0x000000000000000c

Register to memory mapping:

RAX=0x0 is NULL
RBX=0x00007f87587f8530 points into unknown readable memory: 88 9b d5 e5 86 7f 00 00
RCX=0x0 is NULL
RDX=0x00007f875881a128 points into unknown readable memory: 00 00 00 00 00 00 00 00
RSP=0x00007f875f48c660 is pointing into the stack for thread: 0x00007f8758016800
RBP=0x00007f875f48c6b0 is pointing into the stack for thread: 0x00007f8758016800
RSI=0x0000000000000001 is an unknown value
RDI=0x00007f875f48c700 is pointing into the stack for thread: 0x00007f8758016800
R8 =0x0 is NULL
R9 =0x0 is NULL
R10=0x0 is NULL
R11=0x00007f875850c1f0 points into unknown readable memory: 10 00 00 00 01 00 00 00
R12=0x00007f875885db40 points into unknown readable memory: 00 00 00 00 00 00 00 00
R13=0x0 is NULL
R14=0x0 is NULL
R15=0x00007f875885db40 points into unknown readable memory: 00 00 00 00 00 00 00 00


Registers:
RAX=0x0000000000000000, RBX=0x00007f87587f8530, RCX=0x0000000000000000, RDX=0x00007f875881a128
RSP=0x00007f875f48c660, RBP=0x00007f875f48c6b0, RSI=0x0000000000000001, RDI=0x00007f875f48c700
R8 =0x0000000000000000, R9 =0x0000000000000000, R10=0x0000000000000000, R11=0x00007f875850c1f0
R12=0x00007f875885db40, R13=0x0000000000000000, R14=0x0000000000000000, R15=0x00007f875885db40
RIP=0x00007f86e58edc27, EFLAGS=0x0000000000010246, CSGSFS=0x002b000000000033, ERR=0x0000000000000004
  TRAPNO=0x000000000000000e

Top of Stack: (sp=0x00007f875f48c660)
0x00007f875f48c660:   0000000000000000 0000000000000000
0x00007f875f48c670:   0000000000000000 00007f875885d880
0x00007f875f48c680:   00007f875850c210 00007f875850c470
0x00007f875f48c690:   0000000000000001 00007f875f48c6c0 

Instructions: (pc=0x00007f86e58edc27)
0x00007f86e58edb27:   89 e6 48 89 df e8 af 87 ff ff 4c 89 e6 48 89 df
0x00007f86e58edb37:   e8 b4 8b ff ff 4c 89 e6 48 89 df e8 f9 72 ff ff
0x00007f86e58edb47:   4c 89 e6 48 89 df e8 7e 74 ff ff e9 a9 fd ff ff
0x00007f86e58edb57:   66 0f 1f 84 00 00 00 00 00 48 8b 40 10 7e 2a 8b
0x00007f86e58edb67:   38 85 ff 75 4c 48 83 c0 04 83 ea 01 48 8d 14 90
0x00007f86e58edb77:   eb 12 0f 1f 80 00 00 00 00 48 83 c0 04 8b 70 fc
0x00007f86e58edb87:   85 f6 75 2d 48 39 c2 75 f0 48 85 c9 74 1b 8b 41
0x00007f86e58edb97:   10 8d 50 ff 83 fa 02 76 10 83 e8 05 83 f8 03 77
0x00007f86e58edba7:   10 0f 1f 84 00 00 00 00 00 48 89 ef e8 e8 2d 19
0x00007f86e58edbb7:   00 31 d2 31 f6 48 89 ef e8 2c f6 18 00 48 8b 44
0x00007f86e58edbc7:   24 70 48 85 c0 0f 84 8e fd ff ff 48 8b 94 24 80
0x00007f86e58edbd7:   00 00 00 31 c9 48 8b 52 08 48 85 d2 74 04 48 8b
0x00007f86e58edbe7:   4a 08 48 8b 80 e8 00 00 00 48 85 c0 74 bb 8b 50
0x00007f86e58edbf7:   34 83 fa 00 74 b3 e9 5e ff ff ff 66 0f 1f 44 00
0x00007f86e58edc07:   00 31 f6 48 89 ef e8 ce f9 18 00 8b 83 a0 15 00
0x00007f86e58edc17:   00 85 c0 0f 8f c0 00 00 00 48 8b 83 40 0a 00 00
0x00007f86e58edc27:   80 78 0c 00 0f 85 a7 02 00 00 8b 83 58 47 02 00
0x00007f86e58edc37:   85 c0 0f 8e b1 00 00 00 31 d2 45 31 ff eb 2c 66
0x00007f86e58edc47:   2e 0f 1f 84 00 00 00 00 00 48 8b 8f 40 0a 00 00
0x00007f86e58edc57:   80 79 0c 00 0f 85 ff 01 00 00 41 83 c7 01 48 83
0x00007f86e58edc67:   c2 08 44 3b bb 58 47 02 00 7d 7e 48 8b 8b 60 47
0x00007f86e58edc77:   02 00 48 8b 3c 11 8b 87 a0 15 00 00 85 c0 7e c9
0x00007f86e58edc87:   48 89 54 24 10 e8 8f 46 0f 00 48 8b 54 24 10 eb
0x00007f86e58edc97:   c9 0f 1f 84 00 00 00 00 00 80 bb 72 30 02 00 00
0x00007f86e58edca7:   0f 85 73 fc ff ff 8b b3 04 1d 02 00 4c 89 e2 4c
0x00007f86e58edcb7:   89 ff e8 32 d4 0b 00 31 f6 48 89 ef e8 18 f9 18
0x00007f86e58edcc7:   00 48 8b 44 24 70 48 85 c0 0f 85 fc fe ff ff e9
0x00007f86e58edcd7:   94 fc ff ff 0f 1f 44 00 00 48 89 df e8 38 46 0f
0x00007f86e58edce7:   00 e9 44 ff ff ff 0f 1f 00 4c 8d 7c 24 30 be 04
0x00007f86e58edcf7:   00 00 00 48 c7 44 24 30 00 00 00 00 48 c7 44 24
0x00007f86e58edd07:   38 00 00 00 00 48 c7 44 24 40 00 00 00 00 4c 89
0x00007f86e58edd17:   ff 48 c7 44 24 48 00 00 00 00 e8 3a 19 00 00 48 


Stack slot to memory mapping:
stack at sp + 0 slots: 0x0 is NULL
stack at sp + 1 slots: 0x0 is NULL
stack at sp + 2 slots: 0x0 is NULL
stack at sp + 3 slots: 0x00007f875885d880 points into unknown readable memory: 80 d8 85 58 87 7f 00 00
stack at sp + 4 slots: 0x00007f875850c210 points into unknown readable memory: 10 c2 50 58 87 7f 00 00
stack at sp + 5 slots: 0x00007f875850c470 points into unknown readable memory: 70 c4 50 58 87 7f 00 00
stack at sp + 6 slots: 0x0000000000000001 is an unknown value
stack at sp + 7 slots: 0x00007f875f48c6c0 is pointing into the stack for thread: 0x00007f8758016800


---------------  P R O C E S S  ---------------

Threads class SMR info:
_java_thread_list=0x00007f87585afb50, length=17, elements={
0x00007f8758016800, 0x00007f87580be000, 0x00007f87580c0000, 0x00007f87580c5800,
0x00007f87580c8000, 0x00007f87580ca000, 0x00007f87580cc000, 0x00007f87580fb000,
0x00007f87580ff800, 0x00007f8758391000, 0x00007f86f000f000, 0x00007f86f0012800,
0x00007f86f0013000, 0x00007f87583f5000, 0x00007f8758458000, 0x00007f8758459800,
0x00007f87585af000
}

Java Threads: ( => current thread )
=>0x00007f8758016800 JavaThread "main" [_thread_in_native, id=15891, stack(0x00007f875f38e000,0x00007f875f48f000)]
  0x00007f87580be000 JavaThread "Reference Handler" daemon [_thread_blocked, id=15898, stack(0x00007f873c1e1000,0x00007f873c2e2000)]
  0x00007f87580c0000 JavaThread "Finalizer" daemon [_thread_blocked, id=15899, stack(0x00007f873c0e0000,0x00007f873c1e1000)]
  0x00007f87580c5800 JavaThread "Signal Dispatcher" daemon [_thread_blocked, id=15900, stack(0x00007f872d530000,0x00007f872d631000)]
  0x00007f87580c8000 JavaThread "C2 CompilerThread0" daemon [_thread_blocked, id=15901, stack(0x00007f872d42f000,0x00007f872d530000)]
  0x00007f87580ca000 JavaThread "C1 CompilerThread0" daemon [_thread_blocked, id=15902, stack(0x00007f872d32e000,0x00007f872d42f000)]
  0x00007f87580cc000 JavaThread "Sweeper thread" daemon [_thread_blocked, id=15903, stack(0x00007f872d22d000,0x00007f872d32e000)]
  0x00007f87580fb000 JavaThread "Service Thread" daemon [_thread_blocked, id=15904, stack(0x00007f872d12c000,0x00007f872d22d000)]
  0x00007f87580ff800 JavaThread "Common-Cleaner" daemon [_thread_blocked, id=15906, stack(0x00007f872cf29000,0x00007f872d02a000)]
  0x00007f8758391000 JavaThread "Exec Default Executor" daemon [_thread_blocked, id=15908, stack(0x00007f872c4cc000,0x00007f872c5cd000)]
  0x00007f86f000f000 JavaThread "process reaper" daemon [_thread_in_native, id=15916, stack(0x00007f875c018000,0x00007f875c03a000)]
  0x00007f86f0012800 JavaThread "Exec Stream Pumper" daemon [_thread_in_native, id=15917, stack(0x00007f872c3cb000,0x00007f872c4cc000)]
  0x00007f86f0013000 JavaThread "Exec Stream Pumper" daemon [_thread_in_native, id=15918, stack(0x00007f872c2ca000,0x00007f872c3cb000)]
  0x00007f87583f5000 JavaThread "ForkJoinPool.commonPool-worker-3" daemon [_thread_blocked, id=15919, stack(0x00007f872c1c9000,0x00007f872c2ca000)]
  0x00007f8758458000 JavaThread "OkHttp ConnectionPool" daemon [_thread_blocked, id=15920, stack(0x00007f872c0c8000,0x00007f872c1c9000)]
  0x00007f8758459800 JavaThread "Okio Watchdog" daemon [_thread_blocked, id=15921, stack(0x00007f86e7cff000,0x00007f86e7e00000)]
  0x00007f87585af000 JavaThread "Java2D Disposer" daemon [_thread_blocked, id=16241, stack(0x00007f86e611a000,0x00007f86e621b000)]

Other Threads:
  0x00007f87580bb000 VMThread "VM Thread" [stack: 0x00007f873c2e4000,0x00007f873c3e4000] [id=15897]
  0x00007f87580fd000 WatcherThread [stack: 0x00007f872d02c000,0x00007f872d12c000] [id=15905]
  0x00007f875802f000 GCTaskThread "GC Thread#0" [stack: 0x00007f873fbf1000,0x00007f873fcf1000] [id=15892]
  0x00007f8724001000 GCTaskThread "GC Thread#1" [stack: 0x00007f872c5cf000,0x00007f872c6cf000] [id=15907]
  0x00007f8758049800 ConcurrentGCThread "G1 Main Marker" [stack: 0x00007f873d371000,0x00007f873d471000] [id=15893]
  0x00007f875804b800 ConcurrentGCThread "G1 Conc#0" [stack: 0x00007f873d26f000,0x00007f873d36f000] [id=15894]
  0x00007f875808d000 ConcurrentGCThread "G1 Refine#0" [stack: 0x00007f873cd69000,0x00007f873ce69000] [id=15895]
  0x00007f875808f000 ConcurrentGCThread "G1 Young RemSet Sampling" [stack: 0x00007f873cc67000,0x00007f873cd67000] [id=15896]

Threads with active compile tasks:

VM state:not at safepoint (normal execution)

VM Mutex/Monitor currently owned by a thread: None

Heap address: 0x00000000c4400000, size: 956 MB, Compressed Oops mode: 32-bit
Narrow klass base: 0x0000000800000000, Narrow klass shift: 3
Compressed class space size: 1073741824 Address: 0x0000000840000000

Heap:
 garbage-first heap   total 63488K, used 11094K [0x00000000c4400000, 0x0000000100000000)
  region size 1024K, 8 young (8192K), 3 survivors (3072K)
 Metaspace       used 14454K, capacity 15026K, committed 15360K, reserved 1062912K
  class space    used 1790K, capacity 2020K, committed 2048K, reserved 1048576K
Heap Regions: E=young(eden), S=young(survivor), O=old, HS=humongous(starts), HC=humongous(continues), CS=collection set, F=free, A=archive, TAMS=top-at-mark-start (previous, next)
|   0|0x00000000c4400000, 0x00000000c4500000, 0x00000000c4500000|100%| O|  |TAMS 0x00000000c4400000, 0x00000000c4400000| Untracked 
|   1|0x00000000c4500000, 0x00000000c4600000, 0x00000000c4600000|100%| O|  |TAMS 0x00000000c4500000, 0x00000000c4500000| Untracked 
|   2|0x00000000c4600000, 0x00000000c4700000, 0x00000000c4700000|100%| O|  |TAMS 0x00000000c4600000, 0x00000000c4600000| Untracked 
|   3|0x00000000c4700000, 0x00000000c47dde00, 0x00000000c4800000| 86%| O|  |TAMS 0x00000000c4700000, 0x00000000c4700000| Untracked 
|   4|0x00000000c4800000, 0x00000000c4800000, 0x00000000c4900000|  0%| F|  |TAMS 0x00000000c4800000, 0x00000000c4800000| Untracked 
|   5|0x00000000c4900000, 0x00000000c4900000, 0x00000000c4a00000|  0%| F|  |TAMS 0x00000000c4900000, 0x00000000c4900000| Untracked 
|   6|0x00000000c4a00000, 0x00000000c4a00000, 0x00000000c4b00000|  0%| F|  |TAMS 0x00000000c4a00000, 0x00000000c4a00000| Untracked 
|   7|0x00000000c4b00000, 0x00000000c4b00000, 0x00000000c4c00000|  0%| F|  |TAMS 0x00000000c4b00000, 0x00000000c4b00000| Untracked 
|   8|0x00000000c4c00000, 0x00000000c4c00000, 0x00000000c4d00000|  0%| F|  |TAMS 0x00000000c4c00000, 0x00000000c4c00000| Untracked 
|   9|0x00000000c4d00000, 0x00000000c4d00000, 0x00000000c4e00000|  0%| F|  |TAMS 0x00000000c4d00000, 0x00000000c4d00000| Untracked 
|  10|0x00000000c4e00000, 0x00000000c4e00000, 0x00000000c4f00000|  0%| F|  |TAMS 0x00000000c4e00000, 0x00000000c4e00000| Untracked 
|  11|0x00000000c4f00000, 0x00000000c4f00000, 0x00000000c5000000|  0%| F|  |TAMS 0x00000000c4f00000, 0x00000000c4f00000| Untracked 
|  12|0x00000000c5000000, 0x00000000c5000000, 0x00000000c5100000|  0%| F|  |TAMS 0x00000000c5000000, 0x00000000c5000000| Untracked 
|  13|0x00000000c5100000, 0x00000000c5100000, 0x00000000c5200000|  0%| F|  |TAMS 0x00000000c5100000, 0x00000000c5100000| Untracked 
|  14|0x00000000c5200000, 0x00000000c5200000, 0x00000000c5300000|  0%| F|  |TAMS 0x00000000c5200000, 0x00000000c5200000| Untracked 
|  15|0x00000000c5300000, 0x00000000c5300000, 0x00000000c5400000|  0%| F|  |TAMS 0x00000000c5300000, 0x00000000c5300000| Untracked 
|  16|0x00000000c5400000, 0x00000000c5400000, 0x00000000c5500000|  0%| F|  |TAMS 0x00000000c5400000, 0x00000000c5400000| Untracked 
|  17|0x00000000c5500000, 0x00000000c5500000, 0x00000000c5600000|  0%| F|  |TAMS 0x00000000c5500000, 0x00000000c5500000| Untracked 
|  18|0x00000000c5600000, 0x00000000c5600000, 0x00000000c5700000|  0%| F|  |TAMS 0x00000000c5600000, 0x00000000c5600000| Untracked 
|  19|0x00000000c5700000, 0x00000000c5700000, 0x00000000c5800000|  0%| F|  |TAMS 0x00000000c5700000, 0x00000000c5700000| Untracked 
|  20|0x00000000c5800000, 0x00000000c5800000, 0x00000000c5900000|  0%| F|  |TAMS 0x00000000c5800000, 0x00000000c5800000| Untracked 
|  21|0x00000000c5900000, 0x00000000c5900000, 0x00000000c5a00000|  0%| F|  |TAMS 0x00000000c5900000, 0x00000000c5900000| Untracked 
|  22|0x00000000c5a00000, 0x00000000c5a00000, 0x00000000c5b00000|  0%| F|  |TAMS 0x00000000c5a00000, 0x00000000c5a00000| Untracked 
|  23|0x00000000c5b00000, 0x00000000c5b00000, 0x00000000c5c00000|  0%| F|  |TAMS 0x00000000c5b00000, 0x00000000c5b00000| Untracked 
|  24|0x00000000c5c00000, 0x00000000c5c00000, 0x00000000c5d00000|  0%| F|  |TAMS 0x00000000c5c00000, 0x00000000c5c00000| Untracked 
|  25|0x00000000c5d00000, 0x00000000c5d00000, 0x00000000c5e00000|  0%| F|  |TAMS 0x00000000c5d00000, 0x00000000c5d00000| Untracked 
|  26|0x00000000c5e00000, 0x00000000c5e00000, 0x00000000c5f00000|  0%| F|  |TAMS 0x00000000c5e00000, 0x00000000c5e00000| Untracked 
|  27|0x00000000c5f00000, 0x00000000c5f00000, 0x00000000c6000000|  0%| F|  |TAMS 0x00000000c5f00000, 0x00000000c5f00000| Untracked 
|  28|0x00000000c6000000, 0x00000000c6000000, 0x00000000c6100000|  0%| F|  |TAMS 0x00000000c6000000, 0x00000000c6000000| Untracked 
|  29|0x00000000c6100000, 0x00000000c6100000, 0x00000000c6200000|  0%| F|  |TAMS 0x00000000c6100000, 0x00000000c6100000| Untracked 
|  30|0x00000000c6200000, 0x00000000c6200000, 0x00000000c6300000|  0%| F|  |TAMS 0x00000000c6200000, 0x00000000c6200000| Untracked 
|  31|0x00000000c6300000, 0x00000000c6300000, 0x00000000c6400000|  0%| F|  |TAMS 0x00000000c6300000, 0x00000000c6300000| Untracked 
|  32|0x00000000c6400000, 0x00000000c6400000, 0x00000000c6500000|  0%| F|  |TAMS 0x00000000c6400000, 0x00000000c6400000| Untracked 
|  33|0x00000000c6500000, 0x00000000c6500000, 0x00000000c6600000|  0%| F|  |TAMS 0x00000000c6500000, 0x00000000c6500000| Untracked 
|  34|0x00000000c6600000, 0x00000000c6600000, 0x00000000c6700000|  0%| F|  |TAMS 0x00000000c6600000, 0x00000000c6600000| Untracked 
|  35|0x00000000c6700000, 0x00000000c6700000, 0x00000000c6800000|  0%| F|  |TAMS 0x00000000c6700000, 0x00000000c6700000| Untracked 
|  36|0x00000000c6800000, 0x00000000c6846dc0, 0x00000000c6900000| 27%| S|CS|TAMS 0x00000000c6800000, 0x00000000c6800000| Complete 
|  37|0x00000000c6900000, 0x00000000c6a00000, 0x00000000c6a00000|100%| S|CS|TAMS 0x00000000c6900000, 0x00000000c6900000| Complete 
|  38|0x00000000c6a00000, 0x00000000c6b00000, 0x00000000c6b00000|100%| S|CS|TAMS 0x00000000c6a00000, 0x00000000c6a00000| Complete 
|  39|0x00000000c6b00000, 0x00000000c6b00000, 0x00000000c6c00000|  0%| F|  |TAMS 0x00000000c6b00000, 0x00000000c6b00000| Untracked 
|  40|0x00000000c6c00000, 0x00000000c6c00000, 0x00000000c6d00000|  0%| F|  |TAMS 0x00000000c6c00000, 0x00000000c6c00000| Untracked 
|  41|0x00000000c6d00000, 0x00000000c6d00000, 0x00000000c6e00000|  0%| F|  |TAMS 0x00000000c6d00000, 0x00000000c6d00000| Untracked 
|  42|0x00000000c6e00000, 0x00000000c6e00000, 0x00000000c6f00000|  0%| F|  |TAMS 0x00000000c6e00000, 0x00000000c6e00000| Untracked 
|  43|0x00000000c6f00000, 0x00000000c6f00000, 0x00000000c7000000|  0%| F|  |TAMS 0x00000000c6f00000, 0x00000000c6f00000| Untracked 
|  44|0x00000000c7000000, 0x00000000c7000000, 0x00000000c7100000|  0%| F|  |TAMS 0x00000000c7000000, 0x00000000c7000000| Untracked 
|  45|0x00000000c7100000, 0x00000000c7100000, 0x00000000c7200000|  0%| F|  |TAMS 0x00000000c7100000, 0x00000000c7100000| Untracked 
|  46|0x00000000c7200000, 0x00000000c7200000, 0x00000000c7300000|  0%| F|  |TAMS 0x00000000c7200000, 0x00000000c7200000| Untracked 
|  47|0x00000000c7300000, 0x00000000c7300000, 0x00000000c7400000|  0%| F|  |TAMS 0x00000000c7300000, 0x00000000c7300000| Untracked 
|  48|0x00000000c7400000, 0x00000000c7400000, 0x00000000c7500000|  0%| F|  |TAMS 0x00000000c7400000, 0x00000000c7400000| Untracked 
|  49|0x00000000c7500000, 0x00000000c7500000, 0x00000000c7600000|  0%| F|  |TAMS 0x00000000c7500000, 0x00000000c7500000| Untracked 
|  50|0x00000000c7600000, 0x00000000c7600000, 0x00000000c7700000|  0%| F|  |TAMS 0x00000000c7600000, 0x00000000c7600000| Untracked 
|  51|0x00000000c7700000, 0x00000000c7700000, 0x00000000c7800000|  0%| F|  |TAMS 0x00000000c7700000, 0x00000000c7700000| Untracked 
|  52|0x00000000c7800000, 0x00000000c7800000, 0x00000000c7900000|  0%| F|  |TAMS 0x00000000c7800000, 0x00000000c7800000| Untracked 
|  53|0x00000000c7900000, 0x00000000c7900000, 0x00000000c7a00000|  0%| F|  |TAMS 0x00000000c7900000, 0x00000000c7900000| Untracked 
|  54|0x00000000c7a00000, 0x00000000c7a00000, 0x00000000c7b00000|  0%| F|  |TAMS 0x00000000c7a00000, 0x00000000c7a00000| Untracked 
|  55|0x00000000c7b00000, 0x00000000c7be84a0, 0x00000000c7c00000| 90%| E|  |TAMS 0x00000000c7b00000, 0x00000000c7b00000| Complete 
|  56|0x00000000c7c00000, 0x00000000c7d00000, 0x00000000c7d00000|100%| E|CS|TAMS 0x00000000c7c00000, 0x00000000c7c00000| Complete 
|  57|0x00000000c7d00000, 0x00000000c7e00000, 0x00000000c7e00000|100%| E|CS|TAMS 0x00000000c7d00000, 0x00000000c7d00000| Complete 
|  58|0x00000000c7e00000, 0x00000000c7f00000, 0x00000000c7f00000|100%| E|CS|TAMS 0x00000000c7e00000, 0x00000000c7e00000| Complete 
|  59|0x00000000c7f00000, 0x00000000c8000000, 0x00000000c8000000|100%| E|CS|TAMS 0x00000000c7f00000, 0x00000000c7f00000| Complete 
| 954|0x00000000ffe00000, 0x00000000ffe47000, 0x00000000fff00000| 27%|OA|  |TAMS 0x00000000ffe00000, 0x00000000ffe00000| Untracked 
| 955|0x00000000fff00000, 0x00000000fff6a000, 0x0000000100000000| 41%|CA|  |TAMS 0x00000000fff00000, 0x00000000fff00000| Untracked 

Card table byte_map: [0x00007f873f42f000,0x00007f873f60d000] _byte_map_base: 0x00007f873ee0d000

Marking Bits (Prev, Next): (CMBitMap*) 0x00007f8758045008, (CMBitMap*) 0x00007f8758045040
 Prev Bits: [0x00007f873e361000, 0x00007f873f251000)
 Next Bits: [0x00007f873d471000, 0x00007f873e361000)

Polling page: 0x00007f875f4ae000

Metaspace:

Usage:
  Non-class:     12.70 MB capacity,    12.37 MB ( 97%) used,   288.51 KB (  2%) free+waste,    53.31 KB ( <1%) overhead. 
      Class:      1.97 MB capacity,     1.75 MB ( 89%) used,   201.34 KB ( 10%) free+waste,    27.94 KB (  1%) overhead. 
       Both:     14.67 MB capacity,    14.12 MB ( 96%) used,   489.84 KB (  3%) free+waste,    81.25 KB ( <1%) overhead. 

Virtual space:
  Non-class space:       14.00 MB reserved,      13.00 MB ( 93%) committed 
      Class space:        1.00 GB reserved,       2.00 MB ( <1%) committed 
             Both:        1.01 GB reserved,      15.00 MB (  1%) committed 

Chunk freelists:
   Non-Class:  106.00 KB
       Class:  28.00 KB
        Both:  134.00 KB

MaxMetaspaceSize: unlimited
CompressedClassSpaceSize: 1.00 GB

CodeHeap 'non-profiled nmethods': size=120032Kb used=624Kb max_used=624Kb free=119408Kb
 bounds [0x00007f874798f000, 0x00007f8747bff000, 0x00007f874eec7000]
CodeHeap 'profiled nmethods': size=120032Kb used=3867Kb max_used=3867Kb free=116164Kb
 bounds [0x00007f8740457000, 0x00007f8740827000, 0x00007f874798f000]
CodeHeap 'non-nmethods': size=5696Kb used=1168Kb max_used=1181Kb free=4527Kb
 bounds [0x00007f873fec7000, 0x00007f8740137000, 0x00007f8740457000]
 total_blobs=2831 nmethods=1890 adapters=426
 compilation: enabled
              stopped_count=0, restarted_count=0
 full_count=0

Compilation events (20 events):
Event: 40.894 Thread 0x00007f87580ca000 nmethod 1882 0x00007f874081bf10 code [0x00007f874081c0e0, 0x00007f874081c368]
Event: 40.897 Thread 0x00007f87580ca000 1883  s    3       java.util.Vector::elementAt (48 bytes)
Event: 40.899 Thread 0x00007f87580ca000 nmethod 1883 0x00007f874081c410 code [0x00007f874081c6a0, 0x00007f874081d328]
Event: 40.991 Thread 0x00007f87580c8000 nmethod 1876 0x00007f8747a28710 code [0x00007f8747a28900, 0x00007f8747a29578]
Event: 40.991 Thread 0x00007f87580c8000 1877       4       java.lang.String::lastIndexOf (29 bytes)
Event: 40.996 Thread 0x00007f87580c8000 nmethod 1877 0x00007f8747a29910 code [0x00007f8747a29aa0, 0x00007f8747a29cd8]
Event: 41.121 Thread 0x00007f87580ca000 1884       1       javax.imageio.plugins.tiff.TIFFTag::getNumber (5 bytes)
Event: 41.121 Thread 0x00007f87580ca000 nmethod 1884 0x00007f8747a29e10 code [0x00007f8747a29fc0, 0x00007f8747a2a0f0]
Event: 41.121 Thread 0x00007f87580ca000 1885       1       javax.imageio.plugins.tiff.TIFFTag::getName (5 bytes)
Event: 41.121 Thread 0x00007f87580ca000 nmethod 1885 0x00007f8747a2a190 code [0x00007f8747a2a340, 0x00007f8747a2a470]
Event: 41.150 Thread 0x00007f87580c8000 1886       4       java.lang.Integer::valueOf (32 bytes)
Event: 41.152 Thread 0x00007f87580c8000 nmethod 1886 0x00007f8747a2a510 code [0x00007f8747a2a6a0, 0x00007f8747a2a778]
Event: 41.216 Thread 0x00007f87580ca000 1887       1       java.awt.image.SampleModel::getNumBands (5 bytes)
Event: 41.216 Thread 0x00007f87580ca000 nmethod 1887 0x00007f8747a2a810 code [0x00007f8747a2a9c0, 0x00007f8747a2aaf0]
Event: 41.228 Thread 0x00007f87580ca000 1888       3       java.lang.Math::max (12 bytes)
Event: 41.229 Thread 0x00007f87580ca000 nmethod 1888 0x00007f874081d710 code [0x00007f874081d8c0, 0x00007f874081da50]
Event: 41.229 Thread 0x00007f87580ca000 1889       3       java.lang.Math::min (12 bytes)
Event: 41.230 Thread 0x00007f87580ca000 nmethod 1889 0x00007f874081db10 code [0x00007f874081dcc0, 0x00007f874081de50]
Event: 41.238 Thread 0x00007f87580c8000 1890       4       jdk.internal.reflect.ClassFileAssembler::emitByte (11 bytes)
Event: 41.240 Thread 0x00007f87580c8000 nmethod 1890 0x00007f8747a2ab90 code [0x00007f8747a2ad40, 0x00007f8747a2ae88]

GC Heap History (6 events):
Event: 3.763 GC heap before
{Heap before GC invocations=0 (full 0):
 garbage-first heap   total 63488K, used 15044K [0x00000000c4400000, 0x0000000100000000)
  region size 1024K, 14 young (14336K), 0 survivors (0K)
 Metaspace       used 5150K, capacity 5982K, committed 6144K, reserved 1056768K
  class space    used 572K, capacity 651K, committed 768K, reserved 1048576K
}
Event: 3.776 GC heap after
{Heap after GC invocations=1 (full 0):
 garbage-first heap   total 63488K, used 4588K [0x00000000c4400000, 0x0000000100000000)
  region size 1024K, 2 young (2048K), 2 survivors (2048K)
 Metaspace       used 5150K, capacity 5982K, committed 6144K, reserved 1056768K
  class space    used 572K, capacity 651K, committed 768K, reserved 1048576K
}
Event: 4.279 GC heap before
{Heap before GC invocations=1 (full 0):
 garbage-first heap   total 63488K, used 9708K [0x00000000c4400000, 0x0000000100000000)
  region size 1024K, 7 young (7168K), 2 survivors (2048K)
 Metaspace       used 6631K, capacity 6883K, committed 7040K, reserved 1056768K
  class space    used 753K, capacity 804K, committed 896K, reserved 1048576K
}
Event: 4.287 GC heap after
{Heap after GC invocations=2 (full 0):
 garbage-first heap   total 63488K, used 5190K [0x00000000c4400000, 0x0000000100000000)
  region size 1024K, 1 young (1024K), 1 survivors (1024K)
 Metaspace       used 6631K, capacity 6883K, committed 7040K, reserved 1056768K
  class space    used 753K, capacity 804K, committed 896K, reserved 1048576K
}
Event: 37.635 GC heap before
{Heap before GC invocations=2 (full 0):
 garbage-first heap   total 63488K, used 24646K [0x00000000c4400000, 0x0000000100000000)
  region size 1024K, 21 young (21504K), 1 survivors (1024K)
 Metaspace       used 12864K, capacity 13437K, committed 13568K, reserved 1060864K
  class space    used 1525K, capacity 1726K, committed 1792K, reserved 1048576K
}
Event: 37.649 GC heap after
{Heap after GC invocations=3 (full 0):
 garbage-first heap   total 63488K, used 6998K [0x00000000c4400000, 0x0000000100000000)
  region size 1024K, 3 young (3072K), 3 survivors (3072K)
 Metaspace       used 12864K, capacity 13437K, committed 13568K, reserved 1060864K
  class space    used 1525K, capacity 1726K, committed 1792K, reserved 1048576K
}

Deoptimization events (20 events):
Event: 39.715 Thread 0x00007f8758016800 Uncommon trap: trap_request=0xffffffde fr.pc=0x00007f87479cb8d8 relative=0x0000000000000d38
Event: 39.715 Thread 0x00007f8758016800 Uncommon trap: reason=class_check action=maybe_recompile pc=0x00007f87479cb8d8 method=java.util.HashMap.putVal(ILjava/lang/Object;Ljava/lang/Object;ZZ)Ljava/lang/Object; @ 91 c2
Event: 39.715 Thread 0x00007f8758016800 DEOPT PACKING pc=0x00007f87479cb8d8 sp=0x00007f875f48c590
Event: 39.715 Thread 0x00007f8758016800 DEOPT UNPACKING pc=0x00007f873feef9a5 sp=0x00007f875f48c530 mode 2
Event: 39.715 Thread 0x00007f8758016800 Uncommon trap: trap_request=0xffffffde fr.pc=0x00007f87479cb8d8 relative=0x0000000000000d38
Event: 39.716 Thread 0x00007f8758016800 Uncommon trap: reason=class_check action=maybe_recompile pc=0x00007f87479cb8d8 method=java.util.HashMap.putVal(ILjava/lang/Object;Ljava/lang/Object;ZZ)Ljava/lang/Object; @ 91 c2
Event: 39.716 Thread 0x00007f8758016800 DEOPT PACKING pc=0x00007f87479cb8d8 sp=0x00007f875f48c580
Event: 39.716 Thread 0x00007f8758016800 DEOPT UNPACKING pc=0x00007f873feef9a5 sp=0x00007f875f48c520 mode 2
Event: 39.717 Thread 0x00007f8758016800 Uncommon trap: trap_request=0xffffffde fr.pc=0x00007f87479cb8d8 relative=0x0000000000000d38
Event: 39.717 Thread 0x00007f8758016800 Uncommon trap: reason=class_check action=maybe_recompile pc=0x00007f87479cb8d8 method=java.util.HashMap.putVal(ILjava/lang/Object;Ljava/lang/Object;ZZ)Ljava/lang/Object; @ 91 c2
Event: 39.717 Thread 0x00007f8758016800 DEOPT PACKING pc=0x00007f87479cb8d8 sp=0x00007f875f48c5a0
Event: 39.717 Thread 0x00007f8758016800 DEOPT UNPACKING pc=0x00007f873feef9a5 sp=0x00007f875f48c540 mode 2
Event: 39.717 Thread 0x00007f8758016800 Uncommon trap: trap_request=0xffffffde fr.pc=0x00007f87479cb8d8 relative=0x0000000000000d38
Event: 39.717 Thread 0x00007f8758016800 Uncommon trap: reason=class_check action=maybe_recompile pc=0x00007f87479cb8d8 method=java.util.HashMap.putVal(ILjava/lang/Object;Ljava/lang/Object;ZZ)Ljava/lang/Object; @ 91 c2
Event: 39.717 Thread 0x00007f8758016800 DEOPT PACKING pc=0x00007f87479cb8d8 sp=0x00007f875f48c5a0
Event: 39.717 Thread 0x00007f8758016800 DEOPT UNPACKING pc=0x00007f873feef9a5 sp=0x00007f875f48c540 mode 2
Event: 39.734 Thread 0x00007f8758016800 Uncommon trap: trap_request=0xffffff4d fr.pc=0x00007f8747a253c8 relative=0x0000000000000188
Event: 39.734 Thread 0x00007f8758016800 Uncommon trap: reason=unstable_if action=reinterpret pc=0x00007f8747a253c8 method=java.util.HashMap.getNode(ILjava/lang/Object;)Ljava/util/HashMap$Node; @ 129 c2
Event: 39.734 Thread 0x00007f8758016800 DEOPT PACKING pc=0x00007f8747a253c8 sp=0x00007f875f48c4f0
Event: 39.734 Thread 0x00007f8758016800 DEOPT UNPACKING pc=0x00007f873feef9a5 sp=0x00007f875f48c410 mode 2

Classes redefined (0 events):
No events

Internal exceptions (20 events):
Event: 34.372 Thread 0x00007f8758016800 Exception <a 'java/net/SocketTimeoutException'{0x00000000c73afef8}: Read timed out> (0x00000000c73afef8) thrown at [./src/hotspot/share/prims/jni.cpp, line 636]
Event: 34.793 Thread 0x00007f8758016800 Exception <a 'java/net/SocketTimeoutException'{0x00000000c72d0118}: Read timed out> (0x00000000c72d0118) thrown at [./src/hotspot/share/prims/jni.cpp, line 636]
Event: 34.808 Thread 0x00007f8758016800 Exception <a 'java/net/SocketTimeoutException'{0x00000000c72e6800}: Read timed out> (0x00000000c72e6800) thrown at [./src/hotspot/share/prims/jni.cpp, line 636]
Event: 34.958 Thread 0x00007f8758016800 Exception <a 'java/net/SocketTimeoutException'{0x00000000c7130548}: Read timed out> (0x00000000c7130548) thrown at [./src/hotspot/share/prims/jni.cpp, line 636]
Event: 35.194 Thread 0x00007f8758016800 Exception <a 'java/net/SocketTimeoutException'{0x00000000c7141020}: Read timed out> (0x00000000c7141020) thrown at [./src/hotspot/share/prims/jni.cpp, line 636]
Event: 35.212 Thread 0x00007f8758016800 Exception <a 'java/net/SocketTimeoutException'{0x00000000c716d2d8}: Read timed out> (0x00000000c716d2d8) thrown at [./src/hotspot/share/prims/jni.cpp, line 636]
Event: 35.240 Thread 0x00007f8758016800 Exception <a 'java/net/SocketTimeoutException'{0x00000000c717db28}: Read timed out> (0x00000000c717db28) thrown at [./src/hotspot/share/prims/jni.cpp, line 636]
Event: 35.252 Thread 0x00007f8758016800 Exception <a 'java/net/SocketTimeoutException'{0x00000000c71978b0}: Read timed out> (0x00000000c71978b0) thrown at [./src/hotspot/share/prims/jni.cpp, line 636]
Event: 35.286 Thread 0x00007f8758016800 Exception <a 'java/net/SocketTimeoutException'{0x00000000c71a8278}: Read timed out> (0x00000000c71a8278) thrown at [./src/hotspot/share/prims/jni.cpp, line 636]
Event: 36.393 Thread 0x00007f8758016800 Exception <a 'java/lang/ClassNotFoundException'{0x00000000c6f621c8}: javax/smartcardio/CardPermission> (0x00000000c6f621c8) thrown at [./src/hotspot/share/classfile/systemDictionary.cpp, line 231]
Event: 36.432 Thread 0x00007f8758016800 Exception <a 'java/io/FileNotFoundException'{0x00000000c6f70590}> (0x00000000c6f70590) thrown at [./src/hotspot/share/prims/jni.cpp, line 615]
Event: 36.914 Thread 0x00007f8758016800 Exception <a 'java/lang/ClassNotFoundException'{0x00000000c6ecfce0}: sun/awt/resources/spi/awtProvider> (0x00000000c6ecfce0) thrown at [./src/hotspot/share/classfile/systemDictionary.cpp, line 231]
Event: 37.051 Thread 0x00007f8758016800 Exception <a 'java/io/FileNotFoundException'{0x00000000c6d153a0}> (0x00000000c6d153a0) thrown at [./src/hotspot/share/prims/jni.cpp, line 615]
Event: 37.079 Thread 0x00007f8758016800 Exception <a 'java/lang/NoSuchMethodError'{0x00000000c6d6ff18}: 'java.lang.Object java.lang.invoke.DirectMethodHandle$Holder.invokeStatic(java.lang.Object, java.lang.Object, java.lang.Object, java.lang.Object, java.lang.Object, java.lang.Object, java.lang.Object, java.lang.Object, java.lang.Object, java.lang.Object, java.lang.Object, java.lang.Object, java.lang.Object, java.lang.Object, java.lang.Object)'> (0x00000000c6d6ff18) thrown at [./src/hotspot/share/interpreter/linkResolver.cpp, line 773]
Event: 37.082 Thread 0x00007f8758016800 Exception <a 'java/lang/NoSuchMethodError'{0x00000000c6d7dac8}: 'java.lang.Object java.lang.invoke.DirectMethodHandle$Holder.invokeStatic(java.lang.Object, java.lang.Object, java.lang.Object, java.lang.Object, java.lang.Object, java.lang.Object, java.lang.Object, java.lang.Object, java.lang.Object, java.lang.Object, java.lang.Object, java.lang.Object, java.lang.Object, java.lang.Object, java.lang.Object, java.lang.Object)'> (0x00000000c6d7dac8) thrown at [./src/hotspot/share/interpreter/linkResolver.cpp, l
Event: 37.084 Thread 0x00007f8758016800 Exception <a 'java/lang/NoSuchMethodError'{0x00000000c6d8b738}: 'java.lang.Object java.lang.invoke.DirectMethodHandle$Holder.invokeSpecial(java.lang.Object, java.lang.Object, int, int, java.lang.Object, java.lang.Object, java.lang.Object)'> (0x00000000c6d8b738) thrown at [./src/hotspot/share/interpreter/linkResolver.cpp, line 773]
Event: 37.085 Thread 0x00007f8758016800 Exception <a 'java/lang/NoSuchMethodError'{0x00000000c6d8ecc8}: 'java.lang.Object java.lang.invoke.DelegatingMethodHandle$Holder.reinvoke_L(java.lang.Object, int, int, java.lang.Object, java.lang.Object, java.lang.Object)'> (0x00000000c6d8ecc8) thrown at [./src/hotspot/share/interpreter/linkResolver.cpp, line 773]
Event: 37.095 Thread 0x00007f8758016800 Exception <a 'java/lang/NoSuchMethodError'{0x00000000c6d92ca0}: 'java.lang.Object java.lang.invoke.DirectMethodHandle$Holder.invokeStatic(java.lang.Object, java.lang.Object, java.lang.Object, java.lang.Object, int)'> (0x00000000c6d92ca0) thrown at [./src/hotspot/share/interpreter/linkResolver.cpp, line 773]
Event: 37.904 Thread 0x00007f8758016800 Exception <a 'java/lang/UnsatisfiedLinkError'{0x00000000c7fc9550}: libtesseract.so: cannot open shared object file: No such file or directory> (0x00000000c7fc9550) thrown at [./src/hotspot/share/prims/jni.cpp, line 636]
Event: 37.905 Thread 0x00007f8758016800 Exception <a 'java/lang/UnsatisfiedLinkError'{0x00000000c7fca060}: libtesseract.so: cannot open shared object file: No such file or directory> (0x00000000c7fca060) thrown at [./src/hotspot/share/prims/jni.cpp, line 636]

Events (20 events):
Event: 41.148 loading class com/sun/imageio/plugins/tiff/TIFFIFD
Event: 41.149 loading class javax/imageio/plugins/tiff/TIFFDirectory
Event: 41.149 loading class javax/imageio/plugins/tiff/TIFFDirectory done
Event: 41.149 loading class com/sun/imageio/plugins/tiff/TIFFIFD done
Event: 41.149 loading class javax/imageio/plugins/tiff/TIFFField
Event: 41.150 loading class javax/imageio/plugins/tiff/TIFFField done
Event: 41.150 loading class com/sun/imageio/plugins/tiff/TIFFIFD$TIFFIFDEntry
Event: 41.150 loading class com/sun/imageio/plugins/tiff/TIFFIFD$TIFFIFDEntry done
Event: 41.151 loading class com/sun/imageio/plugins/tiff/TIFFDecompressor
Event: 41.180 loading class com/sun/imageio/plugins/tiff/TIFFDecompressor done
Event: 41.181 loading class com/sun/imageio/plugins/common/ImageUtil
Event: 41.216 loading class com/sun/imageio/plugins/common/ImageUtil done
Event: 41.216 loading class com/sun/imageio/plugins/tiff/TIFFNullDecompressor
Event: 41.225 loading class com/sun/imageio/plugins/tiff/TIFFNullDecompressor done
Event: 41.225 loading class com/sun/imageio/plugins/tiff/TIFFImageWriter
Event: 41.228 loading class com/sun/imageio/plugins/tiff/TIFFImageWriter done
Event: 41.230 loading class java/lang/StrictMath
Event: 41.236 loading class java/lang/StrictMath done
Event: 41.237 loading class com/sun/jna/Native$Buffers
Event: 41.237 loading class com/sun/jna/Native$Buffers done


Dynamic libraries:
c4400000-c8000000 rw-p 00000000 00:00 0 
c8000000-ffe00000 ---p 00000000 00:00 0 
ffe00000-ffe47000 rw-p 0110b000 08:01 12456481                           /usr/lib/jvm/java-11-openjdk-amd64/lib/server/classes.jsa
ffe47000-fff00000 rw-p 00000000 00:00 0 
fff00000-fff6a000 rw-p 010a1000 08:01 12456481                           /usr/lib/jvm/java-11-openjdk-amd64/lib/server/classes.jsa
fff6a000-100000000 rw-p 00000000 00:00 0 
800000000-800002000 rwxp 00001000 08:01 12456481                         /usr/lib/jvm/java-11-openjdk-amd64/lib/server/classes.jsa
800002000-8003b8000 rw-p 00003000 08:01 12456481                         /usr/lib/jvm/java-11-openjdk-amd64/lib/server/classes.jsa
8003b8000-800a93000 r--p 003b9000 08:01 12456481                         /usr/lib/jvm/java-11-openjdk-amd64/lib/server/classes.jsa
800a93000-800a94000 rw-p 00a94000 08:01 12456481                         /usr/lib/jvm/java-11-openjdk-amd64/lib/server/classes.jsa
800a94000-8010a0000 r--p 00a95000 08:01 12456481                         /usr/lib/jvm/java-11-openjdk-amd64/lib/server/classes.jsa
840000000-840200000 rw-p 00000000 00:00 0 
840200000-880000000 ---p 00000000 00:00 0 
55b65138d000-55b65138e000 r-xp 00000000 08:01 12455190                   /usr/lib/jvm/java-11-openjdk-amd64/bin/java
55b65158e000-55b65158f000 r--p 00001000 08:01 12455190                   /usr/lib/jvm/java-11-openjdk-amd64/bin/java
55b65158f000-55b651590000 rw-p 00002000 08:01 12455190                   /usr/lib/jvm/java-11-openjdk-amd64/bin/java
55b652008000-55b652029000 rw-p 00000000 00:00 0                          [heap]
7f86d3bf2000-7f86d3cf2000 rw-p 00000000 00:00 0 
7f86d3cf2000-7f86d3df2000 ---p 00000000 00:00 0 
7f86d3df2000-7f86d3dfd000 r-xp 00000000 08:01 6562053                    /usr/lib/x86_64-linux-gnu/libjbig.so.0
7f86d3dfd000-7f86d3ffc000 ---p 0000b000 08:01 6562053                    /usr/lib/x86_64-linux-gnu/libjbig.so.0
7f86d3ffc000-7f86d3ffd000 r--p 0000a000 08:01 6562053                    /usr/lib/x86_64-linux-gnu/libjbig.so.0
7f86d3ffd000-7f86d4000000 rw-p 0000b000 08:01 6562053                    /usr/lib/x86_64-linux-gnu/libjbig.so.0
7f86d4000000-7f86d4021000 rw-p 00000000 00:00 0 
7f86d4021000-7f86d8000000 ---p 00000000 00:00 0 
7f86d8000000-7f86d8021000 rw-p 00000000 00:00 0 
7f86d8021000-7f86dc000000 ---p 00000000 00:00 0 
7f86dc000000-7f86dc021000 rw-p 00000000 00:00 0 
7f86dc021000-7f86e0000000 ---p 00000000 00:00 0 
7f86e0000000-7f86e0021000 rw-p 00000000 00:00 0 
7f86e0021000-7f86e4000000 ---p 00000000 00:00 0 
7f86e41bc000-7f86e41e0000 r-xp 00000000 08:01 9966594                    /lib/x86_64-linux-gnu/liblzma.so.5.2.2
7f86e41e0000-7f86e43e0000 ---p 00024000 08:01 9966594                    /lib/x86_64-linux-gnu/liblzma.so.5.2.2
7f86e43e0000-7f86e43e1000 r--p 00024000 08:01 9966594                    /lib/x86_64-linux-gnu/liblzma.so.5.2.2
7f86e43e1000-7f86e43e2000 rw-p 00025000 08:01 9966594                    /lib/x86_64-linux-gnu/liblzma.so.5.2.2
7f86e43e2000-7f86e4436000 r-xp 00000000 08:01 6555779                    /usr/lib/x86_64-linux-gnu/libopenjp2.so.2.3.0
7f86e4436000-7f86e4636000 ---p 00054000 08:01 6555779                    /usr/lib/x86_64-linux-gnu/libopenjp2.so.2.3.0
7f86e4636000-7f86e4637000 r--p 00054000 08:01 6555779                    /usr/lib/x86_64-linux-gnu/libopenjp2.so.2.3.0
7f86e4637000-7f86e4638000 rw-p 00055000 08:01 6555779                    /usr/lib/x86_64-linux-gnu/libopenjp2.so.2.3.0
7f86e4638000-7f86e469e000 r-xp 00000000 08:01 6562528                    /usr/lib/x86_64-linux-gnu/libwebp.so.6.0.2
7f86e469e000-7f86e489d000 ---p 00066000 08:01 6562528                    /usr/lib/x86_64-linux-gnu/libwebp.so.6.0.2
7f86e489d000-7f86e489e000 r--p 00065000 08:01 6562528                    /usr/lib/x86_64-linux-gnu/libwebp.so.6.0.2
7f86e489e000-7f86e489f000 rw-p 00066000 08:01 6562528                    /usr/lib/x86_64-linux-gnu/libwebp.so.6.0.2
7f86e489f000-7f86e48a1000 rw-p 00000000 00:00 0 
7f86e48a1000-7f86e4914000 r-xp 00000000 08:01 6554686                    /usr/lib/x86_64-linux-gnu/libtiff.so.5.3.0
7f86e4914000-7f86e4b13000 ---p 00073000 08:01 6554686                    /usr/lib/x86_64-linux-gnu/libtiff.so.5.3.0
7f86e4b13000-7f86e4b17000 r--p 00072000 08:01 6554686                    /usr/lib/x86_64-linux-gnu/libtiff.so.5.3.0
7f86e4b17000-7f86e4b18000 rw-p 00076000 08:01 6554686                    /usr/lib/x86_64-linux-gnu/libtiff.so.5.3.0
7f86e4b18000-7f86e4b20000 r-xp 00000000 08:01 6562893                    /usr/lib/x86_64-linux-gnu/libgif.so.7.0.0
7f86e4b20000-7f86e4d1f000 ---p 00008000 08:01 6562893                    /usr/lib/x86_64-linux-gnu/libgif.so.7.0.0
7f86e4d1f000-7f86e4d20000 r--p 00007000 08:01 6562893                    /usr/lib/x86_64-linux-gnu/libgif.so.7.0.0
7f86e4d20000-7f86e4d21000 rw-p 00008000 08:01 6562893                    /usr/lib/x86_64-linux-gnu/libgif.so.7.0.0
7f86e4d21000-7f86e4d88000 r-xp 00000000 08:01 6554613                    /usr/lib/x86_64-linux-gnu/libjpeg.so.8.1.2
7f86e4d88000-7f86e4f87000 ---p 00067000 08:01 6554613                    /usr/lib/x86_64-linux-gnu/libjpeg.so.8.1.2
7f86e4f87000-7f86e4f88000 r--p 00066000 08:01 6554613                    /usr/lib/x86_64-linux-gnu/libjpeg.so.8.1.2
7f86e4f88000-7f86e4f89000 rw-p 00067000 08:01 6554613                    /usr/lib/x86_64-linux-gnu/libjpeg.so.8.1.2
7f86e4f89000-7f86e4fba000 r-xp 00000000 08:01 6562256                    /usr/lib/x86_64-linux-gnu/libpng16.so.16.34.0
7f86e4fba000-7f86e51b9000 ---p 00031000 08:01 6562256                    /usr/lib/x86_64-linux-gnu/libpng16.so.16.34.0
7f86e51b9000-7f86e51ba000 r--p 00030000 08:01 6562256                    /usr/lib/x86_64-linux-gnu/libpng16.so.16.34.0
7f86e51ba000-7f86e51bb000 rw-p 00031000 08:01 6562256                    /usr/lib/x86_64-linux-gnu/libpng16.so.16.34.0
7f86e51bb000-7f86e51e9000 r-xp 00000000 08:01 6555237                    /usr/lib/x86_64-linux-gnu/libgomp.so.1.0.0
7f86e51e9000-7f86e53e8000 ---p 0002e000 08:01 6555237                    /usr/lib/x86_64-linux-gnu/libgomp.so.1.0.0
7f86e53e8000-7f86e53e9000 r--p 0002d000 08:01 6555237                    /usr/lib/x86_64-linux-gnu/libgomp.so.1.0.0
7f86e53e9000-7f86e53ea000 rw-p 0002e000 08:01 6555237                    /usr/lib/x86_64-linux-gnu/libgomp.so.1.0.0
7f86e53ea000-7f86e5646000 r-xp 00000000 08:01 6556067                    /usr/lib/x86_64-linux-gnu/liblept.so.5.0.2
7f86e5646000-7f86e5845000 ---p 0025c000 08:01 6556067                    /usr/lib/x86_64-linux-gnu/liblept.so.5.0.2
7f86e5845000-7f86e5846000 r--p 0025b000 08:01 6556067                    /usr/lib/x86_64-linux-gnu/liblept.so.5.0.2
7f86e5846000-7f86e584c000 rw-p 0025c000 08:01 6556067                    /usr/lib/x86_64-linux-gnu/liblept.so.5.0.2
7f86e584c000-7f86e5b59000 r-xp 00000000 08:01 6556069                    /usr/lib/x86_64-linux-gnu/libtesseract.so.4.0.0
7f86e5b59000-7f86e5d58000 ---p 0030d000 08:01 6556069                    /usr/lib/x86_64-linux-gnu/libtesseract.so.4.0.0
7f86e5d58000-7f86e5d5d000 r--p 0030c000 08:01 6556069                    /usr/lib/x86_64-linux-gnu/libtesseract.so.4.0.0
7f86e5d5d000-7f86e5d5e000 rw-p 00311000 08:01 6556069                    /usr/lib/x86_64-linux-gnu/libtesseract.so.4.0.0
7f86e5d5e000-7f86e6002000 rw-p 00000000 00:00 0 
7f86e6002000-7f86e6019000 r-xp 00000000 08:01 19017247                   /tmp/jna-104583599/jna1538238076948794973.tmp (deleted)
7f86e6019000-7f86e6118000 ---p 00017000 08:01 19017247                   /tmp/jna-104583599/jna1538238076948794973.tmp (deleted)
7f86e6118000-7f86e611a000 rw-p 00016000 08:01 19017247                   /tmp/jna-104583599/jna1538238076948794973.tmp (deleted)
7f86e611a000-7f86e611e000 ---p 00000000 00:00 0 
7f86e611e000-7f86e621b000 rw-p 00000000 00:00 0 
7f86e621b000-7f86e622e000 r-xp 00000000 08:01 9961655                    /lib/x86_64-linux-gnu/libbsd.so.0.8.7
7f86e622e000-7f86e642d000 ---p 00013000 08:01 9961655                    /lib/x86_64-linux-gnu/libbsd.so.0.8.7
7f86e642d000-7f86e642e000 r--p 00012000 08:01 9961655                    /lib/x86_64-linux-gnu/libbsd.so.0.8.7
7f86e642e000-7f86e642f000 rw-p 00013000 08:01 9961655                    /lib/x86_64-linux-gnu/libbsd.so.0.8.7
7f86e642f000-7f86e6430000 rw-p 00000000 00:00 0 
7f86e6430000-7f86e6435000 r-xp 00000000 08:01 6561397                    /usr/lib/x86_64-linux-gnu/libXdmcp.so.6.0.0
7f86e6435000-7f86e6634000 ---p 00005000 08:01 6561397                    /usr/lib/x86_64-linux-gnu/libXdmcp.so.6.0.0
7f86e6634000-7f86e6635000 r--p 00004000 08:01 6561397                    /usr/lib/x86_64-linux-gnu/libXdmcp.so.6.0.0
7f86e6635000-7f86e6636000 rw-p 00005000 08:01 6561397                    /usr/lib/x86_64-linux-gnu/libXdmcp.so.6.0.0
7f86e6636000-7f86e6638000 r-xp 00000000 08:01 6561386                    /usr/lib/x86_64-linux-gnu/libXau.so.6.0.0
7f86e6638000-7f86e6838000 ---p 00002000 08:01 6561386                    /usr/lib/x86_64-linux-gnu/libXau.so.6.0.0
7f86e6838000-7f86e6839000 r--p 00002000 08:01 6561386                    /usr/lib/x86_64-linux-gnu/libXau.so.6.0.0
7f86e6839000-7f86e683a000 rw-p 00003000 08:01 6561386                    /usr/lib/x86_64-linux-gnu/libXau.so.6.0.0
7f86e683a000-7f86e6860000 r-xp 00000000 08:01 6562599                    /usr/lib/x86_64-linux-gnu/libxcb.so.1.1.0
7f86e6860000-7f86e6a60000 ---p 00026000 08:01 6562599                    /usr/lib/x86_64-linux-gnu/libxcb.so.1.1.0
7f86e6a60000-7f86e6a61000 r--p 00026000 08:01 6562599                    /usr/lib/x86_64-linux-gnu/libxcb.so.1.1.0
7f86e6a61000-7f86e6a62000 rw-p 00027000 08:01 6562599                    /usr/lib/x86_64-linux-gnu/libxcb.so.1.1.0
7f86e6a62000-7f86e6a71000 r-xp 00000000 08:01 6561407                    /usr/lib/x86_64-linux-gnu/libXi.so.6.1.0
7f86e6a71000-7f86e6c70000 ---p 0000f000 08:01 6561407                    /usr/lib/x86_64-linux-gnu/libXi.so.6.1.0
7f86e6c70000-7f86e6c71000 r--p 0000e000 08:01 6561407                    /usr/lib/x86_64-linux-gnu/libXi.so.6.1.0
7f86e6c71000-7f86e6c72000 rw-p 0000f000 08:01 6561407                    /usr/lib/x86_64-linux-gnu/libXi.so.6.1.0
7f86e6c72000-7f86e6c77000 r-xp 00000000 08:01 6561425                    /usr/lib/x86_64-linux-gnu/libXtst.so.6.1.0
7f86e6c77000-7f86e6e76000 ---p 00005000 08:01 6561425                    /usr/lib/x86_64-linux-gnu/libXtst.so.6.1.0
7f86e6e76000-7f86e6e77000 r--p 00004000 08:01 6561425                    /usr/lib/x86_64-linux-gnu/libXtst.so.6.1.0
7f86e6e77000-7f86e6e78000 rw-p 00005000 08:01 6561425                    /usr/lib/x86_64-linux-gnu/libXtst.so.6.1.0
7f86e6e78000-7f86e6e81000 r-xp 00000000 08:01 6561419                    /usr/lib/x86_64-linux-gnu/libXrender.so.1.3.0
7f86e6e81000-7f86e7080000 ---p 00009000 08:01 6561419                    /usr/lib/x86_64-linux-gnu/libXrender.so.1.3.0
7f86e7080000-7f86e7081000 r--p 00008000 08:01 6561419                    /usr/lib/x86_64-linux-gnu/libXrender.so.1.3.0
7f86e7081000-7f86e7082000 rw-p 00009000 08:01 6561419                    /usr/lib/x86_64-linux-gnu/libXrender.so.1.3.0
7f86e7082000-7f86e71b5000 r-xp 00000000 08:01 6561382                    /usr/lib/x86_64-linux-gnu/libX11.so.6.3.0
7f86e71b5000-7f86e73b5000 ---p 00133000 08:01 6561382                    /usr/lib/x86_64-linux-gnu/libX11.so.6.3.0
7f86e73b5000-7f86e73b6000 r--p 00133000 08:01 6561382                    /usr/lib/x86_64-linux-gnu/libX11.so.6.3.0
7f86e73b6000-7f86e73ba000 rw-p 00134000 08:01 6561382                    /usr/lib/x86_64-linux-gnu/libX11.so.6.3.0
7f86e73ba000-7f86e73cb000 r-xp 00000000 08:01 6561399                    /usr/lib/x86_64-linux-gnu/libXext.so.6.4.0
7f86e73cb000-7f86e75ca000 ---p 00011000 08:01 6561399                    /usr/lib/x86_64-linux-gnu/libXext.so.6.4.0
7f86e75ca000-7f86e75cb000 r--p 00010000 08:01 6561399                    /usr/lib/x86_64-linux-gnu/libXext.so.6.4.0
7f86e75cb000-7f86e75cc000 rw-p 00011000 08:01 6561399                    /usr/lib/x86_64-linux-gnu/libXext.so.6.4.0
7f86e75cc000-7f86e762b000 r-xp 00000000 08:01 12455373                   /usr/lib/jvm/java-11-openjdk-amd64/lib/libawt_xawt.so
7f86e762b000-7f86e782a000 ---p 0005f000 08:01 12455373                   /usr/lib/jvm/java-11-openjdk-amd64/lib/libawt_xawt.so
7f86e782a000-7f86e782b000 r--p 0005e000 08:01 12455373                   /usr/lib/jvm/java-11-openjdk-amd64/lib/libawt_xawt.so
7f86e782b000-7f86e782e000 rw-p 0005f000 08:01 12455373                   /usr/lib/jvm/java-11-openjdk-amd64/lib/libawt_xawt.so
7f86e782e000-7f86e7830000 rw-p 00000000 00:00 0 
7f86e7830000-7f86e78ce000 r-xp 00000000 08:01 12455371                   /usr/lib/jvm/java-11-openjdk-amd64/lib/libawt.so
7f86e78ce000-7f86e7ace000 ---p 0009e000 08:01 12455371                   /usr/lib/jvm/java-11-openjdk-amd64/lib/libawt.so
7f86e7ace000-7f86e7acf000 r--p 0009e000 08:01 12455371                   /usr/lib/jvm/java-11-openjdk-amd64/lib/libawt.so
7f86e7acf000-7f86e7ada000 rw-p 0009f000 08:01 12455371                   /usr/lib/jvm/java-11-openjdk-amd64/lib/libawt.so
7f86e7ada000-7f86e7cff000 rw-p 00000000 00:00 0 
7f86e7cff000-7f86e7d03000 ---p 00000000 00:00 0 
7f86e7d03000-7f86e8000000 rw-p 00000000 00:00 0 
7f86e8000000-7f86e8021000 rw-p 00000000 00:00 0 
7f86e8021000-7f86ec000000 ---p 00000000 00:00 0 
7f86ec000000-7f86ec021000 rw-p 00000000 00:00 0 
7f86ec021000-7f86f0000000 ---p 00000000 00:00 0 
7f86f0000000-7f86f0021000 rw-p 00000000 00:00 0 
7f86f0021000-7f86f4000000 ---p 00000000 00:00 0 
7f86f4000000-7f86f4021000 rw-p 00000000 00:00 0 
7f86f4021000-7f86f8000000 ---p 00000000 00:00 0 
7f86f8000000-7f86f8021000 rw-p 00000000 00:00 0 
7f86f8021000-7f86fc000000 ---p 00000000 00:00 0 
7f86fc000000-7f86fc021000 rw-p 00000000 00:00 0 
7f86fc021000-7f8700000000 ---p 00000000 00:00 0 
7f8700000000-7f8700021000 rw-p 00000000 00:00 0 
7f8700021000-7f8704000000 ---p 00000000 00:00 0 
7f8704000000-7f8704021000 rw-p 00000000 00:00 0 
7f8704021000-7f8708000000 ---p 00000000 00:00 0 
7f8708000000-7f8708569000 rw-p 00000000 00:00 0 
7f8708569000-7f870c000000 ---p 00000000 00:00 0 
7f870c000000-7f870c021000 rw-p 00000000 00:00 0 
7f870c021000-7f8710000000 ---p 00000000 00:00 0 
7f8710000000-7f8710021000 rw-p 00000000 00:00 0 
7f8710021000-7f8714000000 ---p 00000000 00:00 0 
7f8714000000-7f871444f000 rw-p 00000000 00:00 0 
7f871444f000-7f8718000000 ---p 00000000 00:00 0 
7f8718000000-7f8718021000 rw-p 00000000 00:00 0 
7f8718021000-7f871c000000 ---p 00000000 00:00 0 
7f871c000000-7f871c021000 rw-p 00000000 00:00 0 
7f871c021000-7f8720000000 ---p 00000000 00:00 0 
7f8720000000-7f8720021000 rw-p 00000000 00:00 0 
7f8720021000-7f8724000000 ---p 00000000 00:00 0 
7f8724000000-7f8724021000 rw-p 00000000 00:00 0 
7f8724021000-7f8728000000 ---p 00000000 00:00 0 
7f8728000000-7f8728021000 rw-p 00000000 00:00 0 
7f8728021000-7f872c000000 ---p 00000000 00:00 0 
7f872c0c8000-7f872c0cc000 ---p 00000000 00:00 0 
7f872c0cc000-7f872c1c9000 rw-p 00000000 00:00 0 
7f872c1c9000-7f872c1cd000 ---p 00000000 00:00 0 
7f872c1cd000-7f872c2ca000 rw-p 00000000 00:00 0 
7f872c2ca000-7f872c2ce000 ---p 00000000 00:00 0 
7f872c2ce000-7f872c3cb000 rw-p 00000000 00:00 0 
7f872c3cb000-7f872c3cf000 ---p 00000000 00:00 0 
7f872c3cf000-7f872c4cc000 rw-p 00000000 00:00 0 
7f872c4cc000-7f872c4d0000 ---p 00000000 00:00 0 
7f872c4d0000-7f872c5cd000 rw-p 00000000 00:00 0 
7f872c5cd000-7f872c5ce000 ---p 00000000 00:00 0 
7f872c5ce000-7f872c6cf000 rw-p 00000000 00:00 0 
7f872c6cf000-7f872c6f9000 r-xp 00000000 08:01 12455404                   /usr/lib/jvm/java-11-openjdk-amd64/lib/libsunec.so
7f872c6f9000-7f872c8f8000 ---p 0002a000 08:01 12455404                   /usr/lib/jvm/java-11-openjdk-amd64/lib/libsunec.so
7f872c8f8000-7f872c8fc000 r--p 00029000 08:01 12455404                   /usr/lib/jvm/java-11-openjdk-amd64/lib/libsunec.so
7f872c8fc000-7f872c8fe000 rw-p 0002d000 08:01 12455404                   /usr/lib/jvm/java-11-openjdk-amd64/lib/libsunec.so
7f872c8fe000-7f872c900000 r-xp 00000000 08:01 12455375                   /usr/lib/jvm/java-11-openjdk-amd64/lib/libextnet.so
7f872c900000-7f872caff000 ---p 00002000 08:01 12455375                   /usr/lib/jvm/java-11-openjdk-amd64/lib/libextnet.so
7f872caff000-7f872cb00000 r--p 00001000 08:01 12455375                   /usr/lib/jvm/java-11-openjdk-amd64/lib/libextnet.so
7f872cb00000-7f872cb01000 rw-p 00002000 08:01 12455375                   /usr/lib/jvm/java-11-openjdk-amd64/lib/libextnet.so
7f872cb01000-7f872cb17000 r-xp 00000000 08:01 12455398                   /usr/lib/jvm/java-11-openjdk-amd64/lib/libnet.so
7f872cb17000-7f872cd16000 ---p 00016000 08:01 12455398                   /usr/lib/jvm/java-11-openjdk-amd64/lib/libnet.so
7f872cd16000-7f872cd17000 r--p 00015000 08:01 12455398                   /usr/lib/jvm/java-11-openjdk-amd64/lib/libnet.so
7f872cd17000-7f872cd18000 rw-p 00016000 08:01 12455398                   /usr/lib/jvm/java-11-openjdk-amd64/lib/libnet.so
7f872cd18000-7f872cd28000 r-xp 00000000 08:01 12455399                   /usr/lib/jvm/java-11-openjdk-amd64/lib/libnio.so
7f872cd28000-7f872cf27000 ---p 00010000 08:01 12455399                   /usr/lib/jvm/java-11-openjdk-amd64/lib/libnio.so
7f872cf27000-7f872cf28000 r--p 0000f000 08:01 12455399                   /usr/lib/jvm/java-11-openjdk-amd64/lib/libnio.so
7f872cf28000-7f872cf29000 rw-p 00010000 08:01 12455399                   /usr/lib/jvm/java-11-openjdk-amd64/lib/libnio.so
7f872cf29000-7f872cf2d000 ---p 00000000 00:00 0 
7f872cf2d000-7f872d02a000 rw-p 00000000 00:00 0 
7f872d02a000-7f872d02b000 ---p 00000000 00:00 0 
7f872d02b000-7f872d12c000 rw-p 00000000 00:00 0 
7f872d12c000-7f872d130000 ---p 00000000 00:00 0 
7f872d130000-7f872d22d000 rw-p 00000000 00:00 0 
7f872d22d000-7f872d231000 ---p 00000000 00:00 0 
7f872d231000-7f872d32e000 rw-p 00000000 00:00 0 
7f872d32e000-7f872d332000 ---p 00000000 00:00 0 
7f872d332000-7f872d42f000 rw-p 00000000 00:00 0 
7f872d42f000-7f872d433000 ---p 00000000 00:00 0 
7f872d433000-7f872d530000 rw-p 00000000 00:00 0 
7f872d530000-7f872d534000 ---p 00000000 00:00 0 
7f872d534000-7f872d631000 rw-p 00000000 00:00 0 
7f872d631000-7f872e000000 r--p 00000000 08:01 6560357                    /usr/lib/locale/locale-archive
7f872e000000-7f8730000000 rw-p 00000000 00:00 0 
7f8730000000-7f8730021000 rw-p 00000000 00:00 0 
7f8730021000-7f8734000000 ---p 00000000 00:00 0 
7f8734000000-7f8734021000 rw-p 00000000 00:00 0 
7f8734021000-7f8738000000 ---p 00000000 00:00 0 
7f8738000000-7f8738021000 rw-p 00000000 00:00 0 
7f8738021000-7f873c000000 ---p 00000000 00:00 0 
7f873c0e0000-7f873c0e4000 ---p 00000000 00:00 0 
7f873c0e4000-7f873c1e1000 rw-p 00000000 00:00 0 
7f873c1e1000-7f873c1e5000 ---p 00000000 00:00 0 
7f873c1e5000-7f873c2e2000 rw-p 00000000 00:00 0 
7f873c2e2000-7f873c2e3000 ---p 00000000 00:00 0 
7f873c2e3000-7f873cc65000 rw-p 00000000 00:00 0 
7f873cc65000-7f873cc66000 ---p 00000000 00:00 0 
7f873cc66000-7f873cd67000 rw-p 00000000 00:00 0 
7f873cd67000-7f873cd68000 ---p 00000000 00:00 0 
7f873cd68000-7f873d26d000 rw-p 00000000 00:00 0 
7f873d26d000-7f873d26e000 ---p 00000000 00:00 0 
7f873d26e000-7f873d36f000 rw-p 00000000 00:00 0 
7f873d36f000-7f873d370000 ---p 00000000 00:00 0 
7f873d370000-7f873d561000 rw-p 00000000 00:00 0 
7f873d561000-7f873e359000 ---p 00000000 00:00 0 
7f873e359000-7f873e451000 rw-p 00000000 00:00 0 
7f873e451000-7f873f249000 ---p 00000000 00:00 0 
7f873f249000-7f873f26f000 rw-p 00000000 00:00 0 
7f873f26f000-7f873f42e000 ---p 00000000 00:00 0 
7f873f42e000-7f873f44d000 rw-p 00000000 00:00 0 
7f873f44d000-7f873f60c000 ---p 00000000 00:00 0 
7f873f60c000-7f873f62b000 rw-p 00000000 00:00 0 
7f873f62b000-7f873f7ea000 ---p 00000000 00:00 0 
7f873f7ea000-7f873fbef000 rw-p 00000000 00:00 0 
7f873fbef000-7f873fbf0000 ---p 00000000 00:00 0 
7f873fbf0000-7f873fcf6000 rw-p 00000000 00:00 0 
7f873fcf6000-7f873fddc000 ---p 00000000 00:00 0 
7f873fddc000-7f873fde4000 rw-p 00000000 00:00 0 
7f873fde4000-7f873fec7000 ---p 00000000 00:00 0 
7f873fec7000-7f8740137000 rwxp 00000000 00:00 0 
7f8740137000-7f8740457000 ---p 00000000 00:00 0 
7f8740457000-7f8740827000 rwxp 00000000 00:00 0 
7f8740827000-7f874798f000 ---p 00000000 00:00 0 
7f874798f000-7f8747bff000 rwxp 00000000 00:00 0 
7f8747bff000-7f874eec7000 ---p 00000000 00:00 0 
7f874eec7000-7f87575ba000 r--s 00000000 08:01 12455408                   /usr/lib/jvm/java-11-openjdk-amd64/lib/modules
7f87575ba000-7f87575bf000 r-xp 00000000 08:01 12455386                   /usr/lib/jvm/java-11-openjdk-amd64/lib/libjimage.so
7f87575bf000-7f87577be000 ---p 00005000 08:01 12455386                   /usr/lib/jvm/java-11-openjdk-amd64/lib/libjimage.so
7f87577be000-7f87577bf000 r--p 00004000 08:01 12455386                   /usr/lib/jvm/java-11-openjdk-amd64/lib/libjimage.so
7f87577bf000-7f87577c0000 rw-p 00005000 08:01 12455386                   /usr/lib/jvm/java-11-openjdk-amd64/lib/libjimage.so
7f87577c0000-7f87577c7000 r-xp 00000000 08:01 12455407                   /usr/lib/jvm/java-11-openjdk-amd64/lib/libzip.so
7f87577c7000-7f87579c6000 ---p 00007000 08:01 12455407                   /usr/lib/jvm/java-11-openjdk-amd64/lib/libzip.so
7f87579c6000-7f87579c7000 r--p 00006000 08:01 12455407                   /usr/lib/jvm/java-11-openjdk-amd64/lib/libzip.so
7f87579c7000-7f87579c8000 rw-p 00007000 08:01 12455407                   /usr/lib/jvm/java-11-openjdk-amd64/lib/libzip.so
7f87579c8000-7f87579d3000 r-xp 00000000 08:01 9966624                    /lib/x86_64-linux-gnu/libnss_files-2.27.so
7f87579d3000-7f8757bd2000 ---p 0000b000 08:01 9966624                    /lib/x86_64-linux-gnu/libnss_files-2.27.so
7f8757bd2000-7f8757bd3000 r--p 0000a000 08:01 9966624                    /lib/x86_64-linux-gnu/libnss_files-2.27.so
7f8757bd3000-7f8757bd4000 rw-p 0000b000 08:01 9966624                    /lib/x86_64-linux-gnu/libnss_files-2.27.so
7f8757bd4000-7f8757bda000 rw-p 00000000 00:00 0 
7f8757bda000-7f8757bf1000 r-xp 00000000 08:01 9966618                    /lib/x86_64-linux-gnu/libnsl-2.27.so
7f8757bf1000-7f8757df0000 ---p 00017000 08:01 9966618                    /lib/x86_64-linux-gnu/libnsl-2.27.so
7f8757df0000-7f8757df1000 r--p 00016000 08:01 9966618                    /lib/x86_64-linux-gnu/libnsl-2.27.so
7f8757df1000-7f8757df2000 rw-p 00017000 08:01 9966618                    /lib/x86_64-linux-gnu/libnsl-2.27.so
7f8757df2000-7f8757df4000 rw-p 00000000 00:00 0 
7f8757df4000-7f8757dff000 r-xp 00000000 08:01 9966635                    /lib/x86_64-linux-gnu/libnss_nis-2.27.so
7f8757dff000-7f8757ffe000 ---p 0000b000 08:01 9966635                    /lib/x86_64-linux-gnu/libnss_nis-2.27.so
7f8757ffe000-7f8757fff000 r--p 0000a000 08:01 9966635                    /lib/x86_64-linux-gnu/libnss_nis-2.27.so
7f8757fff000-7f8758000000 rw-p 0000b000 08:01 9966635                    /lib/x86_64-linux-gnu/libnss_nis-2.27.so
7f8758000000-7f8758871000 rw-p 00000000 00:00 0 
7f8758871000-7f875c000000 ---p 00000000 00:00 0 
7f875c018000-7f875c01c000 ---p 00000000 00:00 0 
7f875c01c000-7f875c095000 rw-p 00000000 00:00 0 
7f875c095000-7f875c09d000 r-xp 00000000 08:01 9966620                    /lib/x86_64-linux-gnu/libnss_compat-2.27.so
7f875c09d000-7f875c29d000 ---p 00008000 08:01 9966620                    /lib/x86_64-linux-gnu/libnss_compat-2.27.so
7f875c29d000-7f875c29e000 r--p 00008000 08:01 9966620                    /lib/x86_64-linux-gnu/libnss_compat-2.27.so
7f875c29e000-7f875c29f000 rw-p 00009000 08:01 9966620                    /lib/x86_64-linux-gnu/libnss_compat-2.27.so
7f875c29f000-7f875c2c8000 r-xp 00000000 08:01 12455382                   /usr/lib/jvm/java-11-openjdk-amd64/lib/libjava.so
7f875c2c8000-7f875c4c7000 ---p 00029000 08:01 12455382                   /usr/lib/jvm/java-11-openjdk-amd64/lib/libjava.so
7f875c4c7000-7f875c4c8000 r--p 00028000 08:01 12455382                   /usr/lib/jvm/java-11-openjdk-amd64/lib/libjava.so
7f875c4c8000-7f875c4ca000 rw-p 00029000 08:01 12455382                   /usr/lib/jvm/java-11-openjdk-amd64/lib/libjava.so
7f875c4ca000-7f875c4d7000 r-xp 00000000 08:01 12455406                   /usr/lib/jvm/java-11-openjdk-amd64/lib/libverify.so
7f875c4d7000-7f875c6d6000 ---p 0000d000 08:01 12455406                   /usr/lib/jvm/java-11-openjdk-amd64/lib/libverify.so
7f875c6d6000-7f875c6d8000 r--p 0000c000 08:01 12455406                   /usr/lib/jvm/java-11-openjdk-amd64/lib/libverify.so
7f875c6d8000-7f875c6d9000 rw-p 0000e000 08:01 12455406                   /usr/lib/jvm/java-11-openjdk-amd64/lib/libverify.so
7f875c6d9000-7f875c6e0000 r-xp 00000000 08:01 9966675                    /lib/x86_64-linux-gnu/librt-2.27.so
7f875c6e0000-7f875c8df000 ---p 00007000 08:01 9966675                    /lib/x86_64-linux-gnu/librt-2.27.so
7f875c8df000-7f875c8e0000 r--p 00006000 08:01 9966675                    /lib/x86_64-linux-gnu/librt-2.27.so
7f875c8e0000-7f875c8e1000 rw-p 00007000 08:01 9966675                    /lib/x86_64-linux-gnu/librt-2.27.so
7f875c8e1000-7f875c8f8000 r-xp 00000000 08:01 9961786                    /lib/x86_64-linux-gnu/libgcc_s.so.1
7f875c8f8000-7f875caf7000 ---p 00017000 08:01 9961786                    /lib/x86_64-linux-gnu/libgcc_s.so.1
7f875caf7000-7f875caf8000 r--p 00016000 08:01 9961786                    /lib/x86_64-linux-gnu/libgcc_s.so.1
7f875caf8000-7f875caf9000 rw-p 00017000 08:01 9961786                    /lib/x86_64-linux-gnu/libgcc_s.so.1
7f875caf9000-7f875cc96000 r-xp 00000000 08:01 9966597                    /lib/x86_64-linux-gnu/libm-2.27.so
7f875cc96000-7f875ce95000 ---p 0019d000 08:01 9966597                    /lib/x86_64-linux-gnu/libm-2.27.so
7f875ce95000-7f875ce96000 r--p 0019c000 08:01 9966597                    /lib/x86_64-linux-gnu/libm-2.27.so
7f875ce96000-7f875ce97000 rw-p 0019d000 08:01 9966597                    /lib/x86_64-linux-gnu/libm-2.27.so
7f875ce97000-7f875d010000 r-xp 00000000 08:01 6555233                    /usr/lib/x86_64-linux-gnu/libstdc++.so.6.0.25
7f875d010000-7f875d210000 ---p 00179000 08:01 6555233                    /usr/lib/x86_64-linux-gnu/libstdc++.so.6.0.25
7f875d210000-7f875d21a000 r--p 00179000 08:01 6555233                    /usr/lib/x86_64-linux-gnu/libstdc++.so.6.0.25
7f875d21a000-7f875d21c000 rw-p 00183000 08:01 6555233                    /usr/lib/x86_64-linux-gnu/libstdc++.so.6.0.25
7f875d21c000-7f875d220000 rw-p 00000000 00:00 0 
7f875d220000-7f875e2fd000 r-xp 00000000 08:01 12455413                   /usr/lib/jvm/java-11-openjdk-amd64/lib/server/libjvm.so
7f875e2fd000-7f875e4fc000 ---p 010dd000 08:01 12455413                   /usr/lib/jvm/java-11-openjdk-amd64/lib/server/libjvm.so
7f875e4fc000-7f875e5b9000 r--p 010dc000 08:01 12455413                   /usr/lib/jvm/java-11-openjdk-amd64/lib/server/libjvm.so
7f875e5b9000-7f875e5f3000 rw-p 01199000 08:01 12455413                   /usr/lib/jvm/java-11-openjdk-amd64/lib/server/libjvm.so
7f875e5f3000-7f875e649000 rw-p 00000000 00:00 0 
7f875e649000-7f875e663000 r-xp 00000000 08:01 9966667                    /lib/x86_64-linux-gnu/libpthread-2.27.so
7f875e663000-7f875e862000 ---p 0001a000 08:01 9966667                    /lib/x86_64-linux-gnu/libpthread-2.27.so
7f875e862000-7f875e863000 r--p 00019000 08:01 9966667                    /lib/x86_64-linux-gnu/libpthread-2.27.so
7f875e863000-7f875e864000 rw-p 0001a000 08:01 9966667                    /lib/x86_64-linux-gnu/libpthread-2.27.so
7f875e864000-7f875e868000 rw-p 00000000 00:00 0 
7f875e868000-7f875e86b000 r-xp 00000000 08:01 9966557                    /lib/x86_64-linux-gnu/libdl-2.27.so
7f875e86b000-7f875ea6a000 ---p 00003000 08:01 9966557                    /lib/x86_64-linux-gnu/libdl-2.27.so
7f875ea6a000-7f875ea6b000 r--p 00002000 08:01 9966557                    /lib/x86_64-linux-gnu/libdl-2.27.so
7f875ea6b000-7f875ea6c000 rw-p 00003000 08:01 9966557                    /lib/x86_64-linux-gnu/libdl-2.27.so
7f875ea6c000-7f875ea88000 r-xp 00000000 08:01 9966706                    /lib/x86_64-linux-gnu/libz.so.1.2.11
7f875ea88000-7f875ec87000 ---p 0001c000 08:01 9966706                    /lib/x86_64-linux-gnu/libz.so.1.2.11
7f875ec87000-7f875ec88000 r--p 0001b000 08:01 9966706                    /lib/x86_64-linux-gnu/libz.so.1.2.11
7f875ec88000-7f875ec89000 rw-p 0001c000 08:01 9966706                    /lib/x86_64-linux-gnu/libz.so.1.2.11
7f875ec89000-7f875ee70000 r-xp 00000000 08:01 9966534                    /lib/x86_64-linux-gnu/libc-2.27.so
7f875ee70000-7f875f070000 ---p 001e7000 08:01 9966534                    /lib/x86_64-linux-gnu/libc-2.27.so
7f875f070000-7f875f074000 r--p 001e7000 08:01 9966534                    /lib/x86_64-linux-gnu/libc-2.27.so
7f875f074000-7f875f076000 rw-p 001eb000 08:01 9966534                    /lib/x86_64-linux-gnu/libc-2.27.so
7f875f076000-7f875f07a000 rw-p 00000000 00:00 0 
7f875f07a000-7f875f08a000 r-xp 00000000 08:01 12455366                   /usr/lib/jvm/java-11-openjdk-amd64/lib/jli/libjli.so
7f875f08a000-7f875f289000 ---p 00010000 08:01 12455366                   /usr/lib/jvm/java-11-openjdk-amd64/lib/jli/libjli.so
7f875f289000-7f875f28a000 r--p 0000f000 08:01 12455366                   /usr/lib/jvm/java-11-openjdk-amd64/lib/jli/libjli.so
7f875f28a000-7f875f28b000 rw-p 00010000 08:01 12455366                   /usr/lib/jvm/java-11-openjdk-amd64/lib/jli/libjli.so
7f875f28b000-7f875f2b2000 r-xp 00000000 08:01 9966506                    /lib/x86_64-linux-gnu/ld-2.27.so
7f875f2d3000-7f875f38e000 rw-p 00000000 00:00 0 
7f875f38e000-7f875f392000 ---p 00000000 00:00 0 
7f875f392000-7f875f491000 rw-p 00000000 00:00 0 
7f875f498000-7f875f49d000 rw-p 00000000 00:00 0 
7f875f49d000-7f875f4a4000 ---p 00000000 00:00 0 
7f875f4a4000-7f875f4a6000 r--s 00007000 08:01 6951047                    /usr/share/java/java-atk-wrapper.jar
7f875f4a6000-7f875f4ae000 rw-s 00000000 08:01 19017230                   /tmp/hsperfdata_nakul/15883
7f875f4ae000-7f875f4af000 ---p 00000000 00:00 0 
7f875f4af000-7f875f4b0000 r--p 00000000 00:00 0 
7f875f4b0000-7f875f4b2000 rw-p 00000000 00:00 0 
7f875f4b2000-7f875f4b3000 r--p 00027000 08:01 9966506                    /lib/x86_64-linux-gnu/ld-2.27.so
7f875f4b3000-7f875f4b4000 rw-p 00028000 08:01 9966506                    /lib/x86_64-linux-gnu/ld-2.27.so
7f875f4b4000-7f875f4b5000 rw-p 00000000 00:00 0 
7ffd211ed000-7ffd2120e000 rw-p 00000000 00:00 0                          [stack]
7ffd213cd000-7ffd213d0000 r--p 00000000 00:00 0                          [vvar]
7ffd213d0000-7ffd213d1000 r-xp 00000000 00:00 0                          [vdso]
ffffffffff600000-ffffffffff601000 --xp 00000000 00:00 0                  [vsyscall]


VM Arguments:
jvm_args: -Dfile.encoding=UTF-8 
java_command: selenium.NSP
java_class_path (initial): /home/nakul/eclipse-workspace/selenium/bin:/home/nakul/selenium/selenium-java-3.141.59/libs/byte-buddy-1.8.15.jar:/home/nakul/selenium/selenium-java-3.141.59/libs/commons-exec-1.3.jar:/home/nakul/selenium/selenium-java-3.141.59/libs/guava-25.0-jre.jar:/home/nakul/selenium/selenium-java-3.141.59/libs/okhttp-3.11.0.jar:/home/nakul/selenium/selenium-java-3.141.59/libs/okio-1.14.0.jar:/home/nakul/selenium/selenium-java-3.141.59/client-combined-3.141.59.jar:/home/nakul/selenium/selenium-java-3.141.59/client-combined-3.141.59-sources.jar:/home/nakul/eclipse-workspace/Tess4J/lib/commons-beanutils-1.9.2.jar:/home/nakul/eclipse-workspace/Tess4J/lib/commons-io-2.6.jar:/home/nakul/eclipse-workspace/Tess4J/lib/commons-logging-1.2.jar:/home/nakul/eclipse-workspace/Tess4J/lib/fontbox-2.0.9.jar:/home/nakul/eclipse-workspace/Tess4J/lib/ghost4j-1.0.1.jar:/home/nakul/eclipse-workspace/Tess4J/lib/hamcrest-core-1.3.jar:/home/nakul/eclipse-workspace/Tess4J/lib/itext-2.1.7.jar:/home/nakul/eclipse-workspace/Tess4J/lib/jai-imageio-core-1.4.0.jar:/home/nakul/eclipse-workspace/Tess4J/lib/jbig2-imageio-3.0.0.jar:/home/nakul/eclipse-workspace/Tess4J/lib/jboss-vfs-3.2.12.Final.jar:/home/nakul/eclipse-workspace/Tess4J/lib/jcl-over-slf4j-1.7.25.jar:/home/nakul/eclipse-workspace/Tess4J/lib/jna-4.1.0.jar:/home/nakul/eclipse-workspace/Tess4J/lib/jul-to-slf4j-1.7.25.jar:/home/nakul/eclipse-workspace/Tess4J/lib/junit-4.12.jar:/home/nakul/eclipse-workspace/Tess4J/lib/lept4j-1.6.4.jar:/home/nakul/eclipse-workspace/Tess4J/lib/log4j-1.2.17.jar:/home/nakul/eclipse-workspace/Tess4J/lib/log4j-over-slf4j-1.7.25.jar:/home/nakul/eclipse-workspace/Tess4J/lib/logback-classic-1.2.3.jar:/home/nakul/eclipse-workspace/Tess4J/lib/logback-core-1.2.3.jar:/home/nakul/eclipse-workspace/Tess4J/lib/pdfbox-2.0.9.jar:/home/nakul/eclipse-workspace/Tess4J/lib/pdfbox-tools-2.0.9.jar:/home/nakul/eclipse-workspace/Tess4J/lib/slf4j-api-1.7.25.jar:/home/nakul/eclipse-workspace/Tess4J/lib/xmlgraphics-comm
Launcher Type: SUN_STANDARD

[Global flags]
     intx CICompilerCount                          = 3                                         {product} {ergonomic}
     uint ConcGCThreads                            = 1                                         {product} {ergonomic}
     uint G1ConcRefinementThreads                  = 4                                         {product} {ergonomic}
   size_t G1HeapRegionSize                         = 1048576                                   {product} {ergonomic}
    uintx GCDrainStackTargetSize                   = 64                                        {product} {ergonomic}
   size_t InitialHeapSize                          = 62914560                                  {product} {ergonomic}
   size_t MarkStackSize                            = 4194304                                   {product} {ergonomic}
   size_t MaxHeapSize                              = 1002438656                                {product} {ergonomic}
   size_t MaxNewSize                               = 600834048                                 {product} {ergonomic}
   size_t MinHeapDeltaBytes                        = 1048576                                   {product} {ergonomic}
    uintx NonNMethodCodeHeapSize                   = 5830732                                {pd product} {ergonomic}
    uintx NonProfiledCodeHeapSize                  = 122913754                              {pd product} {ergonomic}
    uintx ProfiledCodeHeapSize                     = 122913754                              {pd product} {ergonomic}
    uintx ReservedCodeCacheSize                    = 251658240                              {pd product} {ergonomic}
     bool SegmentedCodeCache                       = true                                      {product} {ergonomic}
     bool UseCompressedClassPointers               = true                                 {lp64_product} {ergonomic}
     bool UseCompressedOops                        = true                                 {lp64_product} {ergonomic}
     bool UseG1GC                                  = true                                      {product} {ergonomic}

Logging:
Log output configuration:
 #0: stdout all=warning uptime,level,tags
 #1: stderr all=off uptime,level,tags

Environment Variables:
PATH=/usr/local/sbin:/usr/local/bin:/usr/sbin:/usr/bin:/sbin:/bin:/usr/games:/usr/local/games:/snap/bin
SHELL=/bin/bash
DISPLAY=:0

Signal Handlers:
SIGSEGV: [libjvm.so+0xdf8d00], sa_mask[0]=11111111011111111101111111111110, sa_flags=SA_RESTART|SA_SIGINFO
SIGBUS: [libjvm.so+0xdf8d00], sa_mask[0]=11111111011111111101111111111110, sa_flags=SA_RESTART|SA_SIGINFO
SIGFPE: [libjvm.so+0xdf8d00], sa_mask[0]=11111111011111111101111111111110, sa_flags=SA_RESTART|SA_SIGINFO
SIGPIPE: [libjvm.so+0xbcbc30], sa_mask[0]=11111111011111111101111111111110, sa_flags=SA_RESTART|SA_SIGINFO
SIGXFSZ: [libjvm.so+0xbcbc30], sa_mask[0]=11111111011111111101111111111110, sa_flags=SA_RESTART|SA_SIGINFO
SIGILL: [libjvm.so+0xdf8d00], sa_mask[0]=11111111011111111101111111111110, sa_flags=SA_RESTART|SA_SIGINFO
SIGUSR2: [libjvm.so+0xbcbad0], sa_mask[0]=00100000000000000000000000000000, sa_flags=SA_RESTART|SA_SIGINFO
SIGHUP: [libjvm.so+0xbcbe30], sa_mask[0]=11111111011111111101111111111110, sa_flags=SA_RESTART|SA_SIGINFO
SIGINT: [libjvm.so+0xbcbe30], sa_mask[0]=11111111011111111101111111111110, sa_flags=SA_RESTART|SA_SIGINFO
SIGTERM: [libjvm.so+0xbcbe30], sa_mask[0]=11111111011111111101111111111110, sa_flags=SA_RESTART|SA_SIGINFO
SIGQUIT: [libjvm.so+0xbcbe30], sa_mask[0]=11111111011111111101111111111110, sa_flags=SA_RESTART|SA_SIGINFO


---------------  S Y S T E M  ---------------

OS:DISTRIB_ID=Ubuntu
DISTRIB_RELEASE=18.04
DISTRIB_CODENAME=bionic
DISTRIB_DESCRIPTION="Ubuntu 18.04.3 LTS"
uname:Linux 5.3.0-42-generic #34~18.04.1-Ubuntu SMP Fri Feb 28 13:42:26 UTC 2020 x86_64
OS uptime: 0 days 2:10 hours
libc:glibc 2.27 NPTL 2.27 
rlimit: STACK 8192k, CORE 0k, NPROC 15078, NOFILE 4096, AS infinity, CPU infinity, DATA infinity, FSIZE infinity
load average:2.47 1.17 0.91

/proc/meminfo:
MemTotal:        3907988 kB
MemFree:          120472 kB
MemAvailable:     569848 kB
Buffers:           22980 kB
Cached:           887908 kB
SwapCached:        15756 kB
Active:          2531564 kB
Inactive:         888992 kB
Active(anon):    2211884 kB
Inactive(anon):   598156 kB
Active(file):     319680 kB
Inactive(file):   290836 kB
Unevictable:       26212 kB
Mlocked:             112 kB
SwapTotal:       2097148 kB
SwapFree:        1904892 kB
Dirty:             10028 kB
Writeback:             0 kB
AnonPages:       2522200 kB
Mapped:           574316 kB
Shmem:            300408 kB
KReclaimable:      82604 kB
Slab:             193880 kB
SReclaimable:      82604 kB
SUnreclaim:       111276 kB
KernelStack:       18224 kB
PageTables:        69884 kB
NFS_Unstable:          0 kB
Bounce:                0 kB
WritebackTmp:          0 kB
CommitLimit:     4051140 kB
Committed_AS:   10498748 kB
VmallocTotal:   34359738367 kB
VmallocUsed:       33672 kB
VmallocChunk:          0 kB
Percpu:             2944 kB
HardwareCorrupted:     0 kB
AnonHugePages:         0 kB
ShmemHugePages:        0 kB
ShmemPmdMapped:        0 kB
CmaTotal:              0 kB
CmaFree:               0 kB
HugePages_Total:       0
HugePages_Free:        0
HugePages_Rsvd:        0
HugePages_Surp:        0
Hugepagesize:       2048 kB
Hugetlb:               0 kB
DirectMap4k:      298044 kB
DirectMap2M:     3774464 kB


/proc/sys/kernel/threads-max (system-wide limit on the number of threads):
30157


/proc/sys/vm/max_map_count (maximum number of memory map areas a process may have):
65530


/proc/sys/kernel/pid_max (system-wide limit on number of process identifiers):
32768



container (cgroup) information:
container_type: cgroupv1
cpu_cpuset_cpus: 0-3
cpu_memory_nodes: 0
active_processor_count: 4
cpu_quota: -1
cpu_period: 100000
cpu_shares: -1
memory_limit_in_bytes: -1
memory_and_swap_limit_in_bytes: -2
memory_soft_limit_in_bytes: -1
memory_usage_in_bytes: 3449692160
memory_max_usage_in_bytes: 3529879552

Steal ticks since vm start: 0
Steal ticks percentage since vm start:  0.000

CPU:total 4 (initial active 4) (2 cores per cpu, 2 threads per core) family 6 model 42 stepping 7, cmov, cx8, fxsr, mmx, sse, sse2, sse3, ssse3, sse4.1, sse4.2, popcnt, avx, aes, clmul, ht, tsc, tscinvbit
CPU Model and flags from /proc/cpuinfo:
model name	: Intel(R) Core(TM) i5-2520M CPU @ 2.50GHz
flags		: fpu vme de pse tsc msr pae mce cx8 apic sep mtrr pge mca cmov pat pse36 clflush dts acpi mmx fxsr sse sse2 ht tm pbe syscall nx rdtscp lm constant_tsc arch_perfmon pebs bts rep_good nopl xtopology nonstop_tsc cpuid aperfmperf pni pclmulqdq dtes64 monitor ds_cpl vmx smx est tm2 ssse3 cx16 xtpr pdcm pcid sse4_1 sse4_2 x2apic popcnt tsc_deadline_timer aes xsave avx lahf_lm epb pti tpr_shadow vnmi flexpriority ept vpid xsaveopt dtherm ida arat pln pts

Memory: 4k page, physical 3907988k(120472k free), swap 2097148k(1904892k free)

vm_info: OpenJDK 64-Bit Server VM (11.0.7+10-post-Ubuntu-2ubuntu218.04) for linux-amd64 JRE (11.0.7+10-post-Ubuntu-2ubuntu218.04), built on Apr 15 2020 21:12:54 by "unknown" with gcc 7.5.0

END.
