#
# A fatal error has been detected by the Java Runtime Environment:
#
#  SIGSEGV (0xb) at pc=0x00007f6d016ebc27, pid=20095, tid=20100
#
# JRE version: OpenJDK Runtime Environment (11.0.7+10) (build 11.0.7+10-post-Ubuntu-2ubuntu218.04)
# Java VM: OpenJDK 64-Bit Server VM (11.0.7+10-post-Ubuntu-2ubuntu218.04, mixed mode, sharing, tiered, compressed oops, g1 gc, linux-amd64)
# Problematic frame:
# C  [libtesseract.so.4+0xa1c27]  tesseract::Tesseract::recog_all_words(PAGE_RES*, ETEXT_DESC*, TBOX const*, char const*, int)+0x437
#
# Core dump will be written. Default location: Core dumps may be processed with "/usr/share/apport/apport %p %s %c %d %P %E" (or dumping to /home/nakul/eclipse-workspace/selenium/core.20095)
#
# If you would like to submit a bug report, please visit:
#   https://bugs.launchpad.net/ubuntu/+source/openjdk-lts
# The crash happened outside the Java Virtual Machine in native code.
# See problematic frame for where to report the bug.
#

---------------  S U M M A R Y ------------

Command Line: -Dfile.encoding=UTF-8 selenium.NSP

Host: Intel(R) Core(TM) i5-2520M CPU @ 2.50GHz, 4 cores, 3G, Ubuntu 18.04.3 LTS
Time: Fri May 15 09:56:33 2020 IST elapsed time: 19 seconds (0d 0h 0m 19s)

---------------  T H R E A D  ---------------

Current thread (0x00007f6d74016800):  JavaThread "main" [_thread_in_native, id=20100, stack(0x00007f6d7b1c0000,0x00007f6d7b2c1000)]

Stack: [0x00007f6d7b1c0000,0x00007f6d7b2c1000],  sp=0x00007f6d7b2be660,  free space=1017k
Native frames: (J=compiled Java code, A=aot compiled Java code, j=interpreted, Vv=VM code, C=native code)
C  [libtesseract.so.4+0xa1c27]  tesseract::Tesseract::recog_all_words(PAGE_RES*, ETEXT_DESC*, TBOX const*, char const*, int)+0x437

Java frames: (J=compiled Java code, j=interpreted, Vv=VM code)
j  com.sun.jna.Native.invokePointer(JI[Ljava/lang/Object;)J+0
j  com.sun.jna.Function.invokePointer(I[Ljava/lang/Object;)Lcom/sun/jna/Pointer;+6
j  com.sun.jna.Function.invoke([Ljava/lang/Object;Ljava/lang/Class;Z)Ljava/lang/Object;+426
j  com.sun.jna.Function.invoke(Ljava/lang/Class;[Ljava/lang/Object;Ljava/util/Map;)Ljava/lang/Object;+262
j  com.sun.jna.Library$Handler.invoke(Ljava/lang/Object;Ljava/lang/reflect/Method;[Ljava/lang/Object;)Ljava/lang/Object;+316
j  com.sun.proxy.$Proxy0.TessBaseAPIGetUTF8Text(Lnet/sourceforge/tess4j/ITessAPI$TessBaseAPI;)Lcom/sun/jna/Pointer;+16
j  net.sourceforge.tess4j.Tesseract.getOCRText(Ljava/lang/String;I)Ljava/lang/String;+62
j  net.sourceforge.tess4j.Tesseract.doOCR(Ljava/util/List;Ljava/lang/String;Ljava/awt/Rectangle;)Ljava/lang/String;+62
j  net.sourceforge.tess4j.Tesseract.doOCR(Ljava/io/File;Ljava/awt/Rectangle;)Ljava/lang/String;+10
j  net.sourceforge.tess4j.Tesseract.doOCR(Ljava/io/File;)Ljava/lang/String;+3
j  selenium.NSP.enterinput()V+145
j  selenium.NSP.main([Ljava/lang/String;)V+13
v  ~StubRoutines::call_stub

siginfo: si_signo: 11 (SIGSEGV), si_code: 1 (SEGV_MAPERR), si_addr: 0x000000000000000c

Register to memory mapping:

RAX=0x0 is NULL
RBX=0x00007f6d74800bb0 points into unknown readable memory: 88 7b b5 01 6d 7f 00 00
RCX=0x0 is NULL
RDX=0x00007f6d748227a8 points into unknown readable memory: 00 00 00 00 00 00 00 00
RSP=0x00007f6d7b2be660 is pointing into the stack for thread: 0x00007f6d74016800
RBP=0x00007f6d7b2be6b0 is pointing into the stack for thread: 0x00007f6d74016800
RSI=0x0000000000000001 is an unknown value
RDI=0x00007f6d7b2be700 is pointing into the stack for thread: 0x00007f6d74016800
R8 =0x0 is NULL
R9 =0x0 is NULL
R10=0x00007f6d740008d0 points into unknown readable memory: 06 00 00 07 01 02 02 06
R11=0x0 is NULL
R12=0x00007f6d748760c0 points into unknown readable memory: 00 00 00 00 00 00 00 00
R13=0x0 is NULL
R14=0x0 is NULL
R15=0x00007f6d748760c0 points into unknown readable memory: 00 00 00 00 00 00 00 00


Registers:
RAX=0x0000000000000000, RBX=0x00007f6d74800bb0, RCX=0x0000000000000000, RDX=0x00007f6d748227a8
RSP=0x00007f6d7b2be660, RBP=0x00007f6d7b2be6b0, RSI=0x0000000000000001, RDI=0x00007f6d7b2be700
R8 =0x0000000000000000, R9 =0x0000000000000000, R10=0x00007f6d740008d0, R11=0x0000000000000000
R12=0x00007f6d748760c0, R13=0x0000000000000000, R14=0x0000000000000000, R15=0x00007f6d748760c0
RIP=0x00007f6d016ebc27, EFLAGS=0x0000000000010246, CSGSFS=0x002b000000000033, ERR=0x0000000000000004
  TRAPNO=0x000000000000000e

Top of Stack: (sp=0x00007f6d7b2be660)
0x00007f6d7b2be660:   0000000000000000 0000000000000000
0x00007f6d7b2be670:   0000000000000000 00007f6d74872b10
0x00007f6d7b2be680:   00007f6d74879520 00007f6d748795c0
0x00007f6d7b2be690:   0000000000000001 00007f6d7b2be6c0 

Instructions: (pc=0x00007f6d016ebc27)
0x00007f6d016ebb27:   89 e6 48 89 df e8 af 87 ff ff 4c 89 e6 48 89 df
0x00007f6d016ebb37:   e8 b4 8b ff ff 4c 89 e6 48 89 df e8 f9 72 ff ff
0x00007f6d016ebb47:   4c 89 e6 48 89 df e8 7e 74 ff ff e9 a9 fd ff ff
0x00007f6d016ebb57:   66 0f 1f 84 00 00 00 00 00 48 8b 40 10 7e 2a 8b
0x00007f6d016ebb67:   38 85 ff 75 4c 48 83 c0 04 83 ea 01 48 8d 14 90
0x00007f6d016ebb77:   eb 12 0f 1f 80 00 00 00 00 48 83 c0 04 8b 70 fc
0x00007f6d016ebb87:   85 f6 75 2d 48 39 c2 75 f0 48 85 c9 74 1b 8b 41
0x00007f6d016ebb97:   10 8d 50 ff 83 fa 02 76 10 83 e8 05 83 f8 03 77
0x00007f6d016ebba7:   10 0f 1f 84 00 00 00 00 00 48 89 ef e8 e8 2d 19
0x00007f6d016ebbb7:   00 31 d2 31 f6 48 89 ef e8 2c f6 18 00 48 8b 44
0x00007f6d016ebbc7:   24 70 48 85 c0 0f 84 8e fd ff ff 48 8b 94 24 80
0x00007f6d016ebbd7:   00 00 00 31 c9 48 8b 52 08 48 85 d2 74 04 48 8b
0x00007f6d016ebbe7:   4a 08 48 8b 80 e8 00 00 00 48 85 c0 74 bb 8b 50
0x00007f6d016ebbf7:   34 83 fa 00 74 b3 e9 5e ff ff ff 66 0f 1f 44 00
0x00007f6d016ebc07:   00 31 f6 48 89 ef e8 ce f9 18 00 8b 83 a0 15 00
0x00007f6d016ebc17:   00 85 c0 0f 8f c0 00 00 00 48 8b 83 40 0a 00 00
0x00007f6d016ebc27:   80 78 0c 00 0f 85 a7 02 00 00 8b 83 58 47 02 00
0x00007f6d016ebc37:   85 c0 0f 8e b1 00 00 00 31 d2 45 31 ff eb 2c 66
0x00007f6d016ebc47:   2e 0f 1f 84 00 00 00 00 00 48 8b 8f 40 0a 00 00
0x00007f6d016ebc57:   80 79 0c 00 0f 85 ff 01 00 00 41 83 c7 01 48 83
0x00007f6d016ebc67:   c2 08 44 3b bb 58 47 02 00 7d 7e 48 8b 8b 60 47
0x00007f6d016ebc77:   02 00 48 8b 3c 11 8b 87 a0 15 00 00 85 c0 7e c9
0x00007f6d016ebc87:   48 89 54 24 10 e8 8f 46 0f 00 48 8b 54 24 10 eb
0x00007f6d016ebc97:   c9 0f 1f 84 00 00 00 00 00 80 bb 72 30 02 00 00
0x00007f6d016ebca7:   0f 85 73 fc ff ff 8b b3 04 1d 02 00 4c 89 e2 4c
0x00007f6d016ebcb7:   89 ff e8 32 d4 0b 00 31 f6 48 89 ef e8 18 f9 18
0x00007f6d016ebcc7:   00 48 8b 44 24 70 48 85 c0 0f 85 fc fe ff ff e9
0x00007f6d016ebcd7:   94 fc ff ff 0f 1f 44 00 00 48 89 df e8 38 46 0f
0x00007f6d016ebce7:   00 e9 44 ff ff ff 0f 1f 00 4c 8d 7c 24 30 be 04
0x00007f6d016ebcf7:   00 00 00 48 c7 44 24 30 00 00 00 00 48 c7 44 24
0x00007f6d016ebd07:   38 00 00 00 00 48 c7 44 24 40 00 00 00 00 4c 89
0x00007f6d016ebd17:   ff 48 c7 44 24 48 00 00 00 00 e8 3a 19 00 00 48 


Stack slot to memory mapping:
stack at sp + 0 slots: 0x0 is NULL
stack at sp + 1 slots: 0x0 is NULL
stack at sp + 2 slots: 0x0 is NULL
stack at sp + 3 slots: 0x00007f6d74872b10 points into unknown readable memory: 10 2b 87 74 6d 7f 00 00
stack at sp + 4 slots: 0x00007f6d74879520 points into unknown readable memory: 20 95 87 74 6d 7f 00 00
stack at sp + 5 slots: 0x00007f6d748795c0 points into unknown readable memory: c0 95 87 74 6d 7f 00 00
stack at sp + 6 slots: 0x0000000000000001 is an unknown value
stack at sp + 7 slots: 0x00007f6d7b2be6c0 is pointing into the stack for thread: 0x00007f6d74016800


---------------  P R O C E S S  ---------------

Threads class SMR info:
_java_thread_list=0x00007f6d745b83d0, length=17, elements={
0x00007f6d74016800, 0x00007f6d740be000, 0x00007f6d740c8000, 0x00007f6d740cd800,
0x00007f6d740d0000, 0x00007f6d740d2000, 0x00007f6d740d4000, 0x00007f6d7410b000,
0x00007f6d74110000, 0x00007f6d74441800, 0x00007f6d0c00e800, 0x00007f6d0c012000,
0x00007f6d0c013000, 0x00007f6d744a5800, 0x00007f6d74509000, 0x00007f6d7450a800,
0x00007f6d745b7800
}

Java Threads: ( => current thread )
=>0x00007f6d74016800 JavaThread "main" [_thread_in_native, id=20100, stack(0x00007f6d7b1c0000,0x00007f6d7b2c1000)]
  0x00007f6d740be000 JavaThread "Reference Handler" daemon [_thread_blocked, id=20107, stack(0x00007f6d49eff000,0x00007f6d4a000000)]
  0x00007f6d740c8000 JavaThread "Finalizer" daemon [_thread_blocked, id=20108, stack(0x00007f6d49dfe000,0x00007f6d49eff000)]
  0x00007f6d740cd800 JavaThread "Signal Dispatcher" daemon [_thread_blocked, id=20109, stack(0x00007f6d4932e000,0x00007f6d4942f000)]
  0x00007f6d740d0000 JavaThread "C2 CompilerThread0" daemon [_thread_blocked, id=20110, stack(0x00007f6d4922d000,0x00007f6d4932e000)]
  0x00007f6d740d2000 JavaThread "C1 CompilerThread0" daemon [_thread_blocked, id=20111, stack(0x00007f6d4912c000,0x00007f6d4922d000)]
  0x00007f6d740d4000 JavaThread "Sweeper thread" daemon [_thread_blocked, id=20112, stack(0x00007f6d4902b000,0x00007f6d4912c000)]
  0x00007f6d7410b000 JavaThread "Service Thread" daemon [_thread_blocked, id=20113, stack(0x00007f6d48f2a000,0x00007f6d4902b000)]
  0x00007f6d74110000 JavaThread "Common-Cleaner" daemon [_thread_blocked, id=20115, stack(0x00007f6d48d27000,0x00007f6d48e28000)]
  0x00007f6d74441800 JavaThread "Exec Default Executor" daemon [_thread_blocked, id=20117, stack(0x00007f6d482ca000,0x00007f6d483cb000)]
  0x00007f6d0c00e800 JavaThread "process reaper" daemon [_thread_in_native, id=20126, stack(0x00007f6d78054000,0x00007f6d78076000)]
  0x00007f6d0c012000 JavaThread "Exec Stream Pumper" daemon [_thread_in_native, id=20127, stack(0x00007f6d481c9000,0x00007f6d482ca000)]
  0x00007f6d0c013000 JavaThread "Exec Stream Pumper" daemon [_thread_in_native, id=20128, stack(0x00007f6d480c8000,0x00007f6d481c9000)]
  0x00007f6d744a5800 JavaThread "ForkJoinPool.commonPool-worker-3" daemon [_thread_blocked, id=20129, stack(0x00007f6d03eff000,0x00007f6d04000000)]
  0x00007f6d74509000 JavaThread "OkHttp ConnectionPool" daemon [_thread_blocked, id=20130, stack(0x00007f6d03bfe000,0x00007f6d03cff000)]
  0x00007f6d7450a800 JavaThread "Okio Watchdog" daemon [_thread_blocked, id=20131, stack(0x00007f6d03afd000,0x00007f6d03bfe000)]
  0x00007f6d745b7800 JavaThread "Java2D Disposer" daemon [_thread_blocked, id=20375, stack(0x00007f6d01f18000,0x00007f6d02019000)]

Other Threads:
  0x00007f6d740bb000 VMThread "VM Thread" [stack: 0x00007f6d580da000,0x00007f6d581da000] [id=20106]
  0x00007f6d7410d800 WatcherThread [stack: 0x00007f6d48e2a000,0x00007f6d48f2a000] [id=20114]
  0x00007f6d7402f000 GCTaskThread "GC Thread#0" [stack: 0x00007f6d5b9e7000,0x00007f6d5bae7000] [id=20101]
  0x00007f6d40001000 GCTaskThread "GC Thread#1" [stack: 0x00007f6d483cd000,0x00007f6d484cd000] [id=20116]
  0x00007f6d74049800 ConcurrentGCThread "G1 Main Marker" [stack: 0x00007f6d59167000,0x00007f6d59267000] [id=20102]
  0x00007f6d7404b800 ConcurrentGCThread "G1 Conc#0" [stack: 0x00007f6d59065000,0x00007f6d59165000] [id=20103]
  0x00007f6d7408d000 ConcurrentGCThread "G1 Refine#0" [stack: 0x00007f6d58b5f000,0x00007f6d58c5f000] [id=20104]
  0x00007f6d7408f000 ConcurrentGCThread "G1 Young RemSet Sampling" [stack: 0x00007f6d58a5d000,0x00007f6d58b5d000] [id=20105]

Threads with active compile tasks:

VM state:not at safepoint (normal execution)

VM Mutex/Monitor currently owned by a thread: None

Heap address: 0x00000000c4400000, size: 956 MB, Compressed Oops mode: 32-bit
Narrow klass base: 0x0000000800000000, Narrow klass shift: 3
Compressed class space size: 1073741824 Address: 0x0000000840000000

Heap:
 garbage-first heap   total 63488K, used 25093K [0x00000000c4400000, 0x0000000100000000)
  region size 1024K, 21 young (21504K), 1 survivors (1024K)
 Metaspace       used 14383K, capacity 14962K, committed 15104K, reserved 1062912K
  class space    used 1788K, capacity 2020K, committed 2048K, reserved 1048576K
Heap Regions: E=young(eden), S=young(survivor), O=old, HS=humongous(starts), HC=humongous(continues), CS=collection set, F=free, A=archive, TAMS=top-at-mark-start (previous, next)
|   0|0x00000000c4400000, 0x00000000c4500000, 0x00000000c4500000|100%| O|  |TAMS 0x00000000c4400000, 0x00000000c4400000| Untracked 
|   1|0x00000000c4500000, 0x00000000c4600000, 0x00000000c4600000|100%| O|  |TAMS 0x00000000c4500000, 0x00000000c4500000| Untracked 
|   2|0x00000000c4600000, 0x00000000c4700000, 0x00000000c4700000|100%| O|  |TAMS 0x00000000c4600000, 0x00000000c4600000| Untracked 
|   3|0x00000000c4700000, 0x00000000c4800000, 0x00000000c4800000|100%| O|  |TAMS 0x00000000c4700000, 0x00000000c4700000| Untracked 
|   4|0x00000000c4800000, 0x00000000c4800000, 0x00000000c4900000|  0%| F|  |TAMS 0x00000000c4800000, 0x00000000c4800000| Untracked 
|   5|0x00000000c4900000, 0x00000000c4900000, 0x00000000c4a00000|  0%| F|  |TAMS 0x00000000c4900000, 0x00000000c4900000| Untracked 
|   6|0x00000000c4a00000, 0x00000000c4a00000, 0x00000000c4b00000|  0%| F|  |TAMS 0x00000000c4a00000, 0x00000000c4a00000| Untracked 
|   7|0x00000000c4b00000, 0x00000000c4b00000, 0x00000000c4c00000|  0%| F|  |TAMS 0x00000000c4b00000, 0x00000000c4b00000| Untracked 
|   8|0x00000000c4c00000, 0x00000000c4c00000, 0x00000000c4d00000|  0%| F|  |TAMS 0x00000000c4c00000, 0x00000000c4c00000| Untracked 
|   9|0x00000000c4d00000, 0x00000000c4d00000, 0x00000000c4e00000|  0%| F|  |TAMS 0x00000000c4d00000, 0x00000000c4d00000| Untracked 
|  10|0x00000000c4e00000, 0x00000000c4e00000, 0x00000000c4f00000|  0%| F|  |TAMS 0x00000000c4e00000, 0x00000000c4e00000| Untracked 
|  11|0x00000000c4f00000, 0x00000000c4f00000, 0x00000000c5000000|  0%| F|  |TAMS 0x00000000c4f00000, 0x00000000c4f00000| Untracked 
|  12|0x00000000c5000000, 0x00000000c5000000, 0x00000000c5100000|  0%| F|  |TAMS 0x00000000c5000000, 0x00000000c5000000| Untracked 
|  13|0x00000000c5100000, 0x00000000c5100000, 0x00000000c5200000|  0%| F|  |TAMS 0x00000000c5100000, 0x00000000c5100000| Untracked 
|  14|0x00000000c5200000, 0x00000000c5200000, 0x00000000c5300000|  0%| F|  |TAMS 0x00000000c5200000, 0x00000000c5200000| Untracked 
|  15|0x00000000c5300000, 0x00000000c5300000, 0x00000000c5400000|  0%| F|  |TAMS 0x00000000c5300000, 0x00000000c5300000| Untracked 
|  16|0x00000000c5400000, 0x00000000c5400000, 0x00000000c5500000|  0%| F|  |TAMS 0x00000000c5400000, 0x00000000c5400000| Untracked 
|  17|0x00000000c5500000, 0x00000000c5500000, 0x00000000c5600000|  0%| F|  |TAMS 0x00000000c5500000, 0x00000000c5500000| Untracked 
|  18|0x00000000c5600000, 0x00000000c5600000, 0x00000000c5700000|  0%| F|  |TAMS 0x00000000c5600000, 0x00000000c5600000| Untracked 
|  19|0x00000000c5700000, 0x00000000c5700000, 0x00000000c5800000|  0%| F|  |TAMS 0x00000000c5700000, 0x00000000c5700000| Untracked 
|  20|0x00000000c5800000, 0x00000000c5800000, 0x00000000c5900000|  0%| F|  |TAMS 0x00000000c5800000, 0x00000000c5800000| Untracked 
|  21|0x00000000c5900000, 0x00000000c5900000, 0x00000000c5a00000|  0%| F|  |TAMS 0x00000000c5900000, 0x00000000c5900000| Untracked 
|  22|0x00000000c5a00000, 0x00000000c5a00000, 0x00000000c5b00000|  0%| F|  |TAMS 0x00000000c5a00000, 0x00000000c5a00000| Untracked 
|  23|0x00000000c5b00000, 0x00000000c5b00000, 0x00000000c5c00000|  0%| F|  |TAMS 0x00000000c5b00000, 0x00000000c5b00000| Untracked 
|  24|0x00000000c5c00000, 0x00000000c5c00000, 0x00000000c5d00000|  0%| F|  |TAMS 0x00000000c5c00000, 0x00000000c5c00000| Untracked 
|  25|0x00000000c5d00000, 0x00000000c5d00000, 0x00000000c5e00000|  0%| F|  |TAMS 0x00000000c5d00000, 0x00000000c5d00000| Untracked 
|  26|0x00000000c5e00000, 0x00000000c5e00000, 0x00000000c5f00000|  0%| F|  |TAMS 0x00000000c5e00000, 0x00000000c5e00000| Untracked 
|  27|0x00000000c5f00000, 0x00000000c5f00000, 0x00000000c6000000|  0%| F|  |TAMS 0x00000000c5f00000, 0x00000000c5f00000| Untracked 
|  28|0x00000000c6000000, 0x00000000c6000000, 0x00000000c6100000|  0%| F|  |TAMS 0x00000000c6000000, 0x00000000c6000000| Untracked 
|  29|0x00000000c6100000, 0x00000000c6100000, 0x00000000c6200000|  0%| F|  |TAMS 0x00000000c6100000, 0x00000000c6100000| Untracked 
|  30|0x00000000c6200000, 0x00000000c6200000, 0x00000000c6300000|  0%| F|  |TAMS 0x00000000c6200000, 0x00000000c6200000| Untracked 
|  31|0x00000000c6300000, 0x00000000c6300000, 0x00000000c6400000|  0%| F|  |TAMS 0x00000000c6300000, 0x00000000c6300000| Untracked 
|  32|0x00000000c6400000, 0x00000000c6400000, 0x00000000c6500000|  0%| F|  |TAMS 0x00000000c6400000, 0x00000000c6400000| Untracked 
|  33|0x00000000c6500000, 0x00000000c6500000, 0x00000000c6600000|  0%| F|  |TAMS 0x00000000c6500000, 0x00000000c6500000| Untracked 
|  34|0x00000000c6600000, 0x00000000c6600000, 0x00000000c6700000|  0%| F|  |TAMS 0x00000000c6600000, 0x00000000c6600000| Untracked 
|  35|0x00000000c6700000, 0x00000000c6700000, 0x00000000c6800000|  0%| F|  |TAMS 0x00000000c6700000, 0x00000000c6700000| Untracked 
|  36|0x00000000c6800000, 0x00000000c6800000, 0x00000000c6900000|  0%| F|  |TAMS 0x00000000c6800000, 0x00000000c6800000| Untracked 
|  37|0x00000000c6900000, 0x00000000c6900000, 0x00000000c6a00000|  0%| F|  |TAMS 0x00000000c6900000, 0x00000000c6900000| Untracked 
|  38|0x00000000c6a00000, 0x00000000c6a00000, 0x00000000c6b00000|  0%| F|  |TAMS 0x00000000c6a00000, 0x00000000c6a00000| Untracked 
|  39|0x00000000c6b00000, 0x00000000c6c00000, 0x00000000c6c00000|100%| E|  |TAMS 0x00000000c6b00000, 0x00000000c6b00000| Complete 
|  40|0x00000000c6c00000, 0x00000000c6d00000, 0x00000000c6d00000|100%| E|CS|TAMS 0x00000000c6c00000, 0x00000000c6c00000| Complete 
|  41|0x00000000c6d00000, 0x00000000c6e00000, 0x00000000c6e00000|100%| E|CS|TAMS 0x00000000c6d00000, 0x00000000c6d00000| Complete 
|  42|0x00000000c6e00000, 0x00000000c6f00000, 0x00000000c6f00000|100%| E|CS|TAMS 0x00000000c6e00000, 0x00000000c6e00000| Complete 
|  43|0x00000000c6f00000, 0x00000000c7000000, 0x00000000c7000000|100%| E|CS|TAMS 0x00000000c6f00000, 0x00000000c6f00000| Complete 
|  44|0x00000000c7000000, 0x00000000c7100000, 0x00000000c7100000|100%| E|CS|TAMS 0x00000000c7000000, 0x00000000c7000000| Complete 
|  45|0x00000000c7100000, 0x00000000c7200000, 0x00000000c7200000|100%| E|CS|TAMS 0x00000000c7100000, 0x00000000c7100000| Complete 
|  46|0x00000000c7200000, 0x00000000c7300000, 0x00000000c7300000|100%| E|CS|TAMS 0x00000000c7200000, 0x00000000c7200000| Complete 
|  47|0x00000000c7300000, 0x00000000c7400000, 0x00000000c7400000|100%| E|CS|TAMS 0x00000000c7300000, 0x00000000c7300000| Complete 
|  48|0x00000000c7400000, 0x00000000c7500000, 0x00000000c7500000|100%| E|CS|TAMS 0x00000000c7400000, 0x00000000c7400000| Complete 
|  49|0x00000000c7500000, 0x00000000c7600000, 0x00000000c7600000|100%| E|CS|TAMS 0x00000000c7500000, 0x00000000c7500000| Complete 
|  50|0x00000000c7600000, 0x00000000c76d05a8, 0x00000000c7700000| 81%| S|CS|TAMS 0x00000000c7600000, 0x00000000c7600000| Complete 
|  51|0x00000000c7700000, 0x00000000c7800000, 0x00000000c7800000|100%| E|CS|TAMS 0x00000000c7700000, 0x00000000c7700000| Complete 
|  52|0x00000000c7800000, 0x00000000c7900000, 0x00000000c7900000|100%| E|CS|TAMS 0x00000000c7800000, 0x00000000c7800000| Complete 
|  53|0x00000000c7900000, 0x00000000c7a00000, 0x00000000c7a00000|100%| E|CS|TAMS 0x00000000c7900000, 0x00000000c7900000| Complete 
|  54|0x00000000c7a00000, 0x00000000c7b00000, 0x00000000c7b00000|100%| E|CS|TAMS 0x00000000c7a00000, 0x00000000c7a00000| Complete 
|  55|0x00000000c7b00000, 0x00000000c7c00000, 0x00000000c7c00000|100%| E|CS|TAMS 0x00000000c7b00000, 0x00000000c7b00000| Complete 
|  56|0x00000000c7c00000, 0x00000000c7d00000, 0x00000000c7d00000|100%| E|CS|TAMS 0x00000000c7c00000, 0x00000000c7c00000| Complete 
|  57|0x00000000c7d00000, 0x00000000c7e00000, 0x00000000c7e00000|100%| E|CS|TAMS 0x00000000c7d00000, 0x00000000c7d00000| Complete 
|  58|0x00000000c7e00000, 0x00000000c7f00000, 0x00000000c7f00000|100%| E|CS|TAMS 0x00000000c7e00000, 0x00000000c7e00000| Complete 
|  59|0x00000000c7f00000, 0x00000000c8000000, 0x00000000c8000000|100%| E|CS|TAMS 0x00000000c7f00000, 0x00000000c7f00000| Complete 
| 954|0x00000000ffe00000, 0x00000000ffe47000, 0x00000000fff00000| 27%|OA|  |TAMS 0x00000000ffe00000, 0x00000000ffe00000| Untracked 
| 955|0x00000000fff00000, 0x00000000fff6a000, 0x0000000100000000| 41%|CA|  |TAMS 0x00000000fff00000, 0x00000000fff00000| Untracked 

Card table byte_map: [0x00007f6d5b225000,0x00007f6d5b403000] _byte_map_base: 0x00007f6d5ac03000

Marking Bits (Prev, Next): (CMBitMap*) 0x00007f6d74045008, (CMBitMap*) 0x00007f6d74045040
 Prev Bits: [0x00007f6d5a157000, 0x00007f6d5b047000)
 Next Bits: [0x00007f6d59267000, 0x00007f6d5a157000)

Polling page: 0x00007f6d7b2e0000

Metaspace:

Usage:
  Non-class:     12.64 MB capacity,    12.30 MB ( 97%) used,   294.51 KB (  2%) free+waste,    53.25 KB ( <1%) overhead. 
      Class:      1.97 MB capacity,     1.75 MB ( 89%) used,   203.14 KB ( 10%) free+waste,    27.94 KB (  1%) overhead. 
       Both:     14.61 MB capacity,    14.05 MB ( 96%) used,   497.65 KB (  3%) free+waste,    81.19 KB ( <1%) overhead. 

Virtual space:
  Non-class space:       14.00 MB reserved,      12.75 MB ( 91%) committed 
      Class space:        1.00 GB reserved,       2.00 MB ( <1%) committed 
             Both:        1.01 GB reserved,      14.75 MB (  1%) committed 

Chunk freelists:
   Non-Class:  66.00 KB
       Class:  28.00 KB
        Both:  94.00 KB

MaxMetaspaceSize: unlimited
CompressedClassSpaceSize: 1.00 GB

CodeHeap 'non-profiled nmethods': size=120032Kb used=586Kb max_used=586Kb free=119445Kb
 bounds [0x00007f6d63785000, 0x00007f6d639f5000, 0x00007f6d6acbd000]
CodeHeap 'profiled nmethods': size=120032Kb used=3676Kb max_used=3676Kb free=116355Kb
 bounds [0x00007f6d5c24d000, 0x00007f6d5c5ed000, 0x00007f6d63785000]
CodeHeap 'non-nmethods': size=5696Kb used=1168Kb max_used=1182Kb free=4527Kb
 bounds [0x00007f6d5bcbd000, 0x00007f6d5bf2d000, 0x00007f6d5c24d000]
 total_blobs=2778 nmethods=1833 adapters=426
 compilation: enabled
              stopped_count=0, restarted_count=0
 full_count=0

Compilation events (20 events):
Event: 19.734 Thread 0x00007f6d740d0000 1790       4       java.lang.Integer::shortValue (6 bytes)
Event: 19.734 Thread 0x00007f6d740d0000 nmethod 1790 0x00007f6d63816710 code [0x00007f6d638168a0, 0x00007f6d63816918]
Event: 19.734 Thread 0x00007f6d740d0000 1818       4       jdk.internal.ref.CleanerFactory::cleaner (4 bytes)
Event: 19.734 Thread 0x00007f6d740d0000 nmethod 1818 0x00007f6d63816990 code [0x00007f6d63816b20, 0x00007f6d63816b78]
Event: 19.734 Thread 0x00007f6d740d0000 1801       4       java.lang.reflect.ProxyGenerator$ConstantPool$IndirectEntry::hashCode (15 bytes)
Event: 19.735 Thread 0x00007f6d740d0000 nmethod 1801 0x00007f6d63816c10 code [0x00007f6d63816da0, 0x00007f6d63816e18]
Event: 19.736 Thread 0x00007f6d740d2000 1827  s    3       java.util.Vector::elementAt (48 bytes)
Event: 19.737 Thread 0x00007f6d740d2000 nmethod 1827 0x00007f6d5c5e2290 code [0x00007f6d5c5e2520, 0x00007f6d5c5e31a8]
Event: 19.737 Thread 0x00007f6d740d2000 1828       3       javax.imageio.stream.ImageInputStreamImpl::checkClosed (18 bytes)
Event: 19.738 Thread 0x00007f6d740d2000 nmethod 1828 0x00007f6d5c5e3590 code [0x00007f6d5c5e3760, 0x00007f6d5c5e39e8]
Event: 19.745 Thread 0x00007f6d740d2000 1829       1       javax.imageio.plugins.tiff.TIFFTag::getNumber (5 bytes)
Event: 19.745 Thread 0x00007f6d740d2000 nmethod 1829 0x00007f6d63816e90 code [0x00007f6d63817040, 0x00007f6d63817170]
Event: 19.745 Thread 0x00007f6d740d2000 1830       1       javax.imageio.plugins.tiff.TIFFTag::getName (5 bytes)
Event: 19.745 Thread 0x00007f6d740d2000 nmethod 1830 0x00007f6d63817210 code [0x00007f6d638173c0, 0x00007f6d638174f0]
Event: 19.748 Thread 0x00007f6d740d2000 1831       1       java.awt.image.SampleModel::getNumBands (5 bytes)
Event: 19.748 Thread 0x00007f6d740d2000 nmethod 1831 0x00007f6d63817590 code [0x00007f6d63817740, 0x00007f6d63817870]
Event: 19.749 Thread 0x00007f6d740d2000 1832       3       java.lang.Math::max (12 bytes)
Event: 19.749 Thread 0x00007f6d740d2000 nmethod 1832 0x00007f6d5c5e3a90 code [0x00007f6d5c5e3c40, 0x00007f6d5c5e3dd0]
Event: 19.749 Thread 0x00007f6d740d2000 1833       3       java.lang.Math::min (12 bytes)
Event: 19.749 Thread 0x00007f6d740d2000 nmethod 1833 0x00007f6d5c5e3e90 code [0x00007f6d5c5e4040, 0x00007f6d5c5e41d0]

GC Heap History (4 events):
Event: 0.661 GC heap before
{Heap before GC invocations=0 (full 0):
 garbage-first heap   total 63488K, used 15044K [0x00000000c4400000, 0x0000000100000000)
  region size 1024K, 14 young (14336K), 0 survivors (0K)
 Metaspace       used 5135K, capacity 5982K, committed 6144K, reserved 1056768K
  class space    used 572K, capacity 651K, committed 768K, reserved 1048576K
}
Event: 0.675 GC heap after
{Heap after GC invocations=1 (full 0):
 garbage-first heap   total 63488K, used 4580K [0x00000000c4400000, 0x0000000100000000)
  region size 1024K, 2 young (2048K), 2 survivors (2048K)
 Metaspace       used 5135K, capacity 5982K, committed 6144K, reserved 1056768K
  class space    used 572K, capacity 651K, committed 768K, reserved 1048576K
}
Event: 0.992 GC heap before
{Heap before GC invocations=1 (full 0):
 garbage-first heap   total 63488K, used 13796K [0x00000000c4400000, 0x0000000100000000)
  region size 1024K, 11 young (11264K), 2 survivors (2048K)
 Metaspace       used 7872K, capacity 8318K, committed 8576K, reserved 1056768K
  class space    used 950K, capacity 1100K, committed 1152K, reserved 1048576K
}
Event: 1.000 GC heap after
{Heap after GC invocations=2 (full 0):
 garbage-first heap   total 63488K, used 5637K [0x00000000c4400000, 0x0000000100000000)
  region size 1024K, 1 young (1024K), 1 survivors (1024K)
 Metaspace       used 7872K, capacity 8318K, committed 8576K, reserved 1056768K
  class space    used 950K, capacity 1100K, committed 1152K, reserved 1048576K
}

Deoptimization events (20 events):
Event: 19.680 Thread 0x00007f6d74016800 Uncommon trap: trap_request=0xffffff4d fr.pc=0x00007f6d637ea28c relative=0x000000000000022c
Event: 19.680 Thread 0x00007f6d74016800 Uncommon trap: reason=unstable_if action=reinterpret pc=0x00007f6d637ea28c method=java.util.HashMap.getNode(ILjava/lang/Object;)Ljava/util/HashMap$Node; @ 62 c2
Event: 19.680 Thread 0x00007f6d74016800 DEOPT PACKING pc=0x00007f6d637ea28c sp=0x00007f6d7b2be590
Event: 19.680 Thread 0x00007f6d74016800 DEOPT UNPACKING pc=0x00007f6d5bce59a5 sp=0x00007f6d7b2be538 mode 2
Event: 19.680 Thread 0x00007f6d74016800 Uncommon trap: trap_request=0xffffffde fr.pc=0x00007f6d637c159c relative=0x0000000000000d7c
Event: 19.680 Thread 0x00007f6d74016800 Uncommon trap: reason=class_check action=maybe_recompile pc=0x00007f6d637c159c method=java.util.HashMap.putVal(ILjava/lang/Object;Ljava/lang/Object;ZZ)Ljava/lang/Object; @ 91 c2
Event: 19.680 Thread 0x00007f6d74016800 DEOPT PACKING pc=0x00007f6d637c159c sp=0x00007f6d7b2be580
Event: 19.680 Thread 0x00007f6d74016800 DEOPT UNPACKING pc=0x00007f6d5bce59a5 sp=0x00007f6d7b2be520 mode 2
Event: 19.680 Thread 0x00007f6d74016800 Uncommon trap: trap_request=0xffffffde fr.pc=0x00007f6d637c159c relative=0x0000000000000d7c
Event: 19.680 Thread 0x00007f6d74016800 Uncommon trap: reason=class_check action=maybe_recompile pc=0x00007f6d637c159c method=java.util.HashMap.putVal(ILjava/lang/Object;Ljava/lang/Object;ZZ)Ljava/lang/Object; @ 91 c2
Event: 19.680 Thread 0x00007f6d74016800 DEOPT PACKING pc=0x00007f6d637c159c sp=0x00007f6d7b2be5a0
Event: 19.680 Thread 0x00007f6d74016800 DEOPT UNPACKING pc=0x00007f6d5bce59a5 sp=0x00007f6d7b2be540 mode 2
Event: 19.680 Thread 0x00007f6d74016800 Uncommon trap: trap_request=0xffffffde fr.pc=0x00007f6d637c159c relative=0x0000000000000d7c
Event: 19.680 Thread 0x00007f6d74016800 Uncommon trap: reason=class_check action=maybe_recompile pc=0x00007f6d637c159c method=java.util.HashMap.putVal(ILjava/lang/Object;Ljava/lang/Object;ZZ)Ljava/lang/Object; @ 91 c2
Event: 19.680 Thread 0x00007f6d74016800 DEOPT PACKING pc=0x00007f6d637c159c sp=0x00007f6d7b2be5a0
Event: 19.680 Thread 0x00007f6d74016800 DEOPT UNPACKING pc=0x00007f6d5bce59a5 sp=0x00007f6d7b2be540 mode 2
Event: 19.712 Thread 0x00007f6d74016800 DEOPT PACKING pc=0x00007f6d5c5c5a20 sp=0x00007f6d7b2bc550
Event: 19.712 Thread 0x00007f6d74016800 DEOPT UNPACKING pc=0x00007f6d5bce57ba sp=0x00007f6d7b2bba88 mode 0
Event: 19.727 Thread 0x00007f6d74016800 DEOPT PACKING pc=0x00007f6d5c5c5a20 sp=0x00007f6d7b2be870
Event: 19.727 Thread 0x00007f6d74016800 DEOPT UNPACKING pc=0x00007f6d5bce57ba sp=0x00007f6d7b2bdda8 mode 0

Classes redefined (0 events):
No events

Internal exceptions (20 events):
Event: 19.050 Thread 0x00007f6d74016800 Exception <a 'java/net/SocketTimeoutException'{0x00000000c7826058}: Read timed out> (0x00000000c7826058) thrown at [./src/hotspot/share/prims/jni.cpp, line 636]
Event: 19.101 Thread 0x00007f6d74016800 Exception <a 'java/net/SocketTimeoutException'{0x00000000c7746608}: Read timed out> (0x00000000c7746608) thrown at [./src/hotspot/share/prims/jni.cpp, line 636]
Event: 19.119 Thread 0x00007f6d74016800 Exception <a 'java/net/SocketTimeoutException'{0x00000000c775cc90}: Read timed out> (0x00000000c775cc90) thrown at [./src/hotspot/share/prims/jni.cpp, line 636]
Event: 19.146 Thread 0x00007f6d74016800 Exception <a 'java/net/SocketTimeoutException'{0x00000000c77a7250}: Read timed out> (0x00000000c77a7250) thrown at [./src/hotspot/share/prims/jni.cpp, line 636]
Event: 19.377 Thread 0x00007f6d74016800 Exception <a 'java/net/SocketTimeoutException'{0x00000000c77b7ce8}: Read timed out> (0x00000000c77b7ce8) thrown at [./src/hotspot/share/prims/jni.cpp, line 636]
Event: 19.389 Thread 0x00007f6d74016800 Exception <a 'java/net/SocketTimeoutException'{0x00000000c77e3f00}: Read timed out> (0x00000000c77e3f00) thrown at [./src/hotspot/share/prims/jni.cpp, line 636]
Event: 19.414 Thread 0x00007f6d74016800 Exception <a 'java/net/SocketTimeoutException'{0x00000000c77f4710}: Read timed out> (0x00000000c77f4710) thrown at [./src/hotspot/share/prims/jni.cpp, line 636]
Event: 19.424 Thread 0x00007f6d74016800 Exception <a 'java/net/SocketTimeoutException'{0x00000000c750e958}: Read timed out> (0x00000000c750e958) thrown at [./src/hotspot/share/prims/jni.cpp, line 636]
Event: 19.458 Thread 0x00007f6d74016800 Exception <a 'java/net/SocketTimeoutException'{0x00000000c751f2e0}: Read timed out> (0x00000000c751f2e0) thrown at [./src/hotspot/share/prims/jni.cpp, line 636]
Event: 19.514 Thread 0x00007f6d74016800 Exception <a 'java/lang/ClassNotFoundException'{0x00000000c74d7738}: javax/smartcardio/CardPermission> (0x00000000c74d7738) thrown at [./src/hotspot/share/classfile/systemDictionary.cpp, line 231]
Event: 19.518 Thread 0x00007f6d74016800 Exception <a 'java/io/FileNotFoundException'{0x00000000c74e48a8}> (0x00000000c74e48a8) thrown at [./src/hotspot/share/prims/jni.cpp, line 615]
Event: 19.563 Thread 0x00007f6d74016800 Exception <a 'java/lang/ClassNotFoundException'{0x00000000c7247188}: sun/awt/resources/spi/awtProvider> (0x00000000c7247188) thrown at [./src/hotspot/share/classfile/systemDictionary.cpp, line 231]
Event: 19.572 Thread 0x00007f6d74016800 Exception <a 'java/io/FileNotFoundException'{0x00000000c728c460}> (0x00000000c728c460) thrown at [./src/hotspot/share/prims/jni.cpp, line 615]
Event: 19.583 Thread 0x00007f6d74016800 Exception <a 'java/lang/NoSuchMethodError'{0x00000000c72e6fb0}: 'java.lang.Object java.lang.invoke.DirectMethodHandle$Holder.invokeStatic(java.lang.Object, java.lang.Object, java.lang.Object, java.lang.Object, java.lang.Object, java.lang.Object, java.lang.Object, java.lang.Object, java.lang.Object, java.lang.Object, java.lang.Object, java.lang.Object, java.lang.Object, java.lang.Object, java.lang.Object)'> (0x00000000c72e6fb0) thrown at [./src/hotspot/share/interpreter/linkResolver.cpp, line 773]
Event: 19.586 Thread 0x00007f6d74016800 Exception <a 'java/lang/NoSuchMethodError'{0x00000000c72f4b60}: 'java.lang.Object java.lang.invoke.DirectMethodHandle$Holder.invokeStatic(java.lang.Object, java.lang.Object, java.lang.Object, java.lang.Object, java.lang.Object, java.lang.Object, java.lang.Object, java.lang.Object, java.lang.Object, java.lang.Object, java.lang.Object, java.lang.Object, java.lang.Object, java.lang.Object, java.lang.Object, java.lang.Object)'> (0x00000000c72f4b60) thrown at [./src/hotspot/share/interpreter/linkResolver.cpp, l
Event: 19.588 Thread 0x00007f6d74016800 Exception <a 'java/lang/NoSuchMethodError'{0x00000000c7102c70}: 'java.lang.Object java.lang.invoke.DirectMethodHandle$Holder.invokeSpecial(java.lang.Object, java.lang.Object, int, int, java.lang.Object, java.lang.Object, java.lang.Object)'> (0x00000000c7102c70) thrown at [./src/hotspot/share/interpreter/linkResolver.cpp, line 773]
Event: 19.589 Thread 0x00007f6d74016800 Exception <a 'java/lang/NoSuchMethodError'{0x00000000c7106200}: 'java.lang.Object java.lang.invoke.DelegatingMethodHandle$Holder.reinvoke_L(java.lang.Object, int, int, java.lang.Object, java.lang.Object, java.lang.Object)'> (0x00000000c7106200) thrown at [./src/hotspot/share/interpreter/linkResolver.cpp, line 773]
Event: 19.590 Thread 0x00007f6d74016800 Exception <a 'java/lang/NoSuchMethodError'{0x00000000c710a1d8}: 'java.lang.Object java.lang.invoke.DirectMethodHandle$Holder.invokeStatic(java.lang.Object, java.lang.Object, java.lang.Object, java.lang.Object, int)'> (0x00000000c710a1d8) thrown at [./src/hotspot/share/interpreter/linkResolver.cpp, line 773]
Event: 19.661 Thread 0x00007f6d74016800 Exception <a 'java/lang/UnsatisfiedLinkError'{0x00000000c6e3ed58}: libtesseract.so: cannot open shared object file: No such file or directory> (0x00000000c6e3ed58) thrown at [./src/hotspot/share/prims/jni.cpp, line 636]
Event: 19.661 Thread 0x00007f6d74016800 Exception <a 'java/lang/UnsatisfiedLinkError'{0x00000000c6e3f868}: libtesseract.so: cannot open shared object file: No such file or directory> (0x00000000c6e3f868) thrown at [./src/hotspot/share/prims/jni.cpp, line 636]

Events (20 events):
Event: 19.746 loading class com/sun/imageio/plugins/tiff/TIFFIFD
Event: 19.747 loading class javax/imageio/plugins/tiff/TIFFDirectory
Event: 19.747 loading class javax/imageio/plugins/tiff/TIFFDirectory done
Event: 19.747 loading class com/sun/imageio/plugins/tiff/TIFFIFD done
Event: 19.747 loading class javax/imageio/plugins/tiff/TIFFField
Event: 19.747 loading class javax/imageio/plugins/tiff/TIFFField done
Event: 19.747 loading class com/sun/imageio/plugins/tiff/TIFFIFD$TIFFIFDEntry
Event: 19.747 loading class com/sun/imageio/plugins/tiff/TIFFIFD$TIFFIFDEntry done
Event: 19.747 loading class com/sun/imageio/plugins/tiff/TIFFDecompressor
Event: 19.748 loading class com/sun/imageio/plugins/tiff/TIFFDecompressor done
Event: 19.748 loading class com/sun/imageio/plugins/common/ImageUtil
Event: 19.748 loading class com/sun/imageio/plugins/common/ImageUtil done
Event: 19.748 loading class com/sun/imageio/plugins/tiff/TIFFNullDecompressor
Event: 19.748 loading class com/sun/imageio/plugins/tiff/TIFFNullDecompressor done
Event: 19.748 loading class com/sun/imageio/plugins/tiff/TIFFImageWriter
Event: 19.749 loading class com/sun/imageio/plugins/tiff/TIFFImageWriter done
Event: 19.750 loading class java/lang/StrictMath
Event: 19.750 loading class java/lang/StrictMath done
Event: 19.750 loading class com/sun/jna/Native$Buffers
Event: 19.750 loading class com/sun/jna/Native$Buffers done


Dynamic libraries:
c4400000-c8000000 rw-p 00000000 00:00 0 
c8000000-ffe00000 ---p 00000000 00:00 0 
ffe00000-ffe47000 rw-p 0110b000 08:01 12456481                           /usr/lib/jvm/java-11-openjdk-amd64/lib/server/classes.jsa
ffe47000-fff00000 rw-p 00000000 00:00 0 
fff00000-fff6a000 rw-p 010a1000 08:01 12456481                           /usr/lib/jvm/java-11-openjdk-amd64/lib/server/classes.jsa
fff6a000-100000000 rw-p 00000000 00:00 0 
800000000-800002000 rwxp 00001000 08:01 12456481                         /usr/lib/jvm/java-11-openjdk-amd64/lib/server/classes.jsa
800002000-8003b8000 rw-p 00003000 08:01 12456481                         /usr/lib/jvm/java-11-openjdk-amd64/lib/server/classes.jsa
8003b8000-800a93000 r--p 003b9000 08:01 12456481                         /usr/lib/jvm/java-11-openjdk-amd64/lib/server/classes.jsa
800a93000-800a94000 rw-p 00a94000 08:01 12456481                         /usr/lib/jvm/java-11-openjdk-amd64/lib/server/classes.jsa
800a94000-8010a0000 r--p 00a95000 08:01 12456481                         /usr/lib/jvm/java-11-openjdk-amd64/lib/server/classes.jsa
840000000-840200000 rw-p 00000000 00:00 0 
840200000-880000000 ---p 00000000 00:00 0 
5618c96e3000-5618c96e4000 r-xp 00000000 08:01 12455190                   /usr/lib/jvm/java-11-openjdk-amd64/bin/java
5618c98e4000-5618c98e5000 r--p 00001000 08:01 12455190                   /usr/lib/jvm/java-11-openjdk-amd64/bin/java
5618c98e5000-5618c98e6000 rw-p 00002000 08:01 12455190                   /usr/lib/jvm/java-11-openjdk-amd64/bin/java
5618c9f34000-5618c9f55000 rw-p 00000000 00:00 0                          [heap]
7f6cec000000-7f6cec021000 rw-p 00000000 00:00 0 
7f6cec021000-7f6cf0000000 ---p 00000000 00:00 0 
7f6cf39cc000-7f6cf3a8c000 rw-p 00000000 00:00 0 
7f6cf3a8c000-7f6cf3bcc000 ---p 00000000 00:00 0 
7f6cf3bcc000-7f6cf3bd7000 r-xp 00000000 08:01 6562053                    /usr/lib/x86_64-linux-gnu/libjbig.so.0
7f6cf3bd7000-7f6cf3dd6000 ---p 0000b000 08:01 6562053                    /usr/lib/x86_64-linux-gnu/libjbig.so.0
7f6cf3dd6000-7f6cf3dd7000 r--p 0000a000 08:01 6562053                    /usr/lib/x86_64-linux-gnu/libjbig.so.0
7f6cf3dd7000-7f6cf3dda000 rw-p 0000b000 08:01 6562053                    /usr/lib/x86_64-linux-gnu/libjbig.so.0
7f6cf3dda000-7f6cf3dfe000 r-xp 00000000 08:01 9966594                    /lib/x86_64-linux-gnu/liblzma.so.5.2.2
7f6cf3dfe000-7f6cf3ffe000 ---p 00024000 08:01 9966594                    /lib/x86_64-linux-gnu/liblzma.so.5.2.2
7f6cf3ffe000-7f6cf3fff000 r--p 00024000 08:01 9966594                    /lib/x86_64-linux-gnu/liblzma.so.5.2.2
7f6cf3fff000-7f6cf4000000 rw-p 00025000 08:01 9966594                    /lib/x86_64-linux-gnu/liblzma.so.5.2.2
7f6cf4000000-7f6cf4021000 rw-p 00000000 00:00 0 
7f6cf4021000-7f6cf8000000 ---p 00000000 00:00 0 
7f6cf8000000-7f6cf8021000 rw-p 00000000 00:00 0 
7f6cf8021000-7f6cfc000000 ---p 00000000 00:00 0 
7f6cfc000000-7f6cfc021000 rw-p 00000000 00:00 0 
7f6cfc021000-7f6d00000000 ---p 00000000 00:00 0 
7f6d001e0000-7f6d00234000 r-xp 00000000 08:01 6555779                    /usr/lib/x86_64-linux-gnu/libopenjp2.so.2.3.0
7f6d00234000-7f6d00434000 ---p 00054000 08:01 6555779                    /usr/lib/x86_64-linux-gnu/libopenjp2.so.2.3.0
7f6d00434000-7f6d00435000 r--p 00054000 08:01 6555779                    /usr/lib/x86_64-linux-gnu/libopenjp2.so.2.3.0
7f6d00435000-7f6d00436000 rw-p 00055000 08:01 6555779                    /usr/lib/x86_64-linux-gnu/libopenjp2.so.2.3.0
7f6d00436000-7f6d0049c000 r-xp 00000000 08:01 6562528                    /usr/lib/x86_64-linux-gnu/libwebp.so.6.0.2
7f6d0049c000-7f6d0069b000 ---p 00066000 08:01 6562528                    /usr/lib/x86_64-linux-gnu/libwebp.so.6.0.2
7f6d0069b000-7f6d0069c000 r--p 00065000 08:01 6562528                    /usr/lib/x86_64-linux-gnu/libwebp.so.6.0.2
7f6d0069c000-7f6d0069d000 rw-p 00066000 08:01 6562528                    /usr/lib/x86_64-linux-gnu/libwebp.so.6.0.2
7f6d0069d000-7f6d0069f000 rw-p 00000000 00:00 0 
7f6d0069f000-7f6d00712000 r-xp 00000000 08:01 6554686                    /usr/lib/x86_64-linux-gnu/libtiff.so.5.3.0
7f6d00712000-7f6d00911000 ---p 00073000 08:01 6554686                    /usr/lib/x86_64-linux-gnu/libtiff.so.5.3.0
7f6d00911000-7f6d00915000 r--p 00072000 08:01 6554686                    /usr/lib/x86_64-linux-gnu/libtiff.so.5.3.0
7f6d00915000-7f6d00916000 rw-p 00076000 08:01 6554686                    /usr/lib/x86_64-linux-gnu/libtiff.so.5.3.0
7f6d00916000-7f6d0091e000 r-xp 00000000 08:01 6562893                    /usr/lib/x86_64-linux-gnu/libgif.so.7.0.0
7f6d0091e000-7f6d00b1d000 ---p 00008000 08:01 6562893                    /usr/lib/x86_64-linux-gnu/libgif.so.7.0.0
7f6d00b1d000-7f6d00b1e000 r--p 00007000 08:01 6562893                    /usr/lib/x86_64-linux-gnu/libgif.so.7.0.0
7f6d00b1e000-7f6d00b1f000 rw-p 00008000 08:01 6562893                    /usr/lib/x86_64-linux-gnu/libgif.so.7.0.0
7f6d00b1f000-7f6d00b86000 r-xp 00000000 08:01 6554613                    /usr/lib/x86_64-linux-gnu/libjpeg.so.8.1.2
7f6d00b86000-7f6d00d85000 ---p 00067000 08:01 6554613                    /usr/lib/x86_64-linux-gnu/libjpeg.so.8.1.2
7f6d00d85000-7f6d00d86000 r--p 00066000 08:01 6554613                    /usr/lib/x86_64-linux-gnu/libjpeg.so.8.1.2
7f6d00d86000-7f6d00d87000 rw-p 00067000 08:01 6554613                    /usr/lib/x86_64-linux-gnu/libjpeg.so.8.1.2
7f6d00d87000-7f6d00db8000 r-xp 00000000 08:01 6562256                    /usr/lib/x86_64-linux-gnu/libpng16.so.16.34.0
7f6d00db8000-7f6d00fb7000 ---p 00031000 08:01 6562256                    /usr/lib/x86_64-linux-gnu/libpng16.so.16.34.0
7f6d00fb7000-7f6d00fb8000 r--p 00030000 08:01 6562256                    /usr/lib/x86_64-linux-gnu/libpng16.so.16.34.0
7f6d00fb8000-7f6d00fb9000 rw-p 00031000 08:01 6562256                    /usr/lib/x86_64-linux-gnu/libpng16.so.16.34.0
7f6d00fb9000-7f6d00fe7000 r-xp 00000000 08:01 6555237                    /usr/lib/x86_64-linux-gnu/libgomp.so.1.0.0
7f6d00fe7000-7f6d011e6000 ---p 0002e000 08:01 6555237                    /usr/lib/x86_64-linux-gnu/libgomp.so.1.0.0
7f6d011e6000-7f6d011e7000 r--p 0002d000 08:01 6555237                    /usr/lib/x86_64-linux-gnu/libgomp.so.1.0.0
7f6d011e7000-7f6d011e8000 rw-p 0002e000 08:01 6555237                    /usr/lib/x86_64-linux-gnu/libgomp.so.1.0.0
7f6d011e8000-7f6d01444000 r-xp 00000000 08:01 6556067                    /usr/lib/x86_64-linux-gnu/liblept.so.5.0.2
7f6d01444000-7f6d01643000 ---p 0025c000 08:01 6556067                    /usr/lib/x86_64-linux-gnu/liblept.so.5.0.2
7f6d01643000-7f6d01644000 r--p 0025b000 08:01 6556067                    /usr/lib/x86_64-linux-gnu/liblept.so.5.0.2
7f6d01644000-7f6d0164a000 rw-p 0025c000 08:01 6556067                    /usr/lib/x86_64-linux-gnu/liblept.so.5.0.2
7f6d0164a000-7f6d01957000 r-xp 00000000 08:01 6556069                    /usr/lib/x86_64-linux-gnu/libtesseract.so.4.0.0
7f6d01957000-7f6d01b56000 ---p 0030d000 08:01 6556069                    /usr/lib/x86_64-linux-gnu/libtesseract.so.4.0.0
7f6d01b56000-7f6d01b5b000 r--p 0030c000 08:01 6556069                    /usr/lib/x86_64-linux-gnu/libtesseract.so.4.0.0
7f6d01b5b000-7f6d01b5c000 rw-p 00311000 08:01 6556069                    /usr/lib/x86_64-linux-gnu/libtesseract.so.4.0.0
7f6d01b5c000-7f6d01e00000 rw-p 00000000 00:00 0 
7f6d01e00000-7f6d01e17000 r-xp 00000000 08:01 19017299                   /tmp/jna-104583599/jna561702323864761846.tmp (deleted)
7f6d01e17000-7f6d01f16000 ---p 00017000 08:01 19017299                   /tmp/jna-104583599/jna561702323864761846.tmp (deleted)
7f6d01f16000-7f6d01f18000 rw-p 00016000 08:01 19017299                   /tmp/jna-104583599/jna561702323864761846.tmp (deleted)
7f6d01f18000-7f6d01f1c000 ---p 00000000 00:00 0 
7f6d01f1c000-7f6d02019000 rw-p 00000000 00:00 0 
7f6d02019000-7f6d0202c000 r-xp 00000000 08:01 9961655                    /lib/x86_64-linux-gnu/libbsd.so.0.8.7
7f6d0202c000-7f6d0222b000 ---p 00013000 08:01 9961655                    /lib/x86_64-linux-gnu/libbsd.so.0.8.7
7f6d0222b000-7f6d0222c000 r--p 00012000 08:01 9961655                    /lib/x86_64-linux-gnu/libbsd.so.0.8.7
7f6d0222c000-7f6d0222d000 rw-p 00013000 08:01 9961655                    /lib/x86_64-linux-gnu/libbsd.so.0.8.7
7f6d0222d000-7f6d0222e000 rw-p 00000000 00:00 0 
7f6d0222e000-7f6d02233000 r-xp 00000000 08:01 6561397                    /usr/lib/x86_64-linux-gnu/libXdmcp.so.6.0.0
7f6d02233000-7f6d02432000 ---p 00005000 08:01 6561397                    /usr/lib/x86_64-linux-gnu/libXdmcp.so.6.0.0
7f6d02432000-7f6d02433000 r--p 00004000 08:01 6561397                    /usr/lib/x86_64-linux-gnu/libXdmcp.so.6.0.0
7f6d02433000-7f6d02434000 rw-p 00005000 08:01 6561397                    /usr/lib/x86_64-linux-gnu/libXdmcp.so.6.0.0
7f6d02434000-7f6d02436000 r-xp 00000000 08:01 6561386                    /usr/lib/x86_64-linux-gnu/libXau.so.6.0.0
7f6d02436000-7f6d02636000 ---p 00002000 08:01 6561386                    /usr/lib/x86_64-linux-gnu/libXau.so.6.0.0
7f6d02636000-7f6d02637000 r--p 00002000 08:01 6561386                    /usr/lib/x86_64-linux-gnu/libXau.so.6.0.0
7f6d02637000-7f6d02638000 rw-p 00003000 08:01 6561386                    /usr/lib/x86_64-linux-gnu/libXau.so.6.0.0
7f6d02638000-7f6d0265e000 r-xp 00000000 08:01 6562599                    /usr/lib/x86_64-linux-gnu/libxcb.so.1.1.0
7f6d0265e000-7f6d0285e000 ---p 00026000 08:01 6562599                    /usr/lib/x86_64-linux-gnu/libxcb.so.1.1.0
7f6d0285e000-7f6d0285f000 r--p 00026000 08:01 6562599                    /usr/lib/x86_64-linux-gnu/libxcb.so.1.1.0
7f6d0285f000-7f6d02860000 rw-p 00027000 08:01 6562599                    /usr/lib/x86_64-linux-gnu/libxcb.so.1.1.0
7f6d02860000-7f6d0286f000 r-xp 00000000 08:01 6561407                    /usr/lib/x86_64-linux-gnu/libXi.so.6.1.0
7f6d0286f000-7f6d02a6e000 ---p 0000f000 08:01 6561407                    /usr/lib/x86_64-linux-gnu/libXi.so.6.1.0
7f6d02a6e000-7f6d02a6f000 r--p 0000e000 08:01 6561407                    /usr/lib/x86_64-linux-gnu/libXi.so.6.1.0
7f6d02a6f000-7f6d02a70000 rw-p 0000f000 08:01 6561407                    /usr/lib/x86_64-linux-gnu/libXi.so.6.1.0
7f6d02a70000-7f6d02a75000 r-xp 00000000 08:01 6561425                    /usr/lib/x86_64-linux-gnu/libXtst.so.6.1.0
7f6d02a75000-7f6d02c74000 ---p 00005000 08:01 6561425                    /usr/lib/x86_64-linux-gnu/libXtst.so.6.1.0
7f6d02c74000-7f6d02c75000 r--p 00004000 08:01 6561425                    /usr/lib/x86_64-linux-gnu/libXtst.so.6.1.0
7f6d02c75000-7f6d02c76000 rw-p 00005000 08:01 6561425                    /usr/lib/x86_64-linux-gnu/libXtst.so.6.1.0
7f6d02c76000-7f6d02c7f000 r-xp 00000000 08:01 6561419                    /usr/lib/x86_64-linux-gnu/libXrender.so.1.3.0
7f6d02c7f000-7f6d02e7e000 ---p 00009000 08:01 6561419                    /usr/lib/x86_64-linux-gnu/libXrender.so.1.3.0
7f6d02e7e000-7f6d02e7f000 r--p 00008000 08:01 6561419                    /usr/lib/x86_64-linux-gnu/libXrender.so.1.3.0
7f6d02e7f000-7f6d02e80000 rw-p 00009000 08:01 6561419                    /usr/lib/x86_64-linux-gnu/libXrender.so.1.3.0
7f6d02e80000-7f6d02fb3000 r-xp 00000000 08:01 6561382                    /usr/lib/x86_64-linux-gnu/libX11.so.6.3.0
7f6d02fb3000-7f6d031b3000 ---p 00133000 08:01 6561382                    /usr/lib/x86_64-linux-gnu/libX11.so.6.3.0
7f6d031b3000-7f6d031b4000 r--p 00133000 08:01 6561382                    /usr/lib/x86_64-linux-gnu/libX11.so.6.3.0
7f6d031b4000-7f6d031b8000 rw-p 00134000 08:01 6561382                    /usr/lib/x86_64-linux-gnu/libX11.so.6.3.0
7f6d031b8000-7f6d031c9000 r-xp 00000000 08:01 6561399                    /usr/lib/x86_64-linux-gnu/libXext.so.6.4.0
7f6d031c9000-7f6d033c8000 ---p 00011000 08:01 6561399                    /usr/lib/x86_64-linux-gnu/libXext.so.6.4.0
7f6d033c8000-7f6d033c9000 r--p 00010000 08:01 6561399                    /usr/lib/x86_64-linux-gnu/libXext.so.6.4.0
7f6d033c9000-7f6d033ca000 rw-p 00011000 08:01 6561399                    /usr/lib/x86_64-linux-gnu/libXext.so.6.4.0
7f6d033ca000-7f6d03429000 r-xp 00000000 08:01 12455373                   /usr/lib/jvm/java-11-openjdk-amd64/lib/libawt_xawt.so
7f6d03429000-7f6d03628000 ---p 0005f000 08:01 12455373                   /usr/lib/jvm/java-11-openjdk-amd64/lib/libawt_xawt.so
7f6d03628000-7f6d03629000 r--p 0005e000 08:01 12455373                   /usr/lib/jvm/java-11-openjdk-amd64/lib/libawt_xawt.so
7f6d03629000-7f6d0362c000 rw-p 0005f000 08:01 12455373                   /usr/lib/jvm/java-11-openjdk-amd64/lib/libawt_xawt.so
7f6d0362c000-7f6d0362e000 rw-p 00000000 00:00 0 
7f6d0362e000-7f6d036cc000 r-xp 00000000 08:01 12455371                   /usr/lib/jvm/java-11-openjdk-amd64/lib/libawt.so
7f6d036cc000-7f6d038cc000 ---p 0009e000 08:01 12455371                   /usr/lib/jvm/java-11-openjdk-amd64/lib/libawt.so
7f6d038cc000-7f6d038cd000 r--p 0009e000 08:01 12455371                   /usr/lib/jvm/java-11-openjdk-amd64/lib/libawt.so
7f6d038cd000-7f6d038d8000 rw-p 0009f000 08:01 12455371                   /usr/lib/jvm/java-11-openjdk-amd64/lib/libawt.so
7f6d038d8000-7f6d03afd000 rw-p 00000000 00:00 0 
7f6d03afd000-7f6d03b01000 ---p 00000000 00:00 0 
7f6d03b01000-7f6d03bfe000 rw-p 00000000 00:00 0 
7f6d03bfe000-7f6d03c02000 ---p 00000000 00:00 0 
7f6d03c02000-7f6d03eff000 rw-p 00000000 00:00 0 
7f6d03eff000-7f6d03f03000 ---p 00000000 00:00 0 
7f6d03f03000-7f6d04000000 rw-p 00000000 00:00 0 
7f6d04000000-7f6d04021000 rw-p 00000000 00:00 0 
7f6d04021000-7f6d08000000 ---p 00000000 00:00 0 
7f6d08000000-7f6d08021000 rw-p 00000000 00:00 0 
7f6d08021000-7f6d0c000000 ---p 00000000 00:00 0 
7f6d0c000000-7f6d0c021000 rw-p 00000000 00:00 0 
7f6d0c021000-7f6d10000000 ---p 00000000 00:00 0 
7f6d10000000-7f6d10021000 rw-p 00000000 00:00 0 
7f6d10021000-7f6d14000000 ---p 00000000 00:00 0 
7f6d14000000-7f6d14021000 rw-p 00000000 00:00 0 
7f6d14021000-7f6d18000000 ---p 00000000 00:00 0 
7f6d18000000-7f6d18021000 rw-p 00000000 00:00 0 
7f6d18021000-7f6d1c000000 ---p 00000000 00:00 0 
7f6d1c000000-7f6d1c021000 rw-p 00000000 00:00 0 
7f6d1c021000-7f6d20000000 ---p 00000000 00:00 0 
7f6d20000000-7f6d20021000 rw-p 00000000 00:00 0 
7f6d20021000-7f6d24000000 ---p 00000000 00:00 0 
7f6d24000000-7f6d24539000 rw-p 00000000 00:00 0 
7f6d24539000-7f6d28000000 ---p 00000000 00:00 0 
7f6d28000000-7f6d28021000 rw-p 00000000 00:00 0 
7f6d28021000-7f6d2c000000 ---p 00000000 00:00 0 
7f6d2c000000-7f6d2c021000 rw-p 00000000 00:00 0 
7f6d2c021000-7f6d30000000 ---p 00000000 00:00 0 
7f6d30000000-7f6d30392000 rw-p 00000000 00:00 0 
7f6d30392000-7f6d34000000 ---p 00000000 00:00 0 
7f6d34000000-7f6d34021000 rw-p 00000000 00:00 0 
7f6d34021000-7f6d38000000 ---p 00000000 00:00 0 
7f6d38000000-7f6d38021000 rw-p 00000000 00:00 0 
7f6d38021000-7f6d3c000000 ---p 00000000 00:00 0 
7f6d3c000000-7f6d3c021000 rw-p 00000000 00:00 0 
7f6d3c021000-7f6d40000000 ---p 00000000 00:00 0 
7f6d40000000-7f6d40021000 rw-p 00000000 00:00 0 
7f6d40021000-7f6d44000000 ---p 00000000 00:00 0 
7f6d44000000-7f6d44021000 rw-p 00000000 00:00 0 
7f6d44021000-7f6d48000000 ---p 00000000 00:00 0 
7f6d480c8000-7f6d480cc000 ---p 00000000 00:00 0 
7f6d480cc000-7f6d481c9000 rw-p 00000000 00:00 0 
7f6d481c9000-7f6d481cd000 ---p 00000000 00:00 0 
7f6d481cd000-7f6d482ca000 rw-p 00000000 00:00 0 
7f6d482ca000-7f6d482ce000 ---p 00000000 00:00 0 
7f6d482ce000-7f6d483cb000 rw-p 00000000 00:00 0 
7f6d483cb000-7f6d483cc000 ---p 00000000 00:00 0 
7f6d483cc000-7f6d484cd000 rw-p 00000000 00:00 0 
7f6d484cd000-7f6d484f7000 r-xp 00000000 08:01 12455404                   /usr/lib/jvm/java-11-openjdk-amd64/lib/libsunec.so
7f6d484f7000-7f6d486f6000 ---p 0002a000 08:01 12455404                   /usr/lib/jvm/java-11-openjdk-amd64/lib/libsunec.so
7f6d486f6000-7f6d486fa000 r--p 00029000 08:01 12455404                   /usr/lib/jvm/java-11-openjdk-amd64/lib/libsunec.so
7f6d486fa000-7f6d486fc000 rw-p 0002d000 08:01 12455404                   /usr/lib/jvm/java-11-openjdk-amd64/lib/libsunec.so
7f6d486fc000-7f6d486fe000 r-xp 00000000 08:01 12455375                   /usr/lib/jvm/java-11-openjdk-amd64/lib/libextnet.so
7f6d486fe000-7f6d488fd000 ---p 00002000 08:01 12455375                   /usr/lib/jvm/java-11-openjdk-amd64/lib/libextnet.so
7f6d488fd000-7f6d488fe000 r--p 00001000 08:01 12455375                   /usr/lib/jvm/java-11-openjdk-amd64/lib/libextnet.so
7f6d488fe000-7f6d488ff000 rw-p 00002000 08:01 12455375                   /usr/lib/jvm/java-11-openjdk-amd64/lib/libextnet.so
7f6d488ff000-7f6d48915000 r-xp 00000000 08:01 12455398                   /usr/lib/jvm/java-11-openjdk-amd64/lib/libnet.so
7f6d48915000-7f6d48b14000 ---p 00016000 08:01 12455398                   /usr/lib/jvm/java-11-openjdk-amd64/lib/libnet.so
7f6d48b14000-7f6d48b15000 r--p 00015000 08:01 12455398                   /usr/lib/jvm/java-11-openjdk-amd64/lib/libnet.so
7f6d48b15000-7f6d48b16000 rw-p 00016000 08:01 12455398                   /usr/lib/jvm/java-11-openjdk-amd64/lib/libnet.so
7f6d48b16000-7f6d48b26000 r-xp 00000000 08:01 12455399                   /usr/lib/jvm/java-11-openjdk-amd64/lib/libnio.so
7f6d48b26000-7f6d48d25000 ---p 00010000 08:01 12455399                   /usr/lib/jvm/java-11-openjdk-amd64/lib/libnio.so
7f6d48d25000-7f6d48d26000 r--p 0000f000 08:01 12455399                   /usr/lib/jvm/java-11-openjdk-amd64/lib/libnio.so
7f6d48d26000-7f6d48d27000 rw-p 00010000 08:01 12455399                   /usr/lib/jvm/java-11-openjdk-amd64/lib/libnio.so
7f6d48d27000-7f6d48d2b000 ---p 00000000 00:00 0 
7f6d48d2b000-7f6d48e28000 rw-p 00000000 00:00 0 
7f6d48e28000-7f6d48e29000 ---p 00000000 00:00 0 
7f6d48e29000-7f6d48f2a000 rw-p 00000000 00:00 0 
7f6d48f2a000-7f6d48f2e000 ---p 00000000 00:00 0 
7f6d48f2e000-7f6d4902b000 rw-p 00000000 00:00 0 
7f6d4902b000-7f6d4902f000 ---p 00000000 00:00 0 
7f6d4902f000-7f6d4912c000 rw-p 00000000 00:00 0 
7f6d4912c000-7f6d49130000 ---p 00000000 00:00 0 
7f6d49130000-7f6d4922d000 rw-p 00000000 00:00 0 
7f6d4922d000-7f6d49231000 ---p 00000000 00:00 0 
7f6d49231000-7f6d4932e000 rw-p 00000000 00:00 0 
7f6d4932e000-7f6d49332000 ---p 00000000 00:00 0 
7f6d49332000-7f6d4942f000 rw-p 00000000 00:00 0 
7f6d4942f000-7f6d49dfe000 r--p 00000000 08:01 6560357                    /usr/lib/locale/locale-archive
7f6d49dfe000-7f6d49e02000 ---p 00000000 00:00 0 
7f6d49e02000-7f6d49eff000 rw-p 00000000 00:00 0 
7f6d49eff000-7f6d49f03000 ---p 00000000 00:00 0 
7f6d49f03000-7f6d4c000000 rw-p 00000000 00:00 0 
7f6d4c000000-7f6d4c021000 rw-p 00000000 00:00 0 
7f6d4c021000-7f6d50000000 ---p 00000000 00:00 0 
7f6d50000000-7f6d50021000 rw-p 00000000 00:00 0 
7f6d50021000-7f6d54000000 ---p 00000000 00:00 0 
7f6d54000000-7f6d54021000 rw-p 00000000 00:00 0 
7f6d54021000-7f6d58000000 ---p 00000000 00:00 0 
7f6d580d8000-7f6d580d9000 ---p 00000000 00:00 0 
7f6d580d9000-7f6d58a5b000 rw-p 00000000 00:00 0 
7f6d58a5b000-7f6d58a5c000 ---p 00000000 00:00 0 
7f6d58a5c000-7f6d58b5d000 rw-p 00000000 00:00 0 
7f6d58b5d000-7f6d58b5e000 ---p 00000000 00:00 0 
7f6d58b5e000-7f6d59063000 rw-p 00000000 00:00 0 
7f6d59063000-7f6d59064000 ---p 00000000 00:00 0 
7f6d59064000-7f6d59165000 rw-p 00000000 00:00 0 
7f6d59165000-7f6d59166000 ---p 00000000 00:00 0 
7f6d59166000-7f6d59357000 rw-p 00000000 00:00 0 
7f6d59357000-7f6d5a14f000 ---p 00000000 00:00 0 
7f6d5a14f000-7f6d5a247000 rw-p 00000000 00:00 0 
7f6d5a247000-7f6d5b03f000 ---p 00000000 00:00 0 
7f6d5b03f000-7f6d5b065000 rw-p 00000000 00:00 0 
7f6d5b065000-7f6d5b224000 ---p 00000000 00:00 0 
7f6d5b224000-7f6d5b243000 rw-p 00000000 00:00 0 
7f6d5b243000-7f6d5b402000 ---p 00000000 00:00 0 
7f6d5b402000-7f6d5b421000 rw-p 00000000 00:00 0 
7f6d5b421000-7f6d5b5e0000 ---p 00000000 00:00 0 
7f6d5b5e0000-7f6d5b9e5000 rw-p 00000000 00:00 0 
7f6d5b9e5000-7f6d5b9e6000 ---p 00000000 00:00 0 
7f6d5b9e6000-7f6d5baec000 rw-p 00000000 00:00 0 
7f6d5baec000-7f6d5bbd2000 ---p 00000000 00:00 0 
7f6d5bbd2000-7f6d5bbda000 rw-p 00000000 00:00 0 
7f6d5bbda000-7f6d5bcbd000 ---p 00000000 00:00 0 
7f6d5bcbd000-7f6d5bf2d000 rwxp 00000000 00:00 0 
7f6d5bf2d000-7f6d5c24d000 ---p 00000000 00:00 0 
7f6d5c24d000-7f6d5c5ed000 rwxp 00000000 00:00 0 
7f6d5c5ed000-7f6d63785000 ---p 00000000 00:00 0 
7f6d63785000-7f6d639f5000 rwxp 00000000 00:00 0 
7f6d639f5000-7f6d6acbd000 ---p 00000000 00:00 0 
7f6d6acbd000-7f6d733b0000 r--s 00000000 08:01 12455408                   /usr/lib/jvm/java-11-openjdk-amd64/lib/modules
7f6d733b0000-7f6d733b5000 r-xp 00000000 08:01 12455386                   /usr/lib/jvm/java-11-openjdk-amd64/lib/libjimage.so
7f6d733b5000-7f6d735b4000 ---p 00005000 08:01 12455386                   /usr/lib/jvm/java-11-openjdk-amd64/lib/libjimage.so
7f6d735b4000-7f6d735b5000 r--p 00004000 08:01 12455386                   /usr/lib/jvm/java-11-openjdk-amd64/lib/libjimage.so
7f6d735b5000-7f6d735b6000 rw-p 00005000 08:01 12455386                   /usr/lib/jvm/java-11-openjdk-amd64/lib/libjimage.so
7f6d735b6000-7f6d735bd000 r-xp 00000000 08:01 12455407                   /usr/lib/jvm/java-11-openjdk-amd64/lib/libzip.so
7f6d735bd000-7f6d737bc000 ---p 00007000 08:01 12455407                   /usr/lib/jvm/java-11-openjdk-amd64/lib/libzip.so
7f6d737bc000-7f6d737bd000 r--p 00006000 08:01 12455407                   /usr/lib/jvm/java-11-openjdk-amd64/lib/libzip.so
7f6d737bd000-7f6d737be000 rw-p 00007000 08:01 12455407                   /usr/lib/jvm/java-11-openjdk-amd64/lib/libzip.so
7f6d737be000-7f6d737c9000 r-xp 00000000 08:01 9966624                    /lib/x86_64-linux-gnu/libnss_files-2.27.so
7f6d737c9000-7f6d739c8000 ---p 0000b000 08:01 9966624                    /lib/x86_64-linux-gnu/libnss_files-2.27.so
7f6d739c8000-7f6d739c9000 r--p 0000a000 08:01 9966624                    /lib/x86_64-linux-gnu/libnss_files-2.27.so
7f6d739c9000-7f6d739ca000 rw-p 0000b000 08:01 9966624                    /lib/x86_64-linux-gnu/libnss_files-2.27.so
7f6d739ca000-7f6d739d0000 rw-p 00000000 00:00 0 
7f6d739d0000-7f6d739e7000 r-xp 00000000 08:01 9966618                    /lib/x86_64-linux-gnu/libnsl-2.27.so
7f6d739e7000-7f6d73be6000 ---p 00017000 08:01 9966618                    /lib/x86_64-linux-gnu/libnsl-2.27.so
7f6d73be6000-7f6d73be7000 r--p 00016000 08:01 9966618                    /lib/x86_64-linux-gnu/libnsl-2.27.so
7f6d73be7000-7f6d73be8000 rw-p 00017000 08:01 9966618                    /lib/x86_64-linux-gnu/libnsl-2.27.so
7f6d73be8000-7f6d73bea000 rw-p 00000000 00:00 0 
7f6d73bea000-7f6d73bf5000 r-xp 00000000 08:01 9966635                    /lib/x86_64-linux-gnu/libnss_nis-2.27.so
7f6d73bf5000-7f6d73df4000 ---p 0000b000 08:01 9966635                    /lib/x86_64-linux-gnu/libnss_nis-2.27.so
7f6d73df4000-7f6d73df5000 r--p 0000a000 08:01 9966635                    /lib/x86_64-linux-gnu/libnss_nis-2.27.so
7f6d73df5000-7f6d73df6000 rw-p 0000b000 08:01 9966635                    /lib/x86_64-linux-gnu/libnss_nis-2.27.so
7f6d73df6000-7f6d73dfe000 r-xp 00000000 08:01 9966620                    /lib/x86_64-linux-gnu/libnss_compat-2.27.so
7f6d73dfe000-7f6d73ffe000 ---p 00008000 08:01 9966620                    /lib/x86_64-linux-gnu/libnss_compat-2.27.so
7f6d73ffe000-7f6d73fff000 r--p 00008000 08:01 9966620                    /lib/x86_64-linux-gnu/libnss_compat-2.27.so
7f6d73fff000-7f6d74000000 rw-p 00009000 08:01 9966620                    /lib/x86_64-linux-gnu/libnss_compat-2.27.so
7f6d74000000-7f6d7487f000 rw-p 00000000 00:00 0 
7f6d7487f000-7f6d78000000 ---p 00000000 00:00 0 
7f6d78054000-7f6d78058000 ---p 00000000 00:00 0 
7f6d78058000-7f6d780d1000 rw-p 00000000 00:00 0 
7f6d780d1000-7f6d780fa000 r-xp 00000000 08:01 12455382                   /usr/lib/jvm/java-11-openjdk-amd64/lib/libjava.so
7f6d780fa000-7f6d782f9000 ---p 00029000 08:01 12455382                   /usr/lib/jvm/java-11-openjdk-amd64/lib/libjava.so
7f6d782f9000-7f6d782fa000 r--p 00028000 08:01 12455382                   /usr/lib/jvm/java-11-openjdk-amd64/lib/libjava.so
7f6d782fa000-7f6d782fc000 rw-p 00029000 08:01 12455382                   /usr/lib/jvm/java-11-openjdk-amd64/lib/libjava.so
7f6d782fc000-7f6d78309000 r-xp 00000000 08:01 12455406                   /usr/lib/jvm/java-11-openjdk-amd64/lib/libverify.so
7f6d78309000-7f6d78508000 ---p 0000d000 08:01 12455406                   /usr/lib/jvm/java-11-openjdk-amd64/lib/libverify.so
7f6d78508000-7f6d7850a000 r--p 0000c000 08:01 12455406                   /usr/lib/jvm/java-11-openjdk-amd64/lib/libverify.so
7f6d7850a000-7f6d7850b000 rw-p 0000e000 08:01 12455406                   /usr/lib/jvm/java-11-openjdk-amd64/lib/libverify.so
7f6d7850b000-7f6d78512000 r-xp 00000000 08:01 9966675                    /lib/x86_64-linux-gnu/librt-2.27.so
7f6d78512000-7f6d78711000 ---p 00007000 08:01 9966675                    /lib/x86_64-linux-gnu/librt-2.27.so
7f6d78711000-7f6d78712000 r--p 00006000 08:01 9966675                    /lib/x86_64-linux-gnu/librt-2.27.so
7f6d78712000-7f6d78713000 rw-p 00007000 08:01 9966675                    /lib/x86_64-linux-gnu/librt-2.27.so
7f6d78713000-7f6d7872a000 r-xp 00000000 08:01 9961786                    /lib/x86_64-linux-gnu/libgcc_s.so.1
7f6d7872a000-7f6d78929000 ---p 00017000 08:01 9961786                    /lib/x86_64-linux-gnu/libgcc_s.so.1
7f6d78929000-7f6d7892a000 r--p 00016000 08:01 9961786                    /lib/x86_64-linux-gnu/libgcc_s.so.1
7f6d7892a000-7f6d7892b000 rw-p 00017000 08:01 9961786                    /lib/x86_64-linux-gnu/libgcc_s.so.1
7f6d7892b000-7f6d78ac8000 r-xp 00000000 08:01 9966597                    /lib/x86_64-linux-gnu/libm-2.27.so
7f6d78ac8000-7f6d78cc7000 ---p 0019d000 08:01 9966597                    /lib/x86_64-linux-gnu/libm-2.27.so
7f6d78cc7000-7f6d78cc8000 r--p 0019c000 08:01 9966597                    /lib/x86_64-linux-gnu/libm-2.27.so
7f6d78cc8000-7f6d78cc9000 rw-p 0019d000 08:01 9966597                    /lib/x86_64-linux-gnu/libm-2.27.so
7f6d78cc9000-7f6d78e42000 r-xp 00000000 08:01 6555233                    /usr/lib/x86_64-linux-gnu/libstdc++.so.6.0.25
7f6d78e42000-7f6d79042000 ---p 00179000 08:01 6555233                    /usr/lib/x86_64-linux-gnu/libstdc++.so.6.0.25
7f6d79042000-7f6d7904c000 r--p 00179000 08:01 6555233                    /usr/lib/x86_64-linux-gnu/libstdc++.so.6.0.25
7f6d7904c000-7f6d7904e000 rw-p 00183000 08:01 6555233                    /usr/lib/x86_64-linux-gnu/libstdc++.so.6.0.25
7f6d7904e000-7f6d79052000 rw-p 00000000 00:00 0 
7f6d79052000-7f6d7a12f000 r-xp 00000000 08:01 12455413                   /usr/lib/jvm/java-11-openjdk-amd64/lib/server/libjvm.so
7f6d7a12f000-7f6d7a32e000 ---p 010dd000 08:01 12455413                   /usr/lib/jvm/java-11-openjdk-amd64/lib/server/libjvm.so
7f6d7a32e000-7f6d7a3eb000 r--p 010dc000 08:01 12455413                   /usr/lib/jvm/java-11-openjdk-amd64/lib/server/libjvm.so
7f6d7a3eb000-7f6d7a425000 rw-p 01199000 08:01 12455413                   /usr/lib/jvm/java-11-openjdk-amd64/lib/server/libjvm.so
7f6d7a425000-7f6d7a47b000 rw-p 00000000 00:00 0 
7f6d7a47b000-7f6d7a495000 r-xp 00000000 08:01 9966667                    /lib/x86_64-linux-gnu/libpthread-2.27.so
7f6d7a495000-7f6d7a694000 ---p 0001a000 08:01 9966667                    /lib/x86_64-linux-gnu/libpthread-2.27.so
7f6d7a694000-7f6d7a695000 r--p 00019000 08:01 9966667                    /lib/x86_64-linux-gnu/libpthread-2.27.so
7f6d7a695000-7f6d7a696000 rw-p 0001a000 08:01 9966667                    /lib/x86_64-linux-gnu/libpthread-2.27.so
7f6d7a696000-7f6d7a69a000 rw-p 00000000 00:00 0 
7f6d7a69a000-7f6d7a69d000 r-xp 00000000 08:01 9966557                    /lib/x86_64-linux-gnu/libdl-2.27.so
7f6d7a69d000-7f6d7a89c000 ---p 00003000 08:01 9966557                    /lib/x86_64-linux-gnu/libdl-2.27.so
7f6d7a89c000-7f6d7a89d000 r--p 00002000 08:01 9966557                    /lib/x86_64-linux-gnu/libdl-2.27.so
7f6d7a89d000-7f6d7a89e000 rw-p 00003000 08:01 9966557                    /lib/x86_64-linux-gnu/libdl-2.27.so
7f6d7a89e000-7f6d7a8ba000 r-xp 00000000 08:01 9966706                    /lib/x86_64-linux-gnu/libz.so.1.2.11
7f6d7a8ba000-7f6d7aab9000 ---p 0001c000 08:01 9966706                    /lib/x86_64-linux-gnu/libz.so.1.2.11
7f6d7aab9000-7f6d7aaba000 r--p 0001b000 08:01 9966706                    /lib/x86_64-linux-gnu/libz.so.1.2.11
7f6d7aaba000-7f6d7aabb000 rw-p 0001c000 08:01 9966706                    /lib/x86_64-linux-gnu/libz.so.1.2.11
7f6d7aabb000-7f6d7aca2000 r-xp 00000000 08:01 9966534                    /lib/x86_64-linux-gnu/libc-2.27.so
7f6d7aca2000-7f6d7aea2000 ---p 001e7000 08:01 9966534                    /lib/x86_64-linux-gnu/libc-2.27.so
7f6d7aea2000-7f6d7aea6000 r--p 001e7000 08:01 9966534                    /lib/x86_64-linux-gnu/libc-2.27.so
7f6d7aea6000-7f6d7aea8000 rw-p 001eb000 08:01 9966534                    /lib/x86_64-linux-gnu/libc-2.27.so
7f6d7aea8000-7f6d7aeac000 rw-p 00000000 00:00 0 
7f6d7aeac000-7f6d7aebc000 r-xp 00000000 08:01 12455366                   /usr/lib/jvm/java-11-openjdk-amd64/lib/jli/libjli.so
7f6d7aebc000-7f6d7b0bb000 ---p 00010000 08:01 12455366                   /usr/lib/jvm/java-11-openjdk-amd64/lib/jli/libjli.so
7f6d7b0bb000-7f6d7b0bc000 r--p 0000f000 08:01 12455366                   /usr/lib/jvm/java-11-openjdk-amd64/lib/jli/libjli.so
7f6d7b0bc000-7f6d7b0bd000 rw-p 00010000 08:01 12455366                   /usr/lib/jvm/java-11-openjdk-amd64/lib/jli/libjli.so
7f6d7b0bd000-7f6d7b0e4000 r-xp 00000000 08:01 9966506                    /lib/x86_64-linux-gnu/ld-2.27.so
7f6d7b105000-7f6d7b1c0000 rw-p 00000000 00:00 0 
7f6d7b1c0000-7f6d7b1c4000 ---p 00000000 00:00 0 
7f6d7b1c4000-7f6d7b2c3000 rw-p 00000000 00:00 0 
7f6d7b2ca000-7f6d7b2cf000 rw-p 00000000 00:00 0 
7f6d7b2cf000-7f6d7b2d6000 ---p 00000000 00:00 0 
7f6d7b2d6000-7f6d7b2d8000 r--s 00007000 08:01 6951047                    /usr/share/java/java-atk-wrapper.jar
7f6d7b2d8000-7f6d7b2e0000 rw-s 00000000 08:01 19017298                   /tmp/hsperfdata_nakul/20095
7f6d7b2e0000-7f6d7b2e1000 ---p 00000000 00:00 0 
7f6d7b2e1000-7f6d7b2e2000 r--p 00000000 00:00 0 
7f6d7b2e2000-7f6d7b2e4000 rw-p 00000000 00:00 0 
7f6d7b2e4000-7f6d7b2e5000 r--p 00027000 08:01 9966506                    /lib/x86_64-linux-gnu/ld-2.27.so
7f6d7b2e5000-7f6d7b2e6000 rw-p 00028000 08:01 9966506                    /lib/x86_64-linux-gnu/ld-2.27.so
7f6d7b2e6000-7f6d7b2e7000 rw-p 00000000 00:00 0 
7ffcc3b9e000-7ffcc3bbf000 rw-p 00000000 00:00 0                          [stack]
7ffcc3bf4000-7ffcc3bf7000 r--p 00000000 00:00 0                          [vvar]
7ffcc3bf7000-7ffcc3bf8000 r-xp 00000000 00:00 0                          [vdso]
ffffffffff600000-ffffffffff601000 --xp 00000000 00:00 0                  [vsyscall]


VM Arguments:
jvm_args: -Dfile.encoding=UTF-8 
java_command: selenium.NSP
java_class_path (initial): /home/nakul/eclipse-workspace/selenium/bin:/home/nakul/selenium/selenium-java-3.141.59/libs/byte-buddy-1.8.15.jar:/home/nakul/selenium/selenium-java-3.141.59/libs/commons-exec-1.3.jar:/home/nakul/selenium/selenium-java-3.141.59/libs/guava-25.0-jre.jar:/home/nakul/selenium/selenium-java-3.141.59/libs/okhttp-3.11.0.jar:/home/nakul/selenium/selenium-java-3.141.59/libs/okio-1.14.0.jar:/home/nakul/selenium/selenium-java-3.141.59/client-combined-3.141.59.jar:/home/nakul/selenium/selenium-java-3.141.59/client-combined-3.141.59-sources.jar:/home/nakul/eclipse-workspace/Tess4J/lib/commons-beanutils-1.9.2.jar:/home/nakul/eclipse-workspace/Tess4J/lib/commons-io-2.6.jar:/home/nakul/eclipse-workspace/Tess4J/lib/commons-logging-1.2.jar:/home/nakul/eclipse-workspace/Tess4J/lib/fontbox-2.0.9.jar:/home/nakul/eclipse-workspace/Tess4J/lib/ghost4j-1.0.1.jar:/home/nakul/eclipse-workspace/Tess4J/lib/hamcrest-core-1.3.jar:/home/nakul/eclipse-workspace/Tess4J/lib/itext-2.1.7.jar:/home/nakul/eclipse-workspace/Tess4J/lib/jai-imageio-core-1.4.0.jar:/home/nakul/eclipse-workspace/Tess4J/lib/jbig2-imageio-3.0.0.jar:/home/nakul/eclipse-workspace/Tess4J/lib/jboss-vfs-3.2.12.Final.jar:/home/nakul/eclipse-workspace/Tess4J/lib/jcl-over-slf4j-1.7.25.jar:/home/nakul/eclipse-workspace/Tess4J/lib/jna-4.1.0.jar:/home/nakul/eclipse-workspace/Tess4J/lib/jul-to-slf4j-1.7.25.jar:/home/nakul/eclipse-workspace/Tess4J/lib/junit-4.12.jar:/home/nakul/eclipse-workspace/Tess4J/lib/lept4j-1.6.4.jar:/home/nakul/eclipse-workspace/Tess4J/lib/log4j-1.2.17.jar:/home/nakul/eclipse-workspace/Tess4J/lib/log4j-over-slf4j-1.7.25.jar:/home/nakul/eclipse-workspace/Tess4J/lib/logback-classic-1.2.3.jar:/home/nakul/eclipse-workspace/Tess4J/lib/logback-core-1.2.3.jar:/home/nakul/eclipse-workspace/Tess4J/lib/pdfbox-2.0.9.jar:/home/nakul/eclipse-workspace/Tess4J/lib/pdfbox-tools-2.0.9.jar:/home/nakul/eclipse-workspace/Tess4J/lib/slf4j-api-1.7.25.jar:/home/nakul/eclipse-workspace/Tess4J/lib/xmlgraphics-comm
Launcher Type: SUN_STANDARD

[Global flags]
     intx CICompilerCount                          = 3                                         {product} {ergonomic}
     uint ConcGCThreads                            = 1                                         {product} {ergonomic}
     uint G1ConcRefinementThreads                  = 4                                         {product} {ergonomic}
   size_t G1HeapRegionSize                         = 1048576                                   {product} {ergonomic}
    uintx GCDrainStackTargetSize                   = 64                                        {product} {ergonomic}
   size_t InitialHeapSize                          = 62914560                                  {product} {ergonomic}
   size_t MarkStackSize                            = 4194304                                   {product} {ergonomic}
   size_t MaxHeapSize                              = 1002438656                                {product} {ergonomic}
   size_t MaxNewSize                               = 600834048                                 {product} {ergonomic}
   size_t MinHeapDeltaBytes                        = 1048576                                   {product} {ergonomic}
    uintx NonNMethodCodeHeapSize                   = 5830732                                {pd product} {ergonomic}
    uintx NonProfiledCodeHeapSize                  = 122913754                              {pd product} {ergonomic}
    uintx ProfiledCodeHeapSize                     = 122913754                              {pd product} {ergonomic}
    uintx ReservedCodeCacheSize                    = 251658240                              {pd product} {ergonomic}
     bool SegmentedCodeCache                       = true                                      {product} {ergonomic}
     bool UseCompressedClassPointers               = true                                 {lp64_product} {ergonomic}
     bool UseCompressedOops                        = true                                 {lp64_product} {ergonomic}
     bool UseG1GC                                  = true                                      {product} {ergonomic}

Logging:
Log output configuration:
 #0: stdout all=warning uptime,level,tags
 #1: stderr all=off uptime,level,tags

Environment Variables:
PATH=/usr/local/sbin:/usr/local/bin:/usr/sbin:/usr/bin:/sbin:/bin:/usr/games:/usr/local/games:/snap/bin
SHELL=/bin/bash
DISPLAY=:0

Signal Handlers:
SIGSEGV: [libjvm.so+0xdf8d00], sa_mask[0]=11111111011111111101111111111110, sa_flags=SA_RESTART|SA_SIGINFO
SIGBUS: [libjvm.so+0xdf8d00], sa_mask[0]=11111111011111111101111111111110, sa_flags=SA_RESTART|SA_SIGINFO
SIGFPE: [libjvm.so+0xdf8d00], sa_mask[0]=11111111011111111101111111111110, sa_flags=SA_RESTART|SA_SIGINFO
SIGPIPE: [libjvm.so+0xbcbc30], sa_mask[0]=11111111011111111101111111111110, sa_flags=SA_RESTART|SA_SIGINFO
SIGXFSZ: [libjvm.so+0xbcbc30], sa_mask[0]=11111111011111111101111111111110, sa_flags=SA_RESTART|SA_SIGINFO
SIGILL: [libjvm.so+0xdf8d00], sa_mask[0]=11111111011111111101111111111110, sa_flags=SA_RESTART|SA_SIGINFO
SIGUSR2: [libjvm.so+0xbcbad0], sa_mask[0]=00100000000000000000000000000000, sa_flags=SA_RESTART|SA_SIGINFO
SIGHUP: [libjvm.so+0xbcbe30], sa_mask[0]=11111111011111111101111111111110, sa_flags=SA_RESTART|SA_SIGINFO
SIGINT: [libjvm.so+0xbcbe30], sa_mask[0]=11111111011111111101111111111110, sa_flags=SA_RESTART|SA_SIGINFO
SIGTERM: [libjvm.so+0xbcbe30], sa_mask[0]=11111111011111111101111111111110, sa_flags=SA_RESTART|SA_SIGINFO
SIGQUIT: [libjvm.so+0xbcbe30], sa_mask[0]=11111111011111111101111111111110, sa_flags=SA_RESTART|SA_SIGINFO


---------------  S Y S T E M  ---------------

OS:DISTRIB_ID=Ubuntu
DISTRIB_RELEASE=18.04
DISTRIB_CODENAME=bionic
DISTRIB_DESCRIPTION="Ubuntu 18.04.3 LTS"
uname:Linux 5.3.0-42-generic #34~18.04.1-Ubuntu SMP Fri Feb 28 13:42:26 UTC 2020 x86_64
OS uptime: 0 days 2:34 hours
libc:glibc 2.27 NPTL 2.27 
rlimit: STACK 8192k, CORE 0k, NPROC 15078, NOFILE 4096, AS infinity, CPU infinity, DATA infinity, FSIZE infinity
load average:1.59 1.11 1.06

/proc/meminfo:
MemTotal:        3907988 kB
MemFree:          136116 kB
MemAvailable:     673444 kB
Buffers:           55248 kB
Cached:           943708 kB
SwapCached:        12468 kB
Active:          2578636 kB
Inactive:         833456 kB
Active(anon):    2096796 kB
Inactive(anon):   617152 kB
Active(file):     481840 kB
Inactive(file):   216304 kB
Unevictable:       23356 kB
Mlocked:              64 kB
SwapTotal:       2097148 kB
SwapFree:        1906172 kB
Dirty:             10152 kB
Writeback:             0 kB
AnonPages:       2426928 kB
Mapped:           531368 kB
Shmem:            300592 kB
KReclaimable:      83252 kB
Slab:             194256 kB
SReclaimable:      83252 kB
SUnreclaim:       111004 kB
KernelStack:       18880 kB
PageTables:        66996 kB
NFS_Unstable:          0 kB
Bounce:                0 kB
WritebackTmp:          0 kB
CommitLimit:     4051140 kB
Committed_AS:   10146324 kB
VmallocTotal:   34359738367 kB
VmallocUsed:       34296 kB
VmallocChunk:          0 kB
Percpu:             2944 kB
HardwareCorrupted:     0 kB
AnonHugePages:         0 kB
ShmemHugePages:        0 kB
ShmemPmdMapped:        0 kB
CmaTotal:              0 kB
CmaFree:               0 kB
HugePages_Total:       0
HugePages_Free:        0
HugePages_Rsvd:        0
HugePages_Surp:        0
Hugepagesize:       2048 kB
Hugetlb:               0 kB
DirectMap4k:      298044 kB
DirectMap2M:     3774464 kB


/proc/sys/kernel/threads-max (system-wide limit on the number of threads):
30157


/proc/sys/vm/max_map_count (maximum number of memory map areas a process may have):
65530


/proc/sys/kernel/pid_max (system-wide limit on number of process identifiers):
32768



container (cgroup) information:
container_type: cgroupv1
cpu_cpuset_cpus: 0-3
cpu_memory_nodes: 0
active_processor_count: 4
cpu_quota: -1
cpu_period: 100000
cpu_shares: -1
memory_limit_in_bytes: -1
memory_and_swap_limit_in_bytes: -2
memory_soft_limit_in_bytes: -1
memory_usage_in_bytes: 3400597504
memory_max_usage_in_bytes: 3529879552

Steal ticks since vm start: 0
Steal ticks percentage since vm start:  0.000

CPU:total 4 (initial active 4) (2 cores per cpu, 2 threads per core) family 6 model 42 stepping 7, cmov, cx8, fxsr, mmx, sse, sse2, sse3, ssse3, sse4.1, sse4.2, popcnt, avx, aes, clmul, ht, tsc, tscinvbit
CPU Model and flags from /proc/cpuinfo:
model name	: Intel(R) Core(TM) i5-2520M CPU @ 2.50GHz
flags		: fpu vme de pse tsc msr pae mce cx8 apic sep mtrr pge mca cmov pat pse36 clflush dts acpi mmx fxsr sse sse2 ht tm pbe syscall nx rdtscp lm constant_tsc arch_perfmon pebs bts rep_good nopl xtopology nonstop_tsc cpuid aperfmperf pni pclmulqdq dtes64 monitor ds_cpl vmx smx est tm2 ssse3 cx16 xtpr pdcm pcid sse4_1 sse4_2 x2apic popcnt tsc_deadline_timer aes xsave avx lahf_lm epb pti tpr_shadow vnmi flexpriority ept vpid xsaveopt dtherm ida arat pln pts

Memory: 4k page, physical 3907988k(136116k free), swap 2097148k(1906172k free)

vm_info: OpenJDK 64-Bit Server VM (11.0.7+10-post-Ubuntu-2ubuntu218.04) for linux-amd64 JRE (11.0.7+10-post-Ubuntu-2ubuntu218.04), built on Apr 15 2020 21:12:54 by "unknown" with gcc 7.5.0

END.
