#
# A fatal error has been detected by the Java Runtime Environment:
#
#  SIGSEGV (0xb) at pc=0x00007f9fe5eefc27, pid=14694, tid=14701
#
# JRE version: OpenJDK Runtime Environment (11.0.7+10) (build 11.0.7+10-post-Ubuntu-2ubuntu218.04)
# Java VM: OpenJDK 64-Bit Server VM (11.0.7+10-post-Ubuntu-2ubuntu218.04, mixed mode, sharing, tiered, compressed oops, g1 gc, linux-amd64)
# Problematic frame:
# C  [libtesseract.so.4+0xa1c27]  tesseract::Tesseract::recog_all_words(PAGE_RES*, ETEXT_DESC*, TBOX const*, char const*, int)+0x437
#
# Core dump will be written. Default location: Core dumps may be processed with "/usr/share/apport/apport %p %s %c %d %P %E" (or dumping to /home/nakul/eclipse-workspace/selenium/core.14694)
#
# If you would like to submit a bug report, please visit:
#   https://bugs.launchpad.net/ubuntu/+source/openjdk-lts
# The crash happened outside the Java Virtual Machine in native code.
# See problematic frame for where to report the bug.
#

---------------  S U M M A R Y ------------

Command Line: -Dfile.encoding=UTF-8 selenium.NSP

Host: Intel(R) Core(TM) i5-2520M CPU @ 2.50GHz, 4 cores, 3G, Ubuntu 18.04.3 LTS
Time: Fri May 15 13:10:31 2020 IST elapsed time: 25 seconds (0d 0h 0m 25s)

---------------  T H R E A D  ---------------

Current thread (0x00007fa060016800):  JavaThread "main" [_thread_in_native, id=14701, stack(0x00007fa067923000,0x00007fa067a24000)]

Stack: [0x00007fa067923000,0x00007fa067a24000],  sp=0x00007fa067a21660,  free space=1017k
Native frames: (J=compiled Java code, A=aot compiled Java code, j=interpreted, Vv=VM code, C=native code)
C  [libtesseract.so.4+0xa1c27]  tesseract::Tesseract::recog_all_words(PAGE_RES*, ETEXT_DESC*, TBOX const*, char const*, int)+0x437

Java frames: (J=compiled Java code, j=interpreted, Vv=VM code)
j  com.sun.jna.Native.invokePointer(JI[Ljava/lang/Object;)J+0
j  com.sun.jna.Function.invokePointer(I[Ljava/lang/Object;)Lcom/sun/jna/Pointer;+6
j  com.sun.jna.Function.invoke([Ljava/lang/Object;Ljava/lang/Class;Z)Ljava/lang/Object;+426
j  com.sun.jna.Function.invoke(Ljava/lang/Class;[Ljava/lang/Object;Ljava/util/Map;)Ljava/lang/Object;+262
j  com.sun.jna.Library$Handler.invoke(Ljava/lang/Object;Ljava/lang/reflect/Method;[Ljava/lang/Object;)Ljava/lang/Object;+316
j  com.sun.proxy.$Proxy0.TessBaseAPIGetUTF8Text(Lnet/sourceforge/tess4j/ITessAPI$TessBaseAPI;)Lcom/sun/jna/Pointer;+16
j  net.sourceforge.tess4j.Tesseract.getOCRText(Ljava/lang/String;I)Ljava/lang/String;+62
j  net.sourceforge.tess4j.Tesseract.doOCR(Ljava/util/List;Ljava/lang/String;Ljava/awt/Rectangle;)Ljava/lang/String;+62
j  net.sourceforge.tess4j.Tesseract.doOCR(Ljava/io/File;Ljava/awt/Rectangle;)Ljava/lang/String;+10
j  net.sourceforge.tess4j.Tesseract.doOCR(Ljava/io/File;)Ljava/lang/String;+3
j  selenium.NSP.enterinput()V+145
j  selenium.NSP.main([Ljava/lang/String;)V+13
v  ~StubRoutines::call_stub

siginfo: si_signo: 11 (SIGSEGV), si_code: 1 (SEGV_MAPERR), si_addr: 0x000000000000000c

Register to memory mapping:

RAX=0x0 is NULL
RBX=0x00007fa0607e8910 points into unknown readable memory: 88 bb 35 e6 9f 7f 00 00
RCX=0x0 is NULL
RDX=0x00007fa06080a508 points into unknown readable memory: 00 00 00 00 00 00 00 00
RSP=0x00007fa067a21660 is pointing into the stack for thread: 0x00007fa060016800
RBP=0x00007fa067a216b0 is pointing into the stack for thread: 0x00007fa060016800
RSI=0x0000000000000001 is an unknown value
RDI=0x00007fa067a21700 is pointing into the stack for thread: 0x00007fa060016800
R8 =0x0 is NULL
R9 =0x0 is NULL
R10=0x0 is NULL
R11=0x00007fa06085a5e0 points into unknown readable memory: 10 00 00 00 01 00 00 00
R12=0x00007fa06085a330 points into unknown readable memory: 00 00 00 00 00 00 00 00
R13=0x0 is NULL
R14=0x0 is NULL
R15=0x00007fa06085a330 points into unknown readable memory: 00 00 00 00 00 00 00 00


Registers:
RAX=0x0000000000000000, RBX=0x00007fa0607e8910, RCX=0x0000000000000000, RDX=0x00007fa06080a508
RSP=0x00007fa067a21660, RBP=0x00007fa067a216b0, RSI=0x0000000000000001, RDI=0x00007fa067a21700
R8 =0x0000000000000000, R9 =0x0000000000000000, R10=0x0000000000000000, R11=0x00007fa06085a5e0
R12=0x00007fa06085a330, R13=0x0000000000000000, R14=0x0000000000000000, R15=0x00007fa06085a330
RIP=0x00007f9fe5eefc27, EFLAGS=0x0000000000010246, CSGSFS=0x002b000000000033, ERR=0x0000000000000004
  TRAPNO=0x000000000000000e

Top of Stack: (sp=0x00007fa067a21660)
0x00007fa067a21660:   0000000000000000 0000000000000000
0x00007fa067a21670:   0000000000000000 00007fa06085a3a0
0x00007fa067a21680:   00007fa06085aca0 00007fa060853950
0x00007fa067a21690:   0000000000000001 00007fa067a216c0 

Instructions: (pc=0x00007f9fe5eefc27)
0x00007f9fe5eefb27:   89 e6 48 89 df e8 af 87 ff ff 4c 89 e6 48 89 df
0x00007f9fe5eefb37:   e8 b4 8b ff ff 4c 89 e6 48 89 df e8 f9 72 ff ff
0x00007f9fe5eefb47:   4c 89 e6 48 89 df e8 7e 74 ff ff e9 a9 fd ff ff
0x00007f9fe5eefb57:   66 0f 1f 84 00 00 00 00 00 48 8b 40 10 7e 2a 8b
0x00007f9fe5eefb67:   38 85 ff 75 4c 48 83 c0 04 83 ea 01 48 8d 14 90
0x00007f9fe5eefb77:   eb 12 0f 1f 80 00 00 00 00 48 83 c0 04 8b 70 fc
0x00007f9fe5eefb87:   85 f6 75 2d 48 39 c2 75 f0 48 85 c9 74 1b 8b 41
0x00007f9fe5eefb97:   10 8d 50 ff 83 fa 02 76 10 83 e8 05 83 f8 03 77
0x00007f9fe5eefba7:   10 0f 1f 84 00 00 00 00 00 48 89 ef e8 e8 2d 19
0x00007f9fe5eefbb7:   00 31 d2 31 f6 48 89 ef e8 2c f6 18 00 48 8b 44
0x00007f9fe5eefbc7:   24 70 48 85 c0 0f 84 8e fd ff ff 48 8b 94 24 80
0x00007f9fe5eefbd7:   00 00 00 31 c9 48 8b 52 08 48 85 d2 74 04 48 8b
0x00007f9fe5eefbe7:   4a 08 48 8b 80 e8 00 00 00 48 85 c0 74 bb 8b 50
0x00007f9fe5eefbf7:   34 83 fa 00 74 b3 e9 5e ff ff ff 66 0f 1f 44 00
0x00007f9fe5eefc07:   00 31 f6 48 89 ef e8 ce f9 18 00 8b 83 a0 15 00
0x00007f9fe5eefc17:   00 85 c0 0f 8f c0 00 00 00 48 8b 83 40 0a 00 00
0x00007f9fe5eefc27:   80 78 0c 00 0f 85 a7 02 00 00 8b 83 58 47 02 00
0x00007f9fe5eefc37:   85 c0 0f 8e b1 00 00 00 31 d2 45 31 ff eb 2c 66
0x00007f9fe5eefc47:   2e 0f 1f 84 00 00 00 00 00 48 8b 8f 40 0a 00 00
0x00007f9fe5eefc57:   80 79 0c 00 0f 85 ff 01 00 00 41 83 c7 01 48 83
0x00007f9fe5eefc67:   c2 08 44 3b bb 58 47 02 00 7d 7e 48 8b 8b 60 47
0x00007f9fe5eefc77:   02 00 48 8b 3c 11 8b 87 a0 15 00 00 85 c0 7e c9
0x00007f9fe5eefc87:   48 89 54 24 10 e8 8f 46 0f 00 48 8b 54 24 10 eb
0x00007f9fe5eefc97:   c9 0f 1f 84 00 00 00 00 00 80 bb 72 30 02 00 00
0x00007f9fe5eefca7:   0f 85 73 fc ff ff 8b b3 04 1d 02 00 4c 89 e2 4c
0x00007f9fe5eefcb7:   89 ff e8 32 d4 0b 00 31 f6 48 89 ef e8 18 f9 18
0x00007f9fe5eefcc7:   00 48 8b 44 24 70 48 85 c0 0f 85 fc fe ff ff e9
0x00007f9fe5eefcd7:   94 fc ff ff 0f 1f 44 00 00 48 89 df e8 38 46 0f
0x00007f9fe5eefce7:   00 e9 44 ff ff ff 0f 1f 00 4c 8d 7c 24 30 be 04
0x00007f9fe5eefcf7:   00 00 00 48 c7 44 24 30 00 00 00 00 48 c7 44 24
0x00007f9fe5eefd07:   38 00 00 00 00 48 c7 44 24 40 00 00 00 00 4c 89
0x00007f9fe5eefd17:   ff 48 c7 44 24 48 00 00 00 00 e8 3a 19 00 00 48 


Stack slot to memory mapping:
stack at sp + 0 slots: 0x0 is NULL
stack at sp + 1 slots: 0x0 is NULL
stack at sp + 2 slots: 0x0 is NULL
stack at sp + 3 slots: 0x00007fa06085a3a0 points into unknown readable memory: a0 a3 85 60 a0 7f 00 00
stack at sp + 4 slots: 0x00007fa06085aca0 points into unknown readable memory: a0 ac 85 60 a0 7f 00 00
stack at sp + 5 slots: 0x00007fa060853950 points into unknown readable memory: 50 39 85 60 a0 7f 00 00
stack at sp + 6 slots: 0x0000000000000001 is an unknown value
stack at sp + 7 slots: 0x00007fa067a216c0 is pointing into the stack for thread: 0x00007fa060016800


---------------  P R O C E S S  ---------------

Threads class SMR info:
_java_thread_list=0x00007fa0605c1600, length=17, elements={
0x00007fa060016800, 0x00007fa0600be000, 0x00007fa0600c0000, 0x00007fa0600c5800,
0x00007fa0600c8000, 0x00007fa0600ca000, 0x00007fa0600cc000, 0x00007fa0600fa800,
0x00007fa0600ff800, 0x00007fa06045a800, 0x00007f9ff800e800, 0x00007f9ff8012800,
0x00007f9ff8013000, 0x00007fa0604be800, 0x00007fa060521800, 0x00007fa060523800,
0x00007fa0605c0800
}

Java Threads: ( => current thread )
=>0x00007fa060016800 JavaThread "main" [_thread_in_native, id=14701, stack(0x00007fa067923000,0x00007fa067a24000)]
  0x00007fa0600be000 JavaThread "Reference Handler" daemon [_thread_blocked, id=14708, stack(0x00007fa040774000,0x00007fa040875000)]
  0x00007fa0600c0000 JavaThread "Finalizer" daemon [_thread_blocked, id=14709, stack(0x00007fa040673000,0x00007fa040774000)]
  0x00007fa0600c5800 JavaThread "Signal Dispatcher" daemon [_thread_blocked, id=14710, stack(0x00007fa040572000,0x00007fa040673000)]
  0x00007fa0600c8000 JavaThread "C2 CompilerThread0" daemon [_thread_blocked, id=14711, stack(0x00007fa040471000,0x00007fa040572000)]
  0x00007fa0600ca000 JavaThread "C1 CompilerThread0" daemon [_thread_blocked, id=14712, stack(0x00007fa040370000,0x00007fa040471000)]
  0x00007fa0600cc000 JavaThread "Sweeper thread" daemon [_thread_blocked, id=14713, stack(0x00007fa04026f000,0x00007fa040370000)]
  0x00007fa0600fa800 JavaThread "Service Thread" daemon [_thread_blocked, id=14714, stack(0x00007fa04016e000,0x00007fa04026f000)]
  0x00007fa0600ff800 JavaThread "Common-Cleaner" daemon [_thread_blocked, id=14716, stack(0x00007fa039530000,0x00007fa039631000)]
  0x00007fa06045a800 JavaThread "Exec Default Executor" daemon [_thread_blocked, id=14718, stack(0x00007fa038ad3000,0x00007fa038bd4000)]
  0x00007f9ff800e800 JavaThread "process reaper" daemon [_thread_in_native, id=14727, stack(0x00007fa06400c000,0x00007fa06402e000)]
  0x00007f9ff8012800 JavaThread "Exec Stream Pumper" daemon [_thread_in_native, id=14728, stack(0x00007fa0389d2000,0x00007fa038ad3000)]
  0x00007f9ff8013000 JavaThread "Exec Stream Pumper" daemon [_thread_in_native, id=14729, stack(0x00007fa0388d1000,0x00007fa0389d2000)]
  0x00007fa0604be800 JavaThread "ForkJoinPool.commonPool-worker-3" daemon [_thread_blocked, id=14730, stack(0x00007fa0387d0000,0x00007fa0388d1000)]
  0x00007fa060521800 JavaThread "OkHttp ConnectionPool" daemon [_thread_blocked, id=14731, stack(0x00007fa0384cf000,0x00007fa0385d0000)]
  0x00007fa060523800 JavaThread "Okio Watchdog" daemon [_thread_blocked, id=14732, stack(0x00007fa0383ce000,0x00007fa0384cf000)]
  0x00007fa0605c0800 JavaThread "Java2D Disposer" daemon [_thread_blocked, id=14997, stack(0x00007fa0380cd000,0x00007fa0381ce000)]

Other Threads:
  0x00007fa0600bb000 VMThread "VM Thread" [stack: 0x00007fa040877000,0x00007fa040977000] [id=14707]
  0x00007fa0600fd000 WatcherThread [stack: 0x00007fa04006e000,0x00007fa04016e000] [id=14715]
  0x00007fa06002f000 GCTaskThread "GC Thread#0" [stack: 0x00007fa0481ed000,0x00007fa0482ed000] [id=14702]
  0x00007fa02c001000 GCTaskThread "GC Thread#1" [stack: 0x00007fa038bd6000,0x00007fa038cd6000] [id=14717]
  0x00007fa060049800 ConcurrentGCThread "G1 Main Marker" [stack: 0x00007fa041883000,0x00007fa041983000] [id=14703]
  0x00007fa06004b800 ConcurrentGCThread "G1 Conc#0" [stack: 0x00007fa041781000,0x00007fa041881000] [id=14704]
  0x00007fa06008d000 ConcurrentGCThread "G1 Refine#0" [stack: 0x00007fa04127b000,0x00007fa04137b000] [id=14705]
  0x00007fa06008f000 ConcurrentGCThread "G1 Young RemSet Sampling" [stack: 0x00007fa041179000,0x00007fa041279000] [id=14706]

Threads with active compile tasks:

VM state:not at safepoint (normal execution)

VM Mutex/Monitor currently owned by a thread: None

Heap address: 0x00000000c4400000, size: 956 MB, Compressed Oops mode: 32-bit
Narrow klass base: 0x0000000800000000, Narrow klass shift: 3
Compressed class space size: 1073741824 Address: 0x0000000840000000

Heap:
 garbage-first heap   total 63488K, used 8183K [0x00000000c4400000, 0x0000000100000000)
  region size 1024K, 5 young (5120K), 3 survivors (3072K)
 Metaspace       used 14407K, capacity 15026K, committed 15104K, reserved 1062912K
  class space    used 1788K, capacity 2020K, committed 2048K, reserved 1048576K
Heap Regions: E=young(eden), S=young(survivor), O=old, HS=humongous(starts), HC=humongous(continues), CS=collection set, F=free, A=archive, TAMS=top-at-mark-start (previous, next)
|   0|0x00000000c4400000, 0x00000000c4500000, 0x00000000c4500000|100%| O|  |TAMS 0x00000000c4400000, 0x00000000c4400000| Untracked 
|   1|0x00000000c4500000, 0x00000000c4600000, 0x00000000c4600000|100%| O|  |TAMS 0x00000000c4500000, 0x00000000c4500000| Untracked 
|   2|0x00000000c4600000, 0x00000000c4700000, 0x00000000c4700000|100%| O|  |TAMS 0x00000000c4600000, 0x00000000c4600000| Untracked 
|   3|0x00000000c4700000, 0x00000000c47ddc00, 0x00000000c4800000| 86%| O|  |TAMS 0x00000000c4700000, 0x00000000c4700000| Untracked 
|   4|0x00000000c4800000, 0x00000000c4800000, 0x00000000c4900000|  0%| F|  |TAMS 0x00000000c4800000, 0x00000000c4800000| Untracked 
|   5|0x00000000c4900000, 0x00000000c4900000, 0x00000000c4a00000|  0%| F|  |TAMS 0x00000000c4900000, 0x00000000c4900000| Untracked 
|   6|0x00000000c4a00000, 0x00000000c4a00000, 0x00000000c4b00000|  0%| F|  |TAMS 0x00000000c4a00000, 0x00000000c4a00000| Untracked 
|   7|0x00000000c4b00000, 0x00000000c4b00000, 0x00000000c4c00000|  0%| F|  |TAMS 0x00000000c4b00000, 0x00000000c4b00000| Untracked 
|   8|0x00000000c4c00000, 0x00000000c4c00000, 0x00000000c4d00000|  0%| F|  |TAMS 0x00000000c4c00000, 0x00000000c4c00000| Untracked 
|   9|0x00000000c4d00000, 0x00000000c4d00000, 0x00000000c4e00000|  0%| F|  |TAMS 0x00000000c4d00000, 0x00000000c4d00000| Untracked 
|  10|0x00000000c4e00000, 0x00000000c4e00000, 0x00000000c4f00000|  0%| F|  |TAMS 0x00000000c4e00000, 0x00000000c4e00000| Untracked 
|  11|0x00000000c4f00000, 0x00000000c4f00000, 0x00000000c5000000|  0%| F|  |TAMS 0x00000000c4f00000, 0x00000000c4f00000| Untracked 
|  12|0x00000000c5000000, 0x00000000c5000000, 0x00000000c5100000|  0%| F|  |TAMS 0x00000000c5000000, 0x00000000c5000000| Untracked 
|  13|0x00000000c5100000, 0x00000000c5100000, 0x00000000c5200000|  0%| F|  |TAMS 0x00000000c5100000, 0x00000000c5100000| Untracked 
|  14|0x00000000c5200000, 0x00000000c5200000, 0x00000000c5300000|  0%| F|  |TAMS 0x00000000c5200000, 0x00000000c5200000| Untracked 
|  15|0x00000000c5300000, 0x00000000c5300000, 0x00000000c5400000|  0%| F|  |TAMS 0x00000000c5300000, 0x00000000c5300000| Untracked 
|  16|0x00000000c5400000, 0x00000000c5400000, 0x00000000c5500000|  0%| F|  |TAMS 0x00000000c5400000, 0x00000000c5400000| Untracked 
|  17|0x00000000c5500000, 0x00000000c5500000, 0x00000000c5600000|  0%| F|  |TAMS 0x00000000c5500000, 0x00000000c5500000| Untracked 
|  18|0x00000000c5600000, 0x00000000c5600000, 0x00000000c5700000|  0%| F|  |TAMS 0x00000000c5600000, 0x00000000c5600000| Untracked 
|  19|0x00000000c5700000, 0x00000000c5700000, 0x00000000c5800000|  0%| F|  |TAMS 0x00000000c5700000, 0x00000000c5700000| Untracked 
|  20|0x00000000c5800000, 0x00000000c5800000, 0x00000000c5900000|  0%| F|  |TAMS 0x00000000c5800000, 0x00000000c5800000| Untracked 
|  21|0x00000000c5900000, 0x00000000c5900000, 0x00000000c5a00000|  0%| F|  |TAMS 0x00000000c5900000, 0x00000000c5900000| Untracked 
|  22|0x00000000c5a00000, 0x00000000c5a00000, 0x00000000c5b00000|  0%| F|  |TAMS 0x00000000c5a00000, 0x00000000c5a00000| Untracked 
|  23|0x00000000c5b00000, 0x00000000c5b00000, 0x00000000c5c00000|  0%| F|  |TAMS 0x00000000c5b00000, 0x00000000c5b00000| Untracked 
|  24|0x00000000c5c00000, 0x00000000c5c00000, 0x00000000c5d00000|  0%| F|  |TAMS 0x00000000c5c00000, 0x00000000c5c00000| Untracked 
|  25|0x00000000c5d00000, 0x00000000c5d00000, 0x00000000c5e00000|  0%| F|  |TAMS 0x00000000c5d00000, 0x00000000c5d00000| Untracked 
|  26|0x00000000c5e00000, 0x00000000c5e00000, 0x00000000c5f00000|  0%| F|  |TAMS 0x00000000c5e00000, 0x00000000c5e00000| Untracked 
|  27|0x00000000c5f00000, 0x00000000c5f00000, 0x00000000c6000000|  0%| F|  |TAMS 0x00000000c5f00000, 0x00000000c5f00000| Untracked 
|  28|0x00000000c6000000, 0x00000000c6000000, 0x00000000c6100000|  0%| F|  |TAMS 0x00000000c6000000, 0x00000000c6000000| Untracked 
|  29|0x00000000c6100000, 0x00000000c6100000, 0x00000000c6200000|  0%| F|  |TAMS 0x00000000c6100000, 0x00000000c6100000| Untracked 
|  30|0x00000000c6200000, 0x00000000c6200000, 0x00000000c6300000|  0%| F|  |TAMS 0x00000000c6200000, 0x00000000c6200000| Untracked 
|  31|0x00000000c6300000, 0x00000000c6300000, 0x00000000c6400000|  0%| F|  |TAMS 0x00000000c6300000, 0x00000000c6300000| Untracked 
|  32|0x00000000c6400000, 0x00000000c6400000, 0x00000000c6500000|  0%| F|  |TAMS 0x00000000c6400000, 0x00000000c6400000| Untracked 
|  33|0x00000000c6500000, 0x00000000c6500000, 0x00000000c6600000|  0%| F|  |TAMS 0x00000000c6500000, 0x00000000c6500000| Untracked 
|  34|0x00000000c6600000, 0x00000000c6600000, 0x00000000c6700000|  0%| F|  |TAMS 0x00000000c6600000, 0x00000000c6600000| Untracked 
|  35|0x00000000c6700000, 0x00000000c676f0e8, 0x00000000c6800000| 43%| S|CS|TAMS 0x00000000c6700000, 0x00000000c6700000| Complete 
|  36|0x00000000c6800000, 0x00000000c6900000, 0x00000000c6900000|100%| S|CS|TAMS 0x00000000c6800000, 0x00000000c6800000| Complete 
|  37|0x00000000c6900000, 0x00000000c6a00000, 0x00000000c6a00000|100%| S|CS|TAMS 0x00000000c6900000, 0x00000000c6900000| Complete 
|  38|0x00000000c6a00000, 0x00000000c6a00000, 0x00000000c6b00000|  0%| F|  |TAMS 0x00000000c6a00000, 0x00000000c6a00000| Untracked 
|  39|0x00000000c6b00000, 0x00000000c6b00000, 0x00000000c6c00000|  0%| F|  |TAMS 0x00000000c6b00000, 0x00000000c6b00000| Untracked 
|  40|0x00000000c6c00000, 0x00000000c6c00000, 0x00000000c6d00000|  0%| F|  |TAMS 0x00000000c6c00000, 0x00000000c6c00000| Untracked 
|  41|0x00000000c6d00000, 0x00000000c6d00000, 0x00000000c6e00000|  0%| F|  |TAMS 0x00000000c6d00000, 0x00000000c6d00000| Untracked 
|  42|0x00000000c6e00000, 0x00000000c6e00000, 0x00000000c6f00000|  0%| F|  |TAMS 0x00000000c6e00000, 0x00000000c6e00000| Untracked 
|  43|0x00000000c6f00000, 0x00000000c6f00000, 0x00000000c7000000|  0%| F|  |TAMS 0x00000000c6f00000, 0x00000000c6f00000| Untracked 
|  44|0x00000000c7000000, 0x00000000c7000000, 0x00000000c7100000|  0%| F|  |TAMS 0x00000000c7000000, 0x00000000c7000000| Untracked 
|  45|0x00000000c7100000, 0x00000000c7100000, 0x00000000c7200000|  0%| F|  |TAMS 0x00000000c7100000, 0x00000000c7100000| Untracked 
|  46|0x00000000c7200000, 0x00000000c7200000, 0x00000000c7300000|  0%| F|  |TAMS 0x00000000c7200000, 0x00000000c7200000| Untracked 
|  47|0x00000000c7300000, 0x00000000c7300000, 0x00000000c7400000|  0%| F|  |TAMS 0x00000000c7300000, 0x00000000c7300000| Untracked 
|  48|0x00000000c7400000, 0x00000000c7400000, 0x00000000c7500000|  0%| F|  |TAMS 0x00000000c7400000, 0x00000000c7400000| Untracked 
|  49|0x00000000c7500000, 0x00000000c7500000, 0x00000000c7600000|  0%| F|  |TAMS 0x00000000c7500000, 0x00000000c7500000| Untracked 
|  50|0x00000000c7600000, 0x00000000c7600000, 0x00000000c7700000|  0%| F|  |TAMS 0x00000000c7600000, 0x00000000c7600000| Untracked 
|  51|0x00000000c7700000, 0x00000000c7700000, 0x00000000c7800000|  0%| F|  |TAMS 0x00000000c7700000, 0x00000000c7700000| Untracked 
|  52|0x00000000c7800000, 0x00000000c7800000, 0x00000000c7900000|  0%| F|  |TAMS 0x00000000c7800000, 0x00000000c7800000| Untracked 
|  53|0x00000000c7900000, 0x00000000c7900000, 0x00000000c7a00000|  0%| F|  |TAMS 0x00000000c7900000, 0x00000000c7900000| Untracked 
|  54|0x00000000c7a00000, 0x00000000c7a00000, 0x00000000c7b00000|  0%| F|  |TAMS 0x00000000c7a00000, 0x00000000c7a00000| Untracked 
|  55|0x00000000c7b00000, 0x00000000c7b00000, 0x00000000c7c00000|  0%| F|  |TAMS 0x00000000c7b00000, 0x00000000c7b00000| Untracked 
|  56|0x00000000c7c00000, 0x00000000c7c00000, 0x00000000c7d00000|  0%| F|  |TAMS 0x00000000c7c00000, 0x00000000c7c00000| Untracked 
|  57|0x00000000c7d00000, 0x00000000c7d00000, 0x00000000c7e00000|  0%| F|  |TAMS 0x00000000c7d00000, 0x00000000c7d00000| Untracked 
|  58|0x00000000c7e00000, 0x00000000c7f00000, 0x00000000c7f00000|100%| E|  |TAMS 0x00000000c7e00000, 0x00000000c7e00000| Complete 
|  59|0x00000000c7f00000, 0x00000000c8000000, 0x00000000c8000000|100%| E|CS|TAMS 0x00000000c7f00000, 0x00000000c7f00000| Complete 
| 954|0x00000000ffe00000, 0x00000000ffe47000, 0x00000000fff00000| 27%|OA|  |TAMS 0x00000000ffe00000, 0x00000000ffe00000| Untracked 
| 955|0x00000000fff00000, 0x00000000fff6a000, 0x0000000100000000| 41%|CA|  |TAMS 0x00000000fff00000, 0x00000000fff00000| Untracked 

Card table byte_map: [0x00007fa043941000,0x00007fa043b1f000] _byte_map_base: 0x00007fa04331f000

Marking Bits (Prev, Next): (CMBitMap*) 0x00007fa060045008, (CMBitMap*) 0x00007fa060045040
 Prev Bits: [0x00007fa042873000, 0x00007fa043763000)
 Next Bits: [0x00007fa041983000, 0x00007fa042873000)

Polling page: 0x00007fa067a43000

Metaspace:

Usage:
  Non-class:     12.70 MB capacity,    12.32 MB ( 97%) used,   333.70 KB (  3%) free+waste,    53.31 KB ( <1%) overhead. 
      Class:      1.97 MB capacity,     1.75 MB ( 89%) used,   203.14 KB ( 10%) free+waste,    27.94 KB (  1%) overhead. 
       Both:     14.67 MB capacity,    14.07 MB ( 96%) used,   536.84 KB (  4%) free+waste,    81.25 KB ( <1%) overhead. 

Virtual space:
  Non-class space:       14.00 MB reserved,      12.75 MB ( 91%) committed 
      Class space:        1.00 GB reserved,       2.00 MB ( <1%) committed 
             Both:        1.01 GB reserved,      14.75 MB (  1%) committed 

Chunk freelists:
   Non-Class:  50.00 KB
       Class:  28.00 KB
        Both:  78.00 KB

MaxMetaspaceSize: unlimited
CompressedClassSpaceSize: 1.00 GB

CodeHeap 'non-profiled nmethods': size=120032Kb used=630Kb max_used=630Kb free=119401Kb
 bounds [0x00007fa04fdb5000, 0x00007fa050025000, 0x00007fa0572ed000]
CodeHeap 'profiled nmethods': size=120032Kb used=3755Kb max_used=3755Kb free=116276Kb
 bounds [0x00007fa04887d000, 0x00007fa048c2d000, 0x00007fa04fdb5000]
CodeHeap 'non-nmethods': size=5696Kb used=1169Kb max_used=1182Kb free=4527Kb
 bounds [0x00007fa0482ed000, 0x00007fa04855d000, 0x00007fa04887d000]
 total_blobs=2800 nmethods=1855 adapters=426
 compilation: enabled
              stopped_count=0, restarted_count=0
 full_count=0

Compilation events (20 events):
Event: 25.621 Thread 0x00007fa0600ca000 nmethod 1847 0x00007fa048c25610 code [0x00007fa048c257e0, 0x00007fa048c25a70]
Event: 25.621 Thread 0x00007fa0600ca000 1848       3       java.lang.Integer::compare (20 bytes)
Event: 25.622 Thread 0x00007fa0600ca000 nmethod 1848 0x00007fa048c25b90 code [0x00007fa048c25d40, 0x00007fa048c25f30]
Event: 25.640 Thread 0x00007fa0600c8000 nmethod 1843 0x00007fa04fe50890 code [0x00007fa04fe50a60, 0x00007fa04fe516b8]
Event: 25.640 Thread 0x00007fa0600c8000 1844       4       java.util.HashMap::getNode (148 bytes)
Event: 25.642 Thread 0x00007fa0600ca000 1849       3       javax.imageio.stream.ImageInputStreamImpl::checkClosed (18 bytes)
Event: 25.642 Thread 0x00007fa0600ca000 nmethod 1849 0x00007fa048c25f90 code [0x00007fa048c26160, 0x00007fa048c263e8]
Event: 25.643 Thread 0x00007fa0600ca000 1850  s    3       java.util.Vector::elementAt (48 bytes)
Event: 25.644 Thread 0x00007fa0600c8000 nmethod 1844 0x00007fa04fe51a10 code [0x00007fa04fe51bc0, 0x00007fa04fe51df8]
Event: 25.645 Thread 0x00007fa0600ca000 nmethod 1850 0x00007fa048c26490 code [0x00007fa048c26720, 0x00007fa048c273a8]
Event: 25.662 Thread 0x00007fa0600ca000 1851       1       javax.imageio.plugins.tiff.TIFFTag::getNumber (5 bytes)
Event: 25.662 Thread 0x00007fa0600ca000 nmethod 1851 0x00007fa04fe52010 code [0x00007fa04fe521c0, 0x00007fa04fe522f0]
Event: 25.663 Thread 0x00007fa0600ca000 1852       1       javax.imageio.plugins.tiff.TIFFTag::getName (5 bytes)
Event: 25.663 Thread 0x00007fa0600ca000 nmethod 1852 0x00007fa04fe52390 code [0x00007fa04fe52540, 0x00007fa04fe52670]
Event: 25.675 Thread 0x00007fa0600ca000 1853       1       java.awt.image.SampleModel::getNumBands (5 bytes)
Event: 25.676 Thread 0x00007fa0600ca000 nmethod 1853 0x00007fa04fe52710 code [0x00007fa04fe528c0, 0x00007fa04fe529f0]
Event: 25.687 Thread 0x00007fa0600ca000 1854       3       java.lang.Math::max (12 bytes)
Event: 25.688 Thread 0x00007fa0600ca000 nmethod 1854 0x00007fa048c27790 code [0x00007fa048c27940, 0x00007fa048c27ad0]
Event: 25.689 Thread 0x00007fa0600ca000 1855       3       java.lang.Math::min (12 bytes)
Event: 25.689 Thread 0x00007fa0600ca000 nmethod 1855 0x00007fa048c27b90 code [0x00007fa048c27d40, 0x00007fa048c27ed0]

GC Heap History (6 events):
Event: 0.546 GC heap before
{Heap before GC invocations=0 (full 0):
 garbage-first heap   total 63488K, used 15044K [0x00000000c4400000, 0x0000000100000000)
  region size 1024K, 14 young (14336K), 0 survivors (0K)
 Metaspace       used 5130K, capacity 5982K, committed 6144K, reserved 1056768K
  class space    used 572K, capacity 651K, committed 768K, reserved 1048576K
}
Event: 0.557 GC heap after
{Heap after GC invocations=1 (full 0):
 garbage-first heap   total 63488K, used 4587K [0x00000000c4400000, 0x0000000100000000)
  region size 1024K, 2 young (2048K), 2 survivors (2048K)
 Metaspace       used 5130K, capacity 5982K, committed 6144K, reserved 1056768K
  class space    used 572K, capacity 651K, committed 768K, reserved 1048576K
}
Event: 0.778 GC heap before
{Heap before GC invocations=1 (full 0):
 garbage-first heap   total 63488K, used 10731K [0x00000000c4400000, 0x0000000100000000)
  region size 1024K, 8 young (8192K), 2 survivors (2048K)
 Metaspace       used 7084K, capacity 7368K, committed 7680K, reserved 1056768K
  class space    used 831K, capacity 906K, committed 1024K, reserved 1048576K
}
Event: 0.787 GC heap after
{Heap after GC invocations=2 (full 0):
 garbage-first heap   total 63488K, used 5353K [0x00000000c4400000, 0x0000000100000000)
  region size 1024K, 1 young (1024K), 1 survivors (1024K)
 Metaspace       used 7084K, capacity 7368K, committed 7680K, reserved 1056768K
  class space    used 831K, capacity 906K, committed 1024K, reserved 1048576K
}
Event: 25.507 GC heap before
{Heap before GC invocations=2 (full 0):
 garbage-first heap   total 63488K, used 25833K [0x00000000c4400000, 0x0000000100000000)
  region size 1024K, 22 young (22528K), 1 survivors (1024K)
 Metaspace       used 13428K, capacity 13990K, committed 14208K, reserved 1060864K
  class space    used 1586K, capacity 1825K, committed 1920K, reserved 1048576K
}
Event: 25.515 GC heap after
{Heap after GC invocations=3 (full 0):
 garbage-first heap   total 63488K, used 7159K [0x00000000c4400000, 0x0000000100000000)
  region size 1024K, 3 young (3072K), 3 survivors (3072K)
 Metaspace       used 13428K, capacity 13990K, committed 14208K, reserved 1060864K
  class space    used 1586K, capacity 1825K, committed 1920K, reserved 1048576K
}

Deoptimization events (20 events):
Event: 25.362 Thread 0x00007fa060016800 Uncommon trap: trap_request=0xffffffde fr.pc=0x00007fa04fdf1658 relative=0x0000000000000d38
Event: 25.362 Thread 0x00007fa060016800 Uncommon trap: reason=class_check action=maybe_recompile pc=0x00007fa04fdf1658 method=java.util.HashMap.putVal(ILjava/lang/Object;Ljava/lang/Object;ZZ)Ljava/lang/Object; @ 91 c2
Event: 25.362 Thread 0x00007fa060016800 DEOPT PACKING pc=0x00007fa04fdf1658 sp=0x00007fa067a215f0
Event: 25.362 Thread 0x00007fa060016800 DEOPT UNPACKING pc=0x00007fa0483159a5 sp=0x00007fa067a21590 mode 2
Event: 25.363 Thread 0x00007fa060016800 Uncommon trap: trap_request=0xffffffde fr.pc=0x00007fa04fdf1658 relative=0x0000000000000d38
Event: 25.363 Thread 0x00007fa060016800 Uncommon trap: reason=class_check action=maybe_recompile pc=0x00007fa04fdf1658 method=java.util.HashMap.putVal(ILjava/lang/Object;Ljava/lang/Object;ZZ)Ljava/lang/Object; @ 91 c2
Event: 25.363 Thread 0x00007fa060016800 DEOPT PACKING pc=0x00007fa04fdf1658 sp=0x00007fa067a21580
Event: 25.363 Thread 0x00007fa060016800 DEOPT UNPACKING pc=0x00007fa0483159a5 sp=0x00007fa067a21520 mode 2
Event: 25.363 Thread 0x00007fa060016800 Uncommon trap: trap_request=0xffffffde fr.pc=0x00007fa04fdf1658 relative=0x0000000000000d38
Event: 25.363 Thread 0x00007fa060016800 Uncommon trap: reason=class_check action=maybe_recompile pc=0x00007fa04fdf1658 method=java.util.HashMap.putVal(ILjava/lang/Object;Ljava/lang/Object;ZZ)Ljava/lang/Object; @ 91 c2
Event: 25.363 Thread 0x00007fa060016800 DEOPT PACKING pc=0x00007fa04fdf1658 sp=0x00007fa067a215a0
Event: 25.363 Thread 0x00007fa060016800 DEOPT UNPACKING pc=0x00007fa0483159a5 sp=0x00007fa067a21540 mode 2
Event: 25.369 Thread 0x00007fa060016800 Uncommon trap: trap_request=0xffffff4d fr.pc=0x00007fa04fe4c754 relative=0x0000000000000194
Event: 25.369 Thread 0x00007fa060016800 Uncommon trap: reason=unstable_if action=reinterpret pc=0x00007fa04fe4c754 method=java.util.HashMap.getNode(ILjava/lang/Object;)Ljava/util/HashMap$Node; @ 129 c2
Event: 25.369 Thread 0x00007fa060016800 DEOPT PACKING pc=0x00007fa04fe4c754 sp=0x00007fa067a214f0
Event: 25.369 Thread 0x00007fa060016800 DEOPT UNPACKING pc=0x00007fa0483159a5 sp=0x00007fa067a21410 mode 2
Event: 25.530 Thread 0x00007fa060016800 DEOPT PACKING pc=0x00007fa048c02e20 sp=0x00007fa067a1f640
Event: 25.530 Thread 0x00007fa060016800 DEOPT UNPACKING pc=0x00007fa0483157ba sp=0x00007fa067a1eb78 mode 0
Event: 25.614 Thread 0x00007fa060016800 DEOPT PACKING pc=0x00007fa048c02e20 sp=0x00007fa067a21780
Event: 25.614 Thread 0x00007fa060016800 DEOPT UNPACKING pc=0x00007fa0483157ba sp=0x00007fa067a20cb8 mode 0

Classes redefined (0 events):
No events

Internal exceptions (20 events):
Event: 22.666 Thread 0x00007fa060016800 Exception <a 'java/net/SocketTimeoutException'{0x00000000c75e42d8}: Read timed out> (0x00000000c75e42d8) thrown at [./src/hotspot/share/prims/jni.cpp, line 636]
Event: 23.009 Thread 0x00007fa060016800 Exception <a 'java/net/SocketTimeoutException'{0x00000000c7304a30}: Read timed out> (0x00000000c7304a30) thrown at [./src/hotspot/share/prims/jni.cpp, line 636]
Event: 23.026 Thread 0x00007fa060016800 Exception <a 'java/net/SocketTimeoutException'{0x00000000c731b0b8}: Read timed out> (0x00000000c731b0b8) thrown at [./src/hotspot/share/prims/jni.cpp, line 636]
Event: 23.077 Thread 0x00007fa060016800 Exception <a 'java/net/SocketTimeoutException'{0x00000000c7367ab8}: Read timed out> (0x00000000c7367ab8) thrown at [./src/hotspot/share/prims/jni.cpp, line 636]
Event: 23.325 Thread 0x00007fa060016800 Exception <a 'java/net/SocketTimeoutException'{0x00000000c7379730}: Read timed out> (0x00000000c7379730) thrown at [./src/hotspot/share/prims/jni.cpp, line 636]
Event: 23.342 Thread 0x00007fa060016800 Exception <a 'java/net/SocketTimeoutException'{0x00000000c73a5708}: Read timed out> (0x00000000c73a5708) thrown at [./src/hotspot/share/prims/jni.cpp, line 636]
Event: 23.372 Thread 0x00007fa060016800 Exception <a 'java/net/SocketTimeoutException'{0x00000000c73b5f18}: Read timed out> (0x00000000c73b5f18) thrown at [./src/hotspot/share/prims/jni.cpp, line 636]
Event: 23.382 Thread 0x00007fa060016800 Exception <a 'java/net/SocketTimeoutException'{0x00000000c73cfc60}: Read timed out> (0x00000000c73cfc60) thrown at [./src/hotspot/share/prims/jni.cpp, line 636]
Event: 23.410 Thread 0x00007fa060016800 Exception <a 'java/net/SocketTimeoutException'{0x00000000c73e0838}: Read timed out> (0x00000000c73e0838) thrown at [./src/hotspot/share/prims/jni.cpp, line 636]
Event: 23.696 Thread 0x00007fa060016800 Exception <a 'java/lang/ClassNotFoundException'{0x00000000c719f618}: javax/smartcardio/CardPermission> (0x00000000c719f618) thrown at [./src/hotspot/share/classfile/systemDictionary.cpp, line 231]
Event: 23.748 Thread 0x00007fa060016800 Exception <a 'java/io/FileNotFoundException'{0x00000000c71ac530}> (0x00000000c71ac530) thrown at [./src/hotspot/share/prims/jni.cpp, line 615]
Event: 23.947 Thread 0x00007fa060016800 Exception <a 'java/lang/ClassNotFoundException'{0x00000000c6f0c598}: sun/awt/resources/spi/awtProvider> (0x00000000c6f0c598) thrown at [./src/hotspot/share/classfile/systemDictionary.cpp, line 231]
Event: 24.184 Thread 0x00007fa060016800 Exception <a 'java/io/FileNotFoundException'{0x00000000c6f51618}> (0x00000000c6f51618) thrown at [./src/hotspot/share/prims/jni.cpp, line 615]
Event: 24.212 Thread 0x00007fa060016800 Exception <a 'java/lang/NoSuchMethodError'{0x00000000c6fac188}: 'java.lang.Object java.lang.invoke.DirectMethodHandle$Holder.invokeStatic(java.lang.Object, java.lang.Object, java.lang.Object, java.lang.Object, java.lang.Object, java.lang.Object, java.lang.Object, java.lang.Object, java.lang.Object, java.lang.Object, java.lang.Object, java.lang.Object, java.lang.Object, java.lang.Object, java.lang.Object)'> (0x00000000c6fac188) thrown at [./src/hotspot/share/interpreter/linkResolver.cpp, line 773]
Event: 24.215 Thread 0x00007fa060016800 Exception <a 'java/lang/NoSuchMethodError'{0x00000000c6fb9d38}: 'java.lang.Object java.lang.invoke.DirectMethodHandle$Holder.invokeStatic(java.lang.Object, java.lang.Object, java.lang.Object, java.lang.Object, java.lang.Object, java.lang.Object, java.lang.Object, java.lang.Object, java.lang.Object, java.lang.Object, java.lang.Object, java.lang.Object, java.lang.Object, java.lang.Object, java.lang.Object, java.lang.Object)'> (0x00000000c6fb9d38) thrown at [./src/hotspot/share/interpreter/linkResolver.cpp, l
Event: 24.217 Thread 0x00007fa060016800 Exception <a 'java/lang/NoSuchMethodError'{0x00000000c6fc79a8}: 'java.lang.Object java.lang.invoke.DirectMethodHandle$Holder.invokeSpecial(java.lang.Object, java.lang.Object, int, int, java.lang.Object, java.lang.Object, java.lang.Object)'> (0x00000000c6fc79a8) thrown at [./src/hotspot/share/interpreter/linkResolver.cpp, line 773]
Event: 24.218 Thread 0x00007fa060016800 Exception <a 'java/lang/NoSuchMethodError'{0x00000000c6fcaf38}: 'java.lang.Object java.lang.invoke.DelegatingMethodHandle$Holder.reinvoke_L(java.lang.Object, int, int, java.lang.Object, java.lang.Object, java.lang.Object)'> (0x00000000c6fcaf38) thrown at [./src/hotspot/share/interpreter/linkResolver.cpp, line 773]
Event: 24.229 Thread 0x00007fa060016800 Exception <a 'java/lang/NoSuchMethodError'{0x00000000c6fcf160}: 'java.lang.Object java.lang.invoke.DirectMethodHandle$Holder.invokeStatic(java.lang.Object, java.lang.Object, java.lang.Object, java.lang.Object, int)'> (0x00000000c6fcf160) thrown at [./src/hotspot/share/interpreter/linkResolver.cpp, line 773]
Event: 24.935 Thread 0x00007fa060016800 Exception <a 'java/lang/UnsatisfiedLinkError'{0x00000000c6cfed90}: libtesseract.so: cannot open shared object file: No such file or directory> (0x00000000c6cfed90) thrown at [./src/hotspot/share/prims/jni.cpp, line 636]
Event: 24.936 Thread 0x00007fa060016800 Exception <a 'java/lang/UnsatisfiedLinkError'{0x00000000c6cff8a0}: libtesseract.so: cannot open shared object file: No such file or directory> (0x00000000c6cff8a0) thrown at [./src/hotspot/share/prims/jni.cpp, line 636]

Events (20 events):
Event: 25.667 loading class com/sun/imageio/plugins/tiff/TIFFIFD
Event: 25.668 loading class javax/imageio/plugins/tiff/TIFFDirectory
Event: 25.668 loading class javax/imageio/plugins/tiff/TIFFDirectory done
Event: 25.668 loading class com/sun/imageio/plugins/tiff/TIFFIFD done
Event: 25.668 loading class javax/imageio/plugins/tiff/TIFFField
Event: 25.668 loading class javax/imageio/plugins/tiff/TIFFField done
Event: 25.669 loading class com/sun/imageio/plugins/tiff/TIFFIFD$TIFFIFDEntry
Event: 25.669 loading class com/sun/imageio/plugins/tiff/TIFFIFD$TIFFIFDEntry done
Event: 25.669 loading class com/sun/imageio/plugins/tiff/TIFFDecompressor
Event: 25.670 loading class com/sun/imageio/plugins/tiff/TIFFDecompressor done
Event: 25.670 loading class com/sun/imageio/plugins/common/ImageUtil
Event: 25.675 loading class com/sun/imageio/plugins/common/ImageUtil done
Event: 25.675 loading class com/sun/imageio/plugins/tiff/TIFFNullDecompressor
Event: 25.684 loading class com/sun/imageio/plugins/tiff/TIFFNullDecompressor done
Event: 25.684 loading class com/sun/imageio/plugins/tiff/TIFFImageWriter
Event: 25.687 loading class com/sun/imageio/plugins/tiff/TIFFImageWriter done
Event: 25.689 loading class java/lang/StrictMath
Event: 25.690 loading class java/lang/StrictMath done
Event: 25.690 loading class com/sun/jna/Native$Buffers
Event: 25.690 loading class com/sun/jna/Native$Buffers done


Dynamic libraries:
c4400000-c8000000 rw-p 00000000 00:00 0 
c8000000-ffe00000 ---p 00000000 00:00 0 
ffe00000-ffe47000 rw-p 0110b000 08:01 12456481                           /usr/lib/jvm/java-11-openjdk-amd64/lib/server/classes.jsa
ffe47000-fff00000 rw-p 00000000 00:00 0 
fff00000-fff6a000 rw-p 010a1000 08:01 12456481                           /usr/lib/jvm/java-11-openjdk-amd64/lib/server/classes.jsa
fff6a000-100000000 rw-p 00000000 00:00 0 
800000000-800002000 rwxp 00001000 08:01 12456481                         /usr/lib/jvm/java-11-openjdk-amd64/lib/server/classes.jsa
800002000-8003b8000 rw-p 00003000 08:01 12456481                         /usr/lib/jvm/java-11-openjdk-amd64/lib/server/classes.jsa
8003b8000-800a93000 r--p 003b9000 08:01 12456481                         /usr/lib/jvm/java-11-openjdk-amd64/lib/server/classes.jsa
800a93000-800a94000 rw-p 00a94000 08:01 12456481                         /usr/lib/jvm/java-11-openjdk-amd64/lib/server/classes.jsa
800a94000-8010a0000 r--p 00a95000 08:01 12456481                         /usr/lib/jvm/java-11-openjdk-amd64/lib/server/classes.jsa
840000000-840200000 rw-p 00000000 00:00 0 
840200000-880000000 ---p 00000000 00:00 0 
55f271a5e000-55f271a5f000 r-xp 00000000 08:01 12455190                   /usr/lib/jvm/java-11-openjdk-amd64/bin/java
55f271c5f000-55f271c60000 r--p 00001000 08:01 12455190                   /usr/lib/jvm/java-11-openjdk-amd64/bin/java
55f271c60000-55f271c61000 rw-p 00002000 08:01 12455190                   /usr/lib/jvm/java-11-openjdk-amd64/bin/java
55f272b3f000-55f272b60000 rw-p 00000000 00:00 0                          [heap]
7f9fdc000000-7f9fdc021000 rw-p 00000000 00:00 0 
7f9fdc021000-7f9fe0000000 ---p 00000000 00:00 0 
7f9fe0000000-7f9fe0021000 rw-p 00000000 00:00 0 
7f9fe0021000-7f9fe4000000 ---p 00000000 00:00 0 
7f9fe43b0000-7f9fe4470000 rw-p 00000000 00:00 0 
7f9fe4470000-7f9fe45b0000 ---p 00000000 00:00 0 
7f9fe45b0000-7f9fe45bb000 r-xp 00000000 08:01 6562053                    /usr/lib/x86_64-linux-gnu/libjbig.so.0
7f9fe45bb000-7f9fe47ba000 ---p 0000b000 08:01 6562053                    /usr/lib/x86_64-linux-gnu/libjbig.so.0
7f9fe47ba000-7f9fe47bb000 r--p 0000a000 08:01 6562053                    /usr/lib/x86_64-linux-gnu/libjbig.so.0
7f9fe47bb000-7f9fe47be000 rw-p 0000b000 08:01 6562053                    /usr/lib/x86_64-linux-gnu/libjbig.so.0
7f9fe47be000-7f9fe47e2000 r-xp 00000000 08:01 9966594                    /lib/x86_64-linux-gnu/liblzma.so.5.2.2
7f9fe47e2000-7f9fe49e2000 ---p 00024000 08:01 9966594                    /lib/x86_64-linux-gnu/liblzma.so.5.2.2
7f9fe49e2000-7f9fe49e3000 r--p 00024000 08:01 9966594                    /lib/x86_64-linux-gnu/liblzma.so.5.2.2
7f9fe49e3000-7f9fe49e4000 rw-p 00025000 08:01 9966594                    /lib/x86_64-linux-gnu/liblzma.so.5.2.2
7f9fe49e4000-7f9fe4a38000 r-xp 00000000 08:01 6555779                    /usr/lib/x86_64-linux-gnu/libopenjp2.so.2.3.0
7f9fe4a38000-7f9fe4c38000 ---p 00054000 08:01 6555779                    /usr/lib/x86_64-linux-gnu/libopenjp2.so.2.3.0
7f9fe4c38000-7f9fe4c39000 r--p 00054000 08:01 6555779                    /usr/lib/x86_64-linux-gnu/libopenjp2.so.2.3.0
7f9fe4c39000-7f9fe4c3a000 rw-p 00055000 08:01 6555779                    /usr/lib/x86_64-linux-gnu/libopenjp2.so.2.3.0
7f9fe4c3a000-7f9fe4ca0000 r-xp 00000000 08:01 6562528                    /usr/lib/x86_64-linux-gnu/libwebp.so.6.0.2
7f9fe4ca0000-7f9fe4e9f000 ---p 00066000 08:01 6562528                    /usr/lib/x86_64-linux-gnu/libwebp.so.6.0.2
7f9fe4e9f000-7f9fe4ea0000 r--p 00065000 08:01 6562528                    /usr/lib/x86_64-linux-gnu/libwebp.so.6.0.2
7f9fe4ea0000-7f9fe4ea1000 rw-p 00066000 08:01 6562528                    /usr/lib/x86_64-linux-gnu/libwebp.so.6.0.2
7f9fe4ea1000-7f9fe4ea3000 rw-p 00000000 00:00 0 
7f9fe4ea3000-7f9fe4f16000 r-xp 00000000 08:01 6554686                    /usr/lib/x86_64-linux-gnu/libtiff.so.5.3.0
7f9fe4f16000-7f9fe5115000 ---p 00073000 08:01 6554686                    /usr/lib/x86_64-linux-gnu/libtiff.so.5.3.0
7f9fe5115000-7f9fe5119000 r--p 00072000 08:01 6554686                    /usr/lib/x86_64-linux-gnu/libtiff.so.5.3.0
7f9fe5119000-7f9fe511a000 rw-p 00076000 08:01 6554686                    /usr/lib/x86_64-linux-gnu/libtiff.so.5.3.0
7f9fe511a000-7f9fe5122000 r-xp 00000000 08:01 6562893                    /usr/lib/x86_64-linux-gnu/libgif.so.7.0.0
7f9fe5122000-7f9fe5321000 ---p 00008000 08:01 6562893                    /usr/lib/x86_64-linux-gnu/libgif.so.7.0.0
7f9fe5321000-7f9fe5322000 r--p 00007000 08:01 6562893                    /usr/lib/x86_64-linux-gnu/libgif.so.7.0.0
7f9fe5322000-7f9fe5323000 rw-p 00008000 08:01 6562893                    /usr/lib/x86_64-linux-gnu/libgif.so.7.0.0
7f9fe5323000-7f9fe538a000 r-xp 00000000 08:01 6554613                    /usr/lib/x86_64-linux-gnu/libjpeg.so.8.1.2
7f9fe538a000-7f9fe5589000 ---p 00067000 08:01 6554613                    /usr/lib/x86_64-linux-gnu/libjpeg.so.8.1.2
7f9fe5589000-7f9fe558a000 r--p 00066000 08:01 6554613                    /usr/lib/x86_64-linux-gnu/libjpeg.so.8.1.2
7f9fe558a000-7f9fe558b000 rw-p 00067000 08:01 6554613                    /usr/lib/x86_64-linux-gnu/libjpeg.so.8.1.2
7f9fe558b000-7f9fe55bc000 r-xp 00000000 08:01 6562256                    /usr/lib/x86_64-linux-gnu/libpng16.so.16.34.0
7f9fe55bc000-7f9fe57bb000 ---p 00031000 08:01 6562256                    /usr/lib/x86_64-linux-gnu/libpng16.so.16.34.0
7f9fe57bb000-7f9fe57bc000 r--p 00030000 08:01 6562256                    /usr/lib/x86_64-linux-gnu/libpng16.so.16.34.0
7f9fe57bc000-7f9fe57bd000 rw-p 00031000 08:01 6562256                    /usr/lib/x86_64-linux-gnu/libpng16.so.16.34.0
7f9fe57bd000-7f9fe57eb000 r-xp 00000000 08:01 6555237                    /usr/lib/x86_64-linux-gnu/libgomp.so.1.0.0
7f9fe57eb000-7f9fe59ea000 ---p 0002e000 08:01 6555237                    /usr/lib/x86_64-linux-gnu/libgomp.so.1.0.0
7f9fe59ea000-7f9fe59eb000 r--p 0002d000 08:01 6555237                    /usr/lib/x86_64-linux-gnu/libgomp.so.1.0.0
7f9fe59eb000-7f9fe59ec000 rw-p 0002e000 08:01 6555237                    /usr/lib/x86_64-linux-gnu/libgomp.so.1.0.0
7f9fe59ec000-7f9fe5c48000 r-xp 00000000 08:01 6556067                    /usr/lib/x86_64-linux-gnu/liblept.so.5.0.2
7f9fe5c48000-7f9fe5e47000 ---p 0025c000 08:01 6556067                    /usr/lib/x86_64-linux-gnu/liblept.so.5.0.2
7f9fe5e47000-7f9fe5e48000 r--p 0025b000 08:01 6556067                    /usr/lib/x86_64-linux-gnu/liblept.so.5.0.2
7f9fe5e48000-7f9fe5e4e000 rw-p 0025c000 08:01 6556067                    /usr/lib/x86_64-linux-gnu/liblept.so.5.0.2
7f9fe5e4e000-7f9fe615b000 r-xp 00000000 08:01 6556069                    /usr/lib/x86_64-linux-gnu/libtesseract.so.4.0.0
7f9fe615b000-7f9fe635a000 ---p 0030d000 08:01 6556069                    /usr/lib/x86_64-linux-gnu/libtesseract.so.4.0.0
7f9fe635a000-7f9fe635f000 r--p 0030c000 08:01 6556069                    /usr/lib/x86_64-linux-gnu/libtesseract.so.4.0.0
7f9fe635f000-7f9fe6360000 rw-p 00311000 08:01 6556069                    /usr/lib/x86_64-linux-gnu/libtesseract.so.4.0.0
7f9fe6360000-7f9fe6604000 rw-p 00000000 00:00 0 
7f9fe6604000-7f9fe661b000 r-xp 00000000 08:01 19149868                   /tmp/jna-104583599/jna17736506839858473358.tmp (deleted)
7f9fe661b000-7f9fe671a000 ---p 00017000 08:01 19149868                   /tmp/jna-104583599/jna17736506839858473358.tmp (deleted)
7f9fe671a000-7f9fe671c000 rw-p 00016000 08:01 19149868                   /tmp/jna-104583599/jna17736506839858473358.tmp (deleted)
7f9fe671c000-7f9fe672f000 r-xp 00000000 08:01 9961655                    /lib/x86_64-linux-gnu/libbsd.so.0.8.7
7f9fe672f000-7f9fe692e000 ---p 00013000 08:01 9961655                    /lib/x86_64-linux-gnu/libbsd.so.0.8.7
7f9fe692e000-7f9fe692f000 r--p 00012000 08:01 9961655                    /lib/x86_64-linux-gnu/libbsd.so.0.8.7
7f9fe692f000-7f9fe6930000 rw-p 00013000 08:01 9961655                    /lib/x86_64-linux-gnu/libbsd.so.0.8.7
7f9fe6930000-7f9fe6931000 rw-p 00000000 00:00 0 
7f9fe6931000-7f9fe6936000 r-xp 00000000 08:01 6561397                    /usr/lib/x86_64-linux-gnu/libXdmcp.so.6.0.0
7f9fe6936000-7f9fe6b35000 ---p 00005000 08:01 6561397                    /usr/lib/x86_64-linux-gnu/libXdmcp.so.6.0.0
7f9fe6b35000-7f9fe6b36000 r--p 00004000 08:01 6561397                    /usr/lib/x86_64-linux-gnu/libXdmcp.so.6.0.0
7f9fe6b36000-7f9fe6b37000 rw-p 00005000 08:01 6561397                    /usr/lib/x86_64-linux-gnu/libXdmcp.so.6.0.0
7f9fe6b37000-7f9fe6b39000 r-xp 00000000 08:01 6561386                    /usr/lib/x86_64-linux-gnu/libXau.so.6.0.0
7f9fe6b39000-7f9fe6d39000 ---p 00002000 08:01 6561386                    /usr/lib/x86_64-linux-gnu/libXau.so.6.0.0
7f9fe6d39000-7f9fe6d3a000 r--p 00002000 08:01 6561386                    /usr/lib/x86_64-linux-gnu/libXau.so.6.0.0
7f9fe6d3a000-7f9fe6d3b000 rw-p 00003000 08:01 6561386                    /usr/lib/x86_64-linux-gnu/libXau.so.6.0.0
7f9fe6d3b000-7f9fe6d61000 r-xp 00000000 08:01 6562599                    /usr/lib/x86_64-linux-gnu/libxcb.so.1.1.0
7f9fe6d61000-7f9fe6f61000 ---p 00026000 08:01 6562599                    /usr/lib/x86_64-linux-gnu/libxcb.so.1.1.0
7f9fe6f61000-7f9fe6f62000 r--p 00026000 08:01 6562599                    /usr/lib/x86_64-linux-gnu/libxcb.so.1.1.0
7f9fe6f62000-7f9fe6f63000 rw-p 00027000 08:01 6562599                    /usr/lib/x86_64-linux-gnu/libxcb.so.1.1.0
7f9fe6f63000-7f9fe6f72000 r-xp 00000000 08:01 6561407                    /usr/lib/x86_64-linux-gnu/libXi.so.6.1.0
7f9fe6f72000-7f9fe7171000 ---p 0000f000 08:01 6561407                    /usr/lib/x86_64-linux-gnu/libXi.so.6.1.0
7f9fe7171000-7f9fe7172000 r--p 0000e000 08:01 6561407                    /usr/lib/x86_64-linux-gnu/libXi.so.6.1.0
7f9fe7172000-7f9fe7173000 rw-p 0000f000 08:01 6561407                    /usr/lib/x86_64-linux-gnu/libXi.so.6.1.0
7f9fe7173000-7f9fe7178000 r-xp 00000000 08:01 6561425                    /usr/lib/x86_64-linux-gnu/libXtst.so.6.1.0
7f9fe7178000-7f9fe7377000 ---p 00005000 08:01 6561425                    /usr/lib/x86_64-linux-gnu/libXtst.so.6.1.0
7f9fe7377000-7f9fe7378000 r--p 00004000 08:01 6561425                    /usr/lib/x86_64-linux-gnu/libXtst.so.6.1.0
7f9fe7378000-7f9fe7379000 rw-p 00005000 08:01 6561425                    /usr/lib/x86_64-linux-gnu/libXtst.so.6.1.0
7f9fe7379000-7f9fe7382000 r-xp 00000000 08:01 6561419                    /usr/lib/x86_64-linux-gnu/libXrender.so.1.3.0
7f9fe7382000-7f9fe7581000 ---p 00009000 08:01 6561419                    /usr/lib/x86_64-linux-gnu/libXrender.so.1.3.0
7f9fe7581000-7f9fe7582000 r--p 00008000 08:01 6561419                    /usr/lib/x86_64-linux-gnu/libXrender.so.1.3.0
7f9fe7582000-7f9fe7583000 rw-p 00009000 08:01 6561419                    /usr/lib/x86_64-linux-gnu/libXrender.so.1.3.0
7f9fe7583000-7f9fe76b6000 r-xp 00000000 08:01 6561382                    /usr/lib/x86_64-linux-gnu/libX11.so.6.3.0
7f9fe76b6000-7f9fe78b6000 ---p 00133000 08:01 6561382                    /usr/lib/x86_64-linux-gnu/libX11.so.6.3.0
7f9fe78b6000-7f9fe78b7000 r--p 00133000 08:01 6561382                    /usr/lib/x86_64-linux-gnu/libX11.so.6.3.0
7f9fe78b7000-7f9fe78bb000 rw-p 00134000 08:01 6561382                    /usr/lib/x86_64-linux-gnu/libX11.so.6.3.0
7f9fe78bb000-7f9fe78cc000 r-xp 00000000 08:01 6561399                    /usr/lib/x86_64-linux-gnu/libXext.so.6.4.0
7f9fe78cc000-7f9fe7acb000 ---p 00011000 08:01 6561399                    /usr/lib/x86_64-linux-gnu/libXext.so.6.4.0
7f9fe7acb000-7f9fe7acc000 r--p 00010000 08:01 6561399                    /usr/lib/x86_64-linux-gnu/libXext.so.6.4.0
7f9fe7acc000-7f9fe7acd000 rw-p 00011000 08:01 6561399                    /usr/lib/x86_64-linux-gnu/libXext.so.6.4.0
7f9fe7acd000-7f9fe7b2c000 r-xp 00000000 08:01 12455373                   /usr/lib/jvm/java-11-openjdk-amd64/lib/libawt_xawt.so
7f9fe7b2c000-7f9fe7d2b000 ---p 0005f000 08:01 12455373                   /usr/lib/jvm/java-11-openjdk-amd64/lib/libawt_xawt.so
7f9fe7d2b000-7f9fe7d2c000 r--p 0005e000 08:01 12455373                   /usr/lib/jvm/java-11-openjdk-amd64/lib/libawt_xawt.so
7f9fe7d2c000-7f9fe7d2f000 rw-p 0005f000 08:01 12455373                   /usr/lib/jvm/java-11-openjdk-amd64/lib/libawt_xawt.so
7f9fe7d2f000-7f9fe7d31000 rw-p 00000000 00:00 0 
7f9fe7d31000-7f9fe7dcf000 r-xp 00000000 08:01 12455371                   /usr/lib/jvm/java-11-openjdk-amd64/lib/libawt.so
7f9fe7dcf000-7f9fe7fcf000 ---p 0009e000 08:01 12455371                   /usr/lib/jvm/java-11-openjdk-amd64/lib/libawt.so
7f9fe7fcf000-7f9fe7fd0000 r--p 0009e000 08:01 12455371                   /usr/lib/jvm/java-11-openjdk-amd64/lib/libawt.so
7f9fe7fd0000-7f9fe7fdb000 rw-p 0009f000 08:01 12455371                   /usr/lib/jvm/java-11-openjdk-amd64/lib/libawt.so
7f9fe7fdb000-7f9fe8000000 rw-p 00000000 00:00 0 
7f9fe8000000-7f9fe8021000 rw-p 00000000 00:00 0 
7f9fe8021000-7f9fec000000 ---p 00000000 00:00 0 
7f9fec000000-7f9fec021000 rw-p 00000000 00:00 0 
7f9fec021000-7f9ff0000000 ---p 00000000 00:00 0 
7f9ff0000000-7f9ff0021000 rw-p 00000000 00:00 0 
7f9ff0021000-7f9ff4000000 ---p 00000000 00:00 0 
7f9ff4000000-7f9ff4021000 rw-p 00000000 00:00 0 
7f9ff4021000-7f9ff8000000 ---p 00000000 00:00 0 
7f9ff8000000-7f9ff8021000 rw-p 00000000 00:00 0 
7f9ff8021000-7f9ffc000000 ---p 00000000 00:00 0 
7f9ffc000000-7f9ffc021000 rw-p 00000000 00:00 0 
7f9ffc021000-7fa000000000 ---p 00000000 00:00 0 
7fa000000000-7fa000021000 rw-p 00000000 00:00 0 
7fa000021000-7fa004000000 ---p 00000000 00:00 0 
7fa004000000-7fa004021000 rw-p 00000000 00:00 0 
7fa004021000-7fa008000000 ---p 00000000 00:00 0 
7fa008000000-7fa008021000 rw-p 00000000 00:00 0 
7fa008021000-7fa00c000000 ---p 00000000 00:00 0 
7fa00c000000-7fa00c021000 rw-p 00000000 00:00 0 
7fa00c021000-7fa010000000 ---p 00000000 00:00 0 
7fa010000000-7fa0103e0000 rw-p 00000000 00:00 0 
7fa0103e0000-7fa014000000 ---p 00000000 00:00 0 
7fa014000000-7fa014021000 rw-p 00000000 00:00 0 
7fa014021000-7fa018000000 ---p 00000000 00:00 0 
7fa018000000-7fa018021000 rw-p 00000000 00:00 0 
7fa018021000-7fa01c000000 ---p 00000000 00:00 0 
7fa01c000000-7fa01c889000 rw-p 00000000 00:00 0 
7fa01c889000-7fa020000000 ---p 00000000 00:00 0 
7fa020000000-7fa020021000 rw-p 00000000 00:00 0 
7fa020021000-7fa024000000 ---p 00000000 00:00 0 
7fa024000000-7fa024021000 rw-p 00000000 00:00 0 
7fa024021000-7fa028000000 ---p 00000000 00:00 0 
7fa028000000-7fa028021000 rw-p 00000000 00:00 0 
7fa028021000-7fa02c000000 ---p 00000000 00:00 0 
7fa02c000000-7fa02c021000 rw-p 00000000 00:00 0 
7fa02c021000-7fa030000000 ---p 00000000 00:00 0 
7fa030000000-7fa030021000 rw-p 00000000 00:00 0 
7fa030021000-7fa034000000 ---p 00000000 00:00 0 
7fa034000000-7fa034021000 rw-p 00000000 00:00 0 
7fa034021000-7fa038000000 ---p 00000000 00:00 0 
7fa0380cd000-7fa0380d1000 ---p 00000000 00:00 0 
7fa0380d1000-7fa0383ce000 rw-p 00000000 00:00 0 
7fa0383ce000-7fa0383d2000 ---p 00000000 00:00 0 
7fa0383d2000-7fa0384cf000 rw-p 00000000 00:00 0 
7fa0384cf000-7fa0384d3000 ---p 00000000 00:00 0 
7fa0384d3000-7fa0387d0000 rw-p 00000000 00:00 0 
7fa0387d0000-7fa0387d4000 ---p 00000000 00:00 0 
7fa0387d4000-7fa0388d1000 rw-p 00000000 00:00 0 
7fa0388d1000-7fa0388d5000 ---p 00000000 00:00 0 
7fa0388d5000-7fa0389d2000 rw-p 00000000 00:00 0 
7fa0389d2000-7fa0389d6000 ---p 00000000 00:00 0 
7fa0389d6000-7fa038ad3000 rw-p 00000000 00:00 0 
7fa038ad3000-7fa038ad7000 ---p 00000000 00:00 0 
7fa038ad7000-7fa038bd4000 rw-p 00000000 00:00 0 
7fa038bd4000-7fa038bd5000 ---p 00000000 00:00 0 
7fa038bd5000-7fa038cd6000 rw-p 00000000 00:00 0 
7fa038cd6000-7fa038d00000 r-xp 00000000 08:01 12455404                   /usr/lib/jvm/java-11-openjdk-amd64/lib/libsunec.so
7fa038d00000-7fa038eff000 ---p 0002a000 08:01 12455404                   /usr/lib/jvm/java-11-openjdk-amd64/lib/libsunec.so
7fa038eff000-7fa038f03000 r--p 00029000 08:01 12455404                   /usr/lib/jvm/java-11-openjdk-amd64/lib/libsunec.so
7fa038f03000-7fa038f05000 rw-p 0002d000 08:01 12455404                   /usr/lib/jvm/java-11-openjdk-amd64/lib/libsunec.so
7fa038f05000-7fa038f07000 r-xp 00000000 08:01 12455375                   /usr/lib/jvm/java-11-openjdk-amd64/lib/libextnet.so
7fa038f07000-7fa039106000 ---p 00002000 08:01 12455375                   /usr/lib/jvm/java-11-openjdk-amd64/lib/libextnet.so
7fa039106000-7fa039107000 r--p 00001000 08:01 12455375                   /usr/lib/jvm/java-11-openjdk-amd64/lib/libextnet.so
7fa039107000-7fa039108000 rw-p 00002000 08:01 12455375                   /usr/lib/jvm/java-11-openjdk-amd64/lib/libextnet.so
7fa039108000-7fa03911e000 r-xp 00000000 08:01 12455398                   /usr/lib/jvm/java-11-openjdk-amd64/lib/libnet.so
7fa03911e000-7fa03931d000 ---p 00016000 08:01 12455398                   /usr/lib/jvm/java-11-openjdk-amd64/lib/libnet.so
7fa03931d000-7fa03931e000 r--p 00015000 08:01 12455398                   /usr/lib/jvm/java-11-openjdk-amd64/lib/libnet.so
7fa03931e000-7fa03931f000 rw-p 00016000 08:01 12455398                   /usr/lib/jvm/java-11-openjdk-amd64/lib/libnet.so
7fa03931f000-7fa03932f000 r-xp 00000000 08:01 12455399                   /usr/lib/jvm/java-11-openjdk-amd64/lib/libnio.so
7fa03932f000-7fa03952e000 ---p 00010000 08:01 12455399                   /usr/lib/jvm/java-11-openjdk-amd64/lib/libnio.so
7fa03952e000-7fa03952f000 r--p 0000f000 08:01 12455399                   /usr/lib/jvm/java-11-openjdk-amd64/lib/libnio.so
7fa03952f000-7fa039530000 rw-p 00010000 08:01 12455399                   /usr/lib/jvm/java-11-openjdk-amd64/lib/libnio.so
7fa039530000-7fa039534000 ---p 00000000 00:00 0 
7fa039534000-7fa039631000 rw-p 00000000 00:00 0 
7fa039631000-7fa03a000000 r--p 00000000 08:01 6560357                    /usr/lib/locale/locale-archive
7fa03a000000-7fa03c000000 rw-p 00000000 00:00 0 
7fa03c000000-7fa03c021000 rw-p 00000000 00:00 0 
7fa03c021000-7fa040000000 ---p 00000000 00:00 0 
7fa04006c000-7fa04006d000 ---p 00000000 00:00 0 
7fa04006d000-7fa04016e000 rw-p 00000000 00:00 0 
7fa04016e000-7fa040172000 ---p 00000000 00:00 0 
7fa040172000-7fa04026f000 rw-p 00000000 00:00 0 
7fa04026f000-7fa040273000 ---p 00000000 00:00 0 
7fa040273000-7fa040370000 rw-p 00000000 00:00 0 
7fa040370000-7fa040374000 ---p 00000000 00:00 0 
7fa040374000-7fa040471000 rw-p 00000000 00:00 0 
7fa040471000-7fa040475000 ---p 00000000 00:00 0 
7fa040475000-7fa040572000 rw-p 00000000 00:00 0 
7fa040572000-7fa040576000 ---p 00000000 00:00 0 
7fa040576000-7fa040673000 rw-p 00000000 00:00 0 
7fa040673000-7fa040677000 ---p 00000000 00:00 0 
7fa040677000-7fa040774000 rw-p 00000000 00:00 0 
7fa040774000-7fa040778000 ---p 00000000 00:00 0 
7fa040778000-7fa040875000 rw-p 00000000 00:00 0 
7fa040875000-7fa040876000 ---p 00000000 00:00 0 
7fa040876000-7fa041177000 rw-p 00000000 00:00 0 
7fa041177000-7fa041178000 ---p 00000000 00:00 0 
7fa041178000-7fa041279000 rw-p 00000000 00:00 0 
7fa041279000-7fa04127a000 ---p 00000000 00:00 0 
7fa04127a000-7fa04177f000 rw-p 00000000 00:00 0 
7fa04177f000-7fa041780000 ---p 00000000 00:00 0 
7fa041780000-7fa041881000 rw-p 00000000 00:00 0 
7fa041881000-7fa041882000 ---p 00000000 00:00 0 
7fa041882000-7fa041a73000 rw-p 00000000 00:00 0 
7fa041a73000-7fa04286b000 ---p 00000000 00:00 0 
7fa04286b000-7fa042963000 rw-p 00000000 00:00 0 
7fa042963000-7fa04375b000 ---p 00000000 00:00 0 
7fa04375b000-7fa043781000 rw-p 00000000 00:00 0 
7fa043781000-7fa043940000 ---p 00000000 00:00 0 
7fa043940000-7fa04395f000 rw-p 00000000 00:00 0 
7fa04395f000-7fa043b1e000 ---p 00000000 00:00 0 
7fa043b1e000-7fa043b3d000 rw-p 00000000 00:00 0 
7fa043b3d000-7fa043cfc000 ---p 00000000 00:00 0 
7fa043cfc000-7fa044000000 rw-p 00000000 00:00 0 
7fa044000000-7fa044021000 rw-p 00000000 00:00 0 
7fa044021000-7fa048000000 ---p 00000000 00:00 0 
7fa04800e000-7fa0481eb000 rw-p 00000000 00:00 0 
7fa0481eb000-7fa0481ec000 ---p 00000000 00:00 0 
7fa0481ec000-7fa0482ed000 rw-p 00000000 00:00 0 
7fa0482ed000-7fa04855d000 rwxp 00000000 00:00 0 
7fa04855d000-7fa04887d000 ---p 00000000 00:00 0 
7fa04887d000-7fa048c2d000 rwxp 00000000 00:00 0 
7fa048c2d000-7fa04fdb5000 ---p 00000000 00:00 0 
7fa04fdb5000-7fa050025000 rwxp 00000000 00:00 0 
7fa050025000-7fa0572ed000 ---p 00000000 00:00 0 
7fa0572ed000-7fa05f9e0000 r--s 00000000 08:01 12455408                   /usr/lib/jvm/java-11-openjdk-amd64/lib/modules
7fa05f9e0000-7fa05f9e5000 r-xp 00000000 08:01 12455386                   /usr/lib/jvm/java-11-openjdk-amd64/lib/libjimage.so
7fa05f9e5000-7fa05fbe4000 ---p 00005000 08:01 12455386                   /usr/lib/jvm/java-11-openjdk-amd64/lib/libjimage.so
7fa05fbe4000-7fa05fbe5000 r--p 00004000 08:01 12455386                   /usr/lib/jvm/java-11-openjdk-amd64/lib/libjimage.so
7fa05fbe5000-7fa05fbe6000 rw-p 00005000 08:01 12455386                   /usr/lib/jvm/java-11-openjdk-amd64/lib/libjimage.so
7fa05fbe6000-7fa05fbed000 r-xp 00000000 08:01 12455407                   /usr/lib/jvm/java-11-openjdk-amd64/lib/libzip.so
7fa05fbed000-7fa05fdec000 ---p 00007000 08:01 12455407                   /usr/lib/jvm/java-11-openjdk-amd64/lib/libzip.so
7fa05fdec000-7fa05fded000 r--p 00006000 08:01 12455407                   /usr/lib/jvm/java-11-openjdk-amd64/lib/libzip.so
7fa05fded000-7fa05fdee000 rw-p 00007000 08:01 12455407                   /usr/lib/jvm/java-11-openjdk-amd64/lib/libzip.so
7fa05fdee000-7fa05fdf9000 r-xp 00000000 08:01 9966624                    /lib/x86_64-linux-gnu/libnss_files-2.27.so
7fa05fdf9000-7fa05fff8000 ---p 0000b000 08:01 9966624                    /lib/x86_64-linux-gnu/libnss_files-2.27.so
7fa05fff8000-7fa05fff9000 r--p 0000a000 08:01 9966624                    /lib/x86_64-linux-gnu/libnss_files-2.27.so
7fa05fff9000-7fa05fffa000 rw-p 0000b000 08:01 9966624                    /lib/x86_64-linux-gnu/libnss_files-2.27.so
7fa05fffa000-7fa060000000 rw-p 00000000 00:00 0 
7fa060000000-7fa060861000 rw-p 00000000 00:00 0 
7fa060861000-7fa064000000 ---p 00000000 00:00 0 
7fa06400c000-7fa064010000 ---p 00000000 00:00 0 
7fa064010000-7fa064033000 rw-p 00000000 00:00 0 
7fa064033000-7fa064119000 ---p 00000000 00:00 0 
7fa064119000-7fa064121000 rw-p 00000000 00:00 0 
7fa064121000-7fa064204000 ---p 00000000 00:00 0 
7fa064204000-7fa06421b000 r-xp 00000000 08:01 9966618                    /lib/x86_64-linux-gnu/libnsl-2.27.so
7fa06421b000-7fa06441a000 ---p 00017000 08:01 9966618                    /lib/x86_64-linux-gnu/libnsl-2.27.so
7fa06441a000-7fa06441b000 r--p 00016000 08:01 9966618                    /lib/x86_64-linux-gnu/libnsl-2.27.so
7fa06441b000-7fa06441c000 rw-p 00017000 08:01 9966618                    /lib/x86_64-linux-gnu/libnsl-2.27.so
7fa06441c000-7fa06441e000 rw-p 00000000 00:00 0 
7fa06441e000-7fa064429000 r-xp 00000000 08:01 9966635                    /lib/x86_64-linux-gnu/libnss_nis-2.27.so
7fa064429000-7fa064628000 ---p 0000b000 08:01 9966635                    /lib/x86_64-linux-gnu/libnss_nis-2.27.so
7fa064628000-7fa064629000 r--p 0000a000 08:01 9966635                    /lib/x86_64-linux-gnu/libnss_nis-2.27.so
7fa064629000-7fa06462a000 rw-p 0000b000 08:01 9966635                    /lib/x86_64-linux-gnu/libnss_nis-2.27.so
7fa06462a000-7fa064632000 r-xp 00000000 08:01 9966620                    /lib/x86_64-linux-gnu/libnss_compat-2.27.so
7fa064632000-7fa064832000 ---p 00008000 08:01 9966620                    /lib/x86_64-linux-gnu/libnss_compat-2.27.so
7fa064832000-7fa064833000 r--p 00008000 08:01 9966620                    /lib/x86_64-linux-gnu/libnss_compat-2.27.so
7fa064833000-7fa064834000 rw-p 00009000 08:01 9966620                    /lib/x86_64-linux-gnu/libnss_compat-2.27.so
7fa064834000-7fa06485d000 r-xp 00000000 08:01 12455382                   /usr/lib/jvm/java-11-openjdk-amd64/lib/libjava.so
7fa06485d000-7fa064a5c000 ---p 00029000 08:01 12455382                   /usr/lib/jvm/java-11-openjdk-amd64/lib/libjava.so
7fa064a5c000-7fa064a5d000 r--p 00028000 08:01 12455382                   /usr/lib/jvm/java-11-openjdk-amd64/lib/libjava.so
7fa064a5d000-7fa064a5f000 rw-p 00029000 08:01 12455382                   /usr/lib/jvm/java-11-openjdk-amd64/lib/libjava.so
7fa064a5f000-7fa064a6c000 r-xp 00000000 08:01 12455406                   /usr/lib/jvm/java-11-openjdk-amd64/lib/libverify.so
7fa064a6c000-7fa064c6b000 ---p 0000d000 08:01 12455406                   /usr/lib/jvm/java-11-openjdk-amd64/lib/libverify.so
7fa064c6b000-7fa064c6d000 r--p 0000c000 08:01 12455406                   /usr/lib/jvm/java-11-openjdk-amd64/lib/libverify.so
7fa064c6d000-7fa064c6e000 rw-p 0000e000 08:01 12455406                   /usr/lib/jvm/java-11-openjdk-amd64/lib/libverify.so
7fa064c6e000-7fa064c75000 r-xp 00000000 08:01 9966675                    /lib/x86_64-linux-gnu/librt-2.27.so
7fa064c75000-7fa064e74000 ---p 00007000 08:01 9966675                    /lib/x86_64-linux-gnu/librt-2.27.so
7fa064e74000-7fa064e75000 r--p 00006000 08:01 9966675                    /lib/x86_64-linux-gnu/librt-2.27.so
7fa064e75000-7fa064e76000 rw-p 00007000 08:01 9966675                    /lib/x86_64-linux-gnu/librt-2.27.so
7fa064e76000-7fa064e8d000 r-xp 00000000 08:01 9961786                    /lib/x86_64-linux-gnu/libgcc_s.so.1
7fa064e8d000-7fa06508c000 ---p 00017000 08:01 9961786                    /lib/x86_64-linux-gnu/libgcc_s.so.1
7fa06508c000-7fa06508d000 r--p 00016000 08:01 9961786                    /lib/x86_64-linux-gnu/libgcc_s.so.1
7fa06508d000-7fa06508e000 rw-p 00017000 08:01 9961786                    /lib/x86_64-linux-gnu/libgcc_s.so.1
7fa06508e000-7fa06522b000 r-xp 00000000 08:01 9966597                    /lib/x86_64-linux-gnu/libm-2.27.so
7fa06522b000-7fa06542a000 ---p 0019d000 08:01 9966597                    /lib/x86_64-linux-gnu/libm-2.27.so
7fa06542a000-7fa06542b000 r--p 0019c000 08:01 9966597                    /lib/x86_64-linux-gnu/libm-2.27.so
7fa06542b000-7fa06542c000 rw-p 0019d000 08:01 9966597                    /lib/x86_64-linux-gnu/libm-2.27.so
7fa06542c000-7fa0655a5000 r-xp 00000000 08:01 6555233                    /usr/lib/x86_64-linux-gnu/libstdc++.so.6.0.25
7fa0655a5000-7fa0657a5000 ---p 00179000 08:01 6555233                    /usr/lib/x86_64-linux-gnu/libstdc++.so.6.0.25
7fa0657a5000-7fa0657af000 r--p 00179000 08:01 6555233                    /usr/lib/x86_64-linux-gnu/libstdc++.so.6.0.25
7fa0657af000-7fa0657b1000 rw-p 00183000 08:01 6555233                    /usr/lib/x86_64-linux-gnu/libstdc++.so.6.0.25
7fa0657b1000-7fa0657b5000 rw-p 00000000 00:00 0 
7fa0657b5000-7fa066892000 r-xp 00000000 08:01 12455413                   /usr/lib/jvm/java-11-openjdk-amd64/lib/server/libjvm.so
7fa066892000-7fa066a91000 ---p 010dd000 08:01 12455413                   /usr/lib/jvm/java-11-openjdk-amd64/lib/server/libjvm.so
7fa066a91000-7fa066b4e000 r--p 010dc000 08:01 12455413                   /usr/lib/jvm/java-11-openjdk-amd64/lib/server/libjvm.so
7fa066b4e000-7fa066b88000 rw-p 01199000 08:01 12455413                   /usr/lib/jvm/java-11-openjdk-amd64/lib/server/libjvm.so
7fa066b88000-7fa066bde000 rw-p 00000000 00:00 0 
7fa066bde000-7fa066bf8000 r-xp 00000000 08:01 9966667                    /lib/x86_64-linux-gnu/libpthread-2.27.so
7fa066bf8000-7fa066df7000 ---p 0001a000 08:01 9966667                    /lib/x86_64-linux-gnu/libpthread-2.27.so
7fa066df7000-7fa066df8000 r--p 00019000 08:01 9966667                    /lib/x86_64-linux-gnu/libpthread-2.27.so
7fa066df8000-7fa066df9000 rw-p 0001a000 08:01 9966667                    /lib/x86_64-linux-gnu/libpthread-2.27.so
7fa066df9000-7fa066dfd000 rw-p 00000000 00:00 0 
7fa066dfd000-7fa066e00000 r-xp 00000000 08:01 9966557                    /lib/x86_64-linux-gnu/libdl-2.27.so
7fa066e00000-7fa066fff000 ---p 00003000 08:01 9966557                    /lib/x86_64-linux-gnu/libdl-2.27.so
7fa066fff000-7fa067000000 r--p 00002000 08:01 9966557                    /lib/x86_64-linux-gnu/libdl-2.27.so
7fa067000000-7fa067001000 rw-p 00003000 08:01 9966557                    /lib/x86_64-linux-gnu/libdl-2.27.so
7fa067001000-7fa06701d000 r-xp 00000000 08:01 9966706                    /lib/x86_64-linux-gnu/libz.so.1.2.11
7fa06701d000-7fa06721c000 ---p 0001c000 08:01 9966706                    /lib/x86_64-linux-gnu/libz.so.1.2.11
7fa06721c000-7fa06721d000 r--p 0001b000 08:01 9966706                    /lib/x86_64-linux-gnu/libz.so.1.2.11
7fa06721d000-7fa06721e000 rw-p 0001c000 08:01 9966706                    /lib/x86_64-linux-gnu/libz.so.1.2.11
7fa06721e000-7fa067405000 r-xp 00000000 08:01 9966534                    /lib/x86_64-linux-gnu/libc-2.27.so
7fa067405000-7fa067605000 ---p 001e7000 08:01 9966534                    /lib/x86_64-linux-gnu/libc-2.27.so
7fa067605000-7fa067609000 r--p 001e7000 08:01 9966534                    /lib/x86_64-linux-gnu/libc-2.27.so
7fa067609000-7fa06760b000 rw-p 001eb000 08:01 9966534                    /lib/x86_64-linux-gnu/libc-2.27.so
7fa06760b000-7fa06760f000 rw-p 00000000 00:00 0 
7fa06760f000-7fa06761f000 r-xp 00000000 08:01 12455366                   /usr/lib/jvm/java-11-openjdk-amd64/lib/jli/libjli.so
7fa06761f000-7fa06781e000 ---p 00010000 08:01 12455366                   /usr/lib/jvm/java-11-openjdk-amd64/lib/jli/libjli.so
7fa06781e000-7fa06781f000 r--p 0000f000 08:01 12455366                   /usr/lib/jvm/java-11-openjdk-amd64/lib/jli/libjli.so
7fa06781f000-7fa067820000 rw-p 00010000 08:01 12455366                   /usr/lib/jvm/java-11-openjdk-amd64/lib/jli/libjli.so
7fa067820000-7fa067847000 r-xp 00000000 08:01 9966506                    /lib/x86_64-linux-gnu/ld-2.27.so
7fa067868000-7fa067923000 rw-p 00000000 00:00 0 
7fa067923000-7fa067927000 ---p 00000000 00:00 0 
7fa067927000-7fa067a26000 rw-p 00000000 00:00 0 
7fa067a2d000-7fa067a32000 rw-p 00000000 00:00 0 
7fa067a32000-7fa067a39000 ---p 00000000 00:00 0 
7fa067a39000-7fa067a3b000 r--s 00007000 08:01 6951047                    /usr/share/java/java-atk-wrapper.jar
7fa067a3b000-7fa067a43000 rw-s 00000000 08:01 19017163                   /tmp/hsperfdata_nakul/14694
7fa067a43000-7fa067a44000 ---p 00000000 00:00 0 
7fa067a44000-7fa067a45000 r--p 00000000 00:00 0 
7fa067a45000-7fa067a47000 rw-p 00000000 00:00 0 
7fa067a47000-7fa067a48000 r--p 00027000 08:01 9966506                    /lib/x86_64-linux-gnu/ld-2.27.so
7fa067a48000-7fa067a49000 rw-p 00028000 08:01 9966506                    /lib/x86_64-linux-gnu/ld-2.27.so
7fa067a49000-7fa067a4a000 rw-p 00000000 00:00 0 
7ffe73070000-7ffe73091000 rw-p 00000000 00:00 0                          [stack]
7ffe7314b000-7ffe7314e000 r--p 00000000 00:00 0                          [vvar]
7ffe7314e000-7ffe7314f000 r-xp 00000000 00:00 0                          [vdso]
ffffffffff600000-ffffffffff601000 --xp 00000000 00:00 0                  [vsyscall]


VM Arguments:
jvm_args: -Dfile.encoding=UTF-8 
java_command: selenium.NSP
java_class_path (initial): /home/nakul/eclipse-workspace/selenium/bin:/home/nakul/selenium/selenium-java-3.141.59/libs/byte-buddy-1.8.15.jar:/home/nakul/selenium/selenium-java-3.141.59/libs/commons-exec-1.3.jar:/home/nakul/selenium/selenium-java-3.141.59/libs/guava-25.0-jre.jar:/home/nakul/selenium/selenium-java-3.141.59/libs/okhttp-3.11.0.jar:/home/nakul/selenium/selenium-java-3.141.59/libs/okio-1.14.0.jar:/home/nakul/selenium/selenium-java-3.141.59/client-combined-3.141.59.jar:/home/nakul/selenium/selenium-java-3.141.59/client-combined-3.141.59-sources.jar:/home/nakul/eclipse-workspace/Tess4J/lib/commons-beanutils-1.9.2.jar:/home/nakul/eclipse-workspace/Tess4J/lib/commons-io-2.6.jar:/home/nakul/eclipse-workspace/Tess4J/lib/commons-logging-1.2.jar:/home/nakul/eclipse-workspace/Tess4J/lib/fontbox-2.0.9.jar:/home/nakul/eclipse-workspace/Tess4J/lib/ghost4j-1.0.1.jar:/home/nakul/eclipse-workspace/Tess4J/lib/hamcrest-core-1.3.jar:/home/nakul/eclipse-workspace/Tess4J/lib/itext-2.1.7.jar:/home/nakul/eclipse-workspace/Tess4J/lib/jai-imageio-core-1.4.0.jar:/home/nakul/eclipse-workspace/Tess4J/lib/jbig2-imageio-3.0.0.jar:/home/nakul/eclipse-workspace/Tess4J/lib/jboss-vfs-3.2.12.Final.jar:/home/nakul/eclipse-workspace/Tess4J/lib/jcl-over-slf4j-1.7.25.jar:/home/nakul/eclipse-workspace/Tess4J/lib/jna-4.1.0.jar:/home/nakul/eclipse-workspace/Tess4J/lib/jul-to-slf4j-1.7.25.jar:/home/nakul/eclipse-workspace/Tess4J/lib/junit-4.12.jar:/home/nakul/eclipse-workspace/Tess4J/lib/lept4j-1.6.4.jar:/home/nakul/eclipse-workspace/Tess4J/lib/log4j-1.2.17.jar:/home/nakul/eclipse-workspace/Tess4J/lib/log4j-over-slf4j-1.7.25.jar:/home/nakul/eclipse-workspace/Tess4J/lib/logback-classic-1.2.3.jar:/home/nakul/eclipse-workspace/Tess4J/lib/logback-core-1.2.3.jar:/home/nakul/eclipse-workspace/Tess4J/lib/pdfbox-2.0.9.jar:/home/nakul/eclipse-workspace/Tess4J/lib/pdfbox-tools-2.0.9.jar:/home/nakul/eclipse-workspace/Tess4J/lib/slf4j-api-1.7.25.jar:/home/nakul/eclipse-workspace/Tess4J/lib/xmlgraphics-comm
Launcher Type: SUN_STANDARD

[Global flags]
     intx CICompilerCount                          = 3                                         {product} {ergonomic}
     uint ConcGCThreads                            = 1                                         {product} {ergonomic}
     uint G1ConcRefinementThreads                  = 4                                         {product} {ergonomic}
   size_t G1HeapRegionSize                         = 1048576                                   {product} {ergonomic}
    uintx GCDrainStackTargetSize                   = 64                                        {product} {ergonomic}
   size_t InitialHeapSize                          = 62914560                                  {product} {ergonomic}
   size_t MarkStackSize                            = 4194304                                   {product} {ergonomic}
   size_t MaxHeapSize                              = 1002438656                                {product} {ergonomic}
   size_t MaxNewSize                               = 600834048                                 {product} {ergonomic}
   size_t MinHeapDeltaBytes                        = 1048576                                   {product} {ergonomic}
    uintx NonNMethodCodeHeapSize                   = 5830732                                {pd product} {ergonomic}
    uintx NonProfiledCodeHeapSize                  = 122913754                              {pd product} {ergonomic}
    uintx ProfiledCodeHeapSize                     = 122913754                              {pd product} {ergonomic}
    uintx ReservedCodeCacheSize                    = 251658240                              {pd product} {ergonomic}
     bool SegmentedCodeCache                       = true                                      {product} {ergonomic}
     bool UseCompressedClassPointers               = true                                 {lp64_product} {ergonomic}
     bool UseCompressedOops                        = true                                 {lp64_product} {ergonomic}
     bool UseG1GC                                  = true                                      {product} {ergonomic}

Logging:
Log output configuration:
 #0: stdout all=warning uptime,level,tags
 #1: stderr all=off uptime,level,tags

Environment Variables:
PATH=/usr/local/sbin:/usr/local/bin:/usr/sbin:/usr/bin:/sbin:/bin:/usr/games:/usr/local/games:/snap/bin
SHELL=/bin/bash
DISPLAY=:0

Signal Handlers:
SIGSEGV: [libjvm.so+0xdf8d00], sa_mask[0]=11111111011111111101111111111110, sa_flags=SA_RESTART|SA_SIGINFO
SIGBUS: [libjvm.so+0xdf8d00], sa_mask[0]=11111111011111111101111111111110, sa_flags=SA_RESTART|SA_SIGINFO
SIGFPE: [libjvm.so+0xdf8d00], sa_mask[0]=11111111011111111101111111111110, sa_flags=SA_RESTART|SA_SIGINFO
SIGPIPE: [libjvm.so+0xbcbc30], sa_mask[0]=11111111011111111101111111111110, sa_flags=SA_RESTART|SA_SIGINFO
SIGXFSZ: [libjvm.so+0xbcbc30], sa_mask[0]=11111111011111111101111111111110, sa_flags=SA_RESTART|SA_SIGINFO
SIGILL: [libjvm.so+0xdf8d00], sa_mask[0]=11111111011111111101111111111110, sa_flags=SA_RESTART|SA_SIGINFO
SIGUSR2: [libjvm.so+0xbcbad0], sa_mask[0]=00100000000000000000000000000000, sa_flags=SA_RESTART|SA_SIGINFO
SIGHUP: [libjvm.so+0xbcbe30], sa_mask[0]=11111111011111111101111111111110, sa_flags=SA_RESTART|SA_SIGINFO
SIGINT: [libjvm.so+0xbcbe30], sa_mask[0]=11111111011111111101111111111110, sa_flags=SA_RESTART|SA_SIGINFO
SIGTERM: [libjvm.so+0xbcbe30], sa_mask[0]=11111111011111111101111111111110, sa_flags=SA_RESTART|SA_SIGINFO
SIGQUIT: [libjvm.so+0xbcbe30], sa_mask[0]=11111111011111111101111111111110, sa_flags=SA_RESTART|SA_SIGINFO


---------------  S Y S T E M  ---------------

OS:DISTRIB_ID=Ubuntu
DISTRIB_RELEASE=18.04
DISTRIB_CODENAME=bionic
DISTRIB_DESCRIPTION="Ubuntu 18.04.3 LTS"
uname:Linux 5.3.0-42-generic #34~18.04.1-Ubuntu SMP Fri Feb 28 13:42:26 UTC 2020 x86_64
OS uptime: 0 days 3:01 hours
libc:glibc 2.27 NPTL 2.27 
rlimit: STACK 8192k, CORE 0k, NPROC 15078, NOFILE 4096, AS infinity, CPU infinity, DATA infinity, FSIZE infinity
load average:1.81 1.28 1.06

/proc/meminfo:
MemTotal:        3907988 kB
MemFree:          125076 kB
MemAvailable:     333728 kB
Buffers:           41352 kB
Cached:           692576 kB
SwapCached:        14020 kB
Active:          2621240 kB
Inactive:         806368 kB
Active(anon):    2403948 kB
Inactive(anon):   643784 kB
Active(file):     217292 kB
Inactive(file):   162584 kB
Unevictable:       27416 kB
Mlocked:             112 kB
SwapTotal:       2097148 kB
SwapFree:        1715964 kB
Dirty:             12964 kB
Writeback:            52 kB
AnonPages:       2710956 kB
Mapped:           547532 kB
Shmem:            353924 kB
KReclaimable:      66532 kB
Slab:             177640 kB
SReclaimable:      66532 kB
SUnreclaim:       111108 kB
KernelStack:       20192 kB
PageTables:        72648 kB
NFS_Unstable:          0 kB
Bounce:                0 kB
WritebackTmp:          0 kB
CommitLimit:     4051140 kB
Committed_AS:   10769592 kB
VmallocTotal:   34359738367 kB
VmallocUsed:       35588 kB
VmallocChunk:          0 kB
Percpu:             2992 kB
HardwareCorrupted:     0 kB
AnonHugePages:         0 kB
ShmemHugePages:        0 kB
ShmemPmdMapped:        0 kB
CmaTotal:              0 kB
CmaFree:               0 kB
HugePages_Total:       0
HugePages_Free:        0
HugePages_Rsvd:        0
HugePages_Surp:        0
Hugepagesize:       2048 kB
Hugetlb:               0 kB
DirectMap4k:      293948 kB
DirectMap2M:     3778560 kB


/proc/sys/kernel/threads-max (system-wide limit on the number of threads):
30157


/proc/sys/vm/max_map_count (maximum number of memory map areas a process may have):
65530


/proc/sys/kernel/pid_max (system-wide limit on number of process identifiers):
32768



container (cgroup) information:
container_type: cgroupv1
cpu_cpuset_cpus: 0-3
cpu_memory_nodes: 0
active_processor_count: 4
cpu_quota: -1
cpu_period: 100000
cpu_shares: -1
memory_limit_in_bytes: -1
memory_and_swap_limit_in_bytes: -2
memory_soft_limit_in_bytes: -1
memory_usage_in_bytes: 3448737792
memory_max_usage_in_bytes: 3450261504

Steal ticks since vm start: 0
Steal ticks percentage since vm start:  0.000

CPU:total 4 (initial active 4) (2 cores per cpu, 2 threads per core) family 6 model 42 stepping 7, cmov, cx8, fxsr, mmx, sse, sse2, sse3, ssse3, sse4.1, sse4.2, popcnt, avx, aes, clmul, ht, tsc, tscinvbit
CPU Model and flags from /proc/cpuinfo:
model name	: Intel(R) Core(TM) i5-2520M CPU @ 2.50GHz
flags		: fpu vme de pse tsc msr pae mce cx8 apic sep mtrr pge mca cmov pat pse36 clflush dts acpi mmx fxsr sse sse2 ht tm pbe syscall nx rdtscp lm constant_tsc arch_perfmon pebs bts rep_good nopl xtopology nonstop_tsc cpuid aperfmperf pni pclmulqdq dtes64 monitor ds_cpl vmx smx est tm2 ssse3 cx16 xtpr pdcm pcid sse4_1 sse4_2 x2apic popcnt tsc_deadline_timer aes xsave avx lahf_lm epb pti tpr_shadow vnmi flexpriority ept vpid xsaveopt dtherm ida arat pln pts

Memory: 4k page, physical 3907988k(125076k free), swap 2097148k(1715964k free)

vm_info: OpenJDK 64-Bit Server VM (11.0.7+10-post-Ubuntu-2ubuntu218.04) for linux-amd64 JRE (11.0.7+10-post-Ubuntu-2ubuntu218.04), built on Apr 15 2020 21:12:54 by "unknown" with gcc 7.5.0

END.
