#
# A fatal error has been detected by the Java Runtime Environment:
#
#  SIGSEGV (0xb) at pc=0x00007fa6771b8c27, pid=12912, tid=12917
#
# JRE version: OpenJDK Runtime Environment (11.0.7+10) (build 11.0.7+10-post-Ubuntu-2ubuntu218.04)
# Java VM: OpenJDK 64-Bit Server VM (11.0.7+10-post-Ubuntu-2ubuntu218.04, mixed mode, sharing, tiered, compressed oops, g1 gc, linux-amd64)
# Problematic frame:
# C  [libtesseract.so.4+0xa1c27]  tesseract::Tesseract::recog_all_words(PAGE_RES*, ETEXT_DESC*, TBOX const*, char const*, int)+0x437
#
# Core dump will be written. Default location: Core dumps may be processed with "/usr/share/apport/apport %p %s %c %d %P %E" (or dumping to /home/nakul/eclipse-workspace/selenium/core.12912)
#
# If you would like to submit a bug report, please visit:
#   https://bugs.launchpad.net/ubuntu/+source/openjdk-lts
# The crash happened outside the Java Virtual Machine in native code.
# See problematic frame for where to report the bug.
#

---------------  S U M M A R Y ------------

Command Line: -Dfile.encoding=UTF-8 selenium.NSP

Host: Intel(R) Core(TM) i5-2520M CPU @ 2.50GHz, 4 cores, 3G, Ubuntu 18.04.3 LTS
Time: Fri May 15 08:27:29 2020 IST elapsed time: 14 seconds (0d 0h 0m 14s)

---------------  T H R E A D  ---------------

Current thread (0x00007fa6f8016800):  JavaThread "main" [_thread_in_native, id=12917, stack(0x00007fa700d3e000,0x00007fa700e3f000)]

Stack: [0x00007fa700d3e000,0x00007fa700e3f000],  sp=0x00007fa700e3c660,  free space=1017k
Native frames: (J=compiled Java code, A=aot compiled Java code, j=interpreted, Vv=VM code, C=native code)
C  [libtesseract.so.4+0xa1c27]  tesseract::Tesseract::recog_all_words(PAGE_RES*, ETEXT_DESC*, TBOX const*, char const*, int)+0x437

Java frames: (J=compiled Java code, j=interpreted, Vv=VM code)
j  com.sun.jna.Native.invokePointer(JI[Ljava/lang/Object;)J+0
j  com.sun.jna.Function.invokePointer(I[Ljava/lang/Object;)Lcom/sun/jna/Pointer;+6
j  com.sun.jna.Function.invoke([Ljava/lang/Object;Ljava/lang/Class;Z)Ljava/lang/Object;+426
j  com.sun.jna.Function.invoke(Ljava/lang/Class;[Ljava/lang/Object;Ljava/util/Map;)Ljava/lang/Object;+262
j  com.sun.jna.Library$Handler.invoke(Ljava/lang/Object;Ljava/lang/reflect/Method;[Ljava/lang/Object;)Ljava/lang/Object;+316
j  com.sun.proxy.$Proxy0.TessBaseAPIGetUTF8Text(Lnet/sourceforge/tess4j/ITessAPI$TessBaseAPI;)Lcom/sun/jna/Pointer;+16
j  net.sourceforge.tess4j.Tesseract.getOCRText(Ljava/lang/String;I)Ljava/lang/String;+62
j  net.sourceforge.tess4j.Tesseract.doOCR(Ljava/util/List;Ljava/lang/String;Ljava/awt/Rectangle;)Ljava/lang/String;+62
j  net.sourceforge.tess4j.Tesseract.doOCR(Ljava/io/File;Ljava/awt/Rectangle;)Ljava/lang/String;+10
j  net.sourceforge.tess4j.Tesseract.doOCR(Ljava/io/File;)Ljava/lang/String;+3
j  selenium.NSP.enterinput()V+145
j  selenium.NSP.main([Ljava/lang/String;)V+13
v  ~StubRoutines::call_stub

siginfo: si_signo: 11 (SIGSEGV), si_code: 1 (SEGV_MAPERR), si_addr: 0x000000000000000c

Register to memory mapping:

RAX=0x0 is NULL
RBX=0x00007fa6f8881670 points into unknown readable memory: 88 4b 62 77 a6 7f 00 00
RCX=0x0 is NULL
RDX=0x00007fa6f88a3268 points into unknown readable memory: 00 00 00 00 00 00 00 00
RSP=0x00007fa700e3c660 is pointing into the stack for thread: 0x00007fa6f8016800
RBP=0x00007fa700e3c6b0 is pointing into the stack for thread: 0x00007fa6f8016800
RSI=0x0000000000000001 is an unknown value
RDI=0x00007fa700e3c700 is pointing into the stack for thread: 0x00007fa6f8016800
R8 =0x0 is NULL
R9 =0x0 is NULL
R10=0x00007fa6f80008d0 points into unknown readable memory: 00 00 00 05 01 02 01 04
R11=0x00007fa6f88b4830 points into unknown readable memory: f8 40 13 1a 64 1a e3 5f
R12=0x00007fa6f88f15d0 points into unknown readable memory: 00 00 00 00 00 00 00 00
R13=0x0 is NULL
R14=0x0 is NULL
R15=0x00007fa6f88f15d0 points into unknown readable memory: 00 00 00 00 00 00 00 00


Registers:
RAX=0x0000000000000000, RBX=0x00007fa6f8881670, RCX=0x0000000000000000, RDX=0x00007fa6f88a3268
RSP=0x00007fa700e3c660, RBP=0x00007fa700e3c6b0, RSI=0x0000000000000001, RDI=0x00007fa700e3c700
R8 =0x0000000000000000, R9 =0x0000000000000000, R10=0x00007fa6f80008d0, R11=0x00007fa6f88b4830
R12=0x00007fa6f88f15d0, R13=0x0000000000000000, R14=0x0000000000000000, R15=0x00007fa6f88f15d0
RIP=0x00007fa6771b8c27, EFLAGS=0x0000000000010246, CSGSFS=0x002b000000000033, ERR=0x0000000000000004
  TRAPNO=0x000000000000000e

Top of Stack: (sp=0x00007fa700e3c660)
0x00007fa700e3c660:   0000000000000000 0000000000000000
0x00007fa700e3c670:   0000000000000000 00007fa6f88f6730
0x00007fa700e3c680:   00007fa6f88f2300 00007fa6f88f2420
0x00007fa700e3c690:   0000000000000001 00007fa700e3c6c0 

Instructions: (pc=0x00007fa6771b8c27)
0x00007fa6771b8b27:   89 e6 48 89 df e8 af 87 ff ff 4c 89 e6 48 89 df
0x00007fa6771b8b37:   e8 b4 8b ff ff 4c 89 e6 48 89 df e8 f9 72 ff ff
0x00007fa6771b8b47:   4c 89 e6 48 89 df e8 7e 74 ff ff e9 a9 fd ff ff
0x00007fa6771b8b57:   66 0f 1f 84 00 00 00 00 00 48 8b 40 10 7e 2a 8b
0x00007fa6771b8b67:   38 85 ff 75 4c 48 83 c0 04 83 ea 01 48 8d 14 90
0x00007fa6771b8b77:   eb 12 0f 1f 80 00 00 00 00 48 83 c0 04 8b 70 fc
0x00007fa6771b8b87:   85 f6 75 2d 48 39 c2 75 f0 48 85 c9 74 1b 8b 41
0x00007fa6771b8b97:   10 8d 50 ff 83 fa 02 76 10 83 e8 05 83 f8 03 77
0x00007fa6771b8ba7:   10 0f 1f 84 00 00 00 00 00 48 89 ef e8 e8 2d 19
0x00007fa6771b8bb7:   00 31 d2 31 f6 48 89 ef e8 2c f6 18 00 48 8b 44
0x00007fa6771b8bc7:   24 70 48 85 c0 0f 84 8e fd ff ff 48 8b 94 24 80
0x00007fa6771b8bd7:   00 00 00 31 c9 48 8b 52 08 48 85 d2 74 04 48 8b
0x00007fa6771b8be7:   4a 08 48 8b 80 e8 00 00 00 48 85 c0 74 bb 8b 50
0x00007fa6771b8bf7:   34 83 fa 00 74 b3 e9 5e ff ff ff 66 0f 1f 44 00
0x00007fa6771b8c07:   00 31 f6 48 89 ef e8 ce f9 18 00 8b 83 a0 15 00
0x00007fa6771b8c17:   00 85 c0 0f 8f c0 00 00 00 48 8b 83 40 0a 00 00
0x00007fa6771b8c27:   80 78 0c 00 0f 85 a7 02 00 00 8b 83 58 47 02 00
0x00007fa6771b8c37:   85 c0 0f 8e b1 00 00 00 31 d2 45 31 ff eb 2c 66
0x00007fa6771b8c47:   2e 0f 1f 84 00 00 00 00 00 48 8b 8f 40 0a 00 00
0x00007fa6771b8c57:   80 79 0c 00 0f 85 ff 01 00 00 41 83 c7 01 48 83
0x00007fa6771b8c67:   c2 08 44 3b bb 58 47 02 00 7d 7e 48 8b 8b 60 47
0x00007fa6771b8c77:   02 00 48 8b 3c 11 8b 87 a0 15 00 00 85 c0 7e c9
0x00007fa6771b8c87:   48 89 54 24 10 e8 8f 46 0f 00 48 8b 54 24 10 eb
0x00007fa6771b8c97:   c9 0f 1f 84 00 00 00 00 00 80 bb 72 30 02 00 00
0x00007fa6771b8ca7:   0f 85 73 fc ff ff 8b b3 04 1d 02 00 4c 89 e2 4c
0x00007fa6771b8cb7:   89 ff e8 32 d4 0b 00 31 f6 48 89 ef e8 18 f9 18
0x00007fa6771b8cc7:   00 48 8b 44 24 70 48 85 c0 0f 85 fc fe ff ff e9
0x00007fa6771b8cd7:   94 fc ff ff 0f 1f 44 00 00 48 89 df e8 38 46 0f
0x00007fa6771b8ce7:   00 e9 44 ff ff ff 0f 1f 00 4c 8d 7c 24 30 be 04
0x00007fa6771b8cf7:   00 00 00 48 c7 44 24 30 00 00 00 00 48 c7 44 24
0x00007fa6771b8d07:   38 00 00 00 00 48 c7 44 24 40 00 00 00 00 4c 89
0x00007fa6771b8d17:   ff 48 c7 44 24 48 00 00 00 00 e8 3a 19 00 00 48 


Stack slot to memory mapping:
stack at sp + 0 slots: 0x0 is NULL
stack at sp + 1 slots: 0x0 is NULL
stack at sp + 2 slots: 0x0 is NULL
stack at sp + 3 slots: 0x00007fa6f88f6730 points into unknown readable memory: 30 67 8f f8 a6 7f 00 00
stack at sp + 4 slots: 0x00007fa6f88f2300 points into unknown readable memory: 00 23 8f f8 a6 7f 00 00
stack at sp + 5 slots: 0x00007fa6f88f2420 points into unknown readable memory: 20 24 8f f8 a6 7f 00 00
stack at sp + 6 slots: 0x0000000000000001 is an unknown value
stack at sp + 7 slots: 0x00007fa700e3c6c0 is pointing into the stack for thread: 0x00007fa6f8016800


---------------  P R O C E S S  ---------------

Threads class SMR info:
_java_thread_list=0x00007fa6f85e7cb0, length=17, elements={
0x00007fa6f8016800, 0x00007fa6f80be000, 0x00007fa6f80c8000, 0x00007fa6f80cd800,
0x00007fa6f80d0000, 0x00007fa6f80d2000, 0x00007fa6f80d4000, 0x00007fa6f8103000,
0x00007fa6f8108000, 0x00007fa6f848c800, 0x00007fa694012800, 0x00007fa694016000,
0x00007fa694017000, 0x00007fa6f84f6000, 0x00007fa6f8559000, 0x00007fa6f855a800,
0x00007fa6f8601000
}

Java Threads: ( => current thread )
=>0x00007fa6f8016800 JavaThread "main" [_thread_in_native, id=12917, stack(0x00007fa700d3e000,0x00007fa700e3f000)]
  0x00007fa6f80be000 JavaThread "Reference Handler" daemon [_thread_blocked, id=12925, stack(0x00007fa6e0182000,0x00007fa6e0283000)]
  0x00007fa6f80c8000 JavaThread "Finalizer" daemon [_thread_blocked, id=12926, stack(0x00007fa6e0081000,0x00007fa6e0182000)]
  0x00007fa6f80cd800 JavaThread "Signal Dispatcher" daemon [_thread_blocked, id=12927, stack(0x00007fa6d811f000,0x00007fa6d8220000)]
  0x00007fa6f80d0000 JavaThread "C2 CompilerThread0" daemon [_thread_in_native, id=12928, stack(0x00007fa6d801e000,0x00007fa6d811f000)]
  0x00007fa6f80d2000 JavaThread "C1 CompilerThread0" daemon [_thread_blocked, id=12929, stack(0x00007fa6cad30000,0x00007fa6cae31000)]
  0x00007fa6f80d4000 JavaThread "Sweeper thread" daemon [_thread_blocked, id=12930, stack(0x00007fa6cac2f000,0x00007fa6cad30000)]
  0x00007fa6f8103000 JavaThread "Service Thread" daemon [_thread_blocked, id=12931, stack(0x00007fa6cab2e000,0x00007fa6cac2f000)]
  0x00007fa6f8108000 JavaThread "Common-Cleaner" daemon [_thread_blocked, id=12933, stack(0x00007fa6ca92b000,0x00007fa6caa2c000)]
  0x00007fa6f848c800 JavaThread "Exec Default Executor" daemon [_thread_blocked, id=12936, stack(0x00007fa6c9dcc000,0x00007fa6c9ecd000)]
  0x00007fa694012800 JavaThread "process reaper" daemon [_thread_in_native, id=12945, stack(0x00007fa6fc007000,0x00007fa6fc029000)]
  0x00007fa694016000 JavaThread "Exec Stream Pumper" daemon [_thread_in_native, id=12946, stack(0x00007fa6c9ccb000,0x00007fa6c9dcc000)]
  0x00007fa694017000 JavaThread "Exec Stream Pumper" daemon [_thread_in_native, id=12947, stack(0x00007fa6c9bca000,0x00007fa6c9ccb000)]
  0x00007fa6f84f6000 JavaThread "ForkJoinPool.commonPool-worker-3" daemon [_thread_blocked, id=12948, stack(0x00007fa6c9ac9000,0x00007fa6c9bca000)]
  0x00007fa6f8559000 JavaThread "OkHttp ConnectionPool" daemon [_thread_blocked, id=12949, stack(0x00007fa6c97c8000,0x00007fa6c98c9000)]
  0x00007fa6f855a800 JavaThread "Okio Watchdog" daemon [_thread_blocked, id=12950, stack(0x00007fa6c96c7000,0x00007fa6c97c8000)]
  0x00007fa6f8601000 JavaThread "Java2D Disposer" daemon [_thread_blocked, id=13199, stack(0x00007fa6c80fd000,0x00007fa6c81fe000)]

Other Threads:
  0x00007fa6f80bb000 VMThread "VM Thread" [stack: 0x00007fa6e0285000,0x00007fa6e0385000] [id=12924]
  0x00007fa6f8105800 WatcherThread [stack: 0x00007fa6caa2e000,0x00007fa6cab2e000] [id=12932]
  0x00007fa6f802f000 GCTaskThread "GC Thread#0" [stack: 0x00007fa6fcd29000,0x00007fa6fce29000] [id=12919]
  0x00007fa6c0001000 GCTaskThread "GC Thread#1" [stack: 0x00007fa6c9fd1000,0x00007fa6ca0d1000] [id=12934]
  0x00007fa6f8049800 ConcurrentGCThread "G1 Main Marker" [stack: 0x00007fa6fc289000,0x00007fa6fc389000] [id=12920]
  0x00007fa6f804b800 ConcurrentGCThread "G1 Conc#0" [stack: 0x00007fa6fc187000,0x00007fa6fc287000] [id=12921]
  0x00007fa6f808d000 ConcurrentGCThread "G1 Refine#0" [stack: 0x00007fa6e050a000,0x00007fa6e060a000] [id=12922]
  0x00007fa6d0001000 ConcurrentGCThread "G1 Refine#1" [stack: 0x00007fa6c9ecf000,0x00007fa6c9fcf000] [id=12935]
  0x00007fa6f808f000 ConcurrentGCThread "G1 Young RemSet Sampling" [stack: 0x00007fa6e0408000,0x00007fa6e0508000] [id=12923]

Threads with active compile tasks:
C2 CompilerThread0  14966 1809   !   4       jdk.internal.loader.URLClassPath$JarLoader::getResource (65 bytes)

VM state:not at safepoint (normal execution)

VM Mutex/Monitor currently owned by a thread: None

Heap address: 0x00000000c4400000, size: 956 MB, Compressed Oops mode: 32-bit
Narrow klass base: 0x0000000800000000, Narrow klass shift: 3
Compressed class space size: 1073741824 Address: 0x0000000840000000

Heap:
 garbage-first heap   total 63488K, used 25145K [0x00000000c4400000, 0x0000000100000000)
  region size 1024K, 21 young (21504K), 1 survivors (1024K)
 Metaspace       used 14386K, capacity 14954K, committed 15104K, reserved 1062912K
  class space    used 1790K, capacity 2020K, committed 2048K, reserved 1048576K
Heap Regions: E=young(eden), S=young(survivor), O=old, HS=humongous(starts), HC=humongous(continues), CS=collection set, F=free, A=archive, TAMS=top-at-mark-start (previous, next)
|   0|0x00000000c4400000, 0x00000000c4500000, 0x00000000c4500000|100%| O|  |TAMS 0x00000000c4400000, 0x00000000c4400000| Untracked 
|   1|0x00000000c4500000, 0x00000000c4600000, 0x00000000c4600000|100%| O|  |TAMS 0x00000000c4500000, 0x00000000c4500000| Untracked 
|   2|0x00000000c4600000, 0x00000000c4700000, 0x00000000c4700000|100%| O|  |TAMS 0x00000000c4600000, 0x00000000c4600000| Untracked 
|   3|0x00000000c4700000, 0x00000000c47dd600, 0x00000000c4800000| 86%| O|  |TAMS 0x00000000c4700000, 0x00000000c4700000| Untracked 
|   4|0x00000000c4800000, 0x00000000c4800000, 0x00000000c4900000|  0%| F|  |TAMS 0x00000000c4800000, 0x00000000c4800000| Untracked 
|   5|0x00000000c4900000, 0x00000000c4900000, 0x00000000c4a00000|  0%| F|  |TAMS 0x00000000c4900000, 0x00000000c4900000| Untracked 
|   6|0x00000000c4a00000, 0x00000000c4a00000, 0x00000000c4b00000|  0%| F|  |TAMS 0x00000000c4a00000, 0x00000000c4a00000| Untracked 
|   7|0x00000000c4b00000, 0x00000000c4b00000, 0x00000000c4c00000|  0%| F|  |TAMS 0x00000000c4b00000, 0x00000000c4b00000| Untracked 
|   8|0x00000000c4c00000, 0x00000000c4c00000, 0x00000000c4d00000|  0%| F|  |TAMS 0x00000000c4c00000, 0x00000000c4c00000| Untracked 
|   9|0x00000000c4d00000, 0x00000000c4d00000, 0x00000000c4e00000|  0%| F|  |TAMS 0x00000000c4d00000, 0x00000000c4d00000| Untracked 
|  10|0x00000000c4e00000, 0x00000000c4e00000, 0x00000000c4f00000|  0%| F|  |TAMS 0x00000000c4e00000, 0x00000000c4e00000| Untracked 
|  11|0x00000000c4f00000, 0x00000000c4f00000, 0x00000000c5000000|  0%| F|  |TAMS 0x00000000c4f00000, 0x00000000c4f00000| Untracked 
|  12|0x00000000c5000000, 0x00000000c5000000, 0x00000000c5100000|  0%| F|  |TAMS 0x00000000c5000000, 0x00000000c5000000| Untracked 
|  13|0x00000000c5100000, 0x00000000c5100000, 0x00000000c5200000|  0%| F|  |TAMS 0x00000000c5100000, 0x00000000c5100000| Untracked 
|  14|0x00000000c5200000, 0x00000000c5200000, 0x00000000c5300000|  0%| F|  |TAMS 0x00000000c5200000, 0x00000000c5200000| Untracked 
|  15|0x00000000c5300000, 0x00000000c5300000, 0x00000000c5400000|  0%| F|  |TAMS 0x00000000c5300000, 0x00000000c5300000| Untracked 
|  16|0x00000000c5400000, 0x00000000c5400000, 0x00000000c5500000|  0%| F|  |TAMS 0x00000000c5400000, 0x00000000c5400000| Untracked 
|  17|0x00000000c5500000, 0x00000000c5500000, 0x00000000c5600000|  0%| F|  |TAMS 0x00000000c5500000, 0x00000000c5500000| Untracked 
|  18|0x00000000c5600000, 0x00000000c5600000, 0x00000000c5700000|  0%| F|  |TAMS 0x00000000c5600000, 0x00000000c5600000| Untracked 
|  19|0x00000000c5700000, 0x00000000c5700000, 0x00000000c5800000|  0%| F|  |TAMS 0x00000000c5700000, 0x00000000c5700000| Untracked 
|  20|0x00000000c5800000, 0x00000000c5800000, 0x00000000c5900000|  0%| F|  |TAMS 0x00000000c5800000, 0x00000000c5800000| Untracked 
|  21|0x00000000c5900000, 0x00000000c5900000, 0x00000000c5a00000|  0%| F|  |TAMS 0x00000000c5900000, 0x00000000c5900000| Untracked 
|  22|0x00000000c5a00000, 0x00000000c5a00000, 0x00000000c5b00000|  0%| F|  |TAMS 0x00000000c5a00000, 0x00000000c5a00000| Untracked 
|  23|0x00000000c5b00000, 0x00000000c5b00000, 0x00000000c5c00000|  0%| F|  |TAMS 0x00000000c5b00000, 0x00000000c5b00000| Untracked 
|  24|0x00000000c5c00000, 0x00000000c5c00000, 0x00000000c5d00000|  0%| F|  |TAMS 0x00000000c5c00000, 0x00000000c5c00000| Untracked 
|  25|0x00000000c5d00000, 0x00000000c5d00000, 0x00000000c5e00000|  0%| F|  |TAMS 0x00000000c5d00000, 0x00000000c5d00000| Untracked 
|  26|0x00000000c5e00000, 0x00000000c5e00000, 0x00000000c5f00000|  0%| F|  |TAMS 0x00000000c5e00000, 0x00000000c5e00000| Untracked 
|  27|0x00000000c5f00000, 0x00000000c5f00000, 0x00000000c6000000|  0%| F|  |TAMS 0x00000000c5f00000, 0x00000000c5f00000| Untracked 
|  28|0x00000000c6000000, 0x00000000c6000000, 0x00000000c6100000|  0%| F|  |TAMS 0x00000000c6000000, 0x00000000c6000000| Untracked 
|  29|0x00000000c6100000, 0x00000000c6100000, 0x00000000c6200000|  0%| F|  |TAMS 0x00000000c6100000, 0x00000000c6100000| Untracked 
|  30|0x00000000c6200000, 0x00000000c6200000, 0x00000000c6300000|  0%| F|  |TAMS 0x00000000c6200000, 0x00000000c6200000| Untracked 
|  31|0x00000000c6300000, 0x00000000c6300000, 0x00000000c6400000|  0%| F|  |TAMS 0x00000000c6300000, 0x00000000c6300000| Untracked 
|  32|0x00000000c6400000, 0x00000000c6400000, 0x00000000c6500000|  0%| F|  |TAMS 0x00000000c6400000, 0x00000000c6400000| Untracked 
|  33|0x00000000c6500000, 0x00000000c6500000, 0x00000000c6600000|  0%| F|  |TAMS 0x00000000c6500000, 0x00000000c6500000| Untracked 
|  34|0x00000000c6600000, 0x00000000c6600000, 0x00000000c6700000|  0%| F|  |TAMS 0x00000000c6600000, 0x00000000c6600000| Untracked 
|  35|0x00000000c6700000, 0x00000000c6700000, 0x00000000c6800000|  0%| F|  |TAMS 0x00000000c6700000, 0x00000000c6700000| Untracked 
|  36|0x00000000c6800000, 0x00000000c6800000, 0x00000000c6900000|  0%| F|  |TAMS 0x00000000c6800000, 0x00000000c6800000| Untracked 
|  37|0x00000000c6900000, 0x00000000c6900000, 0x00000000c6a00000|  0%| F|  |TAMS 0x00000000c6900000, 0x00000000c6900000| Untracked 
|  38|0x00000000c6a00000, 0x00000000c6a00000, 0x00000000c6b00000|  0%| F|  |TAMS 0x00000000c6a00000, 0x00000000c6a00000| Untracked 
|  39|0x00000000c6b00000, 0x00000000c6b70168, 0x00000000c6c00000| 43%| E|  |TAMS 0x00000000c6b00000, 0x00000000c6b00000| Complete 
|  40|0x00000000c6c00000, 0x00000000c6d00000, 0x00000000c6d00000|100%| E|CS|TAMS 0x00000000c6c00000, 0x00000000c6c00000| Complete 
|  41|0x00000000c6d00000, 0x00000000c6e00000, 0x00000000c6e00000|100%| E|CS|TAMS 0x00000000c6d00000, 0x00000000c6d00000| Complete 
|  42|0x00000000c6e00000, 0x00000000c6f00000, 0x00000000c6f00000|100%| E|CS|TAMS 0x00000000c6e00000, 0x00000000c6e00000| Complete 
|  43|0x00000000c6f00000, 0x00000000c7000000, 0x00000000c7000000|100%| E|CS|TAMS 0x00000000c6f00000, 0x00000000c6f00000| Complete 
|  44|0x00000000c7000000, 0x00000000c7100000, 0x00000000c7100000|100%| E|CS|TAMS 0x00000000c7000000, 0x00000000c7000000| Complete 
|  45|0x00000000c7100000, 0x00000000c7200000, 0x00000000c7200000|100%| E|CS|TAMS 0x00000000c7100000, 0x00000000c7100000| Complete 
|  46|0x00000000c7200000, 0x00000000c7300000, 0x00000000c7300000|100%| E|CS|TAMS 0x00000000c7200000, 0x00000000c7200000| Complete 
|  47|0x00000000c7300000, 0x00000000c7400000, 0x00000000c7400000|100%| E|CS|TAMS 0x00000000c7300000, 0x00000000c7300000| Complete 
|  48|0x00000000c7400000, 0x00000000c7500000, 0x00000000c7500000|100%| E|CS|TAMS 0x00000000c7400000, 0x00000000c7400000| Complete 
|  49|0x00000000c7500000, 0x00000000c7600000, 0x00000000c7600000|100%| S|CS|TAMS 0x00000000c7500000, 0x00000000c7500000| Complete 
|  50|0x00000000c7600000, 0x00000000c7700000, 0x00000000c7700000|100%| E|CS|TAMS 0x00000000c7600000, 0x00000000c7600000| Complete 
|  51|0x00000000c7700000, 0x00000000c7800000, 0x00000000c7800000|100%| E|CS|TAMS 0x00000000c7700000, 0x00000000c7700000| Complete 
|  52|0x00000000c7800000, 0x00000000c7900000, 0x00000000c7900000|100%| E|CS|TAMS 0x00000000c7800000, 0x00000000c7800000| Complete 
|  53|0x00000000c7900000, 0x00000000c7a00000, 0x00000000c7a00000|100%| E|CS|TAMS 0x00000000c7900000, 0x00000000c7900000| Complete 
|  54|0x00000000c7a00000, 0x00000000c7b00000, 0x00000000c7b00000|100%| E|CS|TAMS 0x00000000c7a00000, 0x00000000c7a00000| Complete 
|  55|0x00000000c7b00000, 0x00000000c7c00000, 0x00000000c7c00000|100%| E|CS|TAMS 0x00000000c7b00000, 0x00000000c7b00000| Complete 
|  56|0x00000000c7c00000, 0x00000000c7d00000, 0x00000000c7d00000|100%| E|CS|TAMS 0x00000000c7c00000, 0x00000000c7c00000| Complete 
|  57|0x00000000c7d00000, 0x00000000c7e00000, 0x00000000c7e00000|100%| E|CS|TAMS 0x00000000c7d00000, 0x00000000c7d00000| Complete 
|  58|0x00000000c7e00000, 0x00000000c7f00000, 0x00000000c7f00000|100%| E|CS|TAMS 0x00000000c7e00000, 0x00000000c7e00000| Complete 
|  59|0x00000000c7f00000, 0x00000000c8000000, 0x00000000c8000000|100%| E|CS|TAMS 0x00000000c7f00000, 0x00000000c7f00000| Complete 
| 954|0x00000000ffe00000, 0x00000000ffe47000, 0x00000000fff00000| 27%|OA|  |TAMS 0x00000000ffe00000, 0x00000000ffe00000| Untracked 
| 955|0x00000000fff00000, 0x00000000fff6a000, 0x0000000100000000| 41%|CA|  |TAMS 0x00000000fff00000, 0x00000000fff00000| Untracked 

Card table byte_map: [0x00007fa6fc567000,0x00007fa6fc745000] _byte_map_base: 0x00007fa6fbf45000

Marking Bits (Prev, Next): (CMBitMap*) 0x00007fa6f8045008, (CMBitMap*) 0x00007fa6f8045040
 Prev Bits: [0x00007fa6db110000, 0x00007fa6dc000000)
 Next Bits: [0x00007fa6da220000, 0x00007fa6db110000)

Polling page: 0x00007fa700e5e000

Metaspace:

Usage:
  Non-class:     12.63 MB capacity,    12.30 MB ( 97%) used,   284.44 KB (  2%) free+waste,    53.12 KB ( <1%) overhead. 
      Class:      1.97 MB capacity,     1.75 MB ( 89%) used,   201.88 KB ( 10%) free+waste,    27.94 KB (  1%) overhead. 
       Both:     14.60 MB capacity,    14.05 MB ( 96%) used,   486.32 KB (  3%) free+waste,    81.06 KB ( <1%) overhead. 

Virtual space:
  Non-class space:       14.00 MB reserved,      12.75 MB ( 91%) committed 
      Class space:        1.00 GB reserved,       2.00 MB ( <1%) committed 
             Both:        1.01 GB reserved,      14.75 MB (  1%) committed 

Chunk freelists:
   Non-Class:  86.00 KB
       Class:  28.00 KB
        Both:  114.00 KB

MaxMetaspaceSize: unlimited
CompressedClassSpaceSize: 1.00 GB

CodeHeap 'non-profiled nmethods': size=120032Kb used=612Kb max_used=612Kb free=119419Kb
 bounds [0x00007fa6e83d5000, 0x00007fa6e8645000, 0x00007fa6ef90d000]
CodeHeap 'profiled nmethods': size=120032Kb used=3662Kb max_used=3662Kb free=116369Kb
 bounds [0x00007fa6e0e9d000, 0x00007fa6e123d000, 0x00007fa6e83d5000]
CodeHeap 'non-nmethods': size=5696Kb used=1168Kb max_used=1189Kb free=4527Kb
 bounds [0x00007fa6e090d000, 0x00007fa6e0b7d000, 0x00007fa6e0e9d000]
 total_blobs=2760 nmethods=1821 adapters=426
 compilation: enabled
              stopped_count=0, restarted_count=0
 full_count=0

Compilation events (20 events):
Event: 14.916 Thread 0x00007fa6f80d2000 1814       3       java.lang.Integer::compare (20 bytes)
Event: 14.916 Thread 0x00007fa6f80d2000 nmethod 1814 0x00007fa6e122e690 code [0x00007fa6e122e840, 0x00007fa6e122ea30]
Event: 14.922 Thread 0x00007fa6f80d2000 1815       3       javax.imageio.stream.ImageInputStreamImpl::checkClosed (18 bytes)
Event: 14.922 Thread 0x00007fa6f80d2000 nmethod 1815 0x00007fa6e122ea90 code [0x00007fa6e122ec60, 0x00007fa6e122eee8]
Event: 14.924 Thread 0x00007fa6f80d2000 1816  s    3       java.util.Vector::elementAt (48 bytes)
Event: 14.925 Thread 0x00007fa6f80d2000 nmethod 1816 0x00007fa6e122ef90 code [0x00007fa6e122f220, 0x00007fa6e122fea8]
Event: 14.933 Thread 0x00007fa6f80d2000 1817       1       javax.imageio.plugins.tiff.TIFFTag::getNumber (5 bytes)
Event: 14.933 Thread 0x00007fa6f80d2000 nmethod 1817 0x00007fa6e8468390 code [0x00007fa6e8468540, 0x00007fa6e8468670]
Event: 14.934 Thread 0x00007fa6f80d2000 1818       1       javax.imageio.plugins.tiff.TIFFTag::getName (5 bytes)
Event: 14.934 Thread 0x00007fa6f80d2000 nmethod 1818 0x00007fa6e8468710 code [0x00007fa6e84688c0, 0x00007fa6e84689f0]
Event: 14.935 Thread 0x00007fa6f80d0000 nmethod 1805 0x00007fa6e8468a90 code [0x00007fa6e8468cc0, 0x00007fa6e8469d80]
Event: 14.935 Thread 0x00007fa6f80d0000 1806       4       java.util.jar.JarFile::getEntry (22 bytes)
Event: 14.939 Thread 0x00007fa6f80d2000 1819       1       java.awt.image.SampleModel::getNumBands (5 bytes)
Event: 14.939 Thread 0x00007fa6f80d2000 nmethod 1819 0x00007fa6e846a810 code [0x00007fa6e846a9c0, 0x00007fa6e846aaf0]
Event: 14.940 Thread 0x00007fa6f80d2000 1820       3       java.lang.Math::max (12 bytes)
Event: 14.940 Thread 0x00007fa6f80d2000 nmethod 1820 0x00007fa6e1230290 code [0x00007fa6e1230440, 0x00007fa6e12305d0]
Event: 14.941 Thread 0x00007fa6f80d2000 1821       3       java.lang.Math::min (12 bytes)
Event: 14.941 Thread 0x00007fa6f80d2000 nmethod 1821 0x00007fa6e1230690 code [0x00007fa6e1230840, 0x00007fa6e12309d0]
Event: 14.943 Thread 0x00007fa6f80d0000 nmethod 1806 0x00007fa6e846ab90 code [0x00007fa6e846ad80, 0x00007fa6e846b4a0]
Event: 14.943 Thread 0x00007fa6f80d0000 1822       4       jdk.internal.reflect.ByteVectorImpl::add (38 bytes)

GC Heap History (4 events):
Event: 0.623 GC heap before
{Heap before GC invocations=0 (full 0):
 garbage-first heap   total 63488K, used 15044K [0x00000000c4400000, 0x0000000100000000)
  region size 1024K, 14 young (14336K), 0 survivors (0K)
 Metaspace       used 5115K, capacity 5982K, committed 6144K, reserved 1056768K
  class space    used 572K, capacity 651K, committed 768K, reserved 1048576K
}
Event: 0.635 GC heap after
{Heap after GC invocations=1 (full 0):
 garbage-first heap   total 63488K, used 4589K [0x00000000c4400000, 0x0000000100000000)
  region size 1024K, 2 young (2048K), 2 survivors (2048K)
 Metaspace       used 5115K, capacity 5982K, committed 6144K, reserved 1056768K
  class space    used 572K, capacity 651K, committed 768K, reserved 1048576K
}
Event: 0.952 GC heap before
{Heap before GC invocations=1 (full 0):
 garbage-first heap   total 63488K, used 14829K [0x00000000c4400000, 0x0000000100000000)
  region size 1024K, 12 young (12288K), 2 survivors (2048K)
 Metaspace       used 7953K, capacity 8450K, committed 8576K, reserved 1056768K
  class space    used 983K, capacity 1150K, committed 1152K, reserved 1048576K
}
Event: 0.964 GC heap after
{Heap after GC invocations=2 (full 0):
 garbage-first heap   total 63488K, used 5689K [0x00000000c4400000, 0x0000000100000000)
  region size 1024K, 1 young (1024K), 1 survivors (1024K)
 Metaspace       used 7953K, capacity 8450K, committed 8576K, reserved 1056768K
  class space    used 983K, capacity 1150K, committed 1152K, reserved 1048576K
}

Deoptimization events (20 events):
Event: 14.801 Thread 0x00007fa6f8016800 Uncommon trap: trap_request=0xffffffc6 fr.pc=0x00007fa6e8421f04 relative=0x0000000000000224
Event: 14.801 Thread 0x00007fa6f8016800 Uncommon trap: reason=bimorphic_or_optimized_type_check action=maybe_recompile pc=0x00007fa6e8421f04 method=java.util.HashMap.getNode(ILjava/lang/Object;)Ljava/util/HashMap$Node; @ 126 c2
Event: 14.801 Thread 0x00007fa6f8016800 DEOPT PACKING pc=0x00007fa6e8421f04 sp=0x00007fa700e3c5a0
Event: 14.801 Thread 0x00007fa6f8016800 DEOPT UNPACKING pc=0x00007fa6e09359a5 sp=0x00007fa700e3c540 mode 2
Event: 14.801 Thread 0x00007fa6f8016800 Uncommon trap: trap_request=0xffffff4d fr.pc=0x00007fa6e8421edc relative=0x00000000000001fc
Event: 14.801 Thread 0x00007fa6f8016800 Uncommon trap: reason=unstable_if action=reinterpret pc=0x00007fa6e8421edc method=java.util.HashMap.getNode(ILjava/lang/Object;)Ljava/util/HashMap$Node; @ 62 c2
Event: 14.801 Thread 0x00007fa6f8016800 DEOPT PACKING pc=0x00007fa6e8421edc sp=0x00007fa700e3c590
Event: 14.801 Thread 0x00007fa6f8016800 DEOPT UNPACKING pc=0x00007fa6e09359a5 sp=0x00007fa700e3c538 mode 2
Event: 14.801 Thread 0x00007fa6f8016800 Uncommon trap: trap_request=0xffffffde fr.pc=0x00007fa6e84113d4 relative=0x0000000000000cb4
Event: 14.801 Thread 0x00007fa6f8016800 Uncommon trap: reason=class_check action=maybe_recompile pc=0x00007fa6e84113d4 method=java.util.HashMap.putVal(ILjava/lang/Object;Ljava/lang/Object;ZZ)Ljava/lang/Object; @ 91 c2
Event: 14.801 Thread 0x00007fa6f8016800 DEOPT PACKING pc=0x00007fa6e84113d4 sp=0x00007fa700e3c580
Event: 14.801 Thread 0x00007fa6f8016800 DEOPT UNPACKING pc=0x00007fa6e09359a5 sp=0x00007fa700e3c520 mode 2
Event: 14.801 Thread 0x00007fa6f8016800 Uncommon trap: trap_request=0xffffffde fr.pc=0x00007fa6e84113d4 relative=0x0000000000000cb4
Event: 14.801 Thread 0x00007fa6f8016800 Uncommon trap: reason=class_check action=maybe_recompile pc=0x00007fa6e84113d4 method=java.util.HashMap.putVal(ILjava/lang/Object;Ljava/lang/Object;ZZ)Ljava/lang/Object; @ 91 c2
Event: 14.801 Thread 0x00007fa6f8016800 DEOPT PACKING pc=0x00007fa6e84113d4 sp=0x00007fa700e3c5a0
Event: 14.801 Thread 0x00007fa6f8016800 DEOPT UNPACKING pc=0x00007fa6e09359a5 sp=0x00007fa700e3c540 mode 2
Event: 14.802 Thread 0x00007fa6f8016800 Uncommon trap: trap_request=0xffffffde fr.pc=0x00007fa6e84113d4 relative=0x0000000000000cb4
Event: 14.802 Thread 0x00007fa6f8016800 Uncommon trap: reason=class_check action=maybe_recompile pc=0x00007fa6e84113d4 method=java.util.HashMap.putVal(ILjava/lang/Object;Ljava/lang/Object;ZZ)Ljava/lang/Object; @ 91 c2
Event: 14.802 Thread 0x00007fa6f8016800 DEOPT PACKING pc=0x00007fa6e84113d4 sp=0x00007fa700e3c5a0
Event: 14.802 Thread 0x00007fa6f8016800 DEOPT UNPACKING pc=0x00007fa6e09359a5 sp=0x00007fa700e3c540 mode 2

Classes redefined (0 events):
No events

Internal exceptions (20 events):
Event: 13.782 Thread 0x00007fa6f8016800 Exception <a 'java/net/SocketTimeoutException'{0x00000000c7957240}: Read timed out> (0x00000000c7957240) thrown at [./src/hotspot/share/prims/jni.cpp, line 636]
Event: 13.865 Thread 0x00007fa6f8016800 Exception <a 'java/net/SocketTimeoutException'{0x00000000c78776d0}: Read timed out> (0x00000000c78776d0) thrown at [./src/hotspot/share/prims/jni.cpp, line 636]
Event: 13.892 Thread 0x00007fa6f8016800 Exception <a 'java/net/SocketTimeoutException'{0x00000000c788ddb8}: Read timed out> (0x00000000c788ddb8) thrown at [./src/hotspot/share/prims/jni.cpp, line 636]
Event: 13.942 Thread 0x00007fa6f8016800 Exception <a 'java/net/SocketTimeoutException'{0x00000000c78d78a8}: Read timed out> (0x00000000c78d78a8) thrown at [./src/hotspot/share/prims/jni.cpp, line 636]
Event: 14.175 Thread 0x00007fa6f8016800 Exception <a 'java/net/SocketTimeoutException'{0x00000000c78e8610}: Read timed out> (0x00000000c78e8610) thrown at [./src/hotspot/share/prims/jni.cpp, line 636]
Event: 14.193 Thread 0x00007fa6f8016800 Exception <a 'java/net/SocketTimeoutException'{0x00000000c7714b20}: Read timed out> (0x00000000c7714b20) thrown at [./src/hotspot/share/prims/jni.cpp, line 636]
Event: 14.231 Thread 0x00007fa6f8016800 Exception <a 'java/net/SocketTimeoutException'{0x00000000c7725370}: Read timed out> (0x00000000c7725370) thrown at [./src/hotspot/share/prims/jni.cpp, line 636]
Event: 14.240 Thread 0x00007fa6f8016800 Exception <a 'java/net/SocketTimeoutException'{0x00000000c773f0f8}: Read timed out> (0x00000000c773f0f8) thrown at [./src/hotspot/share/prims/jni.cpp, line 636]
Event: 14.285 Thread 0x00007fa6f8016800 Exception <a 'java/net/SocketTimeoutException'{0x00000000c774fac0}: Read timed out> (0x00000000c774fac0) thrown at [./src/hotspot/share/prims/jni.cpp, line 636]
Event: 14.458 Thread 0x00007fa6f8016800 Exception <a 'java/lang/ClassNotFoundException'{0x00000000c7406358}: javax/smartcardio/CardPermission> (0x00000000c7406358) thrown at [./src/hotspot/share/classfile/systemDictionary.cpp, line 231]
Event: 14.463 Thread 0x00007fa6f8016800 Exception <a 'java/io/FileNotFoundException'{0x00000000c7413270}> (0x00000000c7413270) thrown at [./src/hotspot/share/prims/jni.cpp, line 615]
Event: 14.527 Thread 0x00007fa6f8016800 Exception <a 'java/lang/ClassNotFoundException'{0x00000000c7372890}: sun/awt/resources/spi/awtProvider> (0x00000000c7372890) thrown at [./src/hotspot/share/classfile/systemDictionary.cpp, line 231]
Event: 14.602 Thread 0x00007fa6f8016800 Exception <a 'java/io/FileNotFoundException'{0x00000000c73b7910}> (0x00000000c73b7910) thrown at [./src/hotspot/share/prims/jni.cpp, line 615]
Event: 14.633 Thread 0x00007fa6f8016800 Exception <a 'java/lang/NoSuchMethodError'{0x00000000c7215960}: 'java.lang.Object java.lang.invoke.DirectMethodHandle$Holder.invokeStatic(java.lang.Object, java.lang.Object, java.lang.Object, java.lang.Object, java.lang.Object, java.lang.Object, java.lang.Object, java.lang.Object, java.lang.Object, java.lang.Object, java.lang.Object, java.lang.Object, java.lang.Object, java.lang.Object, java.lang.Object)'> (0x00000000c7215960) thrown at [./src/hotspot/share/interpreter/linkResolver.cpp, line 773]
Event: 14.636 Thread 0x00007fa6f8016800 Exception <a 'java/lang/NoSuchMethodError'{0x00000000c7223510}: 'java.lang.Object java.lang.invoke.DirectMethodHandle$Holder.invokeStatic(java.lang.Object, java.lang.Object, java.lang.Object, java.lang.Object, java.lang.Object, java.lang.Object, java.lang.Object, java.lang.Object, java.lang.Object, java.lang.Object, java.lang.Object, java.lang.Object, java.lang.Object, java.lang.Object, java.lang.Object, java.lang.Object)'> (0x00000000c7223510) thrown at [./src/hotspot/share/interpreter/linkResolver.cpp, l
Event: 14.637 Thread 0x00007fa6f8016800 Exception <a 'java/lang/NoSuchMethodError'{0x00000000c7231180}: 'java.lang.Object java.lang.invoke.DirectMethodHandle$Holder.invokeSpecial(java.lang.Object, java.lang.Object, int, int, java.lang.Object, java.lang.Object, java.lang.Object)'> (0x00000000c7231180) thrown at [./src/hotspot/share/interpreter/linkResolver.cpp, line 773]
Event: 14.638 Thread 0x00007fa6f8016800 Exception <a 'java/lang/NoSuchMethodError'{0x00000000c7234710}: 'java.lang.Object java.lang.invoke.DelegatingMethodHandle$Holder.reinvoke_L(java.lang.Object, int, int, java.lang.Object, java.lang.Object, java.lang.Object)'> (0x00000000c7234710) thrown at [./src/hotspot/share/interpreter/linkResolver.cpp, line 773]
Event: 14.638 Thread 0x00007fa6f8016800 Exception <a 'java/lang/NoSuchMethodError'{0x00000000c72386e8}: 'java.lang.Object java.lang.invoke.DirectMethodHandle$Holder.invokeStatic(java.lang.Object, java.lang.Object, java.lang.Object, java.lang.Object, int)'> (0x00000000c72386e8) thrown at [./src/hotspot/share/interpreter/linkResolver.cpp, line 773]
Event: 14.760 Thread 0x00007fa6f8016800 Exception <a 'java/lang/UnsatisfiedLinkError'{0x00000000c6f6ffd8}: libtesseract.so: cannot open shared object file: No such file or directory> (0x00000000c6f6ffd8) thrown at [./src/hotspot/share/prims/jni.cpp, line 636]
Event: 14.761 Thread 0x00007fa6f8016800 Exception <a 'java/lang/UnsatisfiedLinkError'{0x00000000c6f70ae8}: libtesseract.so: cannot open shared object file: No such file or directory> (0x00000000c6f70ae8) thrown at [./src/hotspot/share/prims/jni.cpp, line 636]

Events (20 events):
Event: 14.936 loading class com/sun/imageio/plugins/tiff/TIFFIFD
Event: 14.937 loading class javax/imageio/plugins/tiff/TIFFDirectory
Event: 14.937 loading class javax/imageio/plugins/tiff/TIFFDirectory done
Event: 14.937 loading class com/sun/imageio/plugins/tiff/TIFFIFD done
Event: 14.937 loading class javax/imageio/plugins/tiff/TIFFField
Event: 14.937 loading class javax/imageio/plugins/tiff/TIFFField done
Event: 14.938 loading class com/sun/imageio/plugins/tiff/TIFFIFD$TIFFIFDEntry
Event: 14.938 loading class com/sun/imageio/plugins/tiff/TIFFIFD$TIFFIFDEntry done
Event: 14.938 loading class com/sun/imageio/plugins/tiff/TIFFDecompressor
Event: 14.938 loading class com/sun/imageio/plugins/tiff/TIFFDecompressor done
Event: 14.939 loading class com/sun/imageio/plugins/common/ImageUtil
Event: 14.939 loading class com/sun/imageio/plugins/common/ImageUtil done
Event: 14.939 loading class com/sun/imageio/plugins/tiff/TIFFNullDecompressor
Event: 14.939 loading class com/sun/imageio/plugins/tiff/TIFFNullDecompressor done
Event: 14.939 loading class com/sun/imageio/plugins/tiff/TIFFImageWriter
Event: 14.940 loading class com/sun/imageio/plugins/tiff/TIFFImageWriter done
Event: 14.941 loading class java/lang/StrictMath
Event: 14.941 loading class java/lang/StrictMath done
Event: 14.942 loading class com/sun/jna/Native$Buffers
Event: 14.942 loading class com/sun/jna/Native$Buffers done


Dynamic libraries:
c4400000-c8000000 rw-p 00000000 00:00 0 
c8000000-ffe00000 ---p 00000000 00:00 0 
ffe00000-ffe47000 rw-p 0110b000 08:01 12456481                           /usr/lib/jvm/java-11-openjdk-amd64/lib/server/classes.jsa
ffe47000-fff00000 rw-p 00000000 00:00 0 
fff00000-fff6a000 rw-p 010a1000 08:01 12456481                           /usr/lib/jvm/java-11-openjdk-amd64/lib/server/classes.jsa
fff6a000-100000000 rw-p 00000000 00:00 0 
800000000-800002000 rwxp 00001000 08:01 12456481                         /usr/lib/jvm/java-11-openjdk-amd64/lib/server/classes.jsa
800002000-8003b8000 rw-p 00003000 08:01 12456481                         /usr/lib/jvm/java-11-openjdk-amd64/lib/server/classes.jsa
8003b8000-800a93000 r--p 003b9000 08:01 12456481                         /usr/lib/jvm/java-11-openjdk-amd64/lib/server/classes.jsa
800a93000-800a94000 rw-p 00a94000 08:01 12456481                         /usr/lib/jvm/java-11-openjdk-amd64/lib/server/classes.jsa
800a94000-8010a0000 r--p 00a95000 08:01 12456481                         /usr/lib/jvm/java-11-openjdk-amd64/lib/server/classes.jsa
840000000-840200000 rw-p 00000000 00:00 0 
840200000-880000000 ---p 00000000 00:00 0 
55a377e19000-55a377e1a000 r-xp 00000000 08:01 12455190                   /usr/lib/jvm/java-11-openjdk-amd64/bin/java
55a37801a000-55a37801b000 r--p 00001000 08:01 12455190                   /usr/lib/jvm/java-11-openjdk-amd64/bin/java
55a37801b000-55a37801c000 rw-p 00002000 08:01 12455190                   /usr/lib/jvm/java-11-openjdk-amd64/bin/java
55a379bd5000-55a379bf6000 rw-p 00000000 00:00 0                          [heap]
7fa670000000-7fa670021000 rw-p 00000000 00:00 0 
7fa670021000-7fa674000000 ---p 00000000 00:00 0 
7fa675679000-7fa675739000 rw-p 00000000 00:00 0 
7fa675739000-7fa675879000 ---p 00000000 00:00 0 
7fa675879000-7fa675884000 r-xp 00000000 08:01 6562053                    /usr/lib/x86_64-linux-gnu/libjbig.so.0
7fa675884000-7fa675a83000 ---p 0000b000 08:01 6562053                    /usr/lib/x86_64-linux-gnu/libjbig.so.0
7fa675a83000-7fa675a84000 r--p 0000a000 08:01 6562053                    /usr/lib/x86_64-linux-gnu/libjbig.so.0
7fa675a84000-7fa675a87000 rw-p 0000b000 08:01 6562053                    /usr/lib/x86_64-linux-gnu/libjbig.so.0
7fa675a87000-7fa675aab000 r-xp 00000000 08:01 9966594                    /lib/x86_64-linux-gnu/liblzma.so.5.2.2
7fa675aab000-7fa675cab000 ---p 00024000 08:01 9966594                    /lib/x86_64-linux-gnu/liblzma.so.5.2.2
7fa675cab000-7fa675cac000 r--p 00024000 08:01 9966594                    /lib/x86_64-linux-gnu/liblzma.so.5.2.2
7fa675cac000-7fa675cad000 rw-p 00025000 08:01 9966594                    /lib/x86_64-linux-gnu/liblzma.so.5.2.2
7fa675cad000-7fa675d01000 r-xp 00000000 08:01 6555779                    /usr/lib/x86_64-linux-gnu/libopenjp2.so.2.3.0
7fa675d01000-7fa675f01000 ---p 00054000 08:01 6555779                    /usr/lib/x86_64-linux-gnu/libopenjp2.so.2.3.0
7fa675f01000-7fa675f02000 r--p 00054000 08:01 6555779                    /usr/lib/x86_64-linux-gnu/libopenjp2.so.2.3.0
7fa675f02000-7fa675f03000 rw-p 00055000 08:01 6555779                    /usr/lib/x86_64-linux-gnu/libopenjp2.so.2.3.0
7fa675f03000-7fa675f69000 r-xp 00000000 08:01 6562528                    /usr/lib/x86_64-linux-gnu/libwebp.so.6.0.2
7fa675f69000-7fa676168000 ---p 00066000 08:01 6562528                    /usr/lib/x86_64-linux-gnu/libwebp.so.6.0.2
7fa676168000-7fa676169000 r--p 00065000 08:01 6562528                    /usr/lib/x86_64-linux-gnu/libwebp.so.6.0.2
7fa676169000-7fa67616a000 rw-p 00066000 08:01 6562528                    /usr/lib/x86_64-linux-gnu/libwebp.so.6.0.2
7fa67616a000-7fa67616c000 rw-p 00000000 00:00 0 
7fa67616c000-7fa6761df000 r-xp 00000000 08:01 6554686                    /usr/lib/x86_64-linux-gnu/libtiff.so.5.3.0
7fa6761df000-7fa6763de000 ---p 00073000 08:01 6554686                    /usr/lib/x86_64-linux-gnu/libtiff.so.5.3.0
7fa6763de000-7fa6763e2000 r--p 00072000 08:01 6554686                    /usr/lib/x86_64-linux-gnu/libtiff.so.5.3.0
7fa6763e2000-7fa6763e3000 rw-p 00076000 08:01 6554686                    /usr/lib/x86_64-linux-gnu/libtiff.so.5.3.0
7fa6763e3000-7fa6763eb000 r-xp 00000000 08:01 6562893                    /usr/lib/x86_64-linux-gnu/libgif.so.7.0.0
7fa6763eb000-7fa6765ea000 ---p 00008000 08:01 6562893                    /usr/lib/x86_64-linux-gnu/libgif.so.7.0.0
7fa6765ea000-7fa6765eb000 r--p 00007000 08:01 6562893                    /usr/lib/x86_64-linux-gnu/libgif.so.7.0.0
7fa6765eb000-7fa6765ec000 rw-p 00008000 08:01 6562893                    /usr/lib/x86_64-linux-gnu/libgif.so.7.0.0
7fa6765ec000-7fa676653000 r-xp 00000000 08:01 6554613                    /usr/lib/x86_64-linux-gnu/libjpeg.so.8.1.2
7fa676653000-7fa676852000 ---p 00067000 08:01 6554613                    /usr/lib/x86_64-linux-gnu/libjpeg.so.8.1.2
7fa676852000-7fa676853000 r--p 00066000 08:01 6554613                    /usr/lib/x86_64-linux-gnu/libjpeg.so.8.1.2
7fa676853000-7fa676854000 rw-p 00067000 08:01 6554613                    /usr/lib/x86_64-linux-gnu/libjpeg.so.8.1.2
7fa676854000-7fa676885000 r-xp 00000000 08:01 6562256                    /usr/lib/x86_64-linux-gnu/libpng16.so.16.34.0
7fa676885000-7fa676a84000 ---p 00031000 08:01 6562256                    /usr/lib/x86_64-linux-gnu/libpng16.so.16.34.0
7fa676a84000-7fa676a85000 r--p 00030000 08:01 6562256                    /usr/lib/x86_64-linux-gnu/libpng16.so.16.34.0
7fa676a85000-7fa676a86000 rw-p 00031000 08:01 6562256                    /usr/lib/x86_64-linux-gnu/libpng16.so.16.34.0
7fa676a86000-7fa676ab4000 r-xp 00000000 08:01 6555237                    /usr/lib/x86_64-linux-gnu/libgomp.so.1.0.0
7fa676ab4000-7fa676cb3000 ---p 0002e000 08:01 6555237                    /usr/lib/x86_64-linux-gnu/libgomp.so.1.0.0
7fa676cb3000-7fa676cb4000 r--p 0002d000 08:01 6555237                    /usr/lib/x86_64-linux-gnu/libgomp.so.1.0.0
7fa676cb4000-7fa676cb5000 rw-p 0002e000 08:01 6555237                    /usr/lib/x86_64-linux-gnu/libgomp.so.1.0.0
7fa676cb5000-7fa676f11000 r-xp 00000000 08:01 6556067                    /usr/lib/x86_64-linux-gnu/liblept.so.5.0.2
7fa676f11000-7fa677110000 ---p 0025c000 08:01 6556067                    /usr/lib/x86_64-linux-gnu/liblept.so.5.0.2
7fa677110000-7fa677111000 r--p 0025b000 08:01 6556067                    /usr/lib/x86_64-linux-gnu/liblept.so.5.0.2
7fa677111000-7fa677117000 rw-p 0025c000 08:01 6556067                    /usr/lib/x86_64-linux-gnu/liblept.so.5.0.2
7fa677117000-7fa677424000 r-xp 00000000 08:01 6556069                    /usr/lib/x86_64-linux-gnu/libtesseract.so.4.0.0
7fa677424000-7fa677623000 ---p 0030d000 08:01 6556069                    /usr/lib/x86_64-linux-gnu/libtesseract.so.4.0.0
7fa677623000-7fa677628000 r--p 0030c000 08:01 6556069                    /usr/lib/x86_64-linux-gnu/libtesseract.so.4.0.0
7fa677628000-7fa677629000 rw-p 00311000 08:01 6556069                    /usr/lib/x86_64-linux-gnu/libtesseract.so.4.0.0
7fa677629000-7fa6778cd000 rw-p 00000000 00:00 0 
7fa6778cd000-7fa6778e4000 r-xp 00000000 08:01 19017247                   /tmp/jna-104583599/jna4248423050613660894.tmp (deleted)
7fa6778e4000-7fa6779e3000 ---p 00017000 08:01 19017247                   /tmp/jna-104583599/jna4248423050613660894.tmp (deleted)
7fa6779e3000-7fa6779e5000 rw-p 00016000 08:01 19017247                   /tmp/jna-104583599/jna4248423050613660894.tmp (deleted)
7fa6779e5000-7fa677be5000 rw-p 00000000 00:00 0 
7fa677be5000-7fa677bf8000 r-xp 00000000 08:01 9961655                    /lib/x86_64-linux-gnu/libbsd.so.0.8.7
7fa677bf8000-7fa677df7000 ---p 00013000 08:01 9961655                    /lib/x86_64-linux-gnu/libbsd.so.0.8.7
7fa677df7000-7fa677df8000 r--p 00012000 08:01 9961655                    /lib/x86_64-linux-gnu/libbsd.so.0.8.7
7fa677df8000-7fa677df9000 rw-p 00013000 08:01 9961655                    /lib/x86_64-linux-gnu/libbsd.so.0.8.7
7fa677df9000-7fa677dfa000 rw-p 00000000 00:00 0 
7fa677dfa000-7fa677dff000 r-xp 00000000 08:01 6561397                    /usr/lib/x86_64-linux-gnu/libXdmcp.so.6.0.0
7fa677dff000-7fa677ffe000 ---p 00005000 08:01 6561397                    /usr/lib/x86_64-linux-gnu/libXdmcp.so.6.0.0
7fa677ffe000-7fa677fff000 r--p 00004000 08:01 6561397                    /usr/lib/x86_64-linux-gnu/libXdmcp.so.6.0.0
7fa677fff000-7fa678000000 rw-p 00005000 08:01 6561397                    /usr/lib/x86_64-linux-gnu/libXdmcp.so.6.0.0
7fa678000000-7fa678021000 rw-p 00000000 00:00 0 
7fa678021000-7fa67c000000 ---p 00000000 00:00 0 
7fa67c000000-7fa67c021000 rw-p 00000000 00:00 0 
7fa67c021000-7fa680000000 ---p 00000000 00:00 0 
7fa680000000-7fa680021000 rw-p 00000000 00:00 0 
7fa680021000-7fa684000000 ---p 00000000 00:00 0 
7fa684000000-7fa684021000 rw-p 00000000 00:00 0 
7fa684021000-7fa688000000 ---p 00000000 00:00 0 
7fa688000000-7fa688021000 rw-p 00000000 00:00 0 
7fa688021000-7fa68c000000 ---p 00000000 00:00 0 
7fa68c000000-7fa68c021000 rw-p 00000000 00:00 0 
7fa68c021000-7fa690000000 ---p 00000000 00:00 0 
7fa690000000-7fa690021000 rw-p 00000000 00:00 0 
7fa690021000-7fa694000000 ---p 00000000 00:00 0 
7fa694000000-7fa694023000 rw-p 00000000 00:00 0 
7fa694023000-7fa698000000 ---p 00000000 00:00 0 
7fa698000000-7fa698021000 rw-p 00000000 00:00 0 
7fa698021000-7fa69c000000 ---p 00000000 00:00 0 
7fa69c000000-7fa69c021000 rw-p 00000000 00:00 0 
7fa69c021000-7fa6a0000000 ---p 00000000 00:00 0 
7fa6a0000000-7fa6a0021000 rw-p 00000000 00:00 0 
7fa6a0021000-7fa6a4000000 ---p 00000000 00:00 0 
7fa6a4000000-7fa6a4021000 rw-p 00000000 00:00 0 
7fa6a4021000-7fa6a8000000 ---p 00000000 00:00 0 
7fa6a8000000-7fa6a8456000 rw-p 00000000 00:00 0 
7fa6a8456000-7fa6ac000000 ---p 00000000 00:00 0 
7fa6ac000000-7fa6ac021000 rw-p 00000000 00:00 0 
7fa6ac021000-7fa6b0000000 ---p 00000000 00:00 0 
7fa6b0000000-7fa6b0021000 rw-p 00000000 00:00 0 
7fa6b0021000-7fa6b4000000 ---p 00000000 00:00 0 
7fa6b4000000-7fa6b46fe000 rw-p 00000000 00:00 0 
7fa6b46fe000-7fa6b8000000 ---p 00000000 00:00 0 
7fa6b8000000-7fa6b8021000 rw-p 00000000 00:00 0 
7fa6b8021000-7fa6bc000000 ---p 00000000 00:00 0 
7fa6bc000000-7fa6bc021000 rw-p 00000000 00:00 0 
7fa6bc021000-7fa6c0000000 ---p 00000000 00:00 0 
7fa6c0000000-7fa6c0021000 rw-p 00000000 00:00 0 
7fa6c0021000-7fa6c4000000 ---p 00000000 00:00 0 
7fa6c4000000-7fa6c4021000 rw-p 00000000 00:00 0 
7fa6c4021000-7fa6c8000000 ---p 00000000 00:00 0 
7fa6c80fd000-7fa6c8101000 ---p 00000000 00:00 0 
7fa6c8101000-7fa6c81fe000 rw-p 00000000 00:00 0 
7fa6c81fe000-7fa6c8200000 r-xp 00000000 08:01 6561386                    /usr/lib/x86_64-linux-gnu/libXau.so.6.0.0
7fa6c8200000-7fa6c8400000 ---p 00002000 08:01 6561386                    /usr/lib/x86_64-linux-gnu/libXau.so.6.0.0
7fa6c8400000-7fa6c8401000 r--p 00002000 08:01 6561386                    /usr/lib/x86_64-linux-gnu/libXau.so.6.0.0
7fa6c8401000-7fa6c8402000 rw-p 00003000 08:01 6561386                    /usr/lib/x86_64-linux-gnu/libXau.so.6.0.0
7fa6c8402000-7fa6c8428000 r-xp 00000000 08:01 6562599                    /usr/lib/x86_64-linux-gnu/libxcb.so.1.1.0
7fa6c8428000-7fa6c8628000 ---p 00026000 08:01 6562599                    /usr/lib/x86_64-linux-gnu/libxcb.so.1.1.0
7fa6c8628000-7fa6c8629000 r--p 00026000 08:01 6562599                    /usr/lib/x86_64-linux-gnu/libxcb.so.1.1.0
7fa6c8629000-7fa6c862a000 rw-p 00027000 08:01 6562599                    /usr/lib/x86_64-linux-gnu/libxcb.so.1.1.0
7fa6c862a000-7fa6c8639000 r-xp 00000000 08:01 6561407                    /usr/lib/x86_64-linux-gnu/libXi.so.6.1.0
7fa6c8639000-7fa6c8838000 ---p 0000f000 08:01 6561407                    /usr/lib/x86_64-linux-gnu/libXi.so.6.1.0
7fa6c8838000-7fa6c8839000 r--p 0000e000 08:01 6561407                    /usr/lib/x86_64-linux-gnu/libXi.so.6.1.0
7fa6c8839000-7fa6c883a000 rw-p 0000f000 08:01 6561407                    /usr/lib/x86_64-linux-gnu/libXi.so.6.1.0
7fa6c883a000-7fa6c883f000 r-xp 00000000 08:01 6561425                    /usr/lib/x86_64-linux-gnu/libXtst.so.6.1.0
7fa6c883f000-7fa6c8a3e000 ---p 00005000 08:01 6561425                    /usr/lib/x86_64-linux-gnu/libXtst.so.6.1.0
7fa6c8a3e000-7fa6c8a3f000 r--p 00004000 08:01 6561425                    /usr/lib/x86_64-linux-gnu/libXtst.so.6.1.0
7fa6c8a3f000-7fa6c8a40000 rw-p 00005000 08:01 6561425                    /usr/lib/x86_64-linux-gnu/libXtst.so.6.1.0
7fa6c8a40000-7fa6c8a49000 r-xp 00000000 08:01 6561419                    /usr/lib/x86_64-linux-gnu/libXrender.so.1.3.0
7fa6c8a49000-7fa6c8c48000 ---p 00009000 08:01 6561419                    /usr/lib/x86_64-linux-gnu/libXrender.so.1.3.0
7fa6c8c48000-7fa6c8c49000 r--p 00008000 08:01 6561419                    /usr/lib/x86_64-linux-gnu/libXrender.so.1.3.0
7fa6c8c49000-7fa6c8c4a000 rw-p 00009000 08:01 6561419                    /usr/lib/x86_64-linux-gnu/libXrender.so.1.3.0
7fa6c8c4a000-7fa6c8d7d000 r-xp 00000000 08:01 6561382                    /usr/lib/x86_64-linux-gnu/libX11.so.6.3.0
7fa6c8d7d000-7fa6c8f7d000 ---p 00133000 08:01 6561382                    /usr/lib/x86_64-linux-gnu/libX11.so.6.3.0
7fa6c8f7d000-7fa6c8f7e000 r--p 00133000 08:01 6561382                    /usr/lib/x86_64-linux-gnu/libX11.so.6.3.0
7fa6c8f7e000-7fa6c8f82000 rw-p 00134000 08:01 6561382                    /usr/lib/x86_64-linux-gnu/libX11.so.6.3.0
7fa6c8f82000-7fa6c8f93000 r-xp 00000000 08:01 6561399                    /usr/lib/x86_64-linux-gnu/libXext.so.6.4.0
7fa6c8f93000-7fa6c9192000 ---p 00011000 08:01 6561399                    /usr/lib/x86_64-linux-gnu/libXext.so.6.4.0
7fa6c9192000-7fa6c9193000 r--p 00010000 08:01 6561399                    /usr/lib/x86_64-linux-gnu/libXext.so.6.4.0
7fa6c9193000-7fa6c9194000 rw-p 00011000 08:01 6561399                    /usr/lib/x86_64-linux-gnu/libXext.so.6.4.0
7fa6c9194000-7fa6c91f3000 r-xp 00000000 08:01 12455373                   /usr/lib/jvm/java-11-openjdk-amd64/lib/libawt_xawt.so
7fa6c91f3000-7fa6c93f2000 ---p 0005f000 08:01 12455373                   /usr/lib/jvm/java-11-openjdk-amd64/lib/libawt_xawt.so
7fa6c93f2000-7fa6c93f3000 r--p 0005e000 08:01 12455373                   /usr/lib/jvm/java-11-openjdk-amd64/lib/libawt_xawt.so
7fa6c93f3000-7fa6c93f6000 rw-p 0005f000 08:01 12455373                   /usr/lib/jvm/java-11-openjdk-amd64/lib/libawt_xawt.so
7fa6c93f6000-7fa6c93f8000 rw-p 00000000 00:00 0 
7fa6c93f8000-7fa6c9496000 r-xp 00000000 08:01 12455371                   /usr/lib/jvm/java-11-openjdk-amd64/lib/libawt.so
7fa6c9496000-7fa6c9696000 ---p 0009e000 08:01 12455371                   /usr/lib/jvm/java-11-openjdk-amd64/lib/libawt.so
7fa6c9696000-7fa6c9697000 r--p 0009e000 08:01 12455371                   /usr/lib/jvm/java-11-openjdk-amd64/lib/libawt.so
7fa6c9697000-7fa6c96a2000 rw-p 0009f000 08:01 12455371                   /usr/lib/jvm/java-11-openjdk-amd64/lib/libawt.so
7fa6c96a2000-7fa6c96c7000 rw-p 00000000 00:00 0 
7fa6c96c7000-7fa6c96cb000 ---p 00000000 00:00 0 
7fa6c96cb000-7fa6c97c8000 rw-p 00000000 00:00 0 
7fa6c97c8000-7fa6c97cc000 ---p 00000000 00:00 0 
7fa6c97cc000-7fa6c9ac9000 rw-p 00000000 00:00 0 
7fa6c9ac9000-7fa6c9acd000 ---p 00000000 00:00 0 
7fa6c9acd000-7fa6c9bca000 rw-p 00000000 00:00 0 
7fa6c9bca000-7fa6c9bce000 ---p 00000000 00:00 0 
7fa6c9bce000-7fa6c9ccb000 rw-p 00000000 00:00 0 
7fa6c9ccb000-7fa6c9ccf000 ---p 00000000 00:00 0 
7fa6c9ccf000-7fa6c9dcc000 rw-p 00000000 00:00 0 
7fa6c9dcc000-7fa6c9dd0000 ---p 00000000 00:00 0 
7fa6c9dd0000-7fa6c9ecd000 rw-p 00000000 00:00 0 
7fa6c9ecd000-7fa6c9ece000 ---p 00000000 00:00 0 
7fa6c9ece000-7fa6c9fcf000 rw-p 00000000 00:00 0 
7fa6c9fcf000-7fa6c9fd0000 ---p 00000000 00:00 0 
7fa6c9fd0000-7fa6ca0d1000 rw-p 00000000 00:00 0 
7fa6ca0d1000-7fa6ca0fb000 r-xp 00000000 08:01 12455404                   /usr/lib/jvm/java-11-openjdk-amd64/lib/libsunec.so
7fa6ca0fb000-7fa6ca2fa000 ---p 0002a000 08:01 12455404                   /usr/lib/jvm/java-11-openjdk-amd64/lib/libsunec.so
7fa6ca2fa000-7fa6ca2fe000 r--p 00029000 08:01 12455404                   /usr/lib/jvm/java-11-openjdk-amd64/lib/libsunec.so
7fa6ca2fe000-7fa6ca300000 rw-p 0002d000 08:01 12455404                   /usr/lib/jvm/java-11-openjdk-amd64/lib/libsunec.so
7fa6ca300000-7fa6ca302000 r-xp 00000000 08:01 12455375                   /usr/lib/jvm/java-11-openjdk-amd64/lib/libextnet.so
7fa6ca302000-7fa6ca501000 ---p 00002000 08:01 12455375                   /usr/lib/jvm/java-11-openjdk-amd64/lib/libextnet.so
7fa6ca501000-7fa6ca502000 r--p 00001000 08:01 12455375                   /usr/lib/jvm/java-11-openjdk-amd64/lib/libextnet.so
7fa6ca502000-7fa6ca503000 rw-p 00002000 08:01 12455375                   /usr/lib/jvm/java-11-openjdk-amd64/lib/libextnet.so
7fa6ca503000-7fa6ca519000 r-xp 00000000 08:01 12455398                   /usr/lib/jvm/java-11-openjdk-amd64/lib/libnet.so
7fa6ca519000-7fa6ca718000 ---p 00016000 08:01 12455398                   /usr/lib/jvm/java-11-openjdk-amd64/lib/libnet.so
7fa6ca718000-7fa6ca719000 r--p 00015000 08:01 12455398                   /usr/lib/jvm/java-11-openjdk-amd64/lib/libnet.so
7fa6ca719000-7fa6ca71a000 rw-p 00016000 08:01 12455398                   /usr/lib/jvm/java-11-openjdk-amd64/lib/libnet.so
7fa6ca71a000-7fa6ca72a000 r-xp 00000000 08:01 12455399                   /usr/lib/jvm/java-11-openjdk-amd64/lib/libnio.so
7fa6ca72a000-7fa6ca929000 ---p 00010000 08:01 12455399                   /usr/lib/jvm/java-11-openjdk-amd64/lib/libnio.so
7fa6ca929000-7fa6ca92a000 r--p 0000f000 08:01 12455399                   /usr/lib/jvm/java-11-openjdk-amd64/lib/libnio.so
7fa6ca92a000-7fa6ca92b000 rw-p 00010000 08:01 12455399                   /usr/lib/jvm/java-11-openjdk-amd64/lib/libnio.so
7fa6ca92b000-7fa6ca92f000 ---p 00000000 00:00 0 
7fa6ca92f000-7fa6caa2c000 rw-p 00000000 00:00 0 
7fa6caa2c000-7fa6caa2d000 ---p 00000000 00:00 0 
7fa6caa2d000-7fa6cab2e000 rw-p 00000000 00:00 0 
7fa6cab2e000-7fa6cab32000 ---p 00000000 00:00 0 
7fa6cab32000-7fa6cac2f000 rw-p 00000000 00:00 0 
7fa6cac2f000-7fa6cac33000 ---p 00000000 00:00 0 
7fa6cac33000-7fa6cad30000 rw-p 00000000 00:00 0 
7fa6cad30000-7fa6cad34000 ---p 00000000 00:00 0 
7fa6cad34000-7fa6cae31000 rw-p 00000000 00:00 0 
7fa6cae31000-7fa6cb800000 r--p 00000000 08:01 6560357                    /usr/lib/locale/locale-archive
7fa6cb800000-7fa6cc000000 rw-p 00000000 00:00 0 
7fa6cc000000-7fa6cc021000 rw-p 00000000 00:00 0 
7fa6cc021000-7fa6d0000000 ---p 00000000 00:00 0 
7fa6d0000000-7fa6d0021000 rw-p 00000000 00:00 0 
7fa6d0021000-7fa6d4000000 ---p 00000000 00:00 0 
7fa6d4000000-7fa6d4021000 rw-p 00000000 00:00 0 
7fa6d4021000-7fa6d8000000 ---p 00000000 00:00 0 
7fa6d801e000-7fa6d8022000 ---p 00000000 00:00 0 
7fa6d8022000-7fa6d811f000 rw-p 00000000 00:00 0 
7fa6d811f000-7fa6d8123000 ---p 00000000 00:00 0 
7fa6d8123000-7fa6da310000 rw-p 00000000 00:00 0 
7fa6da310000-7fa6db108000 ---p 00000000 00:00 0 
7fa6db108000-7fa6db200000 rw-p 00000000 00:00 0 
7fa6db200000-7fa6dbff8000 ---p 00000000 00:00 0 
7fa6dbff8000-7fa6dc000000 rw-p 00000000 00:00 0 
7fa6dc000000-7fa6dc021000 rw-p 00000000 00:00 0 
7fa6dc021000-7fa6e0000000 ---p 00000000 00:00 0 
7fa6e0081000-7fa6e0085000 ---p 00000000 00:00 0 
7fa6e0085000-7fa6e0182000 rw-p 00000000 00:00 0 
7fa6e0182000-7fa6e0186000 ---p 00000000 00:00 0 
7fa6e0186000-7fa6e0283000 rw-p 00000000 00:00 0 
7fa6e0283000-7fa6e0284000 ---p 00000000 00:00 0 
7fa6e0284000-7fa6e0406000 rw-p 00000000 00:00 0 
7fa6e0406000-7fa6e0407000 ---p 00000000 00:00 0 
7fa6e0407000-7fa6e0508000 rw-p 00000000 00:00 0 
7fa6e0508000-7fa6e0509000 ---p 00000000 00:00 0 
7fa6e0509000-7fa6e090d000 rw-p 00000000 00:00 0 
7fa6e090d000-7fa6e0b7d000 rwxp 00000000 00:00 0 
7fa6e0b7d000-7fa6e0e9d000 ---p 00000000 00:00 0 
7fa6e0e9d000-7fa6e123d000 rwxp 00000000 00:00 0 
7fa6e123d000-7fa6e83d5000 ---p 00000000 00:00 0 
7fa6e83d5000-7fa6e8645000 rwxp 00000000 00:00 0 
7fa6e8645000-7fa6ef90d000 ---p 00000000 00:00 0 
7fa6ef90d000-7fa6f8000000 r--s 00000000 08:01 12455408                   /usr/lib/jvm/java-11-openjdk-amd64/lib/modules
7fa6f8000000-7fa6f8900000 rw-p 00000000 00:00 0 
7fa6f8900000-7fa6fc000000 ---p 00000000 00:00 0 
7fa6fc007000-7fa6fc00b000 ---p 00000000 00:00 0 
7fa6fc00b000-7fa6fc185000 rw-p 00000000 00:00 0 
7fa6fc185000-7fa6fc186000 ---p 00000000 00:00 0 
7fa6fc186000-7fa6fc287000 rw-p 00000000 00:00 0 
7fa6fc287000-7fa6fc288000 ---p 00000000 00:00 0 
7fa6fc288000-7fa6fc3a7000 rw-p 00000000 00:00 0 
7fa6fc3a7000-7fa6fc566000 ---p 00000000 00:00 0 
7fa6fc566000-7fa6fc585000 rw-p 00000000 00:00 0 
7fa6fc585000-7fa6fc744000 ---p 00000000 00:00 0 
7fa6fc744000-7fa6fc763000 rw-p 00000000 00:00 0 
7fa6fc763000-7fa6fc922000 ---p 00000000 00:00 0 
7fa6fc922000-7fa6fcd27000 rw-p 00000000 00:00 0 
7fa6fcd27000-7fa6fcd28000 ---p 00000000 00:00 0 
7fa6fcd28000-7fa6fce2e000 rw-p 00000000 00:00 0 
7fa6fce2e000-7fa6fcf14000 ---p 00000000 00:00 0 
7fa6fcf14000-7fa6fcf1c000 rw-p 00000000 00:00 0 
7fa6fcf1c000-7fa6fcfff000 ---p 00000000 00:00 0 
7fa6fcfff000-7fa6fd004000 r-xp 00000000 08:01 12455386                   /usr/lib/jvm/java-11-openjdk-amd64/lib/libjimage.so
7fa6fd004000-7fa6fd203000 ---p 00005000 08:01 12455386                   /usr/lib/jvm/java-11-openjdk-amd64/lib/libjimage.so
7fa6fd203000-7fa6fd204000 r--p 00004000 08:01 12455386                   /usr/lib/jvm/java-11-openjdk-amd64/lib/libjimage.so
7fa6fd204000-7fa6fd205000 rw-p 00005000 08:01 12455386                   /usr/lib/jvm/java-11-openjdk-amd64/lib/libjimage.so
7fa6fd205000-7fa6fd20c000 r-xp 00000000 08:01 12455407                   /usr/lib/jvm/java-11-openjdk-amd64/lib/libzip.so
7fa6fd20c000-7fa6fd40b000 ---p 00007000 08:01 12455407                   /usr/lib/jvm/java-11-openjdk-amd64/lib/libzip.so
7fa6fd40b000-7fa6fd40c000 r--p 00006000 08:01 12455407                   /usr/lib/jvm/java-11-openjdk-amd64/lib/libzip.so
7fa6fd40c000-7fa6fd40d000 rw-p 00007000 08:01 12455407                   /usr/lib/jvm/java-11-openjdk-amd64/lib/libzip.so
7fa6fd40d000-7fa6fd418000 r-xp 00000000 08:01 9966624                    /lib/x86_64-linux-gnu/libnss_files-2.27.so
7fa6fd418000-7fa6fd617000 ---p 0000b000 08:01 9966624                    /lib/x86_64-linux-gnu/libnss_files-2.27.so
7fa6fd617000-7fa6fd618000 r--p 0000a000 08:01 9966624                    /lib/x86_64-linux-gnu/libnss_files-2.27.so
7fa6fd618000-7fa6fd619000 rw-p 0000b000 08:01 9966624                    /lib/x86_64-linux-gnu/libnss_files-2.27.so
7fa6fd619000-7fa6fd61f000 rw-p 00000000 00:00 0 
7fa6fd61f000-7fa6fd636000 r-xp 00000000 08:01 9966618                    /lib/x86_64-linux-gnu/libnsl-2.27.so
7fa6fd636000-7fa6fd835000 ---p 00017000 08:01 9966618                    /lib/x86_64-linux-gnu/libnsl-2.27.so
7fa6fd835000-7fa6fd836000 r--p 00016000 08:01 9966618                    /lib/x86_64-linux-gnu/libnsl-2.27.so
7fa6fd836000-7fa6fd837000 rw-p 00017000 08:01 9966618                    /lib/x86_64-linux-gnu/libnsl-2.27.so
7fa6fd837000-7fa6fd839000 rw-p 00000000 00:00 0 
7fa6fd839000-7fa6fd844000 r-xp 00000000 08:01 9966635                    /lib/x86_64-linux-gnu/libnss_nis-2.27.so
7fa6fd844000-7fa6fda43000 ---p 0000b000 08:01 9966635                    /lib/x86_64-linux-gnu/libnss_nis-2.27.so
7fa6fda43000-7fa6fda44000 r--p 0000a000 08:01 9966635                    /lib/x86_64-linux-gnu/libnss_nis-2.27.so
7fa6fda44000-7fa6fda45000 rw-p 0000b000 08:01 9966635                    /lib/x86_64-linux-gnu/libnss_nis-2.27.so
7fa6fda45000-7fa6fda4d000 r-xp 00000000 08:01 9966620                    /lib/x86_64-linux-gnu/libnss_compat-2.27.so
7fa6fda4d000-7fa6fdc4d000 ---p 00008000 08:01 9966620                    /lib/x86_64-linux-gnu/libnss_compat-2.27.so
7fa6fdc4d000-7fa6fdc4e000 r--p 00008000 08:01 9966620                    /lib/x86_64-linux-gnu/libnss_compat-2.27.so
7fa6fdc4e000-7fa6fdc4f000 rw-p 00009000 08:01 9966620                    /lib/x86_64-linux-gnu/libnss_compat-2.27.so
7fa6fdc4f000-7fa6fdc78000 r-xp 00000000 08:01 12455382                   /usr/lib/jvm/java-11-openjdk-amd64/lib/libjava.so
7fa6fdc78000-7fa6fde77000 ---p 00029000 08:01 12455382                   /usr/lib/jvm/java-11-openjdk-amd64/lib/libjava.so
7fa6fde77000-7fa6fde78000 r--p 00028000 08:01 12455382                   /usr/lib/jvm/java-11-openjdk-amd64/lib/libjava.so
7fa6fde78000-7fa6fde7a000 rw-p 00029000 08:01 12455382                   /usr/lib/jvm/java-11-openjdk-amd64/lib/libjava.so
7fa6fde7a000-7fa6fde87000 r-xp 00000000 08:01 12455406                   /usr/lib/jvm/java-11-openjdk-amd64/lib/libverify.so
7fa6fde87000-7fa6fe086000 ---p 0000d000 08:01 12455406                   /usr/lib/jvm/java-11-openjdk-amd64/lib/libverify.so
7fa6fe086000-7fa6fe088000 r--p 0000c000 08:01 12455406                   /usr/lib/jvm/java-11-openjdk-amd64/lib/libverify.so
7fa6fe088000-7fa6fe089000 rw-p 0000e000 08:01 12455406                   /usr/lib/jvm/java-11-openjdk-amd64/lib/libverify.so
7fa6fe089000-7fa6fe090000 r-xp 00000000 08:01 9966675                    /lib/x86_64-linux-gnu/librt-2.27.so
7fa6fe090000-7fa6fe28f000 ---p 00007000 08:01 9966675                    /lib/x86_64-linux-gnu/librt-2.27.so
7fa6fe28f000-7fa6fe290000 r--p 00006000 08:01 9966675                    /lib/x86_64-linux-gnu/librt-2.27.so
7fa6fe290000-7fa6fe291000 rw-p 00007000 08:01 9966675                    /lib/x86_64-linux-gnu/librt-2.27.so
7fa6fe291000-7fa6fe2a8000 r-xp 00000000 08:01 9961786                    /lib/x86_64-linux-gnu/libgcc_s.so.1
7fa6fe2a8000-7fa6fe4a7000 ---p 00017000 08:01 9961786                    /lib/x86_64-linux-gnu/libgcc_s.so.1
7fa6fe4a7000-7fa6fe4a8000 r--p 00016000 08:01 9961786                    /lib/x86_64-linux-gnu/libgcc_s.so.1
7fa6fe4a8000-7fa6fe4a9000 rw-p 00017000 08:01 9961786                    /lib/x86_64-linux-gnu/libgcc_s.so.1
7fa6fe4a9000-7fa6fe646000 r-xp 00000000 08:01 9966597                    /lib/x86_64-linux-gnu/libm-2.27.so
7fa6fe646000-7fa6fe845000 ---p 0019d000 08:01 9966597                    /lib/x86_64-linux-gnu/libm-2.27.so
7fa6fe845000-7fa6fe846000 r--p 0019c000 08:01 9966597                    /lib/x86_64-linux-gnu/libm-2.27.so
7fa6fe846000-7fa6fe847000 rw-p 0019d000 08:01 9966597                    /lib/x86_64-linux-gnu/libm-2.27.so
7fa6fe847000-7fa6fe9c0000 r-xp 00000000 08:01 6555233                    /usr/lib/x86_64-linux-gnu/libstdc++.so.6.0.25
7fa6fe9c0000-7fa6febc0000 ---p 00179000 08:01 6555233                    /usr/lib/x86_64-linux-gnu/libstdc++.so.6.0.25
7fa6febc0000-7fa6febca000 r--p 00179000 08:01 6555233                    /usr/lib/x86_64-linux-gnu/libstdc++.so.6.0.25
7fa6febca000-7fa6febcc000 rw-p 00183000 08:01 6555233                    /usr/lib/x86_64-linux-gnu/libstdc++.so.6.0.25
7fa6febcc000-7fa6febd0000 rw-p 00000000 00:00 0 
7fa6febd0000-7fa6ffcad000 r-xp 00000000 08:01 12455413                   /usr/lib/jvm/java-11-openjdk-amd64/lib/server/libjvm.so
7fa6ffcad000-7fa6ffeac000 ---p 010dd000 08:01 12455413                   /usr/lib/jvm/java-11-openjdk-amd64/lib/server/libjvm.so
7fa6ffeac000-7fa6fff69000 r--p 010dc000 08:01 12455413                   /usr/lib/jvm/java-11-openjdk-amd64/lib/server/libjvm.so
7fa6fff69000-7fa6fffa3000 rw-p 01199000 08:01 12455413                   /usr/lib/jvm/java-11-openjdk-amd64/lib/server/libjvm.so
7fa6fffa3000-7fa6ffff9000 rw-p 00000000 00:00 0 
7fa6ffff9000-7fa700013000 r-xp 00000000 08:01 9966667                    /lib/x86_64-linux-gnu/libpthread-2.27.so
7fa700013000-7fa700212000 ---p 0001a000 08:01 9966667                    /lib/x86_64-linux-gnu/libpthread-2.27.so
7fa700212000-7fa700213000 r--p 00019000 08:01 9966667                    /lib/x86_64-linux-gnu/libpthread-2.27.so
7fa700213000-7fa700214000 rw-p 0001a000 08:01 9966667                    /lib/x86_64-linux-gnu/libpthread-2.27.so
7fa700214000-7fa700218000 rw-p 00000000 00:00 0 
7fa700218000-7fa70021b000 r-xp 00000000 08:01 9966557                    /lib/x86_64-linux-gnu/libdl-2.27.so
7fa70021b000-7fa70041a000 ---p 00003000 08:01 9966557                    /lib/x86_64-linux-gnu/libdl-2.27.so
7fa70041a000-7fa70041b000 r--p 00002000 08:01 9966557                    /lib/x86_64-linux-gnu/libdl-2.27.so
7fa70041b000-7fa70041c000 rw-p 00003000 08:01 9966557                    /lib/x86_64-linux-gnu/libdl-2.27.so
7fa70041c000-7fa700438000 r-xp 00000000 08:01 9966706                    /lib/x86_64-linux-gnu/libz.so.1.2.11
7fa700438000-7fa700637000 ---p 0001c000 08:01 9966706                    /lib/x86_64-linux-gnu/libz.so.1.2.11
7fa700637000-7fa700638000 r--p 0001b000 08:01 9966706                    /lib/x86_64-linux-gnu/libz.so.1.2.11
7fa700638000-7fa700639000 rw-p 0001c000 08:01 9966706                    /lib/x86_64-linux-gnu/libz.so.1.2.11
7fa700639000-7fa700820000 r-xp 00000000 08:01 9966534                    /lib/x86_64-linux-gnu/libc-2.27.so
7fa700820000-7fa700a20000 ---p 001e7000 08:01 9966534                    /lib/x86_64-linux-gnu/libc-2.27.so
7fa700a20000-7fa700a24000 r--p 001e7000 08:01 9966534                    /lib/x86_64-linux-gnu/libc-2.27.so
7fa700a24000-7fa700a26000 rw-p 001eb000 08:01 9966534                    /lib/x86_64-linux-gnu/libc-2.27.so
7fa700a26000-7fa700a2a000 rw-p 00000000 00:00 0 
7fa700a2a000-7fa700a3a000 r-xp 00000000 08:01 12455366                   /usr/lib/jvm/java-11-openjdk-amd64/lib/jli/libjli.so
7fa700a3a000-7fa700c39000 ---p 00010000 08:01 12455366                   /usr/lib/jvm/java-11-openjdk-amd64/lib/jli/libjli.so
7fa700c39000-7fa700c3a000 r--p 0000f000 08:01 12455366                   /usr/lib/jvm/java-11-openjdk-amd64/lib/jli/libjli.so
7fa700c3a000-7fa700c3b000 rw-p 00010000 08:01 12455366                   /usr/lib/jvm/java-11-openjdk-amd64/lib/jli/libjli.so
7fa700c3b000-7fa700c62000 r-xp 00000000 08:01 9966506                    /lib/x86_64-linux-gnu/ld-2.27.so
7fa700c83000-7fa700d3e000 rw-p 00000000 00:00 0 
7fa700d3e000-7fa700d42000 ---p 00000000 00:00 0 
7fa700d42000-7fa700e41000 rw-p 00000000 00:00 0 
7fa700e48000-7fa700e4d000 rw-p 00000000 00:00 0 
7fa700e4d000-7fa700e54000 ---p 00000000 00:00 0 
7fa700e54000-7fa700e56000 r--s 00007000 08:01 6951047                    /usr/share/java/java-atk-wrapper.jar
7fa700e56000-7fa700e5e000 rw-s 00000000 08:01 19017230                   /tmp/hsperfdata_nakul/12912
7fa700e5e000-7fa700e5f000 ---p 00000000 00:00 0 
7fa700e5f000-7fa700e60000 r--p 00000000 00:00 0 
7fa700e60000-7fa700e62000 rw-p 00000000 00:00 0 
7fa700e62000-7fa700e63000 r--p 00027000 08:01 9966506                    /lib/x86_64-linux-gnu/ld-2.27.so
7fa700e63000-7fa700e64000 rw-p 00028000 08:01 9966506                    /lib/x86_64-linux-gnu/ld-2.27.so
7fa700e64000-7fa700e65000 rw-p 00000000 00:00 0 
7ffcc95d9000-7ffcc95fa000 rw-p 00000000 00:00 0                          [stack]
7ffcc95fc000-7ffcc95ff000 r--p 00000000 00:00 0                          [vvar]
7ffcc95ff000-7ffcc9600000 r-xp 00000000 00:00 0                          [vdso]
ffffffffff600000-ffffffffff601000 --xp 00000000 00:00 0                  [vsyscall]


VM Arguments:
jvm_args: -Dfile.encoding=UTF-8 
java_command: selenium.NSP
java_class_path (initial): /home/nakul/eclipse-workspace/selenium/bin:/home/nakul/selenium/selenium-java-3.141.59/libs/byte-buddy-1.8.15.jar:/home/nakul/selenium/selenium-java-3.141.59/libs/commons-exec-1.3.jar:/home/nakul/selenium/selenium-java-3.141.59/libs/guava-25.0-jre.jar:/home/nakul/selenium/selenium-java-3.141.59/libs/okhttp-3.11.0.jar:/home/nakul/selenium/selenium-java-3.141.59/libs/okio-1.14.0.jar:/home/nakul/selenium/selenium-java-3.141.59/client-combined-3.141.59.jar:/home/nakul/selenium/selenium-java-3.141.59/client-combined-3.141.59-sources.jar:/home/nakul/eclipse-workspace/Tess4J/lib/commons-beanutils-1.9.2.jar:/home/nakul/eclipse-workspace/Tess4J/lib/commons-io-2.6.jar:/home/nakul/eclipse-workspace/Tess4J/lib/commons-logging-1.2.jar:/home/nakul/eclipse-workspace/Tess4J/lib/fontbox-2.0.9.jar:/home/nakul/eclipse-workspace/Tess4J/lib/ghost4j-1.0.1.jar:/home/nakul/eclipse-workspace/Tess4J/lib/hamcrest-core-1.3.jar:/home/nakul/eclipse-workspace/Tess4J/lib/itext-2.1.7.jar:/home/nakul/eclipse-workspace/Tess4J/lib/jai-imageio-core-1.4.0.jar:/home/nakul/eclipse-workspace/Tess4J/lib/jbig2-imageio-3.0.0.jar:/home/nakul/eclipse-workspace/Tess4J/lib/jboss-vfs-3.2.12.Final.jar:/home/nakul/eclipse-workspace/Tess4J/lib/jcl-over-slf4j-1.7.25.jar:/home/nakul/eclipse-workspace/Tess4J/lib/jna-4.1.0.jar:/home/nakul/eclipse-workspace/Tess4J/lib/jul-to-slf4j-1.7.25.jar:/home/nakul/eclipse-workspace/Tess4J/lib/junit-4.12.jar:/home/nakul/eclipse-workspace/Tess4J/lib/lept4j-1.6.4.jar:/home/nakul/eclipse-workspace/Tess4J/lib/log4j-1.2.17.jar:/home/nakul/eclipse-workspace/Tess4J/lib/log4j-over-slf4j-1.7.25.jar:/home/nakul/eclipse-workspace/Tess4J/lib/logback-classic-1.2.3.jar:/home/nakul/eclipse-workspace/Tess4J/lib/logback-core-1.2.3.jar:/home/nakul/eclipse-workspace/Tess4J/lib/pdfbox-2.0.9.jar:/home/nakul/eclipse-workspace/Tess4J/lib/pdfbox-tools-2.0.9.jar:/home/nakul/eclipse-workspace/Tess4J/lib/slf4j-api-1.7.25.jar:/home/nakul/eclipse-workspace/Tess4J/lib/xmlgraphics-comm
Launcher Type: SUN_STANDARD

[Global flags]
     intx CICompilerCount                          = 3                                         {product} {ergonomic}
     uint ConcGCThreads                            = 1                                         {product} {ergonomic}
     uint G1ConcRefinementThreads                  = 4                                         {product} {ergonomic}
   size_t G1HeapRegionSize                         = 1048576                                   {product} {ergonomic}
    uintx GCDrainStackTargetSize                   = 64                                        {product} {ergonomic}
   size_t InitialHeapSize                          = 62914560                                  {product} {ergonomic}
   size_t MarkStackSize                            = 4194304                                   {product} {ergonomic}
   size_t MaxHeapSize                              = 1002438656                                {product} {ergonomic}
   size_t MaxNewSize                               = 600834048                                 {product} {ergonomic}
   size_t MinHeapDeltaBytes                        = 1048576                                   {product} {ergonomic}
    uintx NonNMethodCodeHeapSize                   = 5830732                                {pd product} {ergonomic}
    uintx NonProfiledCodeHeapSize                  = 122913754                              {pd product} {ergonomic}
    uintx ProfiledCodeHeapSize                     = 122913754                              {pd product} {ergonomic}
    uintx ReservedCodeCacheSize                    = 251658240                              {pd product} {ergonomic}
     bool SegmentedCodeCache                       = true                                      {product} {ergonomic}
     bool UseCompressedClassPointers               = true                                 {lp64_product} {ergonomic}
     bool UseCompressedOops                        = true                                 {lp64_product} {ergonomic}
     bool UseG1GC                                  = true                                      {product} {ergonomic}

Logging:
Log output configuration:
 #0: stdout all=warning uptime,level,tags
 #1: stderr all=off uptime,level,tags

Environment Variables:
PATH=/usr/local/sbin:/usr/local/bin:/usr/sbin:/usr/bin:/sbin:/bin:/usr/games:/usr/local/games:/snap/bin
SHELL=/bin/bash
DISPLAY=:0

Signal Handlers:
SIGSEGV: [libjvm.so+0xdf8d00], sa_mask[0]=11111111011111111101111111111110, sa_flags=SA_RESTART|SA_SIGINFO
SIGBUS: [libjvm.so+0xdf8d00], sa_mask[0]=11111111011111111101111111111110, sa_flags=SA_RESTART|SA_SIGINFO
SIGFPE: [libjvm.so+0xdf8d00], sa_mask[0]=11111111011111111101111111111110, sa_flags=SA_RESTART|SA_SIGINFO
SIGPIPE: [libjvm.so+0xbcbc30], sa_mask[0]=11111111011111111101111111111110, sa_flags=SA_RESTART|SA_SIGINFO
SIGXFSZ: [libjvm.so+0xbcbc30], sa_mask[0]=11111111011111111101111111111110, sa_flags=SA_RESTART|SA_SIGINFO
SIGILL: [libjvm.so+0xdf8d00], sa_mask[0]=11111111011111111101111111111110, sa_flags=SA_RESTART|SA_SIGINFO
SIGUSR2: [libjvm.so+0xbcbad0], sa_mask[0]=00100000000000000000000000000000, sa_flags=SA_RESTART|SA_SIGINFO
SIGHUP: [libjvm.so+0xbcbe30], sa_mask[0]=11111111011111111101111111111110, sa_flags=SA_RESTART|SA_SIGINFO
SIGINT: [libjvm.so+0xbcbe30], sa_mask[0]=11111111011111111101111111111110, sa_flags=SA_RESTART|SA_SIGINFO
SIGTERM: [libjvm.so+0xbcbe30], sa_mask[0]=11111111011111111101111111111110, sa_flags=SA_RESTART|SA_SIGINFO
SIGQUIT: [libjvm.so+0xbcbe30], sa_mask[0]=11111111011111111101111111111110, sa_flags=SA_RESTART|SA_SIGINFO


---------------  S Y S T E M  ---------------

OS:DISTRIB_ID=Ubuntu
DISTRIB_RELEASE=18.04
DISTRIB_CODENAME=bionic
DISTRIB_DESCRIPTION="Ubuntu 18.04.3 LTS"
uname:Linux 5.3.0-42-generic #34~18.04.1-Ubuntu SMP Fri Feb 28 13:42:26 UTC 2020 x86_64
OS uptime: 0 days 1:05 hours
libc:glibc 2.27 NPTL 2.27 
rlimit: STACK 8192k, CORE 0k, NPROC 15078, NOFILE 4096, AS infinity, CPU infinity, DATA infinity, FSIZE infinity
load average:2.10 1.33 1.00

/proc/meminfo:
MemTotal:        3907988 kB
MemFree:          114956 kB
MemAvailable:     630916 kB
Buffers:           55120 kB
Cached:           923572 kB
SwapCached:        16100 kB
Active:          2494492 kB
Inactive:         923432 kB
Active(anon):    2137984 kB
Inactive(anon):   604708 kB
Active(file):     356508 kB
Inactive(file):   318724 kB
Unevictable:       27088 kB
Mlocked:              96 kB
SwapTotal:       2097148 kB
SwapFree:        1960444 kB
Dirty:              3064 kB
Writeback:             0 kB
AnonPages:       2451908 kB
Mapped:           514796 kB
Shmem:            303456 kB
KReclaimable:      86340 kB
Slab:             197792 kB
SReclaimable:      86340 kB
SUnreclaim:       111452 kB
KernelStack:       19328 kB
PageTables:        73676 kB
NFS_Unstable:          0 kB
Bounce:                0 kB
WritebackTmp:          0 kB
CommitLimit:     4051140 kB
Committed_AS:   10981584 kB
VmallocTotal:   34359738367 kB
VmallocUsed:       34792 kB
VmallocChunk:          0 kB
Percpu:             2944 kB
HardwareCorrupted:     0 kB
AnonHugePages:         0 kB
ShmemHugePages:        0 kB
ShmemPmdMapped:        0 kB
CmaTotal:              0 kB
CmaFree:               0 kB
HugePages_Total:       0
HugePages_Free:        0
HugePages_Rsvd:        0
HugePages_Surp:        0
Hugepagesize:       2048 kB
Hugetlb:               0 kB
DirectMap4k:      293948 kB
DirectMap2M:     3778560 kB


/proc/sys/kernel/threads-max (system-wide limit on the number of threads):
30157


/proc/sys/vm/max_map_count (maximum number of memory map areas a process may have):
65530


/proc/sys/kernel/pid_max (system-wide limit on number of process identifiers):
32768



container (cgroup) information:
container_type: cgroupv1
cpu_cpuset_cpus: 0-3
cpu_memory_nodes: 0
active_processor_count: 4
cpu_quota: -1
cpu_period: 100000
cpu_shares: -1
memory_limit_in_bytes: -1
memory_and_swap_limit_in_bytes: -2
memory_soft_limit_in_bytes: -1
memory_usage_in_bytes: 3349946368
memory_max_usage_in_bytes: 3355742208

Steal ticks since vm start: 0
Steal ticks percentage since vm start:  0.000

CPU:total 4 (initial active 4) (2 cores per cpu, 2 threads per core) family 6 model 42 stepping 7, cmov, cx8, fxsr, mmx, sse, sse2, sse3, ssse3, sse4.1, sse4.2, popcnt, avx, aes, clmul, ht, tsc, tscinvbit
CPU Model and flags from /proc/cpuinfo:
model name	: Intel(R) Core(TM) i5-2520M CPU @ 2.50GHz
flags		: fpu vme de pse tsc msr pae mce cx8 apic sep mtrr pge mca cmov pat pse36 clflush dts acpi mmx fxsr sse sse2 ht tm pbe syscall nx rdtscp lm constant_tsc arch_perfmon pebs bts rep_good nopl xtopology nonstop_tsc cpuid aperfmperf pni pclmulqdq dtes64 monitor ds_cpl vmx smx est tm2 ssse3 cx16 xtpr pdcm pcid sse4_1 sse4_2 x2apic popcnt tsc_deadline_timer aes xsave avx lahf_lm epb pti tpr_shadow vnmi flexpriority ept vpid xsaveopt dtherm ida arat pln pts

Memory: 4k page, physical 3907988k(114956k free), swap 2097148k(1960444k free)

vm_info: OpenJDK 64-Bit Server VM (11.0.7+10-post-Ubuntu-2ubuntu218.04) for linux-amd64 JRE (11.0.7+10-post-Ubuntu-2ubuntu218.04), built on Apr 15 2020 21:12:54 by "unknown" with gcc 7.5.0

END.
