#
# A fatal error has been detected by the Java Runtime Environment:
#
#  SIGSEGV (0xb) at pc=0x00007f64180bdc27, pid=8775, tid=8782
#
# JRE version: OpenJDK Runtime Environment (11.0.7+10) (build 11.0.7+10-post-Ubuntu-2ubuntu218.04)
# Java VM: OpenJDK 64-Bit Server VM (11.0.7+10-post-Ubuntu-2ubuntu218.04, mixed mode, sharing, tiered, compressed oops, g1 gc, linux-amd64)
# Problematic frame:
# C  [libtesseract.so.4+0xa1c27]  tesseract::Tesseract::recog_all_words(PAGE_RES*, ETEXT_DESC*, TBOX const*, char const*, int)+0x437
#
# Core dump will be written. Default location: Core dumps may be processed with "/usr/share/apport/apport %p %s %c %d %P %E" (or dumping to /home/nakul/eclipse-workspace/selenium/core.8775)
#
# If you would like to submit a bug report, please visit:
#   https://bugs.launchpad.net/ubuntu/+source/openjdk-lts
# The crash happened outside the Java Virtual Machine in native code.
# See problematic frame for where to report the bug.
#

---------------  S U M M A R Y ------------

Command Line: -Dfile.encoding=UTF-8 selenium.NSP

Host: Intel(R) Core(TM) i5-2520M CPU @ 2.50GHz, 4 cores, 3G, Ubuntu 18.04.3 LTS
Time: Fri May 15 07:48:48 2020 IST elapsed time: 14 seconds (0d 0h 0m 14s)

---------------  T H R E A D  ---------------

Current thread (0x00007f6458016800):  JavaThread "main" [_thread_in_native, id=8782, stack(0x00007f6461a5a000,0x00007f6461b5b000)]

Stack: [0x00007f6461a5a000,0x00007f6461b5b000],  sp=0x00007f6461b58660,  free space=1017k
Native frames: (J=compiled Java code, A=aot compiled Java code, j=interpreted, Vv=VM code, C=native code)
C  [libtesseract.so.4+0xa1c27]  tesseract::Tesseract::recog_all_words(PAGE_RES*, ETEXT_DESC*, TBOX const*, char const*, int)+0x437

Java frames: (J=compiled Java code, j=interpreted, Vv=VM code)
j  com.sun.jna.Native.invokePointer(JI[Ljava/lang/Object;)J+0
j  com.sun.jna.Function.invokePointer(I[Ljava/lang/Object;)Lcom/sun/jna/Pointer;+6
j  com.sun.jna.Function.invoke([Ljava/lang/Object;Ljava/lang/Class;Z)Ljava/lang/Object;+426
j  com.sun.jna.Function.invoke(Ljava/lang/Class;[Ljava/lang/Object;Ljava/util/Map;)Ljava/lang/Object;+262
j  com.sun.jna.Library$Handler.invoke(Ljava/lang/Object;Ljava/lang/reflect/Method;[Ljava/lang/Object;)Ljava/lang/Object;+316
j  com.sun.proxy.$Proxy0.TessBaseAPIGetUTF8Text(Lnet/sourceforge/tess4j/ITessAPI$TessBaseAPI;)Lcom/sun/jna/Pointer;+16
j  net.sourceforge.tess4j.Tesseract.getOCRText(Ljava/lang/String;I)Ljava/lang/String;+62
j  net.sourceforge.tess4j.Tesseract.doOCR(Ljava/util/List;Ljava/lang/String;Ljava/awt/Rectangle;)Ljava/lang/String;+62
j  net.sourceforge.tess4j.Tesseract.doOCR(Ljava/io/File;Ljava/awt/Rectangle;)Ljava/lang/String;+10
j  net.sourceforge.tess4j.Tesseract.doOCR(Ljava/io/File;)Ljava/lang/String;+3
j  selenium.NSP.enterinput()V+145
j  selenium.NSP.main([Ljava/lang/String;)V+13
v  ~StubRoutines::call_stub

siginfo: si_signo: 11 (SIGSEGV), si_code: 1 (SEGV_MAPERR), si_addr: 0x000000000000000c

Register to memory mapping:

RAX=0x0 is NULL
RBX=0x00007f64588479a0 points into unknown readable memory: 88 9b 52 18 64 7f 00 00
RCX=0x0 is NULL
RDX=0x00007f6458869598 points into unknown readable memory: 00 00 00 00 00 00 00 00
RSP=0x00007f6461b58660 is pointing into the stack for thread: 0x00007f6458016800
RBP=0x00007f6461b586b0 is pointing into the stack for thread: 0x00007f6458016800
RSI=0x0000000000000001 is an unknown value
RDI=0x00007f6461b58700 is pointing into the stack for thread: 0x00007f6458016800
R8 =0x0 is NULL
R9 =0x0 is NULL
R10=0x00007f64580008d0 points into unknown readable memory: 02 00 00 03 01 00 03 06
R11=0x00007f64588415c0 points into unknown readable memory: 13 7b 39 13 7b 40 13 7b
R12=0x00007f64588b4600 points into unknown readable memory: 00 00 00 00 00 00 00 00
R13=0x0 is NULL
R14=0x0 is NULL
R15=0x00007f64588b4600 points into unknown readable memory: 00 00 00 00 00 00 00 00


Registers:
RAX=0x0000000000000000, RBX=0x00007f64588479a0, RCX=0x0000000000000000, RDX=0x00007f6458869598
RSP=0x00007f6461b58660, RBP=0x00007f6461b586b0, RSI=0x0000000000000001, RDI=0x00007f6461b58700
R8 =0x0000000000000000, R9 =0x0000000000000000, R10=0x00007f64580008d0, R11=0x00007f64588415c0
R12=0x00007f64588b4600, R13=0x0000000000000000, R14=0x0000000000000000, R15=0x00007f64588b4600
RIP=0x00007f64180bdc27, EFLAGS=0x0000000000010246, CSGSFS=0x002b000000000033, ERR=0x0000000000000004
  TRAPNO=0x000000000000000e

Top of Stack: (sp=0x00007f6461b58660)
0x00007f6461b58660:   0000000000000000 0000000000000000
0x00007f6461b58670:   0000000000000000 00007f64588b4670
0x00007f6461b58680:   00007f645889c800 00007f64588b3ca0
0x00007f6461b58690:   0000000000000001 00007f6461b586c0 

Instructions: (pc=0x00007f64180bdc27)
0x00007f64180bdb27:   89 e6 48 89 df e8 af 87 ff ff 4c 89 e6 48 89 df
0x00007f64180bdb37:   e8 b4 8b ff ff 4c 89 e6 48 89 df e8 f9 72 ff ff
0x00007f64180bdb47:   4c 89 e6 48 89 df e8 7e 74 ff ff e9 a9 fd ff ff
0x00007f64180bdb57:   66 0f 1f 84 00 00 00 00 00 48 8b 40 10 7e 2a 8b
0x00007f64180bdb67:   38 85 ff 75 4c 48 83 c0 04 83 ea 01 48 8d 14 90
0x00007f64180bdb77:   eb 12 0f 1f 80 00 00 00 00 48 83 c0 04 8b 70 fc
0x00007f64180bdb87:   85 f6 75 2d 48 39 c2 75 f0 48 85 c9 74 1b 8b 41
0x00007f64180bdb97:   10 8d 50 ff 83 fa 02 76 10 83 e8 05 83 f8 03 77
0x00007f64180bdba7:   10 0f 1f 84 00 00 00 00 00 48 89 ef e8 e8 2d 19
0x00007f64180bdbb7:   00 31 d2 31 f6 48 89 ef e8 2c f6 18 00 48 8b 44
0x00007f64180bdbc7:   24 70 48 85 c0 0f 84 8e fd ff ff 48 8b 94 24 80
0x00007f64180bdbd7:   00 00 00 31 c9 48 8b 52 08 48 85 d2 74 04 48 8b
0x00007f64180bdbe7:   4a 08 48 8b 80 e8 00 00 00 48 85 c0 74 bb 8b 50
0x00007f64180bdbf7:   34 83 fa 00 74 b3 e9 5e ff ff ff 66 0f 1f 44 00
0x00007f64180bdc07:   00 31 f6 48 89 ef e8 ce f9 18 00 8b 83 a0 15 00
0x00007f64180bdc17:   00 85 c0 0f 8f c0 00 00 00 48 8b 83 40 0a 00 00
0x00007f64180bdc27:   80 78 0c 00 0f 85 a7 02 00 00 8b 83 58 47 02 00
0x00007f64180bdc37:   85 c0 0f 8e b1 00 00 00 31 d2 45 31 ff eb 2c 66
0x00007f64180bdc47:   2e 0f 1f 84 00 00 00 00 00 48 8b 8f 40 0a 00 00
0x00007f64180bdc57:   80 79 0c 00 0f 85 ff 01 00 00 41 83 c7 01 48 83
0x00007f64180bdc67:   c2 08 44 3b bb 58 47 02 00 7d 7e 48 8b 8b 60 47
0x00007f64180bdc77:   02 00 48 8b 3c 11 8b 87 a0 15 00 00 85 c0 7e c9
0x00007f64180bdc87:   48 89 54 24 10 e8 8f 46 0f 00 48 8b 54 24 10 eb
0x00007f64180bdc97:   c9 0f 1f 84 00 00 00 00 00 80 bb 72 30 02 00 00
0x00007f64180bdca7:   0f 85 73 fc ff ff 8b b3 04 1d 02 00 4c 89 e2 4c
0x00007f64180bdcb7:   89 ff e8 32 d4 0b 00 31 f6 48 89 ef e8 18 f9 18
0x00007f64180bdcc7:   00 48 8b 44 24 70 48 85 c0 0f 85 fc fe ff ff e9
0x00007f64180bdcd7:   94 fc ff ff 0f 1f 44 00 00 48 89 df e8 38 46 0f
0x00007f64180bdce7:   00 e9 44 ff ff ff 0f 1f 00 4c 8d 7c 24 30 be 04
0x00007f64180bdcf7:   00 00 00 48 c7 44 24 30 00 00 00 00 48 c7 44 24
0x00007f64180bdd07:   38 00 00 00 00 48 c7 44 24 40 00 00 00 00 4c 89
0x00007f64180bdd17:   ff 48 c7 44 24 48 00 00 00 00 e8 3a 19 00 00 48 


Stack slot to memory mapping:
stack at sp + 0 slots: 0x0 is NULL
stack at sp + 1 slots: 0x0 is NULL
stack at sp + 2 slots: 0x0 is NULL
stack at sp + 3 slots: 0x00007f64588b4670 points into unknown readable memory: 70 46 8b 58 64 7f 00 00
stack at sp + 4 slots: 0x00007f645889c800 points into unknown readable memory: 00 c8 89 58 64 7f 00 00
stack at sp + 5 slots: 0x00007f64588b3ca0 points into unknown readable memory: a0 3c 8b 58 64 7f 00 00
stack at sp + 6 slots: 0x0000000000000001 is an unknown value
stack at sp + 7 slots: 0x00007f6461b586c0 is pointing into the stack for thread: 0x00007f6458016800


---------------  P R O C E S S  ---------------

Threads class SMR info:
_java_thread_list=0x00007f64585f2720, length=17, elements={
0x00007f6458016800, 0x00007f64580be000, 0x00007f64580c0000, 0x00007f64580c5800,
0x00007f64580c8000, 0x00007f64580ca000, 0x00007f64580cc000, 0x00007f64580fa800,
0x00007f64580ff800, 0x00007f6458452800, 0x00007f63f800c800, 0x00007f63f8010800,
0x00007f63f8011000, 0x00007f64584bc800, 0x00007f645851f800, 0x00007f6458521000,
0x00007f6458605800
}

Java Threads: ( => current thread )
=>0x00007f6458016800 JavaThread "main" [_thread_in_native, id=8782, stack(0x00007f6461a5a000,0x00007f6461b5b000)]
  0x00007f64580be000 JavaThread "Reference Handler" daemon [_thread_blocked, id=8789, stack(0x00007f643880f000,0x00007f6438910000)]
  0x00007f64580c0000 JavaThread "Finalizer" daemon [_thread_blocked, id=8790, stack(0x00007f643870e000,0x00007f643880f000)]
  0x00007f64580c5800 JavaThread "Signal Dispatcher" daemon [_thread_blocked, id=8791, stack(0x00007f643860d000,0x00007f643870e000)]
  0x00007f64580c8000 JavaThread "C2 CompilerThread0" daemon [_thread_blocked, id=8792, stack(0x00007f643850c000,0x00007f643860d000)]
  0x00007f64580ca000 JavaThread "C1 CompilerThread0" daemon [_thread_blocked, id=8793, stack(0x00007f643840b000,0x00007f643850c000)]
  0x00007f64580cc000 JavaThread "Sweeper thread" daemon [_thread_blocked, id=8794, stack(0x00007f643830a000,0x00007f643840b000)]
  0x00007f64580fa800 JavaThread "Service Thread" daemon [_thread_blocked, id=8795, stack(0x00007f6438209000,0x00007f643830a000)]
  0x00007f64580ff800 JavaThread "Common-Cleaner" daemon [_thread_blocked, id=8797, stack(0x00007f6438006000,0x00007f6438107000)]
  0x00007f6458452800 JavaThread "Exec Default Executor" daemon [_thread_blocked, id=8799, stack(0x00007f641abd4000,0x00007f641acd5000)]
  0x00007f63f800c800 JavaThread "process reaper" daemon [_thread_in_native, id=8801, stack(0x00007f645c036000,0x00007f645c058000)]
  0x00007f63f8010800 JavaThread "Exec Stream Pumper" daemon [_thread_in_native, id=8802, stack(0x00007f641aad3000,0x00007f641abd4000)]
  0x00007f63f8011000 JavaThread "Exec Stream Pumper" daemon [_thread_in_native, id=8803, stack(0x00007f641a9d2000,0x00007f641aad3000)]
  0x00007f64584bc800 JavaThread "ForkJoinPool.commonPool-worker-3" daemon [_thread_blocked, id=8810, stack(0x00007f641a8d1000,0x00007f641a9d2000)]
  0x00007f645851f800 JavaThread "OkHttp ConnectionPool" daemon [_thread_blocked, id=8811, stack(0x00007f641a5d0000,0x00007f641a6d1000)]
  0x00007f6458521000 JavaThread "Okio Watchdog" daemon [_thread_blocked, id=8812, stack(0x00007f641a4cf000,0x00007f641a5d0000)]
  0x00007f6458605800 JavaThread "Java2D Disposer" daemon [_thread_blocked, id=9066, stack(0x00007f64188ea000,0x00007f64189eb000)]

Other Threads:
  0x00007f64580bb000 VMThread "VM Thread" [stack: 0x00007f6440082000,0x00007f6440182000] [id=8788]
  0x00007f64580fd000 WatcherThread [stack: 0x00007f6438109000,0x00007f6438209000] [id=8796]
  0x00007f645802f000 GCTaskThread "GC Thread#0" [stack: 0x00007f645da45000,0x00007f645db45000] [id=8783]
  0x00007f6428001000 GCTaskThread "GC Thread#1" [stack: 0x00007f641acd7000,0x00007f641add7000] [id=8798]
  0x00007f6458049800 ConcurrentGCThread "G1 Main Marker" [stack: 0x00007f645c0b5000,0x00007f645c1b5000] [id=8784]
  0x00007f645804b800 ConcurrentGCThread "G1 Conc#0" [stack: 0x00007f644080d000,0x00007f644090d000] [id=8785]
  0x00007f645808d000 ConcurrentGCThread "G1 Refine#0" [stack: 0x00007f6440307000,0x00007f6440407000] [id=8786]
  0x00007f645808f000 ConcurrentGCThread "G1 Young RemSet Sampling" [stack: 0x00007f6440205000,0x00007f6440305000] [id=8787]

Threads with active compile tasks:

VM state:not at safepoint (normal execution)

VM Mutex/Monitor currently owned by a thread: None

Heap address: 0x00000000c4400000, size: 956 MB, Compressed Oops mode: 32-bit
Narrow klass base: 0x0000000800000000, Narrow klass shift: 3
Compressed class space size: 1073741824 Address: 0x0000000840000000

Heap:
 garbage-first heap   total 63488K, used 25084K [0x00000000c4400000, 0x0000000100000000)
  region size 1024K, 22 young (22528K), 1 survivors (1024K)
 Metaspace       used 14302K, capacity 14882K, committed 15104K, reserved 1062912K
  class space    used 1742K, capacity 1955K, committed 2048K, reserved 1048576K
Heap Regions: E=young(eden), S=young(survivor), O=old, HS=humongous(starts), HC=humongous(continues), CS=collection set, F=free, A=archive, TAMS=top-at-mark-start (previous, next)
|   0|0x00000000c4400000, 0x00000000c4500000, 0x00000000c4500000|100%| O|  |TAMS 0x00000000c4400000, 0x00000000c4400000| Untracked 
|   1|0x00000000c4500000, 0x00000000c4600000, 0x00000000c4600000|100%| O|  |TAMS 0x00000000c4500000, 0x00000000c4500000| Untracked 
|   2|0x00000000c4600000, 0x00000000c4700000, 0x00000000c4700000|100%| O|  |TAMS 0x00000000c4600000, 0x00000000c4600000| Untracked 
|   3|0x00000000c4700000, 0x00000000c47f9e00, 0x00000000c4800000| 97%| O|  |TAMS 0x00000000c4700000, 0x00000000c4700000| Untracked 
|   4|0x00000000c4800000, 0x00000000c4800000, 0x00000000c4900000|  0%| F|  |TAMS 0x00000000c4800000, 0x00000000c4800000| Untracked 
|   5|0x00000000c4900000, 0x00000000c4900000, 0x00000000c4a00000|  0%| F|  |TAMS 0x00000000c4900000, 0x00000000c4900000| Untracked 
|   6|0x00000000c4a00000, 0x00000000c4a00000, 0x00000000c4b00000|  0%| F|  |TAMS 0x00000000c4a00000, 0x00000000c4a00000| Untracked 
|   7|0x00000000c4b00000, 0x00000000c4b00000, 0x00000000c4c00000|  0%| F|  |TAMS 0x00000000c4b00000, 0x00000000c4b00000| Untracked 
|   8|0x00000000c4c00000, 0x00000000c4c00000, 0x00000000c4d00000|  0%| F|  |TAMS 0x00000000c4c00000, 0x00000000c4c00000| Untracked 
|   9|0x00000000c4d00000, 0x00000000c4d00000, 0x00000000c4e00000|  0%| F|  |TAMS 0x00000000c4d00000, 0x00000000c4d00000| Untracked 
|  10|0x00000000c4e00000, 0x00000000c4e00000, 0x00000000c4f00000|  0%| F|  |TAMS 0x00000000c4e00000, 0x00000000c4e00000| Untracked 
|  11|0x00000000c4f00000, 0x00000000c4f00000, 0x00000000c5000000|  0%| F|  |TAMS 0x00000000c4f00000, 0x00000000c4f00000| Untracked 
|  12|0x00000000c5000000, 0x00000000c5000000, 0x00000000c5100000|  0%| F|  |TAMS 0x00000000c5000000, 0x00000000c5000000| Untracked 
|  13|0x00000000c5100000, 0x00000000c5100000, 0x00000000c5200000|  0%| F|  |TAMS 0x00000000c5100000, 0x00000000c5100000| Untracked 
|  14|0x00000000c5200000, 0x00000000c5200000, 0x00000000c5300000|  0%| F|  |TAMS 0x00000000c5200000, 0x00000000c5200000| Untracked 
|  15|0x00000000c5300000, 0x00000000c5300000, 0x00000000c5400000|  0%| F|  |TAMS 0x00000000c5300000, 0x00000000c5300000| Untracked 
|  16|0x00000000c5400000, 0x00000000c5400000, 0x00000000c5500000|  0%| F|  |TAMS 0x00000000c5400000, 0x00000000c5400000| Untracked 
|  17|0x00000000c5500000, 0x00000000c5500000, 0x00000000c5600000|  0%| F|  |TAMS 0x00000000c5500000, 0x00000000c5500000| Untracked 
|  18|0x00000000c5600000, 0x00000000c5600000, 0x00000000c5700000|  0%| F|  |TAMS 0x00000000c5600000, 0x00000000c5600000| Untracked 
|  19|0x00000000c5700000, 0x00000000c5700000, 0x00000000c5800000|  0%| F|  |TAMS 0x00000000c5700000, 0x00000000c5700000| Untracked 
|  20|0x00000000c5800000, 0x00000000c5800000, 0x00000000c5900000|  0%| F|  |TAMS 0x00000000c5800000, 0x00000000c5800000| Untracked 
|  21|0x00000000c5900000, 0x00000000c5900000, 0x00000000c5a00000|  0%| F|  |TAMS 0x00000000c5900000, 0x00000000c5900000| Untracked 
|  22|0x00000000c5a00000, 0x00000000c5a00000, 0x00000000c5b00000|  0%| F|  |TAMS 0x00000000c5a00000, 0x00000000c5a00000| Untracked 
|  23|0x00000000c5b00000, 0x00000000c5b00000, 0x00000000c5c00000|  0%| F|  |TAMS 0x00000000c5b00000, 0x00000000c5b00000| Untracked 
|  24|0x00000000c5c00000, 0x00000000c5c00000, 0x00000000c5d00000|  0%| F|  |TAMS 0x00000000c5c00000, 0x00000000c5c00000| Untracked 
|  25|0x00000000c5d00000, 0x00000000c5d00000, 0x00000000c5e00000|  0%| F|  |TAMS 0x00000000c5d00000, 0x00000000c5d00000| Untracked 
|  26|0x00000000c5e00000, 0x00000000c5e00000, 0x00000000c5f00000|  0%| F|  |TAMS 0x00000000c5e00000, 0x00000000c5e00000| Untracked 
|  27|0x00000000c5f00000, 0x00000000c5f00000, 0x00000000c6000000|  0%| F|  |TAMS 0x00000000c5f00000, 0x00000000c5f00000| Untracked 
|  28|0x00000000c6000000, 0x00000000c6000000, 0x00000000c6100000|  0%| F|  |TAMS 0x00000000c6000000, 0x00000000c6000000| Untracked 
|  29|0x00000000c6100000, 0x00000000c6100000, 0x00000000c6200000|  0%| F|  |TAMS 0x00000000c6100000, 0x00000000c6100000| Untracked 
|  30|0x00000000c6200000, 0x00000000c6200000, 0x00000000c6300000|  0%| F|  |TAMS 0x00000000c6200000, 0x00000000c6200000| Untracked 
|  31|0x00000000c6300000, 0x00000000c6300000, 0x00000000c6400000|  0%| F|  |TAMS 0x00000000c6300000, 0x00000000c6300000| Untracked 
|  32|0x00000000c6400000, 0x00000000c6400000, 0x00000000c6500000|  0%| F|  |TAMS 0x00000000c6400000, 0x00000000c6400000| Untracked 
|  33|0x00000000c6500000, 0x00000000c6500000, 0x00000000c6600000|  0%| F|  |TAMS 0x00000000c6500000, 0x00000000c6500000| Untracked 
|  34|0x00000000c6600000, 0x00000000c6600000, 0x00000000c6700000|  0%| F|  |TAMS 0x00000000c6600000, 0x00000000c6600000| Untracked 
|  35|0x00000000c6700000, 0x00000000c6700000, 0x00000000c6800000|  0%| F|  |TAMS 0x00000000c6700000, 0x00000000c6700000| Untracked 
|  36|0x00000000c6800000, 0x00000000c6800000, 0x00000000c6900000|  0%| F|  |TAMS 0x00000000c6800000, 0x00000000c6800000| Untracked 
|  37|0x00000000c6900000, 0x00000000c6900000, 0x00000000c6a00000|  0%| F|  |TAMS 0x00000000c6900000, 0x00000000c6900000| Untracked 
|  38|0x00000000c6a00000, 0x00000000c6a74758, 0x00000000c6b00000| 45%| E|  |TAMS 0x00000000c6a00000, 0x00000000c6a00000| Complete 
|  39|0x00000000c6b00000, 0x00000000c6c00000, 0x00000000c6c00000|100%| E|CS|TAMS 0x00000000c6b00000, 0x00000000c6b00000| Complete 
|  40|0x00000000c6c00000, 0x00000000c6d00000, 0x00000000c6d00000|100%| E|CS|TAMS 0x00000000c6c00000, 0x00000000c6c00000| Complete 
|  41|0x00000000c6d00000, 0x00000000c6e00000, 0x00000000c6e00000|100%| E|CS|TAMS 0x00000000c6d00000, 0x00000000c6d00000| Complete 
|  42|0x00000000c6e00000, 0x00000000c6f00000, 0x00000000c6f00000|100%| E|CS|TAMS 0x00000000c6e00000, 0x00000000c6e00000| Complete 
|  43|0x00000000c6f00000, 0x00000000c7000000, 0x00000000c7000000|100%| E|CS|TAMS 0x00000000c6f00000, 0x00000000c6f00000| Complete 
|  44|0x00000000c7000000, 0x00000000c7100000, 0x00000000c7100000|100%| E|CS|TAMS 0x00000000c7000000, 0x00000000c7000000| Complete 
|  45|0x00000000c7100000, 0x00000000c7200000, 0x00000000c7200000|100%| E|CS|TAMS 0x00000000c7100000, 0x00000000c7100000| Complete 
|  46|0x00000000c7200000, 0x00000000c7300000, 0x00000000c7300000|100%| E|CS|TAMS 0x00000000c7200000, 0x00000000c7200000| Complete 
|  47|0x00000000c7300000, 0x00000000c7400000, 0x00000000c7400000|100%| E|CS|TAMS 0x00000000c7300000, 0x00000000c7300000| Complete 
|  48|0x00000000c7400000, 0x00000000c7500000, 0x00000000c7500000|100%| E|CS|TAMS 0x00000000c7400000, 0x00000000c7400000| Complete 
|  49|0x00000000c7500000, 0x00000000c7600000, 0x00000000c7600000|100%| E|CS|TAMS 0x00000000c7500000, 0x00000000c7500000| Complete 
|  50|0x00000000c7600000, 0x00000000c7700000, 0x00000000c7700000|100%| E|CS|TAMS 0x00000000c7600000, 0x00000000c7600000| Complete 
|  51|0x00000000c7700000, 0x00000000c77d42f8, 0x00000000c7800000| 82%| S|CS|TAMS 0x00000000c7700000, 0x00000000c7700000| Complete 
|  52|0x00000000c7800000, 0x00000000c7900000, 0x00000000c7900000|100%| E|CS|TAMS 0x00000000c7800000, 0x00000000c7800000| Complete 
|  53|0x00000000c7900000, 0x00000000c7a00000, 0x00000000c7a00000|100%| E|CS|TAMS 0x00000000c7900000, 0x00000000c7900000| Complete 
|  54|0x00000000c7a00000, 0x00000000c7b00000, 0x00000000c7b00000|100%| E|  |TAMS 0x00000000c7a00000, 0x00000000c7a00000| Complete 
|  55|0x00000000c7b00000, 0x00000000c7c00000, 0x00000000c7c00000|100%| E|CS|TAMS 0x00000000c7b00000, 0x00000000c7b00000| Complete 
|  56|0x00000000c7c00000, 0x00000000c7d00000, 0x00000000c7d00000|100%| E|CS|TAMS 0x00000000c7c00000, 0x00000000c7c00000| Complete 
|  57|0x00000000c7d00000, 0x00000000c7e00000, 0x00000000c7e00000|100%| E|CS|TAMS 0x00000000c7d00000, 0x00000000c7d00000| Complete 
|  58|0x00000000c7e00000, 0x00000000c7f00000, 0x00000000c7f00000|100%| E|CS|TAMS 0x00000000c7e00000, 0x00000000c7e00000| Complete 
|  59|0x00000000c7f00000, 0x00000000c8000000, 0x00000000c8000000|100%| E|CS|TAMS 0x00000000c7f00000, 0x00000000c7f00000| Complete 
| 954|0x00000000ffe00000, 0x00000000ffe47000, 0x00000000fff00000| 27%|OA|  |TAMS 0x00000000ffe00000, 0x00000000ffe00000| Untracked 
| 955|0x00000000fff00000, 0x00000000fff6a000, 0x0000000100000000| 41%|CA|  |TAMS 0x00000000fff00000, 0x00000000fff00000| Untracked 

Card table byte_map: [0x00007f645d283000,0x00007f645d461000] _byte_map_base: 0x00007f645cc61000

Marking Bits (Prev, Next): (CMBitMap*) 0x00007f6458045008, (CMBitMap*) 0x00007f6458045040
 Prev Bits: [0x00007f645c1b5000, 0x00007f645d0a5000)
 Next Bits: [0x00007f643b110000, 0x00007f643c000000)

Polling page: 0x00007f6461b7a000

Metaspace:

Usage:
  Non-class:     12.62 MB capacity,    12.27 MB ( 97%) used,   313.59 KB (  2%) free+waste,    52.88 KB ( <1%) overhead. 
      Class:      1.91 MB capacity,     1.70 MB ( 89%) used,   185.20 KB (  9%) free+waste,    27.75 KB (  1%) overhead. 
       Both:     14.53 MB capacity,    13.97 MB ( 96%) used,   498.79 KB (  3%) free+waste,    80.62 KB ( <1%) overhead. 

Virtual space:
  Non-class space:       14.00 MB reserved,      12.75 MB ( 91%) committed 
      Class space:        1.00 GB reserved,       2.00 MB ( <1%) committed 
             Both:        1.01 GB reserved,      14.75 MB (  1%) committed 

Chunk freelists:
   Non-Class:  121.00 KB
       Class:  29.00 KB
        Both:  150.00 KB

MaxMetaspaceSize: unlimited
CompressedClassSpaceSize: 1.00 GB

CodeHeap 'non-profiled nmethods': size=120032Kb used=611Kb max_used=611Kb free=119420Kb
 bounds [0x00007f64483d5000, 0x00007f6448645000, 0x00007f644f90d000]
CodeHeap 'profiled nmethods': size=120032Kb used=3778Kb max_used=3778Kb free=116253Kb
 bounds [0x00007f6440e9d000, 0x00007f644125d000, 0x00007f64483d5000]
CodeHeap 'non-nmethods': size=5696Kb used=1168Kb max_used=1182Kb free=4527Kb
 bounds [0x00007f644090d000, 0x00007f6440b7d000, 0x00007f6440e9d000]
 total_blobs=2760 nmethods=1837 adapters=426
 compilation: enabled
              stopped_count=0, restarted_count=0
 full_count=0

Compilation events (20 events):
Event: 14.592 Thread 0x00007f64580ca000 1829       3       java.lang.Integer::compareTo (12 bytes)
Event: 14.592 Thread 0x00007f64580ca000 nmethod 1829 0x00007f644124a910 code [0x00007f644124aae0, 0x00007f644124ad70]
Event: 14.592 Thread 0x00007f64580ca000 1830       3       java.lang.Integer::compare (20 bytes)
Event: 14.592 Thread 0x00007f64580ca000 nmethod 1830 0x00007f644124ae90 code [0x00007f644124b040, 0x00007f644124b230]
Event: 14.592 Thread 0x00007f64580ca000 1831       3       java.util.TreeMap::rotateLeft (96 bytes)
Event: 14.592 Thread 0x00007f64580ca000 nmethod 1831 0x00007f644124b290 code [0x00007f644124b480, 0x00007f644124ba10]
Event: 14.593 Thread 0x00007f64580ca000 1832  s    3       java.util.Vector::elementAt (48 bytes)
Event: 14.594 Thread 0x00007f64580ca000 nmethod 1832 0x00007f644124bb10 code [0x00007f644124bda0, 0x00007f644124ca28]
Event: 14.594 Thread 0x00007f64580ca000 1833       3       javax.imageio.stream.ImageInputStreamImpl::checkClosed (18 bytes)
Event: 14.595 Thread 0x00007f64580ca000 nmethod 1833 0x00007f644124ce10 code [0x00007f644124cfe0, 0x00007f644124d268]
Event: 14.603 Thread 0x00007f64580ca000 1834       1       javax.imageio.plugins.tiff.TIFFTag::getNumber (5 bytes)
Event: 14.603 Thread 0x00007f64580ca000 nmethod 1834 0x00007f644846d390 code [0x00007f644846d540, 0x00007f644846d670]
Event: 14.603 Thread 0x00007f64580ca000 1835       1       javax.imageio.plugins.tiff.TIFFTag::getName (5 bytes)
Event: 14.603 Thread 0x00007f64580ca000 nmethod 1835 0x00007f644846d710 code [0x00007f644846d8c0, 0x00007f644846d9f0]
Event: 14.605 Thread 0x00007f64580ca000 1836       3       java.lang.Math::max (12 bytes)
Event: 14.605 Thread 0x00007f64580ca000 nmethod 1836 0x00007f644124d310 code [0x00007f644124d4c0, 0x00007f644124d650]
Event: 14.606 Thread 0x00007f64580ca000 1837       1       java.awt.image.SampleModel::getNumBands (5 bytes)
Event: 14.606 Thread 0x00007f64580ca000 nmethod 1837 0x00007f644846da90 code [0x00007f644846dc40, 0x00007f644846dd70]
Event: 14.606 Thread 0x00007f64580ca000 1838       3       java.lang.Math::min (12 bytes)
Event: 14.607 Thread 0x00007f64580ca000 nmethod 1838 0x00007f644124d710 code [0x00007f644124d8c0, 0x00007f644124da50]

GC Heap History (4 events):
Event: 0.891 GC heap before
{Heap before GC invocations=0 (full 0):
 garbage-first heap   total 63488K, used 15044K [0x00000000c4400000, 0x0000000100000000)
  region size 1024K, 14 young (14336K), 0 survivors (0K)
 Metaspace       used 5132K, capacity 5982K, committed 6144K, reserved 1056768K
  class space    used 572K, capacity 651K, committed 768K, reserved 1048576K
}
Event: 0.902 GC heap after
{Heap after GC invocations=1 (full 0):
 garbage-first heap   total 63488K, used 4587K [0x00000000c4400000, 0x0000000100000000)
  region size 1024K, 2 young (2048K), 2 survivors (2048K)
 Metaspace       used 5132K, capacity 5982K, committed 6144K, reserved 1056768K
  class space    used 572K, capacity 651K, committed 768K, reserved 1048576K
}
Event: 1.177 GC heap before
{Heap before GC invocations=1 (full 0):
 garbage-first heap   total 63488K, used 12779K [0x00000000c4400000, 0x0000000100000000)
  region size 1024K, 10 young (10240K), 2 survivors (2048K)
 Metaspace       used 7594K, capacity 7987K, committed 8320K, reserved 1056768K
  class space    used 904K, capacity 1032K, committed 1152K, reserved 1048576K
}
Event: 1.189 GC heap after
{Heap after GC invocations=2 (full 0):
 garbage-first heap   total 63488K, used 5628K [0x00000000c4400000, 0x0000000100000000)
  region size 1024K, 1 young (1024K), 1 survivors (1024K)
 Metaspace       used 7594K, capacity 7987K, committed 8320K, reserved 1056768K
  class space    used 904K, capacity 1032K, committed 1152K, reserved 1048576K
}

Deoptimization events (20 events):
Event: 13.762 Thread 0x00007f6458016800 Uncommon trap: trap_request=0xffffffde fr.pc=0x00007f644841109c relative=0x0000000000000d7c
Event: 13.762 Thread 0x00007f6458016800 Uncommon trap: reason=class_check action=maybe_recompile pc=0x00007f644841109c method=java.util.HashMap.putVal(ILjava/lang/Object;Ljava/lang/Object;ZZ)Ljava/lang/Object; @ 91 c2
Event: 13.762 Thread 0x00007f6458016800 DEOPT PACKING pc=0x00007f644841109c sp=0x00007f6461b58590
Event: 13.762 Thread 0x00007f6458016800 DEOPT UNPACKING pc=0x00007f64409359a5 sp=0x00007f6461b58530 mode 2
Event: 13.762 Thread 0x00007f6458016800 Uncommon trap: trap_request=0xffffffde fr.pc=0x00007f644841109c relative=0x0000000000000d7c
Event: 13.762 Thread 0x00007f6458016800 Uncommon trap: reason=class_check action=maybe_recompile pc=0x00007f644841109c method=java.util.HashMap.putVal(ILjava/lang/Object;Ljava/lang/Object;ZZ)Ljava/lang/Object; @ 91 c2
Event: 13.762 Thread 0x00007f6458016800 DEOPT PACKING pc=0x00007f644841109c sp=0x00007f6461b58580
Event: 13.762 Thread 0x00007f6458016800 DEOPT UNPACKING pc=0x00007f64409359a5 sp=0x00007f6461b58520 mode 2
Event: 13.763 Thread 0x00007f6458016800 Uncommon trap: trap_request=0xffffffde fr.pc=0x00007f644841109c relative=0x0000000000000d7c
Event: 13.763 Thread 0x00007f6458016800 Uncommon trap: reason=class_check action=maybe_recompile pc=0x00007f644841109c method=java.util.HashMap.putVal(ILjava/lang/Object;Ljava/lang/Object;ZZ)Ljava/lang/Object; @ 91 c2
Event: 13.763 Thread 0x00007f6458016800 DEOPT PACKING pc=0x00007f644841109c sp=0x00007f6461b585a0
Event: 13.763 Thread 0x00007f6458016800 DEOPT UNPACKING pc=0x00007f64409359a5 sp=0x00007f6461b58540 mode 2
Event: 13.763 Thread 0x00007f6458016800 Uncommon trap: trap_request=0xffffffde fr.pc=0x00007f644841109c relative=0x0000000000000d7c
Event: 13.763 Thread 0x00007f6458016800 Uncommon trap: reason=class_check action=maybe_recompile pc=0x00007f644841109c method=java.util.HashMap.putVal(ILjava/lang/Object;Ljava/lang/Object;ZZ)Ljava/lang/Object; @ 91 c2
Event: 13.763 Thread 0x00007f6458016800 DEOPT PACKING pc=0x00007f644841109c sp=0x00007f6461b585a0
Event: 13.763 Thread 0x00007f6458016800 DEOPT UNPACKING pc=0x00007f64409359a5 sp=0x00007f6461b58540 mode 2
Event: 13.771 Thread 0x00007f6458016800 Uncommon trap: trap_request=0xffffff4d fr.pc=0x00007f6448469254 relative=0x0000000000000194
Event: 13.771 Thread 0x00007f6458016800 Uncommon trap: reason=unstable_if action=reinterpret pc=0x00007f6448469254 method=java.util.HashMap.getNode(ILjava/lang/Object;)Ljava/util/HashMap$Node; @ 129 c2
Event: 13.771 Thread 0x00007f6458016800 DEOPT PACKING pc=0x00007f6448469254 sp=0x00007f6461b584f0
Event: 13.771 Thread 0x00007f6458016800 DEOPT UNPACKING pc=0x00007f64409359a5 sp=0x00007f6461b58410 mode 2

Classes redefined (0 events):
No events

Internal exceptions (20 events):
Event: 10.261 Thread 0x00007f6458016800 Exception <a 'java/net/SocketTimeoutException'{0x00000000c78fee90}: Read timed out> (0x00000000c78fee90) thrown at [./src/hotspot/share/prims/jni.cpp, line 636]
Event: 10.306 Thread 0x00007f6458016800 Exception <a 'java/net/SocketTimeoutException'{0x00000000c751f338}: Read timed out> (0x00000000c751f338) thrown at [./src/hotspot/share/prims/jni.cpp, line 636]
Event: 10.324 Thread 0x00007f6458016800 Exception <a 'java/net/SocketTimeoutException'{0x00000000c7535a20}: Read timed out> (0x00000000c7535a20) thrown at [./src/hotspot/share/prims/jni.cpp, line 636]
Event: 10.420 Thread 0x00007f6458016800 Exception <a 'java/net/SocketTimeoutException'{0x00000000c757f760}: Read timed out> (0x00000000c757f760) thrown at [./src/hotspot/share/prims/jni.cpp, line 636]
Event: 10.650 Thread 0x00007f6458016800 Exception <a 'java/net/SocketTimeoutException'{0x00000000c7590238}: Read timed out> (0x00000000c7590238) thrown at [./src/hotspot/share/prims/jni.cpp, line 636]
Event: 10.665 Thread 0x00007f6458016800 Exception <a 'java/net/SocketTimeoutException'{0x00000000c75bc250}: Read timed out> (0x00000000c75bc250) thrown at [./src/hotspot/share/prims/jni.cpp, line 636]
Event: 10.693 Thread 0x00007f6458016800 Exception <a 'java/net/SocketTimeoutException'{0x00000000c75ccaa0}: Read timed out> (0x00000000c75ccaa0) thrown at [./src/hotspot/share/prims/jni.cpp, line 636]
Event: 10.709 Thread 0x00007f6458016800 Exception <a 'java/net/SocketTimeoutException'{0x00000000c75e6a80}: Read timed out> (0x00000000c75e6a80) thrown at [./src/hotspot/share/prims/jni.cpp, line 636]
Event: 10.731 Thread 0x00007f6458016800 Exception <a 'java/net/SocketTimeoutException'{0x00000000c75f7448}: Read timed out> (0x00000000c75f7448) thrown at [./src/hotspot/share/prims/jni.cpp, line 636]
Event: 11.269 Thread 0x00007f6458016800 Exception <a 'java/lang/ClassNotFoundException'{0x00000000c73b1d90}: javax/smartcardio/CardPermission> (0x00000000c73b1d90) thrown at [./src/hotspot/share/classfile/systemDictionary.cpp, line 231]
Event: 11.350 Thread 0x00007f6458016800 Exception <a 'java/io/FileNotFoundException'{0x00000000c73beca8}> (0x00000000c73beca8) thrown at [./src/hotspot/share/prims/jni.cpp, line 615]
Event: 11.753 Thread 0x00007f6458016800 Exception <a 'java/lang/ClassNotFoundException'{0x00000000c71462e0}: sun/awt/resources/spi/awtProvider> (0x00000000c71462e0) thrown at [./src/hotspot/share/classfile/systemDictionary.cpp, line 231]
Event: 12.094 Thread 0x00007f6458016800 Exception <a 'java/io/FileNotFoundException'{0x00000000c718b5a0}> (0x00000000c718b5a0) thrown at [./src/hotspot/share/prims/jni.cpp, line 615]
Event: 12.108 Thread 0x00007f6458016800 Exception <a 'java/lang/NoSuchMethodError'{0x00000000c71e6100}: 'java.lang.Object java.lang.invoke.DirectMethodHandle$Holder.invokeStatic(java.lang.Object, java.lang.Object, java.lang.Object, java.lang.Object, java.lang.Object, java.lang.Object, java.lang.Object, java.lang.Object, java.lang.Object, java.lang.Object, java.lang.Object, java.lang.Object, java.lang.Object, java.lang.Object, java.lang.Object)'> (0x00000000c71e6100) thrown at [./src/hotspot/share/interpreter/linkResolver.cpp, line 773]
Event: 12.111 Thread 0x00007f6458016800 Exception <a 'java/lang/NoSuchMethodError'{0x00000000c71f3cb0}: 'java.lang.Object java.lang.invoke.DirectMethodHandle$Holder.invokeStatic(java.lang.Object, java.lang.Object, java.lang.Object, java.lang.Object, java.lang.Object, java.lang.Object, java.lang.Object, java.lang.Object, java.lang.Object, java.lang.Object, java.lang.Object, java.lang.Object, java.lang.Object, java.lang.Object, java.lang.Object, java.lang.Object)'> (0x00000000c71f3cb0) thrown at [./src/hotspot/share/interpreter/linkResolver.cpp, l
Event: 12.112 Thread 0x00007f6458016800 Exception <a 'java/lang/NoSuchMethodError'{0x00000000c7001db0}: 'java.lang.Object java.lang.invoke.DirectMethodHandle$Holder.invokeSpecial(java.lang.Object, java.lang.Object, int, int, java.lang.Object, java.lang.Object, java.lang.Object)'> (0x00000000c7001db0) thrown at [./src/hotspot/share/interpreter/linkResolver.cpp, line 773]
Event: 12.113 Thread 0x00007f6458016800 Exception <a 'java/lang/NoSuchMethodError'{0x00000000c7005340}: 'java.lang.Object java.lang.invoke.DelegatingMethodHandle$Holder.reinvoke_L(java.lang.Object, int, int, java.lang.Object, java.lang.Object, java.lang.Object)'> (0x00000000c7005340) thrown at [./src/hotspot/share/interpreter/linkResolver.cpp, line 773]
Event: 12.113 Thread 0x00007f6458016800 Exception <a 'java/lang/NoSuchMethodError'{0x00000000c7009318}: 'java.lang.Object java.lang.invoke.DirectMethodHandle$Holder.invokeStatic(java.lang.Object, java.lang.Object, java.lang.Object, java.lang.Object, int)'> (0x00000000c7009318) thrown at [./src/hotspot/share/interpreter/linkResolver.cpp, line 773]
Event: 12.639 Thread 0x00007f6458016800 Exception <a 'java/lang/UnsatisfiedLinkError'{0x00000000c6d407c8}: libtesseract.so: cannot open shared object file: No such file or directory> (0x00000000c6d407c8) thrown at [./src/hotspot/share/prims/jni.cpp, line 636]
Event: 12.639 Thread 0x00007f6458016800 Exception <a 'java/lang/UnsatisfiedLinkError'{0x00000000c6d412d8}: libtesseract.so: cannot open shared object file: No such file or directory> (0x00000000c6d412d8) thrown at [./src/hotspot/share/prims/jni.cpp, line 636]

Events (20 events):
Event: 14.604 loading class javax/imageio/plugins/tiff/GeoTIFFTagSet$ModelTransformation
Event: 14.604 loading class javax/imageio/plugins/tiff/GeoTIFFTagSet$ModelTransformation done
Event: 14.604 loading class javax/imageio/plugins/tiff/GeoTIFFTagSet$ModelTiepoint
Event: 14.604 loading class javax/imageio/plugins/tiff/GeoTIFFTagSet$ModelTiepoint done
Event: 14.604 loading class javax/imageio/plugins/tiff/GeoTIFFTagSet$GeoKeyDirectory
Event: 14.604 loading class javax/imageio/plugins/tiff/GeoTIFFTagSet$GeoKeyDirectory done
Event: 14.604 loading class javax/imageio/plugins/tiff/GeoTIFFTagSet$GeoDoubleParams
Event: 14.604 loading class javax/imageio/plugins/tiff/GeoTIFFTagSet$GeoDoubleParams done
Event: 14.604 loading class javax/imageio/plugins/tiff/GeoTIFFTagSet$GeoAsciiParams
Event: 14.604 loading class javax/imageio/plugins/tiff/GeoTIFFTagSet$GeoAsciiParams done
Event: 14.605 loading class com/sun/imageio/plugins/tiff/TIFFIFD$TIFFIFDEntry
Event: 14.605 loading class com/sun/imageio/plugins/tiff/TIFFIFD$TIFFIFDEntry done
Event: 14.605 loading class com/sun/imageio/plugins/tiff/TIFFDecompressor
Event: 14.605 loading class com/sun/imageio/plugins/tiff/TIFFDecompressor done
Event: 14.606 loading class com/sun/imageio/plugins/tiff/TIFFNullDecompressor
Event: 14.606 loading class com/sun/imageio/plugins/tiff/TIFFNullDecompressor done
Event: 14.607 loading class java/lang/StrictMath
Event: 14.607 loading class java/lang/StrictMath done
Event: 14.607 loading class com/sun/jna/Native$Buffers
Event: 14.607 loading class com/sun/jna/Native$Buffers done


Dynamic libraries:
c4400000-c8000000 rw-p 00000000 00:00 0 
c8000000-ffe00000 ---p 00000000 00:00 0 
ffe00000-ffe47000 rw-p 0110b000 08:01 12456481                           /usr/lib/jvm/java-11-openjdk-amd64/lib/server/classes.jsa
ffe47000-fff00000 rw-p 00000000 00:00 0 
fff00000-fff6a000 rw-p 010a1000 08:01 12456481                           /usr/lib/jvm/java-11-openjdk-amd64/lib/server/classes.jsa
fff6a000-100000000 rw-p 00000000 00:00 0 
800000000-800002000 rwxp 00001000 08:01 12456481                         /usr/lib/jvm/java-11-openjdk-amd64/lib/server/classes.jsa
800002000-8003b8000 rw-p 00003000 08:01 12456481                         /usr/lib/jvm/java-11-openjdk-amd64/lib/server/classes.jsa
8003b8000-800a93000 r--p 003b9000 08:01 12456481                         /usr/lib/jvm/java-11-openjdk-amd64/lib/server/classes.jsa
800a93000-800a94000 rw-p 00a94000 08:01 12456481                         /usr/lib/jvm/java-11-openjdk-amd64/lib/server/classes.jsa
800a94000-8010a0000 r--p 00a95000 08:01 12456481                         /usr/lib/jvm/java-11-openjdk-amd64/lib/server/classes.jsa
840000000-840200000 rw-p 00000000 00:00 0 
840200000-880000000 ---p 00000000 00:00 0 
55a628725000-55a628726000 r-xp 00000000 08:01 12455190                   /usr/lib/jvm/java-11-openjdk-amd64/bin/java
55a628926000-55a628927000 r--p 00001000 08:01 12455190                   /usr/lib/jvm/java-11-openjdk-amd64/bin/java
55a628927000-55a628928000 rw-p 00002000 08:01 12455190                   /usr/lib/jvm/java-11-openjdk-amd64/bin/java
55a62a29b000-55a62a2bc000 rw-p 00000000 00:00 0                          [heap]
7f63d4000000-7f63d4021000 rw-p 00000000 00:00 0 
7f63d4021000-7f63d8000000 ---p 00000000 00:00 0 
7f63da562000-7f63da622000 rw-p 00000000 00:00 0 
7f63da622000-7f63da762000 ---p 00000000 00:00 0 
7f63da762000-7f63da76d000 r-xp 00000000 08:01 6562053                    /usr/lib/x86_64-linux-gnu/libjbig.so.0
7f63da76d000-7f63da96c000 ---p 0000b000 08:01 6562053                    /usr/lib/x86_64-linux-gnu/libjbig.so.0
7f63da96c000-7f63da96d000 r--p 0000a000 08:01 6562053                    /usr/lib/x86_64-linux-gnu/libjbig.so.0
7f63da96d000-7f63da970000 rw-p 0000b000 08:01 6562053                    /usr/lib/x86_64-linux-gnu/libjbig.so.0
7f63da970000-7f63da994000 r-xp 00000000 08:01 9966594                    /lib/x86_64-linux-gnu/liblzma.so.5.2.2
7f63da994000-7f63dab94000 ---p 00024000 08:01 9966594                    /lib/x86_64-linux-gnu/liblzma.so.5.2.2
7f63dab94000-7f63dab95000 r--p 00024000 08:01 9966594                    /lib/x86_64-linux-gnu/liblzma.so.5.2.2
7f63dab95000-7f63dab96000 rw-p 00025000 08:01 9966594                    /lib/x86_64-linux-gnu/liblzma.so.5.2.2
7f63dab96000-7f63dabea000 r-xp 00000000 08:01 6555779                    /usr/lib/x86_64-linux-gnu/libopenjp2.so.2.3.0
7f63dabea000-7f63dadea000 ---p 00054000 08:01 6555779                    /usr/lib/x86_64-linux-gnu/libopenjp2.so.2.3.0
7f63dadea000-7f63dadeb000 r--p 00054000 08:01 6555779                    /usr/lib/x86_64-linux-gnu/libopenjp2.so.2.3.0
7f63dadeb000-7f63dadec000 rw-p 00055000 08:01 6555779                    /usr/lib/x86_64-linux-gnu/libopenjp2.so.2.3.0
7f63dadec000-7f63dae52000 r-xp 00000000 08:01 6562528                    /usr/lib/x86_64-linux-gnu/libwebp.so.6.0.2
7f63dae52000-7f63db051000 ---p 00066000 08:01 6562528                    /usr/lib/x86_64-linux-gnu/libwebp.so.6.0.2
7f63db051000-7f63db052000 r--p 00065000 08:01 6562528                    /usr/lib/x86_64-linux-gnu/libwebp.so.6.0.2
7f63db052000-7f63db053000 rw-p 00066000 08:01 6562528                    /usr/lib/x86_64-linux-gnu/libwebp.so.6.0.2
7f63db053000-7f63db055000 rw-p 00000000 00:00 0 
7f63db055000-7f63db0c8000 r-xp 00000000 08:01 6554686                    /usr/lib/x86_64-linux-gnu/libtiff.so.5.3.0
7f63db0c8000-7f63db2c7000 ---p 00073000 08:01 6554686                    /usr/lib/x86_64-linux-gnu/libtiff.so.5.3.0
7f63db2c7000-7f63db2cb000 r--p 00072000 08:01 6554686                    /usr/lib/x86_64-linux-gnu/libtiff.so.5.3.0
7f63db2cb000-7f63db2cc000 rw-p 00076000 08:01 6554686                    /usr/lib/x86_64-linux-gnu/libtiff.so.5.3.0
7f63db2cc000-7f63db2d4000 r-xp 00000000 08:01 6562893                    /usr/lib/x86_64-linux-gnu/libgif.so.7.0.0
7f63db2d4000-7f63db4d3000 ---p 00008000 08:01 6562893                    /usr/lib/x86_64-linux-gnu/libgif.so.7.0.0
7f63db4d3000-7f63db4d4000 r--p 00007000 08:01 6562893                    /usr/lib/x86_64-linux-gnu/libgif.so.7.0.0
7f63db4d4000-7f63db4d5000 rw-p 00008000 08:01 6562893                    /usr/lib/x86_64-linux-gnu/libgif.so.7.0.0
7f63db4d5000-7f63db53c000 r-xp 00000000 08:01 6554613                    /usr/lib/x86_64-linux-gnu/libjpeg.so.8.1.2
7f63db53c000-7f63db73b000 ---p 00067000 08:01 6554613                    /usr/lib/x86_64-linux-gnu/libjpeg.so.8.1.2
7f63db73b000-7f63db73c000 r--p 00066000 08:01 6554613                    /usr/lib/x86_64-linux-gnu/libjpeg.so.8.1.2
7f63db73c000-7f63db73d000 rw-p 00067000 08:01 6554613                    /usr/lib/x86_64-linux-gnu/libjpeg.so.8.1.2
7f63db73d000-7f63db76e000 r-xp 00000000 08:01 6562256                    /usr/lib/x86_64-linux-gnu/libpng16.so.16.34.0
7f63db76e000-7f63db96d000 ---p 00031000 08:01 6562256                    /usr/lib/x86_64-linux-gnu/libpng16.so.16.34.0
7f63db96d000-7f63db96e000 r--p 00030000 08:01 6562256                    /usr/lib/x86_64-linux-gnu/libpng16.so.16.34.0
7f63db96e000-7f63db96f000 rw-p 00031000 08:01 6562256                    /usr/lib/x86_64-linux-gnu/libpng16.so.16.34.0
7f63db96f000-7f63db99d000 r-xp 00000000 08:01 6555237                    /usr/lib/x86_64-linux-gnu/libgomp.so.1.0.0
7f63db99d000-7f63dbb9c000 ---p 0002e000 08:01 6555237                    /usr/lib/x86_64-linux-gnu/libgomp.so.1.0.0
7f63dbb9c000-7f63dbb9d000 r--p 0002d000 08:01 6555237                    /usr/lib/x86_64-linux-gnu/libgomp.so.1.0.0
7f63dbb9d000-7f63dbb9e000 rw-p 0002e000 08:01 6555237                    /usr/lib/x86_64-linux-gnu/libgomp.so.1.0.0
7f63dbb9e000-7f63dbdfa000 r-xp 00000000 08:01 6556067                    /usr/lib/x86_64-linux-gnu/liblept.so.5.0.2
7f63dbdfa000-7f63dbff9000 ---p 0025c000 08:01 6556067                    /usr/lib/x86_64-linux-gnu/liblept.so.5.0.2
7f63dbff9000-7f63dbffa000 r--p 0025b000 08:01 6556067                    /usr/lib/x86_64-linux-gnu/liblept.so.5.0.2
7f63dbffa000-7f63dc000000 rw-p 0025c000 08:01 6556067                    /usr/lib/x86_64-linux-gnu/liblept.so.5.0.2
7f63dc000000-7f63dc021000 rw-p 00000000 00:00 0 
7f63dc021000-7f63e0000000 ---p 00000000 00:00 0 
7f63e0000000-7f63e0021000 rw-p 00000000 00:00 0 
7f63e0021000-7f63e4000000 ---p 00000000 00:00 0 
7f63e4000000-7f63e4021000 rw-p 00000000 00:00 0 
7f63e4021000-7f63e8000000 ---p 00000000 00:00 0 
7f63e8000000-7f63e8021000 rw-p 00000000 00:00 0 
7f63e8021000-7f63ec000000 ---p 00000000 00:00 0 
7f63ec000000-7f63ec021000 rw-p 00000000 00:00 0 
7f63ec021000-7f63f0000000 ---p 00000000 00:00 0 
7f63f0000000-7f63f0021000 rw-p 00000000 00:00 0 
7f63f0021000-7f63f4000000 ---p 00000000 00:00 0 
7f63f4000000-7f63f4021000 rw-p 00000000 00:00 0 
7f63f4021000-7f63f8000000 ---p 00000000 00:00 0 
7f63f8000000-7f63f8021000 rw-p 00000000 00:00 0 
7f63f8021000-7f63fc000000 ---p 00000000 00:00 0 
7f63fc000000-7f63fc021000 rw-p 00000000 00:00 0 
7f63fc021000-7f6400000000 ---p 00000000 00:00 0 
7f6400000000-7f6400021000 rw-p 00000000 00:00 0 
7f6400021000-7f6404000000 ---p 00000000 00:00 0 
7f6404000000-7f6404021000 rw-p 00000000 00:00 0 
7f6404021000-7f6408000000 ---p 00000000 00:00 0 
7f6408000000-7f6408021000 rw-p 00000000 00:00 0 
7f6408021000-7f640c000000 ---p 00000000 00:00 0 
7f640c000000-7f640c7c9000 rw-p 00000000 00:00 0 
7f640c7c9000-7f6410000000 ---p 00000000 00:00 0 
7f6410000000-7f6410430000 rw-p 00000000 00:00 0 
7f6410430000-7f6414000000 ---p 00000000 00:00 0 
7f6414000000-7f6414021000 rw-p 00000000 00:00 0 
7f6414021000-7f6418000000 ---p 00000000 00:00 0 
7f641801c000-7f6418329000 r-xp 00000000 08:01 6556069                    /usr/lib/x86_64-linux-gnu/libtesseract.so.4.0.0
7f6418329000-7f6418528000 ---p 0030d000 08:01 6556069                    /usr/lib/x86_64-linux-gnu/libtesseract.so.4.0.0
7f6418528000-7f641852d000 r--p 0030c000 08:01 6556069                    /usr/lib/x86_64-linux-gnu/libtesseract.so.4.0.0
7f641852d000-7f641852e000 rw-p 00311000 08:01 6556069                    /usr/lib/x86_64-linux-gnu/libtesseract.so.4.0.0
7f641852e000-7f64187d2000 rw-p 00000000 00:00 0 
7f64187d2000-7f64187e9000 r-xp 00000000 08:01 19017213                   /tmp/jna-104583599/jna4389355238670561364.tmp (deleted)
7f64187e9000-7f64188e8000 ---p 00017000 08:01 19017213                   /tmp/jna-104583599/jna4389355238670561364.tmp (deleted)
7f64188e8000-7f64188ea000 rw-p 00016000 08:01 19017213                   /tmp/jna-104583599/jna4389355238670561364.tmp (deleted)
7f64188ea000-7f64188ee000 ---p 00000000 00:00 0 
7f64188ee000-7f64189eb000 rw-p 00000000 00:00 0 
7f64189eb000-7f64189fe000 r-xp 00000000 08:01 9961655                    /lib/x86_64-linux-gnu/libbsd.so.0.8.7
7f64189fe000-7f6418bfd000 ---p 00013000 08:01 9961655                    /lib/x86_64-linux-gnu/libbsd.so.0.8.7
7f6418bfd000-7f6418bfe000 r--p 00012000 08:01 9961655                    /lib/x86_64-linux-gnu/libbsd.so.0.8.7
7f6418bfe000-7f6418bff000 rw-p 00013000 08:01 9961655                    /lib/x86_64-linux-gnu/libbsd.so.0.8.7
7f6418bff000-7f6418c00000 rw-p 00000000 00:00 0 
7f6418c00000-7f6418c05000 r-xp 00000000 08:01 6561397                    /usr/lib/x86_64-linux-gnu/libXdmcp.so.6.0.0
7f6418c05000-7f6418e04000 ---p 00005000 08:01 6561397                    /usr/lib/x86_64-linux-gnu/libXdmcp.so.6.0.0
7f6418e04000-7f6418e05000 r--p 00004000 08:01 6561397                    /usr/lib/x86_64-linux-gnu/libXdmcp.so.6.0.0
7f6418e05000-7f6418e06000 rw-p 00005000 08:01 6561397                    /usr/lib/x86_64-linux-gnu/libXdmcp.so.6.0.0
7f6418e06000-7f6418e08000 r-xp 00000000 08:01 6561386                    /usr/lib/x86_64-linux-gnu/libXau.so.6.0.0
7f6418e08000-7f6419008000 ---p 00002000 08:01 6561386                    /usr/lib/x86_64-linux-gnu/libXau.so.6.0.0
7f6419008000-7f6419009000 r--p 00002000 08:01 6561386                    /usr/lib/x86_64-linux-gnu/libXau.so.6.0.0
7f6419009000-7f641900a000 rw-p 00003000 08:01 6561386                    /usr/lib/x86_64-linux-gnu/libXau.so.6.0.0
7f641900a000-7f6419030000 r-xp 00000000 08:01 6562599                    /usr/lib/x86_64-linux-gnu/libxcb.so.1.1.0
7f6419030000-7f6419230000 ---p 00026000 08:01 6562599                    /usr/lib/x86_64-linux-gnu/libxcb.so.1.1.0
7f6419230000-7f6419231000 r--p 00026000 08:01 6562599                    /usr/lib/x86_64-linux-gnu/libxcb.so.1.1.0
7f6419231000-7f6419232000 rw-p 00027000 08:01 6562599                    /usr/lib/x86_64-linux-gnu/libxcb.so.1.1.0
7f6419232000-7f6419241000 r-xp 00000000 08:01 6561407                    /usr/lib/x86_64-linux-gnu/libXi.so.6.1.0
7f6419241000-7f6419440000 ---p 0000f000 08:01 6561407                    /usr/lib/x86_64-linux-gnu/libXi.so.6.1.0
7f6419440000-7f6419441000 r--p 0000e000 08:01 6561407                    /usr/lib/x86_64-linux-gnu/libXi.so.6.1.0
7f6419441000-7f6419442000 rw-p 0000f000 08:01 6561407                    /usr/lib/x86_64-linux-gnu/libXi.so.6.1.0
7f6419442000-7f6419447000 r-xp 00000000 08:01 6561425                    /usr/lib/x86_64-linux-gnu/libXtst.so.6.1.0
7f6419447000-7f6419646000 ---p 00005000 08:01 6561425                    /usr/lib/x86_64-linux-gnu/libXtst.so.6.1.0
7f6419646000-7f6419647000 r--p 00004000 08:01 6561425                    /usr/lib/x86_64-linux-gnu/libXtst.so.6.1.0
7f6419647000-7f6419648000 rw-p 00005000 08:01 6561425                    /usr/lib/x86_64-linux-gnu/libXtst.so.6.1.0
7f6419648000-7f6419651000 r-xp 00000000 08:01 6561419                    /usr/lib/x86_64-linux-gnu/libXrender.so.1.3.0
7f6419651000-7f6419850000 ---p 00009000 08:01 6561419                    /usr/lib/x86_64-linux-gnu/libXrender.so.1.3.0
7f6419850000-7f6419851000 r--p 00008000 08:01 6561419                    /usr/lib/x86_64-linux-gnu/libXrender.so.1.3.0
7f6419851000-7f6419852000 rw-p 00009000 08:01 6561419                    /usr/lib/x86_64-linux-gnu/libXrender.so.1.3.0
7f6419852000-7f6419985000 r-xp 00000000 08:01 6561382                    /usr/lib/x86_64-linux-gnu/libX11.so.6.3.0
7f6419985000-7f6419b85000 ---p 00133000 08:01 6561382                    /usr/lib/x86_64-linux-gnu/libX11.so.6.3.0
7f6419b85000-7f6419b86000 r--p 00133000 08:01 6561382                    /usr/lib/x86_64-linux-gnu/libX11.so.6.3.0
7f6419b86000-7f6419b8a000 rw-p 00134000 08:01 6561382                    /usr/lib/x86_64-linux-gnu/libX11.so.6.3.0
7f6419b8a000-7f6419b9b000 r-xp 00000000 08:01 6561399                    /usr/lib/x86_64-linux-gnu/libXext.so.6.4.0
7f6419b9b000-7f6419d9a000 ---p 00011000 08:01 6561399                    /usr/lib/x86_64-linux-gnu/libXext.so.6.4.0
7f6419d9a000-7f6419d9b000 r--p 00010000 08:01 6561399                    /usr/lib/x86_64-linux-gnu/libXext.so.6.4.0
7f6419d9b000-7f6419d9c000 rw-p 00011000 08:01 6561399                    /usr/lib/x86_64-linux-gnu/libXext.so.6.4.0
7f6419d9c000-7f6419dfb000 r-xp 00000000 08:01 12455373                   /usr/lib/jvm/java-11-openjdk-amd64/lib/libawt_xawt.so
7f6419dfb000-7f6419ffa000 ---p 0005f000 08:01 12455373                   /usr/lib/jvm/java-11-openjdk-amd64/lib/libawt_xawt.so
7f6419ffa000-7f6419ffb000 r--p 0005e000 08:01 12455373                   /usr/lib/jvm/java-11-openjdk-amd64/lib/libawt_xawt.so
7f6419ffb000-7f6419ffe000 rw-p 0005f000 08:01 12455373                   /usr/lib/jvm/java-11-openjdk-amd64/lib/libawt_xawt.so
7f6419ffe000-7f641a000000 rw-p 00000000 00:00 0 
7f641a000000-7f641a09e000 r-xp 00000000 08:01 12455371                   /usr/lib/jvm/java-11-openjdk-amd64/lib/libawt.so
7f641a09e000-7f641a29e000 ---p 0009e000 08:01 12455371                   /usr/lib/jvm/java-11-openjdk-amd64/lib/libawt.so
7f641a29e000-7f641a29f000 r--p 0009e000 08:01 12455371                   /usr/lib/jvm/java-11-openjdk-amd64/lib/libawt.so
7f641a29f000-7f641a2aa000 rw-p 0009f000 08:01 12455371                   /usr/lib/jvm/java-11-openjdk-amd64/lib/libawt.so
7f641a2aa000-7f641a4cf000 rw-p 00000000 00:00 0 
7f641a4cf000-7f641a4d3000 ---p 00000000 00:00 0 
7f641a4d3000-7f641a5d0000 rw-p 00000000 00:00 0 
7f641a5d0000-7f641a5d4000 ---p 00000000 00:00 0 
7f641a5d4000-7f641a8d1000 rw-p 00000000 00:00 0 
7f641a8d1000-7f641a8d5000 ---p 00000000 00:00 0 
7f641a8d5000-7f641a9d2000 rw-p 00000000 00:00 0 
7f641a9d2000-7f641a9d6000 ---p 00000000 00:00 0 
7f641a9d6000-7f641aad3000 rw-p 00000000 00:00 0 
7f641aad3000-7f641aad7000 ---p 00000000 00:00 0 
7f641aad7000-7f641abd4000 rw-p 00000000 00:00 0 
7f641abd4000-7f641abd8000 ---p 00000000 00:00 0 
7f641abd8000-7f641acd5000 rw-p 00000000 00:00 0 
7f641acd5000-7f641acd6000 ---p 00000000 00:00 0 
7f641acd6000-7f641add7000 rw-p 00000000 00:00 0 
7f641add7000-7f641ae01000 r-xp 00000000 08:01 12455404                   /usr/lib/jvm/java-11-openjdk-amd64/lib/libsunec.so
7f641ae01000-7f641b000000 ---p 0002a000 08:01 12455404                   /usr/lib/jvm/java-11-openjdk-amd64/lib/libsunec.so
7f641b000000-7f641b004000 r--p 00029000 08:01 12455404                   /usr/lib/jvm/java-11-openjdk-amd64/lib/libsunec.so
7f641b004000-7f641b006000 rw-p 0002d000 08:01 12455404                   /usr/lib/jvm/java-11-openjdk-amd64/lib/libsunec.so
7f641b006000-7f641b008000 r-xp 00000000 08:01 12455375                   /usr/lib/jvm/java-11-openjdk-amd64/lib/libextnet.so
7f641b008000-7f641b207000 ---p 00002000 08:01 12455375                   /usr/lib/jvm/java-11-openjdk-amd64/lib/libextnet.so
7f641b207000-7f641b208000 r--p 00001000 08:01 12455375                   /usr/lib/jvm/java-11-openjdk-amd64/lib/libextnet.so
7f641b208000-7f641b209000 rw-p 00002000 08:01 12455375                   /usr/lib/jvm/java-11-openjdk-amd64/lib/libextnet.so
7f641b209000-7f641b21f000 r-xp 00000000 08:01 12455398                   /usr/lib/jvm/java-11-openjdk-amd64/lib/libnet.so
7f641b21f000-7f641b41e000 ---p 00016000 08:01 12455398                   /usr/lib/jvm/java-11-openjdk-amd64/lib/libnet.so
7f641b41e000-7f641b41f000 r--p 00015000 08:01 12455398                   /usr/lib/jvm/java-11-openjdk-amd64/lib/libnet.so
7f641b41f000-7f641b420000 rw-p 00016000 08:01 12455398                   /usr/lib/jvm/java-11-openjdk-amd64/lib/libnet.so
7f641b420000-7f641b430000 r-xp 00000000 08:01 12455399                   /usr/lib/jvm/java-11-openjdk-amd64/lib/libnio.so
7f641b430000-7f641b62f000 ---p 00010000 08:01 12455399                   /usr/lib/jvm/java-11-openjdk-amd64/lib/libnio.so
7f641b62f000-7f641b630000 r--p 0000f000 08:01 12455399                   /usr/lib/jvm/java-11-openjdk-amd64/lib/libnio.so
7f641b630000-7f641b631000 rw-p 00010000 08:01 12455399                   /usr/lib/jvm/java-11-openjdk-amd64/lib/libnio.so
7f641b631000-7f641c000000 r--p 00000000 08:01 6560357                    /usr/lib/locale/locale-archive
7f641c000000-7f641c021000 rw-p 00000000 00:00 0 
7f641c021000-7f6420000000 ---p 00000000 00:00 0 
7f6420000000-7f6420021000 rw-p 00000000 00:00 0 
7f6420021000-7f6424000000 ---p 00000000 00:00 0 
7f6424000000-7f6424021000 rw-p 00000000 00:00 0 
7f6424021000-7f6428000000 ---p 00000000 00:00 0 
7f6428000000-7f6428021000 rw-p 00000000 00:00 0 
7f6428021000-7f642c000000 ---p 00000000 00:00 0 
7f642c000000-7f642c021000 rw-p 00000000 00:00 0 
7f642c021000-7f6430000000 ---p 00000000 00:00 0 
7f6430000000-7f6430021000 rw-p 00000000 00:00 0 
7f6430021000-7f6434000000 ---p 00000000 00:00 0 
7f6434000000-7f6434021000 rw-p 00000000 00:00 0 
7f6434021000-7f6438000000 ---p 00000000 00:00 0 
7f6438006000-7f643800a000 ---p 00000000 00:00 0 
7f643800a000-7f6438107000 rw-p 00000000 00:00 0 
7f6438107000-7f6438108000 ---p 00000000 00:00 0 
7f6438108000-7f6438209000 rw-p 00000000 00:00 0 
7f6438209000-7f643820d000 ---p 00000000 00:00 0 
7f643820d000-7f643830a000 rw-p 00000000 00:00 0 
7f643830a000-7f643830e000 ---p 00000000 00:00 0 
7f643830e000-7f643840b000 rw-p 00000000 00:00 0 
7f643840b000-7f643840f000 ---p 00000000 00:00 0 
7f643840f000-7f643850c000 rw-p 00000000 00:00 0 
7f643850c000-7f6438510000 ---p 00000000 00:00 0 
7f6438510000-7f643860d000 rw-p 00000000 00:00 0 
7f643860d000-7f6438611000 ---p 00000000 00:00 0 
7f6438611000-7f643870e000 rw-p 00000000 00:00 0 
7f643870e000-7f6438712000 ---p 00000000 00:00 0 
7f6438712000-7f643880f000 rw-p 00000000 00:00 0 
7f643880f000-7f6438813000 ---p 00000000 00:00 0 
7f6438813000-7f643b200000 rw-p 00000000 00:00 0 
7f643b200000-7f643bff8000 ---p 00000000 00:00 0 
7f643bff8000-7f643c000000 rw-p 00000000 00:00 0 
7f643c000000-7f643c021000 rw-p 00000000 00:00 0 
7f643c021000-7f6440000000 ---p 00000000 00:00 0 
7f6440080000-7f6440081000 ---p 00000000 00:00 0 
7f6440081000-7f6440203000 rw-p 00000000 00:00 0 
7f6440203000-7f6440204000 ---p 00000000 00:00 0 
7f6440204000-7f6440305000 rw-p 00000000 00:00 0 
7f6440305000-7f6440306000 ---p 00000000 00:00 0 
7f6440306000-7f644080b000 rw-p 00000000 00:00 0 
7f644080b000-7f644080c000 ---p 00000000 00:00 0 
7f644080c000-7f644090d000 rw-p 00000000 00:00 0 
7f644090d000-7f6440b7d000 rwxp 00000000 00:00 0 
7f6440b7d000-7f6440e9d000 ---p 00000000 00:00 0 
7f6440e9d000-7f644125d000 rwxp 00000000 00:00 0 
7f644125d000-7f64483d5000 ---p 00000000 00:00 0 
7f64483d5000-7f6448645000 rwxp 00000000 00:00 0 
7f6448645000-7f644f90d000 ---p 00000000 00:00 0 
7f644f90d000-7f6458000000 r--s 00000000 08:01 12455408                   /usr/lib/jvm/java-11-openjdk-amd64/lib/modules
7f6458000000-7f64588c0000 rw-p 00000000 00:00 0 
7f64588c0000-7f645c000000 ---p 00000000 00:00 0 
7f645c036000-7f645c03a000 ---p 00000000 00:00 0 
7f645c03a000-7f645c0b3000 rw-p 00000000 00:00 0 
7f645c0b3000-7f645c0b4000 ---p 00000000 00:00 0 
7f645c0b4000-7f645c2a5000 rw-p 00000000 00:00 0 
7f645c2a5000-7f645d09d000 ---p 00000000 00:00 0 
7f645d09d000-7f645d0c3000 rw-p 00000000 00:00 0 
7f645d0c3000-7f645d282000 ---p 00000000 00:00 0 
7f645d282000-7f645d2a1000 rw-p 00000000 00:00 0 
7f645d2a1000-7f645d460000 ---p 00000000 00:00 0 
7f645d460000-7f645d47f000 rw-p 00000000 00:00 0 
7f645d47f000-7f645d63e000 ---p 00000000 00:00 0 
7f645d63e000-7f645da43000 rw-p 00000000 00:00 0 
7f645da43000-7f645da44000 ---p 00000000 00:00 0 
7f645da44000-7f645db4a000 rw-p 00000000 00:00 0 
7f645db4a000-7f645dc30000 ---p 00000000 00:00 0 
7f645dc30000-7f645dc38000 rw-p 00000000 00:00 0 
7f645dc38000-7f645dd1b000 ---p 00000000 00:00 0 
7f645dd1b000-7f645dd20000 r-xp 00000000 08:01 12455386                   /usr/lib/jvm/java-11-openjdk-amd64/lib/libjimage.so
7f645dd20000-7f645df1f000 ---p 00005000 08:01 12455386                   /usr/lib/jvm/java-11-openjdk-amd64/lib/libjimage.so
7f645df1f000-7f645df20000 r--p 00004000 08:01 12455386                   /usr/lib/jvm/java-11-openjdk-amd64/lib/libjimage.so
7f645df20000-7f645df21000 rw-p 00005000 08:01 12455386                   /usr/lib/jvm/java-11-openjdk-amd64/lib/libjimage.so
7f645df21000-7f645df28000 r-xp 00000000 08:01 12455407                   /usr/lib/jvm/java-11-openjdk-amd64/lib/libzip.so
7f645df28000-7f645e127000 ---p 00007000 08:01 12455407                   /usr/lib/jvm/java-11-openjdk-amd64/lib/libzip.so
7f645e127000-7f645e128000 r--p 00006000 08:01 12455407                   /usr/lib/jvm/java-11-openjdk-amd64/lib/libzip.so
7f645e128000-7f645e129000 rw-p 00007000 08:01 12455407                   /usr/lib/jvm/java-11-openjdk-amd64/lib/libzip.so
7f645e129000-7f645e134000 r-xp 00000000 08:01 9966624                    /lib/x86_64-linux-gnu/libnss_files-2.27.so
7f645e134000-7f645e333000 ---p 0000b000 08:01 9966624                    /lib/x86_64-linux-gnu/libnss_files-2.27.so
7f645e333000-7f645e334000 r--p 0000a000 08:01 9966624                    /lib/x86_64-linux-gnu/libnss_files-2.27.so
7f645e334000-7f645e335000 rw-p 0000b000 08:01 9966624                    /lib/x86_64-linux-gnu/libnss_files-2.27.so
7f645e335000-7f645e33b000 rw-p 00000000 00:00 0 
7f645e33b000-7f645e352000 r-xp 00000000 08:01 9966618                    /lib/x86_64-linux-gnu/libnsl-2.27.so
7f645e352000-7f645e551000 ---p 00017000 08:01 9966618                    /lib/x86_64-linux-gnu/libnsl-2.27.so
7f645e551000-7f645e552000 r--p 00016000 08:01 9966618                    /lib/x86_64-linux-gnu/libnsl-2.27.so
7f645e552000-7f645e553000 rw-p 00017000 08:01 9966618                    /lib/x86_64-linux-gnu/libnsl-2.27.so
7f645e553000-7f645e555000 rw-p 00000000 00:00 0 
7f645e555000-7f645e560000 r-xp 00000000 08:01 9966635                    /lib/x86_64-linux-gnu/libnss_nis-2.27.so
7f645e560000-7f645e75f000 ---p 0000b000 08:01 9966635                    /lib/x86_64-linux-gnu/libnss_nis-2.27.so
7f645e75f000-7f645e760000 r--p 0000a000 08:01 9966635                    /lib/x86_64-linux-gnu/libnss_nis-2.27.so
7f645e760000-7f645e761000 rw-p 0000b000 08:01 9966635                    /lib/x86_64-linux-gnu/libnss_nis-2.27.so
7f645e761000-7f645e769000 r-xp 00000000 08:01 9966620                    /lib/x86_64-linux-gnu/libnss_compat-2.27.so
7f645e769000-7f645e969000 ---p 00008000 08:01 9966620                    /lib/x86_64-linux-gnu/libnss_compat-2.27.so
7f645e969000-7f645e96a000 r--p 00008000 08:01 9966620                    /lib/x86_64-linux-gnu/libnss_compat-2.27.so
7f645e96a000-7f645e96b000 rw-p 00009000 08:01 9966620                    /lib/x86_64-linux-gnu/libnss_compat-2.27.so
7f645e96b000-7f645e994000 r-xp 00000000 08:01 12455382                   /usr/lib/jvm/java-11-openjdk-amd64/lib/libjava.so
7f645e994000-7f645eb93000 ---p 00029000 08:01 12455382                   /usr/lib/jvm/java-11-openjdk-amd64/lib/libjava.so
7f645eb93000-7f645eb94000 r--p 00028000 08:01 12455382                   /usr/lib/jvm/java-11-openjdk-amd64/lib/libjava.so
7f645eb94000-7f645eb96000 rw-p 00029000 08:01 12455382                   /usr/lib/jvm/java-11-openjdk-amd64/lib/libjava.so
7f645eb96000-7f645eba3000 r-xp 00000000 08:01 12455406                   /usr/lib/jvm/java-11-openjdk-amd64/lib/libverify.so
7f645eba3000-7f645eda2000 ---p 0000d000 08:01 12455406                   /usr/lib/jvm/java-11-openjdk-amd64/lib/libverify.so
7f645eda2000-7f645eda4000 r--p 0000c000 08:01 12455406                   /usr/lib/jvm/java-11-openjdk-amd64/lib/libverify.so
7f645eda4000-7f645eda5000 rw-p 0000e000 08:01 12455406                   /usr/lib/jvm/java-11-openjdk-amd64/lib/libverify.so
7f645eda5000-7f645edac000 r-xp 00000000 08:01 9966675                    /lib/x86_64-linux-gnu/librt-2.27.so
7f645edac000-7f645efab000 ---p 00007000 08:01 9966675                    /lib/x86_64-linux-gnu/librt-2.27.so
7f645efab000-7f645efac000 r--p 00006000 08:01 9966675                    /lib/x86_64-linux-gnu/librt-2.27.so
7f645efac000-7f645efad000 rw-p 00007000 08:01 9966675                    /lib/x86_64-linux-gnu/librt-2.27.so
7f645efad000-7f645efc4000 r-xp 00000000 08:01 9961786                    /lib/x86_64-linux-gnu/libgcc_s.so.1
7f645efc4000-7f645f1c3000 ---p 00017000 08:01 9961786                    /lib/x86_64-linux-gnu/libgcc_s.so.1
7f645f1c3000-7f645f1c4000 r--p 00016000 08:01 9961786                    /lib/x86_64-linux-gnu/libgcc_s.so.1
7f645f1c4000-7f645f1c5000 rw-p 00017000 08:01 9961786                    /lib/x86_64-linux-gnu/libgcc_s.so.1
7f645f1c5000-7f645f362000 r-xp 00000000 08:01 9966597                    /lib/x86_64-linux-gnu/libm-2.27.so
7f645f362000-7f645f561000 ---p 0019d000 08:01 9966597                    /lib/x86_64-linux-gnu/libm-2.27.so
7f645f561000-7f645f562000 r--p 0019c000 08:01 9966597                    /lib/x86_64-linux-gnu/libm-2.27.so
7f645f562000-7f645f563000 rw-p 0019d000 08:01 9966597                    /lib/x86_64-linux-gnu/libm-2.27.so
7f645f563000-7f645f6dc000 r-xp 00000000 08:01 6555233                    /usr/lib/x86_64-linux-gnu/libstdc++.so.6.0.25
7f645f6dc000-7f645f8dc000 ---p 00179000 08:01 6555233                    /usr/lib/x86_64-linux-gnu/libstdc++.so.6.0.25
7f645f8dc000-7f645f8e6000 r--p 00179000 08:01 6555233                    /usr/lib/x86_64-linux-gnu/libstdc++.so.6.0.25
7f645f8e6000-7f645f8e8000 rw-p 00183000 08:01 6555233                    /usr/lib/x86_64-linux-gnu/libstdc++.so.6.0.25
7f645f8e8000-7f645f8ec000 rw-p 00000000 00:00 0 
7f645f8ec000-7f64609c9000 r-xp 00000000 08:01 12455413                   /usr/lib/jvm/java-11-openjdk-amd64/lib/server/libjvm.so
7f64609c9000-7f6460bc8000 ---p 010dd000 08:01 12455413                   /usr/lib/jvm/java-11-openjdk-amd64/lib/server/libjvm.so
7f6460bc8000-7f6460c85000 r--p 010dc000 08:01 12455413                   /usr/lib/jvm/java-11-openjdk-amd64/lib/server/libjvm.so
7f6460c85000-7f6460cbf000 rw-p 01199000 08:01 12455413                   /usr/lib/jvm/java-11-openjdk-amd64/lib/server/libjvm.so
7f6460cbf000-7f6460d15000 rw-p 00000000 00:00 0 
7f6460d15000-7f6460d2f000 r-xp 00000000 08:01 9966667                    /lib/x86_64-linux-gnu/libpthread-2.27.so
7f6460d2f000-7f6460f2e000 ---p 0001a000 08:01 9966667                    /lib/x86_64-linux-gnu/libpthread-2.27.so
7f6460f2e000-7f6460f2f000 r--p 00019000 08:01 9966667                    /lib/x86_64-linux-gnu/libpthread-2.27.so
7f6460f2f000-7f6460f30000 rw-p 0001a000 08:01 9966667                    /lib/x86_64-linux-gnu/libpthread-2.27.so
7f6460f30000-7f6460f34000 rw-p 00000000 00:00 0 
7f6460f34000-7f6460f37000 r-xp 00000000 08:01 9966557                    /lib/x86_64-linux-gnu/libdl-2.27.so
7f6460f37000-7f6461136000 ---p 00003000 08:01 9966557                    /lib/x86_64-linux-gnu/libdl-2.27.so
7f6461136000-7f6461137000 r--p 00002000 08:01 9966557                    /lib/x86_64-linux-gnu/libdl-2.27.so
7f6461137000-7f6461138000 rw-p 00003000 08:01 9966557                    /lib/x86_64-linux-gnu/libdl-2.27.so
7f6461138000-7f6461154000 r-xp 00000000 08:01 9966706                    /lib/x86_64-linux-gnu/libz.so.1.2.11
7f6461154000-7f6461353000 ---p 0001c000 08:01 9966706                    /lib/x86_64-linux-gnu/libz.so.1.2.11
7f6461353000-7f6461354000 r--p 0001b000 08:01 9966706                    /lib/x86_64-linux-gnu/libz.so.1.2.11
7f6461354000-7f6461355000 rw-p 0001c000 08:01 9966706                    /lib/x86_64-linux-gnu/libz.so.1.2.11
7f6461355000-7f646153c000 r-xp 00000000 08:01 9966534                    /lib/x86_64-linux-gnu/libc-2.27.so
7f646153c000-7f646173c000 ---p 001e7000 08:01 9966534                    /lib/x86_64-linux-gnu/libc-2.27.so
7f646173c000-7f6461740000 r--p 001e7000 08:01 9966534                    /lib/x86_64-linux-gnu/libc-2.27.so
7f6461740000-7f6461742000 rw-p 001eb000 08:01 9966534                    /lib/x86_64-linux-gnu/libc-2.27.so
7f6461742000-7f6461746000 rw-p 00000000 00:00 0 
7f6461746000-7f6461756000 r-xp 00000000 08:01 12455366                   /usr/lib/jvm/java-11-openjdk-amd64/lib/jli/libjli.so
7f6461756000-7f6461955000 ---p 00010000 08:01 12455366                   /usr/lib/jvm/java-11-openjdk-amd64/lib/jli/libjli.so
7f6461955000-7f6461956000 r--p 0000f000 08:01 12455366                   /usr/lib/jvm/java-11-openjdk-amd64/lib/jli/libjli.so
7f6461956000-7f6461957000 rw-p 00010000 08:01 12455366                   /usr/lib/jvm/java-11-openjdk-amd64/lib/jli/libjli.so
7f6461957000-7f646197e000 r-xp 00000000 08:01 9966506                    /lib/x86_64-linux-gnu/ld-2.27.so
7f646199f000-7f6461a5a000 rw-p 00000000 00:00 0 
7f6461a5a000-7f6461a5e000 ---p 00000000 00:00 0 
7f6461a5e000-7f6461b5d000 rw-p 00000000 00:00 0 
7f6461b64000-7f6461b69000 rw-p 00000000 00:00 0 
7f6461b69000-7f6461b70000 ---p 00000000 00:00 0 
7f6461b70000-7f6461b72000 r--s 00007000 08:01 6951047                    /usr/share/java/java-atk-wrapper.jar
7f6461b72000-7f6461b7a000 rw-s 00000000 08:01 19017146                   /tmp/hsperfdata_nakul/8775
7f6461b7a000-7f6461b7b000 ---p 00000000 00:00 0 
7f6461b7b000-7f6461b7c000 r--p 00000000 00:00 0 
7f6461b7c000-7f6461b7e000 rw-p 00000000 00:00 0 
7f6461b7e000-7f6461b7f000 r--p 00027000 08:01 9966506                    /lib/x86_64-linux-gnu/ld-2.27.so
7f6461b7f000-7f6461b80000 rw-p 00028000 08:01 9966506                    /lib/x86_64-linux-gnu/ld-2.27.so
7f6461b80000-7f6461b81000 rw-p 00000000 00:00 0 
7ffef9123000-7ffef9144000 rw-p 00000000 00:00 0                          [stack]
7ffef91e0000-7ffef91e3000 r--p 00000000 00:00 0                          [vvar]
7ffef91e3000-7ffef91e4000 r-xp 00000000 00:00 0                          [vdso]
ffffffffff600000-ffffffffff601000 --xp 00000000 00:00 0                  [vsyscall]


VM Arguments:
jvm_args: -Dfile.encoding=UTF-8 
java_command: selenium.NSP
java_class_path (initial): /home/nakul/eclipse-workspace/selenium/bin:/home/nakul/selenium/selenium-java-3.141.59/libs/byte-buddy-1.8.15.jar:/home/nakul/selenium/selenium-java-3.141.59/libs/commons-exec-1.3.jar:/home/nakul/selenium/selenium-java-3.141.59/libs/guava-25.0-jre.jar:/home/nakul/selenium/selenium-java-3.141.59/libs/okhttp-3.11.0.jar:/home/nakul/selenium/selenium-java-3.141.59/libs/okio-1.14.0.jar:/home/nakul/selenium/selenium-java-3.141.59/client-combined-3.141.59.jar:/home/nakul/selenium/selenium-java-3.141.59/client-combined-3.141.59-sources.jar:/home/nakul/eclipse-workspace/Tess4J/lib/commons-beanutils-1.9.2.jar:/home/nakul/eclipse-workspace/Tess4J/lib/commons-io-2.6.jar:/home/nakul/eclipse-workspace/Tess4J/lib/commons-logging-1.2.jar:/home/nakul/eclipse-workspace/Tess4J/lib/fontbox-2.0.9.jar:/home/nakul/eclipse-workspace/Tess4J/lib/ghost4j-1.0.1.jar:/home/nakul/eclipse-workspace/Tess4J/lib/hamcrest-core-1.3.jar:/home/nakul/eclipse-workspace/Tess4J/lib/itext-2.1.7.jar:/home/nakul/eclipse-workspace/Tess4J/lib/jai-imageio-core-1.4.0.jar:/home/nakul/eclipse-workspace/Tess4J/lib/jbig2-imageio-3.0.0.jar:/home/nakul/eclipse-workspace/Tess4J/lib/jboss-vfs-3.2.12.Final.jar:/home/nakul/eclipse-workspace/Tess4J/lib/jcl-over-slf4j-1.7.25.jar:/home/nakul/eclipse-workspace/Tess4J/lib/jna-4.1.0.jar:/home/nakul/eclipse-workspace/Tess4J/lib/jul-to-slf4j-1.7.25.jar:/home/nakul/eclipse-workspace/Tess4J/lib/junit-4.12.jar:/home/nakul/eclipse-workspace/Tess4J/lib/lept4j-1.6.4.jar:/home/nakul/eclipse-workspace/Tess4J/lib/log4j-1.2.17.jar:/home/nakul/eclipse-workspace/Tess4J/lib/log4j-over-slf4j-1.7.25.jar:/home/nakul/eclipse-workspace/Tess4J/lib/logback-classic-1.2.3.jar:/home/nakul/eclipse-workspace/Tess4J/lib/logback-core-1.2.3.jar:/home/nakul/eclipse-workspace/Tess4J/lib/pdfbox-2.0.9.jar:/home/nakul/eclipse-workspace/Tess4J/lib/pdfbox-tools-2.0.9.jar:/home/nakul/eclipse-workspace/Tess4J/lib/slf4j-api-1.7.25.jar:/home/nakul/eclipse-workspace/Tess4J/lib/xmlgraphics-comm
Launcher Type: SUN_STANDARD

[Global flags]
     intx CICompilerCount                          = 3                                         {product} {ergonomic}
     uint ConcGCThreads                            = 1                                         {product} {ergonomic}
     uint G1ConcRefinementThreads                  = 4                                         {product} {ergonomic}
   size_t G1HeapRegionSize                         = 1048576                                   {product} {ergonomic}
    uintx GCDrainStackTargetSize                   = 64                                        {product} {ergonomic}
   size_t InitialHeapSize                          = 62914560                                  {product} {ergonomic}
   size_t MarkStackSize                            = 4194304                                   {product} {ergonomic}
   size_t MaxHeapSize                              = 1002438656                                {product} {ergonomic}
   size_t MaxNewSize                               = 600834048                                 {product} {ergonomic}
   size_t MinHeapDeltaBytes                        = 1048576                                   {product} {ergonomic}
    uintx NonNMethodCodeHeapSize                   = 5830732                                {pd product} {ergonomic}
    uintx NonProfiledCodeHeapSize                  = 122913754                              {pd product} {ergonomic}
    uintx ProfiledCodeHeapSize                     = 122913754                              {pd product} {ergonomic}
    uintx ReservedCodeCacheSize                    = 251658240                              {pd product} {ergonomic}
     bool SegmentedCodeCache                       = true                                      {product} {ergonomic}
     bool UseCompressedClassPointers               = true                                 {lp64_product} {ergonomic}
     bool UseCompressedOops                        = true                                 {lp64_product} {ergonomic}
     bool UseG1GC                                  = true                                      {product} {ergonomic}

Logging:
Log output configuration:
 #0: stdout all=warning uptime,level,tags
 #1: stderr all=off uptime,level,tags

Environment Variables:
PATH=/usr/local/sbin:/usr/local/bin:/usr/sbin:/usr/bin:/sbin:/bin:/usr/games:/usr/local/games:/snap/bin
SHELL=/bin/bash
DISPLAY=:0

Signal Handlers:
SIGSEGV: [libjvm.so+0xdf8d00], sa_mask[0]=11111111011111111101111111111110, sa_flags=SA_RESTART|SA_SIGINFO
SIGBUS: [libjvm.so+0xdf8d00], sa_mask[0]=11111111011111111101111111111110, sa_flags=SA_RESTART|SA_SIGINFO
SIGFPE: [libjvm.so+0xdf8d00], sa_mask[0]=11111111011111111101111111111110, sa_flags=SA_RESTART|SA_SIGINFO
SIGPIPE: [libjvm.so+0xbcbc30], sa_mask[0]=11111111011111111101111111111110, sa_flags=SA_RESTART|SA_SIGINFO
SIGXFSZ: [libjvm.so+0xbcbc30], sa_mask[0]=11111111011111111101111111111110, sa_flags=SA_RESTART|SA_SIGINFO
SIGILL: [libjvm.so+0xdf8d00], sa_mask[0]=11111111011111111101111111111110, sa_flags=SA_RESTART|SA_SIGINFO
SIGUSR2: [libjvm.so+0xbcbad0], sa_mask[0]=00100000000000000000000000000000, sa_flags=SA_RESTART|SA_SIGINFO
SIGHUP: [libjvm.so+0xbcbe30], sa_mask[0]=11111111011111111101111111111110, sa_flags=SA_RESTART|SA_SIGINFO
SIGINT: [libjvm.so+0xbcbe30], sa_mask[0]=11111111011111111101111111111110, sa_flags=SA_RESTART|SA_SIGINFO
SIGTERM: [libjvm.so+0xbcbe30], sa_mask[0]=11111111011111111101111111111110, sa_flags=SA_RESTART|SA_SIGINFO
SIGQUIT: [libjvm.so+0xbcbe30], sa_mask[0]=11111111011111111101111111111110, sa_flags=SA_RESTART|SA_SIGINFO


---------------  S Y S T E M  ---------------

OS:DISTRIB_ID=Ubuntu
DISTRIB_RELEASE=18.04
DISTRIB_CODENAME=bionic
DISTRIB_DESCRIPTION="Ubuntu 18.04.3 LTS"
uname:Linux 5.3.0-42-generic #34~18.04.1-Ubuntu SMP Fri Feb 28 13:42:26 UTC 2020 x86_64
OS uptime: 0 days 0:27 hours
libc:glibc 2.27 NPTL 2.27 
rlimit: STACK 8192k, CORE 0k, NPROC 15078, NOFILE 4096, AS infinity, CPU infinity, DATA infinity, FSIZE infinity
load average:1.32 1.50 1.65

/proc/meminfo:
MemTotal:        3907988 kB
MemFree:          114684 kB
MemAvailable:     884560 kB
Buffers:          138820 kB
Cached:          1062640 kB
SwapCached:        19924 kB
Active:          2331656 kB
Inactive:        1068648 kB
Active(anon):    1851008 kB
Inactive(anon):   628048 kB
Active(file):     480648 kB
Inactive(file):   440600 kB
Unevictable:       54180 kB
Mlocked:              96 kB
SwapTotal:       2097148 kB
SwapFree:        2015712 kB
Dirty:              2636 kB
Writeback:            32 kB
AnonPages:       2234852 kB
Mapped:           615204 kB
Shmem:            280020 kB
KReclaimable:     102144 kB
Slab:             207272 kB
SReclaimable:     102144 kB
SUnreclaim:       105128 kB
KernelStack:       16112 kB
PageTables:        59776 kB
NFS_Unstable:          0 kB
Bounce:                0 kB
WritebackTmp:          0 kB
CommitLimit:     4051140 kB
Committed_AS:    8694024 kB
VmallocTotal:   34359738367 kB
VmallocUsed:       31432 kB
VmallocChunk:          0 kB
Percpu:             2944 kB
HardwareCorrupted:     0 kB
AnonHugePages:         0 kB
ShmemHugePages:        0 kB
ShmemPmdMapped:        0 kB
CmaTotal:              0 kB
CmaFree:               0 kB
HugePages_Total:       0
HugePages_Free:        0
HugePages_Rsvd:        0
HugePages_Surp:        0
Hugepagesize:       2048 kB
Hugetlb:               0 kB
DirectMap4k:      279612 kB
DirectMap2M:     3792896 kB


/proc/sys/kernel/threads-max (system-wide limit on the number of threads):
30157


/proc/sys/vm/max_map_count (maximum number of memory map areas a process may have):
65530


/proc/sys/kernel/pid_max (system-wide limit on number of process identifiers):
32768



container (cgroup) information:
container_type: cgroupv1
cpu_cpuset_cpus: 0-3
cpu_memory_nodes: 0
active_processor_count: 4
cpu_quota: -1
cpu_period: 100000
cpu_shares: -1
memory_limit_in_bytes: -1
memory_and_swap_limit_in_bytes: -2
memory_soft_limit_in_bytes: -1
memory_usage_in_bytes: 3063361536
memory_max_usage_in_bytes: 3078709248

Steal ticks since vm start: 0
Steal ticks percentage since vm start:  0.000

CPU:total 4 (initial active 4) (2 cores per cpu, 2 threads per core) family 6 model 42 stepping 7, cmov, cx8, fxsr, mmx, sse, sse2, sse3, ssse3, sse4.1, sse4.2, popcnt, avx, aes, clmul, ht, tsc, tscinvbit
CPU Model and flags from /proc/cpuinfo:
model name	: Intel(R) Core(TM) i5-2520M CPU @ 2.50GHz
flags		: fpu vme de pse tsc msr pae mce cx8 apic sep mtrr pge mca cmov pat pse36 clflush dts acpi mmx fxsr sse sse2 ht tm pbe syscall nx rdtscp lm constant_tsc arch_perfmon pebs bts rep_good nopl xtopology nonstop_tsc cpuid aperfmperf pni pclmulqdq dtes64 monitor ds_cpl vmx smx est tm2 ssse3 cx16 xtpr pdcm pcid sse4_1 sse4_2 x2apic popcnt tsc_deadline_timer aes xsave avx lahf_lm epb pti tpr_shadow vnmi flexpriority ept vpid xsaveopt dtherm ida arat pln pts

Memory: 4k page, physical 3907988k(114684k free), swap 2097148k(2015712k free)

vm_info: OpenJDK 64-Bit Server VM (11.0.7+10-post-Ubuntu-2ubuntu218.04) for linux-amd64 JRE (11.0.7+10-post-Ubuntu-2ubuntu218.04), built on Apr 15 2020 21:12:54 by "unknown" with gcc 7.5.0

END.
