#
# A fatal error has been detected by the Java Runtime Environment:
#
#  SIGSEGV (0xb) at pc=0x00007f1a52422c27, pid=21041, tid=21046
#
# JRE version: OpenJDK Runtime Environment (11.0.7+10) (build 11.0.7+10-post-Ubuntu-2ubuntu218.04)
# Java VM: OpenJDK 64-Bit Server VM (11.0.7+10-post-Ubuntu-2ubuntu218.04, mixed mode, sharing, tiered, compressed oops, g1 gc, linux-amd64)
# Problematic frame:
# C  [libtesseract.so.4+0xa1c27]  tesseract::Tesseract::recog_all_words(PAGE_RES*, ETEXT_DESC*, TBOX const*, char const*, int)+0x437
#
# Core dump will be written. Default location: Core dumps may be processed with "/usr/share/apport/apport %p %s %c %d %P %E" (or dumping to /home/nakul/eclipse-workspace/selenium/core.21041)
#
# If you would like to submit a bug report, please visit:
#   https://bugs.launchpad.net/ubuntu/+source/openjdk-lts
# The crash happened outside the Java Virtual Machine in native code.
# See problematic frame for where to report the bug.
#

---------------  S U M M A R Y ------------

Command Line: -Dfile.encoding=UTF-8 selenium.NSP

Host: Intel(R) Core(TM) i5-2520M CPU @ 2.50GHz, 4 cores, 3G, Ubuntu 18.04.3 LTS
Time: Fri May 15 10:00:07 2020 IST elapsed time: 25 seconds (0d 0h 0m 25s)

---------------  T H R E A D  ---------------

Current thread (0x00007f1ad4016800):  JavaThread "main" [_thread_in_native, id=21046, stack(0x00007f1adbe69000,0x00007f1adbf6a000)]

Stack: [0x00007f1adbe69000,0x00007f1adbf6a000],  sp=0x00007f1adbf67660,  free space=1017k
Native frames: (J=compiled Java code, A=aot compiled Java code, j=interpreted, Vv=VM code, C=native code)
C  [libtesseract.so.4+0xa1c27]  tesseract::Tesseract::recog_all_words(PAGE_RES*, ETEXT_DESC*, TBOX const*, char const*, int)+0x437

Java frames: (J=compiled Java code, j=interpreted, Vv=VM code)
j  com.sun.jna.Native.invokePointer(JI[Ljava/lang/Object;)J+0
j  com.sun.jna.Function.invokePointer(I[Ljava/lang/Object;)Lcom/sun/jna/Pointer;+6
j  com.sun.jna.Function.invoke([Ljava/lang/Object;Ljava/lang/Class;Z)Ljava/lang/Object;+426
j  com.sun.jna.Function.invoke(Ljava/lang/Class;[Ljava/lang/Object;Ljava/util/Map;)Ljava/lang/Object;+262
j  com.sun.jna.Library$Handler.invoke(Ljava/lang/Object;Ljava/lang/reflect/Method;[Ljava/lang/Object;)Ljava/lang/Object;+316
j  com.sun.proxy.$Proxy0.TessBaseAPIGetUTF8Text(Lnet/sourceforge/tess4j/ITessAPI$TessBaseAPI;)Lcom/sun/jna/Pointer;+16
j  net.sourceforge.tess4j.Tesseract.getOCRText(Ljava/lang/String;I)Ljava/lang/String;+62
j  net.sourceforge.tess4j.Tesseract.doOCR(Ljava/util/List;Ljava/lang/String;Ljava/awt/Rectangle;)Ljava/lang/String;+62
j  net.sourceforge.tess4j.Tesseract.doOCR(Ljava/io/File;Ljava/awt/Rectangle;)Ljava/lang/String;+10
j  net.sourceforge.tess4j.Tesseract.doOCR(Ljava/io/File;)Ljava/lang/String;+3
j  selenium.NSP.enterinput()V+145
j  selenium.NSP.main([Ljava/lang/String;)V+13
v  ~StubRoutines::call_stub

siginfo: si_signo: 11 (SIGSEGV), si_code: 1 (SEGV_MAPERR), si_addr: 0x000000000000000c

Register to memory mapping:

RAX=0x0 is NULL
RBX=0x00007f1ad47e7650 points into unknown readable memory: 88 eb 88 52 1a 7f 00 00
RCX=0x0 is NULL
RDX=0x00007f1ad4809248 points into unknown readable memory: 00 00 00 00 00 00 00 00
RSP=0x00007f1adbf67660 is pointing into the stack for thread: 0x00007f1ad4016800
RBP=0x00007f1adbf676b0 is pointing into the stack for thread: 0x00007f1ad4016800
RSI=0x0000000000000001 is an unknown value
RDI=0x00007f1adbf67700 is pointing into the stack for thread: 0x00007f1ad4016800
R8 =0x0 is NULL
R9 =0x0 is NULL
R10=0x0 is NULL
R11=0x00007f1ad485b240 points into unknown readable memory: 10 00 00 00 01 00 00 00
R12=0x00007f1ad485c390 points into unknown readable memory: 00 00 00 00 00 00 00 00
R13=0x0 is NULL
R14=0x0 is NULL
R15=0x00007f1ad485c390 points into unknown readable memory: 00 00 00 00 00 00 00 00


Registers:
RAX=0x0000000000000000, RBX=0x00007f1ad47e7650, RCX=0x0000000000000000, RDX=0x00007f1ad4809248
RSP=0x00007f1adbf67660, RBP=0x00007f1adbf676b0, RSI=0x0000000000000001, RDI=0x00007f1adbf67700
R8 =0x0000000000000000, R9 =0x0000000000000000, R10=0x0000000000000000, R11=0x00007f1ad485b240
R12=0x00007f1ad485c390, R13=0x0000000000000000, R14=0x0000000000000000, R15=0x00007f1ad485c390
RIP=0x00007f1a52422c27, EFLAGS=0x0000000000010246, CSGSFS=0x002b000000000033, ERR=0x0000000000000004
  TRAPNO=0x000000000000000e

Top of Stack: (sp=0x00007f1adbf67660)
0x00007f1adbf67660:   0000000000000000 0000000000000000
0x00007f1adbf67670:   0000000000000000 00007f1ad4857910
0x00007f1adbf67680:   00007f1ad485bcf0 00007f1ad485bc90
0x00007f1adbf67690:   0000000000000001 00007f1adbf676c0 

Instructions: (pc=0x00007f1a52422c27)
0x00007f1a52422b27:   89 e6 48 89 df e8 af 87 ff ff 4c 89 e6 48 89 df
0x00007f1a52422b37:   e8 b4 8b ff ff 4c 89 e6 48 89 df e8 f9 72 ff ff
0x00007f1a52422b47:   4c 89 e6 48 89 df e8 7e 74 ff ff e9 a9 fd ff ff
0x00007f1a52422b57:   66 0f 1f 84 00 00 00 00 00 48 8b 40 10 7e 2a 8b
0x00007f1a52422b67:   38 85 ff 75 4c 48 83 c0 04 83 ea 01 48 8d 14 90
0x00007f1a52422b77:   eb 12 0f 1f 80 00 00 00 00 48 83 c0 04 8b 70 fc
0x00007f1a52422b87:   85 f6 75 2d 48 39 c2 75 f0 48 85 c9 74 1b 8b 41
0x00007f1a52422b97:   10 8d 50 ff 83 fa 02 76 10 83 e8 05 83 f8 03 77
0x00007f1a52422ba7:   10 0f 1f 84 00 00 00 00 00 48 89 ef e8 e8 2d 19
0x00007f1a52422bb7:   00 31 d2 31 f6 48 89 ef e8 2c f6 18 00 48 8b 44
0x00007f1a52422bc7:   24 70 48 85 c0 0f 84 8e fd ff ff 48 8b 94 24 80
0x00007f1a52422bd7:   00 00 00 31 c9 48 8b 52 08 48 85 d2 74 04 48 8b
0x00007f1a52422be7:   4a 08 48 8b 80 e8 00 00 00 48 85 c0 74 bb 8b 50
0x00007f1a52422bf7:   34 83 fa 00 74 b3 e9 5e ff ff ff 66 0f 1f 44 00
0x00007f1a52422c07:   00 31 f6 48 89 ef e8 ce f9 18 00 8b 83 a0 15 00
0x00007f1a52422c17:   00 85 c0 0f 8f c0 00 00 00 48 8b 83 40 0a 00 00
0x00007f1a52422c27:   80 78 0c 00 0f 85 a7 02 00 00 8b 83 58 47 02 00
0x00007f1a52422c37:   85 c0 0f 8e b1 00 00 00 31 d2 45 31 ff eb 2c 66
0x00007f1a52422c47:   2e 0f 1f 84 00 00 00 00 00 48 8b 8f 40 0a 00 00
0x00007f1a52422c57:   80 79 0c 00 0f 85 ff 01 00 00 41 83 c7 01 48 83
0x00007f1a52422c67:   c2 08 44 3b bb 58 47 02 00 7d 7e 48 8b 8b 60 47
0x00007f1a52422c77:   02 00 48 8b 3c 11 8b 87 a0 15 00 00 85 c0 7e c9
0x00007f1a52422c87:   48 89 54 24 10 e8 8f 46 0f 00 48 8b 54 24 10 eb
0x00007f1a52422c97:   c9 0f 1f 84 00 00 00 00 00 80 bb 72 30 02 00 00
0x00007f1a52422ca7:   0f 85 73 fc ff ff 8b b3 04 1d 02 00 4c 89 e2 4c
0x00007f1a52422cb7:   89 ff e8 32 d4 0b 00 31 f6 48 89 ef e8 18 f9 18
0x00007f1a52422cc7:   00 48 8b 44 24 70 48 85 c0 0f 85 fc fe ff ff e9
0x00007f1a52422cd7:   94 fc ff ff 0f 1f 44 00 00 48 89 df e8 38 46 0f
0x00007f1a52422ce7:   00 e9 44 ff ff ff 0f 1f 00 4c 8d 7c 24 30 be 04
0x00007f1a52422cf7:   00 00 00 48 c7 44 24 30 00 00 00 00 48 c7 44 24
0x00007f1a52422d07:   38 00 00 00 00 48 c7 44 24 40 00 00 00 00 4c 89
0x00007f1a52422d17:   ff 48 c7 44 24 48 00 00 00 00 e8 3a 19 00 00 48 


Stack slot to memory mapping:
stack at sp + 0 slots: 0x0 is NULL
stack at sp + 1 slots: 0x0 is NULL
stack at sp + 2 slots: 0x0 is NULL
stack at sp + 3 slots: 0x00007f1ad4857910 points into unknown readable memory: 10 79 85 d4 1a 7f 00 00
stack at sp + 4 slots: 0x00007f1ad485bcf0 points into unknown readable memory: f0 bc 85 d4 1a 7f 00 00
stack at sp + 5 slots: 0x00007f1ad485bc90 points into unknown readable memory: 90 bc 85 d4 1a 7f 00 00
stack at sp + 6 slots: 0x0000000000000001 is an unknown value
stack at sp + 7 slots: 0x00007f1adbf676c0 is pointing into the stack for thread: 0x00007f1ad4016800


---------------  P R O C E S S  ---------------

Threads class SMR info:
_java_thread_list=0x00007f1ad45ab8c0, length=17, elements={
0x00007f1ad4016800, 0x00007f1ad40be000, 0x00007f1ad40c8000, 0x00007f1ad40cd800,
0x00007f1ad40d0000, 0x00007f1ad40d2000, 0x00007f1ad40d4000, 0x00007f1ad4103000,
0x00007f1ad4107800, 0x00007f1ad44a0800, 0x00007f1a7000d000, 0x00007f1a70011000,
0x00007f1a70011800, 0x00007f1ad4504800, 0x00007f1ad4568000, 0x00007f1ad4569800,
0x00007f1ad459e800
}

Java Threads: ( => current thread )
=>0x00007f1ad4016800 JavaThread "main" [_thread_in_native, id=21046, stack(0x00007f1adbe69000,0x00007f1adbf6a000)]
  0x00007f1ad40be000 JavaThread "Reference Handler" daemon [_thread_blocked, id=21053, stack(0x00007f1ab4c7b000,0x00007f1ab4d7c000)]
  0x00007f1ad40c8000 JavaThread "Finalizer" daemon [_thread_blocked, id=21054, stack(0x00007f1ab4b7a000,0x00007f1ab4c7b000)]
  0x00007f1ad40cd800 JavaThread "Signal Dispatcher" daemon [_thread_blocked, id=21055, stack(0x00007f1ab40aa000,0x00007f1ab41ab000)]
  0x00007f1ad40d0000 JavaThread "C2 CompilerThread0" daemon [_thread_blocked, id=21056, stack(0x00007f1aadeff000,0x00007f1aae000000)]
  0x00007f1ad40d2000 JavaThread "C1 CompilerThread0" daemon [_thread_blocked, id=21057, stack(0x00007f1aaddfe000,0x00007f1aadeff000)]
  0x00007f1ad40d4000 JavaThread "Sweeper thread" daemon [_thread_blocked, id=21058, stack(0x00007f1aadcfd000,0x00007f1aaddfe000)]
  0x00007f1ad4103000 JavaThread "Service Thread" daemon [_thread_blocked, id=21059, stack(0x00007f1aadbfc000,0x00007f1aadcfd000)]
  0x00007f1ad4107800 JavaThread "Common-Cleaner" daemon [_thread_blocked, id=21061, stack(0x00007f1aad9f9000,0x00007f1aadafa000)]
  0x00007f1ad44a0800 JavaThread "Exec Default Executor" daemon [_thread_blocked, id=21064, stack(0x00007f1aace9b000,0x00007f1aacf9c000)]
  0x00007f1a7000d000 JavaThread "process reaper" daemon [_thread_in_native, id=21066, stack(0x00007f1ad801d000,0x00007f1ad803f000)]
  0x00007f1a70011000 JavaThread "Exec Stream Pumper" daemon [_thread_in_native, id=21067, stack(0x00007f1aacd9a000,0x00007f1aace9b000)]
  0x00007f1a70011800 JavaThread "Exec Stream Pumper" daemon [_thread_in_native, id=21068, stack(0x00007f1aacc99000,0x00007f1aacd9a000)]
  0x00007f1ad4504800 JavaThread "ForkJoinPool.commonPool-worker-3" daemon [_thread_blocked, id=21076, stack(0x00007f1aacb98000,0x00007f1aacc99000)]
  0x00007f1ad4568000 JavaThread "OkHttp ConnectionPool" daemon [_thread_blocked, id=21077, stack(0x00007f1aac897000,0x00007f1aac998000)]
  0x00007f1ad4569800 JavaThread "Okio Watchdog" daemon [_thread_blocked, id=21078, stack(0x00007f1aac796000,0x00007f1aac897000)]
  0x00007f1ad459e800 JavaThread "Java2D Disposer" daemon [_thread_blocked, id=21353, stack(0x00007f1aacf9c000,0x00007f1aad09d000)]

Other Threads:
  0x00007f1ad40bb000 VMThread "VM Thread" [stack: 0x00007f1ab4d7e000,0x00007f1ab4e7e000] [id=21052]
  0x00007f1ad4105800 WatcherThread [stack: 0x00007f1aadafc000,0x00007f1aadbfc000] [id=21060]
  0x00007f1ad402f000 GCTaskThread "GC Thread#0" [stack: 0x00007f1abc722000,0x00007f1abc822000] [id=21047]
  0x00007f1aa0001000 GCTaskThread "GC Thread#1" [stack: 0x00007f1aad09f000,0x00007f1aad19f000] [id=21062]
  0x00007f1ad4049800 ConcurrentGCThread "G1 Main Marker" [stack: 0x00007f1abc03e000,0x00007f1abc13e000] [id=21048]
  0x00007f1ad404b800 ConcurrentGCThread "G1 Conc#0" [stack: 0x00007f1ab5d64000,0x00007f1ab5e64000] [id=21049]
  0x00007f1ad408d000 ConcurrentGCThread "G1 Refine#0" [stack: 0x00007f1ab585e000,0x00007f1ab595e000] [id=21050]
  0x00007f1ad408f000 ConcurrentGCThread "G1 Young RemSet Sampling" [stack: 0x00007f1ab575c000,0x00007f1ab585c000] [id=21051]

Threads with active compile tasks:

VM state:not at safepoint (normal execution)

VM Mutex/Monitor currently owned by a thread: None

Heap address: 0x00000000c4400000, size: 956 MB, Compressed Oops mode: 32-bit
Narrow klass base: 0x0000000800000000, Narrow klass shift: 3
Compressed class space size: 1073741824 Address: 0x0000000840000000

Heap:
 garbage-first heap   total 63488K, used 25956K [0x00000000c4400000, 0x0000000100000000)
  region size 1024K, 22 young (22528K), 1 survivors (1024K)
 Metaspace       used 14435K, capacity 15026K, committed 15360K, reserved 1062912K
  class space    used 1790K, capacity 2020K, committed 2048K, reserved 1048576K
Heap Regions: E=young(eden), S=young(survivor), O=old, HS=humongous(starts), HC=humongous(continues), CS=collection set, F=free, A=archive, TAMS=top-at-mark-start (previous, next)
|   0|0x00000000c4400000, 0x00000000c4500000, 0x00000000c4500000|100%| O|  |TAMS 0x00000000c4400000, 0x00000000c4400000| Untracked 
|   1|0x00000000c4500000, 0x00000000c4600000, 0x00000000c4600000|100%| O|  |TAMS 0x00000000c4500000, 0x00000000c4500000| Untracked 
|   2|0x00000000c4600000, 0x00000000c4700000, 0x00000000c4700000|100%| O|  |TAMS 0x00000000c4600000, 0x00000000c4600000| Untracked 
|   3|0x00000000c4700000, 0x00000000c47e6000, 0x00000000c4800000| 89%| O|  |TAMS 0x00000000c4700000, 0x00000000c4700000| Untracked 
|   4|0x00000000c4800000, 0x00000000c4800000, 0x00000000c4900000|  0%| F|  |TAMS 0x00000000c4800000, 0x00000000c4800000| Untracked 
|   5|0x00000000c4900000, 0x00000000c4900000, 0x00000000c4a00000|  0%| F|  |TAMS 0x00000000c4900000, 0x00000000c4900000| Untracked 
|   6|0x00000000c4a00000, 0x00000000c4a00000, 0x00000000c4b00000|  0%| F|  |TAMS 0x00000000c4a00000, 0x00000000c4a00000| Untracked 
|   7|0x00000000c4b00000, 0x00000000c4b00000, 0x00000000c4c00000|  0%| F|  |TAMS 0x00000000c4b00000, 0x00000000c4b00000| Untracked 
|   8|0x00000000c4c00000, 0x00000000c4c00000, 0x00000000c4d00000|  0%| F|  |TAMS 0x00000000c4c00000, 0x00000000c4c00000| Untracked 
|   9|0x00000000c4d00000, 0x00000000c4d00000, 0x00000000c4e00000|  0%| F|  |TAMS 0x00000000c4d00000, 0x00000000c4d00000| Untracked 
|  10|0x00000000c4e00000, 0x00000000c4e00000, 0x00000000c4f00000|  0%| F|  |TAMS 0x00000000c4e00000, 0x00000000c4e00000| Untracked 
|  11|0x00000000c4f00000, 0x00000000c4f00000, 0x00000000c5000000|  0%| F|  |TAMS 0x00000000c4f00000, 0x00000000c4f00000| Untracked 
|  12|0x00000000c5000000, 0x00000000c5000000, 0x00000000c5100000|  0%| F|  |TAMS 0x00000000c5000000, 0x00000000c5000000| Untracked 
|  13|0x00000000c5100000, 0x00000000c5100000, 0x00000000c5200000|  0%| F|  |TAMS 0x00000000c5100000, 0x00000000c5100000| Untracked 
|  14|0x00000000c5200000, 0x00000000c5200000, 0x00000000c5300000|  0%| F|  |TAMS 0x00000000c5200000, 0x00000000c5200000| Untracked 
|  15|0x00000000c5300000, 0x00000000c5300000, 0x00000000c5400000|  0%| F|  |TAMS 0x00000000c5300000, 0x00000000c5300000| Untracked 
|  16|0x00000000c5400000, 0x00000000c5400000, 0x00000000c5500000|  0%| F|  |TAMS 0x00000000c5400000, 0x00000000c5400000| Untracked 
|  17|0x00000000c5500000, 0x00000000c5500000, 0x00000000c5600000|  0%| F|  |TAMS 0x00000000c5500000, 0x00000000c5500000| Untracked 
|  18|0x00000000c5600000, 0x00000000c5600000, 0x00000000c5700000|  0%| F|  |TAMS 0x00000000c5600000, 0x00000000c5600000| Untracked 
|  19|0x00000000c5700000, 0x00000000c5700000, 0x00000000c5800000|  0%| F|  |TAMS 0x00000000c5700000, 0x00000000c5700000| Untracked 
|  20|0x00000000c5800000, 0x00000000c5800000, 0x00000000c5900000|  0%| F|  |TAMS 0x00000000c5800000, 0x00000000c5800000| Untracked 
|  21|0x00000000c5900000, 0x00000000c5900000, 0x00000000c5a00000|  0%| F|  |TAMS 0x00000000c5900000, 0x00000000c5900000| Untracked 
|  22|0x00000000c5a00000, 0x00000000c5a00000, 0x00000000c5b00000|  0%| F|  |TAMS 0x00000000c5a00000, 0x00000000c5a00000| Untracked 
|  23|0x00000000c5b00000, 0x00000000c5b00000, 0x00000000c5c00000|  0%| F|  |TAMS 0x00000000c5b00000, 0x00000000c5b00000| Untracked 
|  24|0x00000000c5c00000, 0x00000000c5c00000, 0x00000000c5d00000|  0%| F|  |TAMS 0x00000000c5c00000, 0x00000000c5c00000| Untracked 
|  25|0x00000000c5d00000, 0x00000000c5d00000, 0x00000000c5e00000|  0%| F|  |TAMS 0x00000000c5d00000, 0x00000000c5d00000| Untracked 
|  26|0x00000000c5e00000, 0x00000000c5e00000, 0x00000000c5f00000|  0%| F|  |TAMS 0x00000000c5e00000, 0x00000000c5e00000| Untracked 
|  27|0x00000000c5f00000, 0x00000000c5f00000, 0x00000000c6000000|  0%| F|  |TAMS 0x00000000c5f00000, 0x00000000c5f00000| Untracked 
|  28|0x00000000c6000000, 0x00000000c6000000, 0x00000000c6100000|  0%| F|  |TAMS 0x00000000c6000000, 0x00000000c6000000| Untracked 
|  29|0x00000000c6100000, 0x00000000c6100000, 0x00000000c6200000|  0%| F|  |TAMS 0x00000000c6100000, 0x00000000c6100000| Untracked 
|  30|0x00000000c6200000, 0x00000000c6200000, 0x00000000c6300000|  0%| F|  |TAMS 0x00000000c6200000, 0x00000000c6200000| Untracked 
|  31|0x00000000c6300000, 0x00000000c6300000, 0x00000000c6400000|  0%| F|  |TAMS 0x00000000c6300000, 0x00000000c6300000| Untracked 
|  32|0x00000000c6400000, 0x00000000c6400000, 0x00000000c6500000|  0%| F|  |TAMS 0x00000000c6400000, 0x00000000c6400000| Untracked 
|  33|0x00000000c6500000, 0x00000000c6500000, 0x00000000c6600000|  0%| F|  |TAMS 0x00000000c6500000, 0x00000000c6500000| Untracked 
|  34|0x00000000c6600000, 0x00000000c6600000, 0x00000000c6700000|  0%| F|  |TAMS 0x00000000c6600000, 0x00000000c6600000| Untracked 
|  35|0x00000000c6700000, 0x00000000c6700000, 0x00000000c6800000|  0%| F|  |TAMS 0x00000000c6700000, 0x00000000c6700000| Untracked 
|  36|0x00000000c6800000, 0x00000000c6800000, 0x00000000c6900000|  0%| F|  |TAMS 0x00000000c6800000, 0x00000000c6800000| Untracked 
|  37|0x00000000c6900000, 0x00000000c6900000, 0x00000000c6a00000|  0%| F|  |TAMS 0x00000000c6900000, 0x00000000c6900000| Untracked 
|  38|0x00000000c6a00000, 0x00000000c6a6d950, 0x00000000c6b00000| 42%| E|  |TAMS 0x00000000c6a00000, 0x00000000c6a00000| Complete 
|  39|0x00000000c6b00000, 0x00000000c6c00000, 0x00000000c6c00000|100%| E|CS|TAMS 0x00000000c6b00000, 0x00000000c6b00000| Complete 
|  40|0x00000000c6c00000, 0x00000000c6d00000, 0x00000000c6d00000|100%| E|CS|TAMS 0x00000000c6c00000, 0x00000000c6c00000| Complete 
|  41|0x00000000c6d00000, 0x00000000c6e00000, 0x00000000c6e00000|100%| E|CS|TAMS 0x00000000c6d00000, 0x00000000c6d00000| Complete 
|  42|0x00000000c6e00000, 0x00000000c6f00000, 0x00000000c6f00000|100%| E|CS|TAMS 0x00000000c6e00000, 0x00000000c6e00000| Complete 
|  43|0x00000000c6f00000, 0x00000000c7000000, 0x00000000c7000000|100%| E|CS|TAMS 0x00000000c6f00000, 0x00000000c6f00000| Complete 
|  44|0x00000000c7000000, 0x00000000c7100000, 0x00000000c7100000|100%| E|CS|TAMS 0x00000000c7000000, 0x00000000c7000000| Complete 
|  45|0x00000000c7100000, 0x00000000c7200000, 0x00000000c7200000|100%| E|CS|TAMS 0x00000000c7100000, 0x00000000c7100000| Complete 
|  46|0x00000000c7200000, 0x00000000c7300000, 0x00000000c7300000|100%| E|CS|TAMS 0x00000000c7200000, 0x00000000c7200000| Complete 
|  47|0x00000000c7300000, 0x00000000c7400000, 0x00000000c7400000|100%| E|CS|TAMS 0x00000000c7300000, 0x00000000c7300000| Complete 
|  48|0x00000000c7400000, 0x00000000c7500000, 0x00000000c7500000|100%| E|CS|TAMS 0x00000000c7400000, 0x00000000c7400000| Complete 
|  49|0x00000000c7500000, 0x00000000c7600000, 0x00000000c7600000|100%| E|CS|TAMS 0x00000000c7500000, 0x00000000c7500000| Complete 
|  50|0x00000000c7600000, 0x00000000c76c2258, 0x00000000c7700000| 75%| S|CS|TAMS 0x00000000c7600000, 0x00000000c7600000| Complete 
|  51|0x00000000c7700000, 0x00000000c7800000, 0x00000000c7800000|100%| E|CS|TAMS 0x00000000c7700000, 0x00000000c7700000| Complete 
|  52|0x00000000c7800000, 0x00000000c7900000, 0x00000000c7900000|100%| E|CS|TAMS 0x00000000c7800000, 0x00000000c7800000| Complete 
|  53|0x00000000c7900000, 0x00000000c7a00000, 0x00000000c7a00000|100%| E|CS|TAMS 0x00000000c7900000, 0x00000000c7900000| Complete 
|  54|0x00000000c7a00000, 0x00000000c7b00000, 0x00000000c7b00000|100%| E|CS|TAMS 0x00000000c7a00000, 0x00000000c7a00000| Complete 
|  55|0x00000000c7b00000, 0x00000000c7c00000, 0x00000000c7c00000|100%| E|CS|TAMS 0x00000000c7b00000, 0x00000000c7b00000| Complete 
|  56|0x00000000c7c00000, 0x00000000c7d00000, 0x00000000c7d00000|100%| E|CS|TAMS 0x00000000c7c00000, 0x00000000c7c00000| Complete 
|  57|0x00000000c7d00000, 0x00000000c7e00000, 0x00000000c7e00000|100%| E|CS|TAMS 0x00000000c7d00000, 0x00000000c7d00000| Complete 
|  58|0x00000000c7e00000, 0x00000000c7f00000, 0x00000000c7f00000|100%| E|CS|TAMS 0x00000000c7e00000, 0x00000000c7e00000| Complete 
|  59|0x00000000c7f00000, 0x00000000c8000000, 0x00000000c8000000|100%| E|CS|TAMS 0x00000000c7f00000, 0x00000000c7f00000| Complete 
| 954|0x00000000ffe00000, 0x00000000ffe47000, 0x00000000fff00000| 27%|OA|  |TAMS 0x00000000ffe00000, 0x00000000ffe00000| Untracked 
| 955|0x00000000fff00000, 0x00000000fff6a000, 0x0000000100000000| 41%|CA|  |TAMS 0x00000000fff00000, 0x00000000fff00000| Untracked 

Card table byte_map: [0x00007f1ab7e22000,0x00007f1ab8000000] _byte_map_base: 0x00007f1ab7800000

Marking Bits (Prev, Next): (CMBitMap*) 0x00007f1ad4045008, (CMBitMap*) 0x00007f1ad4045040
 Prev Bits: [0x00007f1ab6d54000, 0x00007f1ab7c44000)
 Next Bits: [0x00007f1ab5e64000, 0x00007f1ab6d54000)

Polling page: 0x00007f1adbf89000

Metaspace:

Usage:
  Non-class:     12.70 MB capacity,    12.35 MB ( 97%) used,   307.16 KB (  2%) free+waste,    53.31 KB ( <1%) overhead. 
      Class:      1.97 MB capacity,     1.75 MB ( 89%) used,   201.88 KB ( 10%) free+waste,    27.94 KB (  1%) overhead. 
       Both:     14.67 MB capacity,    14.10 MB ( 96%) used,   509.04 KB (  3%) free+waste,    81.25 KB ( <1%) overhead. 

Virtual space:
  Non-class space:       14.00 MB reserved,      13.00 MB ( 93%) committed 
      Class space:        1.00 GB reserved,       2.00 MB ( <1%) committed 
             Both:        1.01 GB reserved,      15.00 MB (  1%) committed 

Chunk freelists:
   Non-Class:  102.00 KB
       Class:  28.00 KB
        Both:  130.00 KB

MaxMetaspaceSize: unlimited
CompressedClassSpaceSize: 1.00 GB

CodeHeap 'non-profiled nmethods': size=120032Kb used=620Kb max_used=620Kb free=119411Kb
 bounds [0x00007f1ac43d5000, 0x00007f1ac4645000, 0x00007f1acb90d000]
CodeHeap 'profiled nmethods': size=120032Kb used=3857Kb max_used=3857Kb free=116174Kb
 bounds [0x00007f1abce9d000, 0x00007f1abd26d000, 0x00007f1ac43d5000]
CodeHeap 'non-nmethods': size=5696Kb used=1169Kb max_used=1185Kb free=4526Kb
 bounds [0x00007f1abc90d000, 0x00007f1abcb7d000, 0x00007f1abce9d000]
 total_blobs=2818 nmethods=1875 adapters=426
 compilation: enabled
              stopped_count=0, restarted_count=0
 full_count=0

Compilation events (20 events):
Event: 25.896 Thread 0x00007f1ad40d2000 1867       3       java.lang.Integer::compareTo (12 bytes)
Event: 25.896 Thread 0x00007f1ad40d2000 nmethod 1867 0x00007f1abd25fb90 code [0x00007f1abd25fd60, 0x00007f1abd25fff0]
Event: 25.896 Thread 0x00007f1ad40d2000 1868       3       java.lang.Integer::compare (20 bytes)
Event: 25.896 Thread 0x00007f1ad40d2000 nmethod 1868 0x00007f1abd260110 code [0x00007f1abd2602c0, 0x00007f1abd2604b0]
Event: 25.900 Thread 0x00007f1ad40d2000 1869       3       javax.imageio.stream.ImageInputStreamImpl::checkClosed (18 bytes)
Event: 25.900 Thread 0x00007f1ad40d2000 nmethod 1869 0x00007f1abd260510 code [0x00007f1abd2606e0, 0x00007f1abd260968]
Event: 25.908 Thread 0x00007f1ad40d2000 1870       1       javax.imageio.plugins.tiff.TIFFTag::getNumber (5 bytes)
Event: 25.908 Thread 0x00007f1ad40d2000 nmethod 1870 0x00007f1ac446c390 code [0x00007f1ac446c540, 0x00007f1ac446c670]
Event: 25.908 Thread 0x00007f1ad40d2000 1871       1       javax.imageio.plugins.tiff.TIFFTag::getName (5 bytes)
Event: 25.908 Thread 0x00007f1ad40d2000 nmethod 1871 0x00007f1ac446c710 code [0x00007f1ac446c8c0, 0x00007f1ac446c9f0]
Event: 25.909 Thread 0x00007f1ad40d2000 1872       3       java.util.TreeMap::<init> (20 bytes)
Event: 25.909 Thread 0x00007f1ad40d2000 nmethod 1872 0x00007f1abd260a10 code [0x00007f1abd260be0, 0x00007f1abd260e50]
Event: 25.911 Thread 0x00007f1ad40d0000 nmethod 1862 0x00007f1ac446ca90 code [0x00007f1ac446cdc0, 0x00007f1ac446e258]
Event: 25.911 Thread 0x00007f1ad40d0000 1864       4       java.util.HashMap::resize (356 bytes)
Event: 25.912 Thread 0x00007f1ad40d2000 1873       1       java.awt.image.SampleModel::getNumBands (5 bytes)
Event: 25.912 Thread 0x00007f1ad40d2000 nmethod 1873 0x00007f1ac446ec10 code [0x00007f1ac446edc0, 0x00007f1ac446eef0]
Event: 25.913 Thread 0x00007f1ad40d2000 1874       3       java.lang.Math::max (12 bytes)
Event: 25.913 Thread 0x00007f1ad40d2000 nmethod 1874 0x00007f1abd260f10 code [0x00007f1abd2610c0, 0x00007f1abd261250]
Event: 25.913 Thread 0x00007f1ad40d2000 1875       3       java.lang.Math::min (12 bytes)
Event: 25.913 Thread 0x00007f1ad40d2000 nmethod 1875 0x00007f1abd261310 code [0x00007f1abd2614c0, 0x00007f1abd261650]

GC Heap History (4 events):
Event: 0.877 GC heap before
{Heap before GC invocations=0 (full 0):
 garbage-first heap   total 63488K, used 15044K [0x00000000c4400000, 0x0000000100000000)
  region size 1024K, 14 young (14336K), 0 survivors (0K)
 Metaspace       used 5153K, capacity 5982K, committed 6144K, reserved 1056768K
  class space    used 572K, capacity 651K, committed 768K, reserved 1048576K
}
Event: 0.888 GC heap after
{Heap after GC invocations=1 (full 0):
 garbage-first heap   total 63488K, used 4591K [0x00000000c4400000, 0x0000000100000000)
  region size 1024K, 2 young (2048K), 2 survivors (2048K)
 Metaspace       used 5153K, capacity 5982K, committed 6144K, reserved 1056768K
  class space    used 572K, capacity 651K, committed 768K, reserved 1048576K
}
Event: 1.191 GC heap before
{Heap before GC invocations=1 (full 0):
 garbage-first heap   total 63488K, used 13807K [0x00000000c4400000, 0x0000000100000000)
  region size 1024K, 11 young (11264K), 2 survivors (2048K)
 Metaspace       used 7807K, capacity 8226K, committed 8320K, reserved 1056768K
  class space    used 940K, capacity 1090K, committed 1152K, reserved 1048576K
}
Event: 1.202 GC heap after
{Heap after GC invocations=2 (full 0):
 garbage-first heap   total 63488K, used 5476K [0x00000000c4400000, 0x0000000100000000)
  region size 1024K, 1 young (1024K), 1 survivors (1024K)
 Metaspace       used 7807K, capacity 8226K, committed 8320K, reserved 1056768K
  class space    used 940K, capacity 1090K, committed 1152K, reserved 1048576K
}

Deoptimization events (20 events):
Event: 25.843 Thread 0x00007f1ad4016800 Uncommon trap: trap_request=0xffffffde fr.pc=0x00007f1ac441299c relative=0x0000000000000d7c
Event: 25.843 Thread 0x00007f1ad4016800 Uncommon trap: reason=class_check action=maybe_recompile pc=0x00007f1ac441299c method=java.util.HashMap.putVal(ILjava/lang/Object;Ljava/lang/Object;ZZ)Ljava/lang/Object; @ 91 c2
Event: 25.843 Thread 0x00007f1ad4016800 DEOPT PACKING pc=0x00007f1ac441299c sp=0x00007f1adbf67590
Event: 25.843 Thread 0x00007f1ad4016800 DEOPT UNPACKING pc=0x00007f1abc9359a5 sp=0x00007f1adbf67530 mode 2
Event: 25.843 Thread 0x00007f1ad4016800 Uncommon trap: trap_request=0xffffffde fr.pc=0x00007f1ac441299c relative=0x0000000000000d7c
Event: 25.844 Thread 0x00007f1ad4016800 Uncommon trap: reason=class_check action=maybe_recompile pc=0x00007f1ac441299c method=java.util.HashMap.putVal(ILjava/lang/Object;Ljava/lang/Object;ZZ)Ljava/lang/Object; @ 91 c2
Event: 25.844 Thread 0x00007f1ad4016800 DEOPT PACKING pc=0x00007f1ac441299c sp=0x00007f1adbf67580
Event: 25.844 Thread 0x00007f1ad4016800 DEOPT UNPACKING pc=0x00007f1abc9359a5 sp=0x00007f1adbf67520 mode 2
Event: 25.844 Thread 0x00007f1ad4016800 Uncommon trap: trap_request=0xffffffde fr.pc=0x00007f1ac441299c relative=0x0000000000000d7c
Event: 25.844 Thread 0x00007f1ad4016800 Uncommon trap: reason=class_check action=maybe_recompile pc=0x00007f1ac441299c method=java.util.HashMap.putVal(ILjava/lang/Object;Ljava/lang/Object;ZZ)Ljava/lang/Object; @ 91 c2
Event: 25.844 Thread 0x00007f1ad4016800 DEOPT PACKING pc=0x00007f1ac441299c sp=0x00007f1adbf675a0
Event: 25.844 Thread 0x00007f1ad4016800 DEOPT UNPACKING pc=0x00007f1abc9359a5 sp=0x00007f1adbf67540 mode 2
Event: 25.844 Thread 0x00007f1ad4016800 Uncommon trap: trap_request=0xffffffde fr.pc=0x00007f1ac441299c relative=0x0000000000000d7c
Event: 25.844 Thread 0x00007f1ad4016800 Uncommon trap: reason=class_check action=maybe_recompile pc=0x00007f1ac441299c method=java.util.HashMap.putVal(ILjava/lang/Object;Ljava/lang/Object;ZZ)Ljava/lang/Object; @ 91 c2
Event: 25.844 Thread 0x00007f1ad4016800 DEOPT PACKING pc=0x00007f1ac441299c sp=0x00007f1adbf675a0
Event: 25.844 Thread 0x00007f1ad4016800 DEOPT UNPACKING pc=0x00007f1abc9359a5 sp=0x00007f1adbf67540 mode 2
Event: 25.850 Thread 0x00007f1ad4016800 Uncommon trap: trap_request=0xffffff4d fr.pc=0x00007f1ac4468ac8 relative=0x0000000000000188
Event: 25.850 Thread 0x00007f1ad4016800 Uncommon trap: reason=unstable_if action=reinterpret pc=0x00007f1ac4468ac8 method=java.util.HashMap.getNode(ILjava/lang/Object;)Ljava/util/HashMap$Node; @ 129 c2
Event: 25.850 Thread 0x00007f1ad4016800 DEOPT PACKING pc=0x00007f1ac4468ac8 sp=0x00007f1adbf674f0
Event: 25.850 Thread 0x00007f1ad4016800 DEOPT UNPACKING pc=0x00007f1abc9359a5 sp=0x00007f1adbf67410 mode 2

Classes redefined (0 events):
No events

Internal exceptions (20 events):
Event: 25.038 Thread 0x00007f1ad4016800 Exception <a 'java/net/SocketTimeoutException'{0x00000000c7819ed0}: Read timed out> (0x00000000c7819ed0) thrown at [./src/hotspot/share/prims/jni.cpp, line 636]
Event: 25.078 Thread 0x00007f1ad4016800 Exception <a 'java/net/SocketTimeoutException'{0x00000000c773a610}: Read timed out> (0x00000000c773a610) thrown at [./src/hotspot/share/prims/jni.cpp, line 636]
Event: 25.094 Thread 0x00007f1ad4016800 Exception <a 'java/net/SocketTimeoutException'{0x00000000c7750c98}: Read timed out> (0x00000000c7750c98) thrown at [./src/hotspot/share/prims/jni.cpp, line 636]
Event: 25.119 Thread 0x00007f1ad4016800 Exception <a 'java/net/SocketTimeoutException'{0x00000000c779aaf8}: Read timed out> (0x00000000c779aaf8) thrown at [./src/hotspot/share/prims/jni.cpp, line 636]
Event: 25.348 Thread 0x00007f1ad4016800 Exception <a 'java/net/SocketTimeoutException'{0x00000000c77ab590}: Read timed out> (0x00000000c77ab590) thrown at [./src/hotspot/share/prims/jni.cpp, line 636]
Event: 25.362 Thread 0x00007f1ad4016800 Exception <a 'java/net/SocketTimeoutException'{0x00000000c77d7568}: Read timed out> (0x00000000c77d7568) thrown at [./src/hotspot/share/prims/jni.cpp, line 636]
Event: 25.400 Thread 0x00007f1ad4016800 Exception <a 'java/net/SocketTimeoutException'{0x00000000c77e8be0}: Read timed out> (0x00000000c77e8be0) thrown at [./src/hotspot/share/prims/jni.cpp, line 636]
Event: 25.412 Thread 0x00007f1ad4016800 Exception <a 'java/net/SocketTimeoutException'{0x00000000c75030a0}: Read timed out> (0x00000000c75030a0) thrown at [./src/hotspot/share/prims/jni.cpp, line 636]
Event: 25.443 Thread 0x00007f1ad4016800 Exception <a 'java/net/SocketTimeoutException'{0x00000000c7513a28}: Read timed out> (0x00000000c7513a28) thrown at [./src/hotspot/share/prims/jni.cpp, line 636]
Event: 25.543 Thread 0x00007f1ad4016800 Exception <a 'java/lang/ClassNotFoundException'{0x00000000c74c9210}: javax/smartcardio/CardPermission> (0x00000000c74c9210) thrown at [./src/hotspot/share/classfile/systemDictionary.cpp, line 231]
Event: 25.576 Thread 0x00007f1ad4016800 Exception <a 'java/io/FileNotFoundException'{0x00000000c74d6128}> (0x00000000c74d6128) thrown at [./src/hotspot/share/prims/jni.cpp, line 615]
Event: 25.659 Thread 0x00007f1ad4016800 Exception <a 'java/lang/ClassNotFoundException'{0x00000000c7256928}: sun/awt/resources/spi/awtProvider> (0x00000000c7256928) thrown at [./src/hotspot/share/classfile/systemDictionary.cpp, line 231]
Event: 25.672 Thread 0x00007f1ad4016800 Exception <a 'java/io/FileNotFoundException'{0x00000000c729bcc8}> (0x00000000c729bcc8) thrown at [./src/hotspot/share/prims/jni.cpp, line 615]
Event: 25.683 Thread 0x00007f1ad4016800 Exception <a 'java/lang/NoSuchMethodError'{0x00000000c72f6818}: 'java.lang.Object java.lang.invoke.DirectMethodHandle$Holder.invokeStatic(java.lang.Object, java.lang.Object, java.lang.Object, java.lang.Object, java.lang.Object, java.lang.Object, java.lang.Object, java.lang.Object, java.lang.Object, java.lang.Object, java.lang.Object, java.lang.Object, java.lang.Object, java.lang.Object, java.lang.Object)'> (0x00000000c72f6818) thrown at [./src/hotspot/share/interpreter/linkResolver.cpp, line 773]
Event: 25.685 Thread 0x00007f1ad4016800 Exception <a 'java/lang/NoSuchMethodError'{0x00000000c7104878}: 'java.lang.Object java.lang.invoke.DirectMethodHandle$Holder.invokeStatic(java.lang.Object, java.lang.Object, java.lang.Object, java.lang.Object, java.lang.Object, java.lang.Object, java.lang.Object, java.lang.Object, java.lang.Object, java.lang.Object, java.lang.Object, java.lang.Object, java.lang.Object, java.lang.Object, java.lang.Object, java.lang.Object)'> (0x00000000c7104878) thrown at [./src/hotspot/share/interpreter/linkResolver.cpp, l
Event: 25.687 Thread 0x00007f1ad4016800 Exception <a 'java/lang/NoSuchMethodError'{0x00000000c71124e8}: 'java.lang.Object java.lang.invoke.DirectMethodHandle$Holder.invokeSpecial(java.lang.Object, java.lang.Object, int, int, java.lang.Object, java.lang.Object, java.lang.Object)'> (0x00000000c71124e8) thrown at [./src/hotspot/share/interpreter/linkResolver.cpp, line 773]
Event: 25.687 Thread 0x00007f1ad4016800 Exception <a 'java/lang/NoSuchMethodError'{0x00000000c7115a78}: 'java.lang.Object java.lang.invoke.DelegatingMethodHandle$Holder.reinvoke_L(java.lang.Object, int, int, java.lang.Object, java.lang.Object, java.lang.Object)'> (0x00000000c7115a78) thrown at [./src/hotspot/share/interpreter/linkResolver.cpp, line 773]
Event: 25.688 Thread 0x00007f1ad4016800 Exception <a 'java/lang/NoSuchMethodError'{0x00000000c7119a50}: 'java.lang.Object java.lang.invoke.DirectMethodHandle$Holder.invokeStatic(java.lang.Object, java.lang.Object, java.lang.Object, java.lang.Object, int)'> (0x00000000c7119a50) thrown at [./src/hotspot/share/interpreter/linkResolver.cpp, line 773]
Event: 25.820 Thread 0x00007f1ad4016800 Exception <a 'java/lang/UnsatisfiedLinkError'{0x00000000c6e502f0}: libtesseract.so: cannot open shared object file: No such file or directory> (0x00000000c6e502f0) thrown at [./src/hotspot/share/prims/jni.cpp, line 636]
Event: 25.820 Thread 0x00007f1ad4016800 Exception <a 'java/lang/UnsatisfiedLinkError'{0x00000000c6e50e00}: libtesseract.so: cannot open shared object file: No such file or directory> (0x00000000c6e50e00) thrown at [./src/hotspot/share/prims/jni.cpp, line 636]

Events (20 events):
Event: 25.910 loading class com/sun/imageio/plugins/tiff/TIFFIFD
Event: 25.910 loading class javax/imageio/plugins/tiff/TIFFDirectory
Event: 25.910 loading class javax/imageio/plugins/tiff/TIFFDirectory done
Event: 25.910 loading class com/sun/imageio/plugins/tiff/TIFFIFD done
Event: 25.910 loading class javax/imageio/plugins/tiff/TIFFField
Event: 25.911 loading class javax/imageio/plugins/tiff/TIFFField done
Event: 25.911 loading class com/sun/imageio/plugins/tiff/TIFFIFD$TIFFIFDEntry
Event: 25.911 loading class com/sun/imageio/plugins/tiff/TIFFIFD$TIFFIFDEntry done
Event: 25.911 loading class com/sun/imageio/plugins/tiff/TIFFDecompressor
Event: 25.911 loading class com/sun/imageio/plugins/tiff/TIFFDecompressor done
Event: 25.912 loading class com/sun/imageio/plugins/common/ImageUtil
Event: 25.912 loading class com/sun/imageio/plugins/common/ImageUtil done
Event: 25.912 loading class com/sun/imageio/plugins/tiff/TIFFNullDecompressor
Event: 25.912 loading class com/sun/imageio/plugins/tiff/TIFFNullDecompressor done
Event: 25.912 loading class com/sun/imageio/plugins/tiff/TIFFImageWriter
Event: 25.912 loading class com/sun/imageio/plugins/tiff/TIFFImageWriter done
Event: 25.914 loading class java/lang/StrictMath
Event: 25.914 loading class java/lang/StrictMath done
Event: 25.914 loading class com/sun/jna/Native$Buffers
Event: 25.914 loading class com/sun/jna/Native$Buffers done


Dynamic libraries:
c4400000-c8000000 rw-p 00000000 00:00 0 
c8000000-ffe00000 ---p 00000000 00:00 0 
ffe00000-ffe47000 rw-p 0110b000 08:01 12456481                           /usr/lib/jvm/java-11-openjdk-amd64/lib/server/classes.jsa
ffe47000-fff00000 rw-p 00000000 00:00 0 
fff00000-fff6a000 rw-p 010a1000 08:01 12456481                           /usr/lib/jvm/java-11-openjdk-amd64/lib/server/classes.jsa
fff6a000-100000000 rw-p 00000000 00:00 0 
800000000-800002000 rwxp 00001000 08:01 12456481                         /usr/lib/jvm/java-11-openjdk-amd64/lib/server/classes.jsa
800002000-8003b8000 rw-p 00003000 08:01 12456481                         /usr/lib/jvm/java-11-openjdk-amd64/lib/server/classes.jsa
8003b8000-800a93000 r--p 003b9000 08:01 12456481                         /usr/lib/jvm/java-11-openjdk-amd64/lib/server/classes.jsa
800a93000-800a94000 rw-p 00a94000 08:01 12456481                         /usr/lib/jvm/java-11-openjdk-amd64/lib/server/classes.jsa
800a94000-8010a0000 r--p 00a95000 08:01 12456481                         /usr/lib/jvm/java-11-openjdk-amd64/lib/server/classes.jsa
840000000-840200000 rw-p 00000000 00:00 0 
840200000-880000000 ---p 00000000 00:00 0 
564c84186000-564c84187000 r-xp 00000000 08:01 12455190                   /usr/lib/jvm/java-11-openjdk-amd64/bin/java
564c84387000-564c84388000 r--p 00001000 08:01 12455190                   /usr/lib/jvm/java-11-openjdk-amd64/bin/java
564c84388000-564c84389000 rw-p 00002000 08:01 12455190                   /usr/lib/jvm/java-11-openjdk-amd64/bin/java
564c8596c000-564c8598d000 rw-p 00000000 00:00 0                          [heap]
7f1a508e3000-7f1a509e3000 rw-p 00000000 00:00 0 
7f1a509e3000-7f1a50ae3000 ---p 00000000 00:00 0 
7f1a50ae3000-7f1a50aee000 r-xp 00000000 08:01 6562053                    /usr/lib/x86_64-linux-gnu/libjbig.so.0
7f1a50aee000-7f1a50ced000 ---p 0000b000 08:01 6562053                    /usr/lib/x86_64-linux-gnu/libjbig.so.0
7f1a50ced000-7f1a50cee000 r--p 0000a000 08:01 6562053                    /usr/lib/x86_64-linux-gnu/libjbig.so.0
7f1a50cee000-7f1a50cf1000 rw-p 0000b000 08:01 6562053                    /usr/lib/x86_64-linux-gnu/libjbig.so.0
7f1a50cf1000-7f1a50d15000 r-xp 00000000 08:01 9966594                    /lib/x86_64-linux-gnu/liblzma.so.5.2.2
7f1a50d15000-7f1a50f15000 ---p 00024000 08:01 9966594                    /lib/x86_64-linux-gnu/liblzma.so.5.2.2
7f1a50f15000-7f1a50f16000 r--p 00024000 08:01 9966594                    /lib/x86_64-linux-gnu/liblzma.so.5.2.2
7f1a50f16000-7f1a50f17000 rw-p 00025000 08:01 9966594                    /lib/x86_64-linux-gnu/liblzma.so.5.2.2
7f1a50f17000-7f1a50f6b000 r-xp 00000000 08:01 6555779                    /usr/lib/x86_64-linux-gnu/libopenjp2.so.2.3.0
7f1a50f6b000-7f1a5116b000 ---p 00054000 08:01 6555779                    /usr/lib/x86_64-linux-gnu/libopenjp2.so.2.3.0
7f1a5116b000-7f1a5116c000 r--p 00054000 08:01 6555779                    /usr/lib/x86_64-linux-gnu/libopenjp2.so.2.3.0
7f1a5116c000-7f1a5116d000 rw-p 00055000 08:01 6555779                    /usr/lib/x86_64-linux-gnu/libopenjp2.so.2.3.0
7f1a5116d000-7f1a511d3000 r-xp 00000000 08:01 6562528                    /usr/lib/x86_64-linux-gnu/libwebp.so.6.0.2
7f1a511d3000-7f1a513d2000 ---p 00066000 08:01 6562528                    /usr/lib/x86_64-linux-gnu/libwebp.so.6.0.2
7f1a513d2000-7f1a513d3000 r--p 00065000 08:01 6562528                    /usr/lib/x86_64-linux-gnu/libwebp.so.6.0.2
7f1a513d3000-7f1a513d4000 rw-p 00066000 08:01 6562528                    /usr/lib/x86_64-linux-gnu/libwebp.so.6.0.2
7f1a513d4000-7f1a513d6000 rw-p 00000000 00:00 0 
7f1a513d6000-7f1a51449000 r-xp 00000000 08:01 6554686                    /usr/lib/x86_64-linux-gnu/libtiff.so.5.3.0
7f1a51449000-7f1a51648000 ---p 00073000 08:01 6554686                    /usr/lib/x86_64-linux-gnu/libtiff.so.5.3.0
7f1a51648000-7f1a5164c000 r--p 00072000 08:01 6554686                    /usr/lib/x86_64-linux-gnu/libtiff.so.5.3.0
7f1a5164c000-7f1a5164d000 rw-p 00076000 08:01 6554686                    /usr/lib/x86_64-linux-gnu/libtiff.so.5.3.0
7f1a5164d000-7f1a51655000 r-xp 00000000 08:01 6562893                    /usr/lib/x86_64-linux-gnu/libgif.so.7.0.0
7f1a51655000-7f1a51854000 ---p 00008000 08:01 6562893                    /usr/lib/x86_64-linux-gnu/libgif.so.7.0.0
7f1a51854000-7f1a51855000 r--p 00007000 08:01 6562893                    /usr/lib/x86_64-linux-gnu/libgif.so.7.0.0
7f1a51855000-7f1a51856000 rw-p 00008000 08:01 6562893                    /usr/lib/x86_64-linux-gnu/libgif.so.7.0.0
7f1a51856000-7f1a518bd000 r-xp 00000000 08:01 6554613                    /usr/lib/x86_64-linux-gnu/libjpeg.so.8.1.2
7f1a518bd000-7f1a51abc000 ---p 00067000 08:01 6554613                    /usr/lib/x86_64-linux-gnu/libjpeg.so.8.1.2
7f1a51abc000-7f1a51abd000 r--p 00066000 08:01 6554613                    /usr/lib/x86_64-linux-gnu/libjpeg.so.8.1.2
7f1a51abd000-7f1a51abe000 rw-p 00067000 08:01 6554613                    /usr/lib/x86_64-linux-gnu/libjpeg.so.8.1.2
7f1a51abe000-7f1a51aef000 r-xp 00000000 08:01 6562256                    /usr/lib/x86_64-linux-gnu/libpng16.so.16.34.0
7f1a51aef000-7f1a51cee000 ---p 00031000 08:01 6562256                    /usr/lib/x86_64-linux-gnu/libpng16.so.16.34.0
7f1a51cee000-7f1a51cef000 r--p 00030000 08:01 6562256                    /usr/lib/x86_64-linux-gnu/libpng16.so.16.34.0
7f1a51cef000-7f1a51cf0000 rw-p 00031000 08:01 6562256                    /usr/lib/x86_64-linux-gnu/libpng16.so.16.34.0
7f1a51cf0000-7f1a51d1e000 r-xp 00000000 08:01 6555237                    /usr/lib/x86_64-linux-gnu/libgomp.so.1.0.0
7f1a51d1e000-7f1a51f1d000 ---p 0002e000 08:01 6555237                    /usr/lib/x86_64-linux-gnu/libgomp.so.1.0.0
7f1a51f1d000-7f1a51f1e000 r--p 0002d000 08:01 6555237                    /usr/lib/x86_64-linux-gnu/libgomp.so.1.0.0
7f1a51f1e000-7f1a51f1f000 rw-p 0002e000 08:01 6555237                    /usr/lib/x86_64-linux-gnu/libgomp.so.1.0.0
7f1a51f1f000-7f1a5217b000 r-xp 00000000 08:01 6556067                    /usr/lib/x86_64-linux-gnu/liblept.so.5.0.2
7f1a5217b000-7f1a5237a000 ---p 0025c000 08:01 6556067                    /usr/lib/x86_64-linux-gnu/liblept.so.5.0.2
7f1a5237a000-7f1a5237b000 r--p 0025b000 08:01 6556067                    /usr/lib/x86_64-linux-gnu/liblept.so.5.0.2
7f1a5237b000-7f1a52381000 rw-p 0025c000 08:01 6556067                    /usr/lib/x86_64-linux-gnu/liblept.so.5.0.2
7f1a52381000-7f1a5268e000 r-xp 00000000 08:01 6556069                    /usr/lib/x86_64-linux-gnu/libtesseract.so.4.0.0
7f1a5268e000-7f1a5288d000 ---p 0030d000 08:01 6556069                    /usr/lib/x86_64-linux-gnu/libtesseract.so.4.0.0
7f1a5288d000-7f1a52892000 r--p 0030c000 08:01 6556069                    /usr/lib/x86_64-linux-gnu/libtesseract.so.4.0.0
7f1a52892000-7f1a52893000 rw-p 00311000 08:01 6556069                    /usr/lib/x86_64-linux-gnu/libtesseract.so.4.0.0
7f1a52893000-7f1a52b37000 rw-p 00000000 00:00 0 
7f1a52b37000-7f1a52b4e000 r-xp 00000000 08:01 19017328                   /tmp/jna-104583599/jna7953123695920998930.tmp (deleted)
7f1a52b4e000-7f1a52c4d000 ---p 00017000 08:01 19017328                   /tmp/jna-104583599/jna7953123695920998930.tmp (deleted)
7f1a52c4d000-7f1a52c4f000 rw-p 00016000 08:01 19017328                   /tmp/jna-104583599/jna7953123695920998930.tmp (deleted)
7f1a52c4f000-7f1a52c62000 r-xp 00000000 08:01 9961655                    /lib/x86_64-linux-gnu/libbsd.so.0.8.7
7f1a52c62000-7f1a52e61000 ---p 00013000 08:01 9961655                    /lib/x86_64-linux-gnu/libbsd.so.0.8.7
7f1a52e61000-7f1a52e62000 r--p 00012000 08:01 9961655                    /lib/x86_64-linux-gnu/libbsd.so.0.8.7
7f1a52e62000-7f1a52e63000 rw-p 00013000 08:01 9961655                    /lib/x86_64-linux-gnu/libbsd.so.0.8.7
7f1a52e63000-7f1a52e64000 rw-p 00000000 00:00 0 
7f1a52e64000-7f1a52e69000 r-xp 00000000 08:01 6561397                    /usr/lib/x86_64-linux-gnu/libXdmcp.so.6.0.0
7f1a52e69000-7f1a53068000 ---p 00005000 08:01 6561397                    /usr/lib/x86_64-linux-gnu/libXdmcp.so.6.0.0
7f1a53068000-7f1a53069000 r--p 00004000 08:01 6561397                    /usr/lib/x86_64-linux-gnu/libXdmcp.so.6.0.0
7f1a53069000-7f1a5306a000 rw-p 00005000 08:01 6561397                    /usr/lib/x86_64-linux-gnu/libXdmcp.so.6.0.0
7f1a5306a000-7f1a5306c000 r-xp 00000000 08:01 6561386                    /usr/lib/x86_64-linux-gnu/libXau.so.6.0.0
7f1a5306c000-7f1a5326c000 ---p 00002000 08:01 6561386                    /usr/lib/x86_64-linux-gnu/libXau.so.6.0.0
7f1a5326c000-7f1a5326d000 r--p 00002000 08:01 6561386                    /usr/lib/x86_64-linux-gnu/libXau.so.6.0.0
7f1a5326d000-7f1a5326e000 rw-p 00003000 08:01 6561386                    /usr/lib/x86_64-linux-gnu/libXau.so.6.0.0
7f1a5326e000-7f1a53294000 r-xp 00000000 08:01 6562599                    /usr/lib/x86_64-linux-gnu/libxcb.so.1.1.0
7f1a53294000-7f1a53494000 ---p 00026000 08:01 6562599                    /usr/lib/x86_64-linux-gnu/libxcb.so.1.1.0
7f1a53494000-7f1a53495000 r--p 00026000 08:01 6562599                    /usr/lib/x86_64-linux-gnu/libxcb.so.1.1.0
7f1a53495000-7f1a53496000 rw-p 00027000 08:01 6562599                    /usr/lib/x86_64-linux-gnu/libxcb.so.1.1.0
7f1a53496000-7f1a534a5000 r-xp 00000000 08:01 6561407                    /usr/lib/x86_64-linux-gnu/libXi.so.6.1.0
7f1a534a5000-7f1a536a4000 ---p 0000f000 08:01 6561407                    /usr/lib/x86_64-linux-gnu/libXi.so.6.1.0
7f1a536a4000-7f1a536a5000 r--p 0000e000 08:01 6561407                    /usr/lib/x86_64-linux-gnu/libXi.so.6.1.0
7f1a536a5000-7f1a536a6000 rw-p 0000f000 08:01 6561407                    /usr/lib/x86_64-linux-gnu/libXi.so.6.1.0
7f1a536a6000-7f1a536ab000 r-xp 00000000 08:01 6561425                    /usr/lib/x86_64-linux-gnu/libXtst.so.6.1.0
7f1a536ab000-7f1a538aa000 ---p 00005000 08:01 6561425                    /usr/lib/x86_64-linux-gnu/libXtst.so.6.1.0
7f1a538aa000-7f1a538ab000 r--p 00004000 08:01 6561425                    /usr/lib/x86_64-linux-gnu/libXtst.so.6.1.0
7f1a538ab000-7f1a538ac000 rw-p 00005000 08:01 6561425                    /usr/lib/x86_64-linux-gnu/libXtst.so.6.1.0
7f1a538ac000-7f1a538b5000 r-xp 00000000 08:01 6561419                    /usr/lib/x86_64-linux-gnu/libXrender.so.1.3.0
7f1a538b5000-7f1a53ab4000 ---p 00009000 08:01 6561419                    /usr/lib/x86_64-linux-gnu/libXrender.so.1.3.0
7f1a53ab4000-7f1a53ab5000 r--p 00008000 08:01 6561419                    /usr/lib/x86_64-linux-gnu/libXrender.so.1.3.0
7f1a53ab5000-7f1a53ab6000 rw-p 00009000 08:01 6561419                    /usr/lib/x86_64-linux-gnu/libXrender.so.1.3.0
7f1a53ab6000-7f1a53be9000 r-xp 00000000 08:01 6561382                    /usr/lib/x86_64-linux-gnu/libX11.so.6.3.0
7f1a53be9000-7f1a53de9000 ---p 00133000 08:01 6561382                    /usr/lib/x86_64-linux-gnu/libX11.so.6.3.0
7f1a53de9000-7f1a53dea000 r--p 00133000 08:01 6561382                    /usr/lib/x86_64-linux-gnu/libX11.so.6.3.0
7f1a53dea000-7f1a53dee000 rw-p 00134000 08:01 6561382                    /usr/lib/x86_64-linux-gnu/libX11.so.6.3.0
7f1a53dee000-7f1a53dff000 r-xp 00000000 08:01 6561399                    /usr/lib/x86_64-linux-gnu/libXext.so.6.4.0
7f1a53dff000-7f1a53ffe000 ---p 00011000 08:01 6561399                    /usr/lib/x86_64-linux-gnu/libXext.so.6.4.0
7f1a53ffe000-7f1a53fff000 r--p 00010000 08:01 6561399                    /usr/lib/x86_64-linux-gnu/libXext.so.6.4.0
7f1a53fff000-7f1a54000000 rw-p 00011000 08:01 6561399                    /usr/lib/x86_64-linux-gnu/libXext.so.6.4.0
7f1a54000000-7f1a54021000 rw-p 00000000 00:00 0 
7f1a54021000-7f1a58000000 ---p 00000000 00:00 0 
7f1a58000000-7f1a58021000 rw-p 00000000 00:00 0 
7f1a58021000-7f1a5c000000 ---p 00000000 00:00 0 
7f1a5c000000-7f1a5c021000 rw-p 00000000 00:00 0 
7f1a5c021000-7f1a60000000 ---p 00000000 00:00 0 
7f1a60000000-7f1a60021000 rw-p 00000000 00:00 0 
7f1a60021000-7f1a64000000 ---p 00000000 00:00 0 
7f1a64000000-7f1a64021000 rw-p 00000000 00:00 0 
7f1a64021000-7f1a68000000 ---p 00000000 00:00 0 
7f1a68000000-7f1a68021000 rw-p 00000000 00:00 0 
7f1a68021000-7f1a6c000000 ---p 00000000 00:00 0 
7f1a6c000000-7f1a6c10c000 rw-p 00000000 00:00 0 
7f1a6c10c000-7f1a70000000 ---p 00000000 00:00 0 
7f1a70000000-7f1a70021000 rw-p 00000000 00:00 0 
7f1a70021000-7f1a74000000 ---p 00000000 00:00 0 
7f1a74000000-7f1a74021000 rw-p 00000000 00:00 0 
7f1a74021000-7f1a78000000 ---p 00000000 00:00 0 
7f1a78000000-7f1a78021000 rw-p 00000000 00:00 0 
7f1a78021000-7f1a7c000000 ---p 00000000 00:00 0 
7f1a7c000000-7f1a7c021000 rw-p 00000000 00:00 0 
7f1a7c021000-7f1a80000000 ---p 00000000 00:00 0 
7f1a80000000-7f1a80021000 rw-p 00000000 00:00 0 
7f1a80021000-7f1a84000000 ---p 00000000 00:00 0 
7f1a84000000-7f1a84421000 rw-p 00000000 00:00 0 
7f1a84421000-7f1a88000000 ---p 00000000 00:00 0 
7f1a88000000-7f1a88021000 rw-p 00000000 00:00 0 
7f1a88021000-7f1a8c000000 ---p 00000000 00:00 0 
7f1a8c000000-7f1a8c021000 rw-p 00000000 00:00 0 
7f1a8c021000-7f1a90000000 ---p 00000000 00:00 0 
7f1a90000000-7f1a903c1000 rw-p 00000000 00:00 0 
7f1a903c1000-7f1a94000000 ---p 00000000 00:00 0 
7f1a94000000-7f1a94021000 rw-p 00000000 00:00 0 
7f1a94021000-7f1a98000000 ---p 00000000 00:00 0 
7f1a98000000-7f1a98021000 rw-p 00000000 00:00 0 
7f1a98021000-7f1a9c000000 ---p 00000000 00:00 0 
7f1a9c000000-7f1a9c021000 rw-p 00000000 00:00 0 
7f1a9c021000-7f1aa0000000 ---p 00000000 00:00 0 
7f1aa0000000-7f1aa0021000 rw-p 00000000 00:00 0 
7f1aa0021000-7f1aa4000000 ---p 00000000 00:00 0 
7f1aa4000000-7f1aa4021000 rw-p 00000000 00:00 0 
7f1aa4021000-7f1aa8000000 ---p 00000000 00:00 0 
7f1aa8000000-7f1aa8021000 rw-p 00000000 00:00 0 
7f1aa8021000-7f1aac000000 ---p 00000000 00:00 0 
7f1aac063000-7f1aac0c2000 r-xp 00000000 08:01 12455373                   /usr/lib/jvm/java-11-openjdk-amd64/lib/libawt_xawt.so
7f1aac0c2000-7f1aac2c1000 ---p 0005f000 08:01 12455373                   /usr/lib/jvm/java-11-openjdk-amd64/lib/libawt_xawt.so
7f1aac2c1000-7f1aac2c2000 r--p 0005e000 08:01 12455373                   /usr/lib/jvm/java-11-openjdk-amd64/lib/libawt_xawt.so
7f1aac2c2000-7f1aac2c5000 rw-p 0005f000 08:01 12455373                   /usr/lib/jvm/java-11-openjdk-amd64/lib/libawt_xawt.so
7f1aac2c5000-7f1aac2c7000 rw-p 00000000 00:00 0 
7f1aac2c7000-7f1aac365000 r-xp 00000000 08:01 12455371                   /usr/lib/jvm/java-11-openjdk-amd64/lib/libawt.so
7f1aac365000-7f1aac565000 ---p 0009e000 08:01 12455371                   /usr/lib/jvm/java-11-openjdk-amd64/lib/libawt.so
7f1aac565000-7f1aac566000 r--p 0009e000 08:01 12455371                   /usr/lib/jvm/java-11-openjdk-amd64/lib/libawt.so
7f1aac566000-7f1aac571000 rw-p 0009f000 08:01 12455371                   /usr/lib/jvm/java-11-openjdk-amd64/lib/libawt.so
7f1aac571000-7f1aac796000 rw-p 00000000 00:00 0 
7f1aac796000-7f1aac79a000 ---p 00000000 00:00 0 
7f1aac79a000-7f1aac897000 rw-p 00000000 00:00 0 
7f1aac897000-7f1aac89b000 ---p 00000000 00:00 0 
7f1aac89b000-7f1aacb98000 rw-p 00000000 00:00 0 
7f1aacb98000-7f1aacb9c000 ---p 00000000 00:00 0 
7f1aacb9c000-7f1aacc99000 rw-p 00000000 00:00 0 
7f1aacc99000-7f1aacc9d000 ---p 00000000 00:00 0 
7f1aacc9d000-7f1aacd9a000 rw-p 00000000 00:00 0 
7f1aacd9a000-7f1aacd9e000 ---p 00000000 00:00 0 
7f1aacd9e000-7f1aace9b000 rw-p 00000000 00:00 0 
7f1aace9b000-7f1aace9f000 ---p 00000000 00:00 0 
7f1aace9f000-7f1aacf9c000 rw-p 00000000 00:00 0 
7f1aacf9c000-7f1aacfa0000 ---p 00000000 00:00 0 
7f1aacfa0000-7f1aad09d000 rw-p 00000000 00:00 0 
7f1aad09d000-7f1aad09e000 ---p 00000000 00:00 0 
7f1aad09e000-7f1aad19f000 rw-p 00000000 00:00 0 
7f1aad19f000-7f1aad1c9000 r-xp 00000000 08:01 12455404                   /usr/lib/jvm/java-11-openjdk-amd64/lib/libsunec.so
7f1aad1c9000-7f1aad3c8000 ---p 0002a000 08:01 12455404                   /usr/lib/jvm/java-11-openjdk-amd64/lib/libsunec.so
7f1aad3c8000-7f1aad3cc000 r--p 00029000 08:01 12455404                   /usr/lib/jvm/java-11-openjdk-amd64/lib/libsunec.so
7f1aad3cc000-7f1aad3ce000 rw-p 0002d000 08:01 12455404                   /usr/lib/jvm/java-11-openjdk-amd64/lib/libsunec.so
7f1aad3ce000-7f1aad3d0000 r-xp 00000000 08:01 12455375                   /usr/lib/jvm/java-11-openjdk-amd64/lib/libextnet.so
7f1aad3d0000-7f1aad5cf000 ---p 00002000 08:01 12455375                   /usr/lib/jvm/java-11-openjdk-amd64/lib/libextnet.so
7f1aad5cf000-7f1aad5d0000 r--p 00001000 08:01 12455375                   /usr/lib/jvm/java-11-openjdk-amd64/lib/libextnet.so
7f1aad5d0000-7f1aad5d1000 rw-p 00002000 08:01 12455375                   /usr/lib/jvm/java-11-openjdk-amd64/lib/libextnet.so
7f1aad5d1000-7f1aad5e7000 r-xp 00000000 08:01 12455398                   /usr/lib/jvm/java-11-openjdk-amd64/lib/libnet.so
7f1aad5e7000-7f1aad7e6000 ---p 00016000 08:01 12455398                   /usr/lib/jvm/java-11-openjdk-amd64/lib/libnet.so
7f1aad7e6000-7f1aad7e7000 r--p 00015000 08:01 12455398                   /usr/lib/jvm/java-11-openjdk-amd64/lib/libnet.so
7f1aad7e7000-7f1aad7e8000 rw-p 00016000 08:01 12455398                   /usr/lib/jvm/java-11-openjdk-amd64/lib/libnet.so
7f1aad7e8000-7f1aad7f8000 r-xp 00000000 08:01 12455399                   /usr/lib/jvm/java-11-openjdk-amd64/lib/libnio.so
7f1aad7f8000-7f1aad9f7000 ---p 00010000 08:01 12455399                   /usr/lib/jvm/java-11-openjdk-amd64/lib/libnio.so
7f1aad9f7000-7f1aad9f8000 r--p 0000f000 08:01 12455399                   /usr/lib/jvm/java-11-openjdk-amd64/lib/libnio.so
7f1aad9f8000-7f1aad9f9000 rw-p 00010000 08:01 12455399                   /usr/lib/jvm/java-11-openjdk-amd64/lib/libnio.so
7f1aad9f9000-7f1aad9fd000 ---p 00000000 00:00 0 
7f1aad9fd000-7f1aadafa000 rw-p 00000000 00:00 0 
7f1aadafa000-7f1aadafb000 ---p 00000000 00:00 0 
7f1aadafb000-7f1aadbfc000 rw-p 00000000 00:00 0 
7f1aadbfc000-7f1aadc00000 ---p 00000000 00:00 0 
7f1aadc00000-7f1aadcfd000 rw-p 00000000 00:00 0 
7f1aadcfd000-7f1aadd01000 ---p 00000000 00:00 0 
7f1aadd01000-7f1aaddfe000 rw-p 00000000 00:00 0 
7f1aaddfe000-7f1aade02000 ---p 00000000 00:00 0 
7f1aade02000-7f1aadeff000 rw-p 00000000 00:00 0 
7f1aadeff000-7f1aadf03000 ---p 00000000 00:00 0 
7f1aadf03000-7f1ab0000000 rw-p 00000000 00:00 0 
7f1ab0000000-7f1ab0021000 rw-p 00000000 00:00 0 
7f1ab0021000-7f1ab4000000 ---p 00000000 00:00 0 
7f1ab40aa000-7f1ab40ae000 ---p 00000000 00:00 0 
7f1ab40ae000-7f1ab41ab000 rw-p 00000000 00:00 0 
7f1ab41ab000-7f1ab4b7a000 r--p 00000000 08:01 6560357                    /usr/lib/locale/locale-archive
7f1ab4b7a000-7f1ab4b7e000 ---p 00000000 00:00 0 
7f1ab4b7e000-7f1ab4c7b000 rw-p 00000000 00:00 0 
7f1ab4c7b000-7f1ab4c7f000 ---p 00000000 00:00 0 
7f1ab4c7f000-7f1ab4d7c000 rw-p 00000000 00:00 0 
7f1ab4d7c000-7f1ab4d7d000 ---p 00000000 00:00 0 
7f1ab4d7d000-7f1ab575a000 rw-p 00000000 00:00 0 
7f1ab575a000-7f1ab575b000 ---p 00000000 00:00 0 
7f1ab575b000-7f1ab585c000 rw-p 00000000 00:00 0 
7f1ab585c000-7f1ab585d000 ---p 00000000 00:00 0 
7f1ab585d000-7f1ab5d62000 rw-p 00000000 00:00 0 
7f1ab5d62000-7f1ab5d63000 ---p 00000000 00:00 0 
7f1ab5d63000-7f1ab5f54000 rw-p 00000000 00:00 0 
7f1ab5f54000-7f1ab6d4c000 ---p 00000000 00:00 0 
7f1ab6d4c000-7f1ab6e44000 rw-p 00000000 00:00 0 
7f1ab6e44000-7f1ab7c3c000 ---p 00000000 00:00 0 
7f1ab7c3c000-7f1ab7c62000 rw-p 00000000 00:00 0 
7f1ab7c62000-7f1ab7e21000 ---p 00000000 00:00 0 
7f1ab7e21000-7f1ab7e40000 rw-p 00000000 00:00 0 
7f1ab7e40000-7f1ab7fff000 ---p 00000000 00:00 0 
7f1ab7fff000-7f1ab8000000 rw-p 00000000 00:00 0 
7f1ab8000000-7f1ab8021000 rw-p 00000000 00:00 0 
7f1ab8021000-7f1abc000000 ---p 00000000 00:00 0 
7f1abc03c000-7f1abc03d000 ---p 00000000 00:00 0 
7f1abc03d000-7f1abc15c000 rw-p 00000000 00:00 0 
7f1abc15c000-7f1abc31b000 ---p 00000000 00:00 0 
7f1abc31b000-7f1abc720000 rw-p 00000000 00:00 0 
7f1abc720000-7f1abc721000 ---p 00000000 00:00 0 
7f1abc721000-7f1abc827000 rw-p 00000000 00:00 0 
7f1abc827000-7f1abc90d000 ---p 00000000 00:00 0 
7f1abc90d000-7f1abcb7d000 rwxp 00000000 00:00 0 
7f1abcb7d000-7f1abce9d000 ---p 00000000 00:00 0 
7f1abce9d000-7f1abd26d000 rwxp 00000000 00:00 0 
7f1abd26d000-7f1ac43d5000 ---p 00000000 00:00 0 
7f1ac43d5000-7f1ac4645000 rwxp 00000000 00:00 0 
7f1ac4645000-7f1acb90d000 ---p 00000000 00:00 0 
7f1acb90d000-7f1ad4000000 r--s 00000000 08:01 12455408                   /usr/lib/jvm/java-11-openjdk-amd64/lib/modules
7f1ad4000000-7f1ad4864000 rw-p 00000000 00:00 0 
7f1ad4864000-7f1ad8000000 ---p 00000000 00:00 0 
7f1ad801d000-7f1ad8021000 ---p 00000000 00:00 0 
7f1ad8021000-7f1ad8047000 rw-p 00000000 00:00 0 
7f1ad8047000-7f1ad812a000 ---p 00000000 00:00 0 
7f1ad812a000-7f1ad812f000 r-xp 00000000 08:01 12455386                   /usr/lib/jvm/java-11-openjdk-amd64/lib/libjimage.so
7f1ad812f000-7f1ad832e000 ---p 00005000 08:01 12455386                   /usr/lib/jvm/java-11-openjdk-amd64/lib/libjimage.so
7f1ad832e000-7f1ad832f000 r--p 00004000 08:01 12455386                   /usr/lib/jvm/java-11-openjdk-amd64/lib/libjimage.so
7f1ad832f000-7f1ad8330000 rw-p 00005000 08:01 12455386                   /usr/lib/jvm/java-11-openjdk-amd64/lib/libjimage.so
7f1ad8330000-7f1ad8337000 r-xp 00000000 08:01 12455407                   /usr/lib/jvm/java-11-openjdk-amd64/lib/libzip.so
7f1ad8337000-7f1ad8536000 ---p 00007000 08:01 12455407                   /usr/lib/jvm/java-11-openjdk-amd64/lib/libzip.so
7f1ad8536000-7f1ad8537000 r--p 00006000 08:01 12455407                   /usr/lib/jvm/java-11-openjdk-amd64/lib/libzip.so
7f1ad8537000-7f1ad8538000 rw-p 00007000 08:01 12455407                   /usr/lib/jvm/java-11-openjdk-amd64/lib/libzip.so
7f1ad8538000-7f1ad8543000 r-xp 00000000 08:01 9966624                    /lib/x86_64-linux-gnu/libnss_files-2.27.so
7f1ad8543000-7f1ad8742000 ---p 0000b000 08:01 9966624                    /lib/x86_64-linux-gnu/libnss_files-2.27.so
7f1ad8742000-7f1ad8743000 r--p 0000a000 08:01 9966624                    /lib/x86_64-linux-gnu/libnss_files-2.27.so
7f1ad8743000-7f1ad8744000 rw-p 0000b000 08:01 9966624                    /lib/x86_64-linux-gnu/libnss_files-2.27.so
7f1ad8744000-7f1ad874a000 rw-p 00000000 00:00 0 
7f1ad874a000-7f1ad8761000 r-xp 00000000 08:01 9966618                    /lib/x86_64-linux-gnu/libnsl-2.27.so
7f1ad8761000-7f1ad8960000 ---p 00017000 08:01 9966618                    /lib/x86_64-linux-gnu/libnsl-2.27.so
7f1ad8960000-7f1ad8961000 r--p 00016000 08:01 9966618                    /lib/x86_64-linux-gnu/libnsl-2.27.so
7f1ad8961000-7f1ad8962000 rw-p 00017000 08:01 9966618                    /lib/x86_64-linux-gnu/libnsl-2.27.so
7f1ad8962000-7f1ad8964000 rw-p 00000000 00:00 0 
7f1ad8964000-7f1ad896f000 r-xp 00000000 08:01 9966635                    /lib/x86_64-linux-gnu/libnss_nis-2.27.so
7f1ad896f000-7f1ad8b6e000 ---p 0000b000 08:01 9966635                    /lib/x86_64-linux-gnu/libnss_nis-2.27.so
7f1ad8b6e000-7f1ad8b6f000 r--p 0000a000 08:01 9966635                    /lib/x86_64-linux-gnu/libnss_nis-2.27.so
7f1ad8b6f000-7f1ad8b70000 rw-p 0000b000 08:01 9966635                    /lib/x86_64-linux-gnu/libnss_nis-2.27.so
7f1ad8b70000-7f1ad8b78000 r-xp 00000000 08:01 9966620                    /lib/x86_64-linux-gnu/libnss_compat-2.27.so
7f1ad8b78000-7f1ad8d78000 ---p 00008000 08:01 9966620                    /lib/x86_64-linux-gnu/libnss_compat-2.27.so
7f1ad8d78000-7f1ad8d79000 r--p 00008000 08:01 9966620                    /lib/x86_64-linux-gnu/libnss_compat-2.27.so
7f1ad8d79000-7f1ad8d7a000 rw-p 00009000 08:01 9966620                    /lib/x86_64-linux-gnu/libnss_compat-2.27.so
7f1ad8d7a000-7f1ad8da3000 r-xp 00000000 08:01 12455382                   /usr/lib/jvm/java-11-openjdk-amd64/lib/libjava.so
7f1ad8da3000-7f1ad8fa2000 ---p 00029000 08:01 12455382                   /usr/lib/jvm/java-11-openjdk-amd64/lib/libjava.so
7f1ad8fa2000-7f1ad8fa3000 r--p 00028000 08:01 12455382                   /usr/lib/jvm/java-11-openjdk-amd64/lib/libjava.so
7f1ad8fa3000-7f1ad8fa5000 rw-p 00029000 08:01 12455382                   /usr/lib/jvm/java-11-openjdk-amd64/lib/libjava.so
7f1ad8fa5000-7f1ad8fb2000 r-xp 00000000 08:01 12455406                   /usr/lib/jvm/java-11-openjdk-amd64/lib/libverify.so
7f1ad8fb2000-7f1ad91b1000 ---p 0000d000 08:01 12455406                   /usr/lib/jvm/java-11-openjdk-amd64/lib/libverify.so
7f1ad91b1000-7f1ad91b3000 r--p 0000c000 08:01 12455406                   /usr/lib/jvm/java-11-openjdk-amd64/lib/libverify.so
7f1ad91b3000-7f1ad91b4000 rw-p 0000e000 08:01 12455406                   /usr/lib/jvm/java-11-openjdk-amd64/lib/libverify.so
7f1ad91b4000-7f1ad91bb000 r-xp 00000000 08:01 9966675                    /lib/x86_64-linux-gnu/librt-2.27.so
7f1ad91bb000-7f1ad93ba000 ---p 00007000 08:01 9966675                    /lib/x86_64-linux-gnu/librt-2.27.so
7f1ad93ba000-7f1ad93bb000 r--p 00006000 08:01 9966675                    /lib/x86_64-linux-gnu/librt-2.27.so
7f1ad93bb000-7f1ad93bc000 rw-p 00007000 08:01 9966675                    /lib/x86_64-linux-gnu/librt-2.27.so
7f1ad93bc000-7f1ad93d3000 r-xp 00000000 08:01 9961786                    /lib/x86_64-linux-gnu/libgcc_s.so.1
7f1ad93d3000-7f1ad95d2000 ---p 00017000 08:01 9961786                    /lib/x86_64-linux-gnu/libgcc_s.so.1
7f1ad95d2000-7f1ad95d3000 r--p 00016000 08:01 9961786                    /lib/x86_64-linux-gnu/libgcc_s.so.1
7f1ad95d3000-7f1ad95d4000 rw-p 00017000 08:01 9961786                    /lib/x86_64-linux-gnu/libgcc_s.so.1
7f1ad95d4000-7f1ad9771000 r-xp 00000000 08:01 9966597                    /lib/x86_64-linux-gnu/libm-2.27.so
7f1ad9771000-7f1ad9970000 ---p 0019d000 08:01 9966597                    /lib/x86_64-linux-gnu/libm-2.27.so
7f1ad9970000-7f1ad9971000 r--p 0019c000 08:01 9966597                    /lib/x86_64-linux-gnu/libm-2.27.so
7f1ad9971000-7f1ad9972000 rw-p 0019d000 08:01 9966597                    /lib/x86_64-linux-gnu/libm-2.27.so
7f1ad9972000-7f1ad9aeb000 r-xp 00000000 08:01 6555233                    /usr/lib/x86_64-linux-gnu/libstdc++.so.6.0.25
7f1ad9aeb000-7f1ad9ceb000 ---p 00179000 08:01 6555233                    /usr/lib/x86_64-linux-gnu/libstdc++.so.6.0.25
7f1ad9ceb000-7f1ad9cf5000 r--p 00179000 08:01 6555233                    /usr/lib/x86_64-linux-gnu/libstdc++.so.6.0.25
7f1ad9cf5000-7f1ad9cf7000 rw-p 00183000 08:01 6555233                    /usr/lib/x86_64-linux-gnu/libstdc++.so.6.0.25
7f1ad9cf7000-7f1ad9cfb000 rw-p 00000000 00:00 0 
7f1ad9cfb000-7f1adadd8000 r-xp 00000000 08:01 12455413                   /usr/lib/jvm/java-11-openjdk-amd64/lib/server/libjvm.so
7f1adadd8000-7f1adafd7000 ---p 010dd000 08:01 12455413                   /usr/lib/jvm/java-11-openjdk-amd64/lib/server/libjvm.so
7f1adafd7000-7f1adb094000 r--p 010dc000 08:01 12455413                   /usr/lib/jvm/java-11-openjdk-amd64/lib/server/libjvm.so
7f1adb094000-7f1adb0ce000 rw-p 01199000 08:01 12455413                   /usr/lib/jvm/java-11-openjdk-amd64/lib/server/libjvm.so
7f1adb0ce000-7f1adb124000 rw-p 00000000 00:00 0 
7f1adb124000-7f1adb13e000 r-xp 00000000 08:01 9966667                    /lib/x86_64-linux-gnu/libpthread-2.27.so
7f1adb13e000-7f1adb33d000 ---p 0001a000 08:01 9966667                    /lib/x86_64-linux-gnu/libpthread-2.27.so
7f1adb33d000-7f1adb33e000 r--p 00019000 08:01 9966667                    /lib/x86_64-linux-gnu/libpthread-2.27.so
7f1adb33e000-7f1adb33f000 rw-p 0001a000 08:01 9966667                    /lib/x86_64-linux-gnu/libpthread-2.27.so
7f1adb33f000-7f1adb343000 rw-p 00000000 00:00 0 
7f1adb343000-7f1adb346000 r-xp 00000000 08:01 9966557                    /lib/x86_64-linux-gnu/libdl-2.27.so
7f1adb346000-7f1adb545000 ---p 00003000 08:01 9966557                    /lib/x86_64-linux-gnu/libdl-2.27.so
7f1adb545000-7f1adb546000 r--p 00002000 08:01 9966557                    /lib/x86_64-linux-gnu/libdl-2.27.so
7f1adb546000-7f1adb547000 rw-p 00003000 08:01 9966557                    /lib/x86_64-linux-gnu/libdl-2.27.so
7f1adb547000-7f1adb563000 r-xp 00000000 08:01 9966706                    /lib/x86_64-linux-gnu/libz.so.1.2.11
7f1adb563000-7f1adb762000 ---p 0001c000 08:01 9966706                    /lib/x86_64-linux-gnu/libz.so.1.2.11
7f1adb762000-7f1adb763000 r--p 0001b000 08:01 9966706                    /lib/x86_64-linux-gnu/libz.so.1.2.11
7f1adb763000-7f1adb764000 rw-p 0001c000 08:01 9966706                    /lib/x86_64-linux-gnu/libz.so.1.2.11
7f1adb764000-7f1adb94b000 r-xp 00000000 08:01 9966534                    /lib/x86_64-linux-gnu/libc-2.27.so
7f1adb94b000-7f1adbb4b000 ---p 001e7000 08:01 9966534                    /lib/x86_64-linux-gnu/libc-2.27.so
7f1adbb4b000-7f1adbb4f000 r--p 001e7000 08:01 9966534                    /lib/x86_64-linux-gnu/libc-2.27.so
7f1adbb4f000-7f1adbb51000 rw-p 001eb000 08:01 9966534                    /lib/x86_64-linux-gnu/libc-2.27.so
7f1adbb51000-7f1adbb55000 rw-p 00000000 00:00 0 
7f1adbb55000-7f1adbb65000 r-xp 00000000 08:01 12455366                   /usr/lib/jvm/java-11-openjdk-amd64/lib/jli/libjli.so
7f1adbb65000-7f1adbd64000 ---p 00010000 08:01 12455366                   /usr/lib/jvm/java-11-openjdk-amd64/lib/jli/libjli.so
7f1adbd64000-7f1adbd65000 r--p 0000f000 08:01 12455366                   /usr/lib/jvm/java-11-openjdk-amd64/lib/jli/libjli.so
7f1adbd65000-7f1adbd66000 rw-p 00010000 08:01 12455366                   /usr/lib/jvm/java-11-openjdk-amd64/lib/jli/libjli.so
7f1adbd66000-7f1adbd8d000 r-xp 00000000 08:01 9966506                    /lib/x86_64-linux-gnu/ld-2.27.so
7f1adbdae000-7f1adbe69000 rw-p 00000000 00:00 0 
7f1adbe69000-7f1adbe6d000 ---p 00000000 00:00 0 
7f1adbe6d000-7f1adbf6c000 rw-p 00000000 00:00 0 
7f1adbf73000-7f1adbf78000 rw-p 00000000 00:00 0 
7f1adbf78000-7f1adbf7f000 ---p 00000000 00:00 0 
7f1adbf7f000-7f1adbf81000 r--s 00007000 08:01 6951047                    /usr/share/java/java-atk-wrapper.jar
7f1adbf81000-7f1adbf89000 rw-s 00000000 08:01 19017298                   /tmp/hsperfdata_nakul/21041
7f1adbf89000-7f1adbf8a000 ---p 00000000 00:00 0 
7f1adbf8a000-7f1adbf8b000 r--p 00000000 00:00 0 
7f1adbf8b000-7f1adbf8d000 rw-p 00000000 00:00 0 
7f1adbf8d000-7f1adbf8e000 r--p 00027000 08:01 9966506                    /lib/x86_64-linux-gnu/ld-2.27.so
7f1adbf8e000-7f1adbf8f000 rw-p 00028000 08:01 9966506                    /lib/x86_64-linux-gnu/ld-2.27.so
7f1adbf8f000-7f1adbf90000 rw-p 00000000 00:00 0 
7ffd105dc000-7ffd105fd000 rw-p 00000000 00:00 0                          [stack]
7ffd10718000-7ffd1071b000 r--p 00000000 00:00 0                          [vvar]
7ffd1071b000-7ffd1071c000 r-xp 00000000 00:00 0                          [vdso]
ffffffffff600000-ffffffffff601000 --xp 00000000 00:00 0                  [vsyscall]


VM Arguments:
jvm_args: -Dfile.encoding=UTF-8 
java_command: selenium.NSP
java_class_path (initial): /home/nakul/eclipse-workspace/selenium/bin:/home/nakul/selenium/selenium-java-3.141.59/libs/byte-buddy-1.8.15.jar:/home/nakul/selenium/selenium-java-3.141.59/libs/commons-exec-1.3.jar:/home/nakul/selenium/selenium-java-3.141.59/libs/guava-25.0-jre.jar:/home/nakul/selenium/selenium-java-3.141.59/libs/okhttp-3.11.0.jar:/home/nakul/selenium/selenium-java-3.141.59/libs/okio-1.14.0.jar:/home/nakul/selenium/selenium-java-3.141.59/client-combined-3.141.59.jar:/home/nakul/selenium/selenium-java-3.141.59/client-combined-3.141.59-sources.jar:/home/nakul/eclipse-workspace/Tess4J/lib/commons-beanutils-1.9.2.jar:/home/nakul/eclipse-workspace/Tess4J/lib/commons-io-2.6.jar:/home/nakul/eclipse-workspace/Tess4J/lib/commons-logging-1.2.jar:/home/nakul/eclipse-workspace/Tess4J/lib/fontbox-2.0.9.jar:/home/nakul/eclipse-workspace/Tess4J/lib/ghost4j-1.0.1.jar:/home/nakul/eclipse-workspace/Tess4J/lib/hamcrest-core-1.3.jar:/home/nakul/eclipse-workspace/Tess4J/lib/itext-2.1.7.jar:/home/nakul/eclipse-workspace/Tess4J/lib/jai-imageio-core-1.4.0.jar:/home/nakul/eclipse-workspace/Tess4J/lib/jbig2-imageio-3.0.0.jar:/home/nakul/eclipse-workspace/Tess4J/lib/jboss-vfs-3.2.12.Final.jar:/home/nakul/eclipse-workspace/Tess4J/lib/jcl-over-slf4j-1.7.25.jar:/home/nakul/eclipse-workspace/Tess4J/lib/jna-4.1.0.jar:/home/nakul/eclipse-workspace/Tess4J/lib/jul-to-slf4j-1.7.25.jar:/home/nakul/eclipse-workspace/Tess4J/lib/junit-4.12.jar:/home/nakul/eclipse-workspace/Tess4J/lib/lept4j-1.6.4.jar:/home/nakul/eclipse-workspace/Tess4J/lib/log4j-1.2.17.jar:/home/nakul/eclipse-workspace/Tess4J/lib/log4j-over-slf4j-1.7.25.jar:/home/nakul/eclipse-workspace/Tess4J/lib/logback-classic-1.2.3.jar:/home/nakul/eclipse-workspace/Tess4J/lib/logback-core-1.2.3.jar:/home/nakul/eclipse-workspace/Tess4J/lib/pdfbox-2.0.9.jar:/home/nakul/eclipse-workspace/Tess4J/lib/pdfbox-tools-2.0.9.jar:/home/nakul/eclipse-workspace/Tess4J/lib/slf4j-api-1.7.25.jar:/home/nakul/eclipse-workspace/Tess4J/lib/xmlgraphics-comm
Launcher Type: SUN_STANDARD

[Global flags]
     intx CICompilerCount                          = 3                                         {product} {ergonomic}
     uint ConcGCThreads                            = 1                                         {product} {ergonomic}
     uint G1ConcRefinementThreads                  = 4                                         {product} {ergonomic}
   size_t G1HeapRegionSize                         = 1048576                                   {product} {ergonomic}
    uintx GCDrainStackTargetSize                   = 64                                        {product} {ergonomic}
   size_t InitialHeapSize                          = 62914560                                  {product} {ergonomic}
   size_t MarkStackSize                            = 4194304                                   {product} {ergonomic}
   size_t MaxHeapSize                              = 1002438656                                {product} {ergonomic}
   size_t MaxNewSize                               = 600834048                                 {product} {ergonomic}
   size_t MinHeapDeltaBytes                        = 1048576                                   {product} {ergonomic}
    uintx NonNMethodCodeHeapSize                   = 5830732                                {pd product} {ergonomic}
    uintx NonProfiledCodeHeapSize                  = 122913754                              {pd product} {ergonomic}
    uintx ProfiledCodeHeapSize                     = 122913754                              {pd product} {ergonomic}
    uintx ReservedCodeCacheSize                    = 251658240                              {pd product} {ergonomic}
     bool SegmentedCodeCache                       = true                                      {product} {ergonomic}
     bool UseCompressedClassPointers               = true                                 {lp64_product} {ergonomic}
     bool UseCompressedOops                        = true                                 {lp64_product} {ergonomic}
     bool UseG1GC                                  = true                                      {product} {ergonomic}

Logging:
Log output configuration:
 #0: stdout all=warning uptime,level,tags
 #1: stderr all=off uptime,level,tags

Environment Variables:
PATH=/usr/local/sbin:/usr/local/bin:/usr/sbin:/usr/bin:/sbin:/bin:/usr/games:/usr/local/games:/snap/bin
SHELL=/bin/bash
DISPLAY=:0

Signal Handlers:
SIGSEGV: [libjvm.so+0xdf8d00], sa_mask[0]=11111111011111111101111111111110, sa_flags=SA_RESTART|SA_SIGINFO
SIGBUS: [libjvm.so+0xdf8d00], sa_mask[0]=11111111011111111101111111111110, sa_flags=SA_RESTART|SA_SIGINFO
SIGFPE: [libjvm.so+0xdf8d00], sa_mask[0]=11111111011111111101111111111110, sa_flags=SA_RESTART|SA_SIGINFO
SIGPIPE: [libjvm.so+0xbcbc30], sa_mask[0]=11111111011111111101111111111110, sa_flags=SA_RESTART|SA_SIGINFO
SIGXFSZ: [libjvm.so+0xbcbc30], sa_mask[0]=11111111011111111101111111111110, sa_flags=SA_RESTART|SA_SIGINFO
SIGILL: [libjvm.so+0xdf8d00], sa_mask[0]=11111111011111111101111111111110, sa_flags=SA_RESTART|SA_SIGINFO
SIGUSR2: [libjvm.so+0xbcbad0], sa_mask[0]=00100000000000000000000000000000, sa_flags=SA_RESTART|SA_SIGINFO
SIGHUP: [libjvm.so+0xbcbe30], sa_mask[0]=11111111011111111101111111111110, sa_flags=SA_RESTART|SA_SIGINFO
SIGINT: [libjvm.so+0xbcbe30], sa_mask[0]=11111111011111111101111111111110, sa_flags=SA_RESTART|SA_SIGINFO
SIGTERM: [libjvm.so+0xbcbe30], sa_mask[0]=11111111011111111101111111111110, sa_flags=SA_RESTART|SA_SIGINFO
SIGQUIT: [libjvm.so+0xbcbe30], sa_mask[0]=11111111011111111101111111111110, sa_flags=SA_RESTART|SA_SIGINFO


---------------  S Y S T E M  ---------------

OS:DISTRIB_ID=Ubuntu
DISTRIB_RELEASE=18.04
DISTRIB_CODENAME=bionic
DISTRIB_DESCRIPTION="Ubuntu 18.04.3 LTS"
uname:Linux 5.3.0-42-generic #34~18.04.1-Ubuntu SMP Fri Feb 28 13:42:26 UTC 2020 x86_64
OS uptime: 0 days 2:38 hours
libc:glibc 2.27 NPTL 2.27 
rlimit: STACK 8192k, CORE 0k, NPROC 15078, NOFILE 4096, AS infinity, CPU infinity, DATA infinity, FSIZE infinity
load average:1.67 1.28 1.12

/proc/meminfo:
MemTotal:        3907988 kB
MemFree:          224236 kB
MemAvailable:     690300 kB
Buffers:           57528 kB
Cached:           857352 kB
SwapCached:        11752 kB
Active:          2538076 kB
Inactive:         796876 kB
Active(anon):    2103648 kB
Inactive(anon):   596340 kB
Active(file):     434428 kB
Inactive(file):   200536 kB
Unevictable:       10316 kB
Mlocked:              64 kB
SwapTotal:       2097148 kB
SwapFree:        1872380 kB
Dirty:             15436 kB
Writeback:             0 kB
AnonPages:       2421376 kB
Mapped:           518052 kB
Shmem:            279836 kB
KReclaimable:      83468 kB
Slab:             194656 kB
SReclaimable:      83468 kB
SUnreclaim:       111188 kB
KernelStack:       19424 kB
PageTables:        67468 kB
NFS_Unstable:          0 kB
Bounce:                0 kB
WritebackTmp:          0 kB
CommitLimit:     4051140 kB
Committed_AS:   10206924 kB
VmallocTotal:   34359738367 kB
VmallocUsed:       34856 kB
VmallocChunk:          0 kB
Percpu:             2944 kB
HardwareCorrupted:     0 kB
AnonHugePages:         0 kB
ShmemHugePages:        0 kB
ShmemPmdMapped:        0 kB
CmaTotal:              0 kB
CmaFree:               0 kB
HugePages_Total:       0
HugePages_Free:        0
HugePages_Rsvd:        0
HugePages_Surp:        0
Hugepagesize:       2048 kB
Hugetlb:               0 kB
DirectMap4k:      298044 kB
DirectMap2M:     3774464 kB


/proc/sys/kernel/threads-max (system-wide limit on the number of threads):
30157


/proc/sys/vm/max_map_count (maximum number of memory map areas a process may have):
65530


/proc/sys/kernel/pid_max (system-wide limit on number of process identifiers):
32768



container (cgroup) information:
container_type: cgroupv1
cpu_cpuset_cpus: 0-3
cpu_memory_nodes: 0
active_processor_count: 4
cpu_quota: -1
cpu_period: 100000
cpu_shares: -1
memory_limit_in_bytes: -1
memory_and_swap_limit_in_bytes: -2
memory_soft_limit_in_bytes: -1
memory_usage_in_bytes: 3322888192
memory_max_usage_in_bytes: 3529879552

Steal ticks since vm start: 0
Steal ticks percentage since vm start:  0.000

CPU:total 4 (initial active 4) (2 cores per cpu, 2 threads per core) family 6 model 42 stepping 7, cmov, cx8, fxsr, mmx, sse, sse2, sse3, ssse3, sse4.1, sse4.2, popcnt, avx, aes, clmul, ht, tsc, tscinvbit
CPU Model and flags from /proc/cpuinfo:
model name	: Intel(R) Core(TM) i5-2520M CPU @ 2.50GHz
flags		: fpu vme de pse tsc msr pae mce cx8 apic sep mtrr pge mca cmov pat pse36 clflush dts acpi mmx fxsr sse sse2 ht tm pbe syscall nx rdtscp lm constant_tsc arch_perfmon pebs bts rep_good nopl xtopology nonstop_tsc cpuid aperfmperf pni pclmulqdq dtes64 monitor ds_cpl vmx smx est tm2 ssse3 cx16 xtpr pdcm pcid sse4_1 sse4_2 x2apic popcnt tsc_deadline_timer aes xsave avx lahf_lm epb pti tpr_shadow vnmi flexpriority ept vpid xsaveopt dtherm ida arat pln pts

Memory: 4k page, physical 3907988k(224236k free), swap 2097148k(1872380k free)

vm_info: OpenJDK 64-Bit Server VM (11.0.7+10-post-Ubuntu-2ubuntu218.04) for linux-amd64 JRE (11.0.7+10-post-Ubuntu-2ubuntu218.04), built on Apr 15 2020 21:12:54 by "unknown" with gcc 7.5.0

END.
