#
# A fatal error has been detected by the Java Runtime Environment:
#
#  SIGSEGV (0xb) at pc=0x00007fc04ee8bc27, pid=8984, tid=8990
#
# JRE version: OpenJDK Runtime Environment (11.0.7+10) (build 11.0.7+10-post-Ubuntu-2ubuntu218.04)
# Java VM: OpenJDK 64-Bit Server VM (11.0.7+10-post-Ubuntu-2ubuntu218.04, mixed mode, sharing, tiered, compressed oops, g1 gc, linux-amd64)
# Problematic frame:
# C  [libtesseract.so.4+0xa1c27]  tesseract::Tesseract::recog_all_words(PAGE_RES*, ETEXT_DESC*, TBOX const*, char const*, int)+0x437
#
# Core dump will be written. Default location: Core dumps may be processed with "/usr/share/apport/apport %p %s %c %d %P %E" (or dumping to /home/nakul/eclipse-workspace/selenium/core.8984)
#
# If you would like to submit a bug report, please visit:
#   https://bugs.launchpad.net/ubuntu/+source/openjdk-lts
# The crash happened outside the Java Virtual Machine in native code.
# See problematic frame for where to report the bug.
#

---------------  S U M M A R Y ------------

Command Line: -Dfile.encoding=UTF-8 selenium.NSP

Host: Intel(R) Core(TM) i5-2520M CPU @ 2.50GHz, 4 cores, 3G, Ubuntu 18.04.3 LTS
Time: Fri May 15 11:55:30 2020 IST elapsed time: 12 seconds (0d 0h 0m 12s)

---------------  T H R E A D  ---------------

Current thread (0x00007fc0c8016800):  JavaThread "main" [_thread_in_native, id=8990, stack(0x00007fc0d086a000,0x00007fc0d096b000)]

Stack: [0x00007fc0d086a000,0x00007fc0d096b000],  sp=0x00007fc0d0968660,  free space=1017k
Native frames: (J=compiled Java code, A=aot compiled Java code, j=interpreted, Vv=VM code, C=native code)
C  [libtesseract.so.4+0xa1c27]  tesseract::Tesseract::recog_all_words(PAGE_RES*, ETEXT_DESC*, TBOX const*, char const*, int)+0x437

Java frames: (J=compiled Java code, j=interpreted, Vv=VM code)
j  com.sun.jna.Native.invokePointer(JI[Ljava/lang/Object;)J+0
j  com.sun.jna.Function.invokePointer(I[Ljava/lang/Object;)Lcom/sun/jna/Pointer;+6
j  com.sun.jna.Function.invoke([Ljava/lang/Object;Ljava/lang/Class;Z)Ljava/lang/Object;+426
j  com.sun.jna.Function.invoke(Ljava/lang/Class;[Ljava/lang/Object;Ljava/util/Map;)Ljava/lang/Object;+262
j  com.sun.jna.Library$Handler.invoke(Ljava/lang/Object;Ljava/lang/reflect/Method;[Ljava/lang/Object;)Ljava/lang/Object;+316
j  com.sun.proxy.$Proxy0.TessBaseAPIGetUTF8Text(Lnet/sourceforge/tess4j/ITessAPI$TessBaseAPI;)Lcom/sun/jna/Pointer;+16
j  net.sourceforge.tess4j.Tesseract.getOCRText(Ljava/lang/String;I)Ljava/lang/String;+62
j  net.sourceforge.tess4j.Tesseract.doOCR(Ljava/util/List;Ljava/lang/String;Ljava/awt/Rectangle;)Ljava/lang/String;+62
j  net.sourceforge.tess4j.Tesseract.doOCR(Ljava/io/File;Ljava/awt/Rectangle;)Ljava/lang/String;+10
j  net.sourceforge.tess4j.Tesseract.doOCR(Ljava/io/File;)Ljava/lang/String;+3
j  selenium.NSP.enterinput()V+145
j  selenium.NSP.main([Ljava/lang/String;)V+13
v  ~StubRoutines::call_stub

siginfo: si_signo: 11 (SIGSEGV), si_code: 1 (SEGV_MAPERR), si_addr: 0x000000000000000c

Register to memory mapping:

RAX=0x0 is NULL
RBX=0x00007fc0c87f0e80 points into unknown readable memory: 88 7b 2f 4f c0 7f 00 00
RCX=0x0 is NULL
RDX=0x00007fc0c8812a78 points into unknown readable memory: 00 00 00 00 00 00 00 00
RSP=0x00007fc0d0968660 is pointing into the stack for thread: 0x00007fc0c8016800
RBP=0x00007fc0d09686b0 is pointing into the stack for thread: 0x00007fc0c8016800
RSI=0x0000000000000001 is an unknown value
RDI=0x00007fc0d0968700 is pointing into the stack for thread: 0x00007fc0c8016800
R8 =0x0 is NULL
R9 =0x0 is NULL
R10=0x00007fc0c80008d0 points into unknown readable memory: 00 00 00 06 01 00 02 06
R11=0x0 is NULL
R12=0x00007fc0c8869240 points into unknown readable memory: 00 00 00 00 00 00 00 00
R13=0x0 is NULL
R14=0x0 is NULL
R15=0x00007fc0c8869240 points into unknown readable memory: 00 00 00 00 00 00 00 00


Registers:
RAX=0x0000000000000000, RBX=0x00007fc0c87f0e80, RCX=0x0000000000000000, RDX=0x00007fc0c8812a78
RSP=0x00007fc0d0968660, RBP=0x00007fc0d09686b0, RSI=0x0000000000000001, RDI=0x00007fc0d0968700
R8 =0x0000000000000000, R9 =0x0000000000000000, R10=0x00007fc0c80008d0, R11=0x0000000000000000
R12=0x00007fc0c8869240, R13=0x0000000000000000, R14=0x0000000000000000, R15=0x00007fc0c8869240
RIP=0x00007fc04ee8bc27, EFLAGS=0x0000000000010246, CSGSFS=0x002b000000000033, ERR=0x0000000000000004
  TRAPNO=0x000000000000000e

Top of Stack: (sp=0x00007fc0d0968660)
0x00007fc0d0968660:   0000000000000000 0000000000000000
0x00007fc0d0968670:   0000000000000000 00007fc0c8862a60
0x00007fc0d0968680:   00007fc0c8862b20 00007fc0c8866340
0x00007fc0d0968690:   0000000000000001 00007fc0d09686c0 

Instructions: (pc=0x00007fc04ee8bc27)
0x00007fc04ee8bb27:   89 e6 48 89 df e8 af 87 ff ff 4c 89 e6 48 89 df
0x00007fc04ee8bb37:   e8 b4 8b ff ff 4c 89 e6 48 89 df e8 f9 72 ff ff
0x00007fc04ee8bb47:   4c 89 e6 48 89 df e8 7e 74 ff ff e9 a9 fd ff ff
0x00007fc04ee8bb57:   66 0f 1f 84 00 00 00 00 00 48 8b 40 10 7e 2a 8b
0x00007fc04ee8bb67:   38 85 ff 75 4c 48 83 c0 04 83 ea 01 48 8d 14 90
0x00007fc04ee8bb77:   eb 12 0f 1f 80 00 00 00 00 48 83 c0 04 8b 70 fc
0x00007fc04ee8bb87:   85 f6 75 2d 48 39 c2 75 f0 48 85 c9 74 1b 8b 41
0x00007fc04ee8bb97:   10 8d 50 ff 83 fa 02 76 10 83 e8 05 83 f8 03 77
0x00007fc04ee8bba7:   10 0f 1f 84 00 00 00 00 00 48 89 ef e8 e8 2d 19
0x00007fc04ee8bbb7:   00 31 d2 31 f6 48 89 ef e8 2c f6 18 00 48 8b 44
0x00007fc04ee8bbc7:   24 70 48 85 c0 0f 84 8e fd ff ff 48 8b 94 24 80
0x00007fc04ee8bbd7:   00 00 00 31 c9 48 8b 52 08 48 85 d2 74 04 48 8b
0x00007fc04ee8bbe7:   4a 08 48 8b 80 e8 00 00 00 48 85 c0 74 bb 8b 50
0x00007fc04ee8bbf7:   34 83 fa 00 74 b3 e9 5e ff ff ff 66 0f 1f 44 00
0x00007fc04ee8bc07:   00 31 f6 48 89 ef e8 ce f9 18 00 8b 83 a0 15 00
0x00007fc04ee8bc17:   00 85 c0 0f 8f c0 00 00 00 48 8b 83 40 0a 00 00
0x00007fc04ee8bc27:   80 78 0c 00 0f 85 a7 02 00 00 8b 83 58 47 02 00
0x00007fc04ee8bc37:   85 c0 0f 8e b1 00 00 00 31 d2 45 31 ff eb 2c 66
0x00007fc04ee8bc47:   2e 0f 1f 84 00 00 00 00 00 48 8b 8f 40 0a 00 00
0x00007fc04ee8bc57:   80 79 0c 00 0f 85 ff 01 00 00 41 83 c7 01 48 83
0x00007fc04ee8bc67:   c2 08 44 3b bb 58 47 02 00 7d 7e 48 8b 8b 60 47
0x00007fc04ee8bc77:   02 00 48 8b 3c 11 8b 87 a0 15 00 00 85 c0 7e c9
0x00007fc04ee8bc87:   48 89 54 24 10 e8 8f 46 0f 00 48 8b 54 24 10 eb
0x00007fc04ee8bc97:   c9 0f 1f 84 00 00 00 00 00 80 bb 72 30 02 00 00
0x00007fc04ee8bca7:   0f 85 73 fc ff ff 8b b3 04 1d 02 00 4c 89 e2 4c
0x00007fc04ee8bcb7:   89 ff e8 32 d4 0b 00 31 f6 48 89 ef e8 18 f9 18
0x00007fc04ee8bcc7:   00 48 8b 44 24 70 48 85 c0 0f 85 fc fe ff ff e9
0x00007fc04ee8bcd7:   94 fc ff ff 0f 1f 44 00 00 48 89 df e8 38 46 0f
0x00007fc04ee8bce7:   00 e9 44 ff ff ff 0f 1f 00 4c 8d 7c 24 30 be 04
0x00007fc04ee8bcf7:   00 00 00 48 c7 44 24 30 00 00 00 00 48 c7 44 24
0x00007fc04ee8bd07:   38 00 00 00 00 48 c7 44 24 40 00 00 00 00 4c 89
0x00007fc04ee8bd17:   ff 48 c7 44 24 48 00 00 00 00 e8 3a 19 00 00 48 


Stack slot to memory mapping:
stack at sp + 0 slots: 0x0 is NULL
stack at sp + 1 slots: 0x0 is NULL
stack at sp + 2 slots: 0x0 is NULL
stack at sp + 3 slots: 0x00007fc0c8862a60 points into unknown readable memory: 60 2a 86 c8 c0 7f 00 00
stack at sp + 4 slots: 0x00007fc0c8862b20 points into unknown readable memory: 20 2b 86 c8 c0 7f 00 00
stack at sp + 5 slots: 0x00007fc0c8866340 points into unknown readable memory: 40 63 86 c8 c0 7f 00 00
stack at sp + 6 slots: 0x0000000000000001 is an unknown value
stack at sp + 7 slots: 0x00007fc0d09686c0 is pointing into the stack for thread: 0x00007fc0c8016800


---------------  P R O C E S S  ---------------

Threads class SMR info:
_java_thread_list=0x00007fc0c85a8bb0, length=17, elements={
0x00007fc0c8016800, 0x00007fc0c80be000, 0x00007fc0c80c0000, 0x00007fc0c80c5800,
0x00007fc0c80c8000, 0x00007fc0c80ca000, 0x00007fc0c80cc000, 0x00007fc0c80fb000,
0x00007fc0c8100000, 0x00007fc0c8491000, 0x00007fc06000c800, 0x00007fc060010000,
0x00007fc060011000, 0x00007fc0c84f5000, 0x00007fc0c8558800, 0x00007fc0c855a800,
0x00007fc0c85a7800
}

Java Threads: ( => current thread )
=>0x00007fc0c8016800 JavaThread "main" [_thread_in_native, id=8990, stack(0x00007fc0d086a000,0x00007fc0d096b000)]
  0x00007fc0c80be000 JavaThread "Reference Handler" daemon [_thread_blocked, id=8997, stack(0x00007fc09b5fd000,0x00007fc09b6fe000)]
  0x00007fc0c80c0000 JavaThread "Finalizer" daemon [_thread_blocked, id=8998, stack(0x00007fc09b4fc000,0x00007fc09b5fd000)]
  0x00007fc0c80c5800 JavaThread "Signal Dispatcher" daemon [_thread_blocked, id=8999, stack(0x00007fc09aa2c000,0x00007fc09ab2d000)]
  0x00007fc0c80c8000 JavaThread "C2 CompilerThread0" daemon [_thread_blocked, id=9000, stack(0x00007fc09a92b000,0x00007fc09aa2c000)]
  0x00007fc0c80ca000 JavaThread "C1 CompilerThread0" daemon [_thread_blocked, id=9001, stack(0x00007fc09a82a000,0x00007fc09a92b000)]
  0x00007fc0c80cc000 JavaThread "Sweeper thread" daemon [_thread_blocked, id=9002, stack(0x00007fc09a729000,0x00007fc09a82a000)]
  0x00007fc0c80fb000 JavaThread "Service Thread" daemon [_thread_blocked, id=9003, stack(0x00007fc09a628000,0x00007fc09a729000)]
  0x00007fc0c8100000 JavaThread "Common-Cleaner" daemon [_thread_blocked, id=9005, stack(0x00007fc09a425000,0x00007fc09a526000)]
  0x00007fc0c8491000 JavaThread "Exec Default Executor" daemon [_thread_blocked, id=9007, stack(0x00007fc0999c8000,0x00007fc099ac9000)]
  0x00007fc06000c800 JavaThread "process reaper" daemon [_thread_in_native, id=9011, stack(0x00007fc0cc016000,0x00007fc0cc038000)]
  0x00007fc060010000 JavaThread "Exec Stream Pumper" daemon [_thread_in_native, id=9014, stack(0x00007fc0998c7000,0x00007fc0999c8000)]
  0x00007fc060011000 JavaThread "Exec Stream Pumper" daemon [_thread_in_native, id=9015, stack(0x00007fc0997c6000,0x00007fc0998c7000)]
  0x00007fc0c84f5000 JavaThread "ForkJoinPool.commonPool-worker-3" daemon [_thread_blocked, id=9019, stack(0x00007fc0996c5000,0x00007fc0997c6000)]
  0x00007fc0c8558800 JavaThread "OkHttp ConnectionPool" daemon [_thread_blocked, id=9020, stack(0x00007fc0993c4000,0x00007fc0994c5000)]
  0x00007fc0c855a800 JavaThread "Okio Watchdog" daemon [_thread_blocked, id=9021, stack(0x00007fc0992c3000,0x00007fc0993c4000)]
  0x00007fc0c85a7800 JavaThread "Java2D Disposer" daemon [_thread_blocked, id=9286, stack(0x00007fc04f6b8000,0x00007fc04f7b9000)]

Other Threads:
  0x00007fc0c80bb000 VMThread "VM Thread" [stack: 0x00007fc09b700000,0x00007fc09b800000] [id=8996]
  0x00007fc0c80fd800 WatcherThread [stack: 0x00007fc09a528000,0x00007fc09a628000] [id=9004]
  0x00007fc0c802f000 GCTaskThread "GC Thread#0" [stack: 0x00007fc0cc855000,0x00007fc0cc955000] [id=8991]
  0x00007fc090001000 GCTaskThread "GC Thread#1" [stack: 0x00007fc099acb000,0x00007fc099bcb000] [id=9006]
  0x00007fc0c8049800 ConcurrentGCThread "G1 Main Marker" [stack: 0x00007fc0b062f000,0x00007fc0b072f000] [id=8992]
  0x00007fc0c804b800 ConcurrentGCThread "G1 Conc#0" [stack: 0x00007fc0b052d000,0x00007fc0b062d000] [id=8993]
  0x00007fc0c808d000 ConcurrentGCThread "G1 Refine#0" [stack: 0x00007fc0b0027000,0x00007fc0b0127000] [id=8994]
  0x00007fc0c808f000 ConcurrentGCThread "G1 Young RemSet Sampling" [stack: 0x00007fc0a8120000,0x00007fc0a8220000] [id=8995]

Threads with active compile tasks:

VM state:not at safepoint (normal execution)

VM Mutex/Monitor currently owned by a thread: None

Heap address: 0x00000000c4400000, size: 956 MB, Compressed Oops mode: 32-bit
Narrow klass base: 0x0000000800000000, Narrow klass shift: 3
Compressed class space size: 1073741824 Address: 0x0000000840000000

Heap:
 garbage-first heap   total 63488K, used 24957K [0x00000000c4400000, 0x0000000100000000)
  region size 1024K, 21 young (21504K), 1 survivors (1024K)
 Metaspace       used 14401K, capacity 15026K, committed 15360K, reserved 1062912K
  class space    used 1788K, capacity 2020K, committed 2048K, reserved 1048576K
Heap Regions: E=young(eden), S=young(survivor), O=old, HS=humongous(starts), HC=humongous(continues), CS=collection set, F=free, A=archive, TAMS=top-at-mark-start (previous, next)
|   0|0x00000000c4400000, 0x00000000c4500000, 0x00000000c4500000|100%| O|  |TAMS 0x00000000c4400000, 0x00000000c4400000| Untracked 
|   1|0x00000000c4500000, 0x00000000c4600000, 0x00000000c4600000|100%| O|  |TAMS 0x00000000c4500000, 0x00000000c4500000| Untracked 
|   2|0x00000000c4600000, 0x00000000c4700000, 0x00000000c4700000|100%| O|  |TAMS 0x00000000c4600000, 0x00000000c4600000| Untracked 
|   3|0x00000000c4700000, 0x00000000c47dc600, 0x00000000c4800000| 86%| O|  |TAMS 0x00000000c4700000, 0x00000000c4700000| Untracked 
|   4|0x00000000c4800000, 0x00000000c4800000, 0x00000000c4900000|  0%| F|  |TAMS 0x00000000c4800000, 0x00000000c4800000| Untracked 
|   5|0x00000000c4900000, 0x00000000c4900000, 0x00000000c4a00000|  0%| F|  |TAMS 0x00000000c4900000, 0x00000000c4900000| Untracked 
|   6|0x00000000c4a00000, 0x00000000c4a00000, 0x00000000c4b00000|  0%| F|  |TAMS 0x00000000c4a00000, 0x00000000c4a00000| Untracked 
|   7|0x00000000c4b00000, 0x00000000c4b00000, 0x00000000c4c00000|  0%| F|  |TAMS 0x00000000c4b00000, 0x00000000c4b00000| Untracked 
|   8|0x00000000c4c00000, 0x00000000c4c00000, 0x00000000c4d00000|  0%| F|  |TAMS 0x00000000c4c00000, 0x00000000c4c00000| Untracked 
|   9|0x00000000c4d00000, 0x00000000c4d00000, 0x00000000c4e00000|  0%| F|  |TAMS 0x00000000c4d00000, 0x00000000c4d00000| Untracked 
|  10|0x00000000c4e00000, 0x00000000c4e00000, 0x00000000c4f00000|  0%| F|  |TAMS 0x00000000c4e00000, 0x00000000c4e00000| Untracked 
|  11|0x00000000c4f00000, 0x00000000c4f00000, 0x00000000c5000000|  0%| F|  |TAMS 0x00000000c4f00000, 0x00000000c4f00000| Untracked 
|  12|0x00000000c5000000, 0x00000000c5000000, 0x00000000c5100000|  0%| F|  |TAMS 0x00000000c5000000, 0x00000000c5000000| Untracked 
|  13|0x00000000c5100000, 0x00000000c5100000, 0x00000000c5200000|  0%| F|  |TAMS 0x00000000c5100000, 0x00000000c5100000| Untracked 
|  14|0x00000000c5200000, 0x00000000c5200000, 0x00000000c5300000|  0%| F|  |TAMS 0x00000000c5200000, 0x00000000c5200000| Untracked 
|  15|0x00000000c5300000, 0x00000000c5300000, 0x00000000c5400000|  0%| F|  |TAMS 0x00000000c5300000, 0x00000000c5300000| Untracked 
|  16|0x00000000c5400000, 0x00000000c5400000, 0x00000000c5500000|  0%| F|  |TAMS 0x00000000c5400000, 0x00000000c5400000| Untracked 
|  17|0x00000000c5500000, 0x00000000c5500000, 0x00000000c5600000|  0%| F|  |TAMS 0x00000000c5500000, 0x00000000c5500000| Untracked 
|  18|0x00000000c5600000, 0x00000000c5600000, 0x00000000c5700000|  0%| F|  |TAMS 0x00000000c5600000, 0x00000000c5600000| Untracked 
|  19|0x00000000c5700000, 0x00000000c5700000, 0x00000000c5800000|  0%| F|  |TAMS 0x00000000c5700000, 0x00000000c5700000| Untracked 
|  20|0x00000000c5800000, 0x00000000c5800000, 0x00000000c5900000|  0%| F|  |TAMS 0x00000000c5800000, 0x00000000c5800000| Untracked 
|  21|0x00000000c5900000, 0x00000000c5900000, 0x00000000c5a00000|  0%| F|  |TAMS 0x00000000c5900000, 0x00000000c5900000| Untracked 
|  22|0x00000000c5a00000, 0x00000000c5a00000, 0x00000000c5b00000|  0%| F|  |TAMS 0x00000000c5a00000, 0x00000000c5a00000| Untracked 
|  23|0x00000000c5b00000, 0x00000000c5b00000, 0x00000000c5c00000|  0%| F|  |TAMS 0x00000000c5b00000, 0x00000000c5b00000| Untracked 
|  24|0x00000000c5c00000, 0x00000000c5c00000, 0x00000000c5d00000|  0%| F|  |TAMS 0x00000000c5c00000, 0x00000000c5c00000| Untracked 
|  25|0x00000000c5d00000, 0x00000000c5d00000, 0x00000000c5e00000|  0%| F|  |TAMS 0x00000000c5d00000, 0x00000000c5d00000| Untracked 
|  26|0x00000000c5e00000, 0x00000000c5e00000, 0x00000000c5f00000|  0%| F|  |TAMS 0x00000000c5e00000, 0x00000000c5e00000| Untracked 
|  27|0x00000000c5f00000, 0x00000000c5f00000, 0x00000000c6000000|  0%| F|  |TAMS 0x00000000c5f00000, 0x00000000c5f00000| Untracked 
|  28|0x00000000c6000000, 0x00000000c6000000, 0x00000000c6100000|  0%| F|  |TAMS 0x00000000c6000000, 0x00000000c6000000| Untracked 
|  29|0x00000000c6100000, 0x00000000c6100000, 0x00000000c6200000|  0%| F|  |TAMS 0x00000000c6100000, 0x00000000c6100000| Untracked 
|  30|0x00000000c6200000, 0x00000000c6200000, 0x00000000c6300000|  0%| F|  |TAMS 0x00000000c6200000, 0x00000000c6200000| Untracked 
|  31|0x00000000c6300000, 0x00000000c6300000, 0x00000000c6400000|  0%| F|  |TAMS 0x00000000c6300000, 0x00000000c6300000| Untracked 
|  32|0x00000000c6400000, 0x00000000c6400000, 0x00000000c6500000|  0%| F|  |TAMS 0x00000000c6400000, 0x00000000c6400000| Untracked 
|  33|0x00000000c6500000, 0x00000000c6500000, 0x00000000c6600000|  0%| F|  |TAMS 0x00000000c6500000, 0x00000000c6500000| Untracked 
|  34|0x00000000c6600000, 0x00000000c6600000, 0x00000000c6700000|  0%| F|  |TAMS 0x00000000c6600000, 0x00000000c6600000| Untracked 
|  35|0x00000000c6700000, 0x00000000c6700000, 0x00000000c6800000|  0%| F|  |TAMS 0x00000000c6700000, 0x00000000c6700000| Untracked 
|  36|0x00000000c6800000, 0x00000000c6800000, 0x00000000c6900000|  0%| F|  |TAMS 0x00000000c6800000, 0x00000000c6800000| Untracked 
|  37|0x00000000c6900000, 0x00000000c6900000, 0x00000000c6a00000|  0%| F|  |TAMS 0x00000000c6900000, 0x00000000c6900000| Untracked 
|  38|0x00000000c6a00000, 0x00000000c6a00000, 0x00000000c6b00000|  0%| F|  |TAMS 0x00000000c6a00000, 0x00000000c6a00000| Untracked 
|  39|0x00000000c6b00000, 0x00000000c6c00000, 0x00000000c6c00000|100%| E|  |TAMS 0x00000000c6b00000, 0x00000000c6b00000| Complete 
|  40|0x00000000c6c00000, 0x00000000c6d00000, 0x00000000c6d00000|100%| E|CS|TAMS 0x00000000c6c00000, 0x00000000c6c00000| Complete 
|  41|0x00000000c6d00000, 0x00000000c6e00000, 0x00000000c6e00000|100%| E|CS|TAMS 0x00000000c6d00000, 0x00000000c6d00000| Complete 
|  42|0x00000000c6e00000, 0x00000000c6f00000, 0x00000000c6f00000|100%| E|CS|TAMS 0x00000000c6e00000, 0x00000000c6e00000| Complete 
|  43|0x00000000c6f00000, 0x00000000c7000000, 0x00000000c7000000|100%| E|CS|TAMS 0x00000000c6f00000, 0x00000000c6f00000| Complete 
|  44|0x00000000c7000000, 0x00000000c7100000, 0x00000000c7100000|100%| E|CS|TAMS 0x00000000c7000000, 0x00000000c7000000| Complete 
|  45|0x00000000c7100000, 0x00000000c7200000, 0x00000000c7200000|100%| E|CS|TAMS 0x00000000c7100000, 0x00000000c7100000| Complete 
|  46|0x00000000c7200000, 0x00000000c7300000, 0x00000000c7300000|100%| E|CS|TAMS 0x00000000c7200000, 0x00000000c7200000| Complete 
|  47|0x00000000c7300000, 0x00000000c7400000, 0x00000000c7400000|100%| E|CS|TAMS 0x00000000c7300000, 0x00000000c7300000| Complete 
|  48|0x00000000c7400000, 0x00000000c7500000, 0x00000000c7500000|100%| E|CS|TAMS 0x00000000c7400000, 0x00000000c7400000| Complete 
|  49|0x00000000c7500000, 0x00000000c7600000, 0x00000000c7600000|100%| E|CS|TAMS 0x00000000c7500000, 0x00000000c7500000| Complete 
|  50|0x00000000c7600000, 0x00000000c76d2190, 0x00000000c7700000| 82%| S|CS|TAMS 0x00000000c7600000, 0x00000000c7600000| Complete 
|  51|0x00000000c7700000, 0x00000000c7800000, 0x00000000c7800000|100%| E|CS|TAMS 0x00000000c7700000, 0x00000000c7700000| Complete 
|  52|0x00000000c7800000, 0x00000000c7900000, 0x00000000c7900000|100%| E|CS|TAMS 0x00000000c7800000, 0x00000000c7800000| Complete 
|  53|0x00000000c7900000, 0x00000000c7a00000, 0x00000000c7a00000|100%| E|CS|TAMS 0x00000000c7900000, 0x00000000c7900000| Complete 
|  54|0x00000000c7a00000, 0x00000000c7b00000, 0x00000000c7b00000|100%| E|CS|TAMS 0x00000000c7a00000, 0x00000000c7a00000| Complete 
|  55|0x00000000c7b00000, 0x00000000c7c00000, 0x00000000c7c00000|100%| E|CS|TAMS 0x00000000c7b00000, 0x00000000c7b00000| Complete 
|  56|0x00000000c7c00000, 0x00000000c7d00000, 0x00000000c7d00000|100%| E|CS|TAMS 0x00000000c7c00000, 0x00000000c7c00000| Complete 
|  57|0x00000000c7d00000, 0x00000000c7e00000, 0x00000000c7e00000|100%| E|CS|TAMS 0x00000000c7d00000, 0x00000000c7d00000| Complete 
|  58|0x00000000c7e00000, 0x00000000c7f00000, 0x00000000c7f00000|100%| E|CS|TAMS 0x00000000c7e00000, 0x00000000c7e00000| Complete 
|  59|0x00000000c7f00000, 0x00000000c8000000, 0x00000000c8000000|100%| E|CS|TAMS 0x00000000c7f00000, 0x00000000c7f00000| Complete 
| 954|0x00000000ffe00000, 0x00000000ffe47000, 0x00000000fff00000| 27%|OA|  |TAMS 0x00000000ffe00000, 0x00000000ffe00000| Untracked 
| 955|0x00000000fff00000, 0x00000000fff6a000, 0x0000000100000000| 41%|CA|  |TAMS 0x00000000fff00000, 0x00000000fff00000| Untracked 

Card table byte_map: [0x00007fc0cc093000,0x00007fc0cc271000] _byte_map_base: 0x00007fc0cba71000

Marking Bits (Prev, Next): (CMBitMap*) 0x00007fc0c8045008, (CMBitMap*) 0x00007fc0c8045040
 Prev Bits: [0x00007fc0ab110000, 0x00007fc0ac000000)
 Next Bits: [0x00007fc0aa220000, 0x00007fc0ab110000)

Polling page: 0x00007fc0d098a000

Metaspace:

Usage:
  Non-class:     12.70 MB capacity,    12.32 MB ( 97%) used,   339.73 KB (  3%) free+waste,    53.31 KB ( <1%) overhead. 
      Class:      1.97 MB capacity,     1.75 MB ( 89%) used,   203.69 KB ( 10%) free+waste,    27.94 KB (  1%) overhead. 
       Both:     14.67 MB capacity,    14.06 MB ( 96%) used,   543.42 KB (  4%) free+waste,    81.25 KB ( <1%) overhead. 

Virtual space:
  Non-class space:       14.00 MB reserved,      13.00 MB ( 93%) committed 
      Class space:        1.00 GB reserved,       2.00 MB ( <1%) committed 
             Both:        1.01 GB reserved,      15.00 MB (  1%) committed 

Chunk freelists:
   Non-Class:  66.00 KB
       Class:  28.00 KB
        Both:  94.00 KB

MaxMetaspaceSize: unlimited
CompressedClassSpaceSize: 1.00 GB

CodeHeap 'non-profiled nmethods': size=120032Kb used=594Kb max_used=594Kb free=119437Kb
 bounds [0x00007fc0b83d5000, 0x00007fc0b8645000, 0x00007fc0bf90d000]
CodeHeap 'profiled nmethods': size=120032Kb used=3663Kb max_used=3663Kb free=116368Kb
 bounds [0x00007fc0b0e9d000, 0x00007fc0b123d000, 0x00007fc0b83d5000]
CodeHeap 'non-nmethods': size=5696Kb used=1169Kb max_used=1185Kb free=4526Kb
 bounds [0x00007fc0b090d000, 0x00007fc0b0b7d000, 0x00007fc0b0e9d000]
 total_blobs=2761 nmethods=1822 adapters=426
 compilation: enabled
              stopped_count=0, restarted_count=0
 full_count=0

Compilation events (20 events):
Event: 12.116 Thread 0x00007fc0c80ca000 1815       3       java.lang.Integer::compare (20 bytes)
Event: 12.116 Thread 0x00007fc0c80ca000 nmethod 1815 0x00007fc0b122dd90 code [0x00007fc0b122df40, 0x00007fc0b122e130]
Event: 12.116 Thread 0x00007fc0c80ca000 1813       3       java.lang.Integer::compareTo (12 bytes)
Event: 12.116 Thread 0x00007fc0c80ca000 nmethod 1813 0x00007fc0b122e190 code [0x00007fc0b122e360, 0x00007fc0b122e5f0]
Event: 12.116 Thread 0x00007fc0c80ca000 1814       3       java.util.TreeMap::rotateLeft (96 bytes)
Event: 12.116 Thread 0x00007fc0c80ca000 nmethod 1814 0x00007fc0b122e710 code [0x00007fc0b122e900, 0x00007fc0b122ee90]
Event: 12.127 Thread 0x00007fc0c80ca000 1816  s    3       java.util.Vector::elementAt (48 bytes)
Event: 12.129 Thread 0x00007fc0c80ca000 nmethod 1816 0x00007fc0b122ef90 code [0x00007fc0b122f220, 0x00007fc0b122fea8]
Event: 12.129 Thread 0x00007fc0c80ca000 1817       3       javax.imageio.stream.ImageInputStreamImpl::checkClosed (18 bytes)
Event: 12.130 Thread 0x00007fc0c80ca000 nmethod 1817 0x00007fc0b1230290 code [0x00007fc0b1230460, 0x00007fc0b12306e8]
Event: 12.196 Thread 0x00007fc0c80ca000 1818       1       javax.imageio.plugins.tiff.TIFFTag::getNumber (5 bytes)
Event: 12.196 Thread 0x00007fc0c80ca000 nmethod 1818 0x00007fc0b8469090 code [0x00007fc0b8469240, 0x00007fc0b8469370]
Event: 12.196 Thread 0x00007fc0c80ca000 1819       1       javax.imageio.plugins.tiff.TIFFTag::getName (5 bytes)
Event: 12.197 Thread 0x00007fc0c80ca000 nmethod 1819 0x00007fc0b8469410 code [0x00007fc0b84695c0, 0x00007fc0b84696f0]
Event: 12.211 Thread 0x00007fc0c80ca000 1820       1       java.awt.image.SampleModel::getNumBands (5 bytes)
Event: 12.212 Thread 0x00007fc0c80ca000 nmethod 1820 0x00007fc0b8469790 code [0x00007fc0b8469940, 0x00007fc0b8469a70]
Event: 12.224 Thread 0x00007fc0c80ca000 1821       3       java.lang.Math::max (12 bytes)
Event: 12.224 Thread 0x00007fc0c80ca000 nmethod 1821 0x00007fc0b1230790 code [0x00007fc0b1230940, 0x00007fc0b1230ad0]
Event: 12.225 Thread 0x00007fc0c80ca000 1822       3       java.lang.Math::min (12 bytes)
Event: 12.225 Thread 0x00007fc0c80ca000 nmethod 1822 0x00007fc0b1230b90 code [0x00007fc0b1230d40, 0x00007fc0b1230ed0]

GC Heap History (4 events):
Event: 0.847 GC heap before
{Heap before GC invocations=0 (full 0):
 garbage-first heap   total 63488K, used 15044K [0x00000000c4400000, 0x0000000100000000)
  region size 1024K, 14 young (14336K), 0 survivors (0K)
 Metaspace       used 5131K, capacity 5982K, committed 6144K, reserved 1056768K
  class space    used 572K, capacity 651K, committed 768K, reserved 1048576K
}
Event: 0.857 GC heap after
{Heap after GC invocations=1 (full 0):
 garbage-first heap   total 63488K, used 4572K [0x00000000c4400000, 0x0000000100000000)
  region size 1024K, 2 young (2048K), 2 survivors (2048K)
 Metaspace       used 5131K, capacity 5982K, committed 6144K, reserved 1056768K
  class space    used 572K, capacity 651K, committed 768K, reserved 1048576K
}
Event: 1.152 GC heap before
{Heap before GC invocations=1 (full 0):
 garbage-first heap   total 63488K, used 13788K [0x00000000c4400000, 0x0000000100000000)
  region size 1024K, 11 young (11264K), 2 survivors (2048K)
 Metaspace       used 7855K, capacity 8255K, committed 8320K, reserved 1056768K
  class space    used 950K, capacity 1100K, committed 1152K, reserved 1048576K
}
Event: 1.160 GC heap after
{Heap after GC invocations=2 (full 0):
 garbage-first heap   total 63488K, used 5501K [0x00000000c4400000, 0x0000000100000000)
  region size 1024K, 1 young (1024K), 1 survivors (1024K)
 Metaspace       used 7855K, capacity 8255K, committed 8320K, reserved 1056768K
  class space    used 950K, capacity 1100K, committed 1152K, reserved 1048576K
}

Deoptimization events (20 events):
Event: 11.956 Thread 0x00007fc0c8016800 Uncommon trap: trap_request=0xffffff4d fr.pc=0x00007fc0b842465c relative=0x00000000000001fc
Event: 11.956 Thread 0x00007fc0c8016800 Uncommon trap: reason=unstable_if action=reinterpret pc=0x00007fc0b842465c method=java.util.HashMap.getNode(ILjava/lang/Object;)Ljava/util/HashMap$Node; @ 62 c2
Event: 11.956 Thread 0x00007fc0c8016800 DEOPT PACKING pc=0x00007fc0b842465c sp=0x00007fc0d09685b0
Event: 11.956 Thread 0x00007fc0c8016800 DEOPT UNPACKING pc=0x00007fc0b09359a5 sp=0x00007fc0d0968540 mode 2
Event: 11.956 Thread 0x00007fc0c8016800 Uncommon trap: trap_request=0xffffffde fr.pc=0x00007fc0b841119c relative=0x0000000000000d7c
Event: 11.956 Thread 0x00007fc0c8016800 Uncommon trap: reason=class_check action=maybe_recompile pc=0x00007fc0b841119c method=java.util.HashMap.putVal(ILjava/lang/Object;Ljava/lang/Object;ZZ)Ljava/lang/Object; @ 91 c2
Event: 11.956 Thread 0x00007fc0c8016800 DEOPT PACKING pc=0x00007fc0b841119c sp=0x00007fc0d0968590
Event: 11.956 Thread 0x00007fc0c8016800 DEOPT UNPACKING pc=0x00007fc0b09359a5 sp=0x00007fc0d0968530 mode 2
Event: 11.957 Thread 0x00007fc0c8016800 Uncommon trap: trap_request=0xffffffde fr.pc=0x00007fc0b841119c relative=0x0000000000000d7c
Event: 11.957 Thread 0x00007fc0c8016800 Uncommon trap: reason=class_check action=maybe_recompile pc=0x00007fc0b841119c method=java.util.HashMap.putVal(ILjava/lang/Object;Ljava/lang/Object;ZZ)Ljava/lang/Object; @ 91 c2
Event: 11.957 Thread 0x00007fc0c8016800 DEOPT PACKING pc=0x00007fc0b841119c sp=0x00007fc0d0968580
Event: 11.957 Thread 0x00007fc0c8016800 DEOPT UNPACKING pc=0x00007fc0b09359a5 sp=0x00007fc0d0968520 mode 2
Event: 11.957 Thread 0x00007fc0c8016800 Uncommon trap: trap_request=0xffffffde fr.pc=0x00007fc0b841119c relative=0x0000000000000d7c
Event: 11.957 Thread 0x00007fc0c8016800 Uncommon trap: reason=class_check action=maybe_recompile pc=0x00007fc0b841119c method=java.util.HashMap.putVal(ILjava/lang/Object;Ljava/lang/Object;ZZ)Ljava/lang/Object; @ 91 c2
Event: 11.957 Thread 0x00007fc0c8016800 DEOPT PACKING pc=0x00007fc0b841119c sp=0x00007fc0d09685a0
Event: 11.957 Thread 0x00007fc0c8016800 DEOPT UNPACKING pc=0x00007fc0b09359a5 sp=0x00007fc0d0968540 mode 2
Event: 11.957 Thread 0x00007fc0c8016800 Uncommon trap: trap_request=0xffffffde fr.pc=0x00007fc0b841119c relative=0x0000000000000d7c
Event: 11.957 Thread 0x00007fc0c8016800 Uncommon trap: reason=class_check action=maybe_recompile pc=0x00007fc0b841119c method=java.util.HashMap.putVal(ILjava/lang/Object;Ljava/lang/Object;ZZ)Ljava/lang/Object; @ 91 c2
Event: 11.957 Thread 0x00007fc0c8016800 DEOPT PACKING pc=0x00007fc0b841119c sp=0x00007fc0d09685a0
Event: 11.957 Thread 0x00007fc0c8016800 DEOPT UNPACKING pc=0x00007fc0b09359a5 sp=0x00007fc0d0968540 mode 2

Classes redefined (0 events):
No events

Internal exceptions (20 events):
Event: 10.666 Thread 0x00007fc0c8016800 Exception <a 'java/net/SocketTimeoutException'{0x00000000c7826238}: Read timed out> (0x00000000c7826238) thrown at [./src/hotspot/share/prims/jni.cpp, line 636]
Event: 10.721 Thread 0x00007fc0c8016800 Exception <a 'java/net/SocketTimeoutException'{0x00000000c7747518}: Read timed out> (0x00000000c7747518) thrown at [./src/hotspot/share/prims/jni.cpp, line 636]
Event: 10.736 Thread 0x00007fc0c8016800 Exception <a 'java/net/SocketTimeoutException'{0x00000000c775dc00}: Read timed out> (0x00000000c775dc00) thrown at [./src/hotspot/share/prims/jni.cpp, line 636]
Event: 10.775 Thread 0x00007fc0c8016800 Exception <a 'java/net/SocketTimeoutException'{0x00000000c77a81d8}: Read timed out> (0x00000000c77a81d8) thrown at [./src/hotspot/share/prims/jni.cpp, line 636]
Event: 11.004 Thread 0x00007fc0c8016800 Exception <a 'java/net/SocketTimeoutException'{0x00000000c77b8cb0}: Read timed out> (0x00000000c77b8cb0) thrown at [./src/hotspot/share/prims/jni.cpp, line 636]
Event: 11.022 Thread 0x00007fc0c8016800 Exception <a 'java/net/SocketTimeoutException'{0x00000000c77e4ff8}: Read timed out> (0x00000000c77e4ff8) thrown at [./src/hotspot/share/prims/jni.cpp, line 636]
Event: 11.054 Thread 0x00007fc0c8016800 Exception <a 'java/net/SocketTimeoutException'{0x00000000c77f5848}: Read timed out> (0x00000000c77f5848) thrown at [./src/hotspot/share/prims/jni.cpp, line 636]
Event: 11.066 Thread 0x00007fc0c8016800 Exception <a 'java/net/SocketTimeoutException'{0x00000000c750faa0}: Read timed out> (0x00000000c750faa0) thrown at [./src/hotspot/share/prims/jni.cpp, line 636]
Event: 11.101 Thread 0x00007fc0c8016800 Exception <a 'java/net/SocketTimeoutException'{0x00000000c7520468}: Read timed out> (0x00000000c7520468) thrown at [./src/hotspot/share/prims/jni.cpp, line 636]
Event: 11.161 Thread 0x00007fc0c8016800 Exception <a 'java/lang/ClassNotFoundException'{0x00000000c74d6580}: javax/smartcardio/CardPermission> (0x00000000c74d6580) thrown at [./src/hotspot/share/classfile/systemDictionary.cpp, line 231]
Event: 11.163 Thread 0x00007fc0c8016800 Exception <a 'java/io/FileNotFoundException'{0x00000000c74e3db0}> (0x00000000c74e3db0) thrown at [./src/hotspot/share/prims/jni.cpp, line 615]
Event: 11.217 Thread 0x00007fc0c8016800 Exception <a 'java/lang/ClassNotFoundException'{0x00000000c72467e8}: sun/awt/resources/spi/awtProvider> (0x00000000c72467e8) thrown at [./src/hotspot/share/classfile/systemDictionary.cpp, line 231]
Event: 11.377 Thread 0x00007fc0c8016800 Exception <a 'java/io/FileNotFoundException'{0x00000000c728bab8}> (0x00000000c728bab8) thrown at [./src/hotspot/share/prims/jni.cpp, line 615]
Event: 11.389 Thread 0x00007fc0c8016800 Exception <a 'java/lang/NoSuchMethodError'{0x00000000c72e6648}: 'java.lang.Object java.lang.invoke.DirectMethodHandle$Holder.invokeStatic(java.lang.Object, java.lang.Object, java.lang.Object, java.lang.Object, java.lang.Object, java.lang.Object, java.lang.Object, java.lang.Object, java.lang.Object, java.lang.Object, java.lang.Object, java.lang.Object, java.lang.Object, java.lang.Object, java.lang.Object)'> (0x00000000c72e6648) thrown at [./src/hotspot/share/interpreter/linkResolver.cpp, line 773]
Event: 11.392 Thread 0x00007fc0c8016800 Exception <a 'java/lang/NoSuchMethodError'{0x00000000c72f41f8}: 'java.lang.Object java.lang.invoke.DirectMethodHandle$Holder.invokeStatic(java.lang.Object, java.lang.Object, java.lang.Object, java.lang.Object, java.lang.Object, java.lang.Object, java.lang.Object, java.lang.Object, java.lang.Object, java.lang.Object, java.lang.Object, java.lang.Object, java.lang.Object, java.lang.Object, java.lang.Object, java.lang.Object)'> (0x00000000c72f41f8) thrown at [./src/hotspot/share/interpreter/linkResolver.cpp, l
Event: 11.394 Thread 0x00007fc0c8016800 Exception <a 'java/lang/NoSuchMethodError'{0x00000000c7102310}: 'java.lang.Object java.lang.invoke.DirectMethodHandle$Holder.invokeSpecial(java.lang.Object, java.lang.Object, int, int, java.lang.Object, java.lang.Object, java.lang.Object)'> (0x00000000c7102310) thrown at [./src/hotspot/share/interpreter/linkResolver.cpp, line 773]
Event: 11.394 Thread 0x00007fc0c8016800 Exception <a 'java/lang/NoSuchMethodError'{0x00000000c71058a0}: 'java.lang.Object java.lang.invoke.DelegatingMethodHandle$Holder.reinvoke_L(java.lang.Object, int, int, java.lang.Object, java.lang.Object, java.lang.Object)'> (0x00000000c71058a0) thrown at [./src/hotspot/share/interpreter/linkResolver.cpp, line 773]
Event: 11.395 Thread 0x00007fc0c8016800 Exception <a 'java/lang/NoSuchMethodError'{0x00000000c7109878}: 'java.lang.Object java.lang.invoke.DirectMethodHandle$Holder.invokeStatic(java.lang.Object, java.lang.Object, java.lang.Object, java.lang.Object, int)'> (0x00000000c7109878) thrown at [./src/hotspot/share/interpreter/linkResolver.cpp, line 773]
Event: 11.584 Thread 0x00007fc0c8016800 Exception <a 'java/lang/UnsatisfiedLinkError'{0x00000000c6e407c8}: libtesseract.so: cannot open shared object file: No such file or directory> (0x00000000c6e407c8) thrown at [./src/hotspot/share/prims/jni.cpp, line 636]
Event: 11.584 Thread 0x00007fc0c8016800 Exception <a 'java/lang/UnsatisfiedLinkError'{0x00000000c6e412d8}: libtesseract.so: cannot open shared object file: No such file or directory> (0x00000000c6e412d8) thrown at [./src/hotspot/share/prims/jni.cpp, line 636]

Events (20 events):
Event: 12.201 loading class com/sun/imageio/plugins/tiff/TIFFIFD
Event: 12.202 loading class javax/imageio/plugins/tiff/TIFFDirectory
Event: 12.202 loading class javax/imageio/plugins/tiff/TIFFDirectory done
Event: 12.202 loading class com/sun/imageio/plugins/tiff/TIFFIFD done
Event: 12.202 loading class javax/imageio/plugins/tiff/TIFFField
Event: 12.202 loading class javax/imageio/plugins/tiff/TIFFField done
Event: 12.202 loading class com/sun/imageio/plugins/tiff/TIFFIFD$TIFFIFDEntry
Event: 12.202 loading class com/sun/imageio/plugins/tiff/TIFFIFD$TIFFIFDEntry done
Event: 12.203 loading class com/sun/imageio/plugins/tiff/TIFFDecompressor
Event: 12.204 loading class com/sun/imageio/plugins/tiff/TIFFDecompressor done
Event: 12.204 loading class com/sun/imageio/plugins/common/ImageUtil
Event: 12.211 loading class com/sun/imageio/plugins/common/ImageUtil done
Event: 12.211 loading class com/sun/imageio/plugins/tiff/TIFFNullDecompressor
Event: 12.220 loading class com/sun/imageio/plugins/tiff/TIFFNullDecompressor done
Event: 12.220 loading class com/sun/imageio/plugins/tiff/TIFFImageWriter
Event: 12.223 loading class com/sun/imageio/plugins/tiff/TIFFImageWriter done
Event: 12.225 loading class java/lang/StrictMath
Event: 12.232 loading class java/lang/StrictMath done
Event: 12.232 loading class com/sun/jna/Native$Buffers
Event: 12.232 loading class com/sun/jna/Native$Buffers done


Dynamic libraries:
c4400000-c8000000 rw-p 00000000 00:00 0 
c8000000-ffe00000 ---p 00000000 00:00 0 
ffe00000-ffe47000 rw-p 0110b000 08:01 12456481                           /usr/lib/jvm/java-11-openjdk-amd64/lib/server/classes.jsa
ffe47000-fff00000 rw-p 00000000 00:00 0 
fff00000-fff6a000 rw-p 010a1000 08:01 12456481                           /usr/lib/jvm/java-11-openjdk-amd64/lib/server/classes.jsa
fff6a000-100000000 rw-p 00000000 00:00 0 
800000000-800002000 rwxp 00001000 08:01 12456481                         /usr/lib/jvm/java-11-openjdk-amd64/lib/server/classes.jsa
800002000-8003b8000 rw-p 00003000 08:01 12456481                         /usr/lib/jvm/java-11-openjdk-amd64/lib/server/classes.jsa
8003b8000-800a93000 r--p 003b9000 08:01 12456481                         /usr/lib/jvm/java-11-openjdk-amd64/lib/server/classes.jsa
800a93000-800a94000 rw-p 00a94000 08:01 12456481                         /usr/lib/jvm/java-11-openjdk-amd64/lib/server/classes.jsa
800a94000-8010a0000 r--p 00a95000 08:01 12456481                         /usr/lib/jvm/java-11-openjdk-amd64/lib/server/classes.jsa
840000000-840200000 rw-p 00000000 00:00 0 
840200000-880000000 ---p 00000000 00:00 0 
556438b67000-556438b68000 r-xp 00000000 08:01 12455190                   /usr/lib/jvm/java-11-openjdk-amd64/bin/java
556438d68000-556438d69000 r--p 00001000 08:01 12455190                   /usr/lib/jvm/java-11-openjdk-amd64/bin/java
556438d69000-556438d6a000 rw-p 00002000 08:01 12455190                   /usr/lib/jvm/java-11-openjdk-amd64/bin/java
556438e02000-556438e23000 rw-p 00000000 00:00 0                          [heap]
7fc044000000-7fc044021000 rw-p 00000000 00:00 0 
7fc044021000-7fc048000000 ---p 00000000 00:00 0 
7fc048000000-7fc048021000 rw-p 00000000 00:00 0 
7fc048021000-7fc04c000000 ---p 00000000 00:00 0 
7fc04d34c000-7fc04d44c000 rw-p 00000000 00:00 0 
7fc04d44c000-7fc04d54c000 ---p 00000000 00:00 0 
7fc04d54c000-7fc04d557000 r-xp 00000000 08:01 6562053                    /usr/lib/x86_64-linux-gnu/libjbig.so.0
7fc04d557000-7fc04d756000 ---p 0000b000 08:01 6562053                    /usr/lib/x86_64-linux-gnu/libjbig.so.0
7fc04d756000-7fc04d757000 r--p 0000a000 08:01 6562053                    /usr/lib/x86_64-linux-gnu/libjbig.so.0
7fc04d757000-7fc04d75a000 rw-p 0000b000 08:01 6562053                    /usr/lib/x86_64-linux-gnu/libjbig.so.0
7fc04d75a000-7fc04d77e000 r-xp 00000000 08:01 9966594                    /lib/x86_64-linux-gnu/liblzma.so.5.2.2
7fc04d77e000-7fc04d97e000 ---p 00024000 08:01 9966594                    /lib/x86_64-linux-gnu/liblzma.so.5.2.2
7fc04d97e000-7fc04d97f000 r--p 00024000 08:01 9966594                    /lib/x86_64-linux-gnu/liblzma.so.5.2.2
7fc04d97f000-7fc04d980000 rw-p 00025000 08:01 9966594                    /lib/x86_64-linux-gnu/liblzma.so.5.2.2
7fc04d980000-7fc04d9d4000 r-xp 00000000 08:01 6555779                    /usr/lib/x86_64-linux-gnu/libopenjp2.so.2.3.0
7fc04d9d4000-7fc04dbd4000 ---p 00054000 08:01 6555779                    /usr/lib/x86_64-linux-gnu/libopenjp2.so.2.3.0
7fc04dbd4000-7fc04dbd5000 r--p 00054000 08:01 6555779                    /usr/lib/x86_64-linux-gnu/libopenjp2.so.2.3.0
7fc04dbd5000-7fc04dbd6000 rw-p 00055000 08:01 6555779                    /usr/lib/x86_64-linux-gnu/libopenjp2.so.2.3.0
7fc04dbd6000-7fc04dc3c000 r-xp 00000000 08:01 6562528                    /usr/lib/x86_64-linux-gnu/libwebp.so.6.0.2
7fc04dc3c000-7fc04de3b000 ---p 00066000 08:01 6562528                    /usr/lib/x86_64-linux-gnu/libwebp.so.6.0.2
7fc04de3b000-7fc04de3c000 r--p 00065000 08:01 6562528                    /usr/lib/x86_64-linux-gnu/libwebp.so.6.0.2
7fc04de3c000-7fc04de3d000 rw-p 00066000 08:01 6562528                    /usr/lib/x86_64-linux-gnu/libwebp.so.6.0.2
7fc04de3d000-7fc04de3f000 rw-p 00000000 00:00 0 
7fc04de3f000-7fc04deb2000 r-xp 00000000 08:01 6554686                    /usr/lib/x86_64-linux-gnu/libtiff.so.5.3.0
7fc04deb2000-7fc04e0b1000 ---p 00073000 08:01 6554686                    /usr/lib/x86_64-linux-gnu/libtiff.so.5.3.0
7fc04e0b1000-7fc04e0b5000 r--p 00072000 08:01 6554686                    /usr/lib/x86_64-linux-gnu/libtiff.so.5.3.0
7fc04e0b5000-7fc04e0b6000 rw-p 00076000 08:01 6554686                    /usr/lib/x86_64-linux-gnu/libtiff.so.5.3.0
7fc04e0b6000-7fc04e0be000 r-xp 00000000 08:01 6562893                    /usr/lib/x86_64-linux-gnu/libgif.so.7.0.0
7fc04e0be000-7fc04e2bd000 ---p 00008000 08:01 6562893                    /usr/lib/x86_64-linux-gnu/libgif.so.7.0.0
7fc04e2bd000-7fc04e2be000 r--p 00007000 08:01 6562893                    /usr/lib/x86_64-linux-gnu/libgif.so.7.0.0
7fc04e2be000-7fc04e2bf000 rw-p 00008000 08:01 6562893                    /usr/lib/x86_64-linux-gnu/libgif.so.7.0.0
7fc04e2bf000-7fc04e326000 r-xp 00000000 08:01 6554613                    /usr/lib/x86_64-linux-gnu/libjpeg.so.8.1.2
7fc04e326000-7fc04e525000 ---p 00067000 08:01 6554613                    /usr/lib/x86_64-linux-gnu/libjpeg.so.8.1.2
7fc04e525000-7fc04e526000 r--p 00066000 08:01 6554613                    /usr/lib/x86_64-linux-gnu/libjpeg.so.8.1.2
7fc04e526000-7fc04e527000 rw-p 00067000 08:01 6554613                    /usr/lib/x86_64-linux-gnu/libjpeg.so.8.1.2
7fc04e527000-7fc04e558000 r-xp 00000000 08:01 6562256                    /usr/lib/x86_64-linux-gnu/libpng16.so.16.34.0
7fc04e558000-7fc04e757000 ---p 00031000 08:01 6562256                    /usr/lib/x86_64-linux-gnu/libpng16.so.16.34.0
7fc04e757000-7fc04e758000 r--p 00030000 08:01 6562256                    /usr/lib/x86_64-linux-gnu/libpng16.so.16.34.0
7fc04e758000-7fc04e759000 rw-p 00031000 08:01 6562256                    /usr/lib/x86_64-linux-gnu/libpng16.so.16.34.0
7fc04e759000-7fc04e787000 r-xp 00000000 08:01 6555237                    /usr/lib/x86_64-linux-gnu/libgomp.so.1.0.0
7fc04e787000-7fc04e986000 ---p 0002e000 08:01 6555237                    /usr/lib/x86_64-linux-gnu/libgomp.so.1.0.0
7fc04e986000-7fc04e987000 r--p 0002d000 08:01 6555237                    /usr/lib/x86_64-linux-gnu/libgomp.so.1.0.0
7fc04e987000-7fc04e988000 rw-p 0002e000 08:01 6555237                    /usr/lib/x86_64-linux-gnu/libgomp.so.1.0.0
7fc04e988000-7fc04ebe4000 r-xp 00000000 08:01 6556067                    /usr/lib/x86_64-linux-gnu/liblept.so.5.0.2
7fc04ebe4000-7fc04ede3000 ---p 0025c000 08:01 6556067                    /usr/lib/x86_64-linux-gnu/liblept.so.5.0.2
7fc04ede3000-7fc04ede4000 r--p 0025b000 08:01 6556067                    /usr/lib/x86_64-linux-gnu/liblept.so.5.0.2
7fc04ede4000-7fc04edea000 rw-p 0025c000 08:01 6556067                    /usr/lib/x86_64-linux-gnu/liblept.so.5.0.2
7fc04edea000-7fc04f0f7000 r-xp 00000000 08:01 6556069                    /usr/lib/x86_64-linux-gnu/libtesseract.so.4.0.0
7fc04f0f7000-7fc04f2f6000 ---p 0030d000 08:01 6556069                    /usr/lib/x86_64-linux-gnu/libtesseract.so.4.0.0
7fc04f2f6000-7fc04f2fb000 r--p 0030c000 08:01 6556069                    /usr/lib/x86_64-linux-gnu/libtesseract.so.4.0.0
7fc04f2fb000-7fc04f2fc000 rw-p 00311000 08:01 6556069                    /usr/lib/x86_64-linux-gnu/libtesseract.so.4.0.0
7fc04f2fc000-7fc04f5a0000 rw-p 00000000 00:00 0 
7fc04f5a0000-7fc04f5b7000 r-xp 00000000 08:01 19149854                   /tmp/jna-104583599/jna9547614170552909368.tmp (deleted)
7fc04f5b7000-7fc04f6b6000 ---p 00017000 08:01 19149854                   /tmp/jna-104583599/jna9547614170552909368.tmp (deleted)
7fc04f6b6000-7fc04f6b8000 rw-p 00016000 08:01 19149854                   /tmp/jna-104583599/jna9547614170552909368.tmp (deleted)
7fc04f6b8000-7fc04f6bc000 ---p 00000000 00:00 0 
7fc04f6bc000-7fc04f7b9000 rw-p 00000000 00:00 0 
7fc04f7b9000-7fc04f7cc000 r-xp 00000000 08:01 9961655                    /lib/x86_64-linux-gnu/libbsd.so.0.8.7
7fc04f7cc000-7fc04f9cb000 ---p 00013000 08:01 9961655                    /lib/x86_64-linux-gnu/libbsd.so.0.8.7
7fc04f9cb000-7fc04f9cc000 r--p 00012000 08:01 9961655                    /lib/x86_64-linux-gnu/libbsd.so.0.8.7
7fc04f9cc000-7fc04f9cd000 rw-p 00013000 08:01 9961655                    /lib/x86_64-linux-gnu/libbsd.so.0.8.7
7fc04f9cd000-7fc04f9ce000 rw-p 00000000 00:00 0 
7fc04f9ce000-7fc04f9d3000 r-xp 00000000 08:01 6561397                    /usr/lib/x86_64-linux-gnu/libXdmcp.so.6.0.0
7fc04f9d3000-7fc04fbd2000 ---p 00005000 08:01 6561397                    /usr/lib/x86_64-linux-gnu/libXdmcp.so.6.0.0
7fc04fbd2000-7fc04fbd3000 r--p 00004000 08:01 6561397                    /usr/lib/x86_64-linux-gnu/libXdmcp.so.6.0.0
7fc04fbd3000-7fc04fbd4000 rw-p 00005000 08:01 6561397                    /usr/lib/x86_64-linux-gnu/libXdmcp.so.6.0.0
7fc04fbd4000-7fc04fbd6000 r-xp 00000000 08:01 6561386                    /usr/lib/x86_64-linux-gnu/libXau.so.6.0.0
7fc04fbd6000-7fc04fdd6000 ---p 00002000 08:01 6561386                    /usr/lib/x86_64-linux-gnu/libXau.so.6.0.0
7fc04fdd6000-7fc04fdd7000 r--p 00002000 08:01 6561386                    /usr/lib/x86_64-linux-gnu/libXau.so.6.0.0
7fc04fdd7000-7fc04fdd8000 rw-p 00003000 08:01 6561386                    /usr/lib/x86_64-linux-gnu/libXau.so.6.0.0
7fc04fdd8000-7fc04fdfe000 r-xp 00000000 08:01 6562599                    /usr/lib/x86_64-linux-gnu/libxcb.so.1.1.0
7fc04fdfe000-7fc04fffe000 ---p 00026000 08:01 6562599                    /usr/lib/x86_64-linux-gnu/libxcb.so.1.1.0
7fc04fffe000-7fc04ffff000 r--p 00026000 08:01 6562599                    /usr/lib/x86_64-linux-gnu/libxcb.so.1.1.0
7fc04ffff000-7fc050000000 rw-p 00027000 08:01 6562599                    /usr/lib/x86_64-linux-gnu/libxcb.so.1.1.0
7fc050000000-7fc050021000 rw-p 00000000 00:00 0 
7fc050021000-7fc054000000 ---p 00000000 00:00 0 
7fc054000000-7fc054021000 rw-p 00000000 00:00 0 
7fc054021000-7fc058000000 ---p 00000000 00:00 0 
7fc058000000-7fc058021000 rw-p 00000000 00:00 0 
7fc058021000-7fc05c000000 ---p 00000000 00:00 0 
7fc05c000000-7fc05c021000 rw-p 00000000 00:00 0 
7fc05c021000-7fc060000000 ---p 00000000 00:00 0 
7fc060000000-7fc060021000 rw-p 00000000 00:00 0 
7fc060021000-7fc064000000 ---p 00000000 00:00 0 
7fc064000000-7fc064021000 rw-p 00000000 00:00 0 
7fc064021000-7fc068000000 ---p 00000000 00:00 0 
7fc068000000-7fc068021000 rw-p 00000000 00:00 0 
7fc068021000-7fc06c000000 ---p 00000000 00:00 0 
7fc06c000000-7fc06c021000 rw-p 00000000 00:00 0 
7fc06c021000-7fc070000000 ---p 00000000 00:00 0 
7fc070000000-7fc070021000 rw-p 00000000 00:00 0 
7fc070021000-7fc074000000 ---p 00000000 00:00 0 
7fc074000000-7fc074021000 rw-p 00000000 00:00 0 
7fc074021000-7fc078000000 ---p 00000000 00:00 0 
7fc078000000-7fc078468000 rw-p 00000000 00:00 0 
7fc078468000-7fc07c000000 ---p 00000000 00:00 0 
7fc07c000000-7fc07c021000 rw-p 00000000 00:00 0 
7fc07c021000-7fc080000000 ---p 00000000 00:00 0 
7fc080000000-7fc080021000 rw-p 00000000 00:00 0 
7fc080021000-7fc084000000 ---p 00000000 00:00 0 
7fc084000000-7fc08434a000 rw-p 00000000 00:00 0 
7fc08434a000-7fc088000000 ---p 00000000 00:00 0 
7fc088000000-7fc088021000 rw-p 00000000 00:00 0 
7fc088021000-7fc08c000000 ---p 00000000 00:00 0 
7fc08c000000-7fc08c021000 rw-p 00000000 00:00 0 
7fc08c021000-7fc090000000 ---p 00000000 00:00 0 
7fc090000000-7fc090021000 rw-p 00000000 00:00 0 
7fc090021000-7fc094000000 ---p 00000000 00:00 0 
7fc094000000-7fc094021000 rw-p 00000000 00:00 0 
7fc094021000-7fc098000000 ---p 00000000 00:00 0 
7fc098026000-7fc098035000 r-xp 00000000 08:01 6561407                    /usr/lib/x86_64-linux-gnu/libXi.so.6.1.0
7fc098035000-7fc098234000 ---p 0000f000 08:01 6561407                    /usr/lib/x86_64-linux-gnu/libXi.so.6.1.0
7fc098234000-7fc098235000 r--p 0000e000 08:01 6561407                    /usr/lib/x86_64-linux-gnu/libXi.so.6.1.0
7fc098235000-7fc098236000 rw-p 0000f000 08:01 6561407                    /usr/lib/x86_64-linux-gnu/libXi.so.6.1.0
7fc098236000-7fc09823b000 r-xp 00000000 08:01 6561425                    /usr/lib/x86_64-linux-gnu/libXtst.so.6.1.0
7fc09823b000-7fc09843a000 ---p 00005000 08:01 6561425                    /usr/lib/x86_64-linux-gnu/libXtst.so.6.1.0
7fc09843a000-7fc09843b000 r--p 00004000 08:01 6561425                    /usr/lib/x86_64-linux-gnu/libXtst.so.6.1.0
7fc09843b000-7fc09843c000 rw-p 00005000 08:01 6561425                    /usr/lib/x86_64-linux-gnu/libXtst.so.6.1.0
7fc09843c000-7fc098445000 r-xp 00000000 08:01 6561419                    /usr/lib/x86_64-linux-gnu/libXrender.so.1.3.0
7fc098445000-7fc098644000 ---p 00009000 08:01 6561419                    /usr/lib/x86_64-linux-gnu/libXrender.so.1.3.0
7fc098644000-7fc098645000 r--p 00008000 08:01 6561419                    /usr/lib/x86_64-linux-gnu/libXrender.so.1.3.0
7fc098645000-7fc098646000 rw-p 00009000 08:01 6561419                    /usr/lib/x86_64-linux-gnu/libXrender.so.1.3.0
7fc098646000-7fc098779000 r-xp 00000000 08:01 6561382                    /usr/lib/x86_64-linux-gnu/libX11.so.6.3.0
7fc098779000-7fc098979000 ---p 00133000 08:01 6561382                    /usr/lib/x86_64-linux-gnu/libX11.so.6.3.0
7fc098979000-7fc09897a000 r--p 00133000 08:01 6561382                    /usr/lib/x86_64-linux-gnu/libX11.so.6.3.0
7fc09897a000-7fc09897e000 rw-p 00134000 08:01 6561382                    /usr/lib/x86_64-linux-gnu/libX11.so.6.3.0
7fc09897e000-7fc09898f000 r-xp 00000000 08:01 6561399                    /usr/lib/x86_64-linux-gnu/libXext.so.6.4.0
7fc09898f000-7fc098b8e000 ---p 00011000 08:01 6561399                    /usr/lib/x86_64-linux-gnu/libXext.so.6.4.0
7fc098b8e000-7fc098b8f000 r--p 00010000 08:01 6561399                    /usr/lib/x86_64-linux-gnu/libXext.so.6.4.0
7fc098b8f000-7fc098b90000 rw-p 00011000 08:01 6561399                    /usr/lib/x86_64-linux-gnu/libXext.so.6.4.0
7fc098b90000-7fc098bef000 r-xp 00000000 08:01 12455373                   /usr/lib/jvm/java-11-openjdk-amd64/lib/libawt_xawt.so
7fc098bef000-7fc098dee000 ---p 0005f000 08:01 12455373                   /usr/lib/jvm/java-11-openjdk-amd64/lib/libawt_xawt.so
7fc098dee000-7fc098def000 r--p 0005e000 08:01 12455373                   /usr/lib/jvm/java-11-openjdk-amd64/lib/libawt_xawt.so
7fc098def000-7fc098df2000 rw-p 0005f000 08:01 12455373                   /usr/lib/jvm/java-11-openjdk-amd64/lib/libawt_xawt.so
7fc098df2000-7fc098ff4000 rw-p 00000000 00:00 0 
7fc098ff4000-7fc099092000 r-xp 00000000 08:01 12455371                   /usr/lib/jvm/java-11-openjdk-amd64/lib/libawt.so
7fc099092000-7fc099292000 ---p 0009e000 08:01 12455371                   /usr/lib/jvm/java-11-openjdk-amd64/lib/libawt.so
7fc099292000-7fc099293000 r--p 0009e000 08:01 12455371                   /usr/lib/jvm/java-11-openjdk-amd64/lib/libawt.so
7fc099293000-7fc09929e000 rw-p 0009f000 08:01 12455371                   /usr/lib/jvm/java-11-openjdk-amd64/lib/libawt.so
7fc09929e000-7fc0992c3000 rw-p 00000000 00:00 0 
7fc0992c3000-7fc0992c7000 ---p 00000000 00:00 0 
7fc0992c7000-7fc0993c4000 rw-p 00000000 00:00 0 
7fc0993c4000-7fc0993c8000 ---p 00000000 00:00 0 
7fc0993c8000-7fc0996c5000 rw-p 00000000 00:00 0 
7fc0996c5000-7fc0996c9000 ---p 00000000 00:00 0 
7fc0996c9000-7fc0997c6000 rw-p 00000000 00:00 0 
7fc0997c6000-7fc0997ca000 ---p 00000000 00:00 0 
7fc0997ca000-7fc0998c7000 rw-p 00000000 00:00 0 
7fc0998c7000-7fc0998cb000 ---p 00000000 00:00 0 
7fc0998cb000-7fc0999c8000 rw-p 00000000 00:00 0 
7fc0999c8000-7fc0999cc000 ---p 00000000 00:00 0 
7fc0999cc000-7fc099ac9000 rw-p 00000000 00:00 0 
7fc099ac9000-7fc099aca000 ---p 00000000 00:00 0 
7fc099aca000-7fc099bcb000 rw-p 00000000 00:00 0 
7fc099bcb000-7fc099bf5000 r-xp 00000000 08:01 12455404                   /usr/lib/jvm/java-11-openjdk-amd64/lib/libsunec.so
7fc099bf5000-7fc099df4000 ---p 0002a000 08:01 12455404                   /usr/lib/jvm/java-11-openjdk-amd64/lib/libsunec.so
7fc099df4000-7fc099df8000 r--p 00029000 08:01 12455404                   /usr/lib/jvm/java-11-openjdk-amd64/lib/libsunec.so
7fc099df8000-7fc099dfa000 rw-p 0002d000 08:01 12455404                   /usr/lib/jvm/java-11-openjdk-amd64/lib/libsunec.so
7fc099dfa000-7fc099dfc000 r-xp 00000000 08:01 12455375                   /usr/lib/jvm/java-11-openjdk-amd64/lib/libextnet.so
7fc099dfc000-7fc099ffb000 ---p 00002000 08:01 12455375                   /usr/lib/jvm/java-11-openjdk-amd64/lib/libextnet.so
7fc099ffb000-7fc099ffc000 r--p 00001000 08:01 12455375                   /usr/lib/jvm/java-11-openjdk-amd64/lib/libextnet.so
7fc099ffc000-7fc099ffd000 rw-p 00002000 08:01 12455375                   /usr/lib/jvm/java-11-openjdk-amd64/lib/libextnet.so
7fc099ffd000-7fc09a013000 r-xp 00000000 08:01 12455398                   /usr/lib/jvm/java-11-openjdk-amd64/lib/libnet.so
7fc09a013000-7fc09a212000 ---p 00016000 08:01 12455398                   /usr/lib/jvm/java-11-openjdk-amd64/lib/libnet.so
7fc09a212000-7fc09a213000 r--p 00015000 08:01 12455398                   /usr/lib/jvm/java-11-openjdk-amd64/lib/libnet.so
7fc09a213000-7fc09a214000 rw-p 00016000 08:01 12455398                   /usr/lib/jvm/java-11-openjdk-amd64/lib/libnet.so
7fc09a214000-7fc09a224000 r-xp 00000000 08:01 12455399                   /usr/lib/jvm/java-11-openjdk-amd64/lib/libnio.so
7fc09a224000-7fc09a423000 ---p 00010000 08:01 12455399                   /usr/lib/jvm/java-11-openjdk-amd64/lib/libnio.so
7fc09a423000-7fc09a424000 r--p 0000f000 08:01 12455399                   /usr/lib/jvm/java-11-openjdk-amd64/lib/libnio.so
7fc09a424000-7fc09a425000 rw-p 00010000 08:01 12455399                   /usr/lib/jvm/java-11-openjdk-amd64/lib/libnio.so
7fc09a425000-7fc09a429000 ---p 00000000 00:00 0 
7fc09a429000-7fc09a526000 rw-p 00000000 00:00 0 
7fc09a526000-7fc09a527000 ---p 00000000 00:00 0 
7fc09a527000-7fc09a628000 rw-p 00000000 00:00 0 
7fc09a628000-7fc09a62c000 ---p 00000000 00:00 0 
7fc09a62c000-7fc09a729000 rw-p 00000000 00:00 0 
7fc09a729000-7fc09a72d000 ---p 00000000 00:00 0 
7fc09a72d000-7fc09a82a000 rw-p 00000000 00:00 0 
7fc09a82a000-7fc09a82e000 ---p 00000000 00:00 0 
7fc09a82e000-7fc09a92b000 rw-p 00000000 00:00 0 
7fc09a92b000-7fc09a92f000 ---p 00000000 00:00 0 
7fc09a92f000-7fc09aa2c000 rw-p 00000000 00:00 0 
7fc09aa2c000-7fc09aa30000 ---p 00000000 00:00 0 
7fc09aa30000-7fc09ab2d000 rw-p 00000000 00:00 0 
7fc09ab2d000-7fc09b4fc000 r--p 00000000 08:01 6560357                    /usr/lib/locale/locale-archive
7fc09b4fc000-7fc09b500000 ---p 00000000 00:00 0 
7fc09b500000-7fc09b5fd000 rw-p 00000000 00:00 0 
7fc09b5fd000-7fc09b601000 ---p 00000000 00:00 0 
7fc09b601000-7fc09b6fe000 rw-p 00000000 00:00 0 
7fc09b6fe000-7fc09b6ff000 ---p 00000000 00:00 0 
7fc09b6ff000-7fc09c000000 rw-p 00000000 00:00 0 
7fc09c000000-7fc09c021000 rw-p 00000000 00:00 0 
7fc09c021000-7fc0a0000000 ---p 00000000 00:00 0 
7fc0a0000000-7fc0a0021000 rw-p 00000000 00:00 0 
7fc0a0021000-7fc0a4000000 ---p 00000000 00:00 0 
7fc0a4000000-7fc0a4021000 rw-p 00000000 00:00 0 
7fc0a4021000-7fc0a8000000 ---p 00000000 00:00 0 
7fc0a809d000-7fc0a811e000 rw-p 00000000 00:00 0 
7fc0a811e000-7fc0a811f000 ---p 00000000 00:00 0 
7fc0a811f000-7fc0aa310000 rw-p 00000000 00:00 0 
7fc0aa310000-7fc0ab108000 ---p 00000000 00:00 0 
7fc0ab108000-7fc0ab200000 rw-p 00000000 00:00 0 
7fc0ab200000-7fc0abff8000 ---p 00000000 00:00 0 
7fc0abff8000-7fc0ac000000 rw-p 00000000 00:00 0 
7fc0ac000000-7fc0ac021000 rw-p 00000000 00:00 0 
7fc0ac021000-7fc0b0000000 ---p 00000000 00:00 0 
7fc0b0025000-7fc0b0026000 ---p 00000000 00:00 0 
7fc0b0026000-7fc0b052b000 rw-p 00000000 00:00 0 
7fc0b052b000-7fc0b052c000 ---p 00000000 00:00 0 
7fc0b052c000-7fc0b062d000 rw-p 00000000 00:00 0 
7fc0b062d000-7fc0b062e000 ---p 00000000 00:00 0 
7fc0b062e000-7fc0b074d000 rw-p 00000000 00:00 0 
7fc0b074d000-7fc0b090c000 ---p 00000000 00:00 0 
7fc0b090c000-7fc0b090d000 rw-p 00000000 00:00 0 
7fc0b090d000-7fc0b0b7d000 rwxp 00000000 00:00 0 
7fc0b0b7d000-7fc0b0e9d000 ---p 00000000 00:00 0 
7fc0b0e9d000-7fc0b123d000 rwxp 00000000 00:00 0 
7fc0b123d000-7fc0b83d5000 ---p 00000000 00:00 0 
7fc0b83d5000-7fc0b8645000 rwxp 00000000 00:00 0 
7fc0b8645000-7fc0bf90d000 ---p 00000000 00:00 0 
7fc0bf90d000-7fc0c8000000 r--s 00000000 08:01 12455408                   /usr/lib/jvm/java-11-openjdk-amd64/lib/modules
7fc0c8000000-7fc0c8870000 rw-p 00000000 00:00 0 
7fc0c8870000-7fc0cc000000 ---p 00000000 00:00 0 
7fc0cc016000-7fc0cc01a000 ---p 00000000 00:00 0 
7fc0cc01a000-7fc0cc0b1000 rw-p 00000000 00:00 0 
7fc0cc0b1000-7fc0cc270000 ---p 00000000 00:00 0 
7fc0cc270000-7fc0cc28f000 rw-p 00000000 00:00 0 
7fc0cc28f000-7fc0cc44e000 ---p 00000000 00:00 0 
7fc0cc44e000-7fc0cc853000 rw-p 00000000 00:00 0 
7fc0cc853000-7fc0cc854000 ---p 00000000 00:00 0 
7fc0cc854000-7fc0cc95a000 rw-p 00000000 00:00 0 
7fc0cc95a000-7fc0cca40000 ---p 00000000 00:00 0 
7fc0cca40000-7fc0cca48000 rw-p 00000000 00:00 0 
7fc0cca48000-7fc0ccb2b000 ---p 00000000 00:00 0 
7fc0ccb2b000-7fc0ccb30000 r-xp 00000000 08:01 12455386                   /usr/lib/jvm/java-11-openjdk-amd64/lib/libjimage.so
7fc0ccb30000-7fc0ccd2f000 ---p 00005000 08:01 12455386                   /usr/lib/jvm/java-11-openjdk-amd64/lib/libjimage.so
7fc0ccd2f000-7fc0ccd30000 r--p 00004000 08:01 12455386                   /usr/lib/jvm/java-11-openjdk-amd64/lib/libjimage.so
7fc0ccd30000-7fc0ccd31000 rw-p 00005000 08:01 12455386                   /usr/lib/jvm/java-11-openjdk-amd64/lib/libjimage.so
7fc0ccd31000-7fc0ccd38000 r-xp 00000000 08:01 12455407                   /usr/lib/jvm/java-11-openjdk-amd64/lib/libzip.so
7fc0ccd38000-7fc0ccf37000 ---p 00007000 08:01 12455407                   /usr/lib/jvm/java-11-openjdk-amd64/lib/libzip.so
7fc0ccf37000-7fc0ccf38000 r--p 00006000 08:01 12455407                   /usr/lib/jvm/java-11-openjdk-amd64/lib/libzip.so
7fc0ccf38000-7fc0ccf39000 rw-p 00007000 08:01 12455407                   /usr/lib/jvm/java-11-openjdk-amd64/lib/libzip.so
7fc0ccf39000-7fc0ccf44000 r-xp 00000000 08:01 9966624                    /lib/x86_64-linux-gnu/libnss_files-2.27.so
7fc0ccf44000-7fc0cd143000 ---p 0000b000 08:01 9966624                    /lib/x86_64-linux-gnu/libnss_files-2.27.so
7fc0cd143000-7fc0cd144000 r--p 0000a000 08:01 9966624                    /lib/x86_64-linux-gnu/libnss_files-2.27.so
7fc0cd144000-7fc0cd145000 rw-p 0000b000 08:01 9966624                    /lib/x86_64-linux-gnu/libnss_files-2.27.so
7fc0cd145000-7fc0cd14b000 rw-p 00000000 00:00 0 
7fc0cd14b000-7fc0cd162000 r-xp 00000000 08:01 9966618                    /lib/x86_64-linux-gnu/libnsl-2.27.so
7fc0cd162000-7fc0cd361000 ---p 00017000 08:01 9966618                    /lib/x86_64-linux-gnu/libnsl-2.27.so
7fc0cd361000-7fc0cd362000 r--p 00016000 08:01 9966618                    /lib/x86_64-linux-gnu/libnsl-2.27.so
7fc0cd362000-7fc0cd363000 rw-p 00017000 08:01 9966618                    /lib/x86_64-linux-gnu/libnsl-2.27.so
7fc0cd363000-7fc0cd365000 rw-p 00000000 00:00 0 
7fc0cd365000-7fc0cd370000 r-xp 00000000 08:01 9966635                    /lib/x86_64-linux-gnu/libnss_nis-2.27.so
7fc0cd370000-7fc0cd56f000 ---p 0000b000 08:01 9966635                    /lib/x86_64-linux-gnu/libnss_nis-2.27.so
7fc0cd56f000-7fc0cd570000 r--p 0000a000 08:01 9966635                    /lib/x86_64-linux-gnu/libnss_nis-2.27.so
7fc0cd570000-7fc0cd571000 rw-p 0000b000 08:01 9966635                    /lib/x86_64-linux-gnu/libnss_nis-2.27.so
7fc0cd571000-7fc0cd579000 r-xp 00000000 08:01 9966620                    /lib/x86_64-linux-gnu/libnss_compat-2.27.so
7fc0cd579000-7fc0cd779000 ---p 00008000 08:01 9966620                    /lib/x86_64-linux-gnu/libnss_compat-2.27.so
7fc0cd779000-7fc0cd77a000 r--p 00008000 08:01 9966620                    /lib/x86_64-linux-gnu/libnss_compat-2.27.so
7fc0cd77a000-7fc0cd77b000 rw-p 00009000 08:01 9966620                    /lib/x86_64-linux-gnu/libnss_compat-2.27.so
7fc0cd77b000-7fc0cd7a4000 r-xp 00000000 08:01 12455382                   /usr/lib/jvm/java-11-openjdk-amd64/lib/libjava.so
7fc0cd7a4000-7fc0cd9a3000 ---p 00029000 08:01 12455382                   /usr/lib/jvm/java-11-openjdk-amd64/lib/libjava.so
7fc0cd9a3000-7fc0cd9a4000 r--p 00028000 08:01 12455382                   /usr/lib/jvm/java-11-openjdk-amd64/lib/libjava.so
7fc0cd9a4000-7fc0cd9a6000 rw-p 00029000 08:01 12455382                   /usr/lib/jvm/java-11-openjdk-amd64/lib/libjava.so
7fc0cd9a6000-7fc0cd9b3000 r-xp 00000000 08:01 12455406                   /usr/lib/jvm/java-11-openjdk-amd64/lib/libverify.so
7fc0cd9b3000-7fc0cdbb2000 ---p 0000d000 08:01 12455406                   /usr/lib/jvm/java-11-openjdk-amd64/lib/libverify.so
7fc0cdbb2000-7fc0cdbb4000 r--p 0000c000 08:01 12455406                   /usr/lib/jvm/java-11-openjdk-amd64/lib/libverify.so
7fc0cdbb4000-7fc0cdbb5000 rw-p 0000e000 08:01 12455406                   /usr/lib/jvm/java-11-openjdk-amd64/lib/libverify.so
7fc0cdbb5000-7fc0cdbbc000 r-xp 00000000 08:01 9966675                    /lib/x86_64-linux-gnu/librt-2.27.so
7fc0cdbbc000-7fc0cddbb000 ---p 00007000 08:01 9966675                    /lib/x86_64-linux-gnu/librt-2.27.so
7fc0cddbb000-7fc0cddbc000 r--p 00006000 08:01 9966675                    /lib/x86_64-linux-gnu/librt-2.27.so
7fc0cddbc000-7fc0cddbd000 rw-p 00007000 08:01 9966675                    /lib/x86_64-linux-gnu/librt-2.27.so
7fc0cddbd000-7fc0cddd4000 r-xp 00000000 08:01 9961786                    /lib/x86_64-linux-gnu/libgcc_s.so.1
7fc0cddd4000-7fc0cdfd3000 ---p 00017000 08:01 9961786                    /lib/x86_64-linux-gnu/libgcc_s.so.1
7fc0cdfd3000-7fc0cdfd4000 r--p 00016000 08:01 9961786                    /lib/x86_64-linux-gnu/libgcc_s.so.1
7fc0cdfd4000-7fc0cdfd5000 rw-p 00017000 08:01 9961786                    /lib/x86_64-linux-gnu/libgcc_s.so.1
7fc0cdfd5000-7fc0ce172000 r-xp 00000000 08:01 9966597                    /lib/x86_64-linux-gnu/libm-2.27.so
7fc0ce172000-7fc0ce371000 ---p 0019d000 08:01 9966597                    /lib/x86_64-linux-gnu/libm-2.27.so
7fc0ce371000-7fc0ce372000 r--p 0019c000 08:01 9966597                    /lib/x86_64-linux-gnu/libm-2.27.so
7fc0ce372000-7fc0ce373000 rw-p 0019d000 08:01 9966597                    /lib/x86_64-linux-gnu/libm-2.27.so
7fc0ce373000-7fc0ce4ec000 r-xp 00000000 08:01 6555233                    /usr/lib/x86_64-linux-gnu/libstdc++.so.6.0.25
7fc0ce4ec000-7fc0ce6ec000 ---p 00179000 08:01 6555233                    /usr/lib/x86_64-linux-gnu/libstdc++.so.6.0.25
7fc0ce6ec000-7fc0ce6f6000 r--p 00179000 08:01 6555233                    /usr/lib/x86_64-linux-gnu/libstdc++.so.6.0.25
7fc0ce6f6000-7fc0ce6f8000 rw-p 00183000 08:01 6555233                    /usr/lib/x86_64-linux-gnu/libstdc++.so.6.0.25
7fc0ce6f8000-7fc0ce6fc000 rw-p 00000000 00:00 0 
7fc0ce6fc000-7fc0cf7d9000 r-xp 00000000 08:01 12455413                   /usr/lib/jvm/java-11-openjdk-amd64/lib/server/libjvm.so
7fc0cf7d9000-7fc0cf9d8000 ---p 010dd000 08:01 12455413                   /usr/lib/jvm/java-11-openjdk-amd64/lib/server/libjvm.so
7fc0cf9d8000-7fc0cfa95000 r--p 010dc000 08:01 12455413                   /usr/lib/jvm/java-11-openjdk-amd64/lib/server/libjvm.so
7fc0cfa95000-7fc0cfacf000 rw-p 01199000 08:01 12455413                   /usr/lib/jvm/java-11-openjdk-amd64/lib/server/libjvm.so
7fc0cfacf000-7fc0cfb25000 rw-p 00000000 00:00 0 
7fc0cfb25000-7fc0cfb3f000 r-xp 00000000 08:01 9966667                    /lib/x86_64-linux-gnu/libpthread-2.27.so
7fc0cfb3f000-7fc0cfd3e000 ---p 0001a000 08:01 9966667                    /lib/x86_64-linux-gnu/libpthread-2.27.so
7fc0cfd3e000-7fc0cfd3f000 r--p 00019000 08:01 9966667                    /lib/x86_64-linux-gnu/libpthread-2.27.so
7fc0cfd3f000-7fc0cfd40000 rw-p 0001a000 08:01 9966667                    /lib/x86_64-linux-gnu/libpthread-2.27.so
7fc0cfd40000-7fc0cfd44000 rw-p 00000000 00:00 0 
7fc0cfd44000-7fc0cfd47000 r-xp 00000000 08:01 9966557                    /lib/x86_64-linux-gnu/libdl-2.27.so
7fc0cfd47000-7fc0cff46000 ---p 00003000 08:01 9966557                    /lib/x86_64-linux-gnu/libdl-2.27.so
7fc0cff46000-7fc0cff47000 r--p 00002000 08:01 9966557                    /lib/x86_64-linux-gnu/libdl-2.27.so
7fc0cff47000-7fc0cff48000 rw-p 00003000 08:01 9966557                    /lib/x86_64-linux-gnu/libdl-2.27.so
7fc0cff48000-7fc0cff64000 r-xp 00000000 08:01 9966706                    /lib/x86_64-linux-gnu/libz.so.1.2.11
7fc0cff64000-7fc0d0163000 ---p 0001c000 08:01 9966706                    /lib/x86_64-linux-gnu/libz.so.1.2.11
7fc0d0163000-7fc0d0164000 r--p 0001b000 08:01 9966706                    /lib/x86_64-linux-gnu/libz.so.1.2.11
7fc0d0164000-7fc0d0165000 rw-p 0001c000 08:01 9966706                    /lib/x86_64-linux-gnu/libz.so.1.2.11
7fc0d0165000-7fc0d034c000 r-xp 00000000 08:01 9966534                    /lib/x86_64-linux-gnu/libc-2.27.so
7fc0d034c000-7fc0d054c000 ---p 001e7000 08:01 9966534                    /lib/x86_64-linux-gnu/libc-2.27.so
7fc0d054c000-7fc0d0550000 r--p 001e7000 08:01 9966534                    /lib/x86_64-linux-gnu/libc-2.27.so
7fc0d0550000-7fc0d0552000 rw-p 001eb000 08:01 9966534                    /lib/x86_64-linux-gnu/libc-2.27.so
7fc0d0552000-7fc0d0556000 rw-p 00000000 00:00 0 
7fc0d0556000-7fc0d0566000 r-xp 00000000 08:01 12455366                   /usr/lib/jvm/java-11-openjdk-amd64/lib/jli/libjli.so
7fc0d0566000-7fc0d0765000 ---p 00010000 08:01 12455366                   /usr/lib/jvm/java-11-openjdk-amd64/lib/jli/libjli.so
7fc0d0765000-7fc0d0766000 r--p 0000f000 08:01 12455366                   /usr/lib/jvm/java-11-openjdk-amd64/lib/jli/libjli.so
7fc0d0766000-7fc0d0767000 rw-p 00010000 08:01 12455366                   /usr/lib/jvm/java-11-openjdk-amd64/lib/jli/libjli.so
7fc0d0767000-7fc0d078e000 r-xp 00000000 08:01 9966506                    /lib/x86_64-linux-gnu/ld-2.27.so
7fc0d07af000-7fc0d086a000 rw-p 00000000 00:00 0 
7fc0d086a000-7fc0d086e000 ---p 00000000 00:00 0 
7fc0d086e000-7fc0d096d000 rw-p 00000000 00:00 0 
7fc0d0974000-7fc0d0979000 rw-p 00000000 00:00 0 
7fc0d0979000-7fc0d0980000 ---p 00000000 00:00 0 
7fc0d0980000-7fc0d0982000 r--s 00007000 08:01 6951047                    /usr/share/java/java-atk-wrapper.jar
7fc0d0982000-7fc0d098a000 rw-s 00000000 08:01 19017163                   /tmp/hsperfdata_nakul/8984
7fc0d098a000-7fc0d098b000 ---p 00000000 00:00 0 
7fc0d098b000-7fc0d098c000 r--p 00000000 00:00 0 
7fc0d098c000-7fc0d098e000 rw-p 00000000 00:00 0 
7fc0d098e000-7fc0d098f000 r--p 00027000 08:01 9966506                    /lib/x86_64-linux-gnu/ld-2.27.so
7fc0d098f000-7fc0d0990000 rw-p 00028000 08:01 9966506                    /lib/x86_64-linux-gnu/ld-2.27.so
7fc0d0990000-7fc0d0991000 rw-p 00000000 00:00 0 
7ffd2d57c000-7ffd2d59d000 rw-p 00000000 00:00 0                          [stack]
7ffd2d5cb000-7ffd2d5ce000 r--p 00000000 00:00 0                          [vvar]
7ffd2d5ce000-7ffd2d5cf000 r-xp 00000000 00:00 0                          [vdso]
ffffffffff600000-ffffffffff601000 --xp 00000000 00:00 0                  [vsyscall]


VM Arguments:
jvm_args: -Dfile.encoding=UTF-8 
java_command: selenium.NSP
java_class_path (initial): /home/nakul/eclipse-workspace/selenium/bin:/home/nakul/selenium/selenium-java-3.141.59/libs/byte-buddy-1.8.15.jar:/home/nakul/selenium/selenium-java-3.141.59/libs/commons-exec-1.3.jar:/home/nakul/selenium/selenium-java-3.141.59/libs/guava-25.0-jre.jar:/home/nakul/selenium/selenium-java-3.141.59/libs/okhttp-3.11.0.jar:/home/nakul/selenium/selenium-java-3.141.59/libs/okio-1.14.0.jar:/home/nakul/selenium/selenium-java-3.141.59/client-combined-3.141.59.jar:/home/nakul/selenium/selenium-java-3.141.59/client-combined-3.141.59-sources.jar:/home/nakul/eclipse-workspace/Tess4J/lib/commons-beanutils-1.9.2.jar:/home/nakul/eclipse-workspace/Tess4J/lib/commons-io-2.6.jar:/home/nakul/eclipse-workspace/Tess4J/lib/commons-logging-1.2.jar:/home/nakul/eclipse-workspace/Tess4J/lib/fontbox-2.0.9.jar:/home/nakul/eclipse-workspace/Tess4J/lib/ghost4j-1.0.1.jar:/home/nakul/eclipse-workspace/Tess4J/lib/hamcrest-core-1.3.jar:/home/nakul/eclipse-workspace/Tess4J/lib/itext-2.1.7.jar:/home/nakul/eclipse-workspace/Tess4J/lib/jai-imageio-core-1.4.0.jar:/home/nakul/eclipse-workspace/Tess4J/lib/jbig2-imageio-3.0.0.jar:/home/nakul/eclipse-workspace/Tess4J/lib/jboss-vfs-3.2.12.Final.jar:/home/nakul/eclipse-workspace/Tess4J/lib/jcl-over-slf4j-1.7.25.jar:/home/nakul/eclipse-workspace/Tess4J/lib/jna-4.1.0.jar:/home/nakul/eclipse-workspace/Tess4J/lib/jul-to-slf4j-1.7.25.jar:/home/nakul/eclipse-workspace/Tess4J/lib/junit-4.12.jar:/home/nakul/eclipse-workspace/Tess4J/lib/lept4j-1.6.4.jar:/home/nakul/eclipse-workspace/Tess4J/lib/log4j-1.2.17.jar:/home/nakul/eclipse-workspace/Tess4J/lib/log4j-over-slf4j-1.7.25.jar:/home/nakul/eclipse-workspace/Tess4J/lib/logback-classic-1.2.3.jar:/home/nakul/eclipse-workspace/Tess4J/lib/logback-core-1.2.3.jar:/home/nakul/eclipse-workspace/Tess4J/lib/pdfbox-2.0.9.jar:/home/nakul/eclipse-workspace/Tess4J/lib/pdfbox-tools-2.0.9.jar:/home/nakul/eclipse-workspace/Tess4J/lib/slf4j-api-1.7.25.jar:/home/nakul/eclipse-workspace/Tess4J/lib/xmlgraphics-comm
Launcher Type: SUN_STANDARD

[Global flags]
     intx CICompilerCount                          = 3                                         {product} {ergonomic}
     uint ConcGCThreads                            = 1                                         {product} {ergonomic}
     uint G1ConcRefinementThreads                  = 4                                         {product} {ergonomic}
   size_t G1HeapRegionSize                         = 1048576                                   {product} {ergonomic}
    uintx GCDrainStackTargetSize                   = 64                                        {product} {ergonomic}
   size_t InitialHeapSize                          = 62914560                                  {product} {ergonomic}
   size_t MarkStackSize                            = 4194304                                   {product} {ergonomic}
   size_t MaxHeapSize                              = 1002438656                                {product} {ergonomic}
   size_t MaxNewSize                               = 600834048                                 {product} {ergonomic}
   size_t MinHeapDeltaBytes                        = 1048576                                   {product} {ergonomic}
    uintx NonNMethodCodeHeapSize                   = 5830732                                {pd product} {ergonomic}
    uintx NonProfiledCodeHeapSize                  = 122913754                              {pd product} {ergonomic}
    uintx ProfiledCodeHeapSize                     = 122913754                              {pd product} {ergonomic}
    uintx ReservedCodeCacheSize                    = 251658240                              {pd product} {ergonomic}
     bool SegmentedCodeCache                       = true                                      {product} {ergonomic}
     bool UseCompressedClassPointers               = true                                 {lp64_product} {ergonomic}
     bool UseCompressedOops                        = true                                 {lp64_product} {ergonomic}
     bool UseG1GC                                  = true                                      {product} {ergonomic}

Logging:
Log output configuration:
 #0: stdout all=warning uptime,level,tags
 #1: stderr all=off uptime,level,tags

Environment Variables:
PATH=/usr/local/sbin:/usr/local/bin:/usr/sbin:/usr/bin:/sbin:/bin:/usr/games:/usr/local/games:/snap/bin
SHELL=/bin/bash
DISPLAY=:0

Signal Handlers:
SIGSEGV: [libjvm.so+0xdf8d00], sa_mask[0]=11111111011111111101111111111110, sa_flags=SA_RESTART|SA_SIGINFO
SIGBUS: [libjvm.so+0xdf8d00], sa_mask[0]=11111111011111111101111111111110, sa_flags=SA_RESTART|SA_SIGINFO
SIGFPE: [libjvm.so+0xdf8d00], sa_mask[0]=11111111011111111101111111111110, sa_flags=SA_RESTART|SA_SIGINFO
SIGPIPE: [libjvm.so+0xbcbc30], sa_mask[0]=11111111011111111101111111111110, sa_flags=SA_RESTART|SA_SIGINFO
SIGXFSZ: [libjvm.so+0xbcbc30], sa_mask[0]=11111111011111111101111111111110, sa_flags=SA_RESTART|SA_SIGINFO
SIGILL: [libjvm.so+0xdf8d00], sa_mask[0]=11111111011111111101111111111110, sa_flags=SA_RESTART|SA_SIGINFO
SIGUSR2: [libjvm.so+0xbcbad0], sa_mask[0]=00100000000000000000000000000000, sa_flags=SA_RESTART|SA_SIGINFO
SIGHUP: [libjvm.so+0xbcbe30], sa_mask[0]=11111111011111111101111111111110, sa_flags=SA_RESTART|SA_SIGINFO
SIGINT: [libjvm.so+0xbcbe30], sa_mask[0]=11111111011111111101111111111110, sa_flags=SA_RESTART|SA_SIGINFO
SIGTERM: [libjvm.so+0xbcbe30], sa_mask[0]=11111111011111111101111111111110, sa_flags=SA_RESTART|SA_SIGINFO
SIGQUIT: [libjvm.so+0xbcbe30], sa_mask[0]=11111111011111111101111111111110, sa_flags=SA_RESTART|SA_SIGINFO


---------------  S Y S T E M  ---------------

OS:DISTRIB_ID=Ubuntu
DISTRIB_RELEASE=18.04
DISTRIB_CODENAME=bionic
DISTRIB_DESCRIPTION="Ubuntu 18.04.3 LTS"
uname:Linux 5.3.0-42-generic #34~18.04.1-Ubuntu SMP Fri Feb 28 13:42:26 UTC 2020 x86_64
OS uptime: 0 days 1:46 hours
libc:glibc 2.27 NPTL 2.27 
rlimit: STACK 8192k, CORE 0k, NPROC 15078, NOFILE 4096, AS infinity, CPU infinity, DATA infinity, FSIZE infinity
load average:2.15 0.95 0.49

/proc/meminfo:
MemTotal:        3907988 kB
MemFree:          109748 kB
MemAvailable:     979356 kB
Buffers:           92012 kB
Cached:          1221596 kB
SwapCached:        15276 kB
Active:          2449304 kB
Inactive:         998772 kB
Active(anon):    1858580 kB
Inactive(anon):   554400 kB
Active(file):     590724 kB
Inactive(file):   444372 kB
Unevictable:       45944 kB
Mlocked:              64 kB
SwapTotal:       2097148 kB
SwapFree:        2048040 kB
Dirty:              2404 kB
Writeback:            12 kB
AnonPages:       2165944 kB
Mapped:           764412 kB
Shmem:            278260 kB
KReclaimable:      73912 kB
Slab:             177268 kB
SReclaimable:      73912 kB
SUnreclaim:       103356 kB
KernelStack:       15568 kB
PageTables:        57456 kB
NFS_Unstable:          0 kB
Bounce:                0 kB
WritebackTmp:          0 kB
CommitLimit:     4051140 kB
Committed_AS:    8245744 kB
VmallocTotal:   34359738367 kB
VmallocUsed:       30888 kB
VmallocChunk:          0 kB
Percpu:             2992 kB
HardwareCorrupted:     0 kB
AnonHugePages:         0 kB
ShmemHugePages:        0 kB
ShmemPmdMapped:        0 kB
CmaTotal:              0 kB
CmaFree:               0 kB
HugePages_Total:       0
HugePages_Free:        0
HugePages_Rsvd:        0
HugePages_Surp:        0
Hugepagesize:       2048 kB
Hugetlb:               0 kB
DirectMap4k:      263228 kB
DirectMap2M:     3809280 kB


/proc/sys/kernel/threads-max (system-wide limit on the number of threads):
30157


/proc/sys/vm/max_map_count (maximum number of memory map areas a process may have):
65530


/proc/sys/kernel/pid_max (system-wide limit on number of process identifiers):
32768



container (cgroup) information:
container_type: cgroupv1
cpu_cpuset_cpus: 0-3
cpu_memory_nodes: 0
active_processor_count: 4
cpu_quota: -1
cpu_period: 100000
cpu_shares: -1
memory_limit_in_bytes: -1
memory_and_swap_limit_in_bytes: -2
memory_soft_limit_in_bytes: -1
memory_usage_in_bytes: 3072282624
memory_max_usage_in_bytes: 3072282624

Steal ticks since vm start: 0
Steal ticks percentage since vm start:  0.000

CPU:total 4 (initial active 4) (2 cores per cpu, 2 threads per core) family 6 model 42 stepping 7, cmov, cx8, fxsr, mmx, sse, sse2, sse3, ssse3, sse4.1, sse4.2, popcnt, avx, aes, clmul, ht, tsc, tscinvbit
CPU Model and flags from /proc/cpuinfo:
model name	: Intel(R) Core(TM) i5-2520M CPU @ 2.50GHz
flags		: fpu vme de pse tsc msr pae mce cx8 apic sep mtrr pge mca cmov pat pse36 clflush dts acpi mmx fxsr sse sse2 ht tm pbe syscall nx rdtscp lm constant_tsc arch_perfmon pebs bts rep_good nopl xtopology nonstop_tsc cpuid aperfmperf pni pclmulqdq dtes64 monitor ds_cpl vmx smx est tm2 ssse3 cx16 xtpr pdcm pcid sse4_1 sse4_2 x2apic popcnt tsc_deadline_timer aes xsave avx lahf_lm epb pti tpr_shadow vnmi flexpriority ept vpid xsaveopt dtherm ida arat pln pts

Memory: 4k page, physical 3907988k(109496k free), swap 2097148k(2048040k free)

vm_info: OpenJDK 64-Bit Server VM (11.0.7+10-post-Ubuntu-2ubuntu218.04) for linux-amd64 JRE (11.0.7+10-post-Ubuntu-2ubuntu218.04), built on Apr 15 2020 21:12:54 by "unknown" with gcc 7.5.0

END.
