#
# A fatal error has been detected by the Java Runtime Environment:
#
#  SIGSEGV (0xb) at pc=0x00007fb09296cc27, pid=12898, tid=12903
#
# JRE version: OpenJDK Runtime Environment (11.0.7+10) (build 11.0.7+10-post-Ubuntu-2ubuntu218.04)
# Java VM: OpenJDK 64-Bit Server VM (11.0.7+10-post-Ubuntu-2ubuntu218.04, mixed mode, sharing, tiered, compressed oops, g1 gc, linux-amd64)
# Problematic frame:
# C  [libtesseract.so.4+0xa1c27]  tesseract::Tesseract::recog_all_words(PAGE_RES*, ETEXT_DESC*, TBOX const*, char const*, int)+0x437
#
# Core dump will be written. Default location: Core dumps may be processed with "/usr/share/apport/apport %p %s %c %d %P %E" (or dumping to /home/nakul/eclipse-workspace/selenium/core.12898)
#
# If you would like to submit a bug report, please visit:
#   https://bugs.launchpad.net/ubuntu/+source/openjdk-lts
# The crash happened outside the Java Virtual Machine in native code.
# See problematic frame for where to report the bug.
#

---------------  S U M M A R Y ------------

Command Line: -Dfile.encoding=UTF-8 selenium.NSP

Host: Intel(R) Core(TM) i5-2520M CPU @ 2.50GHz, 4 cores, 3G, Ubuntu 18.04.3 LTS
Time: Fri May 15 12:50:12 2020 IST elapsed time: 20 seconds (0d 0h 0m 20s)

---------------  T H R E A D  ---------------

Current thread (0x00007fb114016800):  JavaThread "main" [_thread_in_native, id=12903, stack(0x00007fb11c350000,0x00007fb11c451000)]

Stack: [0x00007fb11c350000,0x00007fb11c451000],  sp=0x00007fb11c44e660,  free space=1017k
Native frames: (J=compiled Java code, A=aot compiled Java code, j=interpreted, Vv=VM code, C=native code)
C  [libtesseract.so.4+0xa1c27]  tesseract::Tesseract::recog_all_words(PAGE_RES*, ETEXT_DESC*, TBOX const*, char const*, int)+0x437

Java frames: (J=compiled Java code, j=interpreted, Vv=VM code)
j  com.sun.jna.Native.invokePointer(JI[Ljava/lang/Object;)J+0
j  com.sun.jna.Function.invokePointer(I[Ljava/lang/Object;)Lcom/sun/jna/Pointer;+6
j  com.sun.jna.Function.invoke([Ljava/lang/Object;Ljava/lang/Class;Z)Ljava/lang/Object;+426
j  com.sun.jna.Function.invoke(Ljava/lang/Class;[Ljava/lang/Object;Ljava/util/Map;)Ljava/lang/Object;+262
j  com.sun.jna.Library$Handler.invoke(Ljava/lang/Object;Ljava/lang/reflect/Method;[Ljava/lang/Object;)Ljava/lang/Object;+316
j  com.sun.proxy.$Proxy0.TessBaseAPIGetUTF8Text(Lnet/sourceforge/tess4j/ITessAPI$TessBaseAPI;)Lcom/sun/jna/Pointer;+16
j  net.sourceforge.tess4j.Tesseract.getOCRText(Ljava/lang/String;I)Ljava/lang/String;+62
j  net.sourceforge.tess4j.Tesseract.doOCR(Ljava/util/List;Ljava/lang/String;Ljava/awt/Rectangle;)Ljava/lang/String;+62
j  net.sourceforge.tess4j.Tesseract.doOCR(Ljava/io/File;Ljava/awt/Rectangle;)Ljava/lang/String;+10
j  net.sourceforge.tess4j.Tesseract.doOCR(Ljava/io/File;)Ljava/lang/String;+3
j  selenium.NSP.enterinput()V+145
j  selenium.NSP.main([Ljava/lang/String;)V+13
v  ~StubRoutines::call_stub

siginfo: si_signo: 11 (SIGSEGV), si_code: 1 (SEGV_MAPERR), si_addr: 0x000000000000000c

Register to memory mapping:

RAX=0x0 is NULL
RBX=0x00007fb1148bf7a0 points into unknown readable memory: 88 8b dd 92 b0 7f 00 00
RCX=0x0 is NULL
RDX=0x00007fb1148e1398 points into unknown readable memory: 00 00 00 00 00 00 00 00
RSP=0x00007fb11c44e660 is pointing into the stack for thread: 0x00007fb114016800
RBP=0x00007fb11c44e6b0 is pointing into the stack for thread: 0x00007fb114016800
RSI=0x0000000000000001 is an unknown value
RDI=0x00007fb11c44e700 is pointing into the stack for thread: 0x00007fb114016800
R8 =0x0 is NULL
R9 =0x0 is NULL
R10=0x00007fb1140008d0 points into unknown readable memory: 00 01 00 07 01 01 02 06
R11=0x0 is NULL
R12=0x00007fb11492fac0 points into unknown readable memory: 00 00 00 00 00 00 00 00
R13=0x0 is NULL
R14=0x0 is NULL
R15=0x00007fb11492fac0 points into unknown readable memory: 00 00 00 00 00 00 00 00


Registers:
RAX=0x0000000000000000, RBX=0x00007fb1148bf7a0, RCX=0x0000000000000000, RDX=0x00007fb1148e1398
RSP=0x00007fb11c44e660, RBP=0x00007fb11c44e6b0, RSI=0x0000000000000001, RDI=0x00007fb11c44e700
R8 =0x0000000000000000, R9 =0x0000000000000000, R10=0x00007fb1140008d0, R11=0x0000000000000000
R12=0x00007fb11492fac0, R13=0x0000000000000000, R14=0x0000000000000000, R15=0x00007fb11492fac0
RIP=0x00007fb09296cc27, EFLAGS=0x0000000000010246, CSGSFS=0x002b000000000033, ERR=0x0000000000000004
  TRAPNO=0x000000000000000e

Top of Stack: (sp=0x00007fb11c44e660)
0x00007fb11c44e660:   0000000000000000 0000000000000000
0x00007fb11c44e670:   0000000000000000 00007fb1149382b0
0x00007fb11c44e680:   00007fb1149308c0 00007fb114930de0
0x00007fb11c44e690:   0000000000000001 00007fb11c44e6c0 

Instructions: (pc=0x00007fb09296cc27)
0x00007fb09296cb27:   89 e6 48 89 df e8 af 87 ff ff 4c 89 e6 48 89 df
0x00007fb09296cb37:   e8 b4 8b ff ff 4c 89 e6 48 89 df e8 f9 72 ff ff
0x00007fb09296cb47:   4c 89 e6 48 89 df e8 7e 74 ff ff e9 a9 fd ff ff
0x00007fb09296cb57:   66 0f 1f 84 00 00 00 00 00 48 8b 40 10 7e 2a 8b
0x00007fb09296cb67:   38 85 ff 75 4c 48 83 c0 04 83 ea 01 48 8d 14 90
0x00007fb09296cb77:   eb 12 0f 1f 80 00 00 00 00 48 83 c0 04 8b 70 fc
0x00007fb09296cb87:   85 f6 75 2d 48 39 c2 75 f0 48 85 c9 74 1b 8b 41
0x00007fb09296cb97:   10 8d 50 ff 83 fa 02 76 10 83 e8 05 83 f8 03 77
0x00007fb09296cba7:   10 0f 1f 84 00 00 00 00 00 48 89 ef e8 e8 2d 19
0x00007fb09296cbb7:   00 31 d2 31 f6 48 89 ef e8 2c f6 18 00 48 8b 44
0x00007fb09296cbc7:   24 70 48 85 c0 0f 84 8e fd ff ff 48 8b 94 24 80
0x00007fb09296cbd7:   00 00 00 31 c9 48 8b 52 08 48 85 d2 74 04 48 8b
0x00007fb09296cbe7:   4a 08 48 8b 80 e8 00 00 00 48 85 c0 74 bb 8b 50
0x00007fb09296cbf7:   34 83 fa 00 74 b3 e9 5e ff ff ff 66 0f 1f 44 00
0x00007fb09296cc07:   00 31 f6 48 89 ef e8 ce f9 18 00 8b 83 a0 15 00
0x00007fb09296cc17:   00 85 c0 0f 8f c0 00 00 00 48 8b 83 40 0a 00 00
0x00007fb09296cc27:   80 78 0c 00 0f 85 a7 02 00 00 8b 83 58 47 02 00
0x00007fb09296cc37:   85 c0 0f 8e b1 00 00 00 31 d2 45 31 ff eb 2c 66
0x00007fb09296cc47:   2e 0f 1f 84 00 00 00 00 00 48 8b 8f 40 0a 00 00
0x00007fb09296cc57:   80 79 0c 00 0f 85 ff 01 00 00 41 83 c7 01 48 83
0x00007fb09296cc67:   c2 08 44 3b bb 58 47 02 00 7d 7e 48 8b 8b 60 47
0x00007fb09296cc77:   02 00 48 8b 3c 11 8b 87 a0 15 00 00 85 c0 7e c9
0x00007fb09296cc87:   48 89 54 24 10 e8 8f 46 0f 00 48 8b 54 24 10 eb
0x00007fb09296cc97:   c9 0f 1f 84 00 00 00 00 00 80 bb 72 30 02 00 00
0x00007fb09296cca7:   0f 85 73 fc ff ff 8b b3 04 1d 02 00 4c 89 e2 4c
0x00007fb09296ccb7:   89 ff e8 32 d4 0b 00 31 f6 48 89 ef e8 18 f9 18
0x00007fb09296ccc7:   00 48 8b 44 24 70 48 85 c0 0f 85 fc fe ff ff e9
0x00007fb09296ccd7:   94 fc ff ff 0f 1f 44 00 00 48 89 df e8 38 46 0f
0x00007fb09296cce7:   00 e9 44 ff ff ff 0f 1f 00 4c 8d 7c 24 30 be 04
0x00007fb09296ccf7:   00 00 00 48 c7 44 24 30 00 00 00 00 48 c7 44 24
0x00007fb09296cd07:   38 00 00 00 00 48 c7 44 24 40 00 00 00 00 4c 89
0x00007fb09296cd17:   ff 48 c7 44 24 48 00 00 00 00 e8 3a 19 00 00 48 


Stack slot to memory mapping:
stack at sp + 0 slots: 0x0 is NULL
stack at sp + 1 slots: 0x0 is NULL
stack at sp + 2 slots: 0x0 is NULL
stack at sp + 3 slots: 0x00007fb1149382b0 points into unknown readable memory: b0 82 93 14 b1 7f 00 00
stack at sp + 4 slots: 0x00007fb1149308c0 points into unknown readable memory: c0 08 93 14 b1 7f 00 00
stack at sp + 5 slots: 0x00007fb114930de0 points into unknown readable memory: e0 0d 93 14 b1 7f 00 00
stack at sp + 6 slots: 0x0000000000000001 is an unknown value
stack at sp + 7 slots: 0x00007fb11c44e6c0 is pointing into the stack for thread: 0x00007fb114016800


---------------  P R O C E S S  ---------------

Threads class SMR info:
_java_thread_list=0x00007fb1145ee040, length=17, elements={
0x00007fb114016800, 0x00007fb1140be000, 0x00007fb1140c0000, 0x00007fb1140c5800,
0x00007fb1140c8000, 0x00007fb1140ca000, 0x00007fb1140cc000, 0x00007fb1140fb000,
0x00007fb1140ff800, 0x00007fb114479000, 0x00007fb0b000c800, 0x00007fb0b0010000,
0x00007fb0b0011000, 0x00007fb1144dd000, 0x00007fb114540000, 0x00007fb114542000,
0x00007fb1145ed800
}

Java Threads: ( => current thread )
=>0x00007fb114016800 JavaThread "main" [_thread_in_native, id=12903, stack(0x00007fb11c350000,0x00007fb11c451000)]
  0x00007fb1140be000 JavaThread "Reference Handler" daemon [_thread_blocked, id=12910, stack(0x00007fb0ef176000,0x00007fb0ef277000)]
  0x00007fb1140c0000 JavaThread "Finalizer" daemon [_thread_blocked, id=12911, stack(0x00007fb0ef075000,0x00007fb0ef176000)]
  0x00007fb1140c5800 JavaThread "Signal Dispatcher" daemon [_thread_blocked, id=12912, stack(0x00007fb0ee5a5000,0x00007fb0ee6a6000)]
  0x00007fb1140c8000 JavaThread "C2 CompilerThread0" daemon [_thread_blocked, id=12913, stack(0x00007fb0ee4a4000,0x00007fb0ee5a5000)]
  0x00007fb1140ca000 JavaThread "C1 CompilerThread0" daemon [_thread_blocked, id=12914, stack(0x00007fb0ee3a3000,0x00007fb0ee4a4000)]
  0x00007fb1140cc000 JavaThread "Sweeper thread" daemon [_thread_blocked, id=12915, stack(0x00007fb0ee2a2000,0x00007fb0ee3a3000)]
  0x00007fb1140fb000 JavaThread "Service Thread" daemon [_thread_blocked, id=12916, stack(0x00007fb0ee1a1000,0x00007fb0ee2a2000)]
  0x00007fb1140ff800 JavaThread "Common-Cleaner" daemon [_thread_blocked, id=12918, stack(0x00007fb0edf9e000,0x00007fb0ee09f000)]
  0x00007fb114479000 JavaThread "Exec Default Executor" daemon [_thread_blocked, id=12921, stack(0x00007fb0ed440000,0x00007fb0ed541000)]
  0x00007fb0b000c800 JavaThread "process reaper" daemon [_thread_in_native, id=12923, stack(0x00007fb118014000,0x00007fb118036000)]
  0x00007fb0b0010000 JavaThread "Exec Stream Pumper" daemon [_thread_in_native, id=12924, stack(0x00007fb0ed33f000,0x00007fb0ed440000)]
  0x00007fb0b0011000 JavaThread "Exec Stream Pumper" daemon [_thread_in_native, id=12925, stack(0x00007fb0ed23e000,0x00007fb0ed33f000)]
  0x00007fb1144dd000 JavaThread "ForkJoinPool.commonPool-worker-3" daemon [_thread_blocked, id=12932, stack(0x00007fb0ed13d000,0x00007fb0ed23e000)]
  0x00007fb114540000 JavaThread "OkHttp ConnectionPool" daemon [_thread_blocked, id=12933, stack(0x00007fb0ece3c000,0x00007fb0ecf3d000)]
  0x00007fb114542000 JavaThread "Okio Watchdog" daemon [_thread_blocked, id=12934, stack(0x00007fb0ecd3b000,0x00007fb0ece3c000)]
  0x00007fb1145ed800 JavaThread "Java2D Disposer" daemon [_thread_blocked, id=13179, stack(0x00007fb0ed541000,0x00007fb0ed642000)]

Other Threads:
  0x00007fb1140bb000 VMThread "VM Thread" [stack: 0x00007fb0ef279000,0x00007fb0ef379000] [id=12909]
  0x00007fb1140fd000 WatcherThread [stack: 0x00007fb0ee0a1000,0x00007fb0ee1a1000] [id=12917]
  0x00007fb11402f000 GCTaskThread "GC Thread#0" [stack: 0x00007fb11833b000,0x00007fb11843b000] [id=12904]
  0x00007fb0e0001000 GCTaskThread "GC Thread#1" [stack: 0x00007fb0ed644000,0x00007fb0ed744000] [id=12919]
  0x00007fb114049800 ConcurrentGCThread "G1 Main Marker" [stack: 0x00007fb0fc172000,0x00007fb0fc272000] [id=12905]
  0x00007fb11404b800 ConcurrentGCThread "G1 Conc#0" [stack: 0x00007fb0fc070000,0x00007fb0fc170000] [id=12906]
  0x00007fb11408d000 ConcurrentGCThread "G1 Refine#0" [stack: 0x00007fb0efcfe000,0x00007fb0efdfe000] [id=12907]
  0x00007fb11408f000 ConcurrentGCThread "G1 Young RemSet Sampling" [stack: 0x00007fb0efbfc000,0x00007fb0efcfc000] [id=12908]

Threads with active compile tasks:

VM state:not at safepoint (normal execution)

VM Mutex/Monitor currently owned by a thread: None

Heap address: 0x00000000c4400000, size: 956 MB, Compressed Oops mode: 32-bit
Narrow klass base: 0x0000000800000000, Narrow klass shift: 3
Compressed class space size: 1073741824 Address: 0x0000000840000000

Heap:
 garbage-first heap   total 63488K, used 25075K [0x00000000c4400000, 0x0000000100000000)
  region size 1024K, 21 young (21504K), 1 survivors (1024K)
 Metaspace       used 14411K, capacity 15026K, committed 15360K, reserved 1062912K
  class space    used 1790K, capacity 2020K, committed 2048K, reserved 1048576K
Heap Regions: E=young(eden), S=young(survivor), O=old, HS=humongous(starts), HC=humongous(continues), CS=collection set, F=free, A=archive, TAMS=top-at-mark-start (previous, next)
|   0|0x00000000c4400000, 0x00000000c4500000, 0x00000000c4500000|100%| O|  |TAMS 0x00000000c4400000, 0x00000000c4400000| Untracked 
|   1|0x00000000c4500000, 0x00000000c4600000, 0x00000000c4600000|100%| O|  |TAMS 0x00000000c4500000, 0x00000000c4500000| Untracked 
|   2|0x00000000c4600000, 0x00000000c4700000, 0x00000000c4700000|100%| O|  |TAMS 0x00000000c4600000, 0x00000000c4600000| Untracked 
|   3|0x00000000c4700000, 0x00000000c47eaa00, 0x00000000c4800000| 91%| O|  |TAMS 0x00000000c4700000, 0x00000000c4700000| Untracked 
|   4|0x00000000c4800000, 0x00000000c4800000, 0x00000000c4900000|  0%| F|  |TAMS 0x00000000c4800000, 0x00000000c4800000| Untracked 
|   5|0x00000000c4900000, 0x00000000c4900000, 0x00000000c4a00000|  0%| F|  |TAMS 0x00000000c4900000, 0x00000000c4900000| Untracked 
|   6|0x00000000c4a00000, 0x00000000c4a00000, 0x00000000c4b00000|  0%| F|  |TAMS 0x00000000c4a00000, 0x00000000c4a00000| Untracked 
|   7|0x00000000c4b00000, 0x00000000c4b00000, 0x00000000c4c00000|  0%| F|  |TAMS 0x00000000c4b00000, 0x00000000c4b00000| Untracked 
|   8|0x00000000c4c00000, 0x00000000c4c00000, 0x00000000c4d00000|  0%| F|  |TAMS 0x00000000c4c00000, 0x00000000c4c00000| Untracked 
|   9|0x00000000c4d00000, 0x00000000c4d00000, 0x00000000c4e00000|  0%| F|  |TAMS 0x00000000c4d00000, 0x00000000c4d00000| Untracked 
|  10|0x00000000c4e00000, 0x00000000c4e00000, 0x00000000c4f00000|  0%| F|  |TAMS 0x00000000c4e00000, 0x00000000c4e00000| Untracked 
|  11|0x00000000c4f00000, 0x00000000c4f00000, 0x00000000c5000000|  0%| F|  |TAMS 0x00000000c4f00000, 0x00000000c4f00000| Untracked 
|  12|0x00000000c5000000, 0x00000000c5000000, 0x00000000c5100000|  0%| F|  |TAMS 0x00000000c5000000, 0x00000000c5000000| Untracked 
|  13|0x00000000c5100000, 0x00000000c5100000, 0x00000000c5200000|  0%| F|  |TAMS 0x00000000c5100000, 0x00000000c5100000| Untracked 
|  14|0x00000000c5200000, 0x00000000c5200000, 0x00000000c5300000|  0%| F|  |TAMS 0x00000000c5200000, 0x00000000c5200000| Untracked 
|  15|0x00000000c5300000, 0x00000000c5300000, 0x00000000c5400000|  0%| F|  |TAMS 0x00000000c5300000, 0x00000000c5300000| Untracked 
|  16|0x00000000c5400000, 0x00000000c5400000, 0x00000000c5500000|  0%| F|  |TAMS 0x00000000c5400000, 0x00000000c5400000| Untracked 
|  17|0x00000000c5500000, 0x00000000c5500000, 0x00000000c5600000|  0%| F|  |TAMS 0x00000000c5500000, 0x00000000c5500000| Untracked 
|  18|0x00000000c5600000, 0x00000000c5600000, 0x00000000c5700000|  0%| F|  |TAMS 0x00000000c5600000, 0x00000000c5600000| Untracked 
|  19|0x00000000c5700000, 0x00000000c5700000, 0x00000000c5800000|  0%| F|  |TAMS 0x00000000c5700000, 0x00000000c5700000| Untracked 
|  20|0x00000000c5800000, 0x00000000c5800000, 0x00000000c5900000|  0%| F|  |TAMS 0x00000000c5800000, 0x00000000c5800000| Untracked 
|  21|0x00000000c5900000, 0x00000000c5900000, 0x00000000c5a00000|  0%| F|  |TAMS 0x00000000c5900000, 0x00000000c5900000| Untracked 
|  22|0x00000000c5a00000, 0x00000000c5a00000, 0x00000000c5b00000|  0%| F|  |TAMS 0x00000000c5a00000, 0x00000000c5a00000| Untracked 
|  23|0x00000000c5b00000, 0x00000000c5b00000, 0x00000000c5c00000|  0%| F|  |TAMS 0x00000000c5b00000, 0x00000000c5b00000| Untracked 
|  24|0x00000000c5c00000, 0x00000000c5c00000, 0x00000000c5d00000|  0%| F|  |TAMS 0x00000000c5c00000, 0x00000000c5c00000| Untracked 
|  25|0x00000000c5d00000, 0x00000000c5d00000, 0x00000000c5e00000|  0%| F|  |TAMS 0x00000000c5d00000, 0x00000000c5d00000| Untracked 
|  26|0x00000000c5e00000, 0x00000000c5e00000, 0x00000000c5f00000|  0%| F|  |TAMS 0x00000000c5e00000, 0x00000000c5e00000| Untracked 
|  27|0x00000000c5f00000, 0x00000000c5f00000, 0x00000000c6000000|  0%| F|  |TAMS 0x00000000c5f00000, 0x00000000c5f00000| Untracked 
|  28|0x00000000c6000000, 0x00000000c6000000, 0x00000000c6100000|  0%| F|  |TAMS 0x00000000c6000000, 0x00000000c6000000| Untracked 
|  29|0x00000000c6100000, 0x00000000c6100000, 0x00000000c6200000|  0%| F|  |TAMS 0x00000000c6100000, 0x00000000c6100000| Untracked 
|  30|0x00000000c6200000, 0x00000000c6200000, 0x00000000c6300000|  0%| F|  |TAMS 0x00000000c6200000, 0x00000000c6200000| Untracked 
|  31|0x00000000c6300000, 0x00000000c6300000, 0x00000000c6400000|  0%| F|  |TAMS 0x00000000c6300000, 0x00000000c6300000| Untracked 
|  32|0x00000000c6400000, 0x00000000c6400000, 0x00000000c6500000|  0%| F|  |TAMS 0x00000000c6400000, 0x00000000c6400000| Untracked 
|  33|0x00000000c6500000, 0x00000000c6500000, 0x00000000c6600000|  0%| F|  |TAMS 0x00000000c6500000, 0x00000000c6500000| Untracked 
|  34|0x00000000c6600000, 0x00000000c6600000, 0x00000000c6700000|  0%| F|  |TAMS 0x00000000c6600000, 0x00000000c6600000| Untracked 
|  35|0x00000000c6700000, 0x00000000c6700000, 0x00000000c6800000|  0%| F|  |TAMS 0x00000000c6700000, 0x00000000c6700000| Untracked 
|  36|0x00000000c6800000, 0x00000000c6800000, 0x00000000c6900000|  0%| F|  |TAMS 0x00000000c6800000, 0x00000000c6800000| Untracked 
|  37|0x00000000c6900000, 0x00000000c6900000, 0x00000000c6a00000|  0%| F|  |TAMS 0x00000000c6900000, 0x00000000c6900000| Untracked 
|  38|0x00000000c6a00000, 0x00000000c6a00000, 0x00000000c6b00000|  0%| F|  |TAMS 0x00000000c6a00000, 0x00000000c6a00000| Untracked 
|  39|0x00000000c6b00000, 0x00000000c6c00000, 0x00000000c6c00000|100%| E|  |TAMS 0x00000000c6b00000, 0x00000000c6b00000| Complete 
|  40|0x00000000c6c00000, 0x00000000c6d00000, 0x00000000c6d00000|100%| E|CS|TAMS 0x00000000c6c00000, 0x00000000c6c00000| Complete 
|  41|0x00000000c6d00000, 0x00000000c6e00000, 0x00000000c6e00000|100%| E|CS|TAMS 0x00000000c6d00000, 0x00000000c6d00000| Complete 
|  42|0x00000000c6e00000, 0x00000000c6f00000, 0x00000000c6f00000|100%| E|CS|TAMS 0x00000000c6e00000, 0x00000000c6e00000| Complete 
|  43|0x00000000c6f00000, 0x00000000c7000000, 0x00000000c7000000|100%| E|CS|TAMS 0x00000000c6f00000, 0x00000000c6f00000| Complete 
|  44|0x00000000c7000000, 0x00000000c7100000, 0x00000000c7100000|100%| E|CS|TAMS 0x00000000c7000000, 0x00000000c7000000| Complete 
|  45|0x00000000c7100000, 0x00000000c7200000, 0x00000000c7200000|100%| E|CS|TAMS 0x00000000c7100000, 0x00000000c7100000| Complete 
|  46|0x00000000c7200000, 0x00000000c7300000, 0x00000000c7300000|100%| E|CS|TAMS 0x00000000c7200000, 0x00000000c7200000| Complete 
|  47|0x00000000c7300000, 0x00000000c7400000, 0x00000000c7400000|100%| E|CS|TAMS 0x00000000c7300000, 0x00000000c7300000| Complete 
|  48|0x00000000c7400000, 0x00000000c7500000, 0x00000000c7500000|100%| E|CS|TAMS 0x00000000c7400000, 0x00000000c7400000| Complete 
|  49|0x00000000c7500000, 0x00000000c7600000, 0x00000000c7600000|100%| E|CS|TAMS 0x00000000c7500000, 0x00000000c7500000| Complete 
|  50|0x00000000c7600000, 0x00000000c76e1570, 0x00000000c7700000| 88%| S|CS|TAMS 0x00000000c7600000, 0x00000000c7600000| Complete 
|  51|0x00000000c7700000, 0x00000000c7800000, 0x00000000c7800000|100%| E|CS|TAMS 0x00000000c7700000, 0x00000000c7700000| Complete 
|  52|0x00000000c7800000, 0x00000000c7900000, 0x00000000c7900000|100%| E|CS|TAMS 0x00000000c7800000, 0x00000000c7800000| Complete 
|  53|0x00000000c7900000, 0x00000000c7a00000, 0x00000000c7a00000|100%| E|CS|TAMS 0x00000000c7900000, 0x00000000c7900000| Complete 
|  54|0x00000000c7a00000, 0x00000000c7b00000, 0x00000000c7b00000|100%| E|CS|TAMS 0x00000000c7a00000, 0x00000000c7a00000| Complete 
|  55|0x00000000c7b00000, 0x00000000c7c00000, 0x00000000c7c00000|100%| E|CS|TAMS 0x00000000c7b00000, 0x00000000c7b00000| Complete 
|  56|0x00000000c7c00000, 0x00000000c7d00000, 0x00000000c7d00000|100%| E|CS|TAMS 0x00000000c7c00000, 0x00000000c7c00000| Complete 
|  57|0x00000000c7d00000, 0x00000000c7e00000, 0x00000000c7e00000|100%| E|CS|TAMS 0x00000000c7d00000, 0x00000000c7d00000| Complete 
|  58|0x00000000c7e00000, 0x00000000c7f00000, 0x00000000c7f00000|100%| E|CS|TAMS 0x00000000c7e00000, 0x00000000c7e00000| Complete 
|  59|0x00000000c7f00000, 0x00000000c8000000, 0x00000000c8000000|100%| E|CS|TAMS 0x00000000c7f00000, 0x00000000c7f00000| Complete 
| 954|0x00000000ffe00000, 0x00000000ffe47000, 0x00000000fff00000| 27%|OA|  |TAMS 0x00000000ffe00000, 0x00000000ffe00000| Untracked 
| 955|0x00000000fff00000, 0x00000000fff6a000, 0x0000000100000000| 41%|CA|  |TAMS 0x00000000fff00000, 0x00000000fff00000| Untracked 

Card table byte_map: [0x00007fb0fc450000,0x00007fb0fc62e000] _byte_map_base: 0x00007fb0fbe2e000

Marking Bits (Prev, Next): (CMBitMap*) 0x00007fb114045008, (CMBitMap*) 0x00007fb114045040
 Prev Bits: [0x00007fb0f7110000, 0x00007fb0f8000000)
 Next Bits: [0x00007fb0f6220000, 0x00007fb0f7110000)

Polling page: 0x00007fb11c470000

Metaspace:

Usage:
  Non-class:     12.70 MB capacity,    12.32 MB ( 97%) used,   332.30 KB (  3%) free+waste,    53.31 KB ( <1%) overhead. 
      Class:      1.97 MB capacity,     1.75 MB ( 89%) used,   201.34 KB ( 10%) free+waste,    27.94 KB (  1%) overhead. 
       Both:     14.67 MB capacity,    14.07 MB ( 96%) used,   533.64 KB (  4%) free+waste,    81.25 KB ( <1%) overhead. 

Virtual space:
  Non-class space:       14.00 MB reserved,      13.00 MB ( 93%) committed 
      Class space:        1.00 GB reserved,       2.00 MB ( <1%) committed 
             Both:        1.01 GB reserved,      15.00 MB (  1%) committed 

Chunk freelists:
   Non-Class:  62.00 KB
       Class:  28.00 KB
        Both:  90.00 KB

MaxMetaspaceSize: unlimited
CompressedClassSpaceSize: 1.00 GB

CodeHeap 'non-profiled nmethods': size=120032Kb used=624Kb max_used=624Kb free=119407Kb
 bounds [0x00007fb1043d5000, 0x00007fb104645000, 0x00007fb10b90d000]
CodeHeap 'profiled nmethods': size=120032Kb used=3812Kb max_used=3812Kb free=116219Kb
 bounds [0x00007fb0fce9d000, 0x00007fb0fd25d000, 0x00007fb1043d5000]
CodeHeap 'non-nmethods': size=5696Kb used=1168Kb max_used=1191Kb free=4527Kb
 bounds [0x00007fb0fc90d000, 0x00007fb0fcb7d000, 0x00007fb0fce9d000]
 total_blobs=2799 nmethods=1860 adapters=426
 compilation: enabled
              stopped_count=0, restarted_count=0
 full_count=0

Compilation events (20 events):
Event: 19.039 Thread 0x00007fb1140ca000 1853       3       java.lang.Integer::compareTo (9 bytes)
Event: 19.039 Thread 0x00007fb1140ca000 nmethod 1853 0x00007fb0fd252c90 code [0x00007fb0fd252e60, 0x00007fb0fd253270]
Event: 19.039 Thread 0x00007fb1140ca000 1852       3       java.util.TreeMap::rotateLeft (96 bytes)
Event: 19.039 Thread 0x00007fb1140ca000 nmethod 1852 0x00007fb0fd253390 code [0x00007fb0fd253580, 0x00007fb0fd253b10]
Event: 19.065 Thread 0x00007fb1140ca000 1856  s    3       java.util.Vector::elementAt (48 bytes)
Event: 19.065 Thread 0x00007fb1140ca000 nmethod 1856 0x00007fb0fd253c10 code [0x00007fb0fd253ea0, 0x00007fb0fd254b28]
Event: 19.066 Thread 0x00007fb1140ca000 1857       3       javax.imageio.stream.ImageInputStreamImpl::checkClosed (18 bytes)
Event: 19.066 Thread 0x00007fb1140ca000 nmethod 1857 0x00007fb0fd254f10 code [0x00007fb0fd2550e0, 0x00007fb0fd255368]
Event: 19.817 Thread 0x00007fb1140ca000 1858       1       javax.imageio.plugins.tiff.TIFFTag::getNumber (5 bytes)
Event: 19.817 Thread 0x00007fb1140ca000 nmethod 1858 0x00007fb104470910 code [0x00007fb104470ac0, 0x00007fb104470bf0]
Event: 19.817 Thread 0x00007fb1140ca000 1859       1       javax.imageio.plugins.tiff.TIFFTag::getName (5 bytes)
Event: 19.818 Thread 0x00007fb1140ca000 nmethod 1859 0x00007fb104470c90 code [0x00007fb104470e40, 0x00007fb104470f70]
Event: 19.820 Thread 0x00007fb1140ca000 1860       3       java.util.TreeMap::<init> (20 bytes)
Event: 19.821 Thread 0x00007fb1140ca000 nmethod 1860 0x00007fb0fd255410 code [0x00007fb0fd2555e0, 0x00007fb0fd255850]
Event: 20.101 Thread 0x00007fb1140ca000 1861       1       java.awt.image.SampleModel::getNumBands (5 bytes)
Event: 20.101 Thread 0x00007fb1140ca000 nmethod 1861 0x00007fb104471010 code [0x00007fb1044711c0, 0x00007fb1044712f0]
Event: 20.114 Thread 0x00007fb1140ca000 1862       3       java.lang.Math::max (12 bytes)
Event: 20.114 Thread 0x00007fb1140ca000 nmethod 1862 0x00007fb0fd255910 code [0x00007fb0fd255ac0, 0x00007fb0fd255c50]
Event: 20.115 Thread 0x00007fb1140ca000 1863       3       java.lang.Math::min (12 bytes)
Event: 20.115 Thread 0x00007fb1140ca000 nmethod 1863 0x00007fb0fd255d10 code [0x00007fb0fd255ec0, 0x00007fb0fd256050]

GC Heap History (4 events):
Event: 1.146 GC heap before
{Heap before GC invocations=0 (full 0):
 garbage-first heap   total 63488K, used 15044K [0x00000000c4400000, 0x0000000100000000)
  region size 1024K, 14 young (14336K), 0 survivors (0K)
 Metaspace       used 5144K, capacity 5982K, committed 6144K, reserved 1056768K
  class space    used 572K, capacity 651K, committed 768K, reserved 1048576K
}
Event: 1.156 GC heap after
{Heap after GC invocations=1 (full 0):
 garbage-first heap   total 63488K, used 4589K [0x00000000c4400000, 0x0000000100000000)
  region size 1024K, 2 young (2048K), 2 survivors (2048K)
 Metaspace       used 5144K, capacity 5982K, committed 6144K, reserved 1056768K
  class space    used 572K, capacity 651K, committed 768K, reserved 1048576K
}
Event: 1.513 GC heap before
{Heap before GC invocations=1 (full 0):
 garbage-first heap   total 63488K, used 13805K [0x00000000c4400000, 0x0000000100000000)
  region size 1024K, 11 young (11264K), 2 survivors (2048K)
 Metaspace       used 7879K, capacity 8265K, committed 8320K, reserved 1056768K
  class space    used 955K, capacity 1104K, committed 1152K, reserved 1048576K
}
Event: 1.522 GC heap after
{Heap after GC invocations=2 (full 0):
 garbage-first heap   total 63488K, used 5619K [0x00000000c4400000, 0x0000000100000000)
  region size 1024K, 1 young (1024K), 1 survivors (1024K)
 Metaspace       used 7879K, capacity 8265K, committed 8320K, reserved 1056768K
  class space    used 955K, capacity 1104K, committed 1152K, reserved 1048576K
}

Deoptimization events (20 events):
Event: 18.717 Thread 0x00007fb114016800 Uncommon trap: trap_request=0xffffff4d fr.pc=0x00007fb10441785c relative=0x00000000000001fc
Event: 18.717 Thread 0x00007fb114016800 Uncommon trap: reason=unstable_if action=reinterpret pc=0x00007fb10441785c method=java.util.HashMap.getNode(ILjava/lang/Object;)Ljava/util/HashMap$Node; @ 62 c2
Event: 18.717 Thread 0x00007fb114016800 DEOPT PACKING pc=0x00007fb10441785c sp=0x00007fb11c44e5b0
Event: 18.717 Thread 0x00007fb114016800 DEOPT UNPACKING pc=0x00007fb0fc9359a5 sp=0x00007fb11c44e540 mode 2
Event: 18.717 Thread 0x00007fb114016800 Uncommon trap: trap_request=0xffffffde fr.pc=0x00007fb1044131b4 relative=0x0000000000000c94
Event: 18.717 Thread 0x00007fb114016800 Uncommon trap: reason=class_check action=maybe_recompile pc=0x00007fb1044131b4 method=java.util.HashMap.putVal(ILjava/lang/Object;Ljava/lang/Object;ZZ)Ljava/lang/Object; @ 91 c2
Event: 18.717 Thread 0x00007fb114016800 DEOPT PACKING pc=0x00007fb1044131b4 sp=0x00007fb11c44e590
Event: 18.717 Thread 0x00007fb114016800 DEOPT UNPACKING pc=0x00007fb0fc9359a5 sp=0x00007fb11c44e530 mode 2
Event: 18.717 Thread 0x00007fb114016800 Uncommon trap: trap_request=0xffffffde fr.pc=0x00007fb1044131b4 relative=0x0000000000000c94
Event: 18.717 Thread 0x00007fb114016800 Uncommon trap: reason=class_check action=maybe_recompile pc=0x00007fb1044131b4 method=java.util.HashMap.putVal(ILjava/lang/Object;Ljava/lang/Object;ZZ)Ljava/lang/Object; @ 91 c2
Event: 18.717 Thread 0x00007fb114016800 DEOPT PACKING pc=0x00007fb1044131b4 sp=0x00007fb11c44e5f0
Event: 18.717 Thread 0x00007fb114016800 DEOPT UNPACKING pc=0x00007fb0fc9359a5 sp=0x00007fb11c44e590 mode 2
Event: 18.718 Thread 0x00007fb114016800 Uncommon trap: trap_request=0xffffffde fr.pc=0x00007fb1044131b4 relative=0x0000000000000c94
Event: 18.718 Thread 0x00007fb114016800 Uncommon trap: reason=class_check action=maybe_recompile pc=0x00007fb1044131b4 method=java.util.HashMap.putVal(ILjava/lang/Object;Ljava/lang/Object;ZZ)Ljava/lang/Object; @ 91 c2
Event: 18.718 Thread 0x00007fb114016800 DEOPT PACKING pc=0x00007fb1044131b4 sp=0x00007fb11c44e580
Event: 18.718 Thread 0x00007fb114016800 DEOPT UNPACKING pc=0x00007fb0fc9359a5 sp=0x00007fb11c44e520 mode 2
Event: 18.718 Thread 0x00007fb114016800 Uncommon trap: trap_request=0xffffffde fr.pc=0x00007fb1044131b4 relative=0x0000000000000c94
Event: 18.718 Thread 0x00007fb114016800 Uncommon trap: reason=class_check action=maybe_recompile pc=0x00007fb1044131b4 method=java.util.HashMap.putVal(ILjava/lang/Object;Ljava/lang/Object;ZZ)Ljava/lang/Object; @ 91 c2
Event: 18.718 Thread 0x00007fb114016800 DEOPT PACKING pc=0x00007fb1044131b4 sp=0x00007fb11c44e5a0
Event: 18.718 Thread 0x00007fb114016800 DEOPT UNPACKING pc=0x00007fb0fc9359a5 sp=0x00007fb11c44e540 mode 2

Classes redefined (0 events):
No events

Internal exceptions (20 events):
Event: 17.467 Thread 0x00007fb114016800 Exception <a 'java/net/SocketTimeoutException'{0x00000000c79ffb48}: Read timed out> (0x00000000c79ffb48) thrown at [./src/hotspot/share/prims/jni.cpp, line 636]
Event: 17.541 Thread 0x00007fb114016800 Exception <a 'java/net/SocketTimeoutException'{0x00000000c77200a0}: Read timed out> (0x00000000c77200a0) thrown at [./src/hotspot/share/prims/jni.cpp, line 636]
Event: 17.559 Thread 0x00007fb114016800 Exception <a 'java/net/SocketTimeoutException'{0x00000000c7736788}: Read timed out> (0x00000000c7736788) thrown at [./src/hotspot/share/prims/jni.cpp, line 636]
Event: 17.589 Thread 0x00007fb114016800 Exception <a 'java/net/SocketTimeoutException'{0x00000000c77804c0}: Read timed out> (0x00000000c77804c0) thrown at [./src/hotspot/share/prims/jni.cpp, line 636]
Event: 17.818 Thread 0x00007fb114016800 Exception <a 'java/net/SocketTimeoutException'{0x00000000c7790f98}: Read timed out> (0x00000000c7790f98) thrown at [./src/hotspot/share/prims/jni.cpp, line 636]
Event: 17.831 Thread 0x00007fb114016800 Exception <a 'java/net/SocketTimeoutException'{0x00000000c77bcfb0}: Read timed out> (0x00000000c77bcfb0) thrown at [./src/hotspot/share/prims/jni.cpp, line 636]
Event: 17.860 Thread 0x00007fb114016800 Exception <a 'java/net/SocketTimeoutException'{0x00000000c77cd800}: Read timed out> (0x00000000c77cd800) thrown at [./src/hotspot/share/prims/jni.cpp, line 636]
Event: 17.871 Thread 0x00007fb114016800 Exception <a 'java/net/SocketTimeoutException'{0x00000000c77e77c8}: Read timed out> (0x00000000c77e77c8) thrown at [./src/hotspot/share/prims/jni.cpp, line 636]
Event: 17.907 Thread 0x00007fb114016800 Exception <a 'java/net/SocketTimeoutException'{0x00000000c77f8190}: Read timed out> (0x00000000c77f8190) thrown at [./src/hotspot/share/prims/jni.cpp, line 636]
Event: 18.149 Thread 0x00007fb114016800 Exception <a 'java/lang/ClassNotFoundException'{0x00000000c74b0e78}: javax/smartcardio/CardPermission> (0x00000000c74b0e78) thrown at [./src/hotspot/share/classfile/systemDictionary.cpp, line 231]
Event: 18.183 Thread 0x00007fb114016800 Exception <a 'java/io/FileNotFoundException'{0x00000000c74bdd90}> (0x00000000c74bdd90) thrown at [./src/hotspot/share/prims/jni.cpp, line 615]
Event: 18.247 Thread 0x00007fb114016800 Exception <a 'java/lang/ClassNotFoundException'{0x00000000c7245ae0}: sun/awt/resources/spi/awtProvider> (0x00000000c7245ae0) thrown at [./src/hotspot/share/classfile/systemDictionary.cpp, line 231]
Event: 18.294 Thread 0x00007fb114016800 Exception <a 'java/io/FileNotFoundException'{0x00000000c728add8}> (0x00000000c728add8) thrown at [./src/hotspot/share/prims/jni.cpp, line 615]
Event: 18.307 Thread 0x00007fb114016800 Exception <a 'java/lang/NoSuchMethodError'{0x00000000c72e5938}: 'java.lang.Object java.lang.invoke.DirectMethodHandle$Holder.invokeStatic(java.lang.Object, java.lang.Object, java.lang.Object, java.lang.Object, java.lang.Object, java.lang.Object, java.lang.Object, java.lang.Object, java.lang.Object, java.lang.Object, java.lang.Object, java.lang.Object, java.lang.Object, java.lang.Object, java.lang.Object)'> (0x00000000c72e5938) thrown at [./src/hotspot/share/interpreter/linkResolver.cpp, line 773]
Event: 18.309 Thread 0x00007fb114016800 Exception <a 'java/lang/NoSuchMethodError'{0x00000000c72f34e8}: 'java.lang.Object java.lang.invoke.DirectMethodHandle$Holder.invokeStatic(java.lang.Object, java.lang.Object, java.lang.Object, java.lang.Object, java.lang.Object, java.lang.Object, java.lang.Object, java.lang.Object, java.lang.Object, java.lang.Object, java.lang.Object, java.lang.Object, java.lang.Object, java.lang.Object, java.lang.Object, java.lang.Object)'> (0x00000000c72f34e8) thrown at [./src/hotspot/share/interpreter/linkResolver.cpp, l
Event: 18.311 Thread 0x00007fb114016800 Exception <a 'java/lang/NoSuchMethodError'{0x00000000c7101b00}: 'java.lang.Object java.lang.invoke.DirectMethodHandle$Holder.invokeSpecial(java.lang.Object, java.lang.Object, int, int, java.lang.Object, java.lang.Object, java.lang.Object)'> (0x00000000c7101b00) thrown at [./src/hotspot/share/interpreter/linkResolver.cpp, line 773]
Event: 18.311 Thread 0x00007fb114016800 Exception <a 'java/lang/NoSuchMethodError'{0x00000000c7105090}: 'java.lang.Object java.lang.invoke.DelegatingMethodHandle$Holder.reinvoke_L(java.lang.Object, int, int, java.lang.Object, java.lang.Object, java.lang.Object)'> (0x00000000c7105090) thrown at [./src/hotspot/share/interpreter/linkResolver.cpp, line 773]
Event: 18.312 Thread 0x00007fb114016800 Exception <a 'java/lang/NoSuchMethodError'{0x00000000c7109068}: 'java.lang.Object java.lang.invoke.DirectMethodHandle$Holder.invokeStatic(java.lang.Object, java.lang.Object, java.lang.Object, java.lang.Object, int)'> (0x00000000c7109068) thrown at [./src/hotspot/share/interpreter/linkResolver.cpp, line 773]
Event: 18.438 Thread 0x00007fb114016800 Exception <a 'java/lang/UnsatisfiedLinkError'{0x00000000c6e3e380}: libtesseract.so: cannot open shared object file: No such file or directory> (0x00000000c6e3e380) thrown at [./src/hotspot/share/prims/jni.cpp, line 636]
Event: 18.438 Thread 0x00007fb114016800 Exception <a 'java/lang/UnsatisfiedLinkError'{0x00000000c6e3ee90}: libtesseract.so: cannot open shared object file: No such file or directory> (0x00000000c6e3ee90) thrown at [./src/hotspot/share/prims/jni.cpp, line 636]

Events (20 events):
Event: 19.910 loading class com/sun/imageio/plugins/tiff/TIFFIFD
Event: 20.005 loading class javax/imageio/plugins/tiff/TIFFDirectory
Event: 20.005 loading class javax/imageio/plugins/tiff/TIFFDirectory done
Event: 20.005 loading class com/sun/imageio/plugins/tiff/TIFFIFD done
Event: 20.006 loading class javax/imageio/plugins/tiff/TIFFField
Event: 20.006 loading class javax/imageio/plugins/tiff/TIFFField done
Event: 20.007 loading class com/sun/imageio/plugins/tiff/TIFFIFD$TIFFIFDEntry
Event: 20.007 loading class com/sun/imageio/plugins/tiff/TIFFIFD$TIFFIFDEntry done
Event: 20.009 loading class com/sun/imageio/plugins/tiff/TIFFDecompressor
Event: 20.059 loading class com/sun/imageio/plugins/tiff/TIFFDecompressor done
Event: 20.060 loading class com/sun/imageio/plugins/common/ImageUtil
Event: 20.101 loading class com/sun/imageio/plugins/common/ImageUtil done
Event: 20.101 loading class com/sun/imageio/plugins/tiff/TIFFNullDecompressor
Event: 20.110 loading class com/sun/imageio/plugins/tiff/TIFFNullDecompressor done
Event: 20.110 loading class com/sun/imageio/plugins/tiff/TIFFImageWriter
Event: 20.114 loading class com/sun/imageio/plugins/tiff/TIFFImageWriter done
Event: 20.115 loading class java/lang/StrictMath
Event: 20.155 loading class java/lang/StrictMath done
Event: 20.155 loading class com/sun/jna/Native$Buffers
Event: 20.155 loading class com/sun/jna/Native$Buffers done


Dynamic libraries:
c4400000-c8000000 rw-p 00000000 00:00 0 
c8000000-ffe00000 ---p 00000000 00:00 0 
ffe00000-ffe47000 rw-p 0110b000 08:01 12456481                           /usr/lib/jvm/java-11-openjdk-amd64/lib/server/classes.jsa
ffe47000-fff00000 rw-p 00000000 00:00 0 
fff00000-fff6a000 rw-p 010a1000 08:01 12456481                           /usr/lib/jvm/java-11-openjdk-amd64/lib/server/classes.jsa
fff6a000-100000000 rw-p 00000000 00:00 0 
800000000-800002000 rwxp 00001000 08:01 12456481                         /usr/lib/jvm/java-11-openjdk-amd64/lib/server/classes.jsa
800002000-8003b8000 rw-p 00003000 08:01 12456481                         /usr/lib/jvm/java-11-openjdk-amd64/lib/server/classes.jsa
8003b8000-800a93000 r--p 003b9000 08:01 12456481                         /usr/lib/jvm/java-11-openjdk-amd64/lib/server/classes.jsa
800a93000-800a94000 rw-p 00a94000 08:01 12456481                         /usr/lib/jvm/java-11-openjdk-amd64/lib/server/classes.jsa
800a94000-8010a0000 r--p 00a95000 08:01 12456481                         /usr/lib/jvm/java-11-openjdk-amd64/lib/server/classes.jsa
840000000-840200000 rw-p 00000000 00:00 0 
840200000-880000000 ---p 00000000 00:00 0 
559859217000-559859218000 r-xp 00000000 08:01 12455190                   /usr/lib/jvm/java-11-openjdk-amd64/bin/java
559859418000-559859419000 r--p 00001000 08:01 12455190                   /usr/lib/jvm/java-11-openjdk-amd64/bin/java
559859419000-55985941a000 rw-p 00002000 08:01 12455190                   /usr/lib/jvm/java-11-openjdk-amd64/bin/java
55985a8c0000-55985a8e1000 rw-p 00000000 00:00 0                          [heap]
7fb090e2d000-7fb090f2d000 rw-p 00000000 00:00 0 
7fb090f2d000-7fb09102d000 ---p 00000000 00:00 0 
7fb09102d000-7fb091038000 r-xp 00000000 08:01 6562053                    /usr/lib/x86_64-linux-gnu/libjbig.so.0
7fb091038000-7fb091237000 ---p 0000b000 08:01 6562053                    /usr/lib/x86_64-linux-gnu/libjbig.so.0
7fb091237000-7fb091238000 r--p 0000a000 08:01 6562053                    /usr/lib/x86_64-linux-gnu/libjbig.so.0
7fb091238000-7fb09123b000 rw-p 0000b000 08:01 6562053                    /usr/lib/x86_64-linux-gnu/libjbig.so.0
7fb09123b000-7fb09125f000 r-xp 00000000 08:01 9966594                    /lib/x86_64-linux-gnu/liblzma.so.5.2.2
7fb09125f000-7fb09145f000 ---p 00024000 08:01 9966594                    /lib/x86_64-linux-gnu/liblzma.so.5.2.2
7fb09145f000-7fb091460000 r--p 00024000 08:01 9966594                    /lib/x86_64-linux-gnu/liblzma.so.5.2.2
7fb091460000-7fb091461000 rw-p 00025000 08:01 9966594                    /lib/x86_64-linux-gnu/liblzma.so.5.2.2
7fb091461000-7fb0914b5000 r-xp 00000000 08:01 6555779                    /usr/lib/x86_64-linux-gnu/libopenjp2.so.2.3.0
7fb0914b5000-7fb0916b5000 ---p 00054000 08:01 6555779                    /usr/lib/x86_64-linux-gnu/libopenjp2.so.2.3.0
7fb0916b5000-7fb0916b6000 r--p 00054000 08:01 6555779                    /usr/lib/x86_64-linux-gnu/libopenjp2.so.2.3.0
7fb0916b6000-7fb0916b7000 rw-p 00055000 08:01 6555779                    /usr/lib/x86_64-linux-gnu/libopenjp2.so.2.3.0
7fb0916b7000-7fb09171d000 r-xp 00000000 08:01 6562528                    /usr/lib/x86_64-linux-gnu/libwebp.so.6.0.2
7fb09171d000-7fb09191c000 ---p 00066000 08:01 6562528                    /usr/lib/x86_64-linux-gnu/libwebp.so.6.0.2
7fb09191c000-7fb09191d000 r--p 00065000 08:01 6562528                    /usr/lib/x86_64-linux-gnu/libwebp.so.6.0.2
7fb09191d000-7fb09191e000 rw-p 00066000 08:01 6562528                    /usr/lib/x86_64-linux-gnu/libwebp.so.6.0.2
7fb09191e000-7fb091920000 rw-p 00000000 00:00 0 
7fb091920000-7fb091993000 r-xp 00000000 08:01 6554686                    /usr/lib/x86_64-linux-gnu/libtiff.so.5.3.0
7fb091993000-7fb091b92000 ---p 00073000 08:01 6554686                    /usr/lib/x86_64-linux-gnu/libtiff.so.5.3.0
7fb091b92000-7fb091b96000 r--p 00072000 08:01 6554686                    /usr/lib/x86_64-linux-gnu/libtiff.so.5.3.0
7fb091b96000-7fb091b97000 rw-p 00076000 08:01 6554686                    /usr/lib/x86_64-linux-gnu/libtiff.so.5.3.0
7fb091b97000-7fb091b9f000 r-xp 00000000 08:01 6562893                    /usr/lib/x86_64-linux-gnu/libgif.so.7.0.0
7fb091b9f000-7fb091d9e000 ---p 00008000 08:01 6562893                    /usr/lib/x86_64-linux-gnu/libgif.so.7.0.0
7fb091d9e000-7fb091d9f000 r--p 00007000 08:01 6562893                    /usr/lib/x86_64-linux-gnu/libgif.so.7.0.0
7fb091d9f000-7fb091da0000 rw-p 00008000 08:01 6562893                    /usr/lib/x86_64-linux-gnu/libgif.so.7.0.0
7fb091da0000-7fb091e07000 r-xp 00000000 08:01 6554613                    /usr/lib/x86_64-linux-gnu/libjpeg.so.8.1.2
7fb091e07000-7fb092006000 ---p 00067000 08:01 6554613                    /usr/lib/x86_64-linux-gnu/libjpeg.so.8.1.2
7fb092006000-7fb092007000 r--p 00066000 08:01 6554613                    /usr/lib/x86_64-linux-gnu/libjpeg.so.8.1.2
7fb092007000-7fb092008000 rw-p 00067000 08:01 6554613                    /usr/lib/x86_64-linux-gnu/libjpeg.so.8.1.2
7fb092008000-7fb092039000 r-xp 00000000 08:01 6562256                    /usr/lib/x86_64-linux-gnu/libpng16.so.16.34.0
7fb092039000-7fb092238000 ---p 00031000 08:01 6562256                    /usr/lib/x86_64-linux-gnu/libpng16.so.16.34.0
7fb092238000-7fb092239000 r--p 00030000 08:01 6562256                    /usr/lib/x86_64-linux-gnu/libpng16.so.16.34.0
7fb092239000-7fb09223a000 rw-p 00031000 08:01 6562256                    /usr/lib/x86_64-linux-gnu/libpng16.so.16.34.0
7fb09223a000-7fb092268000 r-xp 00000000 08:01 6555237                    /usr/lib/x86_64-linux-gnu/libgomp.so.1.0.0
7fb092268000-7fb092467000 ---p 0002e000 08:01 6555237                    /usr/lib/x86_64-linux-gnu/libgomp.so.1.0.0
7fb092467000-7fb092468000 r--p 0002d000 08:01 6555237                    /usr/lib/x86_64-linux-gnu/libgomp.so.1.0.0
7fb092468000-7fb092469000 rw-p 0002e000 08:01 6555237                    /usr/lib/x86_64-linux-gnu/libgomp.so.1.0.0
7fb092469000-7fb0926c5000 r-xp 00000000 08:01 6556067                    /usr/lib/x86_64-linux-gnu/liblept.so.5.0.2
7fb0926c5000-7fb0928c4000 ---p 0025c000 08:01 6556067                    /usr/lib/x86_64-linux-gnu/liblept.so.5.0.2
7fb0928c4000-7fb0928c5000 r--p 0025b000 08:01 6556067                    /usr/lib/x86_64-linux-gnu/liblept.so.5.0.2
7fb0928c5000-7fb0928cb000 rw-p 0025c000 08:01 6556067                    /usr/lib/x86_64-linux-gnu/liblept.so.5.0.2
7fb0928cb000-7fb092bd8000 r-xp 00000000 08:01 6556069                    /usr/lib/x86_64-linux-gnu/libtesseract.so.4.0.0
7fb092bd8000-7fb092dd7000 ---p 0030d000 08:01 6556069                    /usr/lib/x86_64-linux-gnu/libtesseract.so.4.0.0
7fb092dd7000-7fb092ddc000 r--p 0030c000 08:01 6556069                    /usr/lib/x86_64-linux-gnu/libtesseract.so.4.0.0
7fb092ddc000-7fb092ddd000 rw-p 00311000 08:01 6556069                    /usr/lib/x86_64-linux-gnu/libtesseract.so.4.0.0
7fb092ddd000-7fb093081000 rw-p 00000000 00:00 0 
7fb093081000-7fb093098000 r-xp 00000000 08:01 19149868                   /tmp/jna-104583599/jna2514566621920871568.tmp (deleted)
7fb093098000-7fb093197000 ---p 00017000 08:01 19149868                   /tmp/jna-104583599/jna2514566621920871568.tmp (deleted)
7fb093197000-7fb093199000 rw-p 00016000 08:01 19149868                   /tmp/jna-104583599/jna2514566621920871568.tmp (deleted)
7fb093199000-7fb0931ac000 r-xp 00000000 08:01 9961655                    /lib/x86_64-linux-gnu/libbsd.so.0.8.7
7fb0931ac000-7fb0933ab000 ---p 00013000 08:01 9961655                    /lib/x86_64-linux-gnu/libbsd.so.0.8.7
7fb0933ab000-7fb0933ac000 r--p 00012000 08:01 9961655                    /lib/x86_64-linux-gnu/libbsd.so.0.8.7
7fb0933ac000-7fb0933ad000 rw-p 00013000 08:01 9961655                    /lib/x86_64-linux-gnu/libbsd.so.0.8.7
7fb0933ad000-7fb0933ae000 rw-p 00000000 00:00 0 
7fb0933ae000-7fb0933b3000 r-xp 00000000 08:01 6561397                    /usr/lib/x86_64-linux-gnu/libXdmcp.so.6.0.0
7fb0933b3000-7fb0935b2000 ---p 00005000 08:01 6561397                    /usr/lib/x86_64-linux-gnu/libXdmcp.so.6.0.0
7fb0935b2000-7fb0935b3000 r--p 00004000 08:01 6561397                    /usr/lib/x86_64-linux-gnu/libXdmcp.so.6.0.0
7fb0935b3000-7fb0935b4000 rw-p 00005000 08:01 6561397                    /usr/lib/x86_64-linux-gnu/libXdmcp.so.6.0.0
7fb0935b4000-7fb0935b6000 r-xp 00000000 08:01 6561386                    /usr/lib/x86_64-linux-gnu/libXau.so.6.0.0
7fb0935b6000-7fb0937b6000 ---p 00002000 08:01 6561386                    /usr/lib/x86_64-linux-gnu/libXau.so.6.0.0
7fb0937b6000-7fb0937b7000 r--p 00002000 08:01 6561386                    /usr/lib/x86_64-linux-gnu/libXau.so.6.0.0
7fb0937b7000-7fb0937b8000 rw-p 00003000 08:01 6561386                    /usr/lib/x86_64-linux-gnu/libXau.so.6.0.0
7fb0937b8000-7fb0937de000 r-xp 00000000 08:01 6562599                    /usr/lib/x86_64-linux-gnu/libxcb.so.1.1.0
7fb0937de000-7fb0939de000 ---p 00026000 08:01 6562599                    /usr/lib/x86_64-linux-gnu/libxcb.so.1.1.0
7fb0939de000-7fb0939df000 r--p 00026000 08:01 6562599                    /usr/lib/x86_64-linux-gnu/libxcb.so.1.1.0
7fb0939df000-7fb0939e0000 rw-p 00027000 08:01 6562599                    /usr/lib/x86_64-linux-gnu/libxcb.so.1.1.0
7fb0939e0000-7fb0939ef000 r-xp 00000000 08:01 6561407                    /usr/lib/x86_64-linux-gnu/libXi.so.6.1.0
7fb0939ef000-7fb093bee000 ---p 0000f000 08:01 6561407                    /usr/lib/x86_64-linux-gnu/libXi.so.6.1.0
7fb093bee000-7fb093bef000 r--p 0000e000 08:01 6561407                    /usr/lib/x86_64-linux-gnu/libXi.so.6.1.0
7fb093bef000-7fb093bf0000 rw-p 0000f000 08:01 6561407                    /usr/lib/x86_64-linux-gnu/libXi.so.6.1.0
7fb093bf0000-7fb093bf5000 r-xp 00000000 08:01 6561425                    /usr/lib/x86_64-linux-gnu/libXtst.so.6.1.0
7fb093bf5000-7fb093df4000 ---p 00005000 08:01 6561425                    /usr/lib/x86_64-linux-gnu/libXtst.so.6.1.0
7fb093df4000-7fb093df5000 r--p 00004000 08:01 6561425                    /usr/lib/x86_64-linux-gnu/libXtst.so.6.1.0
7fb093df5000-7fb093df6000 rw-p 00005000 08:01 6561425                    /usr/lib/x86_64-linux-gnu/libXtst.so.6.1.0
7fb093df6000-7fb093dff000 r-xp 00000000 08:01 6561419                    /usr/lib/x86_64-linux-gnu/libXrender.so.1.3.0
7fb093dff000-7fb093ffe000 ---p 00009000 08:01 6561419                    /usr/lib/x86_64-linux-gnu/libXrender.so.1.3.0
7fb093ffe000-7fb093fff000 r--p 00008000 08:01 6561419                    /usr/lib/x86_64-linux-gnu/libXrender.so.1.3.0
7fb093fff000-7fb094000000 rw-p 00009000 08:01 6561419                    /usr/lib/x86_64-linux-gnu/libXrender.so.1.3.0
7fb094000000-7fb094021000 rw-p 00000000 00:00 0 
7fb094021000-7fb098000000 ---p 00000000 00:00 0 
7fb098000000-7fb098021000 rw-p 00000000 00:00 0 
7fb098021000-7fb09c000000 ---p 00000000 00:00 0 
7fb09c000000-7fb09c021000 rw-p 00000000 00:00 0 
7fb09c021000-7fb0a0000000 ---p 00000000 00:00 0 
7fb0a0000000-7fb0a0021000 rw-p 00000000 00:00 0 
7fb0a0021000-7fb0a4000000 ---p 00000000 00:00 0 
7fb0a4000000-7fb0a4021000 rw-p 00000000 00:00 0 
7fb0a4021000-7fb0a8000000 ---p 00000000 00:00 0 
7fb0a8000000-7fb0a8021000 rw-p 00000000 00:00 0 
7fb0a8021000-7fb0ac000000 ---p 00000000 00:00 0 
7fb0ac000000-7fb0ac0d4000 rw-p 00000000 00:00 0 
7fb0ac0d4000-7fb0b0000000 ---p 00000000 00:00 0 
7fb0b0000000-7fb0b0021000 rw-p 00000000 00:00 0 
7fb0b0021000-7fb0b4000000 ---p 00000000 00:00 0 
7fb0b4000000-7fb0b4021000 rw-p 00000000 00:00 0 
7fb0b4021000-7fb0b8000000 ---p 00000000 00:00 0 
7fb0b8000000-7fb0b8021000 rw-p 00000000 00:00 0 
7fb0b8021000-7fb0bc000000 ---p 00000000 00:00 0 
7fb0bc000000-7fb0bc021000 rw-p 00000000 00:00 0 
7fb0bc021000-7fb0c0000000 ---p 00000000 00:00 0 
7fb0c0000000-7fb0c0021000 rw-p 00000000 00:00 0 
7fb0c0021000-7fb0c4000000 ---p 00000000 00:00 0 
7fb0c4000000-7fb0c4461000 rw-p 00000000 00:00 0 
7fb0c4461000-7fb0c8000000 ---p 00000000 00:00 0 
7fb0c8000000-7fb0c8021000 rw-p 00000000 00:00 0 
7fb0c8021000-7fb0cc000000 ---p 00000000 00:00 0 
7fb0cc000000-7fb0cc021000 rw-p 00000000 00:00 0 
7fb0cc021000-7fb0d0000000 ---p 00000000 00:00 0 
7fb0d0000000-7fb0d07a8000 rw-p 00000000 00:00 0 
7fb0d07a8000-7fb0d4000000 ---p 00000000 00:00 0 
7fb0d4000000-7fb0d4021000 rw-p 00000000 00:00 0 
7fb0d4021000-7fb0d8000000 ---p 00000000 00:00 0 
7fb0d8000000-7fb0d8021000 rw-p 00000000 00:00 0 
7fb0d8021000-7fb0dc000000 ---p 00000000 00:00 0 
7fb0dc000000-7fb0dc021000 rw-p 00000000 00:00 0 
7fb0dc021000-7fb0e0000000 ---p 00000000 00:00 0 
7fb0e0000000-7fb0e0024000 rw-p 00000000 00:00 0 
7fb0e0024000-7fb0e4000000 ---p 00000000 00:00 0 
7fb0e4000000-7fb0e4021000 rw-p 00000000 00:00 0 
7fb0e4021000-7fb0e8000000 ---p 00000000 00:00 0 
7fb0e8000000-7fb0e8021000 rw-p 00000000 00:00 0 
7fb0e8021000-7fb0ec000000 ---p 00000000 00:00 0 
7fb0ec0be000-7fb0ec1f1000 r-xp 00000000 08:01 6561382                    /usr/lib/x86_64-linux-gnu/libX11.so.6.3.0
7fb0ec1f1000-7fb0ec3f1000 ---p 00133000 08:01 6561382                    /usr/lib/x86_64-linux-gnu/libX11.so.6.3.0
7fb0ec3f1000-7fb0ec3f2000 r--p 00133000 08:01 6561382                    /usr/lib/x86_64-linux-gnu/libX11.so.6.3.0
7fb0ec3f2000-7fb0ec3f6000 rw-p 00134000 08:01 6561382                    /usr/lib/x86_64-linux-gnu/libX11.so.6.3.0
7fb0ec3f6000-7fb0ec407000 r-xp 00000000 08:01 6561399                    /usr/lib/x86_64-linux-gnu/libXext.so.6.4.0
7fb0ec407000-7fb0ec606000 ---p 00011000 08:01 6561399                    /usr/lib/x86_64-linux-gnu/libXext.so.6.4.0
7fb0ec606000-7fb0ec607000 r--p 00010000 08:01 6561399                    /usr/lib/x86_64-linux-gnu/libXext.so.6.4.0
7fb0ec607000-7fb0ec608000 rw-p 00011000 08:01 6561399                    /usr/lib/x86_64-linux-gnu/libXext.so.6.4.0
7fb0ec608000-7fb0ec667000 r-xp 00000000 08:01 12455373                   /usr/lib/jvm/java-11-openjdk-amd64/lib/libawt_xawt.so
7fb0ec667000-7fb0ec866000 ---p 0005f000 08:01 12455373                   /usr/lib/jvm/java-11-openjdk-amd64/lib/libawt_xawt.so
7fb0ec866000-7fb0ec867000 r--p 0005e000 08:01 12455373                   /usr/lib/jvm/java-11-openjdk-amd64/lib/libawt_xawt.so
7fb0ec867000-7fb0ec86a000 rw-p 0005f000 08:01 12455373                   /usr/lib/jvm/java-11-openjdk-amd64/lib/libawt_xawt.so
7fb0ec86a000-7fb0ec86c000 rw-p 00000000 00:00 0 
7fb0ec86c000-7fb0ec90a000 r-xp 00000000 08:01 12455371                   /usr/lib/jvm/java-11-openjdk-amd64/lib/libawt.so
7fb0ec90a000-7fb0ecb0a000 ---p 0009e000 08:01 12455371                   /usr/lib/jvm/java-11-openjdk-amd64/lib/libawt.so
7fb0ecb0a000-7fb0ecb0b000 r--p 0009e000 08:01 12455371                   /usr/lib/jvm/java-11-openjdk-amd64/lib/libawt.so
7fb0ecb0b000-7fb0ecb16000 rw-p 0009f000 08:01 12455371                   /usr/lib/jvm/java-11-openjdk-amd64/lib/libawt.so
7fb0ecb16000-7fb0ecd3b000 rw-p 00000000 00:00 0 
7fb0ecd3b000-7fb0ecd3f000 ---p 00000000 00:00 0 
7fb0ecd3f000-7fb0ece3c000 rw-p 00000000 00:00 0 
7fb0ece3c000-7fb0ece40000 ---p 00000000 00:00 0 
7fb0ece40000-7fb0ed13d000 rw-p 00000000 00:00 0 
7fb0ed13d000-7fb0ed141000 ---p 00000000 00:00 0 
7fb0ed141000-7fb0ed23e000 rw-p 00000000 00:00 0 
7fb0ed23e000-7fb0ed242000 ---p 00000000 00:00 0 
7fb0ed242000-7fb0ed33f000 rw-p 00000000 00:00 0 
7fb0ed33f000-7fb0ed343000 ---p 00000000 00:00 0 
7fb0ed343000-7fb0ed440000 rw-p 00000000 00:00 0 
7fb0ed440000-7fb0ed444000 ---p 00000000 00:00 0 
7fb0ed444000-7fb0ed541000 rw-p 00000000 00:00 0 
7fb0ed541000-7fb0ed545000 ---p 00000000 00:00 0 
7fb0ed545000-7fb0ed642000 rw-p 00000000 00:00 0 
7fb0ed642000-7fb0ed643000 ---p 00000000 00:00 0 
7fb0ed643000-7fb0ed744000 rw-p 00000000 00:00 0 
7fb0ed744000-7fb0ed76e000 r-xp 00000000 08:01 12455404                   /usr/lib/jvm/java-11-openjdk-amd64/lib/libsunec.so
7fb0ed76e000-7fb0ed96d000 ---p 0002a000 08:01 12455404                   /usr/lib/jvm/java-11-openjdk-amd64/lib/libsunec.so
7fb0ed96d000-7fb0ed971000 r--p 00029000 08:01 12455404                   /usr/lib/jvm/java-11-openjdk-amd64/lib/libsunec.so
7fb0ed971000-7fb0ed973000 rw-p 0002d000 08:01 12455404                   /usr/lib/jvm/java-11-openjdk-amd64/lib/libsunec.so
7fb0ed973000-7fb0ed975000 r-xp 00000000 08:01 12455375                   /usr/lib/jvm/java-11-openjdk-amd64/lib/libextnet.so
7fb0ed975000-7fb0edb74000 ---p 00002000 08:01 12455375                   /usr/lib/jvm/java-11-openjdk-amd64/lib/libextnet.so
7fb0edb74000-7fb0edb75000 r--p 00001000 08:01 12455375                   /usr/lib/jvm/java-11-openjdk-amd64/lib/libextnet.so
7fb0edb75000-7fb0edb76000 rw-p 00002000 08:01 12455375                   /usr/lib/jvm/java-11-openjdk-amd64/lib/libextnet.so
7fb0edb76000-7fb0edb8c000 r-xp 00000000 08:01 12455398                   /usr/lib/jvm/java-11-openjdk-amd64/lib/libnet.so
7fb0edb8c000-7fb0edd8b000 ---p 00016000 08:01 12455398                   /usr/lib/jvm/java-11-openjdk-amd64/lib/libnet.so
7fb0edd8b000-7fb0edd8c000 r--p 00015000 08:01 12455398                   /usr/lib/jvm/java-11-openjdk-amd64/lib/libnet.so
7fb0edd8c000-7fb0edd8d000 rw-p 00016000 08:01 12455398                   /usr/lib/jvm/java-11-openjdk-amd64/lib/libnet.so
7fb0edd8d000-7fb0edd9d000 r-xp 00000000 08:01 12455399                   /usr/lib/jvm/java-11-openjdk-amd64/lib/libnio.so
7fb0edd9d000-7fb0edf9c000 ---p 00010000 08:01 12455399                   /usr/lib/jvm/java-11-openjdk-amd64/lib/libnio.so
7fb0edf9c000-7fb0edf9d000 r--p 0000f000 08:01 12455399                   /usr/lib/jvm/java-11-openjdk-amd64/lib/libnio.so
7fb0edf9d000-7fb0edf9e000 rw-p 00010000 08:01 12455399                   /usr/lib/jvm/java-11-openjdk-amd64/lib/libnio.so
7fb0edf9e000-7fb0edfa2000 ---p 00000000 00:00 0 
7fb0edfa2000-7fb0ee09f000 rw-p 00000000 00:00 0 
7fb0ee09f000-7fb0ee0a0000 ---p 00000000 00:00 0 
7fb0ee0a0000-7fb0ee1a1000 rw-p 00000000 00:00 0 
7fb0ee1a1000-7fb0ee1a5000 ---p 00000000 00:00 0 
7fb0ee1a5000-7fb0ee2a2000 rw-p 00000000 00:00 0 
7fb0ee2a2000-7fb0ee2a6000 ---p 00000000 00:00 0 
7fb0ee2a6000-7fb0ee3a3000 rw-p 00000000 00:00 0 
7fb0ee3a3000-7fb0ee3a7000 ---p 00000000 00:00 0 
7fb0ee3a7000-7fb0ee4a4000 rw-p 00000000 00:00 0 
7fb0ee4a4000-7fb0ee4a8000 ---p 00000000 00:00 0 
7fb0ee4a8000-7fb0ee5a5000 rw-p 00000000 00:00 0 
7fb0ee5a5000-7fb0ee5a9000 ---p 00000000 00:00 0 
7fb0ee5a9000-7fb0ee6a6000 rw-p 00000000 00:00 0 
7fb0ee6a6000-7fb0ef075000 r--p 00000000 08:01 6560357                    /usr/lib/locale/locale-archive
7fb0ef075000-7fb0ef079000 ---p 00000000 00:00 0 
7fb0ef079000-7fb0ef176000 rw-p 00000000 00:00 0 
7fb0ef176000-7fb0ef17a000 ---p 00000000 00:00 0 
7fb0ef17a000-7fb0ef277000 rw-p 00000000 00:00 0 
7fb0ef277000-7fb0ef278000 ---p 00000000 00:00 0 
7fb0ef278000-7fb0efbfa000 rw-p 00000000 00:00 0 
7fb0efbfa000-7fb0efbfb000 ---p 00000000 00:00 0 
7fb0efbfb000-7fb0efcfc000 rw-p 00000000 00:00 0 
7fb0efcfc000-7fb0efcfd000 ---p 00000000 00:00 0 
7fb0efcfd000-7fb0f0000000 rw-p 00000000 00:00 0 
7fb0f0000000-7fb0f0021000 rw-p 00000000 00:00 0 
7fb0f0021000-7fb0f4000000 ---p 00000000 00:00 0 
7fb0f401e000-7fb0f6310000 rw-p 00000000 00:00 0 
7fb0f6310000-7fb0f7108000 ---p 00000000 00:00 0 
7fb0f7108000-7fb0f7200000 rw-p 00000000 00:00 0 
7fb0f7200000-7fb0f7ff8000 ---p 00000000 00:00 0 
7fb0f7ff8000-7fb0f8000000 rw-p 00000000 00:00 0 
7fb0f8000000-7fb0f8021000 rw-p 00000000 00:00 0 
7fb0f8021000-7fb0fc000000 ---p 00000000 00:00 0 
7fb0fc013000-7fb0fc06e000 rw-p 00000000 00:00 0 
7fb0fc06e000-7fb0fc06f000 ---p 00000000 00:00 0 
7fb0fc06f000-7fb0fc170000 rw-p 00000000 00:00 0 
7fb0fc170000-7fb0fc171000 ---p 00000000 00:00 0 
7fb0fc171000-7fb0fc290000 rw-p 00000000 00:00 0 
7fb0fc290000-7fb0fc44f000 ---p 00000000 00:00 0 
7fb0fc44f000-7fb0fc46e000 rw-p 00000000 00:00 0 
7fb0fc46e000-7fb0fc62d000 ---p 00000000 00:00 0 
7fb0fc62d000-7fb0fc64c000 rw-p 00000000 00:00 0 
7fb0fc64c000-7fb0fc80b000 ---p 00000000 00:00 0 
7fb0fc80b000-7fb0fc90d000 rw-p 00000000 00:00 0 
7fb0fc90d000-7fb0fcb7d000 rwxp 00000000 00:00 0 
7fb0fcb7d000-7fb0fce9d000 ---p 00000000 00:00 0 
7fb0fce9d000-7fb0fd25d000 rwxp 00000000 00:00 0 
7fb0fd25d000-7fb1043d5000 ---p 00000000 00:00 0 
7fb1043d5000-7fb104645000 rwxp 00000000 00:00 0 
7fb104645000-7fb10b90d000 ---p 00000000 00:00 0 
7fb10b90d000-7fb114000000 r--s 00000000 08:01 12455408                   /usr/lib/jvm/java-11-openjdk-amd64/lib/modules
7fb114000000-7fb11493e000 rw-p 00000000 00:00 0 
7fb11493e000-7fb118000000 ---p 00000000 00:00 0 
7fb118014000-7fb118018000 ---p 00000000 00:00 0 
7fb118018000-7fb118339000 rw-p 00000000 00:00 0 
7fb118339000-7fb11833a000 ---p 00000000 00:00 0 
7fb11833a000-7fb118440000 rw-p 00000000 00:00 0 
7fb118440000-7fb118526000 ---p 00000000 00:00 0 
7fb118526000-7fb11852e000 rw-p 00000000 00:00 0 
7fb11852e000-7fb118611000 ---p 00000000 00:00 0 
7fb118611000-7fb118616000 r-xp 00000000 08:01 12455386                   /usr/lib/jvm/java-11-openjdk-amd64/lib/libjimage.so
7fb118616000-7fb118815000 ---p 00005000 08:01 12455386                   /usr/lib/jvm/java-11-openjdk-amd64/lib/libjimage.so
7fb118815000-7fb118816000 r--p 00004000 08:01 12455386                   /usr/lib/jvm/java-11-openjdk-amd64/lib/libjimage.so
7fb118816000-7fb118817000 rw-p 00005000 08:01 12455386                   /usr/lib/jvm/java-11-openjdk-amd64/lib/libjimage.so
7fb118817000-7fb11881e000 r-xp 00000000 08:01 12455407                   /usr/lib/jvm/java-11-openjdk-amd64/lib/libzip.so
7fb11881e000-7fb118a1d000 ---p 00007000 08:01 12455407                   /usr/lib/jvm/java-11-openjdk-amd64/lib/libzip.so
7fb118a1d000-7fb118a1e000 r--p 00006000 08:01 12455407                   /usr/lib/jvm/java-11-openjdk-amd64/lib/libzip.so
7fb118a1e000-7fb118a1f000 rw-p 00007000 08:01 12455407                   /usr/lib/jvm/java-11-openjdk-amd64/lib/libzip.so
7fb118a1f000-7fb118a2a000 r-xp 00000000 08:01 9966624                    /lib/x86_64-linux-gnu/libnss_files-2.27.so
7fb118a2a000-7fb118c29000 ---p 0000b000 08:01 9966624                    /lib/x86_64-linux-gnu/libnss_files-2.27.so
7fb118c29000-7fb118c2a000 r--p 0000a000 08:01 9966624                    /lib/x86_64-linux-gnu/libnss_files-2.27.so
7fb118c2a000-7fb118c2b000 rw-p 0000b000 08:01 9966624                    /lib/x86_64-linux-gnu/libnss_files-2.27.so
7fb118c2b000-7fb118c31000 rw-p 00000000 00:00 0 
7fb118c31000-7fb118c48000 r-xp 00000000 08:01 9966618                    /lib/x86_64-linux-gnu/libnsl-2.27.so
7fb118c48000-7fb118e47000 ---p 00017000 08:01 9966618                    /lib/x86_64-linux-gnu/libnsl-2.27.so
7fb118e47000-7fb118e48000 r--p 00016000 08:01 9966618                    /lib/x86_64-linux-gnu/libnsl-2.27.so
7fb118e48000-7fb118e49000 rw-p 00017000 08:01 9966618                    /lib/x86_64-linux-gnu/libnsl-2.27.so
7fb118e49000-7fb118e4b000 rw-p 00000000 00:00 0 
7fb118e4b000-7fb118e56000 r-xp 00000000 08:01 9966635                    /lib/x86_64-linux-gnu/libnss_nis-2.27.so
7fb118e56000-7fb119055000 ---p 0000b000 08:01 9966635                    /lib/x86_64-linux-gnu/libnss_nis-2.27.so
7fb119055000-7fb119056000 r--p 0000a000 08:01 9966635                    /lib/x86_64-linux-gnu/libnss_nis-2.27.so
7fb119056000-7fb119057000 rw-p 0000b000 08:01 9966635                    /lib/x86_64-linux-gnu/libnss_nis-2.27.so
7fb119057000-7fb11905f000 r-xp 00000000 08:01 9966620                    /lib/x86_64-linux-gnu/libnss_compat-2.27.so
7fb11905f000-7fb11925f000 ---p 00008000 08:01 9966620                    /lib/x86_64-linux-gnu/libnss_compat-2.27.so
7fb11925f000-7fb119260000 r--p 00008000 08:01 9966620                    /lib/x86_64-linux-gnu/libnss_compat-2.27.so
7fb119260000-7fb119261000 rw-p 00009000 08:01 9966620                    /lib/x86_64-linux-gnu/libnss_compat-2.27.so
7fb119261000-7fb11928a000 r-xp 00000000 08:01 12455382                   /usr/lib/jvm/java-11-openjdk-amd64/lib/libjava.so
7fb11928a000-7fb119489000 ---p 00029000 08:01 12455382                   /usr/lib/jvm/java-11-openjdk-amd64/lib/libjava.so
7fb119489000-7fb11948a000 r--p 00028000 08:01 12455382                   /usr/lib/jvm/java-11-openjdk-amd64/lib/libjava.so
7fb11948a000-7fb11948c000 rw-p 00029000 08:01 12455382                   /usr/lib/jvm/java-11-openjdk-amd64/lib/libjava.so
7fb11948c000-7fb119499000 r-xp 00000000 08:01 12455406                   /usr/lib/jvm/java-11-openjdk-amd64/lib/libverify.so
7fb119499000-7fb119698000 ---p 0000d000 08:01 12455406                   /usr/lib/jvm/java-11-openjdk-amd64/lib/libverify.so
7fb119698000-7fb11969a000 r--p 0000c000 08:01 12455406                   /usr/lib/jvm/java-11-openjdk-amd64/lib/libverify.so
7fb11969a000-7fb11969b000 rw-p 0000e000 08:01 12455406                   /usr/lib/jvm/java-11-openjdk-amd64/lib/libverify.so
7fb11969b000-7fb1196a2000 r-xp 00000000 08:01 9966675                    /lib/x86_64-linux-gnu/librt-2.27.so
7fb1196a2000-7fb1198a1000 ---p 00007000 08:01 9966675                    /lib/x86_64-linux-gnu/librt-2.27.so
7fb1198a1000-7fb1198a2000 r--p 00006000 08:01 9966675                    /lib/x86_64-linux-gnu/librt-2.27.so
7fb1198a2000-7fb1198a3000 rw-p 00007000 08:01 9966675                    /lib/x86_64-linux-gnu/librt-2.27.so
7fb1198a3000-7fb1198ba000 r-xp 00000000 08:01 9961786                    /lib/x86_64-linux-gnu/libgcc_s.so.1
7fb1198ba000-7fb119ab9000 ---p 00017000 08:01 9961786                    /lib/x86_64-linux-gnu/libgcc_s.so.1
7fb119ab9000-7fb119aba000 r--p 00016000 08:01 9961786                    /lib/x86_64-linux-gnu/libgcc_s.so.1
7fb119aba000-7fb119abb000 rw-p 00017000 08:01 9961786                    /lib/x86_64-linux-gnu/libgcc_s.so.1
7fb119abb000-7fb119c58000 r-xp 00000000 08:01 9966597                    /lib/x86_64-linux-gnu/libm-2.27.so
7fb119c58000-7fb119e57000 ---p 0019d000 08:01 9966597                    /lib/x86_64-linux-gnu/libm-2.27.so
7fb119e57000-7fb119e58000 r--p 0019c000 08:01 9966597                    /lib/x86_64-linux-gnu/libm-2.27.so
7fb119e58000-7fb119e59000 rw-p 0019d000 08:01 9966597                    /lib/x86_64-linux-gnu/libm-2.27.so
7fb119e59000-7fb119fd2000 r-xp 00000000 08:01 6555233                    /usr/lib/x86_64-linux-gnu/libstdc++.so.6.0.25
7fb119fd2000-7fb11a1d2000 ---p 00179000 08:01 6555233                    /usr/lib/x86_64-linux-gnu/libstdc++.so.6.0.25
7fb11a1d2000-7fb11a1dc000 r--p 00179000 08:01 6555233                    /usr/lib/x86_64-linux-gnu/libstdc++.so.6.0.25
7fb11a1dc000-7fb11a1de000 rw-p 00183000 08:01 6555233                    /usr/lib/x86_64-linux-gnu/libstdc++.so.6.0.25
7fb11a1de000-7fb11a1e2000 rw-p 00000000 00:00 0 
7fb11a1e2000-7fb11b2bf000 r-xp 00000000 08:01 12455413                   /usr/lib/jvm/java-11-openjdk-amd64/lib/server/libjvm.so
7fb11b2bf000-7fb11b4be000 ---p 010dd000 08:01 12455413                   /usr/lib/jvm/java-11-openjdk-amd64/lib/server/libjvm.so
7fb11b4be000-7fb11b57b000 r--p 010dc000 08:01 12455413                   /usr/lib/jvm/java-11-openjdk-amd64/lib/server/libjvm.so
7fb11b57b000-7fb11b5b5000 rw-p 01199000 08:01 12455413                   /usr/lib/jvm/java-11-openjdk-amd64/lib/server/libjvm.so
7fb11b5b5000-7fb11b60b000 rw-p 00000000 00:00 0 
7fb11b60b000-7fb11b625000 r-xp 00000000 08:01 9966667                    /lib/x86_64-linux-gnu/libpthread-2.27.so
7fb11b625000-7fb11b824000 ---p 0001a000 08:01 9966667                    /lib/x86_64-linux-gnu/libpthread-2.27.so
7fb11b824000-7fb11b825000 r--p 00019000 08:01 9966667                    /lib/x86_64-linux-gnu/libpthread-2.27.so
7fb11b825000-7fb11b826000 rw-p 0001a000 08:01 9966667                    /lib/x86_64-linux-gnu/libpthread-2.27.so
7fb11b826000-7fb11b82a000 rw-p 00000000 00:00 0 
7fb11b82a000-7fb11b82d000 r-xp 00000000 08:01 9966557                    /lib/x86_64-linux-gnu/libdl-2.27.so
7fb11b82d000-7fb11ba2c000 ---p 00003000 08:01 9966557                    /lib/x86_64-linux-gnu/libdl-2.27.so
7fb11ba2c000-7fb11ba2d000 r--p 00002000 08:01 9966557                    /lib/x86_64-linux-gnu/libdl-2.27.so
7fb11ba2d000-7fb11ba2e000 rw-p 00003000 08:01 9966557                    /lib/x86_64-linux-gnu/libdl-2.27.so
7fb11ba2e000-7fb11ba4a000 r-xp 00000000 08:01 9966706                    /lib/x86_64-linux-gnu/libz.so.1.2.11
7fb11ba4a000-7fb11bc49000 ---p 0001c000 08:01 9966706                    /lib/x86_64-linux-gnu/libz.so.1.2.11
7fb11bc49000-7fb11bc4a000 r--p 0001b000 08:01 9966706                    /lib/x86_64-linux-gnu/libz.so.1.2.11
7fb11bc4a000-7fb11bc4b000 rw-p 0001c000 08:01 9966706                    /lib/x86_64-linux-gnu/libz.so.1.2.11
7fb11bc4b000-7fb11be32000 r-xp 00000000 08:01 9966534                    /lib/x86_64-linux-gnu/libc-2.27.so
7fb11be32000-7fb11c032000 ---p 001e7000 08:01 9966534                    /lib/x86_64-linux-gnu/libc-2.27.so
7fb11c032000-7fb11c036000 r--p 001e7000 08:01 9966534                    /lib/x86_64-linux-gnu/libc-2.27.so
7fb11c036000-7fb11c038000 rw-p 001eb000 08:01 9966534                    /lib/x86_64-linux-gnu/libc-2.27.so
7fb11c038000-7fb11c03c000 rw-p 00000000 00:00 0 
7fb11c03c000-7fb11c04c000 r-xp 00000000 08:01 12455366                   /usr/lib/jvm/java-11-openjdk-amd64/lib/jli/libjli.so
7fb11c04c000-7fb11c24b000 ---p 00010000 08:01 12455366                   /usr/lib/jvm/java-11-openjdk-amd64/lib/jli/libjli.so
7fb11c24b000-7fb11c24c000 r--p 0000f000 08:01 12455366                   /usr/lib/jvm/java-11-openjdk-amd64/lib/jli/libjli.so
7fb11c24c000-7fb11c24d000 rw-p 00010000 08:01 12455366                   /usr/lib/jvm/java-11-openjdk-amd64/lib/jli/libjli.so
7fb11c24d000-7fb11c274000 r-xp 00000000 08:01 9966506                    /lib/x86_64-linux-gnu/ld-2.27.so
7fb11c295000-7fb11c350000 rw-p 00000000 00:00 0 
7fb11c350000-7fb11c354000 ---p 00000000 00:00 0 
7fb11c354000-7fb11c453000 rw-p 00000000 00:00 0 
7fb11c45a000-7fb11c45f000 rw-p 00000000 00:00 0 
7fb11c45f000-7fb11c466000 ---p 00000000 00:00 0 
7fb11c466000-7fb11c468000 r--s 00007000 08:01 6951047                    /usr/share/java/java-atk-wrapper.jar
7fb11c468000-7fb11c470000 rw-s 00000000 08:01 19017163                   /tmp/hsperfdata_nakul/12898
7fb11c470000-7fb11c471000 ---p 00000000 00:00 0 
7fb11c471000-7fb11c472000 r--p 00000000 00:00 0 
7fb11c472000-7fb11c474000 rw-p 00000000 00:00 0 
7fb11c474000-7fb11c475000 r--p 00027000 08:01 9966506                    /lib/x86_64-linux-gnu/ld-2.27.so
7fb11c475000-7fb11c476000 rw-p 00028000 08:01 9966506                    /lib/x86_64-linux-gnu/ld-2.27.so
7fb11c476000-7fb11c477000 rw-p 00000000 00:00 0 
7ffe7ada2000-7ffe7adc3000 rw-p 00000000 00:00 0                          [stack]
7ffe7adeb000-7ffe7adee000 r--p 00000000 00:00 0                          [vvar]
7ffe7adee000-7ffe7adef000 r-xp 00000000 00:00 0                          [vdso]
ffffffffff600000-ffffffffff601000 --xp 00000000 00:00 0                  [vsyscall]


VM Arguments:
jvm_args: -Dfile.encoding=UTF-8 
java_command: selenium.NSP
java_class_path (initial): /home/nakul/eclipse-workspace/selenium/bin:/home/nakul/selenium/selenium-java-3.141.59/libs/byte-buddy-1.8.15.jar:/home/nakul/selenium/selenium-java-3.141.59/libs/commons-exec-1.3.jar:/home/nakul/selenium/selenium-java-3.141.59/libs/guava-25.0-jre.jar:/home/nakul/selenium/selenium-java-3.141.59/libs/okhttp-3.11.0.jar:/home/nakul/selenium/selenium-java-3.141.59/libs/okio-1.14.0.jar:/home/nakul/selenium/selenium-java-3.141.59/client-combined-3.141.59.jar:/home/nakul/selenium/selenium-java-3.141.59/client-combined-3.141.59-sources.jar:/home/nakul/eclipse-workspace/Tess4J/lib/commons-beanutils-1.9.2.jar:/home/nakul/eclipse-workspace/Tess4J/lib/commons-io-2.6.jar:/home/nakul/eclipse-workspace/Tess4J/lib/commons-logging-1.2.jar:/home/nakul/eclipse-workspace/Tess4J/lib/fontbox-2.0.9.jar:/home/nakul/eclipse-workspace/Tess4J/lib/ghost4j-1.0.1.jar:/home/nakul/eclipse-workspace/Tess4J/lib/hamcrest-core-1.3.jar:/home/nakul/eclipse-workspace/Tess4J/lib/itext-2.1.7.jar:/home/nakul/eclipse-workspace/Tess4J/lib/jai-imageio-core-1.4.0.jar:/home/nakul/eclipse-workspace/Tess4J/lib/jbig2-imageio-3.0.0.jar:/home/nakul/eclipse-workspace/Tess4J/lib/jboss-vfs-3.2.12.Final.jar:/home/nakul/eclipse-workspace/Tess4J/lib/jcl-over-slf4j-1.7.25.jar:/home/nakul/eclipse-workspace/Tess4J/lib/jna-4.1.0.jar:/home/nakul/eclipse-workspace/Tess4J/lib/jul-to-slf4j-1.7.25.jar:/home/nakul/eclipse-workspace/Tess4J/lib/junit-4.12.jar:/home/nakul/eclipse-workspace/Tess4J/lib/lept4j-1.6.4.jar:/home/nakul/eclipse-workspace/Tess4J/lib/log4j-1.2.17.jar:/home/nakul/eclipse-workspace/Tess4J/lib/log4j-over-slf4j-1.7.25.jar:/home/nakul/eclipse-workspace/Tess4J/lib/logback-classic-1.2.3.jar:/home/nakul/eclipse-workspace/Tess4J/lib/logback-core-1.2.3.jar:/home/nakul/eclipse-workspace/Tess4J/lib/pdfbox-2.0.9.jar:/home/nakul/eclipse-workspace/Tess4J/lib/pdfbox-tools-2.0.9.jar:/home/nakul/eclipse-workspace/Tess4J/lib/slf4j-api-1.7.25.jar:/home/nakul/eclipse-workspace/Tess4J/lib/xmlgraphics-comm
Launcher Type: SUN_STANDARD

[Global flags]
     intx CICompilerCount                          = 3                                         {product} {ergonomic}
     uint ConcGCThreads                            = 1                                         {product} {ergonomic}
     uint G1ConcRefinementThreads                  = 4                                         {product} {ergonomic}
   size_t G1HeapRegionSize                         = 1048576                                   {product} {ergonomic}
    uintx GCDrainStackTargetSize                   = 64                                        {product} {ergonomic}
   size_t InitialHeapSize                          = 62914560                                  {product} {ergonomic}
   size_t MarkStackSize                            = 4194304                                   {product} {ergonomic}
   size_t MaxHeapSize                              = 1002438656                                {product} {ergonomic}
   size_t MaxNewSize                               = 600834048                                 {product} {ergonomic}
   size_t MinHeapDeltaBytes                        = 1048576                                   {product} {ergonomic}
    uintx NonNMethodCodeHeapSize                   = 5830732                                {pd product} {ergonomic}
    uintx NonProfiledCodeHeapSize                  = 122913754                              {pd product} {ergonomic}
    uintx ProfiledCodeHeapSize                     = 122913754                              {pd product} {ergonomic}
    uintx ReservedCodeCacheSize                    = 251658240                              {pd product} {ergonomic}
     bool SegmentedCodeCache                       = true                                      {product} {ergonomic}
     bool UseCompressedClassPointers               = true                                 {lp64_product} {ergonomic}
     bool UseCompressedOops                        = true                                 {lp64_product} {ergonomic}
     bool UseG1GC                                  = true                                      {product} {ergonomic}

Logging:
Log output configuration:
 #0: stdout all=warning uptime,level,tags
 #1: stderr all=off uptime,level,tags

Environment Variables:
PATH=/usr/local/sbin:/usr/local/bin:/usr/sbin:/usr/bin:/sbin:/bin:/usr/games:/usr/local/games:/snap/bin
SHELL=/bin/bash
DISPLAY=:0

Signal Handlers:
SIGSEGV: [libjvm.so+0xdf8d00], sa_mask[0]=11111111011111111101111111111110, sa_flags=SA_RESTART|SA_SIGINFO
SIGBUS: [libjvm.so+0xdf8d00], sa_mask[0]=11111111011111111101111111111110, sa_flags=SA_RESTART|SA_SIGINFO
SIGFPE: [libjvm.so+0xdf8d00], sa_mask[0]=11111111011111111101111111111110, sa_flags=SA_RESTART|SA_SIGINFO
SIGPIPE: [libjvm.so+0xbcbc30], sa_mask[0]=11111111011111111101111111111110, sa_flags=SA_RESTART|SA_SIGINFO
SIGXFSZ: [libjvm.so+0xbcbc30], sa_mask[0]=11111111011111111101111111111110, sa_flags=SA_RESTART|SA_SIGINFO
SIGILL: [libjvm.so+0xdf8d00], sa_mask[0]=11111111011111111101111111111110, sa_flags=SA_RESTART|SA_SIGINFO
SIGUSR2: [libjvm.so+0xbcbad0], sa_mask[0]=00100000000000000000000000000000, sa_flags=SA_RESTART|SA_SIGINFO
SIGHUP: [libjvm.so+0xbcbe30], sa_mask[0]=11111111011111111101111111111110, sa_flags=SA_RESTART|SA_SIGINFO
SIGINT: [libjvm.so+0xbcbe30], sa_mask[0]=11111111011111111101111111111110, sa_flags=SA_RESTART|SA_SIGINFO
SIGTERM: [libjvm.so+0xbcbe30], sa_mask[0]=11111111011111111101111111111110, sa_flags=SA_RESTART|SA_SIGINFO
SIGQUIT: [libjvm.so+0xbcbe30], sa_mask[0]=11111111011111111101111111111110, sa_flags=SA_RESTART|SA_SIGINFO


---------------  S Y S T E M  ---------------

OS:DISTRIB_ID=Ubuntu
DISTRIB_RELEASE=18.04
DISTRIB_CODENAME=bionic
DISTRIB_DESCRIPTION="Ubuntu 18.04.3 LTS"
uname:Linux 5.3.0-42-generic #34~18.04.1-Ubuntu SMP Fri Feb 28 13:42:26 UTC 2020 x86_64
OS uptime: 0 days 2:41 hours
libc:glibc 2.27 NPTL 2.27 
rlimit: STACK 8192k, CORE 0k, NPROC 15078, NOFILE 4096, AS infinity, CPU infinity, DATA infinity, FSIZE infinity
load average:2.25 1.05 0.76

/proc/meminfo:
MemTotal:        3907988 kB
MemFree:          159972 kB
MemAvailable:     529920 kB
Buffers:           50832 kB
Cached:           842704 kB
SwapCached:        17048 kB
Active:          2547888 kB
Inactive:         858616 kB
Active(anon):    2233496 kB
Inactive(anon):   630652 kB
Active(file):     314392 kB
Inactive(file):   227964 kB
Unevictable:       25672 kB
Mlocked:             112 kB
SwapTotal:       2097148 kB
SwapFree:        1827836 kB
Dirty:              7832 kB
Writeback:             0 kB
AnonPages:       2523492 kB
Mapped:           625656 kB
Shmem:            351112 kB
KReclaimable:      64168 kB
Slab:             172864 kB
SReclaimable:      64168 kB
SUnreclaim:       108696 kB
KernelStack:       17968 kB
PageTables:        67880 kB
NFS_Unstable:          0 kB
Bounce:                0 kB
WritebackTmp:          0 kB
CommitLimit:     4051140 kB
Committed_AS:   10149584 kB
VmallocTotal:   34359738367 kB
VmallocUsed:       33336 kB
VmallocChunk:          0 kB
Percpu:             2992 kB
HardwareCorrupted:     0 kB
AnonHugePages:         0 kB
ShmemHugePages:        0 kB
ShmemPmdMapped:        0 kB
CmaTotal:              0 kB
CmaFree:               0 kB
HugePages_Total:       0
HugePages_Free:        0
HugePages_Rsvd:        0
HugePages_Surp:        0
Hugepagesize:       2048 kB
Hugetlb:               0 kB
DirectMap4k:      279612 kB
DirectMap2M:     3792896 kB


/proc/sys/kernel/threads-max (system-wide limit on the number of threads):
30157


/proc/sys/vm/max_map_count (maximum number of memory map areas a process may have):
65530


/proc/sys/kernel/pid_max (system-wide limit on number of process identifiers):
32768



container (cgroup) information:
container_type: cgroupv1
cpu_cpuset_cpus: 0-3
cpu_memory_nodes: 0
active_processor_count: 4
cpu_quota: -1
cpu_period: 100000
cpu_shares: -1
memory_limit_in_bytes: -1
memory_and_swap_limit_in_bytes: -2
memory_soft_limit_in_bytes: -1
memory_usage_in_bytes: 3306106880
memory_max_usage_in_bytes: 3393150976

Steal ticks since vm start: 0
Steal ticks percentage since vm start:  0.000

CPU:total 4 (initial active 4) (2 cores per cpu, 2 threads per core) family 6 model 42 stepping 7, cmov, cx8, fxsr, mmx, sse, sse2, sse3, ssse3, sse4.1, sse4.2, popcnt, avx, aes, clmul, ht, tsc, tscinvbit
CPU Model and flags from /proc/cpuinfo:
model name	: Intel(R) Core(TM) i5-2520M CPU @ 2.50GHz
flags		: fpu vme de pse tsc msr pae mce cx8 apic sep mtrr pge mca cmov pat pse36 clflush dts acpi mmx fxsr sse sse2 ht tm pbe syscall nx rdtscp lm constant_tsc arch_perfmon pebs bts rep_good nopl xtopology nonstop_tsc cpuid aperfmperf pni pclmulqdq dtes64 monitor ds_cpl vmx smx est tm2 ssse3 cx16 xtpr pdcm pcid sse4_1 sse4_2 x2apic popcnt tsc_deadline_timer aes xsave avx lahf_lm epb pti tpr_shadow vnmi flexpriority ept vpid xsaveopt dtherm ida arat pln pts

Memory: 4k page, physical 3907988k(159972k free), swap 2097148k(1827836k free)

vm_info: OpenJDK 64-Bit Server VM (11.0.7+10-post-Ubuntu-2ubuntu218.04) for linux-amd64 JRE (11.0.7+10-post-Ubuntu-2ubuntu218.04), built on Apr 15 2020 21:12:54 by "unknown" with gcc 7.5.0

END.
