#
# A fatal error has been detected by the Java Runtime Environment:
#
#  SIGSEGV (0xb) at pc=0x00007f18b8b9bc27, pid=12494, tid=12501
#
# JRE version: OpenJDK Runtime Environment (11.0.7+10) (build 11.0.7+10-post-Ubuntu-2ubuntu218.04)
# Java VM: OpenJDK 64-Bit Server VM (11.0.7+10-post-Ubuntu-2ubuntu218.04, mixed mode, sharing, tiered, compressed oops, g1 gc, linux-amd64)
# Problematic frame:
# C  [libtesseract.so.4+0xa1c27]  tesseract::Tesseract::recog_all_words(PAGE_RES*, ETEXT_DESC*, TBOX const*, char const*, int)+0x437
#
# Core dump will be written. Default location: Core dumps may be processed with "/usr/share/apport/apport %p %s %c %d %P %E" (or dumping to /home/nakul/eclipse-workspace/selenium/core.12494)
#
# If you would like to submit a bug report, please visit:
#   https://bugs.launchpad.net/ubuntu/+source/openjdk-lts
# The crash happened outside the Java Virtual Machine in native code.
# See problematic frame for where to report the bug.
#

---------------  S U M M A R Y ------------

Command Line: -Dfile.encoding=UTF-8 selenium.NSP

Host: Intel(R) Core(TM) i5-2520M CPU @ 2.50GHz, 4 cores, 3G, Ubuntu 18.04.3 LTS
Time: Fri May 15 08:26:07 2020 IST elapsed time: 42 seconds (0d 0h 0m 42s)

---------------  T H R E A D  ---------------

Current thread (0x00007f1910016800):  JavaThread "main" [_thread_in_native, id=12501, stack(0x00007f191a613000,0x00007f191a714000)]

Stack: [0x00007f191a613000,0x00007f191a714000],  sp=0x00007f191a711660,  free space=1017k
Native frames: (J=compiled Java code, A=aot compiled Java code, j=interpreted, Vv=VM code, C=native code)
C  [libtesseract.so.4+0xa1c27]  tesseract::Tesseract::recog_all_words(PAGE_RES*, ETEXT_DESC*, TBOX const*, char const*, int)+0x437

Java frames: (J=compiled Java code, j=interpreted, Vv=VM code)
j  com.sun.jna.Native.invokePointer(JI[Ljava/lang/Object;)J+0
j  com.sun.jna.Function.invokePointer(I[Ljava/lang/Object;)Lcom/sun/jna/Pointer;+6
j  com.sun.jna.Function.invoke([Ljava/lang/Object;Ljava/lang/Class;Z)Ljava/lang/Object;+426
j  com.sun.jna.Function.invoke(Ljava/lang/Class;[Ljava/lang/Object;Ljava/util/Map;)Ljava/lang/Object;+262
j  com.sun.jna.Library$Handler.invoke(Ljava/lang/Object;Ljava/lang/reflect/Method;[Ljava/lang/Object;)Ljava/lang/Object;+316
j  com.sun.proxy.$Proxy0.TessBaseAPIGetUTF8Text(Lnet/sourceforge/tess4j/ITessAPI$TessBaseAPI;)Lcom/sun/jna/Pointer;+16
j  net.sourceforge.tess4j.Tesseract.getOCRText(Ljava/lang/String;I)Ljava/lang/String;+62
j  net.sourceforge.tess4j.Tesseract.doOCR(Ljava/util/List;Ljava/lang/String;Ljava/awt/Rectangle;)Ljava/lang/String;+62
j  net.sourceforge.tess4j.Tesseract.doOCR(Ljava/io/File;Ljava/awt/Rectangle;)Ljava/lang/String;+10
j  net.sourceforge.tess4j.Tesseract.doOCR(Ljava/io/File;)Ljava/lang/String;+3
j  selenium.NSP.enterinput()V+145
j  selenium.NSP.main([Ljava/lang/String;)V+13
v  ~StubRoutines::call_stub

siginfo: si_signo: 11 (SIGSEGV), si_code: 1 (SEGV_MAPERR), si_addr: 0x000000000000000c

Register to memory mapping:

RAX=0x0 is NULL
RBX=0x00007f19107d8b70 points into unknown readable memory: 88 7b 00 b9 18 7f 00 00
RCX=0x0 is NULL
RDX=0x00007f19107fa768 points into unknown readable memory: 00 00 00 00 00 00 00 00
RSP=0x00007f191a711660 is pointing into the stack for thread: 0x00007f1910016800
RBP=0x00007f191a7116b0 is pointing into the stack for thread: 0x00007f1910016800
RSI=0x0 is NULL
RDI=0x00007f191a711770 is pointing into the stack for thread: 0x00007f1910016800
R8 =0x0 is NULL
R9 =0x0 is NULL
R10=0x0 is NULL
R11=0x00007f191084cc30 points into unknown readable memory: 10 00 00 00 01 00 00 00
R12=0x00007f191084d730 points into unknown readable memory: 00 00 00 00 00 00 00 00
R13=0x0 is NULL
R14=0x0 is NULL
R15=0x00007f191084d730 points into unknown readable memory: 00 00 00 00 00 00 00 00


Registers:
RAX=0x0000000000000000, RBX=0x00007f19107d8b70, RCX=0x0000000000000000, RDX=0x00007f19107fa768
RSP=0x00007f191a711660, RBP=0x00007f191a7116b0, RSI=0x0000000000000000, RDI=0x00007f191a711770
R8 =0x0000000000000000, R9 =0x0000000000000000, R10=0x0000000000000000, R11=0x00007f191084cc30
R12=0x00007f191084d730, R13=0x0000000000000000, R14=0x0000000000000000, R15=0x00007f191084d730
RIP=0x00007f18b8b9bc27, EFLAGS=0x0000000000010246, CSGSFS=0x002b000000000033, ERR=0x0000000000000004
  TRAPNO=0x000000000000000e

Top of Stack: (sp=0x00007f191a711660)
0x00007f191a711660:   0000000000000000 0000000000000000
0x00007f191a711670:   0000000000000000 00007f191084be20
0x00007f191a711680:   00007f191084b9b0 00007f1910852ce0
0x00007f191a711690:   0000000000000001 00007f191a7116c0 

Instructions: (pc=0x00007f18b8b9bc27)
0x00007f18b8b9bb27:   89 e6 48 89 df e8 af 87 ff ff 4c 89 e6 48 89 df
0x00007f18b8b9bb37:   e8 b4 8b ff ff 4c 89 e6 48 89 df e8 f9 72 ff ff
0x00007f18b8b9bb47:   4c 89 e6 48 89 df e8 7e 74 ff ff e9 a9 fd ff ff
0x00007f18b8b9bb57:   66 0f 1f 84 00 00 00 00 00 48 8b 40 10 7e 2a 8b
0x00007f18b8b9bb67:   38 85 ff 75 4c 48 83 c0 04 83 ea 01 48 8d 14 90
0x00007f18b8b9bb77:   eb 12 0f 1f 80 00 00 00 00 48 83 c0 04 8b 70 fc
0x00007f18b8b9bb87:   85 f6 75 2d 48 39 c2 75 f0 48 85 c9 74 1b 8b 41
0x00007f18b8b9bb97:   10 8d 50 ff 83 fa 02 76 10 83 e8 05 83 f8 03 77
0x00007f18b8b9bba7:   10 0f 1f 84 00 00 00 00 00 48 89 ef e8 e8 2d 19
0x00007f18b8b9bbb7:   00 31 d2 31 f6 48 89 ef e8 2c f6 18 00 48 8b 44
0x00007f18b8b9bbc7:   24 70 48 85 c0 0f 84 8e fd ff ff 48 8b 94 24 80
0x00007f18b8b9bbd7:   00 00 00 31 c9 48 8b 52 08 48 85 d2 74 04 48 8b
0x00007f18b8b9bbe7:   4a 08 48 8b 80 e8 00 00 00 48 85 c0 74 bb 8b 50
0x00007f18b8b9bbf7:   34 83 fa 00 74 b3 e9 5e ff ff ff 66 0f 1f 44 00
0x00007f18b8b9bc07:   00 31 f6 48 89 ef e8 ce f9 18 00 8b 83 a0 15 00
0x00007f18b8b9bc17:   00 85 c0 0f 8f c0 00 00 00 48 8b 83 40 0a 00 00
0x00007f18b8b9bc27:   80 78 0c 00 0f 85 a7 02 00 00 8b 83 58 47 02 00
0x00007f18b8b9bc37:   85 c0 0f 8e b1 00 00 00 31 d2 45 31 ff eb 2c 66
0x00007f18b8b9bc47:   2e 0f 1f 84 00 00 00 00 00 48 8b 8f 40 0a 00 00
0x00007f18b8b9bc57:   80 79 0c 00 0f 85 ff 01 00 00 41 83 c7 01 48 83
0x00007f18b8b9bc67:   c2 08 44 3b bb 58 47 02 00 7d 7e 48 8b 8b 60 47
0x00007f18b8b9bc77:   02 00 48 8b 3c 11 8b 87 a0 15 00 00 85 c0 7e c9
0x00007f18b8b9bc87:   48 89 54 24 10 e8 8f 46 0f 00 48 8b 54 24 10 eb
0x00007f18b8b9bc97:   c9 0f 1f 84 00 00 00 00 00 80 bb 72 30 02 00 00
0x00007f18b8b9bca7:   0f 85 73 fc ff ff 8b b3 04 1d 02 00 4c 89 e2 4c
0x00007f18b8b9bcb7:   89 ff e8 32 d4 0b 00 31 f6 48 89 ef e8 18 f9 18
0x00007f18b8b9bcc7:   00 48 8b 44 24 70 48 85 c0 0f 85 fc fe ff ff e9
0x00007f18b8b9bcd7:   94 fc ff ff 0f 1f 44 00 00 48 89 df e8 38 46 0f
0x00007f18b8b9bce7:   00 e9 44 ff ff ff 0f 1f 00 4c 8d 7c 24 30 be 04
0x00007f18b8b9bcf7:   00 00 00 48 c7 44 24 30 00 00 00 00 48 c7 44 24
0x00007f18b8b9bd07:   38 00 00 00 00 48 c7 44 24 40 00 00 00 00 4c 89
0x00007f18b8b9bd17:   ff 48 c7 44 24 48 00 00 00 00 e8 3a 19 00 00 48 


Stack slot to memory mapping:
stack at sp + 0 slots: 0x0 is NULL
stack at sp + 1 slots: 0x0 is NULL
stack at sp + 2 slots: 0x0 is NULL
stack at sp + 3 slots: 0x00007f191084be20 points into unknown readable memory: 20 be 84 10 19 7f 00 00
stack at sp + 4 slots: 0x00007f191084b9b0 points into unknown readable memory: b0 b9 84 10 19 7f 00 00
stack at sp + 5 slots: 0x00007f1910852ce0 points into unknown readable memory: e0 2c 85 10 19 7f 00 00
stack at sp + 6 slots: 0x0000000000000001 is an unknown value
stack at sp + 7 slots: 0x00007f191a7116c0 is pointing into the stack for thread: 0x00007f1910016800


---------------  P R O C E S S  ---------------

Threads class SMR info:
_java_thread_list=0x00007f19103fd480, length=17, elements={
0x00007f1910016800, 0x00007f19100be000, 0x00007f19100c8000, 0x00007f19100cd800,
0x00007f19100d0000, 0x00007f19100d2000, 0x00007f19100d4000, 0x00007f1910103000,
0x00007f1910107800, 0x00007f19103f3000, 0x00007f18ac00c800, 0x00007f18ac010800,
0x00007f18ac011000, 0x00007f1910475000, 0x00007f19104d7000, 0x00007f19104da000,
0x00007f19103fc000
}

Java Threads: ( => current thread )
=>0x00007f1910016800 JavaThread "main" [_thread_in_native, id=12501, stack(0x00007f191a613000,0x00007f191a714000)]
  0x00007f19100be000 JavaThread "Reference Handler" daemon [_thread_blocked, id=12508, stack(0x00007f1914283000,0x00007f1914384000)]
  0x00007f19100c8000 JavaThread "Finalizer" daemon [_thread_blocked, id=12509, stack(0x00007f1914182000,0x00007f1914283000)]
  0x00007f19100cd800 JavaThread "Signal Dispatcher" daemon [_thread_blocked, id=12510, stack(0x00007f1914081000,0x00007f1914182000)]
  0x00007f19100d0000 JavaThread "C2 CompilerThread0" daemon [_thread_blocked, id=12511, stack(0x00007f18f800c000,0x00007f18f810d000)]
  0x00007f19100d2000 JavaThread "C1 CompilerThread0" daemon [_thread_blocked, id=12512, stack(0x00007f18f0640000,0x00007f18f0741000)]
  0x00007f19100d4000 JavaThread "Sweeper thread" daemon [_thread_blocked, id=12513, stack(0x00007f18f053f000,0x00007f18f0640000)]
  0x00007f1910103000 JavaThread "Service Thread" daemon [_thread_blocked, id=12514, stack(0x00007f18f043e000,0x00007f18f053f000)]
  0x00007f1910107800 JavaThread "Common-Cleaner" daemon [_thread_blocked, id=12516, stack(0x00007f18f023b000,0x00007f18f033c000)]
  0x00007f19103f3000 JavaThread "Exec Default Executor" daemon [_thread_blocked, id=12521, stack(0x00007f18bb6b2000,0x00007f18bb7b3000)]
  0x00007f18ac00c800 JavaThread "process reaper" daemon [_thread_in_native, id=12523, stack(0x00007f191405f000,0x00007f1914081000)]
  0x00007f18ac010800 JavaThread "Exec Stream Pumper" daemon [_thread_in_native, id=12524, stack(0x00007f18bb5b1000,0x00007f18bb6b2000)]
  0x00007f18ac011000 JavaThread "Exec Stream Pumper" daemon [_thread_in_native, id=12525, stack(0x00007f18bb4b0000,0x00007f18bb5b1000)]
  0x00007f1910475000 JavaThread "ForkJoinPool.commonPool-worker-3" daemon [_thread_blocked, id=12533, stack(0x00007f18bb3af000,0x00007f18bb4b0000)]
  0x00007f19104d7000 JavaThread "OkHttp ConnectionPool" daemon [_thread_blocked, id=12534, stack(0x00007f18bb0ae000,0x00007f18bb1af000)]
  0x00007f19104da000 JavaThread "Okio Watchdog" daemon [_thread_blocked, id=12535, stack(0x00007f18bafad000,0x00007f18bb0ae000)]
  0x00007f19103fc000 JavaThread "Java2D Disposer" daemon [_thread_blocked, id=12861, stack(0x00007f18b93c8000,0x00007f18b94c9000)]

Other Threads:
  0x00007f19100bb000 VMThread "VM Thread" [stack: 0x00007f1914386000,0x00007f1914486000] [id=12507]
  0x00007f1910105000 WatcherThread [stack: 0x00007f18f033e000,0x00007f18f043e000] [id=12515]
  0x00007f191002f000 GCTaskThread "GC Thread#0" [stack: 0x00007f19165fe000,0x00007f19166fe000] [id=12502]
  0x00007f18e0001000 GCTaskThread "GC Thread#1" [stack: 0x00007f18bb8b7000,0x00007f18bb9b7000] [id=12519]
  0x00007f1910049800 ConcurrentGCThread "G1 Main Marker" [stack: 0x00007f1914c6e000,0x00007f1914d6e000] [id=12503]
  0x00007f191004b800 ConcurrentGCThread "G1 Conc#0" [stack: 0x00007f1914b6c000,0x00007f1914c6c000] [id=12504]
  0x00007f191008d000 ConcurrentGCThread "G1 Refine#0" [stack: 0x00007f1914666000,0x00007f1914766000] [id=12505]
  0x00007f18e8001000 ConcurrentGCThread "G1 Refine#1" [stack: 0x00007f18bb7b5000,0x00007f18bb8b5000] [id=12520]
  0x00007f191008f000 ConcurrentGCThread "G1 Young RemSet Sampling" [stack: 0x00007f1914564000,0x00007f1914664000] [id=12506]

Threads with active compile tasks:

VM state:not at safepoint (normal execution)

VM Mutex/Monitor currently owned by a thread: None

Heap address: 0x00000000c4400000, size: 956 MB, Compressed Oops mode: 32-bit
Narrow klass base: 0x0000000800000000, Narrow klass shift: 3
Compressed class space size: 1073741824 Address: 0x0000000840000000

Heap:
 garbage-first heap   total 63488K, used 12163K [0x00000000c4400000, 0x0000000100000000)
  region size 1024K, 9 young (9216K), 3 survivors (3072K)
 Metaspace       used 14531K, capacity 15154K, committed 15360K, reserved 1062912K
  class space    used 1790K, capacity 2020K, committed 2048K, reserved 1048576K
Heap Regions: E=young(eden), S=young(survivor), O=old, HS=humongous(starts), HC=humongous(continues), CS=collection set, F=free, A=archive, TAMS=top-at-mark-start (previous, next)
|   0|0x00000000c4400000, 0x00000000c4500000, 0x00000000c4500000|100%| O|  |TAMS 0x00000000c4400000, 0x00000000c4400000| Untracked 
|   1|0x00000000c4500000, 0x00000000c4600000, 0x00000000c4600000|100%| O|  |TAMS 0x00000000c4500000, 0x00000000c4500000| Untracked 
|   2|0x00000000c4600000, 0x00000000c4700000, 0x00000000c4700000|100%| O|  |TAMS 0x00000000c4600000, 0x00000000c4600000| Untracked 
|   3|0x00000000c4700000, 0x00000000c47fa800, 0x00000000c4800000| 97%| O|  |TAMS 0x00000000c4700000, 0x00000000c4700000| Untracked 
|   4|0x00000000c4800000, 0x00000000c4800000, 0x00000000c4900000|  0%| F|  |TAMS 0x00000000c4800000, 0x00000000c4800000| Untracked 
|   5|0x00000000c4900000, 0x00000000c4900000, 0x00000000c4a00000|  0%| F|  |TAMS 0x00000000c4900000, 0x00000000c4900000| Untracked 
|   6|0x00000000c4a00000, 0x00000000c4a00000, 0x00000000c4b00000|  0%| F|  |TAMS 0x00000000c4a00000, 0x00000000c4a00000| Untracked 
|   7|0x00000000c4b00000, 0x00000000c4b00000, 0x00000000c4c00000|  0%| F|  |TAMS 0x00000000c4b00000, 0x00000000c4b00000| Untracked 
|   8|0x00000000c4c00000, 0x00000000c4c00000, 0x00000000c4d00000|  0%| F|  |TAMS 0x00000000c4c00000, 0x00000000c4c00000| Untracked 
|   9|0x00000000c4d00000, 0x00000000c4d00000, 0x00000000c4e00000|  0%| F|  |TAMS 0x00000000c4d00000, 0x00000000c4d00000| Untracked 
|  10|0x00000000c4e00000, 0x00000000c4e00000, 0x00000000c4f00000|  0%| F|  |TAMS 0x00000000c4e00000, 0x00000000c4e00000| Untracked 
|  11|0x00000000c4f00000, 0x00000000c4f00000, 0x00000000c5000000|  0%| F|  |TAMS 0x00000000c4f00000, 0x00000000c4f00000| Untracked 
|  12|0x00000000c5000000, 0x00000000c5000000, 0x00000000c5100000|  0%| F|  |TAMS 0x00000000c5000000, 0x00000000c5000000| Untracked 
|  13|0x00000000c5100000, 0x00000000c5100000, 0x00000000c5200000|  0%| F|  |TAMS 0x00000000c5100000, 0x00000000c5100000| Untracked 
|  14|0x00000000c5200000, 0x00000000c5200000, 0x00000000c5300000|  0%| F|  |TAMS 0x00000000c5200000, 0x00000000c5200000| Untracked 
|  15|0x00000000c5300000, 0x00000000c5300000, 0x00000000c5400000|  0%| F|  |TAMS 0x00000000c5300000, 0x00000000c5300000| Untracked 
|  16|0x00000000c5400000, 0x00000000c5400000, 0x00000000c5500000|  0%| F|  |TAMS 0x00000000c5400000, 0x00000000c5400000| Untracked 
|  17|0x00000000c5500000, 0x00000000c5500000, 0x00000000c5600000|  0%| F|  |TAMS 0x00000000c5500000, 0x00000000c5500000| Untracked 
|  18|0x00000000c5600000, 0x00000000c5600000, 0x00000000c5700000|  0%| F|  |TAMS 0x00000000c5600000, 0x00000000c5600000| Untracked 
|  19|0x00000000c5700000, 0x00000000c5700000, 0x00000000c5800000|  0%| F|  |TAMS 0x00000000c5700000, 0x00000000c5700000| Untracked 
|  20|0x00000000c5800000, 0x00000000c5800000, 0x00000000c5900000|  0%| F|  |TAMS 0x00000000c5800000, 0x00000000c5800000| Untracked 
|  21|0x00000000c5900000, 0x00000000c5900000, 0x00000000c5a00000|  0%| F|  |TAMS 0x00000000c5900000, 0x00000000c5900000| Untracked 
|  22|0x00000000c5a00000, 0x00000000c5a00000, 0x00000000c5b00000|  0%| F|  |TAMS 0x00000000c5a00000, 0x00000000c5a00000| Untracked 
|  23|0x00000000c5b00000, 0x00000000c5b00000, 0x00000000c5c00000|  0%| F|  |TAMS 0x00000000c5b00000, 0x00000000c5b00000| Untracked 
|  24|0x00000000c5c00000, 0x00000000c5c00000, 0x00000000c5d00000|  0%| F|  |TAMS 0x00000000c5c00000, 0x00000000c5c00000| Untracked 
|  25|0x00000000c5d00000, 0x00000000c5d00000, 0x00000000c5e00000|  0%| F|  |TAMS 0x00000000c5d00000, 0x00000000c5d00000| Untracked 
|  26|0x00000000c5e00000, 0x00000000c5e00000, 0x00000000c5f00000|  0%| F|  |TAMS 0x00000000c5e00000, 0x00000000c5e00000| Untracked 
|  27|0x00000000c5f00000, 0x00000000c5f00000, 0x00000000c6000000|  0%| F|  |TAMS 0x00000000c5f00000, 0x00000000c5f00000| Untracked 
|  28|0x00000000c6000000, 0x00000000c6000000, 0x00000000c6100000|  0%| F|  |TAMS 0x00000000c6000000, 0x00000000c6000000| Untracked 
|  29|0x00000000c6100000, 0x00000000c6100000, 0x00000000c6200000|  0%| F|  |TAMS 0x00000000c6100000, 0x00000000c6100000| Untracked 
|  30|0x00000000c6200000, 0x00000000c6200000, 0x00000000c6300000|  0%| F|  |TAMS 0x00000000c6200000, 0x00000000c6200000| Untracked 
|  31|0x00000000c6300000, 0x00000000c6300000, 0x00000000c6400000|  0%| F|  |TAMS 0x00000000c6300000, 0x00000000c6300000| Untracked 
|  32|0x00000000c6400000, 0x00000000c6400000, 0x00000000c6500000|  0%| F|  |TAMS 0x00000000c6400000, 0x00000000c6400000| Untracked 
|  33|0x00000000c6500000, 0x00000000c6500000, 0x00000000c6600000|  0%| F|  |TAMS 0x00000000c6500000, 0x00000000c6500000| Untracked 
|  34|0x00000000c6600000, 0x00000000c6600000, 0x00000000c6700000|  0%| F|  |TAMS 0x00000000c6600000, 0x00000000c6600000| Untracked 
|  35|0x00000000c6700000, 0x00000000c6700000, 0x00000000c6800000|  0%| F|  |TAMS 0x00000000c6700000, 0x00000000c6700000| Untracked 
|  36|0x00000000c6800000, 0x00000000c6835740, 0x00000000c6900000| 20%| S|CS|TAMS 0x00000000c6800000, 0x00000000c6800000| Complete 
|  37|0x00000000c6900000, 0x00000000c6a00000, 0x00000000c6a00000|100%| S|CS|TAMS 0x00000000c6900000, 0x00000000c6900000| Complete 
|  38|0x00000000c6a00000, 0x00000000c6b00000, 0x00000000c6b00000|100%| S|CS|TAMS 0x00000000c6a00000, 0x00000000c6a00000| Complete 
|  39|0x00000000c6b00000, 0x00000000c6b00000, 0x00000000c6c00000|  0%| F|  |TAMS 0x00000000c6b00000, 0x00000000c6b00000| Untracked 
|  40|0x00000000c6c00000, 0x00000000c6c00000, 0x00000000c6d00000|  0%| F|  |TAMS 0x00000000c6c00000, 0x00000000c6c00000| Untracked 
|  41|0x00000000c6d00000, 0x00000000c6d00000, 0x00000000c6e00000|  0%| F|  |TAMS 0x00000000c6d00000, 0x00000000c6d00000| Untracked 
|  42|0x00000000c6e00000, 0x00000000c6e00000, 0x00000000c6f00000|  0%| F|  |TAMS 0x00000000c6e00000, 0x00000000c6e00000| Untracked 
|  43|0x00000000c6f00000, 0x00000000c6f00000, 0x00000000c7000000|  0%| F|  |TAMS 0x00000000c6f00000, 0x00000000c6f00000| Untracked 
|  44|0x00000000c7000000, 0x00000000c7000000, 0x00000000c7100000|  0%| F|  |TAMS 0x00000000c7000000, 0x00000000c7000000| Untracked 
|  45|0x00000000c7100000, 0x00000000c7100000, 0x00000000c7200000|  0%| F|  |TAMS 0x00000000c7100000, 0x00000000c7100000| Untracked 
|  46|0x00000000c7200000, 0x00000000c7200000, 0x00000000c7300000|  0%| F|  |TAMS 0x00000000c7200000, 0x00000000c7200000| Untracked 
|  47|0x00000000c7300000, 0x00000000c7300000, 0x00000000c7400000|  0%| F|  |TAMS 0x00000000c7300000, 0x00000000c7300000| Untracked 
|  48|0x00000000c7400000, 0x00000000c7400000, 0x00000000c7500000|  0%| F|  |TAMS 0x00000000c7400000, 0x00000000c7400000| Untracked 
|  49|0x00000000c7500000, 0x00000000c7500000, 0x00000000c7600000|  0%| F|  |TAMS 0x00000000c7500000, 0x00000000c7500000| Untracked 
|  50|0x00000000c7600000, 0x00000000c7600000, 0x00000000c7700000|  0%| F|  |TAMS 0x00000000c7600000, 0x00000000c7600000| Untracked 
|  51|0x00000000c7700000, 0x00000000c7700000, 0x00000000c7800000|  0%| F|  |TAMS 0x00000000c7700000, 0x00000000c7700000| Untracked 
|  52|0x00000000c7800000, 0x00000000c7800000, 0x00000000c7900000|  0%| F|  |TAMS 0x00000000c7800000, 0x00000000c7800000| Untracked 
|  53|0x00000000c7900000, 0x00000000c7900000, 0x00000000c7a00000|  0%| F|  |TAMS 0x00000000c7900000, 0x00000000c7900000| Untracked 
|  54|0x00000000c7a00000, 0x00000000c7ae6000, 0x00000000c7b00000| 89%| E|  |TAMS 0x00000000c7a00000, 0x00000000c7a00000| Complete 
|  55|0x00000000c7b00000, 0x00000000c7c00000, 0x00000000c7c00000|100%| E|CS|TAMS 0x00000000c7b00000, 0x00000000c7b00000| Complete 
|  56|0x00000000c7c00000, 0x00000000c7d00000, 0x00000000c7d00000|100%| E|CS|TAMS 0x00000000c7c00000, 0x00000000c7c00000| Complete 
|  57|0x00000000c7d00000, 0x00000000c7e00000, 0x00000000c7e00000|100%| E|CS|TAMS 0x00000000c7d00000, 0x00000000c7d00000| Complete 
|  58|0x00000000c7e00000, 0x00000000c7f00000, 0x00000000c7f00000|100%| E|CS|TAMS 0x00000000c7e00000, 0x00000000c7e00000| Complete 
|  59|0x00000000c7f00000, 0x00000000c8000000, 0x00000000c8000000|100%| E|CS|TAMS 0x00000000c7f00000, 0x00000000c7f00000| Complete 
| 954|0x00000000ffe00000, 0x00000000ffe47000, 0x00000000fff00000| 27%|OA|  |TAMS 0x00000000ffe00000, 0x00000000ffe00000| Untracked 
| 955|0x00000000fff00000, 0x00000000fff6a000, 0x0000000100000000| 41%|CA|  |TAMS 0x00000000fff00000, 0x00000000fff00000| Untracked 

Card table byte_map: [0x00007f1915e3c000,0x00007f191601a000] _byte_map_base: 0x00007f191581a000

Marking Bits (Prev, Next): (CMBitMap*) 0x00007f1910045008, (CMBitMap*) 0x00007f1910045040
 Prev Bits: [0x00007f1914d6e000, 0x00007f1915c5e000)
 Next Bits: [0x00007f18f3110000, 0x00007f18f4000000)

Polling page: 0x00007f191a733000

Metaspace:

Usage:
  Non-class:     12.83 MB capacity,    12.44 MB ( 97%) used,   339.80 KB (  3%) free+waste,    53.44 KB ( <1%) overhead. 
      Class:      1.97 MB capacity,     1.75 MB ( 89%) used,   201.34 KB ( 10%) free+waste,    27.94 KB (  1%) overhead. 
       Both:     14.80 MB capacity,    14.19 MB ( 96%) used,   541.13 KB (  4%) free+waste,    81.38 KB ( <1%) overhead. 

Virtual space:
  Non-class space:       14.00 MB reserved,      13.00 MB ( 93%) committed 
      Class space:        1.00 GB reserved,       2.00 MB ( <1%) committed 
             Both:        1.01 GB reserved,      15.00 MB (  1%) committed 

Chunk freelists:
   Non-Class:  58.00 KB
       Class:  28.00 KB
        Both:  86.00 KB

MaxMetaspaceSize: unlimited
CompressedClassSpaceSize: 1.00 GB

CodeHeap 'non-profiled nmethods': size=120032Kb used=682Kb max_used=682Kb free=119349Kb
 bounds [0x00007f19003d5000, 0x00007f1900645000, 0x00007f190790d000]
CodeHeap 'profiled nmethods': size=120032Kb used=4173Kb max_used=4173Kb free=115858Kb
 bounds [0x00007f18f8e9d000, 0x00007f18f92bd000, 0x00007f19003d5000]
CodeHeap 'non-nmethods': size=5696Kb used=1168Kb max_used=1184Kb free=4527Kb
 bounds [0x00007f18f890d000, 0x00007f18f8b7d000, 0x00007f18f8e9d000]
 total_blobs=2909 nmethods=1948 adapters=426
 compilation: enabled
              stopped_count=0, restarted_count=0
 full_count=0

Compilation events (20 events):
Event: 42.558 Thread 0x00007f19100d2000 nmethod 1939 0x00007f18f92ad390 code [0x00007f18f92ad560, 0x00007f18f92ad7f0]
Event: 42.558 Thread 0x00007f19100d2000 1940       3       java.lang.Integer::compare (20 bytes)
Event: 42.558 Thread 0x00007f19100d2000 nmethod 1940 0x00007f18f92ad910 code [0x00007f18f92adac0, 0x00007f18f92adcb0]
Event: 42.574 Thread 0x00007f19100d2000 1941  s    3       java.util.Vector::elementAt (48 bytes)
Event: 42.575 Thread 0x00007f19100d2000 nmethod 1941 0x00007f18f92add10 code [0x00007f18f92adfa0, 0x00007f18f92aec28]
Event: 42.576 Thread 0x00007f19100d0000 nmethod 1937 0x00007f190047df10 code [0x00007f190047e0e0, 0x00007f190047ed38]
Event: 42.576 Thread 0x00007f19100d2000 1942       3       javax.imageio.stream.ImageInputStreamImpl::checkClosed (18 bytes)
Event: 42.577 Thread 0x00007f19100d2000 nmethod 1942 0x00007f18f92af010 code [0x00007f18f92af1e0, 0x00007f18f92af468]
Event: 42.596 Thread 0x00007f19100d2000 1943       3       java.util.TreeMap::rotateLeft (96 bytes)
Event: 42.596 Thread 0x00007f19100d2000 nmethod 1943 0x00007f18f92af510 code [0x00007f18f92af700, 0x00007f18f92afc90]
Event: 42.606 Thread 0x00007f19100d2000 1944       1       javax.imageio.plugins.tiff.TIFFTag::getNumber (5 bytes)
Event: 42.606 Thread 0x00007f19100d2000 nmethod 1944 0x00007f190047f090 code [0x00007f190047f240, 0x00007f190047f370]
Event: 42.606 Thread 0x00007f19100d2000 1945       1       javax.imageio.plugins.tiff.TIFFTag::getName (5 bytes)
Event: 42.606 Thread 0x00007f19100d2000 nmethod 1945 0x00007f190047f410 code [0x00007f190047f5c0, 0x00007f190047f6f0]
Event: 42.617 Thread 0x00007f19100d2000 1946       1       java.awt.image.SampleModel::getNumBands (5 bytes)
Event: 42.617 Thread 0x00007f19100d2000 nmethod 1946 0x00007f190047f790 code [0x00007f190047f940, 0x00007f190047fa70]
Event: 42.630 Thread 0x00007f19100d2000 1947       3       java.lang.Math::max (12 bytes)
Event: 42.630 Thread 0x00007f19100d2000 nmethod 1947 0x00007f18f92afd90 code [0x00007f18f92aff40, 0x00007f18f92b00d0]
Event: 42.631 Thread 0x00007f19100d2000 1948       3       java.lang.Math::min (12 bytes)
Event: 42.631 Thread 0x00007f19100d2000 nmethod 1948 0x00007f18f92b0190 code [0x00007f18f92b0340, 0x00007f18f92b04d0]

GC Heap History (6 events):
Event: 3.268 GC heap before
{Heap before GC invocations=0 (full 0):
 garbage-first heap   total 63488K, used 15044K [0x00000000c4400000, 0x0000000100000000)
  region size 1024K, 14 young (14336K), 0 survivors (0K)
 Metaspace       used 5121K, capacity 5982K, committed 6144K, reserved 1056768K
  class space    used 572K, capacity 651K, committed 768K, reserved 1048576K
}
Event: 3.287 GC heap after
{Heap after GC invocations=1 (full 0):
 garbage-first heap   total 63488K, used 4591K [0x00000000c4400000, 0x0000000100000000)
  region size 1024K, 2 young (2048K), 2 survivors (2048K)
 Metaspace       used 5121K, capacity 5982K, committed 6144K, reserved 1056768K
  class space    used 572K, capacity 651K, committed 768K, reserved 1048576K
}
Event: 3.695 GC heap before
{Heap before GC invocations=1 (full 0):
 garbage-first heap   total 63488K, used 9711K [0x00000000c4400000, 0x0000000100000000)
  region size 1024K, 7 young (7168K), 2 survivors (2048K)
 Metaspace       used 6495K, capacity 6689K, committed 7040K, reserved 1056768K
  class space    used 734K, capacity 803K, committed 896K, reserved 1048576K
}
Event: 3.706 GC heap after
{Heap after GC invocations=2 (full 0):
 garbage-first heap   total 63488K, used 5300K [0x00000000c4400000, 0x0000000100000000)
  region size 1024K, 1 young (1024K), 1 survivors (1024K)
 Metaspace       used 6495K, capacity 6689K, committed 7040K, reserved 1056768K
  class space    used 734K, capacity 803K, committed 896K, reserved 1048576K
}
Event: 40.309 GC heap before
{Heap before GC invocations=2 (full 0):
 garbage-first heap   total 63488K, used 24756K [0x00000000c4400000, 0x0000000100000000)
  region size 1024K, 21 young (21504K), 1 survivors (1024K)
 Metaspace       used 12089K, capacity 12666K, committed 12928K, reserved 1060864K
  class space    used 1451K, capacity 1661K, committed 1664K, reserved 1048576K
}
Event: 40.321 GC heap after
{Heap after GC invocations=3 (full 0):
 garbage-first heap   total 63488K, used 7043K [0x00000000c4400000, 0x0000000100000000)
  region size 1024K, 3 young (3072K), 3 survivors (3072K)
 Metaspace       used 12089K, capacity 12666K, committed 12928K, reserved 1060864K
  class space    used 1451K, capacity 1661K, committed 1664K, reserved 1048576K
}

Deoptimization events (20 events):
Event: 42.350 Thread 0x00007f1910016800 Uncommon trap: trap_request=0xffffffde fr.pc=0x00007f1900412164 relative=0x0000000000000d44
Event: 42.350 Thread 0x00007f1910016800 Uncommon trap: reason=class_check action=maybe_recompile pc=0x00007f1900412164 method=java.util.HashMap.putVal(ILjava/lang/Object;Ljava/lang/Object;ZZ)Ljava/lang/Object; @ 91 c2
Event: 42.350 Thread 0x00007f1910016800 DEOPT PACKING pc=0x00007f1900412164 sp=0x00007f191a711590
Event: 42.350 Thread 0x00007f1910016800 DEOPT UNPACKING pc=0x00007f18f89359a5 sp=0x00007f191a711530 mode 2
Event: 42.351 Thread 0x00007f1910016800 Uncommon trap: trap_request=0xffffffde fr.pc=0x00007f1900412164 relative=0x0000000000000d44
Event: 42.351 Thread 0x00007f1910016800 Uncommon trap: reason=class_check action=maybe_recompile pc=0x00007f1900412164 method=java.util.HashMap.putVal(ILjava/lang/Object;Ljava/lang/Object;ZZ)Ljava/lang/Object; @ 91 c2
Event: 42.351 Thread 0x00007f1910016800 DEOPT PACKING pc=0x00007f1900412164 sp=0x00007f191a711580
Event: 42.351 Thread 0x00007f1910016800 DEOPT UNPACKING pc=0x00007f18f89359a5 sp=0x00007f191a711520 mode 2
Event: 42.351 Thread 0x00007f1910016800 Uncommon trap: trap_request=0xffffffde fr.pc=0x00007f1900412164 relative=0x0000000000000d44
Event: 42.351 Thread 0x00007f1910016800 Uncommon trap: reason=class_check action=maybe_recompile pc=0x00007f1900412164 method=java.util.HashMap.putVal(ILjava/lang/Object;Ljava/lang/Object;ZZ)Ljava/lang/Object; @ 91 c2
Event: 42.351 Thread 0x00007f1910016800 DEOPT PACKING pc=0x00007f1900412164 sp=0x00007f191a7115a0
Event: 42.351 Thread 0x00007f1910016800 DEOPT UNPACKING pc=0x00007f18f89359a5 sp=0x00007f191a711540 mode 2
Event: 42.351 Thread 0x00007f1910016800 Uncommon trap: trap_request=0xffffffde fr.pc=0x00007f1900412164 relative=0x0000000000000d44
Event: 42.351 Thread 0x00007f1910016800 Uncommon trap: reason=class_check action=maybe_recompile pc=0x00007f1900412164 method=java.util.HashMap.putVal(ILjava/lang/Object;Ljava/lang/Object;ZZ)Ljava/lang/Object; @ 91 c2
Event: 42.351 Thread 0x00007f1910016800 DEOPT PACKING pc=0x00007f1900412164 sp=0x00007f191a7115a0
Event: 42.351 Thread 0x00007f1910016800 DEOPT UNPACKING pc=0x00007f18f89359a5 sp=0x00007f191a711540 mode 2
Event: 42.360 Thread 0x00007f1910016800 Uncommon trap: trap_request=0xffffff4d fr.pc=0x00007f1900477ac8 relative=0x0000000000000188
Event: 42.360 Thread 0x00007f1910016800 Uncommon trap: reason=unstable_if action=reinterpret pc=0x00007f1900477ac8 method=java.util.HashMap.getNode(ILjava/lang/Object;)Ljava/util/HashMap$Node; @ 129 c2
Event: 42.360 Thread 0x00007f1910016800 DEOPT PACKING pc=0x00007f1900477ac8 sp=0x00007f191a711560
Event: 42.360 Thread 0x00007f1910016800 DEOPT UNPACKING pc=0x00007f18f89359a5 sp=0x00007f191a711480 mode 2

Classes redefined (0 events):
No events

Internal exceptions (20 events):
Event: 34.032 Thread 0x00007f1910016800 Exception <a 'java/net/SocketTimeoutException'{0x00000000c72d07c8}: Read timed out> (0x00000000c72d07c8) thrown at [./src/hotspot/share/prims/jni.cpp, line 636]
Event: 34.226 Thread 0x00007f1910016800 Exception <a 'java/net/SocketTimeoutException'{0x00000000c71f0720}: Read timed out> (0x00000000c71f0720) thrown at [./src/hotspot/share/prims/jni.cpp, line 636]
Event: 34.243 Thread 0x00007f1910016800 Exception <a 'java/net/SocketTimeoutException'{0x00000000c7007240}: Read timed out> (0x00000000c7007240) thrown at [./src/hotspot/share/prims/jni.cpp, line 636]
Event: 34.271 Thread 0x00007f1910016800 Exception <a 'java/net/SocketTimeoutException'{0x00000000c7050c90}: Read timed out> (0x00000000c7050c90) thrown at [./src/hotspot/share/prims/jni.cpp, line 636]
Event: 34.497 Thread 0x00007f1910016800 Exception <a 'java/net/SocketTimeoutException'{0x00000000c7061728}: Read timed out> (0x00000000c7061728) thrown at [./src/hotspot/share/prims/jni.cpp, line 636]
Event: 34.512 Thread 0x00007f1910016800 Exception <a 'java/net/SocketTimeoutException'{0x00000000c708d958}: Read timed out> (0x00000000c708d958) thrown at [./src/hotspot/share/prims/jni.cpp, line 636]
Event: 34.539 Thread 0x00007f1910016800 Exception <a 'java/net/SocketTimeoutException'{0x00000000c709e168}: Read timed out> (0x00000000c709e168) thrown at [./src/hotspot/share/prims/jni.cpp, line 636]
Event: 34.551 Thread 0x00007f1910016800 Exception <a 'java/net/SocketTimeoutException'{0x00000000c70b7eb0}: Read timed out> (0x00000000c70b7eb0) thrown at [./src/hotspot/share/prims/jni.cpp, line 636]
Event: 34.585 Thread 0x00007f1910016800 Exception <a 'java/net/SocketTimeoutException'{0x00000000c70c98e0}: Read timed out> (0x00000000c70c98e0) thrown at [./src/hotspot/share/prims/jni.cpp, line 636]
Event: 35.709 Thread 0x00007f1910016800 Exception <a 'java/lang/ClassNotFoundException'{0x00000000c6e82d48}: javax/smartcardio/CardPermission> (0x00000000c6e82d48) thrown at [./src/hotspot/share/classfile/systemDictionary.cpp, line 231]
Event: 35.797 Thread 0x00007f1910016800 Exception <a 'java/io/FileNotFoundException'{0x00000000c6e8fc60}> (0x00000000c6e8fc60) thrown at [./src/hotspot/share/prims/jni.cpp, line 615]
Event: 36.900 Thread 0x00007f1910016800 Exception <a 'java/lang/ClassNotFoundException'{0x00000000c6def380}: sun/awt/resources/spi/awtProvider> (0x00000000c6def380) thrown at [./src/hotspot/share/classfile/systemDictionary.cpp, line 231]
Event: 37.885 Thread 0x00007f1910016800 Exception <a 'java/io/FileNotFoundException'{0x00000000c6c347a0}> (0x00000000c6c347a0) thrown at [./src/hotspot/share/prims/jni.cpp, line 615]
Event: 37.895 Thread 0x00007f1910016800 Exception <a 'java/lang/NoSuchMethodError'{0x00000000c6c8f300}: 'java.lang.Object java.lang.invoke.DirectMethodHandle$Holder.invokeStatic(java.lang.Object, java.lang.Object, java.lang.Object, java.lang.Object, java.lang.Object, java.lang.Object, java.lang.Object, java.lang.Object, java.lang.Object, java.lang.Object, java.lang.Object, java.lang.Object, java.lang.Object, java.lang.Object, java.lang.Object)'> (0x00000000c6c8f300) thrown at [./src/hotspot/share/interpreter/linkResolver.cpp, line 773]
Event: 37.896 Thread 0x00007f1910016800 Exception <a 'java/lang/NoSuchMethodError'{0x00000000c6c9ceb0}: 'java.lang.Object java.lang.invoke.DirectMethodHandle$Holder.invokeStatic(java.lang.Object, java.lang.Object, java.lang.Object, java.lang.Object, java.lang.Object, java.lang.Object, java.lang.Object, java.lang.Object, java.lang.Object, java.lang.Object, java.lang.Object, java.lang.Object, java.lang.Object, java.lang.Object, java.lang.Object, java.lang.Object)'> (0x00000000c6c9ceb0) thrown at [./src/hotspot/share/interpreter/linkResolver.cpp, l
Event: 37.898 Thread 0x00007f1910016800 Exception <a 'java/lang/NoSuchMethodError'{0x00000000c6caab20}: 'java.lang.Object java.lang.invoke.DirectMethodHandle$Holder.invokeSpecial(java.lang.Object, java.lang.Object, int, int, java.lang.Object, java.lang.Object, java.lang.Object)'> (0x00000000c6caab20) thrown at [./src/hotspot/share/interpreter/linkResolver.cpp, line 773]
Event: 37.898 Thread 0x00007f1910016800 Exception <a 'java/lang/NoSuchMethodError'{0x00000000c6cae0b0}: 'java.lang.Object java.lang.invoke.DelegatingMethodHandle$Holder.reinvoke_L(java.lang.Object, int, int, java.lang.Object, java.lang.Object, java.lang.Object)'> (0x00000000c6cae0b0) thrown at [./src/hotspot/share/interpreter/linkResolver.cpp, line 773]
Event: 37.962 Thread 0x00007f1910016800 Exception <a 'java/lang/NoSuchMethodError'{0x00000000c6cb2088}: 'java.lang.Object java.lang.invoke.DirectMethodHandle$Holder.invokeStatic(java.lang.Object, java.lang.Object, java.lang.Object, java.lang.Object, int)'> (0x00000000c6cb2088) thrown at [./src/hotspot/share/interpreter/linkResolver.cpp, line 773]
Event: 41.897 Thread 0x00007f1910016800 Exception <a 'java/lang/UnsatisfiedLinkError'{0x00000000c7ee7e30}: libtesseract.so: cannot open shared object file: No such file or directory> (0x00000000c7ee7e30) thrown at [./src/hotspot/share/prims/jni.cpp, line 636]
Event: 41.931 Thread 0x00007f1910016800 Exception <a 'java/lang/UnsatisfiedLinkError'{0x00000000c7ee8940}: libtesseract.so: cannot open shared object file: No such file or directory> (0x00000000c7ee8940) thrown at [./src/hotspot/share/prims/jni.cpp, line 636]

Events (20 events):
Event: 42.610 loading class com/sun/imageio/plugins/tiff/TIFFIFD
Event: 42.611 loading class javax/imageio/plugins/tiff/TIFFDirectory
Event: 42.611 loading class javax/imageio/plugins/tiff/TIFFDirectory done
Event: 42.611 loading class com/sun/imageio/plugins/tiff/TIFFIFD done
Event: 42.611 loading class javax/imageio/plugins/tiff/TIFFField
Event: 42.611 loading class javax/imageio/plugins/tiff/TIFFField done
Event: 42.611 loading class com/sun/imageio/plugins/tiff/TIFFIFD$TIFFIFDEntry
Event: 42.611 loading class com/sun/imageio/plugins/tiff/TIFFIFD$TIFFIFDEntry done
Event: 42.612 loading class com/sun/imageio/plugins/tiff/TIFFDecompressor
Event: 42.612 loading class com/sun/imageio/plugins/tiff/TIFFDecompressor done
Event: 42.612 loading class com/sun/imageio/plugins/common/ImageUtil
Event: 42.617 loading class com/sun/imageio/plugins/common/ImageUtil done
Event: 42.617 loading class com/sun/imageio/plugins/tiff/TIFFNullDecompressor
Event: 42.626 loading class com/sun/imageio/plugins/tiff/TIFFNullDecompressor done
Event: 42.626 loading class com/sun/imageio/plugins/tiff/TIFFImageWriter
Event: 42.629 loading class com/sun/imageio/plugins/tiff/TIFFImageWriter done
Event: 42.631 loading class java/lang/StrictMath
Event: 42.632 loading class java/lang/StrictMath done
Event: 42.633 loading class com/sun/jna/Native$Buffers
Event: 42.633 loading class com/sun/jna/Native$Buffers done


Dynamic libraries:
c4400000-c8000000 rw-p 00000000 00:00 0 
c8000000-ffe00000 ---p 00000000 00:00 0 
ffe00000-ffe47000 rw-p 0110b000 08:01 12456481                           /usr/lib/jvm/java-11-openjdk-amd64/lib/server/classes.jsa
ffe47000-fff00000 rw-p 00000000 00:00 0 
fff00000-fff6a000 rw-p 010a1000 08:01 12456481                           /usr/lib/jvm/java-11-openjdk-amd64/lib/server/classes.jsa
fff6a000-100000000 rw-p 00000000 00:00 0 
800000000-800002000 rwxp 00001000 08:01 12456481                         /usr/lib/jvm/java-11-openjdk-amd64/lib/server/classes.jsa
800002000-8003b8000 rw-p 00003000 08:01 12456481                         /usr/lib/jvm/java-11-openjdk-amd64/lib/server/classes.jsa
8003b8000-800a93000 r--p 003b9000 08:01 12456481                         /usr/lib/jvm/java-11-openjdk-amd64/lib/server/classes.jsa
800a93000-800a94000 rw-p 00a94000 08:01 12456481                         /usr/lib/jvm/java-11-openjdk-amd64/lib/server/classes.jsa
800a94000-8010a0000 r--p 00a95000 08:01 12456481                         /usr/lib/jvm/java-11-openjdk-amd64/lib/server/classes.jsa
840000000-840200000 rw-p 00000000 00:00 0 
840200000-880000000 ---p 00000000 00:00 0 
5649c6ac7000-5649c6ac8000 r-xp 00000000 08:01 12455190                   /usr/lib/jvm/java-11-openjdk-amd64/bin/java
5649c6cc8000-5649c6cc9000 r--p 00001000 08:01 12455190                   /usr/lib/jvm/java-11-openjdk-amd64/bin/java
5649c6cc9000-5649c6cca000 rw-p 00002000 08:01 12455190                   /usr/lib/jvm/java-11-openjdk-amd64/bin/java
5649c8344000-5649c8365000 rw-p 00000000 00:00 0                          [heap]
7f1888000000-7f1888021000 rw-p 00000000 00:00 0 
7f1888021000-7f188c000000 ---p 00000000 00:00 0 
7f188f02e000-7f188f12e000 rw-p 00000000 00:00 0 
7f188f12e000-7f188f22e000 ---p 00000000 00:00 0 
7f188f22e000-7f188f239000 r-xp 00000000 08:01 6562053                    /usr/lib/x86_64-linux-gnu/libjbig.so.0
7f188f239000-7f188f438000 ---p 0000b000 08:01 6562053                    /usr/lib/x86_64-linux-gnu/libjbig.so.0
7f188f438000-7f188f439000 r--p 0000a000 08:01 6562053                    /usr/lib/x86_64-linux-gnu/libjbig.so.0
7f188f439000-7f188f43c000 rw-p 0000b000 08:01 6562053                    /usr/lib/x86_64-linux-gnu/libjbig.so.0
7f188f43c000-7f188f460000 r-xp 00000000 08:01 9966594                    /lib/x86_64-linux-gnu/liblzma.so.5.2.2
7f188f460000-7f188f660000 ---p 00024000 08:01 9966594                    /lib/x86_64-linux-gnu/liblzma.so.5.2.2
7f188f660000-7f188f661000 r--p 00024000 08:01 9966594                    /lib/x86_64-linux-gnu/liblzma.so.5.2.2
7f188f661000-7f188f662000 rw-p 00025000 08:01 9966594                    /lib/x86_64-linux-gnu/liblzma.so.5.2.2
7f188f662000-7f188f6b6000 r-xp 00000000 08:01 6555779                    /usr/lib/x86_64-linux-gnu/libopenjp2.so.2.3.0
7f188f6b6000-7f188f8b6000 ---p 00054000 08:01 6555779                    /usr/lib/x86_64-linux-gnu/libopenjp2.so.2.3.0
7f188f8b6000-7f188f8b7000 r--p 00054000 08:01 6555779                    /usr/lib/x86_64-linux-gnu/libopenjp2.so.2.3.0
7f188f8b7000-7f188f8b8000 rw-p 00055000 08:01 6555779                    /usr/lib/x86_64-linux-gnu/libopenjp2.so.2.3.0
7f188f8b8000-7f188f91e000 r-xp 00000000 08:01 6562528                    /usr/lib/x86_64-linux-gnu/libwebp.so.6.0.2
7f188f91e000-7f188fb1d000 ---p 00066000 08:01 6562528                    /usr/lib/x86_64-linux-gnu/libwebp.so.6.0.2
7f188fb1d000-7f188fb1e000 r--p 00065000 08:01 6562528                    /usr/lib/x86_64-linux-gnu/libwebp.so.6.0.2
7f188fb1e000-7f188fb1f000 rw-p 00066000 08:01 6562528                    /usr/lib/x86_64-linux-gnu/libwebp.so.6.0.2
7f188fb1f000-7f188fb21000 rw-p 00000000 00:00 0 
7f188fb21000-7f188fb94000 r-xp 00000000 08:01 6554686                    /usr/lib/x86_64-linux-gnu/libtiff.so.5.3.0
7f188fb94000-7f188fd93000 ---p 00073000 08:01 6554686                    /usr/lib/x86_64-linux-gnu/libtiff.so.5.3.0
7f188fd93000-7f188fd97000 r--p 00072000 08:01 6554686                    /usr/lib/x86_64-linux-gnu/libtiff.so.5.3.0
7f188fd97000-7f188fd98000 rw-p 00076000 08:01 6554686                    /usr/lib/x86_64-linux-gnu/libtiff.so.5.3.0
7f188fd98000-7f188fdff000 r-xp 00000000 08:01 6554613                    /usr/lib/x86_64-linux-gnu/libjpeg.so.8.1.2
7f188fdff000-7f188fffe000 ---p 00067000 08:01 6554613                    /usr/lib/x86_64-linux-gnu/libjpeg.so.8.1.2
7f188fffe000-7f188ffff000 r--p 00066000 08:01 6554613                    /usr/lib/x86_64-linux-gnu/libjpeg.so.8.1.2
7f188ffff000-7f1890000000 rw-p 00067000 08:01 6554613                    /usr/lib/x86_64-linux-gnu/libjpeg.so.8.1.2
7f1890000000-7f1890021000 rw-p 00000000 00:00 0 
7f1890021000-7f1894000000 ---p 00000000 00:00 0 
7f1894000000-7f1894021000 rw-p 00000000 00:00 0 
7f1894021000-7f1898000000 ---p 00000000 00:00 0 
7f1898000000-7f1898021000 rw-p 00000000 00:00 0 
7f1898021000-7f189c000000 ---p 00000000 00:00 0 
7f189c000000-7f189c021000 rw-p 00000000 00:00 0 
7f189c021000-7f18a0000000 ---p 00000000 00:00 0 
7f18a0000000-7f18a0021000 rw-p 00000000 00:00 0 
7f18a0021000-7f18a4000000 ---p 00000000 00:00 0 
7f18a4000000-7f18a4021000 rw-p 00000000 00:00 0 
7f18a4021000-7f18a8000000 ---p 00000000 00:00 0 
7f18a8000000-7f18a8021000 rw-p 00000000 00:00 0 
7f18a8021000-7f18ac000000 ---p 00000000 00:00 0 
7f18ac000000-7f18ac021000 rw-p 00000000 00:00 0 
7f18ac021000-7f18b0000000 ---p 00000000 00:00 0 
7f18b0000000-7f18b0021000 rw-p 00000000 00:00 0 
7f18b0021000-7f18b4000000 ---p 00000000 00:00 0 
7f18b4000000-7f18b4021000 rw-p 00000000 00:00 0 
7f18b4021000-7f18b8000000 ---p 00000000 00:00 0 
7f18b802e000-7f18b8036000 r-xp 00000000 08:01 6562893                    /usr/lib/x86_64-linux-gnu/libgif.so.7.0.0
7f18b8036000-7f18b8235000 ---p 00008000 08:01 6562893                    /usr/lib/x86_64-linux-gnu/libgif.so.7.0.0
7f18b8235000-7f18b8236000 r--p 00007000 08:01 6562893                    /usr/lib/x86_64-linux-gnu/libgif.so.7.0.0
7f18b8236000-7f18b8237000 rw-p 00008000 08:01 6562893                    /usr/lib/x86_64-linux-gnu/libgif.so.7.0.0
7f18b8237000-7f18b8268000 r-xp 00000000 08:01 6562256                    /usr/lib/x86_64-linux-gnu/libpng16.so.16.34.0
7f18b8268000-7f18b8467000 ---p 00031000 08:01 6562256                    /usr/lib/x86_64-linux-gnu/libpng16.so.16.34.0
7f18b8467000-7f18b8468000 r--p 00030000 08:01 6562256                    /usr/lib/x86_64-linux-gnu/libpng16.so.16.34.0
7f18b8468000-7f18b8469000 rw-p 00031000 08:01 6562256                    /usr/lib/x86_64-linux-gnu/libpng16.so.16.34.0
7f18b8469000-7f18b8497000 r-xp 00000000 08:01 6555237                    /usr/lib/x86_64-linux-gnu/libgomp.so.1.0.0
7f18b8497000-7f18b8696000 ---p 0002e000 08:01 6555237                    /usr/lib/x86_64-linux-gnu/libgomp.so.1.0.0
7f18b8696000-7f18b8697000 r--p 0002d000 08:01 6555237                    /usr/lib/x86_64-linux-gnu/libgomp.so.1.0.0
7f18b8697000-7f18b8698000 rw-p 0002e000 08:01 6555237                    /usr/lib/x86_64-linux-gnu/libgomp.so.1.0.0
7f18b8698000-7f18b88f4000 r-xp 00000000 08:01 6556067                    /usr/lib/x86_64-linux-gnu/liblept.so.5.0.2
7f18b88f4000-7f18b8af3000 ---p 0025c000 08:01 6556067                    /usr/lib/x86_64-linux-gnu/liblept.so.5.0.2
7f18b8af3000-7f18b8af4000 r--p 0025b000 08:01 6556067                    /usr/lib/x86_64-linux-gnu/liblept.so.5.0.2
7f18b8af4000-7f18b8afa000 rw-p 0025c000 08:01 6556067                    /usr/lib/x86_64-linux-gnu/liblept.so.5.0.2
7f18b8afa000-7f18b8e07000 r-xp 00000000 08:01 6556069                    /usr/lib/x86_64-linux-gnu/libtesseract.so.4.0.0
7f18b8e07000-7f18b9006000 ---p 0030d000 08:01 6556069                    /usr/lib/x86_64-linux-gnu/libtesseract.so.4.0.0
7f18b9006000-7f18b900b000 r--p 0030c000 08:01 6556069                    /usr/lib/x86_64-linux-gnu/libtesseract.so.4.0.0
7f18b900b000-7f18b900c000 rw-p 00311000 08:01 6556069                    /usr/lib/x86_64-linux-gnu/libtesseract.so.4.0.0
7f18b900c000-7f18b92b0000 rw-p 00000000 00:00 0 
7f18b92b0000-7f18b92c7000 r-xp 00000000 08:01 19017264                   /tmp/jna-104583599/jna7657122495703646192.tmp (deleted)
7f18b92c7000-7f18b93c6000 ---p 00017000 08:01 19017264                   /tmp/jna-104583599/jna7657122495703646192.tmp (deleted)
7f18b93c6000-7f18b93c8000 rw-p 00016000 08:01 19017264                   /tmp/jna-104583599/jna7657122495703646192.tmp (deleted)
7f18b93c8000-7f18b93cc000 ---p 00000000 00:00 0 
7f18b93cc000-7f18b94c9000 rw-p 00000000 00:00 0 
7f18b94c9000-7f18b94dc000 r-xp 00000000 08:01 9961655                    /lib/x86_64-linux-gnu/libbsd.so.0.8.7
7f18b94dc000-7f18b96db000 ---p 00013000 08:01 9961655                    /lib/x86_64-linux-gnu/libbsd.so.0.8.7
7f18b96db000-7f18b96dc000 r--p 00012000 08:01 9961655                    /lib/x86_64-linux-gnu/libbsd.so.0.8.7
7f18b96dc000-7f18b96dd000 rw-p 00013000 08:01 9961655                    /lib/x86_64-linux-gnu/libbsd.so.0.8.7
7f18b96dd000-7f18b96de000 rw-p 00000000 00:00 0 
7f18b96de000-7f18b96e3000 r-xp 00000000 08:01 6561397                    /usr/lib/x86_64-linux-gnu/libXdmcp.so.6.0.0
7f18b96e3000-7f18b98e2000 ---p 00005000 08:01 6561397                    /usr/lib/x86_64-linux-gnu/libXdmcp.so.6.0.0
7f18b98e2000-7f18b98e3000 r--p 00004000 08:01 6561397                    /usr/lib/x86_64-linux-gnu/libXdmcp.so.6.0.0
7f18b98e3000-7f18b98e4000 rw-p 00005000 08:01 6561397                    /usr/lib/x86_64-linux-gnu/libXdmcp.so.6.0.0
7f18b98e4000-7f18b98e6000 r-xp 00000000 08:01 6561386                    /usr/lib/x86_64-linux-gnu/libXau.so.6.0.0
7f18b98e6000-7f18b9ae6000 ---p 00002000 08:01 6561386                    /usr/lib/x86_64-linux-gnu/libXau.so.6.0.0
7f18b9ae6000-7f18b9ae7000 r--p 00002000 08:01 6561386                    /usr/lib/x86_64-linux-gnu/libXau.so.6.0.0
7f18b9ae7000-7f18b9ae8000 rw-p 00003000 08:01 6561386                    /usr/lib/x86_64-linux-gnu/libXau.so.6.0.0
7f18b9ae8000-7f18b9b0e000 r-xp 00000000 08:01 6562599                    /usr/lib/x86_64-linux-gnu/libxcb.so.1.1.0
7f18b9b0e000-7f18b9d0e000 ---p 00026000 08:01 6562599                    /usr/lib/x86_64-linux-gnu/libxcb.so.1.1.0
7f18b9d0e000-7f18b9d0f000 r--p 00026000 08:01 6562599                    /usr/lib/x86_64-linux-gnu/libxcb.so.1.1.0
7f18b9d0f000-7f18b9d10000 rw-p 00027000 08:01 6562599                    /usr/lib/x86_64-linux-gnu/libxcb.so.1.1.0
7f18b9d10000-7f18b9d1f000 r-xp 00000000 08:01 6561407                    /usr/lib/x86_64-linux-gnu/libXi.so.6.1.0
7f18b9d1f000-7f18b9f1e000 ---p 0000f000 08:01 6561407                    /usr/lib/x86_64-linux-gnu/libXi.so.6.1.0
7f18b9f1e000-7f18b9f1f000 r--p 0000e000 08:01 6561407                    /usr/lib/x86_64-linux-gnu/libXi.so.6.1.0
7f18b9f1f000-7f18b9f20000 rw-p 0000f000 08:01 6561407                    /usr/lib/x86_64-linux-gnu/libXi.so.6.1.0
7f18b9f20000-7f18b9f25000 r-xp 00000000 08:01 6561425                    /usr/lib/x86_64-linux-gnu/libXtst.so.6.1.0
7f18b9f25000-7f18ba124000 ---p 00005000 08:01 6561425                    /usr/lib/x86_64-linux-gnu/libXtst.so.6.1.0
7f18ba124000-7f18ba125000 r--p 00004000 08:01 6561425                    /usr/lib/x86_64-linux-gnu/libXtst.so.6.1.0
7f18ba125000-7f18ba126000 rw-p 00005000 08:01 6561425                    /usr/lib/x86_64-linux-gnu/libXtst.so.6.1.0
7f18ba126000-7f18ba12f000 r-xp 00000000 08:01 6561419                    /usr/lib/x86_64-linux-gnu/libXrender.so.1.3.0
7f18ba12f000-7f18ba32e000 ---p 00009000 08:01 6561419                    /usr/lib/x86_64-linux-gnu/libXrender.so.1.3.0
7f18ba32e000-7f18ba32f000 r--p 00008000 08:01 6561419                    /usr/lib/x86_64-linux-gnu/libXrender.so.1.3.0
7f18ba32f000-7f18ba330000 rw-p 00009000 08:01 6561419                    /usr/lib/x86_64-linux-gnu/libXrender.so.1.3.0
7f18ba330000-7f18ba463000 r-xp 00000000 08:01 6561382                    /usr/lib/x86_64-linux-gnu/libX11.so.6.3.0
7f18ba463000-7f18ba663000 ---p 00133000 08:01 6561382                    /usr/lib/x86_64-linux-gnu/libX11.so.6.3.0
7f18ba663000-7f18ba664000 r--p 00133000 08:01 6561382                    /usr/lib/x86_64-linux-gnu/libX11.so.6.3.0
7f18ba664000-7f18ba668000 rw-p 00134000 08:01 6561382                    /usr/lib/x86_64-linux-gnu/libX11.so.6.3.0
7f18ba668000-7f18ba679000 r-xp 00000000 08:01 6561399                    /usr/lib/x86_64-linux-gnu/libXext.so.6.4.0
7f18ba679000-7f18ba878000 ---p 00011000 08:01 6561399                    /usr/lib/x86_64-linux-gnu/libXext.so.6.4.0
7f18ba878000-7f18ba879000 r--p 00010000 08:01 6561399                    /usr/lib/x86_64-linux-gnu/libXext.so.6.4.0
7f18ba879000-7f18ba87a000 rw-p 00011000 08:01 6561399                    /usr/lib/x86_64-linux-gnu/libXext.so.6.4.0
7f18ba87a000-7f18ba8d9000 r-xp 00000000 08:01 12455373                   /usr/lib/jvm/java-11-openjdk-amd64/lib/libawt_xawt.so
7f18ba8d9000-7f18baad8000 ---p 0005f000 08:01 12455373                   /usr/lib/jvm/java-11-openjdk-amd64/lib/libawt_xawt.so
7f18baad8000-7f18baad9000 r--p 0005e000 08:01 12455373                   /usr/lib/jvm/java-11-openjdk-amd64/lib/libawt_xawt.so
7f18baad9000-7f18baadc000 rw-p 0005f000 08:01 12455373                   /usr/lib/jvm/java-11-openjdk-amd64/lib/libawt_xawt.so
7f18baadc000-7f18baade000 rw-p 00000000 00:00 0 
7f18baade000-7f18bab7c000 r-xp 00000000 08:01 12455371                   /usr/lib/jvm/java-11-openjdk-amd64/lib/libawt.so
7f18bab7c000-7f18bad7c000 ---p 0009e000 08:01 12455371                   /usr/lib/jvm/java-11-openjdk-amd64/lib/libawt.so
7f18bad7c000-7f18bad7d000 r--p 0009e000 08:01 12455371                   /usr/lib/jvm/java-11-openjdk-amd64/lib/libawt.so
7f18bad7d000-7f18bad88000 rw-p 0009f000 08:01 12455371                   /usr/lib/jvm/java-11-openjdk-amd64/lib/libawt.so
7f18bad88000-7f18bafad000 rw-p 00000000 00:00 0 
7f18bafad000-7f18bafb1000 ---p 00000000 00:00 0 
7f18bafb1000-7f18bb0ae000 rw-p 00000000 00:00 0 
7f18bb0ae000-7f18bb0b2000 ---p 00000000 00:00 0 
7f18bb0b2000-7f18bb3af000 rw-p 00000000 00:00 0 
7f18bb3af000-7f18bb3b3000 ---p 00000000 00:00 0 
7f18bb3b3000-7f18bb4b0000 rw-p 00000000 00:00 0 
7f18bb4b0000-7f18bb4b4000 ---p 00000000 00:00 0 
7f18bb4b4000-7f18bb5b1000 rw-p 00000000 00:00 0 
7f18bb5b1000-7f18bb5b5000 ---p 00000000 00:00 0 
7f18bb5b5000-7f18bb6b2000 rw-p 00000000 00:00 0 
7f18bb6b2000-7f18bb6b6000 ---p 00000000 00:00 0 
7f18bb6b6000-7f18bb7b3000 rw-p 00000000 00:00 0 
7f18bb7b3000-7f18bb7b4000 ---p 00000000 00:00 0 
7f18bb7b4000-7f18bb8b5000 rw-p 00000000 00:00 0 
7f18bb8b5000-7f18bb8b6000 ---p 00000000 00:00 0 
7f18bb8b6000-7f18bb9b7000 rw-p 00000000 00:00 0 
7f18bb9b7000-7f18bb9e1000 r-xp 00000000 08:01 12455404                   /usr/lib/jvm/java-11-openjdk-amd64/lib/libsunec.so
7f18bb9e1000-7f18bbbe0000 ---p 0002a000 08:01 12455404                   /usr/lib/jvm/java-11-openjdk-amd64/lib/libsunec.so
7f18bbbe0000-7f18bbbe4000 r--p 00029000 08:01 12455404                   /usr/lib/jvm/java-11-openjdk-amd64/lib/libsunec.so
7f18bbbe4000-7f18bbbe6000 rw-p 0002d000 08:01 12455404                   /usr/lib/jvm/java-11-openjdk-amd64/lib/libsunec.so
7f18bbbe6000-7f18bbbe8000 r-xp 00000000 08:01 12455375                   /usr/lib/jvm/java-11-openjdk-amd64/lib/libextnet.so
7f18bbbe8000-7f18bbde7000 ---p 00002000 08:01 12455375                   /usr/lib/jvm/java-11-openjdk-amd64/lib/libextnet.so
7f18bbde7000-7f18bbde8000 r--p 00001000 08:01 12455375                   /usr/lib/jvm/java-11-openjdk-amd64/lib/libextnet.so
7f18bbde8000-7f18bbde9000 rw-p 00002000 08:01 12455375                   /usr/lib/jvm/java-11-openjdk-amd64/lib/libextnet.so
7f18bbde9000-7f18bbdff000 r-xp 00000000 08:01 12455398                   /usr/lib/jvm/java-11-openjdk-amd64/lib/libnet.so
7f18bbdff000-7f18bbffe000 ---p 00016000 08:01 12455398                   /usr/lib/jvm/java-11-openjdk-amd64/lib/libnet.so
7f18bbffe000-7f18bbfff000 r--p 00015000 08:01 12455398                   /usr/lib/jvm/java-11-openjdk-amd64/lib/libnet.so
7f18bbfff000-7f18bc000000 rw-p 00016000 08:01 12455398                   /usr/lib/jvm/java-11-openjdk-amd64/lib/libnet.so
7f18bc000000-7f18bc021000 rw-p 00000000 00:00 0 
7f18bc021000-7f18c0000000 ---p 00000000 00:00 0 
7f18c0000000-7f18c0021000 rw-p 00000000 00:00 0 
7f18c0021000-7f18c4000000 ---p 00000000 00:00 0 
7f18c4000000-7f18c455b000 rw-p 00000000 00:00 0 
7f18c455b000-7f18c8000000 ---p 00000000 00:00 0 
7f18c8000000-7f18c8021000 rw-p 00000000 00:00 0 
7f18c8021000-7f18cc000000 ---p 00000000 00:00 0 
7f18cc000000-7f18cc021000 rw-p 00000000 00:00 0 
7f18cc021000-7f18d0000000 ---p 00000000 00:00 0 
7f18d0000000-7f18d092a000 rw-p 00000000 00:00 0 
7f18d092a000-7f18d4000000 ---p 00000000 00:00 0 
7f18d4000000-7f18d4021000 rw-p 00000000 00:00 0 
7f18d4021000-7f18d8000000 ---p 00000000 00:00 0 
7f18d8000000-7f18d8021000 rw-p 00000000 00:00 0 
7f18d8021000-7f18dc000000 ---p 00000000 00:00 0 
7f18dc000000-7f18dc021000 rw-p 00000000 00:00 0 
7f18dc021000-7f18e0000000 ---p 00000000 00:00 0 
7f18e0000000-7f18e0021000 rw-p 00000000 00:00 0 
7f18e0021000-7f18e4000000 ---p 00000000 00:00 0 
7f18e4000000-7f18e4021000 rw-p 00000000 00:00 0 
7f18e4021000-7f18e8000000 ---p 00000000 00:00 0 
7f18e8000000-7f18e8021000 rw-p 00000000 00:00 0 
7f18e8021000-7f18ec000000 ---p 00000000 00:00 0 
7f18ec000000-7f18ec021000 rw-p 00000000 00:00 0 
7f18ec021000-7f18f0000000 ---p 00000000 00:00 0 
7f18f002a000-7f18f003a000 r-xp 00000000 08:01 12455399                   /usr/lib/jvm/java-11-openjdk-amd64/lib/libnio.so
7f18f003a000-7f18f0239000 ---p 00010000 08:01 12455399                   /usr/lib/jvm/java-11-openjdk-amd64/lib/libnio.so
7f18f0239000-7f18f023a000 r--p 0000f000 08:01 12455399                   /usr/lib/jvm/java-11-openjdk-amd64/lib/libnio.so
7f18f023a000-7f18f023b000 rw-p 00010000 08:01 12455399                   /usr/lib/jvm/java-11-openjdk-amd64/lib/libnio.so
7f18f023b000-7f18f023f000 ---p 00000000 00:00 0 
7f18f023f000-7f18f033c000 rw-p 00000000 00:00 0 
7f18f033c000-7f18f033d000 ---p 00000000 00:00 0 
7f18f033d000-7f18f043e000 rw-p 00000000 00:00 0 
7f18f043e000-7f18f0442000 ---p 00000000 00:00 0 
7f18f0442000-7f18f053f000 rw-p 00000000 00:00 0 
7f18f053f000-7f18f0543000 ---p 00000000 00:00 0 
7f18f0543000-7f18f0640000 rw-p 00000000 00:00 0 
7f18f0640000-7f18f0644000 ---p 00000000 00:00 0 
7f18f0644000-7f18f0741000 rw-p 00000000 00:00 0 
7f18f0741000-7f18f1110000 r--p 00000000 08:01 6560357                    /usr/lib/locale/locale-archive
7f18f1110000-7f18f3200000 rw-p 00000000 00:00 0 
7f18f3200000-7f18f3ff8000 ---p 00000000 00:00 0 
7f18f3ff8000-7f18f4000000 rw-p 00000000 00:00 0 
7f18f4000000-7f18f4021000 rw-p 00000000 00:00 0 
7f18f4021000-7f18f8000000 ---p 00000000 00:00 0 
7f18f800c000-7f18f8010000 ---p 00000000 00:00 0 
7f18f8010000-7f18f890d000 rw-p 00000000 00:00 0 
7f18f890d000-7f18f8b7d000 rwxp 00000000 00:00 0 
7f18f8b7d000-7f18f8e9d000 ---p 00000000 00:00 0 
7f18f8e9d000-7f18f92bd000 rwxp 00000000 00:00 0 
7f18f92bd000-7f19003d5000 ---p 00000000 00:00 0 
7f19003d5000-7f1900645000 rwxp 00000000 00:00 0 
7f1900645000-7f190790d000 ---p 00000000 00:00 0 
7f190790d000-7f1910000000 r--s 00000000 08:01 12455408                   /usr/lib/jvm/java-11-openjdk-amd64/lib/modules
7f1910000000-7f1910855000 rw-p 00000000 00:00 0 
7f1910855000-7f1914000000 ---p 00000000 00:00 0 
7f191405f000-7f1914063000 ---p 00000000 00:00 0 
7f1914063000-7f1914081000 rw-p 00000000 00:00 0 
7f1914081000-7f1914085000 ---p 00000000 00:00 0 
7f1914085000-7f1914182000 rw-p 00000000 00:00 0 
7f1914182000-7f1914186000 ---p 00000000 00:00 0 
7f1914186000-7f1914283000 rw-p 00000000 00:00 0 
7f1914283000-7f1914287000 ---p 00000000 00:00 0 
7f1914287000-7f1914384000 rw-p 00000000 00:00 0 
7f1914384000-7f1914385000 ---p 00000000 00:00 0 
7f1914385000-7f1914562000 rw-p 00000000 00:00 0 
7f1914562000-7f1914563000 ---p 00000000 00:00 0 
7f1914563000-7f1914664000 rw-p 00000000 00:00 0 
7f1914664000-7f1914665000 ---p 00000000 00:00 0 
7f1914665000-7f1914b6a000 rw-p 00000000 00:00 0 
7f1914b6a000-7f1914b6b000 ---p 00000000 00:00 0 
7f1914b6b000-7f1914c6c000 rw-p 00000000 00:00 0 
7f1914c6c000-7f1914c6d000 ---p 00000000 00:00 0 
7f1914c6d000-7f1914e5e000 rw-p 00000000 00:00 0 
7f1914e5e000-7f1915c56000 ---p 00000000 00:00 0 
7f1915c56000-7f1915c7c000 rw-p 00000000 00:00 0 
7f1915c7c000-7f1915e3b000 ---p 00000000 00:00 0 
7f1915e3b000-7f1915e5a000 rw-p 00000000 00:00 0 
7f1915e5a000-7f1916019000 ---p 00000000 00:00 0 
7f1916019000-7f1916038000 rw-p 00000000 00:00 0 
7f1916038000-7f19161f7000 ---p 00000000 00:00 0 
7f19161f7000-7f19165fc000 rw-p 00000000 00:00 0 
7f19165fc000-7f19165fd000 ---p 00000000 00:00 0 
7f19165fd000-7f1916703000 rw-p 00000000 00:00 0 
7f1916703000-7f19167e9000 ---p 00000000 00:00 0 
7f19167e9000-7f19167f2000 rw-p 00000000 00:00 0 
7f19167f2000-7f19168d4000 ---p 00000000 00:00 0 
7f19168d4000-7f19168d9000 r-xp 00000000 08:01 12455386                   /usr/lib/jvm/java-11-openjdk-amd64/lib/libjimage.so
7f19168d9000-7f1916ad8000 ---p 00005000 08:01 12455386                   /usr/lib/jvm/java-11-openjdk-amd64/lib/libjimage.so
7f1916ad8000-7f1916ad9000 r--p 00004000 08:01 12455386                   /usr/lib/jvm/java-11-openjdk-amd64/lib/libjimage.so
7f1916ad9000-7f1916ada000 rw-p 00005000 08:01 12455386                   /usr/lib/jvm/java-11-openjdk-amd64/lib/libjimage.so
7f1916ada000-7f1916ae1000 r-xp 00000000 08:01 12455407                   /usr/lib/jvm/java-11-openjdk-amd64/lib/libzip.so
7f1916ae1000-7f1916ce0000 ---p 00007000 08:01 12455407                   /usr/lib/jvm/java-11-openjdk-amd64/lib/libzip.so
7f1916ce0000-7f1916ce1000 r--p 00006000 08:01 12455407                   /usr/lib/jvm/java-11-openjdk-amd64/lib/libzip.so
7f1916ce1000-7f1916ce2000 rw-p 00007000 08:01 12455407                   /usr/lib/jvm/java-11-openjdk-amd64/lib/libzip.so
7f1916ce2000-7f1916ced000 r-xp 00000000 08:01 9966624                    /lib/x86_64-linux-gnu/libnss_files-2.27.so
7f1916ced000-7f1916eec000 ---p 0000b000 08:01 9966624                    /lib/x86_64-linux-gnu/libnss_files-2.27.so
7f1916eec000-7f1916eed000 r--p 0000a000 08:01 9966624                    /lib/x86_64-linux-gnu/libnss_files-2.27.so
7f1916eed000-7f1916eee000 rw-p 0000b000 08:01 9966624                    /lib/x86_64-linux-gnu/libnss_files-2.27.so
7f1916eee000-7f1916ef4000 rw-p 00000000 00:00 0 
7f1916ef4000-7f1916f0b000 r-xp 00000000 08:01 9966618                    /lib/x86_64-linux-gnu/libnsl-2.27.so
7f1916f0b000-7f191710a000 ---p 00017000 08:01 9966618                    /lib/x86_64-linux-gnu/libnsl-2.27.so
7f191710a000-7f191710b000 r--p 00016000 08:01 9966618                    /lib/x86_64-linux-gnu/libnsl-2.27.so
7f191710b000-7f191710c000 rw-p 00017000 08:01 9966618                    /lib/x86_64-linux-gnu/libnsl-2.27.so
7f191710c000-7f191710e000 rw-p 00000000 00:00 0 
7f191710e000-7f1917119000 r-xp 00000000 08:01 9966635                    /lib/x86_64-linux-gnu/libnss_nis-2.27.so
7f1917119000-7f1917318000 ---p 0000b000 08:01 9966635                    /lib/x86_64-linux-gnu/libnss_nis-2.27.so
7f1917318000-7f1917319000 r--p 0000a000 08:01 9966635                    /lib/x86_64-linux-gnu/libnss_nis-2.27.so
7f1917319000-7f191731a000 rw-p 0000b000 08:01 9966635                    /lib/x86_64-linux-gnu/libnss_nis-2.27.so
7f191731a000-7f1917322000 r-xp 00000000 08:01 9966620                    /lib/x86_64-linux-gnu/libnss_compat-2.27.so
7f1917322000-7f1917522000 ---p 00008000 08:01 9966620                    /lib/x86_64-linux-gnu/libnss_compat-2.27.so
7f1917522000-7f1917523000 r--p 00008000 08:01 9966620                    /lib/x86_64-linux-gnu/libnss_compat-2.27.so
7f1917523000-7f1917524000 rw-p 00009000 08:01 9966620                    /lib/x86_64-linux-gnu/libnss_compat-2.27.so
7f1917524000-7f191754d000 r-xp 00000000 08:01 12455382                   /usr/lib/jvm/java-11-openjdk-amd64/lib/libjava.so
7f191754d000-7f191774c000 ---p 00029000 08:01 12455382                   /usr/lib/jvm/java-11-openjdk-amd64/lib/libjava.so
7f191774c000-7f191774d000 r--p 00028000 08:01 12455382                   /usr/lib/jvm/java-11-openjdk-amd64/lib/libjava.so
7f191774d000-7f191774f000 rw-p 00029000 08:01 12455382                   /usr/lib/jvm/java-11-openjdk-amd64/lib/libjava.so
7f191774f000-7f191775c000 r-xp 00000000 08:01 12455406                   /usr/lib/jvm/java-11-openjdk-amd64/lib/libverify.so
7f191775c000-7f191795b000 ---p 0000d000 08:01 12455406                   /usr/lib/jvm/java-11-openjdk-amd64/lib/libverify.so
7f191795b000-7f191795d000 r--p 0000c000 08:01 12455406                   /usr/lib/jvm/java-11-openjdk-amd64/lib/libverify.so
7f191795d000-7f191795e000 rw-p 0000e000 08:01 12455406                   /usr/lib/jvm/java-11-openjdk-amd64/lib/libverify.so
7f191795e000-7f1917965000 r-xp 00000000 08:01 9966675                    /lib/x86_64-linux-gnu/librt-2.27.so
7f1917965000-7f1917b64000 ---p 00007000 08:01 9966675                    /lib/x86_64-linux-gnu/librt-2.27.so
7f1917b64000-7f1917b65000 r--p 00006000 08:01 9966675                    /lib/x86_64-linux-gnu/librt-2.27.so
7f1917b65000-7f1917b66000 rw-p 00007000 08:01 9966675                    /lib/x86_64-linux-gnu/librt-2.27.so
7f1917b66000-7f1917b7d000 r-xp 00000000 08:01 9961786                    /lib/x86_64-linux-gnu/libgcc_s.so.1
7f1917b7d000-7f1917d7c000 ---p 00017000 08:01 9961786                    /lib/x86_64-linux-gnu/libgcc_s.so.1
7f1917d7c000-7f1917d7d000 r--p 00016000 08:01 9961786                    /lib/x86_64-linux-gnu/libgcc_s.so.1
7f1917d7d000-7f1917d7e000 rw-p 00017000 08:01 9961786                    /lib/x86_64-linux-gnu/libgcc_s.so.1
7f1917d7e000-7f1917f1b000 r-xp 00000000 08:01 9966597                    /lib/x86_64-linux-gnu/libm-2.27.so
7f1917f1b000-7f191811a000 ---p 0019d000 08:01 9966597                    /lib/x86_64-linux-gnu/libm-2.27.so
7f191811a000-7f191811b000 r--p 0019c000 08:01 9966597                    /lib/x86_64-linux-gnu/libm-2.27.so
7f191811b000-7f191811c000 rw-p 0019d000 08:01 9966597                    /lib/x86_64-linux-gnu/libm-2.27.so
7f191811c000-7f1918295000 r-xp 00000000 08:01 6555233                    /usr/lib/x86_64-linux-gnu/libstdc++.so.6.0.25
7f1918295000-7f1918495000 ---p 00179000 08:01 6555233                    /usr/lib/x86_64-linux-gnu/libstdc++.so.6.0.25
7f1918495000-7f191849f000 r--p 00179000 08:01 6555233                    /usr/lib/x86_64-linux-gnu/libstdc++.so.6.0.25
7f191849f000-7f19184a1000 rw-p 00183000 08:01 6555233                    /usr/lib/x86_64-linux-gnu/libstdc++.so.6.0.25
7f19184a1000-7f19184a5000 rw-p 00000000 00:00 0 
7f19184a5000-7f1919582000 r-xp 00000000 08:01 12455413                   /usr/lib/jvm/java-11-openjdk-amd64/lib/server/libjvm.so
7f1919582000-7f1919781000 ---p 010dd000 08:01 12455413                   /usr/lib/jvm/java-11-openjdk-amd64/lib/server/libjvm.so
7f1919781000-7f191983e000 r--p 010dc000 08:01 12455413                   /usr/lib/jvm/java-11-openjdk-amd64/lib/server/libjvm.so
7f191983e000-7f1919878000 rw-p 01199000 08:01 12455413                   /usr/lib/jvm/java-11-openjdk-amd64/lib/server/libjvm.so
7f1919878000-7f19198ce000 rw-p 00000000 00:00 0 
7f19198ce000-7f19198e8000 r-xp 00000000 08:01 9966667                    /lib/x86_64-linux-gnu/libpthread-2.27.so
7f19198e8000-7f1919ae7000 ---p 0001a000 08:01 9966667                    /lib/x86_64-linux-gnu/libpthread-2.27.so
7f1919ae7000-7f1919ae8000 r--p 00019000 08:01 9966667                    /lib/x86_64-linux-gnu/libpthread-2.27.so
7f1919ae8000-7f1919ae9000 rw-p 0001a000 08:01 9966667                    /lib/x86_64-linux-gnu/libpthread-2.27.so
7f1919ae9000-7f1919aed000 rw-p 00000000 00:00 0 
7f1919aed000-7f1919af0000 r-xp 00000000 08:01 9966557                    /lib/x86_64-linux-gnu/libdl-2.27.so
7f1919af0000-7f1919cef000 ---p 00003000 08:01 9966557                    /lib/x86_64-linux-gnu/libdl-2.27.so
7f1919cef000-7f1919cf0000 r--p 00002000 08:01 9966557                    /lib/x86_64-linux-gnu/libdl-2.27.so
7f1919cf0000-7f1919cf1000 rw-p 00003000 08:01 9966557                    /lib/x86_64-linux-gnu/libdl-2.27.so
7f1919cf1000-7f1919d0d000 r-xp 00000000 08:01 9966706                    /lib/x86_64-linux-gnu/libz.so.1.2.11
7f1919d0d000-7f1919f0c000 ---p 0001c000 08:01 9966706                    /lib/x86_64-linux-gnu/libz.so.1.2.11
7f1919f0c000-7f1919f0d000 r--p 0001b000 08:01 9966706                    /lib/x86_64-linux-gnu/libz.so.1.2.11
7f1919f0d000-7f1919f0e000 rw-p 0001c000 08:01 9966706                    /lib/x86_64-linux-gnu/libz.so.1.2.11
7f1919f0e000-7f191a0f5000 r-xp 00000000 08:01 9966534                    /lib/x86_64-linux-gnu/libc-2.27.so
7f191a0f5000-7f191a2f5000 ---p 001e7000 08:01 9966534                    /lib/x86_64-linux-gnu/libc-2.27.so
7f191a2f5000-7f191a2f9000 r--p 001e7000 08:01 9966534                    /lib/x86_64-linux-gnu/libc-2.27.so
7f191a2f9000-7f191a2fb000 rw-p 001eb000 08:01 9966534                    /lib/x86_64-linux-gnu/libc-2.27.so
7f191a2fb000-7f191a2ff000 rw-p 00000000 00:00 0 
7f191a2ff000-7f191a30f000 r-xp 00000000 08:01 12455366                   /usr/lib/jvm/java-11-openjdk-amd64/lib/jli/libjli.so
7f191a30f000-7f191a50e000 ---p 00010000 08:01 12455366                   /usr/lib/jvm/java-11-openjdk-amd64/lib/jli/libjli.so
7f191a50e000-7f191a50f000 r--p 0000f000 08:01 12455366                   /usr/lib/jvm/java-11-openjdk-amd64/lib/jli/libjli.so
7f191a50f000-7f191a510000 rw-p 00010000 08:01 12455366                   /usr/lib/jvm/java-11-openjdk-amd64/lib/jli/libjli.so
7f191a510000-7f191a537000 r-xp 00000000 08:01 9966506                    /lib/x86_64-linux-gnu/ld-2.27.so
7f191a558000-7f191a613000 rw-p 00000000 00:00 0 
7f191a613000-7f191a617000 ---p 00000000 00:00 0 
7f191a617000-7f191a716000 rw-p 00000000 00:00 0 
7f191a71d000-7f191a722000 rw-p 00000000 00:00 0 
7f191a722000-7f191a729000 ---p 00000000 00:00 0 
7f191a729000-7f191a72b000 r--s 00007000 08:01 6951047                    /usr/share/java/java-atk-wrapper.jar
7f191a72b000-7f191a733000 rw-s 00000000 08:01 19017146                   /tmp/hsperfdata_nakul/12494
7f191a733000-7f191a734000 ---p 00000000 00:00 0 
7f191a734000-7f191a735000 r--p 00000000 00:00 0 
7f191a735000-7f191a737000 rw-p 00000000 00:00 0 
7f191a737000-7f191a738000 r--p 00027000 08:01 9966506                    /lib/x86_64-linux-gnu/ld-2.27.so
7f191a738000-7f191a739000 rw-p 00028000 08:01 9966506                    /lib/x86_64-linux-gnu/ld-2.27.so
7f191a739000-7f191a73a000 rw-p 00000000 00:00 0 
7ffccd7fd000-7ffccd81e000 rw-p 00000000 00:00 0                          [stack]
7ffccd82e000-7ffccd831000 r--p 00000000 00:00 0                          [vvar]
7ffccd831000-7ffccd832000 r-xp 00000000 00:00 0                          [vdso]
ffffffffff600000-ffffffffff601000 --xp 00000000 00:00 0                  [vsyscall]


VM Arguments:
jvm_args: -Dfile.encoding=UTF-8 
java_command: selenium.NSP
java_class_path (initial): /home/nakul/eclipse-workspace/selenium/bin:/home/nakul/selenium/selenium-java-3.141.59/libs/byte-buddy-1.8.15.jar:/home/nakul/selenium/selenium-java-3.141.59/libs/commons-exec-1.3.jar:/home/nakul/selenium/selenium-java-3.141.59/libs/guava-25.0-jre.jar:/home/nakul/selenium/selenium-java-3.141.59/libs/okhttp-3.11.0.jar:/home/nakul/selenium/selenium-java-3.141.59/libs/okio-1.14.0.jar:/home/nakul/selenium/selenium-java-3.141.59/client-combined-3.141.59.jar:/home/nakul/selenium/selenium-java-3.141.59/client-combined-3.141.59-sources.jar:/home/nakul/eclipse-workspace/Tess4J/lib/commons-beanutils-1.9.2.jar:/home/nakul/eclipse-workspace/Tess4J/lib/commons-io-2.6.jar:/home/nakul/eclipse-workspace/Tess4J/lib/commons-logging-1.2.jar:/home/nakul/eclipse-workspace/Tess4J/lib/fontbox-2.0.9.jar:/home/nakul/eclipse-workspace/Tess4J/lib/ghost4j-1.0.1.jar:/home/nakul/eclipse-workspace/Tess4J/lib/hamcrest-core-1.3.jar:/home/nakul/eclipse-workspace/Tess4J/lib/itext-2.1.7.jar:/home/nakul/eclipse-workspace/Tess4J/lib/jai-imageio-core-1.4.0.jar:/home/nakul/eclipse-workspace/Tess4J/lib/jbig2-imageio-3.0.0.jar:/home/nakul/eclipse-workspace/Tess4J/lib/jboss-vfs-3.2.12.Final.jar:/home/nakul/eclipse-workspace/Tess4J/lib/jcl-over-slf4j-1.7.25.jar:/home/nakul/eclipse-workspace/Tess4J/lib/jna-4.1.0.jar:/home/nakul/eclipse-workspace/Tess4J/lib/jul-to-slf4j-1.7.25.jar:/home/nakul/eclipse-workspace/Tess4J/lib/junit-4.12.jar:/home/nakul/eclipse-workspace/Tess4J/lib/lept4j-1.6.4.jar:/home/nakul/eclipse-workspace/Tess4J/lib/log4j-1.2.17.jar:/home/nakul/eclipse-workspace/Tess4J/lib/log4j-over-slf4j-1.7.25.jar:/home/nakul/eclipse-workspace/Tess4J/lib/logback-classic-1.2.3.jar:/home/nakul/eclipse-workspace/Tess4J/lib/logback-core-1.2.3.jar:/home/nakul/eclipse-workspace/Tess4J/lib/pdfbox-2.0.9.jar:/home/nakul/eclipse-workspace/Tess4J/lib/pdfbox-tools-2.0.9.jar:/home/nakul/eclipse-workspace/Tess4J/lib/slf4j-api-1.7.25.jar:/home/nakul/eclipse-workspace/Tess4J/lib/xmlgraphics-comm
Launcher Type: SUN_STANDARD

[Global flags]
     intx CICompilerCount                          = 3                                         {product} {ergonomic}
     uint ConcGCThreads                            = 1                                         {product} {ergonomic}
     uint G1ConcRefinementThreads                  = 4                                         {product} {ergonomic}
   size_t G1HeapRegionSize                         = 1048576                                   {product} {ergonomic}
    uintx GCDrainStackTargetSize                   = 64                                        {product} {ergonomic}
   size_t InitialHeapSize                          = 62914560                                  {product} {ergonomic}
   size_t MarkStackSize                            = 4194304                                   {product} {ergonomic}
   size_t MaxHeapSize                              = 1002438656                                {product} {ergonomic}
   size_t MaxNewSize                               = 600834048                                 {product} {ergonomic}
   size_t MinHeapDeltaBytes                        = 1048576                                   {product} {ergonomic}
    uintx NonNMethodCodeHeapSize                   = 5830732                                {pd product} {ergonomic}
    uintx NonProfiledCodeHeapSize                  = 122913754                              {pd product} {ergonomic}
    uintx ProfiledCodeHeapSize                     = 122913754                              {pd product} {ergonomic}
    uintx ReservedCodeCacheSize                    = 251658240                              {pd product} {ergonomic}
     bool SegmentedCodeCache                       = true                                      {product} {ergonomic}
     bool UseCompressedClassPointers               = true                                 {lp64_product} {ergonomic}
     bool UseCompressedOops                        = true                                 {lp64_product} {ergonomic}
     bool UseG1GC                                  = true                                      {product} {ergonomic}

Logging:
Log output configuration:
 #0: stdout all=warning uptime,level,tags
 #1: stderr all=off uptime,level,tags

Environment Variables:
PATH=/usr/local/sbin:/usr/local/bin:/usr/sbin:/usr/bin:/sbin:/bin:/usr/games:/usr/local/games:/snap/bin
SHELL=/bin/bash
DISPLAY=:0

Signal Handlers:
SIGSEGV: [libjvm.so+0xdf8d00], sa_mask[0]=11111111011111111101111111111110, sa_flags=SA_RESTART|SA_SIGINFO
SIGBUS: [libjvm.so+0xdf8d00], sa_mask[0]=11111111011111111101111111111110, sa_flags=SA_RESTART|SA_SIGINFO
SIGFPE: [libjvm.so+0xdf8d00], sa_mask[0]=11111111011111111101111111111110, sa_flags=SA_RESTART|SA_SIGINFO
SIGPIPE: [libjvm.so+0xbcbc30], sa_mask[0]=11111111011111111101111111111110, sa_flags=SA_RESTART|SA_SIGINFO
SIGXFSZ: [libjvm.so+0xbcbc30], sa_mask[0]=11111111011111111101111111111110, sa_flags=SA_RESTART|SA_SIGINFO
SIGILL: [libjvm.so+0xdf8d00], sa_mask[0]=11111111011111111101111111111110, sa_flags=SA_RESTART|SA_SIGINFO
SIGUSR2: [libjvm.so+0xbcbad0], sa_mask[0]=00100000000000000000000000000000, sa_flags=SA_RESTART|SA_SIGINFO
SIGHUP: [libjvm.so+0xbcbe30], sa_mask[0]=11111111011111111101111111111110, sa_flags=SA_RESTART|SA_SIGINFO
SIGINT: [libjvm.so+0xbcbe30], sa_mask[0]=11111111011111111101111111111110, sa_flags=SA_RESTART|SA_SIGINFO
SIGTERM: [libjvm.so+0xbcbe30], sa_mask[0]=11111111011111111101111111111110, sa_flags=SA_RESTART|SA_SIGINFO
SIGQUIT: [libjvm.so+0xbcbe30], sa_mask[0]=11111111011111111101111111111110, sa_flags=SA_RESTART|SA_SIGINFO


---------------  S Y S T E M  ---------------

OS:DISTRIB_ID=Ubuntu
DISTRIB_RELEASE=18.04
DISTRIB_CODENAME=bionic
DISTRIB_DESCRIPTION="Ubuntu 18.04.3 LTS"
uname:Linux 5.3.0-42-generic #34~18.04.1-Ubuntu SMP Fri Feb 28 13:42:26 UTC 2020 x86_64
OS uptime: 0 days 1:04 hours
libc:glibc 2.27 NPTL 2.27 
rlimit: STACK 8192k, CORE 0k, NPROC 15078, NOFILE 4096, AS infinity, CPU infinity, DATA infinity, FSIZE infinity
load average:1.70 1.21 0.95

/proc/meminfo:
MemTotal:        3907988 kB
MemFree:          111900 kB
MemAvailable:     600044 kB
Buffers:           62492 kB
Cached:           933064 kB
SwapCached:        17820 kB
Active:          2470280 kB
Inactive:         935884 kB
Active(anon):    2119840 kB
Inactive(anon):   639436 kB
Active(file):     350440 kB
Inactive(file):   296448 kB
Unevictable:       37548 kB
Mlocked:              96 kB
SwapTotal:       2097148 kB
SwapFree:        1980412 kB
Dirty:             10028 kB
Writeback:             0 kB
AnonPages:       2432124 kB
Mapped:           527348 kB
Shmem:            348644 kB
KReclaimable:      91492 kB
Slab:             202684 kB
SReclaimable:      91492 kB
SUnreclaim:       111192 kB
KernelStack:       18800 kB
PageTables:        73672 kB
NFS_Unstable:          0 kB
Bounce:                0 kB
WritebackTmp:          0 kB
CommitLimit:     4051140 kB
Committed_AS:   10980208 kB
VmallocTotal:   34359738367 kB
VmallocUsed:       34360 kB
VmallocChunk:          0 kB
Percpu:             2944 kB
HardwareCorrupted:     0 kB
AnonHugePages:         0 kB
ShmemHugePages:        0 kB
ShmemPmdMapped:        0 kB
CmaTotal:              0 kB
CmaFree:               0 kB
HugePages_Total:       0
HugePages_Free:        0
HugePages_Rsvd:        0
HugePages_Surp:        0
Hugepagesize:       2048 kB
Hugetlb:               0 kB
DirectMap4k:      291900 kB
DirectMap2M:     3780608 kB


/proc/sys/kernel/threads-max (system-wide limit on the number of threads):
30157


/proc/sys/vm/max_map_count (maximum number of memory map areas a process may have):
65530


/proc/sys/kernel/pid_max (system-wide limit on number of process identifiers):
32768



container (cgroup) information:
container_type: cgroupv1
cpu_cpuset_cpus: 0-3
cpu_memory_nodes: 0
active_processor_count: 4
cpu_quota: -1
cpu_period: 100000
cpu_shares: -1
memory_limit_in_bytes: -1
memory_and_swap_limit_in_bytes: -2
memory_soft_limit_in_bytes: -1
memory_usage_in_bytes: 3306749952
memory_max_usage_in_bytes: 3355320320

Steal ticks since vm start: 0
Steal ticks percentage since vm start:  0.000

CPU:total 4 (initial active 4) (2 cores per cpu, 2 threads per core) family 6 model 42 stepping 7, cmov, cx8, fxsr, mmx, sse, sse2, sse3, ssse3, sse4.1, sse4.2, popcnt, avx, aes, clmul, ht, tsc, tscinvbit
CPU Model and flags from /proc/cpuinfo:
model name	: Intel(R) Core(TM) i5-2520M CPU @ 2.50GHz
flags		: fpu vme de pse tsc msr pae mce cx8 apic sep mtrr pge mca cmov pat pse36 clflush dts acpi mmx fxsr sse sse2 ht tm pbe syscall nx rdtscp lm constant_tsc arch_perfmon pebs bts rep_good nopl xtopology nonstop_tsc cpuid aperfmperf pni pclmulqdq dtes64 monitor ds_cpl vmx smx est tm2 ssse3 cx16 xtpr pdcm pcid sse4_1 sse4_2 x2apic popcnt tsc_deadline_timer aes xsave avx lahf_lm epb pti tpr_shadow vnmi flexpriority ept vpid xsaveopt dtherm ida arat pln pts

Memory: 4k page, physical 3907988k(111900k free), swap 2097148k(1980412k free)

vm_info: OpenJDK 64-Bit Server VM (11.0.7+10-post-Ubuntu-2ubuntu218.04) for linux-amd64 JRE (11.0.7+10-post-Ubuntu-2ubuntu218.04), built on Apr 15 2020 21:12:54 by "unknown" with gcc 7.5.0

END.
