#
# A fatal error has been detected by the Java Runtime Environment:
#
#  SIGSEGV (0xb) at pc=0x00007f5ad97ecc27, pid=19144, tid=19146
#
# JRE version: OpenJDK Runtime Environment (11.0.7+10) (build 11.0.7+10-post-Ubuntu-2ubuntu218.04)
# Java VM: OpenJDK 64-Bit Server VM (11.0.7+10-post-Ubuntu-2ubuntu218.04, mixed mode, sharing, tiered, compressed oops, g1 gc, linux-amd64)
# Problematic frame:
# C  [libtesseract.so.4+0xa1c27]  tesseract::Tesseract::recog_all_words(PAGE_RES*, ETEXT_DESC*, TBOX const*, char const*, int)+0x437
#
# Core dump will be written. Default location: Core dumps may be processed with "/usr/share/apport/apport %p %s %c %d %P %E" (or dumping to /home/nakul/eclipse-workspace/selenium/core.19144)
#
# If you would like to submit a bug report, please visit:
#   https://bugs.launchpad.net/ubuntu/+source/openjdk-lts
# The crash happened outside the Java Virtual Machine in native code.
# See problematic frame for where to report the bug.
#

---------------  S U M M A R Y ------------

Command Line: -Dfile.encoding=UTF-8 selenium.NSP

Host: Intel(R) Core(TM) i5-2520M CPU @ 2.50GHz, 4 cores, 3G, Ubuntu 18.04.3 LTS
Time: Fri May 15 09:48:13 2020 IST elapsed time: 14 seconds (0d 0h 0m 14s)

---------------  T H R E A D  ---------------

Current thread (0x00007f5b54016800):  JavaThread "main" [_thread_in_native, id=19146, stack(0x00007f5b5b2c9000,0x00007f5b5b3ca000)]

Stack: [0x00007f5b5b2c9000,0x00007f5b5b3ca000],  sp=0x00007f5b5b3c7660,  free space=1017k
Native frames: (J=compiled Java code, A=aot compiled Java code, j=interpreted, Vv=VM code, C=native code)
C  [libtesseract.so.4+0xa1c27]  tesseract::Tesseract::recog_all_words(PAGE_RES*, ETEXT_DESC*, TBOX const*, char const*, int)+0x437

Java frames: (J=compiled Java code, j=interpreted, Vv=VM code)
j  com.sun.jna.Native.invokePointer(JI[Ljava/lang/Object;)J+0
j  com.sun.jna.Function.invokePointer(I[Ljava/lang/Object;)Lcom/sun/jna/Pointer;+6
j  com.sun.jna.Function.invoke([Ljava/lang/Object;Ljava/lang/Class;Z)Ljava/lang/Object;+426
j  com.sun.jna.Function.invoke(Ljava/lang/Class;[Ljava/lang/Object;Ljava/util/Map;)Ljava/lang/Object;+262
j  com.sun.jna.Library$Handler.invoke(Ljava/lang/Object;Ljava/lang/reflect/Method;[Ljava/lang/Object;)Ljava/lang/Object;+316
j  com.sun.proxy.$Proxy0.TessBaseAPIGetUTF8Text(Lnet/sourceforge/tess4j/ITessAPI$TessBaseAPI;)Lcom/sun/jna/Pointer;+16
j  net.sourceforge.tess4j.Tesseract.getOCRText(Ljava/lang/String;I)Ljava/lang/String;+62
j  net.sourceforge.tess4j.Tesseract.doOCR(Ljava/util/List;Ljava/lang/String;Ljava/awt/Rectangle;)Ljava/lang/String;+62
j  net.sourceforge.tess4j.Tesseract.doOCR(Ljava/io/File;Ljava/awt/Rectangle;)Ljava/lang/String;+10
j  net.sourceforge.tess4j.Tesseract.doOCR(Ljava/io/File;)Ljava/lang/String;+3
j  selenium.NSP.enterinput()V+145
j  selenium.NSP.main([Ljava/lang/String;)V+13
v  ~StubRoutines::call_stub

siginfo: si_signo: 11 (SIGSEGV), si_code: 1 (SEGV_MAPERR), si_addr: 0x000000000000000c

Register to memory mapping:

RAX=0x0 is NULL
RBX=0x00007f5b547fa970 points into unknown readable memory: 88 8b c5 d9 5a 7f 00 00
RCX=0x0 is NULL
RDX=0x00007f5b5481c568 points into unknown readable memory: 00 00 00 00 00 00 00 00
RSP=0x00007f5b5b3c7660 is pointing into the stack for thread: 0x00007f5b54016800
RBP=0x00007f5b5b3c76b0 is pointing into the stack for thread: 0x00007f5b54016800
RSI=0x0000000000000001 is an unknown value
RDI=0x00007f5b5b3c7700 is pointing into the stack for thread: 0x00007f5b54016800
R8 =0x0 is NULL
R9 =0x0 is NULL
R10=0x0 is NULL
R11=0x00007f5b5486f4f0 points into unknown readable memory: 10 00 00 00 01 00 00 00
R12=0x00007f5b5486aef0 points into unknown readable memory: 00 00 00 00 00 00 00 00
R13=0x0 is NULL
R14=0x0 is NULL
R15=0x00007f5b5486aef0 points into unknown readable memory: 00 00 00 00 00 00 00 00


Registers:
RAX=0x0000000000000000, RBX=0x00007f5b547fa970, RCX=0x0000000000000000, RDX=0x00007f5b5481c568
RSP=0x00007f5b5b3c7660, RBP=0x00007f5b5b3c76b0, RSI=0x0000000000000001, RDI=0x00007f5b5b3c7700
R8 =0x0000000000000000, R9 =0x0000000000000000, R10=0x0000000000000000, R11=0x00007f5b5486f4f0
R12=0x00007f5b5486aef0, R13=0x0000000000000000, R14=0x0000000000000000, R15=0x00007f5b5486aef0
RIP=0x00007f5ad97ecc27, EFLAGS=0x0000000000010246, CSGSFS=0x002b000000000033, ERR=0x0000000000000004
  TRAPNO=0x000000000000000e

Top of Stack: (sp=0x00007f5b5b3c7660)
0x00007f5b5b3c7660:   0000000000000000 0000000000000000
0x00007f5b5b3c7670:   0000000000000000 00007f5b5486f2b0
0x00007f5b5b3c7680:   00007f5b5486b330 00007f5b54872f40
0x00007f5b5b3c7690:   0000000000000001 00007f5b5b3c76c0 

Instructions: (pc=0x00007f5ad97ecc27)
0x00007f5ad97ecb27:   89 e6 48 89 df e8 af 87 ff ff 4c 89 e6 48 89 df
0x00007f5ad97ecb37:   e8 b4 8b ff ff 4c 89 e6 48 89 df e8 f9 72 ff ff
0x00007f5ad97ecb47:   4c 89 e6 48 89 df e8 7e 74 ff ff e9 a9 fd ff ff
0x00007f5ad97ecb57:   66 0f 1f 84 00 00 00 00 00 48 8b 40 10 7e 2a 8b
0x00007f5ad97ecb67:   38 85 ff 75 4c 48 83 c0 04 83 ea 01 48 8d 14 90
0x00007f5ad97ecb77:   eb 12 0f 1f 80 00 00 00 00 48 83 c0 04 8b 70 fc
0x00007f5ad97ecb87:   85 f6 75 2d 48 39 c2 75 f0 48 85 c9 74 1b 8b 41
0x00007f5ad97ecb97:   10 8d 50 ff 83 fa 02 76 10 83 e8 05 83 f8 03 77
0x00007f5ad97ecba7:   10 0f 1f 84 00 00 00 00 00 48 89 ef e8 e8 2d 19
0x00007f5ad97ecbb7:   00 31 d2 31 f6 48 89 ef e8 2c f6 18 00 48 8b 44
0x00007f5ad97ecbc7:   24 70 48 85 c0 0f 84 8e fd ff ff 48 8b 94 24 80
0x00007f5ad97ecbd7:   00 00 00 31 c9 48 8b 52 08 48 85 d2 74 04 48 8b
0x00007f5ad97ecbe7:   4a 08 48 8b 80 e8 00 00 00 48 85 c0 74 bb 8b 50
0x00007f5ad97ecbf7:   34 83 fa 00 74 b3 e9 5e ff ff ff 66 0f 1f 44 00
0x00007f5ad97ecc07:   00 31 f6 48 89 ef e8 ce f9 18 00 8b 83 a0 15 00
0x00007f5ad97ecc17:   00 85 c0 0f 8f c0 00 00 00 48 8b 83 40 0a 00 00
0x00007f5ad97ecc27:   80 78 0c 00 0f 85 a7 02 00 00 8b 83 58 47 02 00
0x00007f5ad97ecc37:   85 c0 0f 8e b1 00 00 00 31 d2 45 31 ff eb 2c 66
0x00007f5ad97ecc47:   2e 0f 1f 84 00 00 00 00 00 48 8b 8f 40 0a 00 00
0x00007f5ad97ecc57:   80 79 0c 00 0f 85 ff 01 00 00 41 83 c7 01 48 83
0x00007f5ad97ecc67:   c2 08 44 3b bb 58 47 02 00 7d 7e 48 8b 8b 60 47
0x00007f5ad97ecc77:   02 00 48 8b 3c 11 8b 87 a0 15 00 00 85 c0 7e c9
0x00007f5ad97ecc87:   48 89 54 24 10 e8 8f 46 0f 00 48 8b 54 24 10 eb
0x00007f5ad97ecc97:   c9 0f 1f 84 00 00 00 00 00 80 bb 72 30 02 00 00
0x00007f5ad97ecca7:   0f 85 73 fc ff ff 8b b3 04 1d 02 00 4c 89 e2 4c
0x00007f5ad97eccb7:   89 ff e8 32 d4 0b 00 31 f6 48 89 ef e8 18 f9 18
0x00007f5ad97eccc7:   00 48 8b 44 24 70 48 85 c0 0f 85 fc fe ff ff e9
0x00007f5ad97eccd7:   94 fc ff ff 0f 1f 44 00 00 48 89 df e8 38 46 0f
0x00007f5ad97ecce7:   00 e9 44 ff ff ff 0f 1f 00 4c 8d 7c 24 30 be 04
0x00007f5ad97eccf7:   00 00 00 48 c7 44 24 30 00 00 00 00 48 c7 44 24
0x00007f5ad97ecd07:   38 00 00 00 00 48 c7 44 24 40 00 00 00 00 4c 89
0x00007f5ad97ecd17:   ff 48 c7 44 24 48 00 00 00 00 e8 3a 19 00 00 48 


Stack slot to memory mapping:
stack at sp + 0 slots: 0x0 is NULL
stack at sp + 1 slots: 0x0 is NULL
stack at sp + 2 slots: 0x0 is NULL
stack at sp + 3 slots: 0x00007f5b5486f2b0 points into unknown readable memory: b0 f2 86 54 5b 7f 00 00
stack at sp + 4 slots: 0x00007f5b5486b330 points into unknown readable memory: 30 b3 86 54 5b 7f 00 00
stack at sp + 5 slots: 0x00007f5b54872f40 points into unknown readable memory: 40 2f 87 54 5b 7f 00 00
stack at sp + 6 slots: 0x0000000000000001 is an unknown value
stack at sp + 7 slots: 0x00007f5b5b3c76c0 is pointing into the stack for thread: 0x00007f5b54016800


---------------  P R O C E S S  ---------------

Threads class SMR info:
_java_thread_list=0x00007f5b545bd860, length=17, elements={
0x00007f5b54016800, 0x00007f5b540be000, 0x00007f5b540c0000, 0x00007f5b540c5800,
0x00007f5b540c8000, 0x00007f5b540ca000, 0x00007f5b540cc000, 0x00007f5b540fb000,
0x00007f5b54100000, 0x00007f5b54458000, 0x00007f5ae400c800, 0x00007f5ae4010000,
0x00007f5ae4011000, 0x00007f5b544be800, 0x00007f5b54522000, 0x00007f5b54524000,
0x00007f5b545b0800
}

Java Threads: ( => current thread )
=>0x00007f5b54016800 JavaThread "main" [_thread_in_native, id=19146, stack(0x00007f5b5b2c9000,0x00007f5b5b3ca000)]
  0x00007f5b540be000 JavaThread "Reference Handler" daemon [_thread_blocked, id=19156, stack(0x00007f5b38152000,0x00007f5b38253000)]
  0x00007f5b540c0000 JavaThread "Finalizer" daemon [_thread_blocked, id=19157, stack(0x00007f5b38051000,0x00007f5b38152000)]
  0x00007f5b540c5800 JavaThread "Signal Dispatcher" daemon [_thread_blocked, id=19158, stack(0x00007f5b29530000,0x00007f5b29631000)]
  0x00007f5b540c8000 JavaThread "C2 CompilerThread0" daemon [_thread_blocked, id=19159, stack(0x00007f5b2942f000,0x00007f5b29530000)]
  0x00007f5b540ca000 JavaThread "C1 CompilerThread0" daemon [_thread_blocked, id=19160, stack(0x00007f5b2932e000,0x00007f5b2942f000)]
  0x00007f5b540cc000 JavaThread "Sweeper thread" daemon [_thread_blocked, id=19161, stack(0x00007f5b2922d000,0x00007f5b2932e000)]
  0x00007f5b540fb000 JavaThread "Service Thread" daemon [_thread_blocked, id=19162, stack(0x00007f5b2912c000,0x00007f5b2922d000)]
  0x00007f5b54100000 JavaThread "Common-Cleaner" daemon [_thread_blocked, id=19164, stack(0x00007f5b28f29000,0x00007f5b2902a000)]
  0x00007f5b54458000 JavaThread "Exec Default Executor" daemon [_thread_blocked, id=19168, stack(0x00007f5b282c9000,0x00007f5b283ca000)]
  0x00007f5ae400c800 JavaThread "process reaper" daemon [_thread_in_native, id=19177, stack(0x00007f5b3802f000,0x00007f5b38051000)]
  0x00007f5ae4010000 JavaThread "Exec Stream Pumper" daemon [_thread_in_native, id=19178, stack(0x00007f5b281c8000,0x00007f5b282c9000)]
  0x00007f5ae4011000 JavaThread "Exec Stream Pumper" daemon [_thread_in_native, id=19179, stack(0x00007f5b280c7000,0x00007f5b281c8000)]
  0x00007f5b544be800 JavaThread "ForkJoinPool.commonPool-worker-3" daemon [_thread_blocked, id=19180, stack(0x00007f5adbeff000,0x00007f5adc000000)]
  0x00007f5b54522000 JavaThread "OkHttp ConnectionPool" daemon [_thread_blocked, id=19181, stack(0x00007f5adbbfe000,0x00007f5adbcff000)]
  0x00007f5b54524000 JavaThread "Okio Watchdog" daemon [_thread_blocked, id=19182, stack(0x00007f5adbafd000,0x00007f5adbbfe000)]
  0x00007f5b545b0800 JavaThread "Java2D Disposer" daemon [_thread_blocked, id=19452, stack(0x00007f5b283ca000,0x00007f5b284cb000)]

Other Threads:
  0x00007f5b540bb000 VMThread "VM Thread" [stack: 0x00007f5b38255000,0x00007f5b38355000] [id=19155]
  0x00007f5b540fd800 WatcherThread [stack: 0x00007f5b2902c000,0x00007f5b2912c000] [id=19163]
  0x00007f5b5402f000 GCTaskThread "GC Thread#0" [stack: 0x00007f5b3bbbd000,0x00007f5b3bcbd000] [id=19150]
  0x00007f5b20001000 GCTaskThread "GC Thread#1" [stack: 0x00007f5b285cf000,0x00007f5b286cf000] [id=19165]
  0x00007f5b54049800 ConcurrentGCThread "G1 Main Marker" [stack: 0x00007f5b3933d000,0x00007f5b3943d000] [id=19151]
  0x00007f5b5404b800 ConcurrentGCThread "G1 Conc#0" [stack: 0x00007f5b3923b000,0x00007f5b3933b000] [id=19152]
  0x00007f5b5408d000 ConcurrentGCThread "G1 Refine#0" [stack: 0x00007f5b38d35000,0x00007f5b38e35000] [id=19153]
  0x00007f5b24001000 ConcurrentGCThread "G1 Refine#1" [stack: 0x00007f5b284cd000,0x00007f5b285cd000] [id=19166]
  0x00007f5b5408f000 ConcurrentGCThread "G1 Young RemSet Sampling" [stack: 0x00007f5b38c33000,0x00007f5b38d33000] [id=19154]

Threads with active compile tasks:

VM state:not at safepoint (normal execution)

VM Mutex/Monitor currently owned by a thread: None

Heap address: 0x00000000c4400000, size: 956 MB, Compressed Oops mode: 32-bit
Narrow klass base: 0x0000000800000000, Narrow klass shift: 3
Compressed class space size: 1073741824 Address: 0x0000000840000000

Heap:
 garbage-first heap   total 63488K, used 13206K [0x00000000c4400000, 0x0000000100000000)
  region size 1024K, 11 young (11264K), 3 survivors (3072K)
 Metaspace       used 14410K, capacity 15014K, committed 15360K, reserved 1062912K
  class space    used 1790K, capacity 2020K, committed 2048K, reserved 1048576K
Heap Regions: E=young(eden), S=young(survivor), O=old, HS=humongous(starts), HC=humongous(continues), CS=collection set, F=free, A=archive, TAMS=top-at-mark-start (previous, next)
|   0|0x00000000c4400000, 0x00000000c4500000, 0x00000000c4500000|100%| O|  |TAMS 0x00000000c4400000, 0x00000000c4400000| Untracked 
|   1|0x00000000c4500000, 0x00000000c4600000, 0x00000000c4600000|100%| O|  |TAMS 0x00000000c4500000, 0x00000000c4500000| Untracked 
|   2|0x00000000c4600000, 0x00000000c4700000, 0x00000000c4700000|100%| O|  |TAMS 0x00000000c4600000, 0x00000000c4600000| Untracked 
|   3|0x00000000c4700000, 0x00000000c4800000, 0x00000000c4800000|100%| O|  |TAMS 0x00000000c4700000, 0x00000000c4700000| Untracked 
|   4|0x00000000c4800000, 0x00000000c4829a00, 0x00000000c4900000| 16%| O|  |TAMS 0x00000000c4800000, 0x00000000c4800000| Untracked 
|   5|0x00000000c4900000, 0x00000000c4900000, 0x00000000c4a00000|  0%| F|  |TAMS 0x00000000c4900000, 0x00000000c4900000| Untracked 
|   6|0x00000000c4a00000, 0x00000000c4a00000, 0x00000000c4b00000|  0%| F|  |TAMS 0x00000000c4a00000, 0x00000000c4a00000| Untracked 
|   7|0x00000000c4b00000, 0x00000000c4b00000, 0x00000000c4c00000|  0%| F|  |TAMS 0x00000000c4b00000, 0x00000000c4b00000| Untracked 
|   8|0x00000000c4c00000, 0x00000000c4c00000, 0x00000000c4d00000|  0%| F|  |TAMS 0x00000000c4c00000, 0x00000000c4c00000| Untracked 
|   9|0x00000000c4d00000, 0x00000000c4d00000, 0x00000000c4e00000|  0%| F|  |TAMS 0x00000000c4d00000, 0x00000000c4d00000| Untracked 
|  10|0x00000000c4e00000, 0x00000000c4e00000, 0x00000000c4f00000|  0%| F|  |TAMS 0x00000000c4e00000, 0x00000000c4e00000| Untracked 
|  11|0x00000000c4f00000, 0x00000000c4f00000, 0x00000000c5000000|  0%| F|  |TAMS 0x00000000c4f00000, 0x00000000c4f00000| Untracked 
|  12|0x00000000c5000000, 0x00000000c5000000, 0x00000000c5100000|  0%| F|  |TAMS 0x00000000c5000000, 0x00000000c5000000| Untracked 
|  13|0x00000000c5100000, 0x00000000c5100000, 0x00000000c5200000|  0%| F|  |TAMS 0x00000000c5100000, 0x00000000c5100000| Untracked 
|  14|0x00000000c5200000, 0x00000000c5200000, 0x00000000c5300000|  0%| F|  |TAMS 0x00000000c5200000, 0x00000000c5200000| Untracked 
|  15|0x00000000c5300000, 0x00000000c5300000, 0x00000000c5400000|  0%| F|  |TAMS 0x00000000c5300000, 0x00000000c5300000| Untracked 
|  16|0x00000000c5400000, 0x00000000c5400000, 0x00000000c5500000|  0%| F|  |TAMS 0x00000000c5400000, 0x00000000c5400000| Untracked 
|  17|0x00000000c5500000, 0x00000000c5500000, 0x00000000c5600000|  0%| F|  |TAMS 0x00000000c5500000, 0x00000000c5500000| Untracked 
|  18|0x00000000c5600000, 0x00000000c5600000, 0x00000000c5700000|  0%| F|  |TAMS 0x00000000c5600000, 0x00000000c5600000| Untracked 
|  19|0x00000000c5700000, 0x00000000c5700000, 0x00000000c5800000|  0%| F|  |TAMS 0x00000000c5700000, 0x00000000c5700000| Untracked 
|  20|0x00000000c5800000, 0x00000000c5800000, 0x00000000c5900000|  0%| F|  |TAMS 0x00000000c5800000, 0x00000000c5800000| Untracked 
|  21|0x00000000c5900000, 0x00000000c5900000, 0x00000000c5a00000|  0%| F|  |TAMS 0x00000000c5900000, 0x00000000c5900000| Untracked 
|  22|0x00000000c5a00000, 0x00000000c5a00000, 0x00000000c5b00000|  0%| F|  |TAMS 0x00000000c5a00000, 0x00000000c5a00000| Untracked 
|  23|0x00000000c5b00000, 0x00000000c5b00000, 0x00000000c5c00000|  0%| F|  |TAMS 0x00000000c5b00000, 0x00000000c5b00000| Untracked 
|  24|0x00000000c5c00000, 0x00000000c5c00000, 0x00000000c5d00000|  0%| F|  |TAMS 0x00000000c5c00000, 0x00000000c5c00000| Untracked 
|  25|0x00000000c5d00000, 0x00000000c5d00000, 0x00000000c5e00000|  0%| F|  |TAMS 0x00000000c5d00000, 0x00000000c5d00000| Untracked 
|  26|0x00000000c5e00000, 0x00000000c5e00000, 0x00000000c5f00000|  0%| F|  |TAMS 0x00000000c5e00000, 0x00000000c5e00000| Untracked 
|  27|0x00000000c5f00000, 0x00000000c5f00000, 0x00000000c6000000|  0%| F|  |TAMS 0x00000000c5f00000, 0x00000000c5f00000| Untracked 
|  28|0x00000000c6000000, 0x00000000c6000000, 0x00000000c6100000|  0%| F|  |TAMS 0x00000000c6000000, 0x00000000c6000000| Untracked 
|  29|0x00000000c6100000, 0x00000000c6100000, 0x00000000c6200000|  0%| F|  |TAMS 0x00000000c6100000, 0x00000000c6100000| Untracked 
|  30|0x00000000c6200000, 0x00000000c6200000, 0x00000000c6300000|  0%| F|  |TAMS 0x00000000c6200000, 0x00000000c6200000| Untracked 
|  31|0x00000000c6300000, 0x00000000c6300000, 0x00000000c6400000|  0%| F|  |TAMS 0x00000000c6300000, 0x00000000c6300000| Untracked 
|  32|0x00000000c6400000, 0x00000000c6400000, 0x00000000c6500000|  0%| F|  |TAMS 0x00000000c6400000, 0x00000000c6400000| Untracked 
|  33|0x00000000c6500000, 0x00000000c6500000, 0x00000000c6600000|  0%| F|  |TAMS 0x00000000c6500000, 0x00000000c6500000| Untracked 
|  34|0x00000000c6600000, 0x00000000c6600000, 0x00000000c6700000|  0%| F|  |TAMS 0x00000000c6600000, 0x00000000c6600000| Untracked 
|  35|0x00000000c6700000, 0x00000000c6700000, 0x00000000c6800000|  0%| F|  |TAMS 0x00000000c6700000, 0x00000000c6700000| Untracked 
|  36|0x00000000c6800000, 0x00000000c6800000, 0x00000000c6900000|  0%| F|  |TAMS 0x00000000c6800000, 0x00000000c6800000| Untracked 
|  37|0x00000000c6900000, 0x00000000c6900000, 0x00000000c6a00000|  0%| F|  |TAMS 0x00000000c6900000, 0x00000000c6900000| Untracked 
|  38|0x00000000c6a00000, 0x00000000c6a0af60, 0x00000000c6b00000|  4%| S|CS|TAMS 0x00000000c6a00000, 0x00000000c6a00000| Complete 
|  39|0x00000000c6b00000, 0x00000000c6c00000, 0x00000000c6c00000|100%| S|CS|TAMS 0x00000000c6b00000, 0x00000000c6b00000| Complete 
|  40|0x00000000c6c00000, 0x00000000c6d00000, 0x00000000c6d00000|100%| S|CS|TAMS 0x00000000c6c00000, 0x00000000c6c00000| Complete 
|  41|0x00000000c6d00000, 0x00000000c6d00000, 0x00000000c6e00000|  0%| F|  |TAMS 0x00000000c6d00000, 0x00000000c6d00000| Untracked 
|  42|0x00000000c6e00000, 0x00000000c6e00000, 0x00000000c6f00000|  0%| F|  |TAMS 0x00000000c6e00000, 0x00000000c6e00000| Untracked 
|  43|0x00000000c6f00000, 0x00000000c6f00000, 0x00000000c7000000|  0%| F|  |TAMS 0x00000000c6f00000, 0x00000000c6f00000| Untracked 
|  44|0x00000000c7000000, 0x00000000c7000000, 0x00000000c7100000|  0%| F|  |TAMS 0x00000000c7000000, 0x00000000c7000000| Untracked 
|  45|0x00000000c7100000, 0x00000000c7100000, 0x00000000c7200000|  0%| F|  |TAMS 0x00000000c7100000, 0x00000000c7100000| Untracked 
|  46|0x00000000c7200000, 0x00000000c7200000, 0x00000000c7300000|  0%| F|  |TAMS 0x00000000c7200000, 0x00000000c7200000| Untracked 
|  47|0x00000000c7300000, 0x00000000c7300000, 0x00000000c7400000|  0%| F|  |TAMS 0x00000000c7300000, 0x00000000c7300000| Untracked 
|  48|0x00000000c7400000, 0x00000000c7400000, 0x00000000c7500000|  0%| F|  |TAMS 0x00000000c7400000, 0x00000000c7400000| Untracked 
|  49|0x00000000c7500000, 0x00000000c7500000, 0x00000000c7600000|  0%| F|  |TAMS 0x00000000c7500000, 0x00000000c7500000| Untracked 
|  50|0x00000000c7600000, 0x00000000c7600000, 0x00000000c7700000|  0%| F|  |TAMS 0x00000000c7600000, 0x00000000c7600000| Untracked 
|  51|0x00000000c7700000, 0x00000000c7700000, 0x00000000c7800000|  0%| F|  |TAMS 0x00000000c7700000, 0x00000000c7700000| Untracked 
|  52|0x00000000c7800000, 0x00000000c786c558, 0x00000000c7900000| 42%| E|  |TAMS 0x00000000c7800000, 0x00000000c7800000| Complete 
|  53|0x00000000c7900000, 0x00000000c7a00000, 0x00000000c7a00000|100%| E|CS|TAMS 0x00000000c7900000, 0x00000000c7900000| Complete 
|  54|0x00000000c7a00000, 0x00000000c7b00000, 0x00000000c7b00000|100%| E|CS|TAMS 0x00000000c7a00000, 0x00000000c7a00000| Complete 
|  55|0x00000000c7b00000, 0x00000000c7c00000, 0x00000000c7c00000|100%| E|  |TAMS 0x00000000c7b00000, 0x00000000c7b00000| Complete 
|  56|0x00000000c7c00000, 0x00000000c7d00000, 0x00000000c7d00000|100%| E|CS|TAMS 0x00000000c7c00000, 0x00000000c7c00000| Complete 
|  57|0x00000000c7d00000, 0x00000000c7e00000, 0x00000000c7e00000|100%| E|CS|TAMS 0x00000000c7d00000, 0x00000000c7d00000| Complete 
|  58|0x00000000c7e00000, 0x00000000c7f00000, 0x00000000c7f00000|100%| E|CS|TAMS 0x00000000c7e00000, 0x00000000c7e00000| Complete 
|  59|0x00000000c7f00000, 0x00000000c8000000, 0x00000000c8000000|100%| E|CS|TAMS 0x00000000c7f00000, 0x00000000c7f00000| Complete 
| 954|0x00000000ffe00000, 0x00000000ffe47000, 0x00000000fff00000| 27%|OA|  |TAMS 0x00000000ffe00000, 0x00000000ffe00000| Untracked 
| 955|0x00000000fff00000, 0x00000000fff6a000, 0x0000000100000000| 41%|CA|  |TAMS 0x00000000fff00000, 0x00000000fff00000| Untracked 

Card table byte_map: [0x00007f5b3b3fb000,0x00007f5b3b5d9000] _byte_map_base: 0x00007f5b3add9000

Marking Bits (Prev, Next): (CMBitMap*) 0x00007f5b54045008, (CMBitMap*) 0x00007f5b54045040
 Prev Bits: [0x00007f5b3a32d000, 0x00007f5b3b21d000)
 Next Bits: [0x00007f5b3943d000, 0x00007f5b3a32d000)

Polling page: 0x00007f5b5b3e9000

Metaspace:

Usage:
  Non-class:     12.69 MB capacity,    12.32 MB ( 97%) used,   320.86 KB (  2%) free+waste,    53.12 KB ( <1%) overhead. 
      Class:      1.97 MB capacity,     1.75 MB ( 89%) used,   201.34 KB ( 10%) free+waste,    27.94 KB (  1%) overhead. 
       Both:     14.66 MB capacity,    14.07 MB ( 96%) used,   522.20 KB (  3%) free+waste,    81.06 KB ( <1%) overhead. 

Virtual space:
  Non-class space:       14.00 MB reserved,      13.00 MB ( 93%) committed 
      Class space:        1.00 GB reserved,       2.00 MB ( <1%) committed 
             Both:        1.01 GB reserved,      15.00 MB (  1%) committed 

Chunk freelists:
   Non-Class:  118.00 KB
       Class:  28.00 KB
        Both:  146.00 KB

MaxMetaspaceSize: unlimited
CompressedClassSpaceSize: 1.00 GB

CodeHeap 'non-profiled nmethods': size=120032Kb used=618Kb max_used=618Kb free=119413Kb
 bounds [0x00007f5b43785000, 0x00007f5b439f5000, 0x00007f5b4acbd000]
CodeHeap 'profiled nmethods': size=120032Kb used=3702Kb max_used=3702Kb free=116329Kb
 bounds [0x00007f5b3c24d000, 0x00007f5b3c5ed000, 0x00007f5b43785000]
CodeHeap 'non-nmethods': size=5696Kb used=1164Kb max_used=1181Kb free=4531Kb
 bounds [0x00007f5b3bcbd000, 0x00007f5b3bf2d000, 0x00007f5b3c24d000]
 total_blobs=2776 nmethods=1837 adapters=426
 compilation: enabled
              stopped_count=0, restarted_count=0
 full_count=0

Compilation events (20 events):
Event: 14.230 Thread 0x00007f5b540ca000 1829       3       java.lang.Integer::compare (20 bytes)
Event: 14.230 Thread 0x00007f5b540ca000 nmethod 1829 0x00007f5b3c5e8c90 code [0x00007f5b3c5e8e40, 0x00007f5b3c5e9030]
Event: 14.236 Thread 0x00007f5b540ca000 1830       3       javax.imageio.stream.ImageInputStreamImpl::checkClosed (18 bytes)
Event: 14.236 Thread 0x00007f5b540ca000 nmethod 1830 0x00007f5b3c5e9090 code [0x00007f5b3c5e9260, 0x00007f5b3c5e94e8]
Event: 14.247 Thread 0x00007f5b540ca000 1831       1       javax.imageio.plugins.tiff.TIFFTag::getNumber (5 bytes)
Event: 14.247 Thread 0x00007f5b540ca000 nmethod 1831 0x00007f5b4381bb10 code [0x00007f5b4381bcc0, 0x00007f5b4381bdf0]
Event: 14.248 Thread 0x00007f5b540ca000 1832       1       javax.imageio.plugins.tiff.TIFFTag::getName (5 bytes)
Event: 14.248 Thread 0x00007f5b540ca000 nmethod 1832 0x00007f5b4381be90 code [0x00007f5b4381c040, 0x00007f5b4381c170]
Event: 14.249 Thread 0x00007f5b540ca000 1833       3       java.util.TreeMap::rotateRight (96 bytes)
Event: 14.249 Thread 0x00007f5b540ca000 nmethod 1833 0x00007f5b3c5e9590 code [0x00007f5b3c5e9780, 0x00007f5b3c5e9d10]
Event: 14.253 Thread 0x00007f5b540ca000 1834       1       java.awt.image.SampleModel::getNumBands (5 bytes)
Event: 14.253 Thread 0x00007f5b540ca000 nmethod 1834 0x00007f5b4381c210 code [0x00007f5b4381c3c0, 0x00007f5b4381c4f0]
Event: 14.253 Thread 0x00007f5b540c8000 nmethod 1823 0x00007f5b4381c590 code [0x00007f5b4381c760, 0x00007f5b4381d3b8]
Event: 14.254 Thread 0x00007f5b540c8000 1824   !   4       jdk.internal.loader.URLClassPath$JarLoader::getResource (65 bytes)
Event: 14.254 Thread 0x00007f5b540ca000 1835       3       java.lang.Math::max (12 bytes)
Event: 14.254 Thread 0x00007f5b540ca000 nmethod 1835 0x00007f5b3c5e9e10 code [0x00007f5b3c5e9fc0, 0x00007f5b3c5ea150]
Event: 14.255 Thread 0x00007f5b540ca000 1836       3       java.lang.Math::min (12 bytes)
Event: 14.255 Thread 0x00007f5b540ca000 nmethod 1836 0x00007f5b3c5ea210 code [0x00007f5b3c5ea3c0, 0x00007f5b3c5ea550]
Event: 14.256 Thread 0x00007f5b540ca000 1837       3       java.util.WeakHashMap::eq (19 bytes)
Event: 14.256 Thread 0x00007f5b540ca000 nmethod 1837 0x00007f5b3c5ea610 code [0x00007f5b3c5ea7e0, 0x00007f5b3c5eaa88]

GC Heap History (6 events):
Event: 0.789 GC heap before
{Heap before GC invocations=0 (full 0):
 garbage-first heap   total 63488K, used 14020K [0x00000000c4400000, 0x0000000100000000)
  region size 1024K, 14 young (14336K), 0 survivors (0K)
 Metaspace       used 5334K, capacity 6087K, committed 6400K, reserved 1056768K
  class space    used 602K, capacity 691K, committed 768K, reserved 1048576K
}
Event: 0.800 GC heap after
{Heap after GC invocations=1 (full 0):
 garbage-first heap   total 63488K, used 4673K [0x00000000c4400000, 0x0000000100000000)
  region size 1024K, 2 young (2048K), 2 survivors (2048K)
 Metaspace       used 5334K, capacity 6087K, committed 6400K, reserved 1056768K
  class space    used 602K, capacity 691K, committed 768K, reserved 1048576K
}
Event: 0.973 GC heap before
{Heap before GC invocations=1 (full 0):
 garbage-first heap   total 63488K, used 8769K [0x00000000c4400000, 0x0000000100000000)
  region size 1024K, 6 young (6144K), 2 survivors (2048K)
 Metaspace       used 6218K, capacity 6517K, committed 6784K, reserved 1056768K
  class space    used 715K, capacity 791K, committed 896K, reserved 1048576K
}
Event: 0.988 GC heap after
{Heap after GC invocations=2 (full 0):
 garbage-first heap   total 63488K, used 5382K [0x00000000c4400000, 0x0000000100000000)
  region size 1024K, 1 young (1024K), 1 survivors (1024K)
 Metaspace       used 6218K, capacity 6517K, committed 6784K, reserved 1056768K
  class space    used 715K, capacity 791K, committed 896K, reserved 1048576K
}
Event: 14.027 GC heap before
{Heap before GC invocations=2 (full 0):
 garbage-first heap   total 63488K, used 23814K [0x00000000c4400000, 0x0000000100000000)
  region size 1024K, 19 young (19456K), 1 survivors (1024K)
 Metaspace       used 11389K, capacity 11958K, committed 12160K, reserved 1060864K
  class space    used 1386K, capacity 1574K, committed 1664K, reserved 1048576K
}
Event: 14.035 GC heap after
{Heap after GC invocations=3 (full 0):
 garbage-first heap   total 63488K, used 7062K [0x00000000c4400000, 0x0000000100000000)
  region size 1024K, 3 young (3072K), 3 survivors (3072K)
 Metaspace       used 11389K, capacity 11958K, committed 12160K, reserved 1060864K
  class space    used 1386K, capacity 1574K, committed 1664K, reserved 1048576K
}

Deoptimization events (20 events):
Event: 14.160 Thread 0x00007f5b54016800 Uncommon trap: trap_request=0xffffffde fr.pc=0x00007f5b437c4ba0 relative=0x0000000000000d80
Event: 14.160 Thread 0x00007f5b54016800 Uncommon trap: reason=class_check action=maybe_recompile pc=0x00007f5b437c4ba0 method=java.util.HashMap.putVal(ILjava/lang/Object;Ljava/lang/Object;ZZ)Ljava/lang/Object; @ 91 c2
Event: 14.160 Thread 0x00007f5b54016800 DEOPT PACKING pc=0x00007f5b437c4ba0 sp=0x00007f5b5b3c7590
Event: 14.160 Thread 0x00007f5b54016800 DEOPT UNPACKING pc=0x00007f5b3bce59a5 sp=0x00007f5b5b3c7530 mode 2
Event: 14.160 Thread 0x00007f5b54016800 Uncommon trap: trap_request=0xffffffde fr.pc=0x00007f5b437c4ba0 relative=0x0000000000000d80
Event: 14.160 Thread 0x00007f5b54016800 Uncommon trap: reason=class_check action=maybe_recompile pc=0x00007f5b437c4ba0 method=java.util.HashMap.putVal(ILjava/lang/Object;Ljava/lang/Object;ZZ)Ljava/lang/Object; @ 91 c2
Event: 14.160 Thread 0x00007f5b54016800 DEOPT PACKING pc=0x00007f5b437c4ba0 sp=0x00007f5b5b3c7580
Event: 14.160 Thread 0x00007f5b54016800 DEOPT UNPACKING pc=0x00007f5b3bce59a5 sp=0x00007f5b5b3c7520 mode 2
Event: 14.161 Thread 0x00007f5b54016800 Uncommon trap: trap_request=0xffffffde fr.pc=0x00007f5b437c4ba0 relative=0x0000000000000d80
Event: 14.161 Thread 0x00007f5b54016800 Uncommon trap: reason=class_check action=maybe_recompile pc=0x00007f5b437c4ba0 method=java.util.HashMap.putVal(ILjava/lang/Object;Ljava/lang/Object;ZZ)Ljava/lang/Object; @ 91 c2
Event: 14.161 Thread 0x00007f5b54016800 DEOPT PACKING pc=0x00007f5b437c4ba0 sp=0x00007f5b5b3c75a0
Event: 14.161 Thread 0x00007f5b54016800 DEOPT UNPACKING pc=0x00007f5b3bce59a5 sp=0x00007f5b5b3c7540 mode 2
Event: 14.161 Thread 0x00007f5b54016800 Uncommon trap: trap_request=0xffffffde fr.pc=0x00007f5b437c4ba0 relative=0x0000000000000d80
Event: 14.161 Thread 0x00007f5b54016800 Uncommon trap: reason=class_check action=maybe_recompile pc=0x00007f5b437c4ba0 method=java.util.HashMap.putVal(ILjava/lang/Object;Ljava/lang/Object;ZZ)Ljava/lang/Object; @ 91 c2
Event: 14.161 Thread 0x00007f5b54016800 DEOPT PACKING pc=0x00007f5b437c4ba0 sp=0x00007f5b5b3c75a0
Event: 14.161 Thread 0x00007f5b54016800 DEOPT UNPACKING pc=0x00007f5b3bce59a5 sp=0x00007f5b5b3c7540 mode 2
Event: 14.168 Thread 0x00007f5b54016800 Uncommon trap: trap_request=0xffffff4d fr.pc=0x00007f5b43817dd4 relative=0x0000000000000194
Event: 14.168 Thread 0x00007f5b54016800 Uncommon trap: reason=unstable_if action=reinterpret pc=0x00007f5b43817dd4 method=java.util.HashMap.getNode(ILjava/lang/Object;)Ljava/util/HashMap$Node; @ 129 c2
Event: 14.168 Thread 0x00007f5b54016800 DEOPT PACKING pc=0x00007f5b43817dd4 sp=0x00007f5b5b3c74f0
Event: 14.168 Thread 0x00007f5b54016800 DEOPT UNPACKING pc=0x00007f5b3bce59a5 sp=0x00007f5b5b3c7410 mode 2

Classes redefined (0 events):
No events

Internal exceptions (20 events):
Event: 13.492 Thread 0x00007f5b54016800 Exception <a 'java/net/SocketTimeoutException'{0x00000000c72225e0}: Read timed out> (0x00000000c72225e0) thrown at [./src/hotspot/share/prims/jni.cpp, line 636]
Event: 13.534 Thread 0x00007f5b54016800 Exception <a 'java/net/SocketTimeoutException'{0x00000000c71425c8}: Read timed out> (0x00000000c71425c8) thrown at [./src/hotspot/share/prims/jni.cpp, line 636]
Event: 13.555 Thread 0x00007f5b54016800 Exception <a 'java/net/SocketTimeoutException'{0x00000000c7158f08}: Read timed out> (0x00000000c7158f08) thrown at [./src/hotspot/share/prims/jni.cpp, line 636]
Event: 13.582 Thread 0x00007f5b54016800 Exception <a 'java/net/SocketTimeoutException'{0x00000000c71a29f8}: Read timed out> (0x00000000c71a29f8) thrown at [./src/hotspot/share/prims/jni.cpp, line 636]
Event: 13.809 Thread 0x00007f5b54016800 Exception <a 'java/net/SocketTimeoutException'{0x00000000c71b4590}: Read timed out> (0x00000000c71b4590) thrown at [./src/hotspot/share/prims/jni.cpp, line 636]
Event: 13.822 Thread 0x00007f5b54016800 Exception <a 'java/net/SocketTimeoutException'{0x00000000c71e05a8}: Read timed out> (0x00000000c71e05a8) thrown at [./src/hotspot/share/prims/jni.cpp, line 636]
Event: 13.849 Thread 0x00007f5b54016800 Exception <a 'java/net/SocketTimeoutException'{0x00000000c71f0df8}: Read timed out> (0x00000000c71f0df8) thrown at [./src/hotspot/share/prims/jni.cpp, line 636]
Event: 13.860 Thread 0x00007f5b54016800 Exception <a 'java/net/SocketTimeoutException'{0x00000000c700b020}: Read timed out> (0x00000000c700b020) thrown at [./src/hotspot/share/prims/jni.cpp, line 636]
Event: 13.886 Thread 0x00007f5b54016800 Exception <a 'java/net/SocketTimeoutException'{0x00000000c701b9e8}: Read timed out> (0x00000000c701b9e8) thrown at [./src/hotspot/share/prims/jni.cpp, line 636]
Event: 13.944 Thread 0x00007f5b54016800 Exception <a 'java/lang/ClassNotFoundException'{0x00000000c6fd5158}: javax/smartcardio/CardPermission> (0x00000000c6fd5158) thrown at [./src/hotspot/share/classfile/systemDictionary.cpp, line 231]
Event: 13.948 Thread 0x00007f5b54016800 Exception <a 'java/io/FileNotFoundException'{0x00000000c6fe2070}> (0x00000000c6fe2070) thrown at [./src/hotspot/share/prims/jni.cpp, line 615]
Event: 13.994 Thread 0x00007f5b54016800 Exception <a 'java/lang/ClassNotFoundException'{0x00000000c6d41b88}: sun/awt/resources/spi/awtProvider> (0x00000000c6d41b88) thrown at [./src/hotspot/share/classfile/systemDictionary.cpp, line 231]
Event: 14.009 Thread 0x00007f5b54016800 Exception <a 'java/io/FileNotFoundException'{0x00000000c6d86e60}> (0x00000000c6d86e60) thrown at [./src/hotspot/share/prims/jni.cpp, line 615]
Event: 14.023 Thread 0x00007f5b54016800 Exception <a 'java/lang/NoSuchMethodError'{0x00000000c6de1c48}: 'java.lang.Object java.lang.invoke.DirectMethodHandle$Holder.invokeStatic(java.lang.Object, java.lang.Object, java.lang.Object, java.lang.Object, java.lang.Object, java.lang.Object, java.lang.Object, java.lang.Object, java.lang.Object, java.lang.Object, java.lang.Object, java.lang.Object, java.lang.Object, java.lang.Object, java.lang.Object)'> (0x00000000c6de1c48) thrown at [./src/hotspot/share/interpreter/linkResolver.cpp, line 773]
Event: 14.025 Thread 0x00007f5b54016800 Exception <a 'java/lang/NoSuchMethodError'{0x00000000c6def7f8}: 'java.lang.Object java.lang.invoke.DirectMethodHandle$Holder.invokeStatic(java.lang.Object, java.lang.Object, java.lang.Object, java.lang.Object, java.lang.Object, java.lang.Object, java.lang.Object, java.lang.Object, java.lang.Object, java.lang.Object, java.lang.Object, java.lang.Object, java.lang.Object, java.lang.Object, java.lang.Object, java.lang.Object)'> (0x00000000c6def7f8) thrown at [./src/hotspot/share/interpreter/linkResolver.cpp, l
Event: 14.027 Thread 0x00007f5b54016800 Exception <a 'java/lang/NoSuchMethodError'{0x00000000c6dfd468}: 'java.lang.Object java.lang.invoke.DirectMethodHandle$Holder.invokeSpecial(java.lang.Object, java.lang.Object, int, int, java.lang.Object, java.lang.Object, java.lang.Object)'> (0x00000000c6dfd468) thrown at [./src/hotspot/share/interpreter/linkResolver.cpp, line 773]
Event: 14.038 Thread 0x00007f5b54016800 Exception <a 'java/lang/NoSuchMethodError'{0x00000000c7f01060}: 'java.lang.Object java.lang.invoke.DelegatingMethodHandle$Holder.reinvoke_L(java.lang.Object, int, int, java.lang.Object, java.lang.Object, java.lang.Object)'> (0x00000000c7f01060) thrown at [./src/hotspot/share/interpreter/linkResolver.cpp, line 773]
Event: 14.039 Thread 0x00007f5b54016800 Exception <a 'java/lang/NoSuchMethodError'{0x00000000c7f05038}: 'java.lang.Object java.lang.invoke.DirectMethodHandle$Holder.invokeStatic(java.lang.Object, java.lang.Object, java.lang.Object, java.lang.Object, int)'> (0x00000000c7f05038) thrown at [./src/hotspot/share/interpreter/linkResolver.cpp, line 773]
Event: 14.137 Thread 0x00007f5b54016800 Exception <a 'java/lang/UnsatisfiedLinkError'{0x00000000c7c39690}: libtesseract.so: cannot open shared object file: No such file or directory> (0x00000000c7c39690) thrown at [./src/hotspot/share/prims/jni.cpp, line 636]
Event: 14.137 Thread 0x00007f5b54016800 Exception <a 'java/lang/UnsatisfiedLinkError'{0x00000000c7c3a1a0}: libtesseract.so: cannot open shared object file: No such file or directory> (0x00000000c7c3a1a0) thrown at [./src/hotspot/share/prims/jni.cpp, line 636]

Events (20 events):
Event: 14.251 loading class com/sun/imageio/plugins/tiff/TIFFIFD
Event: 14.251 loading class javax/imageio/plugins/tiff/TIFFDirectory
Event: 14.251 loading class javax/imageio/plugins/tiff/TIFFDirectory done
Event: 14.251 loading class com/sun/imageio/plugins/tiff/TIFFIFD done
Event: 14.251 loading class javax/imageio/plugins/tiff/TIFFField
Event: 14.251 loading class javax/imageio/plugins/tiff/TIFFField done
Event: 14.251 loading class com/sun/imageio/plugins/tiff/TIFFIFD$TIFFIFDEntry
Event: 14.252 loading class com/sun/imageio/plugins/tiff/TIFFIFD$TIFFIFDEntry done
Event: 14.252 loading class com/sun/imageio/plugins/tiff/TIFFDecompressor
Event: 14.252 loading class com/sun/imageio/plugins/tiff/TIFFDecompressor done
Event: 14.252 loading class com/sun/imageio/plugins/common/ImageUtil
Event: 14.253 loading class com/sun/imageio/plugins/common/ImageUtil done
Event: 14.253 loading class com/sun/imageio/plugins/tiff/TIFFNullDecompressor
Event: 14.253 loading class com/sun/imageio/plugins/tiff/TIFFNullDecompressor done
Event: 14.253 loading class com/sun/imageio/plugins/tiff/TIFFImageWriter
Event: 14.254 loading class com/sun/imageio/plugins/tiff/TIFFImageWriter done
Event: 14.255 loading class java/lang/StrictMath
Event: 14.255 loading class java/lang/StrictMath done
Event: 14.256 loading class com/sun/jna/Native$Buffers
Event: 14.256 loading class com/sun/jna/Native$Buffers done


Dynamic libraries:
c4400000-c8000000 rw-p 00000000 00:00 0 
c8000000-ffe00000 ---p 00000000 00:00 0 
ffe00000-ffe47000 rw-p 0110b000 08:01 12456481                           /usr/lib/jvm/java-11-openjdk-amd64/lib/server/classes.jsa
ffe47000-fff00000 rw-p 00000000 00:00 0 
fff00000-fff6a000 rw-p 010a1000 08:01 12456481                           /usr/lib/jvm/java-11-openjdk-amd64/lib/server/classes.jsa
fff6a000-100000000 rw-p 00000000 00:00 0 
800000000-800002000 rwxp 00001000 08:01 12456481                         /usr/lib/jvm/java-11-openjdk-amd64/lib/server/classes.jsa
800002000-8003b8000 rw-p 00003000 08:01 12456481                         /usr/lib/jvm/java-11-openjdk-amd64/lib/server/classes.jsa
8003b8000-800a93000 r--p 003b9000 08:01 12456481                         /usr/lib/jvm/java-11-openjdk-amd64/lib/server/classes.jsa
800a93000-800a94000 rw-p 00a94000 08:01 12456481                         /usr/lib/jvm/java-11-openjdk-amd64/lib/server/classes.jsa
800a94000-8010a0000 r--p 00a95000 08:01 12456481                         /usr/lib/jvm/java-11-openjdk-amd64/lib/server/classes.jsa
840000000-840200000 rw-p 00000000 00:00 0 
840200000-880000000 ---p 00000000 00:00 0 
56001e59f000-56001e5a0000 r-xp 00000000 08:01 12455190                   /usr/lib/jvm/java-11-openjdk-amd64/bin/java
56001e7a0000-56001e7a1000 r--p 00001000 08:01 12455190                   /usr/lib/jvm/java-11-openjdk-amd64/bin/java
56001e7a1000-56001e7a2000 rw-p 00002000 08:01 12455190                   /usr/lib/jvm/java-11-openjdk-amd64/bin/java
56001f590000-56001f5b1000 rw-p 00000000 00:00 0                          [heap]
7f5acbbf2000-7f5acbcf2000 rw-p 00000000 00:00 0 
7f5acbcf2000-7f5acbdf2000 ---p 00000000 00:00 0 
7f5acbdf2000-7f5acbdfd000 r-xp 00000000 08:01 6562053                    /usr/lib/x86_64-linux-gnu/libjbig.so.0
7f5acbdfd000-7f5acbffc000 ---p 0000b000 08:01 6562053                    /usr/lib/x86_64-linux-gnu/libjbig.so.0
7f5acbffc000-7f5acbffd000 r--p 0000a000 08:01 6562053                    /usr/lib/x86_64-linux-gnu/libjbig.so.0
7f5acbffd000-7f5acc000000 rw-p 0000b000 08:01 6562053                    /usr/lib/x86_64-linux-gnu/libjbig.so.0
7f5acc000000-7f5acc021000 rw-p 00000000 00:00 0 
7f5acc021000-7f5ad0000000 ---p 00000000 00:00 0 
7f5ad0000000-7f5ad0021000 rw-p 00000000 00:00 0 
7f5ad0021000-7f5ad4000000 ---p 00000000 00:00 0 
7f5ad4000000-7f5ad4021000 rw-p 00000000 00:00 0 
7f5ad4021000-7f5ad8000000 ---p 00000000 00:00 0 
7f5ad80bb000-7f5ad80df000 r-xp 00000000 08:01 9966594                    /lib/x86_64-linux-gnu/liblzma.so.5.2.2
7f5ad80df000-7f5ad82df000 ---p 00024000 08:01 9966594                    /lib/x86_64-linux-gnu/liblzma.so.5.2.2
7f5ad82df000-7f5ad82e0000 r--p 00024000 08:01 9966594                    /lib/x86_64-linux-gnu/liblzma.so.5.2.2
7f5ad82e0000-7f5ad82e1000 rw-p 00025000 08:01 9966594                    /lib/x86_64-linux-gnu/liblzma.so.5.2.2
7f5ad82e1000-7f5ad8335000 r-xp 00000000 08:01 6555779                    /usr/lib/x86_64-linux-gnu/libopenjp2.so.2.3.0
7f5ad8335000-7f5ad8535000 ---p 00054000 08:01 6555779                    /usr/lib/x86_64-linux-gnu/libopenjp2.so.2.3.0
7f5ad8535000-7f5ad8536000 r--p 00054000 08:01 6555779                    /usr/lib/x86_64-linux-gnu/libopenjp2.so.2.3.0
7f5ad8536000-7f5ad8537000 rw-p 00055000 08:01 6555779                    /usr/lib/x86_64-linux-gnu/libopenjp2.so.2.3.0
7f5ad8537000-7f5ad859d000 r-xp 00000000 08:01 6562528                    /usr/lib/x86_64-linux-gnu/libwebp.so.6.0.2
7f5ad859d000-7f5ad879c000 ---p 00066000 08:01 6562528                    /usr/lib/x86_64-linux-gnu/libwebp.so.6.0.2
7f5ad879c000-7f5ad879d000 r--p 00065000 08:01 6562528                    /usr/lib/x86_64-linux-gnu/libwebp.so.6.0.2
7f5ad879d000-7f5ad879e000 rw-p 00066000 08:01 6562528                    /usr/lib/x86_64-linux-gnu/libwebp.so.6.0.2
7f5ad879e000-7f5ad87a0000 rw-p 00000000 00:00 0 
7f5ad87a0000-7f5ad8813000 r-xp 00000000 08:01 6554686                    /usr/lib/x86_64-linux-gnu/libtiff.so.5.3.0
7f5ad8813000-7f5ad8a12000 ---p 00073000 08:01 6554686                    /usr/lib/x86_64-linux-gnu/libtiff.so.5.3.0
7f5ad8a12000-7f5ad8a16000 r--p 00072000 08:01 6554686                    /usr/lib/x86_64-linux-gnu/libtiff.so.5.3.0
7f5ad8a16000-7f5ad8a17000 rw-p 00076000 08:01 6554686                    /usr/lib/x86_64-linux-gnu/libtiff.so.5.3.0
7f5ad8a17000-7f5ad8a1f000 r-xp 00000000 08:01 6562893                    /usr/lib/x86_64-linux-gnu/libgif.so.7.0.0
7f5ad8a1f000-7f5ad8c1e000 ---p 00008000 08:01 6562893                    /usr/lib/x86_64-linux-gnu/libgif.so.7.0.0
7f5ad8c1e000-7f5ad8c1f000 r--p 00007000 08:01 6562893                    /usr/lib/x86_64-linux-gnu/libgif.so.7.0.0
7f5ad8c1f000-7f5ad8c20000 rw-p 00008000 08:01 6562893                    /usr/lib/x86_64-linux-gnu/libgif.so.7.0.0
7f5ad8c20000-7f5ad8c87000 r-xp 00000000 08:01 6554613                    /usr/lib/x86_64-linux-gnu/libjpeg.so.8.1.2
7f5ad8c87000-7f5ad8e86000 ---p 00067000 08:01 6554613                    /usr/lib/x86_64-linux-gnu/libjpeg.so.8.1.2
7f5ad8e86000-7f5ad8e87000 r--p 00066000 08:01 6554613                    /usr/lib/x86_64-linux-gnu/libjpeg.so.8.1.2
7f5ad8e87000-7f5ad8e88000 rw-p 00067000 08:01 6554613                    /usr/lib/x86_64-linux-gnu/libjpeg.so.8.1.2
7f5ad8e88000-7f5ad8eb9000 r-xp 00000000 08:01 6562256                    /usr/lib/x86_64-linux-gnu/libpng16.so.16.34.0
7f5ad8eb9000-7f5ad90b8000 ---p 00031000 08:01 6562256                    /usr/lib/x86_64-linux-gnu/libpng16.so.16.34.0
7f5ad90b8000-7f5ad90b9000 r--p 00030000 08:01 6562256                    /usr/lib/x86_64-linux-gnu/libpng16.so.16.34.0
7f5ad90b9000-7f5ad90ba000 rw-p 00031000 08:01 6562256                    /usr/lib/x86_64-linux-gnu/libpng16.so.16.34.0
7f5ad90ba000-7f5ad90e8000 r-xp 00000000 08:01 6555237                    /usr/lib/x86_64-linux-gnu/libgomp.so.1.0.0
7f5ad90e8000-7f5ad92e7000 ---p 0002e000 08:01 6555237                    /usr/lib/x86_64-linux-gnu/libgomp.so.1.0.0
7f5ad92e7000-7f5ad92e8000 r--p 0002d000 08:01 6555237                    /usr/lib/x86_64-linux-gnu/libgomp.so.1.0.0
7f5ad92e8000-7f5ad92e9000 rw-p 0002e000 08:01 6555237                    /usr/lib/x86_64-linux-gnu/libgomp.so.1.0.0
7f5ad92e9000-7f5ad9545000 r-xp 00000000 08:01 6556067                    /usr/lib/x86_64-linux-gnu/liblept.so.5.0.2
7f5ad9545000-7f5ad9744000 ---p 0025c000 08:01 6556067                    /usr/lib/x86_64-linux-gnu/liblept.so.5.0.2
7f5ad9744000-7f5ad9745000 r--p 0025b000 08:01 6556067                    /usr/lib/x86_64-linux-gnu/liblept.so.5.0.2
7f5ad9745000-7f5ad974b000 rw-p 0025c000 08:01 6556067                    /usr/lib/x86_64-linux-gnu/liblept.so.5.0.2
7f5ad974b000-7f5ad9a58000 r-xp 00000000 08:01 6556069                    /usr/lib/x86_64-linux-gnu/libtesseract.so.4.0.0
7f5ad9a58000-7f5ad9c57000 ---p 0030d000 08:01 6556069                    /usr/lib/x86_64-linux-gnu/libtesseract.so.4.0.0
7f5ad9c57000-7f5ad9c5c000 r--p 0030c000 08:01 6556069                    /usr/lib/x86_64-linux-gnu/libtesseract.so.4.0.0
7f5ad9c5c000-7f5ad9c5d000 rw-p 00311000 08:01 6556069                    /usr/lib/x86_64-linux-gnu/libtesseract.so.4.0.0
7f5ad9c5d000-7f5ad9f01000 rw-p 00000000 00:00 0 
7f5ad9f01000-7f5ad9f18000 r-xp 00000000 08:01 19017299                   /tmp/jna-104583599/jna14029263999483548694.tmp (deleted)
7f5ad9f18000-7f5ada017000 ---p 00017000 08:01 19017299                   /tmp/jna-104583599/jna14029263999483548694.tmp (deleted)
7f5ada017000-7f5ada019000 rw-p 00016000 08:01 19017299                   /tmp/jna-104583599/jna14029263999483548694.tmp (deleted)
7f5ada019000-7f5ada02c000 r-xp 00000000 08:01 9961655                    /lib/x86_64-linux-gnu/libbsd.so.0.8.7
7f5ada02c000-7f5ada22b000 ---p 00013000 08:01 9961655                    /lib/x86_64-linux-gnu/libbsd.so.0.8.7
7f5ada22b000-7f5ada22c000 r--p 00012000 08:01 9961655                    /lib/x86_64-linux-gnu/libbsd.so.0.8.7
7f5ada22c000-7f5ada22d000 rw-p 00013000 08:01 9961655                    /lib/x86_64-linux-gnu/libbsd.so.0.8.7
7f5ada22d000-7f5ada22e000 rw-p 00000000 00:00 0 
7f5ada22e000-7f5ada233000 r-xp 00000000 08:01 6561397                    /usr/lib/x86_64-linux-gnu/libXdmcp.so.6.0.0
7f5ada233000-7f5ada432000 ---p 00005000 08:01 6561397                    /usr/lib/x86_64-linux-gnu/libXdmcp.so.6.0.0
7f5ada432000-7f5ada433000 r--p 00004000 08:01 6561397                    /usr/lib/x86_64-linux-gnu/libXdmcp.so.6.0.0
7f5ada433000-7f5ada434000 rw-p 00005000 08:01 6561397                    /usr/lib/x86_64-linux-gnu/libXdmcp.so.6.0.0
7f5ada434000-7f5ada436000 r-xp 00000000 08:01 6561386                    /usr/lib/x86_64-linux-gnu/libXau.so.6.0.0
7f5ada436000-7f5ada636000 ---p 00002000 08:01 6561386                    /usr/lib/x86_64-linux-gnu/libXau.so.6.0.0
7f5ada636000-7f5ada637000 r--p 00002000 08:01 6561386                    /usr/lib/x86_64-linux-gnu/libXau.so.6.0.0
7f5ada637000-7f5ada638000 rw-p 00003000 08:01 6561386                    /usr/lib/x86_64-linux-gnu/libXau.so.6.0.0
7f5ada638000-7f5ada65e000 r-xp 00000000 08:01 6562599                    /usr/lib/x86_64-linux-gnu/libxcb.so.1.1.0
7f5ada65e000-7f5ada85e000 ---p 00026000 08:01 6562599                    /usr/lib/x86_64-linux-gnu/libxcb.so.1.1.0
7f5ada85e000-7f5ada85f000 r--p 00026000 08:01 6562599                    /usr/lib/x86_64-linux-gnu/libxcb.so.1.1.0
7f5ada85f000-7f5ada860000 rw-p 00027000 08:01 6562599                    /usr/lib/x86_64-linux-gnu/libxcb.so.1.1.0
7f5ada860000-7f5ada86f000 r-xp 00000000 08:01 6561407                    /usr/lib/x86_64-linux-gnu/libXi.so.6.1.0
7f5ada86f000-7f5adaa6e000 ---p 0000f000 08:01 6561407                    /usr/lib/x86_64-linux-gnu/libXi.so.6.1.0
7f5adaa6e000-7f5adaa6f000 r--p 0000e000 08:01 6561407                    /usr/lib/x86_64-linux-gnu/libXi.so.6.1.0
7f5adaa6f000-7f5adaa70000 rw-p 0000f000 08:01 6561407                    /usr/lib/x86_64-linux-gnu/libXi.so.6.1.0
7f5adaa70000-7f5adaa75000 r-xp 00000000 08:01 6561425                    /usr/lib/x86_64-linux-gnu/libXtst.so.6.1.0
7f5adaa75000-7f5adac74000 ---p 00005000 08:01 6561425                    /usr/lib/x86_64-linux-gnu/libXtst.so.6.1.0
7f5adac74000-7f5adac75000 r--p 00004000 08:01 6561425                    /usr/lib/x86_64-linux-gnu/libXtst.so.6.1.0
7f5adac75000-7f5adac76000 rw-p 00005000 08:01 6561425                    /usr/lib/x86_64-linux-gnu/libXtst.so.6.1.0
7f5adac76000-7f5adac7f000 r-xp 00000000 08:01 6561419                    /usr/lib/x86_64-linux-gnu/libXrender.so.1.3.0
7f5adac7f000-7f5adae7e000 ---p 00009000 08:01 6561419                    /usr/lib/x86_64-linux-gnu/libXrender.so.1.3.0
7f5adae7e000-7f5adae7f000 r--p 00008000 08:01 6561419                    /usr/lib/x86_64-linux-gnu/libXrender.so.1.3.0
7f5adae7f000-7f5adae80000 rw-p 00009000 08:01 6561419                    /usr/lib/x86_64-linux-gnu/libXrender.so.1.3.0
7f5adae80000-7f5adafb3000 r-xp 00000000 08:01 6561382                    /usr/lib/x86_64-linux-gnu/libX11.so.6.3.0
7f5adafb3000-7f5adb1b3000 ---p 00133000 08:01 6561382                    /usr/lib/x86_64-linux-gnu/libX11.so.6.3.0
7f5adb1b3000-7f5adb1b4000 r--p 00133000 08:01 6561382                    /usr/lib/x86_64-linux-gnu/libX11.so.6.3.0
7f5adb1b4000-7f5adb1b8000 rw-p 00134000 08:01 6561382                    /usr/lib/x86_64-linux-gnu/libX11.so.6.3.0
7f5adb1b8000-7f5adb1c9000 r-xp 00000000 08:01 6561399                    /usr/lib/x86_64-linux-gnu/libXext.so.6.4.0
7f5adb1c9000-7f5adb3c8000 ---p 00011000 08:01 6561399                    /usr/lib/x86_64-linux-gnu/libXext.so.6.4.0
7f5adb3c8000-7f5adb3c9000 r--p 00010000 08:01 6561399                    /usr/lib/x86_64-linux-gnu/libXext.so.6.4.0
7f5adb3c9000-7f5adb3ca000 rw-p 00011000 08:01 6561399                    /usr/lib/x86_64-linux-gnu/libXext.so.6.4.0
7f5adb3ca000-7f5adb429000 r-xp 00000000 08:01 12455373                   /usr/lib/jvm/java-11-openjdk-amd64/lib/libawt_xawt.so
7f5adb429000-7f5adb628000 ---p 0005f000 08:01 12455373                   /usr/lib/jvm/java-11-openjdk-amd64/lib/libawt_xawt.so
7f5adb628000-7f5adb629000 r--p 0005e000 08:01 12455373                   /usr/lib/jvm/java-11-openjdk-amd64/lib/libawt_xawt.so
7f5adb629000-7f5adb62c000 rw-p 0005f000 08:01 12455373                   /usr/lib/jvm/java-11-openjdk-amd64/lib/libawt_xawt.so
7f5adb62c000-7f5adb62e000 rw-p 00000000 00:00 0 
7f5adb62e000-7f5adb6cc000 r-xp 00000000 08:01 12455371                   /usr/lib/jvm/java-11-openjdk-amd64/lib/libawt.so
7f5adb6cc000-7f5adb8cc000 ---p 0009e000 08:01 12455371                   /usr/lib/jvm/java-11-openjdk-amd64/lib/libawt.so
7f5adb8cc000-7f5adb8cd000 r--p 0009e000 08:01 12455371                   /usr/lib/jvm/java-11-openjdk-amd64/lib/libawt.so
7f5adb8cd000-7f5adb8d8000 rw-p 0009f000 08:01 12455371                   /usr/lib/jvm/java-11-openjdk-amd64/lib/libawt.so
7f5adb8d8000-7f5adbafd000 rw-p 00000000 00:00 0 
7f5adbafd000-7f5adbb01000 ---p 00000000 00:00 0 
7f5adbb01000-7f5adbbfe000 rw-p 00000000 00:00 0 
7f5adbbfe000-7f5adbc02000 ---p 00000000 00:00 0 
7f5adbc02000-7f5adbeff000 rw-p 00000000 00:00 0 
7f5adbeff000-7f5adbf03000 ---p 00000000 00:00 0 
7f5adbf03000-7f5adc000000 rw-p 00000000 00:00 0 
7f5adc000000-7f5adc021000 rw-p 00000000 00:00 0 
7f5adc021000-7f5ae0000000 ---p 00000000 00:00 0 
7f5ae0000000-7f5ae0021000 rw-p 00000000 00:00 0 
7f5ae0021000-7f5ae4000000 ---p 00000000 00:00 0 
7f5ae4000000-7f5ae4021000 rw-p 00000000 00:00 0 
7f5ae4021000-7f5ae8000000 ---p 00000000 00:00 0 
7f5ae8000000-7f5ae8021000 rw-p 00000000 00:00 0 
7f5ae8021000-7f5aec000000 ---p 00000000 00:00 0 
7f5aec000000-7f5aec021000 rw-p 00000000 00:00 0 
7f5aec021000-7f5af0000000 ---p 00000000 00:00 0 
7f5af0000000-7f5af01d7000 rw-p 00000000 00:00 0 
7f5af01d7000-7f5af4000000 ---p 00000000 00:00 0 
7f5af4000000-7f5af4021000 rw-p 00000000 00:00 0 
7f5af4021000-7f5af8000000 ---p 00000000 00:00 0 
7f5af8000000-7f5af8021000 rw-p 00000000 00:00 0 
7f5af8021000-7f5afc000000 ---p 00000000 00:00 0 
7f5afc000000-7f5afc021000 rw-p 00000000 00:00 0 
7f5afc021000-7f5b00000000 ---p 00000000 00:00 0 
7f5b00000000-7f5b00021000 rw-p 00000000 00:00 0 
7f5b00021000-7f5b04000000 ---p 00000000 00:00 0 
7f5b04000000-7f5b04437000 rw-p 00000000 00:00 0 
7f5b04437000-7f5b08000000 ---p 00000000 00:00 0 
7f5b08000000-7f5b08021000 rw-p 00000000 00:00 0 
7f5b08021000-7f5b0c000000 ---p 00000000 00:00 0 
7f5b0c000000-7f5b0c021000 rw-p 00000000 00:00 0 
7f5b0c021000-7f5b10000000 ---p 00000000 00:00 0 
7f5b10000000-7f5b103d7000 rw-p 00000000 00:00 0 
7f5b103d7000-7f5b14000000 ---p 00000000 00:00 0 
7f5b14000000-7f5b14021000 rw-p 00000000 00:00 0 
7f5b14021000-7f5b18000000 ---p 00000000 00:00 0 
7f5b18000000-7f5b18021000 rw-p 00000000 00:00 0 
7f5b18021000-7f5b1c000000 ---p 00000000 00:00 0 
7f5b1c000000-7f5b1c021000 rw-p 00000000 00:00 0 
7f5b1c021000-7f5b20000000 ---p 00000000 00:00 0 
7f5b20000000-7f5b20021000 rw-p 00000000 00:00 0 
7f5b20021000-7f5b24000000 ---p 00000000 00:00 0 
7f5b24000000-7f5b24021000 rw-p 00000000 00:00 0 
7f5b24021000-7f5b28000000 ---p 00000000 00:00 0 
7f5b280c7000-7f5b280cb000 ---p 00000000 00:00 0 
7f5b280cb000-7f5b281c8000 rw-p 00000000 00:00 0 
7f5b281c8000-7f5b281cc000 ---p 00000000 00:00 0 
7f5b281cc000-7f5b282c9000 rw-p 00000000 00:00 0 
7f5b282c9000-7f5b282cd000 ---p 00000000 00:00 0 
7f5b282cd000-7f5b283ca000 rw-p 00000000 00:00 0 
7f5b283ca000-7f5b283ce000 ---p 00000000 00:00 0 
7f5b283ce000-7f5b284cb000 rw-p 00000000 00:00 0 
7f5b284cb000-7f5b284cc000 ---p 00000000 00:00 0 
7f5b284cc000-7f5b285cd000 rw-p 00000000 00:00 0 
7f5b285cd000-7f5b285ce000 ---p 00000000 00:00 0 
7f5b285ce000-7f5b286cf000 rw-p 00000000 00:00 0 
7f5b286cf000-7f5b286f9000 r-xp 00000000 08:01 12455404                   /usr/lib/jvm/java-11-openjdk-amd64/lib/libsunec.so
7f5b286f9000-7f5b288f8000 ---p 0002a000 08:01 12455404                   /usr/lib/jvm/java-11-openjdk-amd64/lib/libsunec.so
7f5b288f8000-7f5b288fc000 r--p 00029000 08:01 12455404                   /usr/lib/jvm/java-11-openjdk-amd64/lib/libsunec.so
7f5b288fc000-7f5b288fe000 rw-p 0002d000 08:01 12455404                   /usr/lib/jvm/java-11-openjdk-amd64/lib/libsunec.so
7f5b288fe000-7f5b28900000 r-xp 00000000 08:01 12455375                   /usr/lib/jvm/java-11-openjdk-amd64/lib/libextnet.so
7f5b28900000-7f5b28aff000 ---p 00002000 08:01 12455375                   /usr/lib/jvm/java-11-openjdk-amd64/lib/libextnet.so
7f5b28aff000-7f5b28b00000 r--p 00001000 08:01 12455375                   /usr/lib/jvm/java-11-openjdk-amd64/lib/libextnet.so
7f5b28b00000-7f5b28b01000 rw-p 00002000 08:01 12455375                   /usr/lib/jvm/java-11-openjdk-amd64/lib/libextnet.so
7f5b28b01000-7f5b28b17000 r-xp 00000000 08:01 12455398                   /usr/lib/jvm/java-11-openjdk-amd64/lib/libnet.so
7f5b28b17000-7f5b28d16000 ---p 00016000 08:01 12455398                   /usr/lib/jvm/java-11-openjdk-amd64/lib/libnet.so
7f5b28d16000-7f5b28d17000 r--p 00015000 08:01 12455398                   /usr/lib/jvm/java-11-openjdk-amd64/lib/libnet.so
7f5b28d17000-7f5b28d18000 rw-p 00016000 08:01 12455398                   /usr/lib/jvm/java-11-openjdk-amd64/lib/libnet.so
7f5b28d18000-7f5b28d28000 r-xp 00000000 08:01 12455399                   /usr/lib/jvm/java-11-openjdk-amd64/lib/libnio.so
7f5b28d28000-7f5b28f27000 ---p 00010000 08:01 12455399                   /usr/lib/jvm/java-11-openjdk-amd64/lib/libnio.so
7f5b28f27000-7f5b28f28000 r--p 0000f000 08:01 12455399                   /usr/lib/jvm/java-11-openjdk-amd64/lib/libnio.so
7f5b28f28000-7f5b28f29000 rw-p 00010000 08:01 12455399                   /usr/lib/jvm/java-11-openjdk-amd64/lib/libnio.so
7f5b28f29000-7f5b28f2d000 ---p 00000000 00:00 0 
7f5b28f2d000-7f5b2902a000 rw-p 00000000 00:00 0 
7f5b2902a000-7f5b2902b000 ---p 00000000 00:00 0 
7f5b2902b000-7f5b2912c000 rw-p 00000000 00:00 0 
7f5b2912c000-7f5b29130000 ---p 00000000 00:00 0 
7f5b29130000-7f5b2922d000 rw-p 00000000 00:00 0 
7f5b2922d000-7f5b29231000 ---p 00000000 00:00 0 
7f5b29231000-7f5b2932e000 rw-p 00000000 00:00 0 
7f5b2932e000-7f5b29332000 ---p 00000000 00:00 0 
7f5b29332000-7f5b2942f000 rw-p 00000000 00:00 0 
7f5b2942f000-7f5b29433000 ---p 00000000 00:00 0 
7f5b29433000-7f5b29530000 rw-p 00000000 00:00 0 
7f5b29530000-7f5b29534000 ---p 00000000 00:00 0 
7f5b29534000-7f5b29631000 rw-p 00000000 00:00 0 
7f5b29631000-7f5b2a000000 r--p 00000000 08:01 6560357                    /usr/lib/locale/locale-archive
7f5b2a000000-7f5b2c000000 rw-p 00000000 00:00 0 
7f5b2c000000-7f5b2c021000 rw-p 00000000 00:00 0 
7f5b2c021000-7f5b30000000 ---p 00000000 00:00 0 
7f5b30000000-7f5b30021000 rw-p 00000000 00:00 0 
7f5b30021000-7f5b34000000 ---p 00000000 00:00 0 
7f5b34000000-7f5b34021000 rw-p 00000000 00:00 0 
7f5b34021000-7f5b38000000 ---p 00000000 00:00 0 
7f5b3802f000-7f5b38033000 ---p 00000000 00:00 0 
7f5b38033000-7f5b38051000 rw-p 00000000 00:00 0 
7f5b38051000-7f5b38055000 ---p 00000000 00:00 0 
7f5b38055000-7f5b38152000 rw-p 00000000 00:00 0 
7f5b38152000-7f5b38156000 ---p 00000000 00:00 0 
7f5b38156000-7f5b38253000 rw-p 00000000 00:00 0 
7f5b38253000-7f5b38254000 ---p 00000000 00:00 0 
7f5b38254000-7f5b38c31000 rw-p 00000000 00:00 0 
7f5b38c31000-7f5b38c32000 ---p 00000000 00:00 0 
7f5b38c32000-7f5b38d33000 rw-p 00000000 00:00 0 
7f5b38d33000-7f5b38d34000 ---p 00000000 00:00 0 
7f5b38d34000-7f5b39239000 rw-p 00000000 00:00 0 
7f5b39239000-7f5b3923a000 ---p 00000000 00:00 0 
7f5b3923a000-7f5b3933b000 rw-p 00000000 00:00 0 
7f5b3933b000-7f5b3933c000 ---p 00000000 00:00 0 
7f5b3933c000-7f5b3952d000 rw-p 00000000 00:00 0 
7f5b3952d000-7f5b3a325000 ---p 00000000 00:00 0 
7f5b3a325000-7f5b3a41d000 rw-p 00000000 00:00 0 
7f5b3a41d000-7f5b3b215000 ---p 00000000 00:00 0 
7f5b3b215000-7f5b3b23b000 rw-p 00000000 00:00 0 
7f5b3b23b000-7f5b3b3fa000 ---p 00000000 00:00 0 
7f5b3b3fa000-7f5b3b419000 rw-p 00000000 00:00 0 
7f5b3b419000-7f5b3b5d8000 ---p 00000000 00:00 0 
7f5b3b5d8000-7f5b3b5f7000 rw-p 00000000 00:00 0 
7f5b3b5f7000-7f5b3b7b6000 ---p 00000000 00:00 0 
7f5b3b7b6000-7f5b3bbbb000 rw-p 00000000 00:00 0 
7f5b3bbbb000-7f5b3bbbc000 ---p 00000000 00:00 0 
7f5b3bbbc000-7f5b3bcbd000 rw-p 00000000 00:00 0 
7f5b3bcbd000-7f5b3bf2d000 rwxp 00000000 00:00 0 
7f5b3bf2d000-7f5b3c24d000 ---p 00000000 00:00 0 
7f5b3c24d000-7f5b3c5ed000 rwxp 00000000 00:00 0 
7f5b3c5ed000-7f5b43785000 ---p 00000000 00:00 0 
7f5b43785000-7f5b439f5000 rwxp 00000000 00:00 0 
7f5b439f5000-7f5b4acbd000 ---p 00000000 00:00 0 
7f5b4acbd000-7f5b533b0000 r--s 00000000 08:01 12455408                   /usr/lib/jvm/java-11-openjdk-amd64/lib/modules
7f5b533b0000-7f5b533b5000 r-xp 00000000 08:01 12455386                   /usr/lib/jvm/java-11-openjdk-amd64/lib/libjimage.so
7f5b533b5000-7f5b535b4000 ---p 00005000 08:01 12455386                   /usr/lib/jvm/java-11-openjdk-amd64/lib/libjimage.so
7f5b535b4000-7f5b535b5000 r--p 00004000 08:01 12455386                   /usr/lib/jvm/java-11-openjdk-amd64/lib/libjimage.so
7f5b535b5000-7f5b535b6000 rw-p 00005000 08:01 12455386                   /usr/lib/jvm/java-11-openjdk-amd64/lib/libjimage.so
7f5b535b6000-7f5b535bd000 r-xp 00000000 08:01 12455407                   /usr/lib/jvm/java-11-openjdk-amd64/lib/libzip.so
7f5b535bd000-7f5b537bc000 ---p 00007000 08:01 12455407                   /usr/lib/jvm/java-11-openjdk-amd64/lib/libzip.so
7f5b537bc000-7f5b537bd000 r--p 00006000 08:01 12455407                   /usr/lib/jvm/java-11-openjdk-amd64/lib/libzip.so
7f5b537bd000-7f5b537be000 rw-p 00007000 08:01 12455407                   /usr/lib/jvm/java-11-openjdk-amd64/lib/libzip.so
7f5b537be000-7f5b537c9000 r-xp 00000000 08:01 9966624                    /lib/x86_64-linux-gnu/libnss_files-2.27.so
7f5b537c9000-7f5b539c8000 ---p 0000b000 08:01 9966624                    /lib/x86_64-linux-gnu/libnss_files-2.27.so
7f5b539c8000-7f5b539c9000 r--p 0000a000 08:01 9966624                    /lib/x86_64-linux-gnu/libnss_files-2.27.so
7f5b539c9000-7f5b539ca000 rw-p 0000b000 08:01 9966624                    /lib/x86_64-linux-gnu/libnss_files-2.27.so
7f5b539ca000-7f5b539d0000 rw-p 00000000 00:00 0 
7f5b539d0000-7f5b539e7000 r-xp 00000000 08:01 9966618                    /lib/x86_64-linux-gnu/libnsl-2.27.so
7f5b539e7000-7f5b53be6000 ---p 00017000 08:01 9966618                    /lib/x86_64-linux-gnu/libnsl-2.27.so
7f5b53be6000-7f5b53be7000 r--p 00016000 08:01 9966618                    /lib/x86_64-linux-gnu/libnsl-2.27.so
7f5b53be7000-7f5b53be8000 rw-p 00017000 08:01 9966618                    /lib/x86_64-linux-gnu/libnsl-2.27.so
7f5b53be8000-7f5b53bea000 rw-p 00000000 00:00 0 
7f5b53bea000-7f5b53bf5000 r-xp 00000000 08:01 9966635                    /lib/x86_64-linux-gnu/libnss_nis-2.27.so
7f5b53bf5000-7f5b53df4000 ---p 0000b000 08:01 9966635                    /lib/x86_64-linux-gnu/libnss_nis-2.27.so
7f5b53df4000-7f5b53df5000 r--p 0000a000 08:01 9966635                    /lib/x86_64-linux-gnu/libnss_nis-2.27.so
7f5b53df5000-7f5b53df6000 rw-p 0000b000 08:01 9966635                    /lib/x86_64-linux-gnu/libnss_nis-2.27.so
7f5b53df6000-7f5b53dfe000 r-xp 00000000 08:01 9966620                    /lib/x86_64-linux-gnu/libnss_compat-2.27.so
7f5b53dfe000-7f5b53ffe000 ---p 00008000 08:01 9966620                    /lib/x86_64-linux-gnu/libnss_compat-2.27.so
7f5b53ffe000-7f5b53fff000 r--p 00008000 08:01 9966620                    /lib/x86_64-linux-gnu/libnss_compat-2.27.so
7f5b53fff000-7f5b54000000 rw-p 00009000 08:01 9966620                    /lib/x86_64-linux-gnu/libnss_compat-2.27.so
7f5b54000000-7f5b54879000 rw-p 00000000 00:00 0 
7f5b54879000-7f5b58000000 ---p 00000000 00:00 0 
7f5b58004000-7f5b58009000 rw-p 00000000 00:00 0 
7f5b58009000-7f5b580ef000 ---p 00000000 00:00 0 
7f5b580ef000-7f5b580f7000 rw-p 00000000 00:00 0 
7f5b580f7000-7f5b581da000 ---p 00000000 00:00 0 
7f5b581da000-7f5b58203000 r-xp 00000000 08:01 12455382                   /usr/lib/jvm/java-11-openjdk-amd64/lib/libjava.so
7f5b58203000-7f5b58402000 ---p 00029000 08:01 12455382                   /usr/lib/jvm/java-11-openjdk-amd64/lib/libjava.so
7f5b58402000-7f5b58403000 r--p 00028000 08:01 12455382                   /usr/lib/jvm/java-11-openjdk-amd64/lib/libjava.so
7f5b58403000-7f5b58405000 rw-p 00029000 08:01 12455382                   /usr/lib/jvm/java-11-openjdk-amd64/lib/libjava.so
7f5b58405000-7f5b58412000 r-xp 00000000 08:01 12455406                   /usr/lib/jvm/java-11-openjdk-amd64/lib/libverify.so
7f5b58412000-7f5b58611000 ---p 0000d000 08:01 12455406                   /usr/lib/jvm/java-11-openjdk-amd64/lib/libverify.so
7f5b58611000-7f5b58613000 r--p 0000c000 08:01 12455406                   /usr/lib/jvm/java-11-openjdk-amd64/lib/libverify.so
7f5b58613000-7f5b58614000 rw-p 0000e000 08:01 12455406                   /usr/lib/jvm/java-11-openjdk-amd64/lib/libverify.so
7f5b58614000-7f5b5861b000 r-xp 00000000 08:01 9966675                    /lib/x86_64-linux-gnu/librt-2.27.so
7f5b5861b000-7f5b5881a000 ---p 00007000 08:01 9966675                    /lib/x86_64-linux-gnu/librt-2.27.so
7f5b5881a000-7f5b5881b000 r--p 00006000 08:01 9966675                    /lib/x86_64-linux-gnu/librt-2.27.so
7f5b5881b000-7f5b5881c000 rw-p 00007000 08:01 9966675                    /lib/x86_64-linux-gnu/librt-2.27.so
7f5b5881c000-7f5b58833000 r-xp 00000000 08:01 9961786                    /lib/x86_64-linux-gnu/libgcc_s.so.1
7f5b58833000-7f5b58a32000 ---p 00017000 08:01 9961786                    /lib/x86_64-linux-gnu/libgcc_s.so.1
7f5b58a32000-7f5b58a33000 r--p 00016000 08:01 9961786                    /lib/x86_64-linux-gnu/libgcc_s.so.1
7f5b58a33000-7f5b58a34000 rw-p 00017000 08:01 9961786                    /lib/x86_64-linux-gnu/libgcc_s.so.1
7f5b58a34000-7f5b58bd1000 r-xp 00000000 08:01 9966597                    /lib/x86_64-linux-gnu/libm-2.27.so
7f5b58bd1000-7f5b58dd0000 ---p 0019d000 08:01 9966597                    /lib/x86_64-linux-gnu/libm-2.27.so
7f5b58dd0000-7f5b58dd1000 r--p 0019c000 08:01 9966597                    /lib/x86_64-linux-gnu/libm-2.27.so
7f5b58dd1000-7f5b58dd2000 rw-p 0019d000 08:01 9966597                    /lib/x86_64-linux-gnu/libm-2.27.so
7f5b58dd2000-7f5b58f4b000 r-xp 00000000 08:01 6555233                    /usr/lib/x86_64-linux-gnu/libstdc++.so.6.0.25
7f5b58f4b000-7f5b5914b000 ---p 00179000 08:01 6555233                    /usr/lib/x86_64-linux-gnu/libstdc++.so.6.0.25
7f5b5914b000-7f5b59155000 r--p 00179000 08:01 6555233                    /usr/lib/x86_64-linux-gnu/libstdc++.so.6.0.25
7f5b59155000-7f5b59157000 rw-p 00183000 08:01 6555233                    /usr/lib/x86_64-linux-gnu/libstdc++.so.6.0.25
7f5b59157000-7f5b5915b000 rw-p 00000000 00:00 0 
7f5b5915b000-7f5b5a238000 r-xp 00000000 08:01 12455413                   /usr/lib/jvm/java-11-openjdk-amd64/lib/server/libjvm.so
7f5b5a238000-7f5b5a437000 ---p 010dd000 08:01 12455413                   /usr/lib/jvm/java-11-openjdk-amd64/lib/server/libjvm.so
7f5b5a437000-7f5b5a4f4000 r--p 010dc000 08:01 12455413                   /usr/lib/jvm/java-11-openjdk-amd64/lib/server/libjvm.so
7f5b5a4f4000-7f5b5a52e000 rw-p 01199000 08:01 12455413                   /usr/lib/jvm/java-11-openjdk-amd64/lib/server/libjvm.so
7f5b5a52e000-7f5b5a584000 rw-p 00000000 00:00 0 
7f5b5a584000-7f5b5a59e000 r-xp 00000000 08:01 9966667                    /lib/x86_64-linux-gnu/libpthread-2.27.so
7f5b5a59e000-7f5b5a79d000 ---p 0001a000 08:01 9966667                    /lib/x86_64-linux-gnu/libpthread-2.27.so
7f5b5a79d000-7f5b5a79e000 r--p 00019000 08:01 9966667                    /lib/x86_64-linux-gnu/libpthread-2.27.so
7f5b5a79e000-7f5b5a79f000 rw-p 0001a000 08:01 9966667                    /lib/x86_64-linux-gnu/libpthread-2.27.so
7f5b5a79f000-7f5b5a7a3000 rw-p 00000000 00:00 0 
7f5b5a7a3000-7f5b5a7a6000 r-xp 00000000 08:01 9966557                    /lib/x86_64-linux-gnu/libdl-2.27.so
7f5b5a7a6000-7f5b5a9a5000 ---p 00003000 08:01 9966557                    /lib/x86_64-linux-gnu/libdl-2.27.so
7f5b5a9a5000-7f5b5a9a6000 r--p 00002000 08:01 9966557                    /lib/x86_64-linux-gnu/libdl-2.27.so
7f5b5a9a6000-7f5b5a9a7000 rw-p 00003000 08:01 9966557                    /lib/x86_64-linux-gnu/libdl-2.27.so
7f5b5a9a7000-7f5b5a9c3000 r-xp 00000000 08:01 9966706                    /lib/x86_64-linux-gnu/libz.so.1.2.11
7f5b5a9c3000-7f5b5abc2000 ---p 0001c000 08:01 9966706                    /lib/x86_64-linux-gnu/libz.so.1.2.11
7f5b5abc2000-7f5b5abc3000 r--p 0001b000 08:01 9966706                    /lib/x86_64-linux-gnu/libz.so.1.2.11
7f5b5abc3000-7f5b5abc4000 rw-p 0001c000 08:01 9966706                    /lib/x86_64-linux-gnu/libz.so.1.2.11
7f5b5abc4000-7f5b5adab000 r-xp 00000000 08:01 9966534                    /lib/x86_64-linux-gnu/libc-2.27.so
7f5b5adab000-7f5b5afab000 ---p 001e7000 08:01 9966534                    /lib/x86_64-linux-gnu/libc-2.27.so
7f5b5afab000-7f5b5afaf000 r--p 001e7000 08:01 9966534                    /lib/x86_64-linux-gnu/libc-2.27.so
7f5b5afaf000-7f5b5afb1000 rw-p 001eb000 08:01 9966534                    /lib/x86_64-linux-gnu/libc-2.27.so
7f5b5afb1000-7f5b5afb5000 rw-p 00000000 00:00 0 
7f5b5afb5000-7f5b5afc5000 r-xp 00000000 08:01 12455366                   /usr/lib/jvm/java-11-openjdk-amd64/lib/jli/libjli.so
7f5b5afc5000-7f5b5b1c4000 ---p 00010000 08:01 12455366                   /usr/lib/jvm/java-11-openjdk-amd64/lib/jli/libjli.so
7f5b5b1c4000-7f5b5b1c5000 r--p 0000f000 08:01 12455366                   /usr/lib/jvm/java-11-openjdk-amd64/lib/jli/libjli.so
7f5b5b1c5000-7f5b5b1c6000 rw-p 00010000 08:01 12455366                   /usr/lib/jvm/java-11-openjdk-amd64/lib/jli/libjli.so
7f5b5b1c6000-7f5b5b1ed000 r-xp 00000000 08:01 9966506                    /lib/x86_64-linux-gnu/ld-2.27.so
7f5b5b20e000-7f5b5b2c9000 rw-p 00000000 00:00 0 
7f5b5b2c9000-7f5b5b2cd000 ---p 00000000 00:00 0 
7f5b5b2cd000-7f5b5b3cc000 rw-p 00000000 00:00 0 
7f5b5b3d3000-7f5b5b3d8000 rw-p 00000000 00:00 0 
7f5b5b3d8000-7f5b5b3df000 ---p 00000000 00:00 0 
7f5b5b3df000-7f5b5b3e1000 r--s 00007000 08:01 6951047                    /usr/share/java/java-atk-wrapper.jar
7f5b5b3e1000-7f5b5b3e9000 rw-s 00000000 08:01 19017298                   /tmp/hsperfdata_nakul/19144
7f5b5b3e9000-7f5b5b3ea000 ---p 00000000 00:00 0 
7f5b5b3ea000-7f5b5b3eb000 r--p 00000000 00:00 0 
7f5b5b3eb000-7f5b5b3ed000 rw-p 00000000 00:00 0 
7f5b5b3ed000-7f5b5b3ee000 r--p 00027000 08:01 9966506                    /lib/x86_64-linux-gnu/ld-2.27.so
7f5b5b3ee000-7f5b5b3ef000 rw-p 00028000 08:01 9966506                    /lib/x86_64-linux-gnu/ld-2.27.so
7f5b5b3ef000-7f5b5b3f0000 rw-p 00000000 00:00 0 
7ffdd5418000-7ffdd5439000 rw-p 00000000 00:00 0                          [stack]
7ffdd55b6000-7ffdd55b9000 r--p 00000000 00:00 0                          [vvar]
7ffdd55b9000-7ffdd55ba000 r-xp 00000000 00:00 0                          [vdso]
ffffffffff600000-ffffffffff601000 --xp 00000000 00:00 0                  [vsyscall]


VM Arguments:
jvm_args: -Dfile.encoding=UTF-8 
java_command: selenium.NSP
java_class_path (initial): /home/nakul/eclipse-workspace/selenium/bin:/home/nakul/selenium/selenium-java-3.141.59/libs/byte-buddy-1.8.15.jar:/home/nakul/selenium/selenium-java-3.141.59/libs/commons-exec-1.3.jar:/home/nakul/selenium/selenium-java-3.141.59/libs/guava-25.0-jre.jar:/home/nakul/selenium/selenium-java-3.141.59/libs/okhttp-3.11.0.jar:/home/nakul/selenium/selenium-java-3.141.59/libs/okio-1.14.0.jar:/home/nakul/selenium/selenium-java-3.141.59/client-combined-3.141.59.jar:/home/nakul/selenium/selenium-java-3.141.59/client-combined-3.141.59-sources.jar:/home/nakul/eclipse-workspace/Tess4J/lib/commons-beanutils-1.9.2.jar:/home/nakul/eclipse-workspace/Tess4J/lib/commons-io-2.6.jar:/home/nakul/eclipse-workspace/Tess4J/lib/commons-logging-1.2.jar:/home/nakul/eclipse-workspace/Tess4J/lib/fontbox-2.0.9.jar:/home/nakul/eclipse-workspace/Tess4J/lib/ghost4j-1.0.1.jar:/home/nakul/eclipse-workspace/Tess4J/lib/hamcrest-core-1.3.jar:/home/nakul/eclipse-workspace/Tess4J/lib/itext-2.1.7.jar:/home/nakul/eclipse-workspace/Tess4J/lib/jai-imageio-core-1.4.0.jar:/home/nakul/eclipse-workspace/Tess4J/lib/jbig2-imageio-3.0.0.jar:/home/nakul/eclipse-workspace/Tess4J/lib/jboss-vfs-3.2.12.Final.jar:/home/nakul/eclipse-workspace/Tess4J/lib/jcl-over-slf4j-1.7.25.jar:/home/nakul/eclipse-workspace/Tess4J/lib/jna-4.1.0.jar:/home/nakul/eclipse-workspace/Tess4J/lib/jul-to-slf4j-1.7.25.jar:/home/nakul/eclipse-workspace/Tess4J/lib/junit-4.12.jar:/home/nakul/eclipse-workspace/Tess4J/lib/lept4j-1.6.4.jar:/home/nakul/eclipse-workspace/Tess4J/lib/log4j-1.2.17.jar:/home/nakul/eclipse-workspace/Tess4J/lib/log4j-over-slf4j-1.7.25.jar:/home/nakul/eclipse-workspace/Tess4J/lib/logback-classic-1.2.3.jar:/home/nakul/eclipse-workspace/Tess4J/lib/logback-core-1.2.3.jar:/home/nakul/eclipse-workspace/Tess4J/lib/pdfbox-2.0.9.jar:/home/nakul/eclipse-workspace/Tess4J/lib/pdfbox-tools-2.0.9.jar:/home/nakul/eclipse-workspace/Tess4J/lib/slf4j-api-1.7.25.jar:/home/nakul/eclipse-workspace/Tess4J/lib/xmlgraphics-comm
Launcher Type: SUN_STANDARD

[Global flags]
     intx CICompilerCount                          = 3                                         {product} {ergonomic}
     uint ConcGCThreads                            = 1                                         {product} {ergonomic}
     uint G1ConcRefinementThreads                  = 4                                         {product} {ergonomic}
   size_t G1HeapRegionSize                         = 1048576                                   {product} {ergonomic}
    uintx GCDrainStackTargetSize                   = 64                                        {product} {ergonomic}
   size_t InitialHeapSize                          = 62914560                                  {product} {ergonomic}
   size_t MarkStackSize                            = 4194304                                   {product} {ergonomic}
   size_t MaxHeapSize                              = 1002438656                                {product} {ergonomic}
   size_t MaxNewSize                               = 600834048                                 {product} {ergonomic}
   size_t MinHeapDeltaBytes                        = 1048576                                   {product} {ergonomic}
    uintx NonNMethodCodeHeapSize                   = 5830732                                {pd product} {ergonomic}
    uintx NonProfiledCodeHeapSize                  = 122913754                              {pd product} {ergonomic}
    uintx ProfiledCodeHeapSize                     = 122913754                              {pd product} {ergonomic}
    uintx ReservedCodeCacheSize                    = 251658240                              {pd product} {ergonomic}
     bool SegmentedCodeCache                       = true                                      {product} {ergonomic}
     bool UseCompressedClassPointers               = true                                 {lp64_product} {ergonomic}
     bool UseCompressedOops                        = true                                 {lp64_product} {ergonomic}
     bool UseG1GC                                  = true                                      {product} {ergonomic}

Logging:
Log output configuration:
 #0: stdout all=warning uptime,level,tags
 #1: stderr all=off uptime,level,tags

Environment Variables:
PATH=/usr/local/sbin:/usr/local/bin:/usr/sbin:/usr/bin:/sbin:/bin:/usr/games:/usr/local/games:/snap/bin
SHELL=/bin/bash
DISPLAY=:0

Signal Handlers:
SIGSEGV: [libjvm.so+0xdf8d00], sa_mask[0]=11111111011111111101111111111110, sa_flags=SA_RESTART|SA_SIGINFO
SIGBUS: [libjvm.so+0xdf8d00], sa_mask[0]=11111111011111111101111111111110, sa_flags=SA_RESTART|SA_SIGINFO
SIGFPE: [libjvm.so+0xdf8d00], sa_mask[0]=11111111011111111101111111111110, sa_flags=SA_RESTART|SA_SIGINFO
SIGPIPE: [libjvm.so+0xbcbc30], sa_mask[0]=11111111011111111101111111111110, sa_flags=SA_RESTART|SA_SIGINFO
SIGXFSZ: [libjvm.so+0xbcbc30], sa_mask[0]=11111111011111111101111111111110, sa_flags=SA_RESTART|SA_SIGINFO
SIGILL: [libjvm.so+0xdf8d00], sa_mask[0]=11111111011111111101111111111110, sa_flags=SA_RESTART|SA_SIGINFO
SIGUSR2: [libjvm.so+0xbcbad0], sa_mask[0]=00100000000000000000000000000000, sa_flags=SA_RESTART|SA_SIGINFO
SIGHUP: [libjvm.so+0xbcbe30], sa_mask[0]=11111111011111111101111111111110, sa_flags=SA_RESTART|SA_SIGINFO
SIGINT: [libjvm.so+0xbcbe30], sa_mask[0]=11111111011111111101111111111110, sa_flags=SA_RESTART|SA_SIGINFO
SIGTERM: [libjvm.so+0xbcbe30], sa_mask[0]=11111111011111111101111111111110, sa_flags=SA_RESTART|SA_SIGINFO
SIGQUIT: [libjvm.so+0xbcbe30], sa_mask[0]=11111111011111111101111111111110, sa_flags=SA_RESTART|SA_SIGINFO


---------------  S Y S T E M  ---------------

OS:DISTRIB_ID=Ubuntu
DISTRIB_RELEASE=18.04
DISTRIB_CODENAME=bionic
DISTRIB_DESCRIPTION="Ubuntu 18.04.3 LTS"
uname:Linux 5.3.0-42-generic #34~18.04.1-Ubuntu SMP Fri Feb 28 13:42:26 UTC 2020 x86_64
OS uptime: 0 days 2:26 hours
libc:glibc 2.27 NPTL 2.27 
rlimit: STACK 8192k, CORE 0k, NPROC 15078, NOFILE 4096, AS infinity, CPU infinity, DATA infinity, FSIZE infinity
load average:1.67 1.29 1.13

/proc/meminfo:
MemTotal:        3907988 kB
MemFree:          152156 kB
MemAvailable:     698420 kB
Buffers:           59484 kB
Cached:           963976 kB
SwapCached:         6524 kB
Active:          2499576 kB
Inactive:         879696 kB
Active(anon):    2055428 kB
Inactive(anon):   614716 kB
Active(file):     444148 kB
Inactive(file):   264980 kB
Unevictable:       41432 kB
Mlocked:              64 kB
SwapTotal:       2097148 kB
SwapFree:        1920764 kB
Dirty:              8740 kB
Writeback:             0 kB
AnonPages:       2393420 kB
Mapped:           494956 kB
Shmem:            314328 kB
KReclaimable:      83256 kB
Slab:             193800 kB
SReclaimable:      83256 kB
SUnreclaim:       110544 kB
KernelStack:       18880 kB
PageTables:        67024 kB
NFS_Unstable:          0 kB
Bounce:                0 kB
WritebackTmp:          0 kB
CommitLimit:     4051140 kB
Committed_AS:   10116124 kB
VmallocTotal:   34359738367 kB
VmallocUsed:       34280 kB
VmallocChunk:          0 kB
Percpu:             2944 kB
HardwareCorrupted:     0 kB
AnonHugePages:         0 kB
ShmemHugePages:        0 kB
ShmemPmdMapped:        0 kB
CmaTotal:              0 kB
CmaFree:               0 kB
HugePages_Total:       0
HugePages_Free:        0
HugePages_Rsvd:        0
HugePages_Surp:        0
Hugepagesize:       2048 kB
Hugetlb:               0 kB
DirectMap4k:      298044 kB
DirectMap2M:     3774464 kB


/proc/sys/kernel/threads-max (system-wide limit on the number of threads):
30157


/proc/sys/vm/max_map_count (maximum number of memory map areas a process may have):
65530


/proc/sys/kernel/pid_max (system-wide limit on number of process identifiers):
32768



container (cgroup) information:
container_type: cgroupv1
cpu_cpuset_cpus: 0-3
cpu_memory_nodes: 0
active_processor_count: 4
cpu_quota: -1
cpu_period: 100000
cpu_shares: -1
memory_limit_in_bytes: -1
memory_and_swap_limit_in_bytes: -2
memory_soft_limit_in_bytes: -1
memory_usage_in_bytes: 3377012736
memory_max_usage_in_bytes: 3529879552

Steal ticks since vm start: 0
Steal ticks percentage since vm start:  0.000

CPU:total 4 (initial active 4) (2 cores per cpu, 2 threads per core) family 6 model 42 stepping 7, cmov, cx8, fxsr, mmx, sse, sse2, sse3, ssse3, sse4.1, sse4.2, popcnt, avx, aes, clmul, ht, tsc, tscinvbit
CPU Model and flags from /proc/cpuinfo:
model name	: Intel(R) Core(TM) i5-2520M CPU @ 2.50GHz
flags		: fpu vme de pse tsc msr pae mce cx8 apic sep mtrr pge mca cmov pat pse36 clflush dts acpi mmx fxsr sse sse2 ht tm pbe syscall nx rdtscp lm constant_tsc arch_perfmon pebs bts rep_good nopl xtopology nonstop_tsc cpuid aperfmperf pni pclmulqdq dtes64 monitor ds_cpl vmx smx est tm2 ssse3 cx16 xtpr pdcm pcid sse4_1 sse4_2 x2apic popcnt tsc_deadline_timer aes xsave avx lahf_lm epb pti tpr_shadow vnmi flexpriority ept vpid xsaveopt dtherm ida arat pln pts

Memory: 4k page, physical 3907988k(152156k free), swap 2097148k(1920764k free)

vm_info: OpenJDK 64-Bit Server VM (11.0.7+10-post-Ubuntu-2ubuntu218.04) for linux-amd64 JRE (11.0.7+10-post-Ubuntu-2ubuntu218.04), built on Apr 15 2020 21:12:54 by "unknown" with gcc 7.5.0

END.
