#
# A fatal error has been detected by the Java Runtime Environment:
#
#  SIGSEGV (0xb) at pc=0x00007fb6b8fb6c27, pid=21962, tid=21967
#
# JRE version: OpenJDK Runtime Environment (11.0.7+10) (build 11.0.7+10-post-Ubuntu-2ubuntu218.04)
# Java VM: OpenJDK 64-Bit Server VM (11.0.7+10-post-Ubuntu-2ubuntu218.04, mixed mode, sharing, tiered, compressed oops, g1 gc, linux-amd64)
# Problematic frame:
# C  [libtesseract.so.4+0xa1c27]  tesseract::Tesseract::recog_all_words(PAGE_RES*, ETEXT_DESC*, TBOX const*, char const*, int)+0x437
#
# Core dump will be written. Default location: Core dumps may be processed with "/usr/share/apport/apport %p %s %c %d %P %E" (or dumping to /home/nakul/eclipse-workspace/selenium/core.21962)
#
# If you would like to submit a bug report, please visit:
#   https://bugs.launchpad.net/ubuntu/+source/openjdk-lts
# The crash happened outside the Java Virtual Machine in native code.
# See problematic frame for where to report the bug.
#

---------------  S U M M A R Y ------------

Command Line: -Dfile.encoding=UTF-8 selenium.NSP

Host: Intel(R) Core(TM) i5-2520M CPU @ 2.50GHz, 4 cores, 3G, Ubuntu 18.04.3 LTS
Time: Fri May 15 10:05:54 2020 IST elapsed time: 34 seconds (0d 0h 0m 34s)

---------------  T H R E A D  ---------------

Current thread (0x00007fb710016800):  JavaThread "main" [_thread_in_native, id=21967, stack(0x00007fb71a999000,0x00007fb71aa9a000)]

Stack: [0x00007fb71a999000,0x00007fb71aa9a000],  sp=0x00007fb71aa97660,  free space=1017k
Native frames: (J=compiled Java code, A=aot compiled Java code, j=interpreted, Vv=VM code, C=native code)
C  [libtesseract.so.4+0xa1c27]  tesseract::Tesseract::recog_all_words(PAGE_RES*, ETEXT_DESC*, TBOX const*, char const*, int)+0x437

Java frames: (J=compiled Java code, j=interpreted, Vv=VM code)
j  com.sun.jna.Native.invokePointer(JI[Ljava/lang/Object;)J+0
j  com.sun.jna.Function.invokePointer(I[Ljava/lang/Object;)Lcom/sun/jna/Pointer;+6
j  com.sun.jna.Function.invoke([Ljava/lang/Object;Ljava/lang/Class;Z)Ljava/lang/Object;+426
j  com.sun.jna.Function.invoke(Ljava/lang/Class;[Ljava/lang/Object;Ljava/util/Map;)Ljava/lang/Object;+262
j  com.sun.jna.Library$Handler.invoke(Ljava/lang/Object;Ljava/lang/reflect/Method;[Ljava/lang/Object;)Ljava/lang/Object;+316
j  com.sun.proxy.$Proxy0.TessBaseAPIGetUTF8Text(Lnet/sourceforge/tess4j/ITessAPI$TessBaseAPI;)Lcom/sun/jna/Pointer;+16
j  net.sourceforge.tess4j.Tesseract.getOCRText(Ljava/lang/String;I)Ljava/lang/String;+62
j  net.sourceforge.tess4j.Tesseract.doOCR(Ljava/util/List;Ljava/lang/String;Ljava/awt/Rectangle;)Ljava/lang/String;+62
j  net.sourceforge.tess4j.Tesseract.doOCR(Ljava/io/File;Ljava/awt/Rectangle;)Ljava/lang/String;+10
j  net.sourceforge.tess4j.Tesseract.doOCR(Ljava/io/File;)Ljava/lang/String;+3
j  selenium.NSP.enterinput()V+145
j  selenium.NSP.main([Ljava/lang/String;)V+13
v  ~StubRoutines::call_stub

siginfo: si_signo: 11 (SIGSEGV), si_code: 1 (SEGV_MAPERR), si_addr: 0x000000000000000c

Register to memory mapping:

RAX=0x0 is NULL
RBX=0x00007fb7107e8550 points into unknown readable memory: 88 2b 42 b9 b6 7f 00 00
RCX=0x0 is NULL
RDX=0x00007fb71080a148 points into unknown readable memory: 00 00 00 00 00 00 00 00
RSP=0x00007fb71aa97660 is pointing into the stack for thread: 0x00007fb710016800
RBP=0x00007fb71aa976b0 is pointing into the stack for thread: 0x00007fb710016800
RSI=0x0000000000000001 is an unknown value
RDI=0x00007fb71aa97700 is pointing into the stack for thread: 0x00007fb710016800
R8 =0x0 is NULL
R9 =0x0 is NULL
R10=0x00007fb7100008d0 points into unknown readable memory: 00 00 00 07 01 02 03 06
R11=0x0 is NULL
R12=0x00007fb710860b40 points into unknown readable memory: 00 00 00 00 00 00 00 00
R13=0x0 is NULL
R14=0x0 is NULL
R15=0x00007fb710860b40 points into unknown readable memory: 00 00 00 00 00 00 00 00


Registers:
RAX=0x0000000000000000, RBX=0x00007fb7107e8550, RCX=0x0000000000000000, RDX=0x00007fb71080a148
RSP=0x00007fb71aa97660, RBP=0x00007fb71aa976b0, RSI=0x0000000000000001, RDI=0x00007fb71aa97700
R8 =0x0000000000000000, R9 =0x0000000000000000, R10=0x00007fb7100008d0, R11=0x0000000000000000
R12=0x00007fb710860b40, R13=0x0000000000000000, R14=0x0000000000000000, R15=0x00007fb710860b40
RIP=0x00007fb6b8fb6c27, EFLAGS=0x0000000000010246, CSGSFS=0x002b000000000033, ERR=0x0000000000000004
  TRAPNO=0x000000000000000e

Top of Stack: (sp=0x00007fb71aa97660)
0x00007fb71aa97660:   0000000000000000 0000000000000000
0x00007fb71aa97670:   0000000000000000 00007fb7108593d0
0x00007fb71aa97680:   00007fb710859b60 00007fb71085dad0
0x00007fb71aa97690:   0000000000000001 00007fb71aa976c0 

Instructions: (pc=0x00007fb6b8fb6c27)
0x00007fb6b8fb6b27:   89 e6 48 89 df e8 af 87 ff ff 4c 89 e6 48 89 df
0x00007fb6b8fb6b37:   e8 b4 8b ff ff 4c 89 e6 48 89 df e8 f9 72 ff ff
0x00007fb6b8fb6b47:   4c 89 e6 48 89 df e8 7e 74 ff ff e9 a9 fd ff ff
0x00007fb6b8fb6b57:   66 0f 1f 84 00 00 00 00 00 48 8b 40 10 7e 2a 8b
0x00007fb6b8fb6b67:   38 85 ff 75 4c 48 83 c0 04 83 ea 01 48 8d 14 90
0x00007fb6b8fb6b77:   eb 12 0f 1f 80 00 00 00 00 48 83 c0 04 8b 70 fc
0x00007fb6b8fb6b87:   85 f6 75 2d 48 39 c2 75 f0 48 85 c9 74 1b 8b 41
0x00007fb6b8fb6b97:   10 8d 50 ff 83 fa 02 76 10 83 e8 05 83 f8 03 77
0x00007fb6b8fb6ba7:   10 0f 1f 84 00 00 00 00 00 48 89 ef e8 e8 2d 19
0x00007fb6b8fb6bb7:   00 31 d2 31 f6 48 89 ef e8 2c f6 18 00 48 8b 44
0x00007fb6b8fb6bc7:   24 70 48 85 c0 0f 84 8e fd ff ff 48 8b 94 24 80
0x00007fb6b8fb6bd7:   00 00 00 31 c9 48 8b 52 08 48 85 d2 74 04 48 8b
0x00007fb6b8fb6be7:   4a 08 48 8b 80 e8 00 00 00 48 85 c0 74 bb 8b 50
0x00007fb6b8fb6bf7:   34 83 fa 00 74 b3 e9 5e ff ff ff 66 0f 1f 44 00
0x00007fb6b8fb6c07:   00 31 f6 48 89 ef e8 ce f9 18 00 8b 83 a0 15 00
0x00007fb6b8fb6c17:   00 85 c0 0f 8f c0 00 00 00 48 8b 83 40 0a 00 00
0x00007fb6b8fb6c27:   80 78 0c 00 0f 85 a7 02 00 00 8b 83 58 47 02 00
0x00007fb6b8fb6c37:   85 c0 0f 8e b1 00 00 00 31 d2 45 31 ff eb 2c 66
0x00007fb6b8fb6c47:   2e 0f 1f 84 00 00 00 00 00 48 8b 8f 40 0a 00 00
0x00007fb6b8fb6c57:   80 79 0c 00 0f 85 ff 01 00 00 41 83 c7 01 48 83
0x00007fb6b8fb6c67:   c2 08 44 3b bb 58 47 02 00 7d 7e 48 8b 8b 60 47
0x00007fb6b8fb6c77:   02 00 48 8b 3c 11 8b 87 a0 15 00 00 85 c0 7e c9
0x00007fb6b8fb6c87:   48 89 54 24 10 e8 8f 46 0f 00 48 8b 54 24 10 eb
0x00007fb6b8fb6c97:   c9 0f 1f 84 00 00 00 00 00 80 bb 72 30 02 00 00
0x00007fb6b8fb6ca7:   0f 85 73 fc ff ff 8b b3 04 1d 02 00 4c 89 e2 4c
0x00007fb6b8fb6cb7:   89 ff e8 32 d4 0b 00 31 f6 48 89 ef e8 18 f9 18
0x00007fb6b8fb6cc7:   00 48 8b 44 24 70 48 85 c0 0f 85 fc fe ff ff e9
0x00007fb6b8fb6cd7:   94 fc ff ff 0f 1f 44 00 00 48 89 df e8 38 46 0f
0x00007fb6b8fb6ce7:   00 e9 44 ff ff ff 0f 1f 00 4c 8d 7c 24 30 be 04
0x00007fb6b8fb6cf7:   00 00 00 48 c7 44 24 30 00 00 00 00 48 c7 44 24
0x00007fb6b8fb6d07:   38 00 00 00 00 48 c7 44 24 40 00 00 00 00 4c 89
0x00007fb6b8fb6d17:   ff 48 c7 44 24 48 00 00 00 00 e8 3a 19 00 00 48 


Stack slot to memory mapping:
stack at sp + 0 slots: 0x0 is NULL
stack at sp + 1 slots: 0x0 is NULL
stack at sp + 2 slots: 0x0 is NULL
stack at sp + 3 slots: 0x00007fb7108593d0 points into unknown readable memory: d0 93 85 10 b7 7f 00 00
stack at sp + 4 slots: 0x00007fb710859b60 points into unknown readable memory: 60 9b 85 10 b7 7f 00 00
stack at sp + 5 slots: 0x00007fb71085dad0 points into unknown readable memory: d0 da 85 10 b7 7f 00 00
stack at sp + 6 slots: 0x0000000000000001 is an unknown value
stack at sp + 7 slots: 0x00007fb71aa976c0 is pointing into the stack for thread: 0x00007fb710016800


---------------  P R O C E S S  ---------------

Threads class SMR info:
_java_thread_list=0x00007fb71059fed0, length=17, elements={
0x00007fb710016800, 0x00007fb7100be000, 0x00007fb7100c0000, 0x00007fb7100c5800,
0x00007fb7100c8000, 0x00007fb7100ca000, 0x00007fb7100cc000, 0x00007fb710103000,
0x00007fb710108000, 0x00007fb710469000, 0x00007fb6a800e800, 0x00007fb6a8012000,
0x00007fb6a8013000, 0x00007fb7104cd000, 0x00007fb710530800, 0x00007fb710532000,
0x00007fb71059f000
}

Java Threads: ( => current thread )
=>0x00007fb710016800 JavaThread "main" [_thread_in_native, id=21967, stack(0x00007fb71a999000,0x00007fb71aa9a000)]
  0x00007fb7100be000 JavaThread "Reference Handler" daemon [_thread_blocked, id=21974, stack(0x00007fb6f8026000,0x00007fb6f8127000)]
  0x00007fb7100c0000 JavaThread "Finalizer" daemon [_thread_blocked, id=21975, stack(0x00007fb6e96ff000,0x00007fb6e9800000)]
  0x00007fb7100c5800 JavaThread "Signal Dispatcher" daemon [_thread_blocked, id=21976, stack(0x00007fb6e8c2f000,0x00007fb6e8d30000)]
  0x00007fb7100c8000 JavaThread "C2 CompilerThread0" daemon [_thread_blocked, id=21977, stack(0x00007fb6e8b2e000,0x00007fb6e8c2f000)]
  0x00007fb7100ca000 JavaThread "C1 CompilerThread0" daemon [_thread_blocked, id=21978, stack(0x00007fb6e8a2d000,0x00007fb6e8b2e000)]
  0x00007fb7100cc000 JavaThread "Sweeper thread" daemon [_thread_blocked, id=21979, stack(0x00007fb6e892c000,0x00007fb6e8a2d000)]
  0x00007fb710103000 JavaThread "Service Thread" daemon [_thread_blocked, id=21980, stack(0x00007fb6e882b000,0x00007fb6e892c000)]
  0x00007fb710108000 JavaThread "Common-Cleaner" daemon [_thread_blocked, id=21982, stack(0x00007fb6e8628000,0x00007fb6e8729000)]
  0x00007fb710469000 JavaThread "Exec Default Executor" daemon [_thread_blocked, id=21984, stack(0x00007fb6bbacd000,0x00007fb6bbbce000)]
  0x00007fb6a800e800 JavaThread "process reaper" daemon [_thread_in_native, id=21993, stack(0x00007fb6f8004000,0x00007fb6f8026000)]
  0x00007fb6a8012000 JavaThread "Exec Stream Pumper" daemon [_thread_in_native, id=21994, stack(0x00007fb6bb9cc000,0x00007fb6bbacd000)]
  0x00007fb6a8013000 JavaThread "Exec Stream Pumper" daemon [_thread_in_native, id=21995, stack(0x00007fb6bb8cb000,0x00007fb6bb9cc000)]
  0x00007fb7104cd000 JavaThread "ForkJoinPool.commonPool-worker-3" daemon [_thread_blocked, id=21996, stack(0x00007fb6bb7ca000,0x00007fb6bb8cb000)]
  0x00007fb710530800 JavaThread "OkHttp ConnectionPool" daemon [_thread_blocked, id=21997, stack(0x00007fb6bb4c9000,0x00007fb6bb5ca000)]
  0x00007fb710532000 JavaThread "Okio Watchdog" daemon [_thread_blocked, id=21998, stack(0x00007fb6bb3c8000,0x00007fb6bb4c9000)]
  0x00007fb71059f000 JavaThread "Java2D Disposer" daemon [_thread_blocked, id=22256, stack(0x00007fb6b97e3000,0x00007fb6b98e4000)]

Other Threads:
  0x00007fb7100bb000 VMThread "VM Thread" [stack: 0x00007fb6f8129000,0x00007fb6f8229000] [id=21973]
  0x00007fb710105800 WatcherThread [stack: 0x00007fb6e872b000,0x00007fb6e882b000] [id=21981]
  0x00007fb71002f000 GCTaskThread "GC Thread#0" [stack: 0x00007fb716984000,0x00007fb716a84000] [id=21968]
  0x00007fb6e0001000 GCTaskThread "GC Thread#1" [stack: 0x00007fb6e8100000,0x00007fb6e8200000] [id=21983]
  0x00007fb710049800 ConcurrentGCThread "G1 Main Marker" [stack: 0x00007fb714104000,0x00007fb714204000] [id=21969]
  0x00007fb71004b800 ConcurrentGCThread "G1 Conc#0" [stack: 0x00007fb714002000,0x00007fb714102000] [id=21970]
  0x00007fb71008d000 ConcurrentGCThread "G1 Refine#0" [stack: 0x00007fb6f8409000,0x00007fb6f8509000] [id=21971]
  0x00007fb71008f000 ConcurrentGCThread "G1 Young RemSet Sampling" [stack: 0x00007fb6f8307000,0x00007fb6f8407000] [id=21972]

Threads with active compile tasks:

VM state:not at safepoint (normal execution)

VM Mutex/Monitor currently owned by a thread: None

Heap address: 0x00000000c4400000, size: 956 MB, Compressed Oops mode: 32-bit
Narrow klass base: 0x0000000800000000, Narrow klass shift: 3
Compressed class space size: 1073741824 Address: 0x0000000840000000

Heap:
 garbage-first heap   total 63488K, used 10215K [0x00000000c4400000, 0x0000000100000000)
  region size 1024K, 7 young (7168K), 3 survivors (3072K)
 Metaspace       used 14434K, capacity 15026K, committed 15360K, reserved 1062912K
  class space    used 1788K, capacity 2020K, committed 2048K, reserved 1048576K
Heap Regions: E=young(eden), S=young(survivor), O=old, HS=humongous(starts), HC=humongous(continues), CS=collection set, F=free, A=archive, TAMS=top-at-mark-start (previous, next)
|   0|0x00000000c4400000, 0x00000000c4500000, 0x00000000c4500000|100%| O|  |TAMS 0x00000000c4400000, 0x00000000c4400000| Untracked 
|   1|0x00000000c4500000, 0x00000000c4600000, 0x00000000c4600000|100%| O|  |TAMS 0x00000000c4500000, 0x00000000c4500000| Untracked 
|   2|0x00000000c4600000, 0x00000000c4700000, 0x00000000c4700000|100%| O|  |TAMS 0x00000000c4600000, 0x00000000c4600000| Untracked 
|   3|0x00000000c4700000, 0x00000000c47f4c00, 0x00000000c4800000| 95%| O|  |TAMS 0x00000000c4700000, 0x00000000c4700000| Untracked 
|   4|0x00000000c4800000, 0x00000000c4800000, 0x00000000c4900000|  0%| F|  |TAMS 0x00000000c4800000, 0x00000000c4800000| Untracked 
|   5|0x00000000c4900000, 0x00000000c4900000, 0x00000000c4a00000|  0%| F|  |TAMS 0x00000000c4900000, 0x00000000c4900000| Untracked 
|   6|0x00000000c4a00000, 0x00000000c4a00000, 0x00000000c4b00000|  0%| F|  |TAMS 0x00000000c4a00000, 0x00000000c4a00000| Untracked 
|   7|0x00000000c4b00000, 0x00000000c4b00000, 0x00000000c4c00000|  0%| F|  |TAMS 0x00000000c4b00000, 0x00000000c4b00000| Untracked 
|   8|0x00000000c4c00000, 0x00000000c4c00000, 0x00000000c4d00000|  0%| F|  |TAMS 0x00000000c4c00000, 0x00000000c4c00000| Untracked 
|   9|0x00000000c4d00000, 0x00000000c4d00000, 0x00000000c4e00000|  0%| F|  |TAMS 0x00000000c4d00000, 0x00000000c4d00000| Untracked 
|  10|0x00000000c4e00000, 0x00000000c4e00000, 0x00000000c4f00000|  0%| F|  |TAMS 0x00000000c4e00000, 0x00000000c4e00000| Untracked 
|  11|0x00000000c4f00000, 0x00000000c4f00000, 0x00000000c5000000|  0%| F|  |TAMS 0x00000000c4f00000, 0x00000000c4f00000| Untracked 
|  12|0x00000000c5000000, 0x00000000c5000000, 0x00000000c5100000|  0%| F|  |TAMS 0x00000000c5000000, 0x00000000c5000000| Untracked 
|  13|0x00000000c5100000, 0x00000000c5100000, 0x00000000c5200000|  0%| F|  |TAMS 0x00000000c5100000, 0x00000000c5100000| Untracked 
|  14|0x00000000c5200000, 0x00000000c5200000, 0x00000000c5300000|  0%| F|  |TAMS 0x00000000c5200000, 0x00000000c5200000| Untracked 
|  15|0x00000000c5300000, 0x00000000c5300000, 0x00000000c5400000|  0%| F|  |TAMS 0x00000000c5300000, 0x00000000c5300000| Untracked 
|  16|0x00000000c5400000, 0x00000000c5400000, 0x00000000c5500000|  0%| F|  |TAMS 0x00000000c5400000, 0x00000000c5400000| Untracked 
|  17|0x00000000c5500000, 0x00000000c5500000, 0x00000000c5600000|  0%| F|  |TAMS 0x00000000c5500000, 0x00000000c5500000| Untracked 
|  18|0x00000000c5600000, 0x00000000c5600000, 0x00000000c5700000|  0%| F|  |TAMS 0x00000000c5600000, 0x00000000c5600000| Untracked 
|  19|0x00000000c5700000, 0x00000000c5700000, 0x00000000c5800000|  0%| F|  |TAMS 0x00000000c5700000, 0x00000000c5700000| Untracked 
|  20|0x00000000c5800000, 0x00000000c5800000, 0x00000000c5900000|  0%| F|  |TAMS 0x00000000c5800000, 0x00000000c5800000| Untracked 
|  21|0x00000000c5900000, 0x00000000c5900000, 0x00000000c5a00000|  0%| F|  |TAMS 0x00000000c5900000, 0x00000000c5900000| Untracked 
|  22|0x00000000c5a00000, 0x00000000c5a00000, 0x00000000c5b00000|  0%| F|  |TAMS 0x00000000c5a00000, 0x00000000c5a00000| Untracked 
|  23|0x00000000c5b00000, 0x00000000c5b00000, 0x00000000c5c00000|  0%| F|  |TAMS 0x00000000c5b00000, 0x00000000c5b00000| Untracked 
|  24|0x00000000c5c00000, 0x00000000c5c00000, 0x00000000c5d00000|  0%| F|  |TAMS 0x00000000c5c00000, 0x00000000c5c00000| Untracked 
|  25|0x00000000c5d00000, 0x00000000c5d00000, 0x00000000c5e00000|  0%| F|  |TAMS 0x00000000c5d00000, 0x00000000c5d00000| Untracked 
|  26|0x00000000c5e00000, 0x00000000c5e00000, 0x00000000c5f00000|  0%| F|  |TAMS 0x00000000c5e00000, 0x00000000c5e00000| Untracked 
|  27|0x00000000c5f00000, 0x00000000c5f00000, 0x00000000c6000000|  0%| F|  |TAMS 0x00000000c5f00000, 0x00000000c5f00000| Untracked 
|  28|0x00000000c6000000, 0x00000000c6000000, 0x00000000c6100000|  0%| F|  |TAMS 0x00000000c6000000, 0x00000000c6000000| Untracked 
|  29|0x00000000c6100000, 0x00000000c6100000, 0x00000000c6200000|  0%| F|  |TAMS 0x00000000c6100000, 0x00000000c6100000| Untracked 
|  30|0x00000000c6200000, 0x00000000c6200000, 0x00000000c6300000|  0%| F|  |TAMS 0x00000000c6200000, 0x00000000c6200000| Untracked 
|  31|0x00000000c6300000, 0x00000000c6300000, 0x00000000c6400000|  0%| F|  |TAMS 0x00000000c6300000, 0x00000000c6300000| Untracked 
|  32|0x00000000c6400000, 0x00000000c6400000, 0x00000000c6500000|  0%| F|  |TAMS 0x00000000c6400000, 0x00000000c6400000| Untracked 
|  33|0x00000000c6500000, 0x00000000c6500000, 0x00000000c6600000|  0%| F|  |TAMS 0x00000000c6500000, 0x00000000c6500000| Untracked 
|  34|0x00000000c6600000, 0x00000000c6600000, 0x00000000c6700000|  0%| F|  |TAMS 0x00000000c6600000, 0x00000000c6600000| Untracked 
|  35|0x00000000c6700000, 0x00000000c6700000, 0x00000000c6800000|  0%| F|  |TAMS 0x00000000c6700000, 0x00000000c6700000| Untracked 
|  36|0x00000000c6800000, 0x00000000c68542d0, 0x00000000c6900000| 32%| S|CS|TAMS 0x00000000c6800000, 0x00000000c6800000| Complete 
|  37|0x00000000c6900000, 0x00000000c6a00000, 0x00000000c6a00000|100%| S|CS|TAMS 0x00000000c6900000, 0x00000000c6900000| Complete 
|  38|0x00000000c6a00000, 0x00000000c6b00000, 0x00000000c6b00000|100%| S|CS|TAMS 0x00000000c6a00000, 0x00000000c6a00000| Complete 
|  39|0x00000000c6b00000, 0x00000000c6b00000, 0x00000000c6c00000|  0%| F|  |TAMS 0x00000000c6b00000, 0x00000000c6b00000| Untracked 
|  40|0x00000000c6c00000, 0x00000000c6c00000, 0x00000000c6d00000|  0%| F|  |TAMS 0x00000000c6c00000, 0x00000000c6c00000| Untracked 
|  41|0x00000000c6d00000, 0x00000000c6d00000, 0x00000000c6e00000|  0%| F|  |TAMS 0x00000000c6d00000, 0x00000000c6d00000| Untracked 
|  42|0x00000000c6e00000, 0x00000000c6e00000, 0x00000000c6f00000|  0%| F|  |TAMS 0x00000000c6e00000, 0x00000000c6e00000| Untracked 
|  43|0x00000000c6f00000, 0x00000000c6f00000, 0x00000000c7000000|  0%| F|  |TAMS 0x00000000c6f00000, 0x00000000c6f00000| Untracked 
|  44|0x00000000c7000000, 0x00000000c7000000, 0x00000000c7100000|  0%| F|  |TAMS 0x00000000c7000000, 0x00000000c7000000| Untracked 
|  45|0x00000000c7100000, 0x00000000c7100000, 0x00000000c7200000|  0%| F|  |TAMS 0x00000000c7100000, 0x00000000c7100000| Untracked 
|  46|0x00000000c7200000, 0x00000000c7200000, 0x00000000c7300000|  0%| F|  |TAMS 0x00000000c7200000, 0x00000000c7200000| Untracked 
|  47|0x00000000c7300000, 0x00000000c7300000, 0x00000000c7400000|  0%| F|  |TAMS 0x00000000c7300000, 0x00000000c7300000| Untracked 
|  48|0x00000000c7400000, 0x00000000c7400000, 0x00000000c7500000|  0%| F|  |TAMS 0x00000000c7400000, 0x00000000c7400000| Untracked 
|  49|0x00000000c7500000, 0x00000000c7500000, 0x00000000c7600000|  0%| F|  |TAMS 0x00000000c7500000, 0x00000000c7500000| Untracked 
|  50|0x00000000c7600000, 0x00000000c7600000, 0x00000000c7700000|  0%| F|  |TAMS 0x00000000c7600000, 0x00000000c7600000| Untracked 
|  51|0x00000000c7700000, 0x00000000c7700000, 0x00000000c7800000|  0%| F|  |TAMS 0x00000000c7700000, 0x00000000c7700000| Untracked 
|  52|0x00000000c7800000, 0x00000000c7800000, 0x00000000c7900000|  0%| F|  |TAMS 0x00000000c7800000, 0x00000000c7800000| Untracked 
|  53|0x00000000c7900000, 0x00000000c7900000, 0x00000000c7a00000|  0%| F|  |TAMS 0x00000000c7900000, 0x00000000c7900000| Untracked 
|  54|0x00000000c7a00000, 0x00000000c7a00000, 0x00000000c7b00000|  0%| F|  |TAMS 0x00000000c7a00000, 0x00000000c7a00000| Untracked 
|  55|0x00000000c7b00000, 0x00000000c7b00000, 0x00000000c7c00000|  0%| F|  |TAMS 0x00000000c7b00000, 0x00000000c7b00000| Untracked 
|  56|0x00000000c7c00000, 0x00000000c7ce2c70, 0x00000000c7d00000| 88%| E|  |TAMS 0x00000000c7c00000, 0x00000000c7c00000| Complete 
|  57|0x00000000c7d00000, 0x00000000c7e00000, 0x00000000c7e00000|100%| E|CS|TAMS 0x00000000c7d00000, 0x00000000c7d00000| Complete 
|  58|0x00000000c7e00000, 0x00000000c7f00000, 0x00000000c7f00000|100%| E|CS|TAMS 0x00000000c7e00000, 0x00000000c7e00000| Complete 
|  59|0x00000000c7f00000, 0x00000000c8000000, 0x00000000c8000000|100%| E|CS|TAMS 0x00000000c7f00000, 0x00000000c7f00000| Complete 
| 954|0x00000000ffe00000, 0x00000000ffe47000, 0x00000000fff00000| 27%|OA|  |TAMS 0x00000000ffe00000, 0x00000000ffe00000| Untracked 
| 955|0x00000000fff00000, 0x00000000fff6a000, 0x0000000100000000| 41%|CA|  |TAMS 0x00000000fff00000, 0x00000000fff00000| Untracked 

Card table byte_map: [0x00007fb7161c2000,0x00007fb7163a0000] _byte_map_base: 0x00007fb715ba0000

Marking Bits (Prev, Next): (CMBitMap*) 0x00007fb710045008, (CMBitMap*) 0x00007fb710045040
 Prev Bits: [0x00007fb7150f4000, 0x00007fb715fe4000)
 Next Bits: [0x00007fb714204000, 0x00007fb7150f4000)

Polling page: 0x00007fb71aab9000

Metaspace:

Usage:
  Non-class:     12.70 MB capacity,    12.35 MB ( 97%) used,   306.62 KB (  2%) free+waste,    53.31 KB ( <1%) overhead. 
      Class:      1.97 MB capacity,     1.75 MB ( 89%) used,   203.14 KB ( 10%) free+waste,    27.94 KB (  1%) overhead. 
       Both:     14.67 MB capacity,    14.10 MB ( 96%) used,   509.76 KB (  3%) free+waste,    81.25 KB ( <1%) overhead. 

Virtual space:
  Non-class space:       14.00 MB reserved,      13.00 MB ( 93%) committed 
      Class space:        1.00 GB reserved,       2.00 MB ( <1%) committed 
             Both:        1.01 GB reserved,      15.00 MB (  1%) committed 

Chunk freelists:
   Non-Class:  90.00 KB
       Class:  28.00 KB
        Both:  118.00 KB

MaxMetaspaceSize: unlimited
CompressedClassSpaceSize: 1.00 GB

CodeHeap 'non-profiled nmethods': size=120032Kb used=594Kb max_used=594Kb free=119437Kb
 bounds [0x00007fb7003d5000, 0x00007fb700645000, 0x00007fb70790d000]
CodeHeap 'profiled nmethods': size=120032Kb used=3807Kb max_used=3807Kb free=116224Kb
 bounds [0x00007fb6f8e9d000, 0x00007fb6f925d000, 0x00007fb7003d5000]
CodeHeap 'non-nmethods': size=5696Kb used=1168Kb max_used=1184Kb free=4527Kb
 bounds [0x00007fb6f890d000, 0x00007fb6f8b7d000, 0x00007fb6f8e9d000]
 total_blobs=2805 nmethods=1862 adapters=426
 compilation: enabled
              stopped_count=0, restarted_count=0
 full_count=0

Compilation events (20 events):
Event: 34.604 Thread 0x00007fb7100ca000 nmethod 1856 0x00007fb6f9251b90 code [0x00007fb6f9251d40, 0x00007fb6f9251f30]
Event: 34.604 Thread 0x00007fb7100ca000 1854       3       java.lang.Integer::compareTo (12 bytes)
Event: 34.604 Thread 0x00007fb7100ca000 nmethod 1854 0x00007fb6f9251f90 code [0x00007fb6f9252160, 0x00007fb6f92523f0]
Event: 34.604 Thread 0x00007fb7100ca000 1855       3       java.util.TreeMap::rotateLeft (96 bytes)
Event: 34.604 Thread 0x00007fb7100ca000 nmethod 1855 0x00007fb6f9252510 code [0x00007fb6f9252700, 0x00007fb6f9252c90]
Event: 34.606 Thread 0x00007fb7100c8000 nmethod 1851 0x00007fb700468890 code [0x00007fb700468a40, 0x00007fb700468c58]
Event: 34.607 Thread 0x00007fb7100ca000 1857  s    3       java.util.Vector::elementAt (48 bytes)
Event: 34.608 Thread 0x00007fb7100ca000 nmethod 1857 0x00007fb6f9252d90 code [0x00007fb6f9253020, 0x00007fb6f9253ca8]
Event: 34.608 Thread 0x00007fb7100ca000 1858       3       javax.imageio.stream.ImageInputStreamImpl::checkClosed (18 bytes)
Event: 34.609 Thread 0x00007fb7100ca000 nmethod 1858 0x00007fb6f9254090 code [0x00007fb6f9254260, 0x00007fb6f92544e8]
Event: 34.616 Thread 0x00007fb7100ca000 1859       1       javax.imageio.plugins.tiff.TIFFTag::getNumber (5 bytes)
Event: 34.616 Thread 0x00007fb7100ca000 nmethod 1859 0x00007fb700468e10 code [0x00007fb700468fc0, 0x00007fb7004690f0]
Event: 34.616 Thread 0x00007fb7100ca000 1860       1       javax.imageio.plugins.tiff.TIFFTag::getName (5 bytes)
Event: 34.616 Thread 0x00007fb7100ca000 nmethod 1860 0x00007fb700469190 code [0x00007fb700469340, 0x00007fb700469470]
Event: 34.620 Thread 0x00007fb7100ca000 1861       1       java.awt.image.SampleModel::getNumBands (5 bytes)
Event: 34.620 Thread 0x00007fb7100ca000 nmethod 1861 0x00007fb700469510 code [0x00007fb7004696c0, 0x00007fb7004697f0]
Event: 34.620 Thread 0x00007fb7100ca000 1862       3       java.lang.Math::max (12 bytes)
Event: 34.620 Thread 0x00007fb7100ca000 nmethod 1862 0x00007fb6f9254590 code [0x00007fb6f9254740, 0x00007fb6f92548d0]
Event: 34.621 Thread 0x00007fb7100ca000 1863       3       java.lang.Math::min (12 bytes)
Event: 34.621 Thread 0x00007fb7100ca000 nmethod 1863 0x00007fb6f9254990 code [0x00007fb6f9254b40, 0x00007fb6f9254cd0]

GC Heap History (6 events):
Event: 0.489 GC heap before
{Heap before GC invocations=0 (full 0):
 garbage-first heap   total 63488K, used 15044K [0x00000000c4400000, 0x0000000100000000)
  region size 1024K, 14 young (14336K), 0 survivors (0K)
 Metaspace       used 5162K, capacity 5982K, committed 6144K, reserved 1056768K
  class space    used 572K, capacity 651K, committed 768K, reserved 1048576K
}
Event: 0.499 GC heap after
{Heap after GC invocations=1 (full 0):
 garbage-first heap   total 63488K, used 4573K [0x00000000c4400000, 0x0000000100000000)
  region size 1024K, 2 young (2048K), 2 survivors (2048K)
 Metaspace       used 5162K, capacity 5982K, committed 6144K, reserved 1056768K
  class space    used 572K, capacity 651K, committed 768K, reserved 1048576K
}
Event: 0.663 GC heap before
{Heap before GC invocations=1 (full 0):
 garbage-first heap   total 63488K, used 9693K [0x00000000c4400000, 0x0000000100000000)
  region size 1024K, 7 young (7168K), 2 survivors (2048K)
 Metaspace       used 6694K, capacity 6950K, committed 7040K, reserved 1056768K
  class space    used 761K, capacity 869K, committed 896K, reserved 1048576K
}
Event: 0.675 GC heap after
{Heap after GC invocations=2 (full 0):
 garbage-first heap   total 63488K, used 5294K [0x00000000c4400000, 0x0000000100000000)
  region size 1024K, 1 young (1024K), 1 survivors (1024K)
 Metaspace       used 6694K, capacity 6950K, committed 7040K, reserved 1056768K
  class space    used 761K, capacity 869K, committed 896K, reserved 1048576K
}
Event: 34.513 GC heap before
{Heap before GC invocations=2 (full 0):
 garbage-first heap   total 63488K, used 25774K [0x00000000c4400000, 0x0000000100000000)
  region size 1024K, 21 young (21504K), 1 survivors (1024K)
 Metaspace       used 13124K, capacity 13661K, committed 13824K, reserved 1060864K
  class space    used 1550K, capacity 1758K, committed 1792K, reserved 1048576K
}
Event: 34.519 GC heap after
{Heap after GC invocations=3 (full 0):
 garbage-first heap   total 63488K, used 7143K [0x00000000c4400000, 0x0000000100000000)
  region size 1024K, 3 young (3072K), 3 survivors (3072K)
 Metaspace       used 13124K, capacity 13661K, committed 13824K, reserved 1060864K
  class space    used 1550K, capacity 1758K, committed 1792K, reserved 1048576K
}

Deoptimization events (20 events):
Event: 34.545 Thread 0x00007fb710016800 Uncommon trap: trap_request=0xffffffde fr.pc=0x00007fb70041211c relative=0x0000000000000d7c
Event: 34.545 Thread 0x00007fb710016800 Uncommon trap: reason=class_check action=maybe_recompile pc=0x00007fb70041211c method=java.util.HashMap.putVal(ILjava/lang/Object;Ljava/lang/Object;ZZ)Ljava/lang/Object; @ 91 c2
Event: 34.545 Thread 0x00007fb710016800 DEOPT PACKING pc=0x00007fb70041211c sp=0x00007fb71aa97580
Event: 34.545 Thread 0x00007fb710016800 DEOPT UNPACKING pc=0x00007fb6f89359a5 sp=0x00007fb71aa97520 mode 2
Event: 34.546 Thread 0x00007fb710016800 Uncommon trap: trap_request=0xffffffde fr.pc=0x00007fb70041211c relative=0x0000000000000d7c
Event: 34.546 Thread 0x00007fb710016800 Uncommon trap: reason=class_check action=maybe_recompile pc=0x00007fb70041211c method=java.util.HashMap.putVal(ILjava/lang/Object;Ljava/lang/Object;ZZ)Ljava/lang/Object; @ 91 c2
Event: 34.546 Thread 0x00007fb710016800 DEOPT PACKING pc=0x00007fb70041211c sp=0x00007fb71aa975a0
Event: 34.546 Thread 0x00007fb710016800 DEOPT UNPACKING pc=0x00007fb6f89359a5 sp=0x00007fb71aa97540 mode 2
Event: 34.546 Thread 0x00007fb710016800 Uncommon trap: trap_request=0xffffffde fr.pc=0x00007fb70041211c relative=0x0000000000000d7c
Event: 34.546 Thread 0x00007fb710016800 Uncommon trap: reason=class_check action=maybe_recompile pc=0x00007fb70041211c method=java.util.HashMap.putVal(ILjava/lang/Object;Ljava/lang/Object;ZZ)Ljava/lang/Object; @ 91 c2
Event: 34.546 Thread 0x00007fb710016800 DEOPT PACKING pc=0x00007fb70041211c sp=0x00007fb71aa975a0
Event: 34.546 Thread 0x00007fb710016800 DEOPT UNPACKING pc=0x00007fb6f89359a5 sp=0x00007fb71aa97540 mode 2
Event: 34.554 Thread 0x00007fb710016800 Uncommon trap: trap_request=0xffffff4d fr.pc=0x00007fb700462f54 relative=0x0000000000000194
Event: 34.554 Thread 0x00007fb710016800 Uncommon trap: reason=unstable_if action=reinterpret pc=0x00007fb700462f54 method=java.util.HashMap.getNode(ILjava/lang/Object;)Ljava/util/HashMap$Node; @ 129 c2
Event: 34.554 Thread 0x00007fb710016800 DEOPT PACKING pc=0x00007fb700462f54 sp=0x00007fb71aa974f0
Event: 34.554 Thread 0x00007fb710016800 DEOPT UNPACKING pc=0x00007fb6f89359a5 sp=0x00007fb71aa97410 mode 2
Event: 34.591 Thread 0x00007fb710016800 DEOPT PACKING pc=0x00007fb6f922baa0 sp=0x00007fb71aa97660
Event: 34.591 Thread 0x00007fb710016800 DEOPT UNPACKING pc=0x00007fb6f89357ba sp=0x00007fb71aa96b98 mode 0
Event: 34.600 Thread 0x00007fb710016800 DEOPT PACKING pc=0x00007fb6f922baa0 sp=0x00007fb71aa97780
Event: 34.600 Thread 0x00007fb710016800 DEOPT UNPACKING pc=0x00007fb6f89357ba sp=0x00007fb71aa96cb8 mode 0

Classes redefined (0 events):
No events

Internal exceptions (20 events):
Event: 33.887 Thread 0x00007fb710016800 Exception <a 'java/net/SocketTimeoutException'{0x00000000c74f88c0}: Read timed out> (0x00000000c74f88c0) thrown at [./src/hotspot/share/prims/jni.cpp, line 636]
Event: 33.932 Thread 0x00007fb710016800 Exception <a 'java/net/SocketTimeoutException'{0x00000000c72191e8}: Read timed out> (0x00000000c72191e8) thrown at [./src/hotspot/share/prims/jni.cpp, line 636]
Event: 33.948 Thread 0x00007fb710016800 Exception <a 'java/net/SocketTimeoutException'{0x00000000c722f8d0}: Read timed out> (0x00000000c722f8d0) thrown at [./src/hotspot/share/prims/jni.cpp, line 636]
Event: 33.970 Thread 0x00007fb710016800 Exception <a 'java/net/SocketTimeoutException'{0x00000000c7279608}: Read timed out> (0x00000000c7279608) thrown at [./src/hotspot/share/prims/jni.cpp, line 636]
Event: 34.201 Thread 0x00007fb710016800 Exception <a 'java/net/SocketTimeoutException'{0x00000000c728a0e0}: Read timed out> (0x00000000c728a0e0) thrown at [./src/hotspot/share/prims/jni.cpp, line 636]
Event: 34.217 Thread 0x00007fb710016800 Exception <a 'java/net/SocketTimeoutException'{0x00000000c72b60f8}: Read timed out> (0x00000000c72b60f8) thrown at [./src/hotspot/share/prims/jni.cpp, line 636]
Event: 34.249 Thread 0x00007fb710016800 Exception <a 'java/net/SocketTimeoutException'{0x00000000c72c6ba0}: Read timed out> (0x00000000c72c6ba0) thrown at [./src/hotspot/share/prims/jni.cpp, line 636]
Event: 34.258 Thread 0x00007fb710016800 Exception <a 'java/net/SocketTimeoutException'{0x00000000c72e0928}: Read timed out> (0x00000000c72e0928) thrown at [./src/hotspot/share/prims/jni.cpp, line 636]
Event: 34.289 Thread 0x00007fb710016800 Exception <a 'java/net/SocketTimeoutException'{0x00000000c72f12f0}: Read timed out> (0x00000000c72f12f0) thrown at [./src/hotspot/share/prims/jni.cpp, line 636]
Event: 34.346 Thread 0x00007fb710016800 Exception <a 'java/lang/ClassNotFoundException'{0x00000000c70aa430}: javax/smartcardio/CardPermission> (0x00000000c70aa430) thrown at [./src/hotspot/share/classfile/systemDictionary.cpp, line 231]
Event: 34.350 Thread 0x00007fb710016800 Exception <a 'java/io/FileNotFoundException'{0x00000000c70b7348}> (0x00000000c70b7348) thrown at [./src/hotspot/share/prims/jni.cpp, line 615]
Event: 34.403 Thread 0x00007fb710016800 Exception <a 'java/lang/ClassNotFoundException'{0x00000000c6e18c58}: sun/awt/resources/spi/awtProvider> (0x00000000c6e18c58) thrown at [./src/hotspot/share/classfile/systemDictionary.cpp, line 231]
Event: 34.416 Thread 0x00007fb710016800 Exception <a 'java/io/FileNotFoundException'{0x00000000c6e5dbc8}> (0x00000000c6e5dbc8) thrown at [./src/hotspot/share/prims/jni.cpp, line 615]
Event: 34.428 Thread 0x00007fb710016800 Exception <a 'java/lang/NoSuchMethodError'{0x00000000c6eb8730}: 'java.lang.Object java.lang.invoke.DirectMethodHandle$Holder.invokeStatic(java.lang.Object, java.lang.Object, java.lang.Object, java.lang.Object, java.lang.Object, java.lang.Object, java.lang.Object, java.lang.Object, java.lang.Object, java.lang.Object, java.lang.Object, java.lang.Object, java.lang.Object, java.lang.Object, java.lang.Object)'> (0x00000000c6eb8730) thrown at [./src/hotspot/share/interpreter/linkResolver.cpp, line 773]
Event: 34.431 Thread 0x00007fb710016800 Exception <a 'java/lang/NoSuchMethodError'{0x00000000c6ec6540}: 'java.lang.Object java.lang.invoke.DirectMethodHandle$Holder.invokeStatic(java.lang.Object, java.lang.Object, java.lang.Object, java.lang.Object, java.lang.Object, java.lang.Object, java.lang.Object, java.lang.Object, java.lang.Object, java.lang.Object, java.lang.Object, java.lang.Object, java.lang.Object, java.lang.Object, java.lang.Object, java.lang.Object)'> (0x00000000c6ec6540) thrown at [./src/hotspot/share/interpreter/linkResolver.cpp, l
Event: 34.433 Thread 0x00007fb710016800 Exception <a 'java/lang/NoSuchMethodError'{0x00000000c6ed41b0}: 'java.lang.Object java.lang.invoke.DirectMethodHandle$Holder.invokeSpecial(java.lang.Object, java.lang.Object, int, int, java.lang.Object, java.lang.Object, java.lang.Object)'> (0x00000000c6ed41b0) thrown at [./src/hotspot/share/interpreter/linkResolver.cpp, line 773]
Event: 34.433 Thread 0x00007fb710016800 Exception <a 'java/lang/NoSuchMethodError'{0x00000000c6ed7740}: 'java.lang.Object java.lang.invoke.DelegatingMethodHandle$Holder.reinvoke_L(java.lang.Object, int, int, java.lang.Object, java.lang.Object, java.lang.Object)'> (0x00000000c6ed7740) thrown at [./src/hotspot/share/interpreter/linkResolver.cpp, line 773]
Event: 34.434 Thread 0x00007fb710016800 Exception <a 'java/lang/NoSuchMethodError'{0x00000000c6edb718}: 'java.lang.Object java.lang.invoke.DirectMethodHandle$Holder.invokeStatic(java.lang.Object, java.lang.Object, java.lang.Object, java.lang.Object, int)'> (0x00000000c6edb718) thrown at [./src/hotspot/share/interpreter/linkResolver.cpp, line 773]
Event: 34.522 Thread 0x00007fb710016800 Exception <a 'java/lang/UnsatisfiedLinkError'{0x00000000c7f116e8}: libtesseract.so: cannot open shared object file: No such file or directory> (0x00000000c7f116e8) thrown at [./src/hotspot/share/prims/jni.cpp, line 636]
Event: 34.523 Thread 0x00007fb710016800 Exception <a 'java/lang/UnsatisfiedLinkError'{0x00000000c7f121f8}: libtesseract.so: cannot open shared object file: No such file or directory> (0x00000000c7f121f8) thrown at [./src/hotspot/share/prims/jni.cpp, line 636]

Events (20 events):
Event: 34.618 loading class com/sun/imageio/plugins/tiff/TIFFIFD
Event: 34.618 loading class javax/imageio/plugins/tiff/TIFFDirectory
Event: 34.618 loading class javax/imageio/plugins/tiff/TIFFDirectory done
Event: 34.618 loading class com/sun/imageio/plugins/tiff/TIFFIFD done
Event: 34.618 loading class javax/imageio/plugins/tiff/TIFFField
Event: 34.618 loading class javax/imageio/plugins/tiff/TIFFField done
Event: 34.619 loading class com/sun/imageio/plugins/tiff/TIFFIFD$TIFFIFDEntry
Event: 34.619 loading class com/sun/imageio/plugins/tiff/TIFFIFD$TIFFIFDEntry done
Event: 34.619 loading class com/sun/imageio/plugins/tiff/TIFFDecompressor
Event: 34.619 loading class com/sun/imageio/plugins/tiff/TIFFDecompressor done
Event: 34.619 loading class com/sun/imageio/plugins/common/ImageUtil
Event: 34.619 loading class com/sun/imageio/plugins/common/ImageUtil done
Event: 34.620 loading class com/sun/imageio/plugins/tiff/TIFFNullDecompressor
Event: 34.620 loading class com/sun/imageio/plugins/tiff/TIFFNullDecompressor done
Event: 34.620 loading class com/sun/imageio/plugins/tiff/TIFFImageWriter
Event: 34.620 loading class com/sun/imageio/plugins/tiff/TIFFImageWriter done
Event: 34.621 loading class java/lang/StrictMath
Event: 34.621 loading class java/lang/StrictMath done
Event: 34.621 loading class com/sun/jna/Native$Buffers
Event: 34.621 loading class com/sun/jna/Native$Buffers done


Dynamic libraries:
c4400000-c8000000 rw-p 00000000 00:00 0 
c8000000-ffe00000 ---p 00000000 00:00 0 
ffe00000-ffe47000 rw-p 0110b000 08:01 12456481                           /usr/lib/jvm/java-11-openjdk-amd64/lib/server/classes.jsa
ffe47000-fff00000 rw-p 00000000 00:00 0 
fff00000-fff6a000 rw-p 010a1000 08:01 12456481                           /usr/lib/jvm/java-11-openjdk-amd64/lib/server/classes.jsa
fff6a000-100000000 rw-p 00000000 00:00 0 
800000000-800002000 rwxp 00001000 08:01 12456481                         /usr/lib/jvm/java-11-openjdk-amd64/lib/server/classes.jsa
800002000-8003b8000 rw-p 00003000 08:01 12456481                         /usr/lib/jvm/java-11-openjdk-amd64/lib/server/classes.jsa
8003b8000-800a93000 r--p 003b9000 08:01 12456481                         /usr/lib/jvm/java-11-openjdk-amd64/lib/server/classes.jsa
800a93000-800a94000 rw-p 00a94000 08:01 12456481                         /usr/lib/jvm/java-11-openjdk-amd64/lib/server/classes.jsa
800a94000-8010a0000 r--p 00a95000 08:01 12456481                         /usr/lib/jvm/java-11-openjdk-amd64/lib/server/classes.jsa
840000000-840200000 rw-p 00000000 00:00 0 
840200000-880000000 ---p 00000000 00:00 0 
558b8e2e4000-558b8e2e5000 r-xp 00000000 08:01 12455190                   /usr/lib/jvm/java-11-openjdk-amd64/bin/java
558b8e4e5000-558b8e4e6000 r--p 00001000 08:01 12455190                   /usr/lib/jvm/java-11-openjdk-amd64/bin/java
558b8e4e6000-558b8e4e7000 rw-p 00002000 08:01 12455190                   /usr/lib/jvm/java-11-openjdk-amd64/bin/java
558b8fab3000-558b8fad4000 rw-p 00000000 00:00 0                          [heap]
7fb68f296000-7fb68f396000 rw-p 00000000 00:00 0 
7fb68f396000-7fb68f496000 ---p 00000000 00:00 0 
7fb68f496000-7fb68f4a1000 r-xp 00000000 08:01 6562053                    /usr/lib/x86_64-linux-gnu/libjbig.so.0
7fb68f4a1000-7fb68f6a0000 ---p 0000b000 08:01 6562053                    /usr/lib/x86_64-linux-gnu/libjbig.so.0
7fb68f6a0000-7fb68f6a1000 r--p 0000a000 08:01 6562053                    /usr/lib/x86_64-linux-gnu/libjbig.so.0
7fb68f6a1000-7fb68f6a4000 rw-p 0000b000 08:01 6562053                    /usr/lib/x86_64-linux-gnu/libjbig.so.0
7fb68f6a4000-7fb68f6c8000 r-xp 00000000 08:01 9966594                    /lib/x86_64-linux-gnu/liblzma.so.5.2.2
7fb68f6c8000-7fb68f8c8000 ---p 00024000 08:01 9966594                    /lib/x86_64-linux-gnu/liblzma.so.5.2.2
7fb68f8c8000-7fb68f8c9000 r--p 00024000 08:01 9966594                    /lib/x86_64-linux-gnu/liblzma.so.5.2.2
7fb68f8c9000-7fb68f8ca000 rw-p 00025000 08:01 9966594                    /lib/x86_64-linux-gnu/liblzma.so.5.2.2
7fb68f8ca000-7fb68f91e000 r-xp 00000000 08:01 6555779                    /usr/lib/x86_64-linux-gnu/libopenjp2.so.2.3.0
7fb68f91e000-7fb68fb1e000 ---p 00054000 08:01 6555779                    /usr/lib/x86_64-linux-gnu/libopenjp2.so.2.3.0
7fb68fb1e000-7fb68fb1f000 r--p 00054000 08:01 6555779                    /usr/lib/x86_64-linux-gnu/libopenjp2.so.2.3.0
7fb68fb1f000-7fb68fb20000 rw-p 00055000 08:01 6555779                    /usr/lib/x86_64-linux-gnu/libopenjp2.so.2.3.0
7fb68fb20000-7fb68fb86000 r-xp 00000000 08:01 6562528                    /usr/lib/x86_64-linux-gnu/libwebp.so.6.0.2
7fb68fb86000-7fb68fd85000 ---p 00066000 08:01 6562528                    /usr/lib/x86_64-linux-gnu/libwebp.so.6.0.2
7fb68fd85000-7fb68fd86000 r--p 00065000 08:01 6562528                    /usr/lib/x86_64-linux-gnu/libwebp.so.6.0.2
7fb68fd86000-7fb68fd87000 rw-p 00066000 08:01 6562528                    /usr/lib/x86_64-linux-gnu/libwebp.so.6.0.2
7fb68fd87000-7fb68fd89000 rw-p 00000000 00:00 0 
7fb68fd89000-7fb68fdfc000 r-xp 00000000 08:01 6554686                    /usr/lib/x86_64-linux-gnu/libtiff.so.5.3.0
7fb68fdfc000-7fb68fffb000 ---p 00073000 08:01 6554686                    /usr/lib/x86_64-linux-gnu/libtiff.so.5.3.0
7fb68fffb000-7fb68ffff000 r--p 00072000 08:01 6554686                    /usr/lib/x86_64-linux-gnu/libtiff.so.5.3.0
7fb68ffff000-7fb690000000 rw-p 00076000 08:01 6554686                    /usr/lib/x86_64-linux-gnu/libtiff.so.5.3.0
7fb690000000-7fb690021000 rw-p 00000000 00:00 0 
7fb690021000-7fb694000000 ---p 00000000 00:00 0 
7fb694000000-7fb694021000 rw-p 00000000 00:00 0 
7fb694021000-7fb698000000 ---p 00000000 00:00 0 
7fb698000000-7fb698021000 rw-p 00000000 00:00 0 
7fb698021000-7fb69c000000 ---p 00000000 00:00 0 
7fb69c000000-7fb69c021000 rw-p 00000000 00:00 0 
7fb69c021000-7fb6a0000000 ---p 00000000 00:00 0 
7fb6a0000000-7fb6a0021000 rw-p 00000000 00:00 0 
7fb6a0021000-7fb6a4000000 ---p 00000000 00:00 0 
7fb6a4000000-7fb6a4021000 rw-p 00000000 00:00 0 
7fb6a4021000-7fb6a8000000 ---p 00000000 00:00 0 
7fb6a8000000-7fb6a8021000 rw-p 00000000 00:00 0 
7fb6a8021000-7fb6ac000000 ---p 00000000 00:00 0 
7fb6ac000000-7fb6ac021000 rw-p 00000000 00:00 0 
7fb6ac021000-7fb6b0000000 ---p 00000000 00:00 0 
7fb6b0000000-7fb6b0021000 rw-p 00000000 00:00 0 
7fb6b0021000-7fb6b4000000 ---p 00000000 00:00 0 
7fb6b4000000-7fb6b4021000 rw-p 00000000 00:00 0 
7fb6b4021000-7fb6b8000000 ---p 00000000 00:00 0 
7fb6b81e1000-7fb6b81e9000 r-xp 00000000 08:01 6562893                    /usr/lib/x86_64-linux-gnu/libgif.so.7.0.0
7fb6b81e9000-7fb6b83e8000 ---p 00008000 08:01 6562893                    /usr/lib/x86_64-linux-gnu/libgif.so.7.0.0
7fb6b83e8000-7fb6b83e9000 r--p 00007000 08:01 6562893                    /usr/lib/x86_64-linux-gnu/libgif.so.7.0.0
7fb6b83e9000-7fb6b83ea000 rw-p 00008000 08:01 6562893                    /usr/lib/x86_64-linux-gnu/libgif.so.7.0.0
7fb6b83ea000-7fb6b8451000 r-xp 00000000 08:01 6554613                    /usr/lib/x86_64-linux-gnu/libjpeg.so.8.1.2
7fb6b8451000-7fb6b8650000 ---p 00067000 08:01 6554613                    /usr/lib/x86_64-linux-gnu/libjpeg.so.8.1.2
7fb6b8650000-7fb6b8651000 r--p 00066000 08:01 6554613                    /usr/lib/x86_64-linux-gnu/libjpeg.so.8.1.2
7fb6b8651000-7fb6b8652000 rw-p 00067000 08:01 6554613                    /usr/lib/x86_64-linux-gnu/libjpeg.so.8.1.2
7fb6b8652000-7fb6b8683000 r-xp 00000000 08:01 6562256                    /usr/lib/x86_64-linux-gnu/libpng16.so.16.34.0
7fb6b8683000-7fb6b8882000 ---p 00031000 08:01 6562256                    /usr/lib/x86_64-linux-gnu/libpng16.so.16.34.0
7fb6b8882000-7fb6b8883000 r--p 00030000 08:01 6562256                    /usr/lib/x86_64-linux-gnu/libpng16.so.16.34.0
7fb6b8883000-7fb6b8884000 rw-p 00031000 08:01 6562256                    /usr/lib/x86_64-linux-gnu/libpng16.so.16.34.0
7fb6b8884000-7fb6b88b2000 r-xp 00000000 08:01 6555237                    /usr/lib/x86_64-linux-gnu/libgomp.so.1.0.0
7fb6b88b2000-7fb6b8ab1000 ---p 0002e000 08:01 6555237                    /usr/lib/x86_64-linux-gnu/libgomp.so.1.0.0
7fb6b8ab1000-7fb6b8ab2000 r--p 0002d000 08:01 6555237                    /usr/lib/x86_64-linux-gnu/libgomp.so.1.0.0
7fb6b8ab2000-7fb6b8ab3000 rw-p 0002e000 08:01 6555237                    /usr/lib/x86_64-linux-gnu/libgomp.so.1.0.0
7fb6b8ab3000-7fb6b8d0f000 r-xp 00000000 08:01 6556067                    /usr/lib/x86_64-linux-gnu/liblept.so.5.0.2
7fb6b8d0f000-7fb6b8f0e000 ---p 0025c000 08:01 6556067                    /usr/lib/x86_64-linux-gnu/liblept.so.5.0.2
7fb6b8f0e000-7fb6b8f0f000 r--p 0025b000 08:01 6556067                    /usr/lib/x86_64-linux-gnu/liblept.so.5.0.2
7fb6b8f0f000-7fb6b8f15000 rw-p 0025c000 08:01 6556067                    /usr/lib/x86_64-linux-gnu/liblept.so.5.0.2
7fb6b8f15000-7fb6b9222000 r-xp 00000000 08:01 6556069                    /usr/lib/x86_64-linux-gnu/libtesseract.so.4.0.0
7fb6b9222000-7fb6b9421000 ---p 0030d000 08:01 6556069                    /usr/lib/x86_64-linux-gnu/libtesseract.so.4.0.0
7fb6b9421000-7fb6b9426000 r--p 0030c000 08:01 6556069                    /usr/lib/x86_64-linux-gnu/libtesseract.so.4.0.0
7fb6b9426000-7fb6b9427000 rw-p 00311000 08:01 6556069                    /usr/lib/x86_64-linux-gnu/libtesseract.so.4.0.0
7fb6b9427000-7fb6b96cb000 rw-p 00000000 00:00 0 
7fb6b96cb000-7fb6b96e2000 r-xp 00000000 08:01 19017328                   /tmp/jna-104583599/jna6034748481411116470.tmp (deleted)
7fb6b96e2000-7fb6b97e1000 ---p 00017000 08:01 19017328                   /tmp/jna-104583599/jna6034748481411116470.tmp (deleted)
7fb6b97e1000-7fb6b97e3000 rw-p 00016000 08:01 19017328                   /tmp/jna-104583599/jna6034748481411116470.tmp (deleted)
7fb6b97e3000-7fb6b97e7000 ---p 00000000 00:00 0 
7fb6b97e7000-7fb6b98e4000 rw-p 00000000 00:00 0 
7fb6b98e4000-7fb6b98f7000 r-xp 00000000 08:01 9961655                    /lib/x86_64-linux-gnu/libbsd.so.0.8.7
7fb6b98f7000-7fb6b9af6000 ---p 00013000 08:01 9961655                    /lib/x86_64-linux-gnu/libbsd.so.0.8.7
7fb6b9af6000-7fb6b9af7000 r--p 00012000 08:01 9961655                    /lib/x86_64-linux-gnu/libbsd.so.0.8.7
7fb6b9af7000-7fb6b9af8000 rw-p 00013000 08:01 9961655                    /lib/x86_64-linux-gnu/libbsd.so.0.8.7
7fb6b9af8000-7fb6b9af9000 rw-p 00000000 00:00 0 
7fb6b9af9000-7fb6b9afe000 r-xp 00000000 08:01 6561397                    /usr/lib/x86_64-linux-gnu/libXdmcp.so.6.0.0
7fb6b9afe000-7fb6b9cfd000 ---p 00005000 08:01 6561397                    /usr/lib/x86_64-linux-gnu/libXdmcp.so.6.0.0
7fb6b9cfd000-7fb6b9cfe000 r--p 00004000 08:01 6561397                    /usr/lib/x86_64-linux-gnu/libXdmcp.so.6.0.0
7fb6b9cfe000-7fb6b9cff000 rw-p 00005000 08:01 6561397                    /usr/lib/x86_64-linux-gnu/libXdmcp.so.6.0.0
7fb6b9cff000-7fb6b9d01000 r-xp 00000000 08:01 6561386                    /usr/lib/x86_64-linux-gnu/libXau.so.6.0.0
7fb6b9d01000-7fb6b9f01000 ---p 00002000 08:01 6561386                    /usr/lib/x86_64-linux-gnu/libXau.so.6.0.0
7fb6b9f01000-7fb6b9f02000 r--p 00002000 08:01 6561386                    /usr/lib/x86_64-linux-gnu/libXau.so.6.0.0
7fb6b9f02000-7fb6b9f03000 rw-p 00003000 08:01 6561386                    /usr/lib/x86_64-linux-gnu/libXau.so.6.0.0
7fb6b9f03000-7fb6b9f29000 r-xp 00000000 08:01 6562599                    /usr/lib/x86_64-linux-gnu/libxcb.so.1.1.0
7fb6b9f29000-7fb6ba129000 ---p 00026000 08:01 6562599                    /usr/lib/x86_64-linux-gnu/libxcb.so.1.1.0
7fb6ba129000-7fb6ba12a000 r--p 00026000 08:01 6562599                    /usr/lib/x86_64-linux-gnu/libxcb.so.1.1.0
7fb6ba12a000-7fb6ba12b000 rw-p 00027000 08:01 6562599                    /usr/lib/x86_64-linux-gnu/libxcb.so.1.1.0
7fb6ba12b000-7fb6ba13a000 r-xp 00000000 08:01 6561407                    /usr/lib/x86_64-linux-gnu/libXi.so.6.1.0
7fb6ba13a000-7fb6ba339000 ---p 0000f000 08:01 6561407                    /usr/lib/x86_64-linux-gnu/libXi.so.6.1.0
7fb6ba339000-7fb6ba33a000 r--p 0000e000 08:01 6561407                    /usr/lib/x86_64-linux-gnu/libXi.so.6.1.0
7fb6ba33a000-7fb6ba33b000 rw-p 0000f000 08:01 6561407                    /usr/lib/x86_64-linux-gnu/libXi.so.6.1.0
7fb6ba33b000-7fb6ba340000 r-xp 00000000 08:01 6561425                    /usr/lib/x86_64-linux-gnu/libXtst.so.6.1.0
7fb6ba340000-7fb6ba53f000 ---p 00005000 08:01 6561425                    /usr/lib/x86_64-linux-gnu/libXtst.so.6.1.0
7fb6ba53f000-7fb6ba540000 r--p 00004000 08:01 6561425                    /usr/lib/x86_64-linux-gnu/libXtst.so.6.1.0
7fb6ba540000-7fb6ba541000 rw-p 00005000 08:01 6561425                    /usr/lib/x86_64-linux-gnu/libXtst.so.6.1.0
7fb6ba541000-7fb6ba54a000 r-xp 00000000 08:01 6561419                    /usr/lib/x86_64-linux-gnu/libXrender.so.1.3.0
7fb6ba54a000-7fb6ba749000 ---p 00009000 08:01 6561419                    /usr/lib/x86_64-linux-gnu/libXrender.so.1.3.0
7fb6ba749000-7fb6ba74a000 r--p 00008000 08:01 6561419                    /usr/lib/x86_64-linux-gnu/libXrender.so.1.3.0
7fb6ba74a000-7fb6ba74b000 rw-p 00009000 08:01 6561419                    /usr/lib/x86_64-linux-gnu/libXrender.so.1.3.0
7fb6ba74b000-7fb6ba87e000 r-xp 00000000 08:01 6561382                    /usr/lib/x86_64-linux-gnu/libX11.so.6.3.0
7fb6ba87e000-7fb6baa7e000 ---p 00133000 08:01 6561382                    /usr/lib/x86_64-linux-gnu/libX11.so.6.3.0
7fb6baa7e000-7fb6baa7f000 r--p 00133000 08:01 6561382                    /usr/lib/x86_64-linux-gnu/libX11.so.6.3.0
7fb6baa7f000-7fb6baa83000 rw-p 00134000 08:01 6561382                    /usr/lib/x86_64-linux-gnu/libX11.so.6.3.0
7fb6baa83000-7fb6baa94000 r-xp 00000000 08:01 6561399                    /usr/lib/x86_64-linux-gnu/libXext.so.6.4.0
7fb6baa94000-7fb6bac93000 ---p 00011000 08:01 6561399                    /usr/lib/x86_64-linux-gnu/libXext.so.6.4.0
7fb6bac93000-7fb6bac94000 r--p 00010000 08:01 6561399                    /usr/lib/x86_64-linux-gnu/libXext.so.6.4.0
7fb6bac94000-7fb6bac95000 rw-p 00011000 08:01 6561399                    /usr/lib/x86_64-linux-gnu/libXext.so.6.4.0
7fb6bac95000-7fb6bacf4000 r-xp 00000000 08:01 12455373                   /usr/lib/jvm/java-11-openjdk-amd64/lib/libawt_xawt.so
7fb6bacf4000-7fb6baef3000 ---p 0005f000 08:01 12455373                   /usr/lib/jvm/java-11-openjdk-amd64/lib/libawt_xawt.so
7fb6baef3000-7fb6baef4000 r--p 0005e000 08:01 12455373                   /usr/lib/jvm/java-11-openjdk-amd64/lib/libawt_xawt.so
7fb6baef4000-7fb6baef7000 rw-p 0005f000 08:01 12455373                   /usr/lib/jvm/java-11-openjdk-amd64/lib/libawt_xawt.so
7fb6baef7000-7fb6baef9000 rw-p 00000000 00:00 0 
7fb6baef9000-7fb6baf97000 r-xp 00000000 08:01 12455371                   /usr/lib/jvm/java-11-openjdk-amd64/lib/libawt.so
7fb6baf97000-7fb6bb197000 ---p 0009e000 08:01 12455371                   /usr/lib/jvm/java-11-openjdk-amd64/lib/libawt.so
7fb6bb197000-7fb6bb198000 r--p 0009e000 08:01 12455371                   /usr/lib/jvm/java-11-openjdk-amd64/lib/libawt.so
7fb6bb198000-7fb6bb1a3000 rw-p 0009f000 08:01 12455371                   /usr/lib/jvm/java-11-openjdk-amd64/lib/libawt.so
7fb6bb1a3000-7fb6bb3c8000 rw-p 00000000 00:00 0 
7fb6bb3c8000-7fb6bb3cc000 ---p 00000000 00:00 0 
7fb6bb3cc000-7fb6bb4c9000 rw-p 00000000 00:00 0 
7fb6bb4c9000-7fb6bb4cd000 ---p 00000000 00:00 0 
7fb6bb4cd000-7fb6bb7ca000 rw-p 00000000 00:00 0 
7fb6bb7ca000-7fb6bb7ce000 ---p 00000000 00:00 0 
7fb6bb7ce000-7fb6bb8cb000 rw-p 00000000 00:00 0 
7fb6bb8cb000-7fb6bb8cf000 ---p 00000000 00:00 0 
7fb6bb8cf000-7fb6bb9cc000 rw-p 00000000 00:00 0 
7fb6bb9cc000-7fb6bb9d0000 ---p 00000000 00:00 0 
7fb6bb9d0000-7fb6bbacd000 rw-p 00000000 00:00 0 
7fb6bbacd000-7fb6bbad1000 ---p 00000000 00:00 0 
7fb6bbad1000-7fb6bbbce000 rw-p 00000000 00:00 0 
7fb6bbbce000-7fb6bbbf8000 r-xp 00000000 08:01 12455404                   /usr/lib/jvm/java-11-openjdk-amd64/lib/libsunec.so
7fb6bbbf8000-7fb6bbdf7000 ---p 0002a000 08:01 12455404                   /usr/lib/jvm/java-11-openjdk-amd64/lib/libsunec.so
7fb6bbdf7000-7fb6bbdfb000 r--p 00029000 08:01 12455404                   /usr/lib/jvm/java-11-openjdk-amd64/lib/libsunec.so
7fb6bbdfb000-7fb6bbdfd000 rw-p 0002d000 08:01 12455404                   /usr/lib/jvm/java-11-openjdk-amd64/lib/libsunec.so
7fb6bbdfd000-7fb6bbdff000 r-xp 00000000 08:01 12455375                   /usr/lib/jvm/java-11-openjdk-amd64/lib/libextnet.so
7fb6bbdff000-7fb6bbffe000 ---p 00002000 08:01 12455375                   /usr/lib/jvm/java-11-openjdk-amd64/lib/libextnet.so
7fb6bbffe000-7fb6bbfff000 r--p 00001000 08:01 12455375                   /usr/lib/jvm/java-11-openjdk-amd64/lib/libextnet.so
7fb6bbfff000-7fb6bc000000 rw-p 00002000 08:01 12455375                   /usr/lib/jvm/java-11-openjdk-amd64/lib/libextnet.so
7fb6bc000000-7fb6bc021000 rw-p 00000000 00:00 0 
7fb6bc021000-7fb6c0000000 ---p 00000000 00:00 0 
7fb6c0000000-7fb6c0021000 rw-p 00000000 00:00 0 
7fb6c0021000-7fb6c4000000 ---p 00000000 00:00 0 
7fb6c4000000-7fb6c43f8000 rw-p 00000000 00:00 0 
7fb6c43f8000-7fb6c8000000 ---p 00000000 00:00 0 
7fb6c8000000-7fb6c8021000 rw-p 00000000 00:00 0 
7fb6c8021000-7fb6cc000000 ---p 00000000 00:00 0 
7fb6cc000000-7fb6cc021000 rw-p 00000000 00:00 0 
7fb6cc021000-7fb6d0000000 ---p 00000000 00:00 0 
7fb6d0000000-7fb6d03f7000 rw-p 00000000 00:00 0 
7fb6d03f7000-7fb6d4000000 ---p 00000000 00:00 0 
7fb6d4000000-7fb6d4021000 rw-p 00000000 00:00 0 
7fb6d4021000-7fb6d8000000 ---p 00000000 00:00 0 
7fb6d8000000-7fb6d8021000 rw-p 00000000 00:00 0 
7fb6d8021000-7fb6dc000000 ---p 00000000 00:00 0 
7fb6dc000000-7fb6dc021000 rw-p 00000000 00:00 0 
7fb6dc021000-7fb6e0000000 ---p 00000000 00:00 0 
7fb6e0000000-7fb6e0021000 rw-p 00000000 00:00 0 
7fb6e0021000-7fb6e4000000 ---p 00000000 00:00 0 
7fb6e4000000-7fb6e4021000 rw-p 00000000 00:00 0 
7fb6e4021000-7fb6e8000000 ---p 00000000 00:00 0 
7fb6e80fe000-7fb6e80ff000 ---p 00000000 00:00 0 
7fb6e80ff000-7fb6e8200000 rw-p 00000000 00:00 0 
7fb6e8200000-7fb6e8216000 r-xp 00000000 08:01 12455398                   /usr/lib/jvm/java-11-openjdk-amd64/lib/libnet.so
7fb6e8216000-7fb6e8415000 ---p 00016000 08:01 12455398                   /usr/lib/jvm/java-11-openjdk-amd64/lib/libnet.so
7fb6e8415000-7fb6e8416000 r--p 00015000 08:01 12455398                   /usr/lib/jvm/java-11-openjdk-amd64/lib/libnet.so
7fb6e8416000-7fb6e8417000 rw-p 00016000 08:01 12455398                   /usr/lib/jvm/java-11-openjdk-amd64/lib/libnet.so
7fb6e8417000-7fb6e8427000 r-xp 00000000 08:01 12455399                   /usr/lib/jvm/java-11-openjdk-amd64/lib/libnio.so
7fb6e8427000-7fb6e8626000 ---p 00010000 08:01 12455399                   /usr/lib/jvm/java-11-openjdk-amd64/lib/libnio.so
7fb6e8626000-7fb6e8627000 r--p 0000f000 08:01 12455399                   /usr/lib/jvm/java-11-openjdk-amd64/lib/libnio.so
7fb6e8627000-7fb6e8628000 rw-p 00010000 08:01 12455399                   /usr/lib/jvm/java-11-openjdk-amd64/lib/libnio.so
7fb6e8628000-7fb6e862c000 ---p 00000000 00:00 0 
7fb6e862c000-7fb6e8729000 rw-p 00000000 00:00 0 
7fb6e8729000-7fb6e872a000 ---p 00000000 00:00 0 
7fb6e872a000-7fb6e882b000 rw-p 00000000 00:00 0 
7fb6e882b000-7fb6e882f000 ---p 00000000 00:00 0 
7fb6e882f000-7fb6e892c000 rw-p 00000000 00:00 0 
7fb6e892c000-7fb6e8930000 ---p 00000000 00:00 0 
7fb6e8930000-7fb6e8a2d000 rw-p 00000000 00:00 0 
7fb6e8a2d000-7fb6e8a31000 ---p 00000000 00:00 0 
7fb6e8a31000-7fb6e8b2e000 rw-p 00000000 00:00 0 
7fb6e8b2e000-7fb6e8b32000 ---p 00000000 00:00 0 
7fb6e8b32000-7fb6e8c2f000 rw-p 00000000 00:00 0 
7fb6e8c2f000-7fb6e8c33000 ---p 00000000 00:00 0 
7fb6e8c33000-7fb6e8d30000 rw-p 00000000 00:00 0 
7fb6e8d30000-7fb6e96ff000 r--p 00000000 08:01 6560357                    /usr/lib/locale/locale-archive
7fb6e96ff000-7fb6e9703000 ---p 00000000 00:00 0 
7fb6e9703000-7fb6ec000000 rw-p 00000000 00:00 0 
7fb6ec000000-7fb6ec021000 rw-p 00000000 00:00 0 
7fb6ec021000-7fb6f0000000 ---p 00000000 00:00 0 
7fb6f0000000-7fb6f0021000 rw-p 00000000 00:00 0 
7fb6f0021000-7fb6f4000000 ---p 00000000 00:00 0 
7fb6f4000000-7fb6f4021000 rw-p 00000000 00:00 0 
7fb6f4021000-7fb6f8000000 ---p 00000000 00:00 0 
7fb6f8004000-7fb6f8008000 ---p 00000000 00:00 0 
7fb6f8008000-7fb6f8026000 rw-p 00000000 00:00 0 
7fb6f8026000-7fb6f802a000 ---p 00000000 00:00 0 
7fb6f802a000-7fb6f8127000 rw-p 00000000 00:00 0 
7fb6f8127000-7fb6f8128000 ---p 00000000 00:00 0 
7fb6f8128000-7fb6f8305000 rw-p 00000000 00:00 0 
7fb6f8305000-7fb6f8306000 ---p 00000000 00:00 0 
7fb6f8306000-7fb6f8407000 rw-p 00000000 00:00 0 
7fb6f8407000-7fb6f8408000 ---p 00000000 00:00 0 
7fb6f8408000-7fb6f890d000 rw-p 00000000 00:00 0 
7fb6f890d000-7fb6f8b7d000 rwxp 00000000 00:00 0 
7fb6f8b7d000-7fb6f8e9d000 ---p 00000000 00:00 0 
7fb6f8e9d000-7fb6f925d000 rwxp 00000000 00:00 0 
7fb6f925d000-7fb7003d5000 ---p 00000000 00:00 0 
7fb7003d5000-7fb700645000 rwxp 00000000 00:00 0 
7fb700645000-7fb70790d000 ---p 00000000 00:00 0 
7fb70790d000-7fb710000000 r--s 00000000 08:01 12455408                   /usr/lib/jvm/java-11-openjdk-amd64/lib/modules
7fb710000000-7fb710867000 rw-p 00000000 00:00 0 
7fb710867000-7fb714000000 ---p 00000000 00:00 0 
7fb714000000-7fb714001000 ---p 00000000 00:00 0 
7fb714001000-7fb714102000 rw-p 00000000 00:00 0 
7fb714102000-7fb714103000 ---p 00000000 00:00 0 
7fb714103000-7fb7142f4000 rw-p 00000000 00:00 0 
7fb7142f4000-7fb7150ec000 ---p 00000000 00:00 0 
7fb7150ec000-7fb7151e4000 rw-p 00000000 00:00 0 
7fb7151e4000-7fb715fdc000 ---p 00000000 00:00 0 
7fb715fdc000-7fb716002000 rw-p 00000000 00:00 0 
7fb716002000-7fb7161c1000 ---p 00000000 00:00 0 
7fb7161c1000-7fb7161e0000 rw-p 00000000 00:00 0 
7fb7161e0000-7fb71639f000 ---p 00000000 00:00 0 
7fb71639f000-7fb7163be000 rw-p 00000000 00:00 0 
7fb7163be000-7fb71657d000 ---p 00000000 00:00 0 
7fb71657d000-7fb716982000 rw-p 00000000 00:00 0 
7fb716982000-7fb716983000 ---p 00000000 00:00 0 
7fb716983000-7fb716a89000 rw-p 00000000 00:00 0 
7fb716a89000-7fb716b6f000 ---p 00000000 00:00 0 
7fb716b6f000-7fb716b77000 rw-p 00000000 00:00 0 
7fb716b77000-7fb716c5a000 ---p 00000000 00:00 0 
7fb716c5a000-7fb716c5f000 r-xp 00000000 08:01 12455386                   /usr/lib/jvm/java-11-openjdk-amd64/lib/libjimage.so
7fb716c5f000-7fb716e5e000 ---p 00005000 08:01 12455386                   /usr/lib/jvm/java-11-openjdk-amd64/lib/libjimage.so
7fb716e5e000-7fb716e5f000 r--p 00004000 08:01 12455386                   /usr/lib/jvm/java-11-openjdk-amd64/lib/libjimage.so
7fb716e5f000-7fb716e60000 rw-p 00005000 08:01 12455386                   /usr/lib/jvm/java-11-openjdk-amd64/lib/libjimage.so
7fb716e60000-7fb716e67000 r-xp 00000000 08:01 12455407                   /usr/lib/jvm/java-11-openjdk-amd64/lib/libzip.so
7fb716e67000-7fb717066000 ---p 00007000 08:01 12455407                   /usr/lib/jvm/java-11-openjdk-amd64/lib/libzip.so
7fb717066000-7fb717067000 r--p 00006000 08:01 12455407                   /usr/lib/jvm/java-11-openjdk-amd64/lib/libzip.so
7fb717067000-7fb717068000 rw-p 00007000 08:01 12455407                   /usr/lib/jvm/java-11-openjdk-amd64/lib/libzip.so
7fb717068000-7fb717073000 r-xp 00000000 08:01 9966624                    /lib/x86_64-linux-gnu/libnss_files-2.27.so
7fb717073000-7fb717272000 ---p 0000b000 08:01 9966624                    /lib/x86_64-linux-gnu/libnss_files-2.27.so
7fb717272000-7fb717273000 r--p 0000a000 08:01 9966624                    /lib/x86_64-linux-gnu/libnss_files-2.27.so
7fb717273000-7fb717274000 rw-p 0000b000 08:01 9966624                    /lib/x86_64-linux-gnu/libnss_files-2.27.so
7fb717274000-7fb71727a000 rw-p 00000000 00:00 0 
7fb71727a000-7fb717291000 r-xp 00000000 08:01 9966618                    /lib/x86_64-linux-gnu/libnsl-2.27.so
7fb717291000-7fb717490000 ---p 00017000 08:01 9966618                    /lib/x86_64-linux-gnu/libnsl-2.27.so
7fb717490000-7fb717491000 r--p 00016000 08:01 9966618                    /lib/x86_64-linux-gnu/libnsl-2.27.so
7fb717491000-7fb717492000 rw-p 00017000 08:01 9966618                    /lib/x86_64-linux-gnu/libnsl-2.27.so
7fb717492000-7fb717494000 rw-p 00000000 00:00 0 
7fb717494000-7fb71749f000 r-xp 00000000 08:01 9966635                    /lib/x86_64-linux-gnu/libnss_nis-2.27.so
7fb71749f000-7fb71769e000 ---p 0000b000 08:01 9966635                    /lib/x86_64-linux-gnu/libnss_nis-2.27.so
7fb71769e000-7fb71769f000 r--p 0000a000 08:01 9966635                    /lib/x86_64-linux-gnu/libnss_nis-2.27.so
7fb71769f000-7fb7176a0000 rw-p 0000b000 08:01 9966635                    /lib/x86_64-linux-gnu/libnss_nis-2.27.so
7fb7176a0000-7fb7176a8000 r-xp 00000000 08:01 9966620                    /lib/x86_64-linux-gnu/libnss_compat-2.27.so
7fb7176a8000-7fb7178a8000 ---p 00008000 08:01 9966620                    /lib/x86_64-linux-gnu/libnss_compat-2.27.so
7fb7178a8000-7fb7178a9000 r--p 00008000 08:01 9966620                    /lib/x86_64-linux-gnu/libnss_compat-2.27.so
7fb7178a9000-7fb7178aa000 rw-p 00009000 08:01 9966620                    /lib/x86_64-linux-gnu/libnss_compat-2.27.so
7fb7178aa000-7fb7178d3000 r-xp 00000000 08:01 12455382                   /usr/lib/jvm/java-11-openjdk-amd64/lib/libjava.so
7fb7178d3000-7fb717ad2000 ---p 00029000 08:01 12455382                   /usr/lib/jvm/java-11-openjdk-amd64/lib/libjava.so
7fb717ad2000-7fb717ad3000 r--p 00028000 08:01 12455382                   /usr/lib/jvm/java-11-openjdk-amd64/lib/libjava.so
7fb717ad3000-7fb717ad5000 rw-p 00029000 08:01 12455382                   /usr/lib/jvm/java-11-openjdk-amd64/lib/libjava.so
7fb717ad5000-7fb717ae2000 r-xp 00000000 08:01 12455406                   /usr/lib/jvm/java-11-openjdk-amd64/lib/libverify.so
7fb717ae2000-7fb717ce1000 ---p 0000d000 08:01 12455406                   /usr/lib/jvm/java-11-openjdk-amd64/lib/libverify.so
7fb717ce1000-7fb717ce3000 r--p 0000c000 08:01 12455406                   /usr/lib/jvm/java-11-openjdk-amd64/lib/libverify.so
7fb717ce3000-7fb717ce4000 rw-p 0000e000 08:01 12455406                   /usr/lib/jvm/java-11-openjdk-amd64/lib/libverify.so
7fb717ce4000-7fb717ceb000 r-xp 00000000 08:01 9966675                    /lib/x86_64-linux-gnu/librt-2.27.so
7fb717ceb000-7fb717eea000 ---p 00007000 08:01 9966675                    /lib/x86_64-linux-gnu/librt-2.27.so
7fb717eea000-7fb717eeb000 r--p 00006000 08:01 9966675                    /lib/x86_64-linux-gnu/librt-2.27.so
7fb717eeb000-7fb717eec000 rw-p 00007000 08:01 9966675                    /lib/x86_64-linux-gnu/librt-2.27.so
7fb717eec000-7fb717f03000 r-xp 00000000 08:01 9961786                    /lib/x86_64-linux-gnu/libgcc_s.so.1
7fb717f03000-7fb718102000 ---p 00017000 08:01 9961786                    /lib/x86_64-linux-gnu/libgcc_s.so.1
7fb718102000-7fb718103000 r--p 00016000 08:01 9961786                    /lib/x86_64-linux-gnu/libgcc_s.so.1
7fb718103000-7fb718104000 rw-p 00017000 08:01 9961786                    /lib/x86_64-linux-gnu/libgcc_s.so.1
7fb718104000-7fb7182a1000 r-xp 00000000 08:01 9966597                    /lib/x86_64-linux-gnu/libm-2.27.so
7fb7182a1000-7fb7184a0000 ---p 0019d000 08:01 9966597                    /lib/x86_64-linux-gnu/libm-2.27.so
7fb7184a0000-7fb7184a1000 r--p 0019c000 08:01 9966597                    /lib/x86_64-linux-gnu/libm-2.27.so
7fb7184a1000-7fb7184a2000 rw-p 0019d000 08:01 9966597                    /lib/x86_64-linux-gnu/libm-2.27.so
7fb7184a2000-7fb71861b000 r-xp 00000000 08:01 6555233                    /usr/lib/x86_64-linux-gnu/libstdc++.so.6.0.25
7fb71861b000-7fb71881b000 ---p 00179000 08:01 6555233                    /usr/lib/x86_64-linux-gnu/libstdc++.so.6.0.25
7fb71881b000-7fb718825000 r--p 00179000 08:01 6555233                    /usr/lib/x86_64-linux-gnu/libstdc++.so.6.0.25
7fb718825000-7fb718827000 rw-p 00183000 08:01 6555233                    /usr/lib/x86_64-linux-gnu/libstdc++.so.6.0.25
7fb718827000-7fb71882b000 rw-p 00000000 00:00 0 
7fb71882b000-7fb719908000 r-xp 00000000 08:01 12455413                   /usr/lib/jvm/java-11-openjdk-amd64/lib/server/libjvm.so
7fb719908000-7fb719b07000 ---p 010dd000 08:01 12455413                   /usr/lib/jvm/java-11-openjdk-amd64/lib/server/libjvm.so
7fb719b07000-7fb719bc4000 r--p 010dc000 08:01 12455413                   /usr/lib/jvm/java-11-openjdk-amd64/lib/server/libjvm.so
7fb719bc4000-7fb719bfe000 rw-p 01199000 08:01 12455413                   /usr/lib/jvm/java-11-openjdk-amd64/lib/server/libjvm.so
7fb719bfe000-7fb719c54000 rw-p 00000000 00:00 0 
7fb719c54000-7fb719c6e000 r-xp 00000000 08:01 9966667                    /lib/x86_64-linux-gnu/libpthread-2.27.so
7fb719c6e000-7fb719e6d000 ---p 0001a000 08:01 9966667                    /lib/x86_64-linux-gnu/libpthread-2.27.so
7fb719e6d000-7fb719e6e000 r--p 00019000 08:01 9966667                    /lib/x86_64-linux-gnu/libpthread-2.27.so
7fb719e6e000-7fb719e6f000 rw-p 0001a000 08:01 9966667                    /lib/x86_64-linux-gnu/libpthread-2.27.so
7fb719e6f000-7fb719e73000 rw-p 00000000 00:00 0 
7fb719e73000-7fb719e76000 r-xp 00000000 08:01 9966557                    /lib/x86_64-linux-gnu/libdl-2.27.so
7fb719e76000-7fb71a075000 ---p 00003000 08:01 9966557                    /lib/x86_64-linux-gnu/libdl-2.27.so
7fb71a075000-7fb71a076000 r--p 00002000 08:01 9966557                    /lib/x86_64-linux-gnu/libdl-2.27.so
7fb71a076000-7fb71a077000 rw-p 00003000 08:01 9966557                    /lib/x86_64-linux-gnu/libdl-2.27.so
7fb71a077000-7fb71a093000 r-xp 00000000 08:01 9966706                    /lib/x86_64-linux-gnu/libz.so.1.2.11
7fb71a093000-7fb71a292000 ---p 0001c000 08:01 9966706                    /lib/x86_64-linux-gnu/libz.so.1.2.11
7fb71a292000-7fb71a293000 r--p 0001b000 08:01 9966706                    /lib/x86_64-linux-gnu/libz.so.1.2.11
7fb71a293000-7fb71a294000 rw-p 0001c000 08:01 9966706                    /lib/x86_64-linux-gnu/libz.so.1.2.11
7fb71a294000-7fb71a47b000 r-xp 00000000 08:01 9966534                    /lib/x86_64-linux-gnu/libc-2.27.so
7fb71a47b000-7fb71a67b000 ---p 001e7000 08:01 9966534                    /lib/x86_64-linux-gnu/libc-2.27.so
7fb71a67b000-7fb71a67f000 r--p 001e7000 08:01 9966534                    /lib/x86_64-linux-gnu/libc-2.27.so
7fb71a67f000-7fb71a681000 rw-p 001eb000 08:01 9966534                    /lib/x86_64-linux-gnu/libc-2.27.so
7fb71a681000-7fb71a685000 rw-p 00000000 00:00 0 
7fb71a685000-7fb71a695000 r-xp 00000000 08:01 12455366                   /usr/lib/jvm/java-11-openjdk-amd64/lib/jli/libjli.so
7fb71a695000-7fb71a894000 ---p 00010000 08:01 12455366                   /usr/lib/jvm/java-11-openjdk-amd64/lib/jli/libjli.so
7fb71a894000-7fb71a895000 r--p 0000f000 08:01 12455366                   /usr/lib/jvm/java-11-openjdk-amd64/lib/jli/libjli.so
7fb71a895000-7fb71a896000 rw-p 00010000 08:01 12455366                   /usr/lib/jvm/java-11-openjdk-amd64/lib/jli/libjli.so
7fb71a896000-7fb71a8bd000 r-xp 00000000 08:01 9966506                    /lib/x86_64-linux-gnu/ld-2.27.so
7fb71a8de000-7fb71a999000 rw-p 00000000 00:00 0 
7fb71a999000-7fb71a99d000 ---p 00000000 00:00 0 
7fb71a99d000-7fb71aa9c000 rw-p 00000000 00:00 0 
7fb71aaa3000-7fb71aaa8000 rw-p 00000000 00:00 0 
7fb71aaa8000-7fb71aaaf000 ---p 00000000 00:00 0 
7fb71aaaf000-7fb71aab1000 r--s 00007000 08:01 6951047                    /usr/share/java/java-atk-wrapper.jar
7fb71aab1000-7fb71aab9000 rw-s 00000000 08:01 19017298                   /tmp/hsperfdata_nakul/21962
7fb71aab9000-7fb71aaba000 ---p 00000000 00:00 0 
7fb71aaba000-7fb71aabb000 r--p 00000000 00:00 0 
7fb71aabb000-7fb71aabd000 rw-p 00000000 00:00 0 
7fb71aabd000-7fb71aabe000 r--p 00027000 08:01 9966506                    /lib/x86_64-linux-gnu/ld-2.27.so
7fb71aabe000-7fb71aabf000 rw-p 00028000 08:01 9966506                    /lib/x86_64-linux-gnu/ld-2.27.so
7fb71aabf000-7fb71aac0000 rw-p 00000000 00:00 0 
7ffe8157b000-7ffe8159c000 rw-p 00000000 00:00 0                          [stack]
7ffe815a1000-7ffe815a4000 r--p 00000000 00:00 0                          [vvar]
7ffe815a4000-7ffe815a5000 r-xp 00000000 00:00 0                          [vdso]
ffffffffff600000-ffffffffff601000 --xp 00000000 00:00 0                  [vsyscall]


VM Arguments:
jvm_args: -Dfile.encoding=UTF-8 
java_command: selenium.NSP
java_class_path (initial): /home/nakul/eclipse-workspace/selenium/bin:/home/nakul/selenium/selenium-java-3.141.59/libs/byte-buddy-1.8.15.jar:/home/nakul/selenium/selenium-java-3.141.59/libs/commons-exec-1.3.jar:/home/nakul/selenium/selenium-java-3.141.59/libs/guava-25.0-jre.jar:/home/nakul/selenium/selenium-java-3.141.59/libs/okhttp-3.11.0.jar:/home/nakul/selenium/selenium-java-3.141.59/libs/okio-1.14.0.jar:/home/nakul/selenium/selenium-java-3.141.59/client-combined-3.141.59.jar:/home/nakul/selenium/selenium-java-3.141.59/client-combined-3.141.59-sources.jar:/home/nakul/eclipse-workspace/Tess4J/lib/commons-beanutils-1.9.2.jar:/home/nakul/eclipse-workspace/Tess4J/lib/commons-io-2.6.jar:/home/nakul/eclipse-workspace/Tess4J/lib/commons-logging-1.2.jar:/home/nakul/eclipse-workspace/Tess4J/lib/fontbox-2.0.9.jar:/home/nakul/eclipse-workspace/Tess4J/lib/ghost4j-1.0.1.jar:/home/nakul/eclipse-workspace/Tess4J/lib/hamcrest-core-1.3.jar:/home/nakul/eclipse-workspace/Tess4J/lib/itext-2.1.7.jar:/home/nakul/eclipse-workspace/Tess4J/lib/jai-imageio-core-1.4.0.jar:/home/nakul/eclipse-workspace/Tess4J/lib/jbig2-imageio-3.0.0.jar:/home/nakul/eclipse-workspace/Tess4J/lib/jboss-vfs-3.2.12.Final.jar:/home/nakul/eclipse-workspace/Tess4J/lib/jcl-over-slf4j-1.7.25.jar:/home/nakul/eclipse-workspace/Tess4J/lib/jna-4.1.0.jar:/home/nakul/eclipse-workspace/Tess4J/lib/jul-to-slf4j-1.7.25.jar:/home/nakul/eclipse-workspace/Tess4J/lib/junit-4.12.jar:/home/nakul/eclipse-workspace/Tess4J/lib/lept4j-1.6.4.jar:/home/nakul/eclipse-workspace/Tess4J/lib/log4j-1.2.17.jar:/home/nakul/eclipse-workspace/Tess4J/lib/log4j-over-slf4j-1.7.25.jar:/home/nakul/eclipse-workspace/Tess4J/lib/logback-classic-1.2.3.jar:/home/nakul/eclipse-workspace/Tess4J/lib/logback-core-1.2.3.jar:/home/nakul/eclipse-workspace/Tess4J/lib/pdfbox-2.0.9.jar:/home/nakul/eclipse-workspace/Tess4J/lib/pdfbox-tools-2.0.9.jar:/home/nakul/eclipse-workspace/Tess4J/lib/slf4j-api-1.7.25.jar:/home/nakul/eclipse-workspace/Tess4J/lib/xmlgraphics-comm
Launcher Type: SUN_STANDARD

[Global flags]
     intx CICompilerCount                          = 3                                         {product} {ergonomic}
     uint ConcGCThreads                            = 1                                         {product} {ergonomic}
     uint G1ConcRefinementThreads                  = 4                                         {product} {ergonomic}
   size_t G1HeapRegionSize                         = 1048576                                   {product} {ergonomic}
    uintx GCDrainStackTargetSize                   = 64                                        {product} {ergonomic}
   size_t InitialHeapSize                          = 62914560                                  {product} {ergonomic}
   size_t MarkStackSize                            = 4194304                                   {product} {ergonomic}
   size_t MaxHeapSize                              = 1002438656                                {product} {ergonomic}
   size_t MaxNewSize                               = 600834048                                 {product} {ergonomic}
   size_t MinHeapDeltaBytes                        = 1048576                                   {product} {ergonomic}
    uintx NonNMethodCodeHeapSize                   = 5830732                                {pd product} {ergonomic}
    uintx NonProfiledCodeHeapSize                  = 122913754                              {pd product} {ergonomic}
    uintx ProfiledCodeHeapSize                     = 122913754                              {pd product} {ergonomic}
    uintx ReservedCodeCacheSize                    = 251658240                              {pd product} {ergonomic}
     bool SegmentedCodeCache                       = true                                      {product} {ergonomic}
     bool UseCompressedClassPointers               = true                                 {lp64_product} {ergonomic}
     bool UseCompressedOops                        = true                                 {lp64_product} {ergonomic}
     bool UseG1GC                                  = true                                      {product} {ergonomic}

Logging:
Log output configuration:
 #0: stdout all=warning uptime,level,tags
 #1: stderr all=off uptime,level,tags

Environment Variables:
PATH=/usr/local/sbin:/usr/local/bin:/usr/sbin:/usr/bin:/sbin:/bin:/usr/games:/usr/local/games:/snap/bin
SHELL=/bin/bash
DISPLAY=:0

Signal Handlers:
SIGSEGV: [libjvm.so+0xdf8d00], sa_mask[0]=11111111011111111101111111111110, sa_flags=SA_RESTART|SA_SIGINFO
SIGBUS: [libjvm.so+0xdf8d00], sa_mask[0]=11111111011111111101111111111110, sa_flags=SA_RESTART|SA_SIGINFO
SIGFPE: [libjvm.so+0xdf8d00], sa_mask[0]=11111111011111111101111111111110, sa_flags=SA_RESTART|SA_SIGINFO
SIGPIPE: [libjvm.so+0xbcbc30], sa_mask[0]=11111111011111111101111111111110, sa_flags=SA_RESTART|SA_SIGINFO
SIGXFSZ: [libjvm.so+0xbcbc30], sa_mask[0]=11111111011111111101111111111110, sa_flags=SA_RESTART|SA_SIGINFO
SIGILL: [libjvm.so+0xdf8d00], sa_mask[0]=11111111011111111101111111111110, sa_flags=SA_RESTART|SA_SIGINFO
SIGUSR2: [libjvm.so+0xbcbad0], sa_mask[0]=00100000000000000000000000000000, sa_flags=SA_RESTART|SA_SIGINFO
SIGHUP: [libjvm.so+0xbcbe30], sa_mask[0]=11111111011111111101111111111110, sa_flags=SA_RESTART|SA_SIGINFO
SIGINT: [libjvm.so+0xbcbe30], sa_mask[0]=11111111011111111101111111111110, sa_flags=SA_RESTART|SA_SIGINFO
SIGTERM: [libjvm.so+0xbcbe30], sa_mask[0]=11111111011111111101111111111110, sa_flags=SA_RESTART|SA_SIGINFO
SIGQUIT: [libjvm.so+0xbcbe30], sa_mask[0]=11111111011111111101111111111110, sa_flags=SA_RESTART|SA_SIGINFO


---------------  S Y S T E M  ---------------

OS:DISTRIB_ID=Ubuntu
DISTRIB_RELEASE=18.04
DISTRIB_CODENAME=bionic
DISTRIB_DESCRIPTION="Ubuntu 18.04.3 LTS"
uname:Linux 5.3.0-42-generic #34~18.04.1-Ubuntu SMP Fri Feb 28 13:42:26 UTC 2020 x86_64
OS uptime: 0 days 2:44 hours
libc:glibc 2.27 NPTL 2.27 
rlimit: STACK 8192k, CORE 0k, NPROC 15078, NOFILE 4096, AS infinity, CPU infinity, DATA infinity, FSIZE infinity
load average:1.30 1.05 1.03

/proc/meminfo:
MemTotal:        3907988 kB
MemFree:          116384 kB
MemAvailable:     675904 kB
Buffers:           64492 kB
Cached:           948108 kB
SwapCached:        11956 kB
Active:          2592476 kB
Inactive:         845176 kB
Active(anon):    2112076 kB
Inactive(anon):   597732 kB
Active(file):     480400 kB
Inactive(file):   247444 kB
Unevictable:       13780 kB
Mlocked:              64 kB
SwapTotal:       2097148 kB
SwapFree:        1881084 kB
Dirty:              9304 kB
Writeback:             0 kB
AnonPages:       2429552 kB
Mapped:           523784 kB
Shmem:            284756 kB
KReclaimable:      84624 kB
Slab:             195944 kB
SReclaimable:      84624 kB
SUnreclaim:       111320 kB
KernelStack:       19664 kB
PageTables:        68128 kB
NFS_Unstable:          0 kB
Bounce:                0 kB
WritebackTmp:          0 kB
CommitLimit:     4051140 kB
Committed_AS:   10245544 kB
VmallocTotal:   34359738367 kB
VmallocUsed:       35016 kB
VmallocChunk:          0 kB
Percpu:             2944 kB
HardwareCorrupted:     0 kB
AnonHugePages:         0 kB
ShmemHugePages:        0 kB
ShmemPmdMapped:        0 kB
CmaTotal:              0 kB
CmaFree:               0 kB
HugePages_Total:       0
HugePages_Free:        0
HugePages_Rsvd:        0
HugePages_Surp:        0
Hugepagesize:       2048 kB
Hugetlb:               0 kB
DirectMap4k:      298044 kB
DirectMap2M:     3774464 kB


/proc/sys/kernel/threads-max (system-wide limit on the number of threads):
30157


/proc/sys/vm/max_map_count (maximum number of memory map areas a process may have):
65530


/proc/sys/kernel/pid_max (system-wide limit on number of process identifiers):
32768



container (cgroup) information:
container_type: cgroupv1
cpu_cpuset_cpus: 0-3
cpu_memory_nodes: 0
active_processor_count: 4
cpu_quota: -1
cpu_period: 100000
cpu_shares: -1
memory_limit_in_bytes: -1
memory_and_swap_limit_in_bytes: -2
memory_soft_limit_in_bytes: -1
memory_usage_in_bytes: 3420065792
memory_max_usage_in_bytes: 3529879552

Steal ticks since vm start: 0
Steal ticks percentage since vm start:  0.000

CPU:total 4 (initial active 4) (2 cores per cpu, 2 threads per core) family 6 model 42 stepping 7, cmov, cx8, fxsr, mmx, sse, sse2, sse3, ssse3, sse4.1, sse4.2, popcnt, avx, aes, clmul, ht, tsc, tscinvbit
CPU Model and flags from /proc/cpuinfo:
model name	: Intel(R) Core(TM) i5-2520M CPU @ 2.50GHz
flags		: fpu vme de pse tsc msr pae mce cx8 apic sep mtrr pge mca cmov pat pse36 clflush dts acpi mmx fxsr sse sse2 ht tm pbe syscall nx rdtscp lm constant_tsc arch_perfmon pebs bts rep_good nopl xtopology nonstop_tsc cpuid aperfmperf pni pclmulqdq dtes64 monitor ds_cpl vmx smx est tm2 ssse3 cx16 xtpr pdcm pcid sse4_1 sse4_2 x2apic popcnt tsc_deadline_timer aes xsave avx lahf_lm epb pti tpr_shadow vnmi flexpriority ept vpid xsaveopt dtherm ida arat pln pts

Memory: 4k page, physical 3907988k(116384k free), swap 2097148k(1881084k free)

vm_info: OpenJDK 64-Bit Server VM (11.0.7+10-post-Ubuntu-2ubuntu218.04) for linux-amd64 JRE (11.0.7+10-post-Ubuntu-2ubuntu218.04), built on Apr 15 2020 21:12:54 by "unknown" with gcc 7.5.0

END.
